#
# A fatal error has been detected by the Java Runtime Environment:
#
#  SIGSEGV (0xb) at pc=0x00007fe7f610dd07, pid=21007, tid=140634623735552
#
# JRE version: OpenJDK Runtime Environment (7.0_51) (build 1.7.0_51-b00)
# Java VM: OpenJDK 64-Bit Server VM (24.45-b08 mixed mode linux-amd64 compressed oops)
# Problematic frame:
# C  [librb_tree.so+0x1d07]  getPrev+0x14
#
# Failed to write core dump. Core dumps have been disabled. To enable core dumping, try "ulimit -c unlimited" before starting Java again
#
# If you would like to submit a bug report, please include
# instructions on how to reproduce the bug and visit:
#   http://icedtea.classpath.org/bugzilla
# The crash happened outside the Java Virtual Machine in native code.
# See problematic frame for where to report the bug.
#

---------------  T H R E A D  ---------------

Current thread (0x00007fe80800a800):  JavaThread "main" [_thread_in_native, id=21032, stack(0x00007fe80caa7000,0x00007fe80cca8000)]

siginfo:si_signo=SIGSEGV: si_errno=0, si_code=1 (SEGV_MAPERR), si_addr=0x0000000000000000

Registers:
RAX=0x0000000000000000, RBX=0x00000000d79ae0e8, RCX=0xffffffffffffffff, RDX=0x00007fe80ec839f0
RSP=0x00007fe80cca5030, RBP=0x00007fe80cca5030, RSI=0x00007fe80c000000, RDI=0x0000000000000000
R8 =0x00007fe80ec839f0, R9 =0x0000000000000020, R10=0x00007fe80cca4de0, R11=0x00007fe7f610dcf3
R12=0x0000000000000000, R13=0x00000000d79ae0e8, R14=0x00007fe80cca5168, R15=0x00007fe80800a800
RIP=0x00007fe7f610dd07, EFLAGS=0x0000000000010202, CSGSFS=0x0000000000000033, ERR=0x0000000000000004
  TRAPNO=0x000000000000000e

Top of Stack: (sp=0x00007fe80cca5030)
0x00007fe80cca5030:   00007fe80cca5080 00007fe7f5f09d98
0x00007fe80cca5040:   4008000000000000 00007fe808384bf0
0x00007fe80cca5050:   00007fe80838e750 00007fe80838e4f0
0x00007fe80cca5060:   00007fe80838e6f0 0000000000000000
0x00007fe80cca5070:   00007fe8049e4233 00000000f777e380
0x00007fe80cca5080:   00007fe8084aa3c0 00007fe7f715ccd9
0x00007fe80cca5090:   00000000d69fc4a3 00000000d79ae0e8
0x00007fe80cca50a0:   00007fe80cca5120 00007fe8049f0738
0x00007fe80cca50b0:   00000000d69fc528 0000000000000000
0x00007fe80cca50c0:   00007fe80cca50e8 00007fe80cca5148
0x00007fe80cca50d0:   00007fe8049e4233 00000000f78d0c38
0x00007fe80cca50e0:   00007fe80cca50e0 0000000000000000
0x00007fe80cca50f0:   00007fe80cca5168 00000000d79b6610
0x00007fe80cca5100:   0000000000000000 00000000d79ae0e8
0x00007fe80cca5110:   0000000000000000 00007fe80cca5140
0x00007fe80cca5120:   00007fe80cca51b0 00007fe8049e4175
0x00007fe80cca5130:   00000000e1174ff0 00007fe8049eccd7
0x00007fe80cca5140:   00007fe808384bf0 00007fe804b41d6c
0x00007fe80cca5150:   00007fe7f5f09bc5 00000000f78d0f70
0x00007fe80cca5160:   00007fe8084aa3c0 0000000000000001
0x00007fe80cca5170:   00007fe80cca5170 00000000d7aaaf4f
0x00007fe80cca5180:   00007fe80cca51e8 00000000d7ab71a8
0x00007fe80cca5190:   00000000d7edd8c0 00000000d7aaaf90
0x00007fe80cca51a0:   00007fe80cca5140 00007fe80cca51c0
0x00007fe80cca51b0:   00007fe80cca5238 00007fe8049e4175
0x00007fe80cca51c0:   00007fe808384bf0 00000000f5b498e8
0x00007fe80cca51d0:   00007fe7f5f09bc5 0000000000000000
0x00007fe80cca51e0:   00000000e105daa8 00000000e11779c8
0x00007fe80cca51f0:   00000000f77fc170 00007fe80cca51f8
0x00007fe80cca5200:   00000000d7edf864 00007fe80cca5280
0x00007fe80cca5210:   00000000d7edfcc0 0000000000000000
0x00007fe80cca5220:   00000000d7edf888 00007fe80cca51c0 

Instructions: (pc=0x00007fe7f610dd07)
0x00007fe7f610dce7:   8b 40 10 eb 05 b8 00 00 00 00 5d c3 55 48 89 e5
0x00007fe7f610dcf7:   48 89 7d e8 48 8b 45 e8 48 89 45 f8 48 8b 45 f8
0x00007fe7f610dd07:   48 8b 00 48 85 c0 74 2c 48 8b 45 f8 48 8b 00 48
0x00007fe7f610dd17:   89 45 f8 eb 0c 48 8b 45 f8 48 8b 40 08 48 89 45 

Register to memory mapping:

RAX=0x0000000000000000 is an unknown value
RBX=0x00000000d79ae0e8 is an oop
{method} 
 - klass: {other class}
RCX=0xffffffffffffffff is an unknown value
RDX=0x00007fe80ec839f0: <offset 0x3c39f0> in /lib/x86_64-linux-gnu/libc.so.6 at 0x00007fe80e8c0000
RSP=0x00007fe80cca5030 is pointing into the stack for thread: 0x00007fe80800a800
RBP=0x00007fe80cca5030 is pointing into the stack for thread: 0x00007fe80800a800
RSI=0x00007fe80c000000 is an unknown value
RDI=0x0000000000000000 is an unknown value
R8 =0x00007fe80ec839f0: <offset 0x3c39f0> in /lib/x86_64-linux-gnu/libc.so.6 at 0x00007fe80e8c0000
R9 =0x0000000000000020 is an unknown value
R10=0x00007fe80cca4de0 is pointing into the stack for thread: 0x00007fe80800a800
R11=0x00007fe7f610dcf3: getPrev+0 in lib/librb_tree.so at 0x00007fe7f610c000
R12=0x0000000000000000 is an unknown value
R13=0x00000000d79ae0e8 is an oop
{method} 
 - klass: {other class}
R14=0x00007fe80cca5168 is pointing into the stack for thread: 0x00007fe80800a800
R15=0x00007fe80800a800 is a thread


Stack: [0x00007fe80caa7000,0x00007fe80cca8000],  sp=0x00007fe80cca5030,  free space=2040k
Native frames: (J=compiled Java code, j=interpreted, Vv=VM code, C=native code)
C  [librb_tree.so+0x1d07]  getPrev+0x14
C  [libintersection.so+0xd98]  find_intersections+0x1d3

Java frames: (J=compiled Java code, j=interpreted, Vv=VM code)
j  com.kenai.jffi.Foreign.invokeL1(JJJ)J+0
j  com.kenai.jffi.Invoker.invokeL1(Lcom/kenai/jffi/CallContext;JJ)J+7
j  org.jruby.ext.ffi.jffi.NativeInvoker$ffi$8.call(Lorg/jruby/runtime/ThreadContext;Lorg/jruby/runtime/builtin/IRubyObject;Lorg/jruby/RubyModule;Ljava/lang/String;Lorg/jruby/runtime/builtin/IRubyObject;)Lorg/jruby/runtime/builtin/IRubyObject;+76
j  org.jruby.runtime.callsite.CachingCallSite.cacheAndCall(Lorg/jruby/runtime/builtin/IRubyObject;Lorg/jruby/RubyClass;Lorg/jruby/runtime/ThreadContext;Lorg/jruby/runtime/builtin/IRubyObject;Lorg/jruby/runtime/builtin/IRubyObject;)Lorg/jruby/runtime/builtin/IRubyObject;+57
J  org.jruby.runtime.callsite.CachingCallSite.call(Lorg/jruby/runtime/ThreadContext;Lorg/jruby/runtime/builtin/IRubyObject;Lorg/jruby/runtime/builtin/IRubyObject;Lorg/jruby/runtime/builtin/IRubyObject;)Lorg/jruby/runtime/builtin/IRubyObject;
J  org.jruby.ast.CallOneArgNode.interpret(Lorg/jruby/Ruby;Lorg/jruby/runtime/ThreadContext;Lorg/jruby/runtime/builtin/IRubyObject;Lorg/jruby/runtime/Block;)Lorg/jruby/runtime/builtin/IRubyObject;
j  org.jruby.ast.LocalAsgnNode.interpret(Lorg/jruby/Ruby;Lorg/jruby/runtime/ThreadContext;Lorg/jruby/runtime/builtin/IRubyObject;Lorg/jruby/runtime/Block;)Lorg/jruby/runtime/builtin/IRubyObject;+30
J  org.jruby.ast.BlockNode.interpret(Lorg/jruby/Ruby;Lorg/jruby/runtime/ThreadContext;Lorg/jruby/runtime/builtin/IRubyObject;Lorg/jruby/runtime/Block;)Lorg/jruby/runtime/builtin/IRubyObject;
j  org.jruby.evaluator.ASTInterpreter.INTERPRET_METHOD(Lorg/jruby/Ruby;Lorg/jruby/runtime/ThreadContext;Ljava/lang/String;ILorg/jruby/RubyModule;Lorg/jruby/ast/Node;Ljava/lang/String;Lorg/jruby/runtime/builtin/IRubyObject;Lorg/jruby/runtime/Block;Z)Lorg/jruby/runtime/builtin/IRubyObject;+30
j  org.jruby.internal.runtime.methods.InterpretedMethod.call(Lorg/jruby/runtime/ThreadContext;Lorg/jruby/runtime/builtin/IRubyObject;Lorg/jruby/RubyModule;Ljava/lang/String;)Lorg/jruby/runtime/builtin/IRubyObject;+80
j  org.jruby.internal.runtime.methods.DefaultMethod.call(Lorg/jruby/runtime/ThreadContext;Lorg/jruby/runtime/builtin/IRubyObject;Lorg/jruby/RubyModule;Ljava/lang/String;)Lorg/jruby/runtime/builtin/IRubyObject;+20
J  org.jruby.ast.CallNoArgNode.interpret(Lorg/jruby/Ruby;Lorg/jruby/runtime/ThreadContext;Lorg/jruby/runtime/builtin/IRubyObject;Lorg/jruby/runtime/Block;)Lorg/jruby/runtime/builtin/IRubyObject;
j  org.jruby.ast.FCallTwoArgNode.interpret(Lorg/jruby/Ruby;Lorg/jruby/runtime/ThreadContext;Lorg/jruby/runtime/builtin/IRubyObject;Lorg/jruby/runtime/Block;)Lorg/jruby/runtime/builtin/IRubyObject;+28
J  org.jruby.ast.BlockNode.interpret(Lorg/jruby/Ruby;Lorg/jruby/runtime/ThreadContext;Lorg/jruby/runtime/builtin/IRubyObject;Lorg/jruby/runtime/Block;)Lorg/jruby/runtime/builtin/IRubyObject;
j  org.jruby.evaluator.ASTInterpreter.INTERPRET_METHOD(Lorg/jruby/Ruby;Lorg/jruby/runtime/ThreadContext;Ljava/lang/String;ILorg/jruby/RubyModule;Lorg/jruby/ast/Node;Ljava/lang/String;Lorg/jruby/runtime/builtin/IRubyObject;Lorg/jruby/runtime/Block;Z)Lorg/jruby/runtime/builtin/IRubyObject;+30
j  org.jruby.internal.runtime.methods.InterpretedMethod.call(Lorg/jruby/runtime/ThreadContext;Lorg/jruby/runtime/builtin/IRubyObject;Lorg/jruby/RubyModule;Ljava/lang/String;)Lorg/jruby/runtime/builtin/IRubyObject;+80
j  org.jruby.internal.runtime.methods.DefaultMethod.call(Lorg/jruby/runtime/ThreadContext;Lorg/jruby/runtime/builtin/IRubyObject;Lorg/jruby/RubyModule;Ljava/lang/String;)Lorg/jruby/runtime/builtin/IRubyObject;+20
j  org.jruby.runtime.callsite.CachingCallSite.cacheAndCall(Lorg/jruby/runtime/builtin/IRubyObject;Lorg/jruby/RubyClass;Lorg/jruby/runtime/ThreadContext;Lorg/jruby/runtime/builtin/IRubyObject;)Lorg/jruby/runtime/builtin/IRubyObject;+53
j  org.jruby.runtime.callsite.CachingCallSite.call(Lorg/jruby/runtime/ThreadContext;Lorg/jruby/runtime/builtin/IRubyObject;Lorg/jruby/runtime/builtin/IRubyObject;)Lorg/jruby/runtime/builtin/IRubyObject;+46
j  Makefile.method__3$RUBY$test(LMakefile;Lorg/jruby/runtime/ThreadContext;Lorg/jruby/runtime/builtin/IRubyObject;Lorg/jruby/runtime/Block;)Lorg/jruby/runtime/builtin/IRubyObject;+130
j  Makefile$method__3$RUBY$test.call(Lorg/jruby/runtime/ThreadContext;Lorg/jruby/runtime/builtin/IRubyObject;Lorg/jruby/RubyModule;Ljava/lang/String;Lorg/jruby/runtime/Block;)Lorg/jruby/runtime/builtin/IRubyObject;+17
j  org.jruby.RubyClass.finvoke(Lorg/jruby/runtime/ThreadContext;Lorg/jruby/runtime/builtin/IRubyObject;Ljava/lang/String;Lorg/jruby/runtime/Block;)Lorg/jruby/runtime/builtin/IRubyObject;+41
j  org.jruby.RubyBasicObject.send19(Lorg/jruby/runtime/ThreadContext;Lorg/jruby/runtime/builtin/IRubyObject;Lorg/jruby/runtime/Block;)Lorg/jruby/runtime/builtin/IRubyObject;+15
j  org.jruby.RubyKernel.send19(Lorg/jruby/runtime/ThreadContext;Lorg/jruby/runtime/builtin/IRubyObject;Lorg/jruby/runtime/builtin/IRubyObject;Lorg/jruby/runtime/Block;)Lorg/jruby/runtime/builtin/IRubyObject;+7
j  org.jruby.RubyKernel$INVOKER$s$send19.call(Lorg/jruby/runtime/ThreadContext;Lorg/jruby/runtime/builtin/IRubyObject;Lorg/jruby/RubyModule;Ljava/lang/String;Lorg/jruby/runtime/builtin/IRubyObject;Lorg/jruby/runtime/Block;)Lorg/jruby/runtime/builtin/IRubyObject;+6
j  org.jruby.internal.runtime.methods.JavaMethod$JavaMethodOneOrNBlock.call(Lorg/jruby/runtime/ThreadContext;Lorg/jruby/runtime/builtin/IRubyObject;Lorg/jruby/RubyModule;Ljava/lang/String;Lorg/jruby/runtime/builtin/IRubyObject;)Lorg/jruby/runtime/builtin/IRubyObject;+11
j  org.jruby.runtime.callsite.CachingCallSite.call(Lorg/jruby/runtime/ThreadContext;Lorg/jruby/runtime/builtin/IRubyObject;Lorg/jruby/runtime/builtin/IRubyObject;Lorg/jruby/runtime/builtin/IRubyObject;)Lorg/jruby/runtime/builtin/IRubyObject;+38
j  Makefile.block_7$RUBY$__file__(LMakefile;Lorg/jruby/runtime/ThreadContext;Lorg/jruby/runtime/builtin/IRubyObject;[Lorg/jruby/runtime/builtin/IRubyObject;Lorg/jruby/runtime/Block;)Lorg/jruby/runtime/builtin/IRubyObject;+46
j  Makefile$block_7$RUBY$__file__.call(Lorg/jruby/runtime/ThreadContext;Lorg/jruby/runtime/builtin/IRubyObject;[Lorg/jruby/runtime/builtin/IRubyObject;Lorg/jruby/runtime/Block;)Lorg/jruby/runtime/builtin/IRubyObject;+9
j  org.jruby.runtime.CompiledBlock19.yield(Lorg/jruby/runtime/ThreadContext;Lorg/jruby/runtime/builtin/IRubyObject;Lorg/jruby/runtime/Binding;Lorg/jruby/runtime/Block$Type;)Lorg/jruby/runtime/builtin/IRubyObject;+52
j  org.jruby.runtime.Block.yield(Lorg/jruby/runtime/ThreadContext;Lorg/jruby/runtime/builtin/IRubyObject;)Lorg/jruby/runtime/builtin/IRubyObject;+14
j  org.jruby.RubyArray.eachCommon(Lorg/jruby/runtime/ThreadContext;Lorg/jruby/runtime/Block;)Lorg/jruby/runtime/builtin/IRubyObject;+41
j  org.jruby.RubyArray.each(Lorg/jruby/runtime/ThreadContext;Lorg/jruby/runtime/Block;)Lorg/jruby/runtime/builtin/IRubyObject;+10
j  org.jruby.RubyArray$INVOKER$i$0$0$each.call(Lorg/jruby/runtime/ThreadContext;Lorg/jruby/runtime/builtin/IRubyObject;Lorg/jruby/RubyModule;Ljava/lang/String;Lorg/jruby/runtime/Block;)Lorg/jruby/runtime/builtin/IRubyObject;+7
j  org.jruby.runtime.callsite.CachingCallSite.cacheAndCall(Lorg/jruby/runtime/builtin/IRubyObject;Lorg/jruby/RubyClass;Lorg/jruby/runtime/Block;Lorg/jruby/runtime/ThreadContext;Lorg/jruby/runtime/builtin/IRubyObject;)Lorg/jruby/runtime/builtin/IRubyObject;+57
j  org.jruby.runtime.callsite.CachingCallSite.callBlock(Lorg/jruby/runtime/ThreadContext;Lorg/jruby/runtime/builtin/IRubyObject;Lorg/jruby/runtime/builtin/IRubyObject;Lorg/jruby/runtime/Block;)Lorg/jruby/runtime/builtin/IRubyObject;+50
j  org.jruby.runtime.callsite.CachingCallSite.callIter(Lorg/jruby/runtime/ThreadContext;Lorg/jruby/runtime/builtin/IRubyObject;Lorg/jruby/runtime/builtin/IRubyObject;Lorg/jruby/runtime/Block;)Lorg/jruby/runtime/builtin/IRubyObject;+6
j  Makefile.__file__(LMakefile;Lorg/jruby/runtime/ThreadContext;Lorg/jruby/runtime/builtin/IRubyObject;[Lorg/jruby/runtime/builtin/IRubyObject;Lorg/jruby/runtime/Block;)Lorg/jruby/runtime/builtin/IRubyObject;+938
j  Makefile.load(Lorg/jruby/runtime/ThreadContext;Lorg/jruby/runtime/builtin/IRubyObject;Z)Lorg/jruby/runtime/builtin/IRubyObject;+22
j  org.jruby.Ruby.runScript(Lorg/jruby/ast/executable/Script;Z)Lorg/jruby/runtime/builtin/IRubyObject;+12
j  org.jruby.Ruby.runScript(Lorg/jruby/ast/executable/Script;)Lorg/jruby/runtime/builtin/IRubyObject;+3
j  org.jruby.Ruby.runNormally(Lorg/jruby/ast/Node;)Lorg/jruby/runtime/builtin/IRubyObject;+73
j  org.jruby.Ruby.runFromMain(Ljava/io/InputStream;Ljava/lang/String;)V+320
j  org.jruby.Main.doRunFromMain(Lorg/jruby/Ruby;Ljava/io/InputStream;Ljava/lang/String;)Lorg/jruby/Main$Status;+12
j  org.jruby.Main.internalRun()Lorg/jruby/Main$Status;+234
j  org.jruby.Main.run([Ljava/lang/String;)Lorg/jruby/Main$Status;+9
j  org.jruby.Main.main([Ljava/lang/String;)V+35
v  ~StubRoutines::call_stub

---------------  P R O C E S S  ---------------

Java Threads: ( => current thread )
  0x00007fe808376800 JavaThread "JRubyJIT-2" daemon [_thread_blocked, id=21168, stack(0x00007fe7f6918000,0x00007fe7f6b19000)]
  0x00007fe808370000 JavaThread "process reaper" daemon [_thread_blocked, id=21048, stack(0x00007fe7f6f1b000,0x00007fe7f6f54000)]
  0x00007fe8081bf000 JavaThread "JRubyJIT-1" daemon [_thread_blocked, id=21045, stack(0x00007fe7f6f54000,0x00007fe7f7155000)]
  0x00007fe8080ae000 JavaThread "Service Thread" daemon [_thread_blocked, id=21043, stack(0x00007fe7fcbf5000,0x00007fe7fcdf6000)]
  0x00007fe8080ab800 JavaThread "C2 CompilerThread1" daemon [_thread_in_native, id=21042, stack(0x00007fe7fcdf6000,0x00007fe7fcef7000)]
  0x00007fe8080a8800 JavaThread "C2 CompilerThread0" daemon [_thread_in_native, id=21041, stack(0x00007fe7fcef7000,0x00007fe7fcff8000)]
  0x00007fe8080a6800 JavaThread "Signal Dispatcher" daemon [_thread_blocked, id=21040, stack(0x00007fe7fcff8000,0x00007fe7fd1f9000)]
  0x00007fe808082800 JavaThread "Finalizer" daemon [_thread_blocked, id=21039, stack(0x00007fe7fd5f3000,0x00007fe7fd7f4000)]
  0x00007fe808080800 JavaThread "Reference Handler" daemon [_thread_blocked, id=21038, stack(0x00007fe7fd7f4000,0x00007fe7fd9f5000)]
=>0x00007fe80800a800 JavaThread "main" [_thread_in_native, id=21032, stack(0x00007fe80caa7000,0x00007fe80cca8000)]

Other Threads:
  0x00007fe80807c800 VMThread [stack: 0x00007fe7fd9f5000,0x00007fe7fdaf6000] [id=21037]
  0x00007fe8080b8800 WatcherThread [stack: 0x00007fe7fcaf4000,0x00007fe7fcbf5000] [id=21044]

VM state:not at safepoint (normal execution)

VM Mutex/Monitor currently owned by a thread: None

Heap
 PSYoungGen      total 32768K, used 4617K [0x00000000f5900000, 0x00000000f9900000, 0x0000000100000000)
  eden space 30720K, 8% used [0x00000000f5900000,0x00000000f5b851e8,0x00000000f7700000)
  from space 2048K, 99% used [0x00000000f7700000,0x00000000f78fd528,0x00000000f7900000)
  to   space 2048K, 0% used [0x00000000f9700000,0x00000000f9700000,0x00000000f9900000)
 ParOldGen       total 38400K, used 8896K [0x00000000e0c00000, 0x00000000e3180000, 0x00000000f5900000)
  object space 38400K, 23% used [0x00000000e0c00000,0x00000000e14b0090,0x00000000e3180000)
 PSPermGen       total 25600K, used 25476K [0x00000000d6600000, 0x00000000d7f00000, 0x00000000e0c00000)
  object space 25600K, 99% used [0x00000000d6600000,0x00000000d7ee13e0,0x00000000d7f00000)

Card table byte_map: [0x00007fe804890000,0x00007fe8049de000] byte_map_base: 0x00007fe8041dd000

Polling page: 0x00007fe80f0b5000

Code Cache  [0x00007fe8049de000, 0x00007fe804c4e000, 0x00007fe8079de000)
 total_blobs=958 nmethods=479 adapters=433 free_code_cache=47619Kb largest_free_block=48733696

Compilation events (10 events):
Event: 10,374 Thread 0x00007fe8080ab800 nmethod 508 0x00007fe804b5db50 code [0x00007fe804b5dd00, 0x00007fe804b5e138]
Event: 10,374 Thread 0x00007fe8080ab800  512             org.jruby.runtime.ivars.VariableAccessorField::getVariableAccessorForRead (5 bytes)
Event: 10,375 Thread 0x00007fe8080ab800 nmethod 512 0x00007fe804b5d8d0 code [0x00007fe804b5da00, 0x00007fe804b5da58]
Event: 10,375 Thread 0x00007fe8080ab800  513             org.jruby.runtime.callsite.CachingCallSite::call (12 bytes)
Event: 10,394 Thread 0x00007fe8080a8800 nmethod 511 0x00007fe804b60c10 code [0x00007fe804b60da0, 0x00007fe804b61188]
Event: 10,394 Thread 0x00007fe8080a8800  514             org.jruby.RubyClass::newInstance (26 bytes)
Event: 10,399 Thread 0x00007fe8080ab800 nmethod 513 0x00007fe804b633d0 code [0x00007fe804b63560, 0x00007fe804b63948]
Event: 10,399 Thread 0x00007fe8080ab800  515             org.jruby.ext.ffi.Type::getNativeSize (5 bytes)
Event: 10,400 Thread 0x00007fe8080ab800 nmethod 515 0x00007fe804b5aa50 code [0x00007fe804b5ab80, 0x00007fe804b5abd8]
Event: 10,400 Thread 0x00007fe8080ab800  516             org.jruby.ext.ffi.MappedType::fromNative (22 bytes)

GC Heap History (6 events):
Event: 3,410 GC heap before
{Heap before GC invocations=1 (full 0):
 PSYoungGen      total 17408K, used 15360K [0x00000000f5900000, 0x00000000f6c00000, 0x0000000100000000)
  eden space 15360K, 100% used [0x00000000f5900000,0x00000000f6800000,0x00000000f6800000)
  from space 2048K, 0% used [0x00000000f6a00000,0x00000000f6a00000,0x00000000f6c00000)
  to   space 2048K, 0% used [0x00000000f6800000,0x00000000f6800000,0x00000000f6a00000)
 ParOldGen       total 38400K, used 0K [0x00000000e0c00000, 0x00000000e3180000, 0x00000000f5900000)
  object space 38400K, 0% used [0x00000000e0c00000,0x00000000e0c00000,0x00000000e3180000)
 PSPermGen       total 21504K, used 18949K [0x00000000d6600000, 0x00000000d7b00000, 0x00000000e0c00000)
  object space 21504K, 88% used [0x00000000d6600000,0x00000000d78816c8,0x00000000d7b00000)
Event: 3,457 GC heap after
Heap after GC invocations=1 (full 0):
 PSYoungGen      total 17408K, used 2037K [0x00000000f5900000, 0x00000000f7b00000, 0x0000000100000000)
  eden space 15360K, 0% used [0x00000000f5900000,0x00000000f5900000,0x00000000f6800000)
  from space 2048K, 99% used [0x00000000f6800000,0x00000000f69fd4d8,0x00000000f6a00000)
  to   space 2048K, 0% used [0x00000000f7900000,0x00000000f7900000,0x00000000f7b00000)
 ParOldGen       total 38400K, used 3772K [0x00000000e0c00000, 0x00000000e3180000, 0x00000000f5900000)
  object space 38400K, 9% used [0x00000000e0c00000,0x00000000e0faf028,0x00000000e3180000)
 PSPermGen       total 21504K, used 18949K [0x00000000d6600000, 0x00000000d7b00000, 0x00000000e0c00000)
  object space 21504K, 88% used [0x00000000d6600000,0x00000000d78816c8,0x00000000d7b00000)
}
Event: 6,062 GC heap before
{Heap before GC invocations=2 (full 0):
 PSYoungGen      total 17408K, used 17397K [0x00000000f5900000, 0x00000000f7b00000, 0x0000000100000000)
  eden space 15360K, 100% used [0x00000000f5900000,0x00000000f6800000,0x00000000f6800000)
  from space 2048K, 99% used [0x00000000f6800000,0x00000000f69fd4d8,0x00000000f6a00000)
  to   space 2048K, 0% used [0x00000000f7900000,0x00000000f7900000,0x00000000f7b00000)
 ParOldGen       total 38400K, used 3772K [0x00000000e0c00000, 0x00000000e3180000, 0x00000000f5900000)
  object space 38400K, 9% used [0x00000000e0c00000,0x00000000e0faf028,0x00000000e3180000)
 PSPermGen       total 23552K, used 23439K [0x00000000d6600000, 0x00000000d7d00000, 0x00000000e0c00000)
  object space 23552K, 99% used [0x00000000d6600000,0x00000000d7ce3c70,0x00000000d7d00000)
Event: 6,181 GC heap after
Heap after GC invocations=2 (full 0):
 PSYoungGen      total 32768K, used 2021K [0x00000000f5900000, 0x00000000f7b00000, 0x0000000100000000)
  eden space 30720K, 0% used [0x00000000f5900000,0x00000000f5900000,0x00000000f7700000)
  from space 2048K, 98% used [0x00000000f7900000,0x00000000f7af9518,0x00000000f7b00000)
  to   space 2048K, 0% used [0x00000000f7700000,0x00000000f7700000,0x00000000f7900000)
 ParOldGen       total 38400K, used 5907K [0x00000000e0c00000, 0x00000000e3180000, 0x00000000f5900000)
  object space 38400K, 15% used [0x00000000e0c00000,0x00000000e11c4e30,0x00000000e3180000)
 PSPermGen       total 23552K, used 23439K [0x00000000d6600000, 0x00000000d7d00000, 0x00000000e0c00000)
  object space 23552K, 99% used [0x00000000d6600000,0x00000000d7ce3c70,0x00000000d7d00000)
}
Event: 10,103 GC heap before
{Heap before GC invocations=3 (full 0):
 PSYoungGen      total 32768K, used 32741K [0x00000000f5900000, 0x00000000f7b00000, 0x0000000100000000)
  eden space 30720K, 100% used [0x00000000f5900000,0x00000000f7700000,0x00000000f7700000)
  from space 2048K, 98% used [0x00000000f7900000,0x00000000f7af9518,0x00000000f7b00000)
  to   space 2048K, 0% used [0x00000000f7700000,0x00000000f7700000,0x00000000f7900000)
 ParOldGen       total 38400K, used 5907K [0x00000000e0c00000, 0x00000000e3180000, 0x00000000f5900000)
  object space 38400K, 15% used [0x00000000e0c00000,0x00000000e11c4e30,0x00000000e3180000)
 PSPermGen       total 25600K, used 25467K [0x00000000d6600000, 0x00000000d7f00000, 0x00000000e0c00000)
  object space 25600K, 99% used [0x00000000d6600000,0x00000000d7edee48,0x00000000d7f00000)
Event: 10,143 GC heap after
Heap after GC invocations=3 (full 0):
 PSYoungGen      total 32768K, used 2037K [0x00000000f5900000, 0x00000000f9900000, 0x0000000100000000)
  eden space 30720K, 0% used [0x00000000f5900000,0x00000000f5900000,0x00000000f7700000)
  from space 2048K, 99% used [0x00000000f7700000,0x00000000f78fd528,0x00000000f7900000)
  to   space 2048K, 0% used [0x00000000f9700000,0x00000000f9700000,0x00000000f9900000)
 ParOldGen       total 38400K, used 8896K [0x00000000e0c00000, 0x00000000e3180000, 0x00000000f5900000)
  object space 38400K, 23% used [0x00000000e0c00000,0x00000000e14b0090,0x00000000e3180000)
 PSPermGen       total 25600K, used 25467K [0x00000000d6600000, 0x00000000d7f00000, 0x00000000e0c00000)
  object space 25600K, 99% used [0x00000000d6600000,0x00000000d7edee48,0x00000000d7f00000)
}

Deoptimization events (10 events):
Event: 10,384 Thread 0x00007fe80800a800 Uncommon trap: reason=class_check action=maybe_recompile pc=0x00007fe804ae83b8 method=org.jruby.RubyArray.compare(Lorg/jruby/runtime/ThreadContext;Lorg/jruby/runtime/invokedynamic/MethodNames;Lorg/jruby/runtime/builtin/IRubyObject;)Lorg/jruby/RubyBoolean;
Event: 10,387 Thread 0x00007fe80800a800 Uncommon trap: reason=class_check action=maybe_recompile pc=0x00007fe804b40c84 method=org.jruby.ext.ffi.StructByReference.to_native(Lorg/jruby/runtime/ThreadContext;Lorg/jruby/runtime/builtin/IRubyObject;Lorg/jruby/runtime/builtin/IRubyObject;)Lorg/jruby/
Event: 10,390 Thread 0x00007fe80800a800 Uncommon trap: reason=bimorphic action=maybe_recompile pc=0x00007fe804b5dfc8 method=org.jruby.RubyClass.allocate()Lorg/jruby/runtime/builtin/IRubyObject; @ 54
Event: 10,390 Thread 0x00007fe80800a800 Uncommon trap: reason=bimorphic action=maybe_recompile pc=0x00007fe804b5dfc8 method=org.jruby.RubyClass.allocate()Lorg/jruby/runtime/builtin/IRubyObject; @ 54
Event: 10,390 Thread 0x00007fe80800a800 Uncommon trap: reason=class_check action=maybe_recompile pc=0x00007fe804b4d664 method=org.jruby.runtime.ivars.VariableAccessor.get(Ljava/lang/Object;)Ljava/lang/Object; @ 1
Event: 10,390 Thread 0x00007fe80800a800 Uncommon trap: reason=class_check action=maybe_recompile pc=0x00007fe804b4d664 method=org.jruby.runtime.ivars.VariableAccessor.get(Ljava/lang/Object;)Ljava/lang/Object; @ 1
Event: 10,390 Thread 0x00007fe80800a800 Uncommon trap: reason=class_check action=maybe_recompile pc=0x00007fe804b4d664 method=org.jruby.runtime.ivars.VariableAccessor.get(Ljava/lang/Object;)Ljava/lang/Object; @ 1
Event: 10,390 Thread 0x00007fe80800a800 Uncommon trap: reason=class_check action=maybe_recompile pc=0x00007fe804b4d664 method=org.jruby.runtime.ivars.VariableAccessor.get(Ljava/lang/Object;)Ljava/lang/Object; @ 1
Event: 10,391 Thread 0x00007fe80800a800 Uncommon trap: reason=bimorphic action=maybe_recompile pc=0x00007fe804b5dfc8 method=org.jruby.RubyClass.allocate()Lorg/jruby/runtime/builtin/IRubyObject; @ 54
Event: 10,391 Thread 0x00007fe80800a800 Uncommon trap: reason=bimorphic action=maybe_recompile pc=0x00007fe804b5dfc8 method=org.jruby.RubyClass.allocate()Lorg/jruby/runtime/builtin/IRubyObject; @ 54

Internal exceptions (10 events):
Event: 8,952 Thread 0x00007fe80800a800 Threw 0x00000000f714d6e0 at /build/buildd/openjdk-7-7u51-2.4.4/build/openjdk/hotspot/src/share/vm/prims/jvm.cpp:1244
Event: 8,952 Thread 0x00007fe80800a800 Threw 0x00000000f714e190 at /build/buildd/openjdk-7-7u51-2.4.4/build/openjdk/hotspot/src/share/vm/prims/jvm.cpp:1244
Event: 8,955 Thread 0x00007fe80800a800 Threw 0x00000000f7159d00 at /build/buildd/openjdk-7-7u51-2.4.4/build/openjdk/hotspot/src/share/vm/prims/jvm.cpp:1244
Event: 8,955 Thread 0x00007fe80800a800 Threw 0x00000000f715bdc0 at /build/buildd/openjdk-7-7u51-2.4.4/build/openjdk/hotspot/src/share/vm/prims/jvm.cpp:1244
Event: 8,955 Thread 0x00007fe80800a800 Threw 0x00000000f715c870 at /build/buildd/openjdk-7-7u51-2.4.4/build/openjdk/hotspot/src/share/vm/prims/jvm.cpp:1244
Event: 8,955 Thread 0x00007fe80800a800 Threw 0x00000000f715e710 at /build/buildd/openjdk-7-7u51-2.4.4/build/openjdk/hotspot/src/share/vm/prims/jvm.cpp:1244
Event: 8,955 Thread 0x00007fe80800a800 Threw 0x00000000f71607d0 at /build/buildd/openjdk-7-7u51-2.4.4/build/openjdk/hotspot/src/share/vm/prims/jvm.cpp:1244
Event: 8,956 Thread 0x00007fe80800a800 Threw 0x00000000f7161280 at /build/buildd/openjdk-7-7u51-2.4.4/build/openjdk/hotspot/src/share/vm/prims/jvm.cpp:1244
Event: 10,406 Thread 0x00007fe808376800 Threw 0x00000000f5b605b8 at /build/buildd/openjdk-7-7u51-2.4.4/build/openjdk/hotspot/src/share/vm/prims/jvm.cpp:1244
Event: 10,406 Thread 0x00007fe808376800 Threw 0x00000000f5b61fd0 at /build/buildd/openjdk-7-7u51-2.4.4/build/openjdk/hotspot/src/share/vm/prims/jvm.cpp:1244

Events (10 events):
Event: 10,390 Thread 0x00007fe80800a800 DEOPT PACKING pc=0x00007fe804b4d664 sp=0x00007fe80cca42a0
Event: 10,390 Thread 0x00007fe80800a800 DEOPT UNPACKING pc=0x00007fe804a17045 sp=0x00007fe80cca4268 mode 2
Event: 10,391 Thread 0x00007fe80800a800 Uncommon trap: trap_request=0xffffffc6 fr.pc=0x00007fe804b5dfc8
Event: 10,391 Thread 0x00007fe80800a800 DEOPT PACKING pc=0x00007fe804b5dfc8 sp=0x00007fe80cca4690
Event: 10,391 Thread 0x00007fe80800a800 DEOPT UNPACKING pc=0x00007fe804a17045 sp=0x00007fe80cca4680 mode 2
Event: 10,391 Thread 0x00007fe80800a800 Uncommon trap: trap_request=0xffffffc6 fr.pc=0x00007fe804b5dfc8
Event: 10,391 Thread 0x00007fe80800a800 DEOPT PACKING pc=0x00007fe804b5dfc8 sp=0x00007fe80cca4690
Event: 10,391 Thread 0x00007fe80800a800 DEOPT UNPACKING pc=0x00007fe804a17045 sp=0x00007fe80cca4680 mode 2
Event: 10,405 loading class 0x00007fe7c4001460
Event: 10,405 loading class 0x00007fe7c4001460 done


Dynamic libraries:
00400000-00401000 r-xp 00000000 08:01 15861394                           /usr/lib/jvm/java-7-openjdk-amd64/jre/bin/java
00600000-00601000 r--p 00000000 08:01 15861394                           /usr/lib/jvm/java-7-openjdk-amd64/jre/bin/java
00601000-00602000 rw-p 00001000 08:01 15861394                           /usr/lib/jvm/java-7-openjdk-amd64/jre/bin/java
006d2000-006f3000 rw-p 00000000 00:00 0                                  [heap]
d6600000-d7f00000 rw-p 00000000 00:00 0 
d7f00000-e0c00000 rw-p 00000000 00:00 0 
e0c00000-e3180000 rw-p 00000000 00:00 0 
e3180000-f5900000 rw-p 00000000 00:00 0 
f5900000-f9900000 rw-p 00000000 00:00 0 
f9900000-100000000 rw-p 00000000 00:00 0 
7fe7b8000000-7fe7b8021000 rw-p 00000000 00:00 0 
7fe7b8021000-7fe7bc000000 ---p 00000000 00:00 0 
7fe7bc000000-7fe7bc021000 rw-p 00000000 00:00 0 
7fe7bc021000-7fe7c0000000 ---p 00000000 00:00 0 
7fe7c0000000-7fe7c0021000 rw-p 00000000 00:00 0 
7fe7c0021000-7fe7c4000000 ---p 00000000 00:00 0 
7fe7c4000000-7fe7c4021000 rw-p 00000000 00:00 0 
7fe7c4021000-7fe7c8000000 ---p 00000000 00:00 0 
7fe7c8000000-7fe7c8021000 rw-p 00000000 00:00 0 
7fe7c8021000-7fe7cc000000 ---p 00000000 00:00 0 
7fe7cc000000-7fe7cc04e000 rw-p 00000000 00:00 0 
7fe7cc04e000-7fe7d0000000 ---p 00000000 00:00 0 
7fe7d0000000-7fe7d0bf7000 rw-p 00000000 00:00 0 
7fe7d0bf7000-7fe7d4000000 ---p 00000000 00:00 0 
7fe7d4000000-7fe7d4021000 rw-p 00000000 00:00 0 
7fe7d4021000-7fe7d8000000 ---p 00000000 00:00 0 
7fe7d8000000-7fe7d8021000 rw-p 00000000 00:00 0 
7fe7d8021000-7fe7dc000000 ---p 00000000 00:00 0 
7fe7dc000000-7fe7dcd1b000 rw-p 00000000 00:00 0 
7fe7dcd1b000-7fe7e0000000 ---p 00000000 00:00 0 
7fe7e0000000-7fe7e0021000 rw-p 00000000 00:00 0 
7fe7e0021000-7fe7e4000000 ---p 00000000 00:00 0 
7fe7e4000000-7fe7e4021000 rw-p 00000000 00:00 0 
7fe7e4021000-7fe7e8000000 ---p 00000000 00:00 0 
7fe7e8000000-7fe7e8021000 rw-p 00000000 00:00 0 
7fe7e8021000-7fe7ec000000 ---p 00000000 00:00 0 
7fe7ec000000-7fe7ec031000 rw-p 00000000 00:00 0 
7fe7ec031000-7fe7f0000000 ---p 00000000 00:00 0 
7fe7f0000000-7fe7f0021000 rw-p 00000000 00:00 0 
7fe7f0021000-7fe7f4000000 ---p 00000000 00:00 0 
7fe7f5f09000-7fe7f5f0b000 r-xp 00000000 08:01 13893852                   /home/alex/Documents/8vo_Semestre/Geometría Computacional/Lab/practica02p1/src/lib/libintersection.so
7fe7f5f0b000-7fe7f610a000 ---p 00002000 08:01 13893852                   /home/alex/Documents/8vo_Semestre/Geometría Computacional/Lab/practica02p1/src/lib/libintersection.so
7fe7f610a000-7fe7f610b000 r--p 00001000 08:01 13893852                   /home/alex/Documents/8vo_Semestre/Geometría Computacional/Lab/practica02p1/src/lib/libintersection.so
7fe7f610b000-7fe7f610c000 rw-p 00002000 08:01 13893852                   /home/alex/Documents/8vo_Semestre/Geometría Computacional/Lab/practica02p1/src/lib/libintersection.so
7fe7f610c000-7fe7f610f000 r-xp 00000000 08:01 13893851                   /home/alex/Documents/8vo_Semestre/Geometría Computacional/Lab/practica02p1/src/lib/librb_tree.so
7fe7f610f000-7fe7f630e000 ---p 00003000 08:01 13893851                   /home/alex/Documents/8vo_Semestre/Geometría Computacional/Lab/practica02p1/src/lib/librb_tree.so
7fe7f630e000-7fe7f630f000 r--p 00002000 08:01 13893851                   /home/alex/Documents/8vo_Semestre/Geometría Computacional/Lab/practica02p1/src/lib/librb_tree.so
7fe7f630f000-7fe7f6310000 rw-p 00003000 08:01 13893851                   /home/alex/Documents/8vo_Semestre/Geometría Computacional/Lab/practica02p1/src/lib/librb_tree.so
7fe7f6310000-7fe7f6312000 r-xp 00000000 08:01 13893850                   /home/alex/Documents/8vo_Semestre/Geometría Computacional/Lab/practica02p1/src/lib/libdouble_linked_list.so
7fe7f6312000-7fe7f6511000 ---p 00002000 08:01 13893850                   /home/alex/Documents/8vo_Semestre/Geometría Computacional/Lab/practica02p1/src/lib/libdouble_linked_list.so
7fe7f6511000-7fe7f6512000 r--p 00001000 08:01 13893850                   /home/alex/Documents/8vo_Semestre/Geometría Computacional/Lab/practica02p1/src/lib/libdouble_linked_list.so
7fe7f6512000-7fe7f6513000 rw-p 00002000 08:01 13893850                   /home/alex/Documents/8vo_Semestre/Geometría Computacional/Lab/practica02p1/src/lib/libdouble_linked_list.so
7fe7f6513000-7fe7f6514000 r-xp 00000000 08:01 13893835                   /home/alex/Documents/8vo_Semestre/Geometría Computacional/Lab/practica02p1/src/lib/libhalf_edge.so
7fe7f6514000-7fe7f6714000 ---p 00001000 08:01 13893835                   /home/alex/Documents/8vo_Semestre/Geometría Computacional/Lab/practica02p1/src/lib/libhalf_edge.so
7fe7f6714000-7fe7f6715000 r--p 00001000 08:01 13893835                   /home/alex/Documents/8vo_Semestre/Geometría Computacional/Lab/practica02p1/src/lib/libhalf_edge.so
7fe7f6715000-7fe7f6716000 rw-p 00002000 08:01 13893835                   /home/alex/Documents/8vo_Semestre/Geometría Computacional/Lab/practica02p1/src/lib/libhalf_edge.so
7fe7f6716000-7fe7f6717000 r-xp 00000000 08:01 13893834                   /home/alex/Documents/8vo_Semestre/Geometría Computacional/Lab/practica02p1/src/lib/lib2d_points.so
7fe7f6717000-7fe7f6916000 ---p 00001000 08:01 13893834                   /home/alex/Documents/8vo_Semestre/Geometría Computacional/Lab/practica02p1/src/lib/lib2d_points.so
7fe7f6916000-7fe7f6917000 r--p 00000000 08:01 13893834                   /home/alex/Documents/8vo_Semestre/Geometría Computacional/Lab/practica02p1/src/lib/lib2d_points.so
7fe7f6917000-7fe7f6918000 rw-p 00001000 08:01 13893834                   /home/alex/Documents/8vo_Semestre/Geometría Computacional/Lab/practica02p1/src/lib/lib2d_points.so
7fe7f6918000-7fe7f691b000 ---p 00000000 00:00 0 
7fe7f691b000-7fe7f6b19000 rw-p 00000000 00:00 0                          [stack:21168]
7fe7f6b19000-7fe7f6b1c000 ---p 00000000 00:00 0 
7fe7f6b1c000-7fe7f6d1a000 rw-p 00000000 00:00 0 
7fe7f6d1a000-7fe7f6d1d000 ---p 00000000 00:00 0 
7fe7f6d1d000-7fe7f6f1b000 rw-p 00000000 00:00 0 
7fe7f6f1b000-7fe7f6f1e000 ---p 00000000 00:00 0 
7fe7f6f1e000-7fe7f6f54000 rw-p 00000000 00:00 0                          [stack:21048]
7fe7f6f54000-7fe7f6f57000 ---p 00000000 00:00 0 
7fe7f6f57000-7fe7f7155000 rw-p 00000000 00:00 0                          [stack:21045]
7fe7f7155000-7fe7f7167000 r-xp 00000000 08:01 12059135                   /home/alex/.rbenv/versions/jruby-1.7.10/lib/jni/x86_64-Linux/libjffi-1.2.so
7fe7f7167000-7fe7f7366000 ---p 00012000 08:01 12059135                   /home/alex/.rbenv/versions/jruby-1.7.10/lib/jni/x86_64-Linux/libjffi-1.2.so
7fe7f7366000-7fe7f7367000 rw-p 00011000 08:01 12059135                   /home/alex/.rbenv/versions/jruby-1.7.10/lib/jni/x86_64-Linux/libjffi-1.2.so
7fe7f7367000-7fe7f7377000 r-xp 00000000 08:01 15861288                   /usr/lib/jvm/java-7-openjdk-amd64/jre/lib/amd64/libnio.so
7fe7f7377000-7fe7f7577000 ---p 00010000 08:01 15861288                   /usr/lib/jvm/java-7-openjdk-amd64/jre/lib/amd64/libnio.so
7fe7f7577000-7fe7f7578000 r--p 00010000 08:01 15861288                   /usr/lib/jvm/java-7-openjdk-amd64/jre/lib/amd64/libnio.so
7fe7f7578000-7fe7f7579000 rw-p 00011000 08:01 15861288                   /usr/lib/jvm/java-7-openjdk-amd64/jre/lib/amd64/libnio.so
7fe7f7579000-7fe7f75b6000 r-xp 00000000 08:01 8130434                    /lib/x86_64-linux-gnu/libpcre.so.3.13.1
7fe7f75b6000-7fe7f77b6000 ---p 0003d000 08:01 8130434                    /lib/x86_64-linux-gnu/libpcre.so.3.13.1
7fe7f77b6000-7fe7f77b7000 r--p 0003d000 08:01 8130434                    /lib/x86_64-linux-gnu/libpcre.so.3.13.1
7fe7f77b7000-7fe7f77b8000 rw-p 0003e000 08:01 8130434                    /lib/x86_64-linux-gnu/libpcre.so.3.13.1
7fe7f77b8000-7fe7f77bf000 r-xp 00000000 08:01 15735894                   /usr/lib/x86_64-linux-gnu/libffi.so.6.0.1
7fe7f77bf000-7fe7f79be000 ---p 00007000 08:01 15735894                   /usr/lib/x86_64-linux-gnu/libffi.so.6.0.1
7fe7f79be000-7fe7f79bf000 r--p 00006000 08:01 15735894                   /usr/lib/x86_64-linux-gnu/libffi.so.6.0.1
7fe7f79bf000-7fe7f79c0000 rw-p 00007000 08:01 15735894                   /usr/lib/x86_64-linux-gnu/libffi.so.6.0.1
7fe7f79c0000-7fe7f79d6000 r-xp 00000000 08:01 8130457                    /lib/x86_64-linux-gnu/libresolv-2.17.so
7fe7f79d6000-7fe7f7bd6000 ---p 00016000 08:01 8130457                    /lib/x86_64-linux-gnu/libresolv-2.17.so
7fe7f7bd6000-7fe7f7bd7000 r--p 00016000 08:01 8130457                    /lib/x86_64-linux-gnu/libresolv-2.17.so
7fe7f7bd7000-7fe7f7bd8000 rw-p 00017000 08:01 8130457                    /lib/x86_64-linux-gnu/libresolv-2.17.so
7fe7f7bd8000-7fe7f7bda000 rw-p 00000000 00:00 0 
7fe7f7bda000-7fe7f7bf9000 r-xp 00000000 08:01 8130461                    /lib/x86_64-linux-gnu/libselinux.so.1
7fe7f7bf9000-7fe7f7df9000 ---p 0001f000 08:01 8130461                    /lib/x86_64-linux-gnu/libselinux.so.1
7fe7f7df9000-7fe7f7dfa000 r--p 0001f000 08:01 8130461                    /lib/x86_64-linux-gnu/libselinux.so.1
7fe7f7dfa000-7fe7f7dfb000 rw-p 00020000 08:01 8130461                    /lib/x86_64-linux-gnu/libselinux.so.1
7fe7f7dfb000-7fe7f7dfc000 rw-p 00000000 00:00 0 
7fe7f7dfc000-7fe7f7dff000 r-xp 00000000 08:01 15729078                   /usr/lib/x86_64-linux-gnu/libgmodule-2.0.so.0.3800.1
7fe7f7dff000-7fe7f7ffe000 ---p 00003000 08:01 15729078                   /usr/lib/x86_64-linux-gnu/libgmodule-2.0.so.0.3800.1
7fe7f7ffe000-7fe7f7fff000 r--p 00002000 08:01 15729078                   /usr/lib/x86_64-linux-gnu/libgmodule-2.0.so.0.3800.1
7fe7f7fff000-7fe7f8000000 rw-p 00003000 08:01 15729078                   /usr/lib/x86_64-linux-gnu/libgmodule-2.0.so.0.3800.1
7fe7f8000000-7fe7f8021000 rw-p 00000000 00:00 0 
7fe7f8021000-7fe7fc000000 ---p 00000000 00:00 0 
7fe7fc010000-7fe7fc10e000 r-xp 00000000 08:01 8130449                    /lib/x86_64-linux-gnu/libglib-2.0.so.0.3800.1
7fe7fc10e000-7fe7fc30e000 ---p 000fe000 08:01 8130449                    /lib/x86_64-linux-gnu/libglib-2.0.so.0.3800.1
7fe7fc30e000-7fe7fc30f000 r--p 000fe000 08:01 8130449                    /lib/x86_64-linux-gnu/libglib-2.0.so.0.3800.1
7fe7fc30f000-7fe7fc310000 rw-p 000ff000 08:01 8130449                    /lib/x86_64-linux-gnu/libglib-2.0.so.0.3800.1
7fe7fc310000-7fe7fc311000 rw-p 00000000 00:00 0 
7fe7fc311000-7fe7fc360000 r-xp 00000000 08:01 15729069                   /usr/lib/x86_64-linux-gnu/libgobject-2.0.so.0.3800.1
7fe7fc360000-7fe7fc560000 ---p 0004f000 08:01 15729069                   /usr/lib/x86_64-linux-gnu/libgobject-2.0.so.0.3800.1
7fe7fc560000-7fe7fc561000 r--p 0004f000 08:01 15729069                   /usr/lib/x86_64-linux-gnu/libgobject-2.0.so.0.3800.1
7fe7fc561000-7fe7fc562000 rw-p 00050000 08:01 15729069                   /usr/lib/x86_64-linux-gnu/libgobject-2.0.so.0.3800.1
7fe7fc562000-7fe7fc6be000 r-xp 00000000 08:01 15729043                   /usr/lib/x86_64-linux-gnu/libgio-2.0.so.0.3800.1
7fe7fc6be000-7fe7fc8bd000 ---p 0015c000 08:01 15729043                   /usr/lib/x86_64-linux-gnu/libgio-2.0.so.0.3800.1
7fe7fc8bd000-7fe7fc8c1000 r--p 0015b000 08:01 15729043                   /usr/lib/x86_64-linux-gnu/libgio-2.0.so.0.3800.1
7fe7fc8c1000-7fe7fc8c3000 rw-p 0015f000 08:01 15729043                   /usr/lib/x86_64-linux-gnu/libgio-2.0.so.0.3800.1
7fe7fc8c3000-7fe7fc8c5000 rw-p 00000000 00:00 0 
7fe7fc8dd000-7fe7fc8f3000 r-xp 00000000 08:01 15861076                   /usr/lib/jvm/java-7-openjdk-amd64/jre/lib/amd64/libnet.so
7fe7fc8f3000-7fe7fcaf2000 ---p 00016000 08:01 15861076                   /usr/lib/jvm/java-7-openjdk-amd64/jre/lib/amd64/libnet.so
7fe7fcaf2000-7fe7fcaf3000 r--p 00015000 08:01 15861076                   /usr/lib/jvm/java-7-openjdk-amd64/jre/lib/amd64/libnet.so
7fe7fcaf3000-7fe7fcaf4000 rw-p 00016000 08:01 15861076                   /usr/lib/jvm/java-7-openjdk-amd64/jre/lib/amd64/libnet.so
7fe7fcaf4000-7fe7fcaf5000 ---p 00000000 00:00 0 
7fe7fcaf5000-7fe7fcbf5000 rw-p 00000000 00:00 0                          [stack:21044]
7fe7fcbf5000-7fe7fcbf8000 ---p 00000000 00:00 0 
7fe7fcbf8000-7fe7fcdf6000 rw-p 00000000 00:00 0                          [stack:21043]
7fe7fcdf6000-7fe7fcdf9000 ---p 00000000 00:00 0 
7fe7fcdf9000-7fe7fcef7000 rw-p 00000000 00:00 0                          [stack:21042]
7fe7fcef7000-7fe7fcefa000 ---p 00000000 00:00 0 
7fe7fcefa000-7fe7fcff8000 rw-p 00000000 00:00 0                          [stack:21041]
7fe7fcff8000-7fe7fcffb000 ---p 00000000 00:00 0 
7fe7fcffb000-7fe7fd1f9000 rw-p 00000000 00:00 0                          [stack:21040]
7fe7fd1f9000-7fe7fd5f3000 r--p 00000000 08:01 15734328                   /usr/lib/locale/locale-archive
7fe7fd5f3000-7fe7fd5f6000 ---p 00000000 00:00 0 
7fe7fd5f6000-7fe7fd7f4000 rw-p 00000000 00:00 0                          [stack:21039]
7fe7fd7f4000-7fe7fd7f7000 ---p 00000000 00:00 0 
7fe7fd7f7000-7fe7fd9f5000 rw-p 00000000 00:00 0                          [stack:21038]
7fe7fd9f5000-7fe7fd9f6000 ---p 00000000 00:00 0 
7fe7fd9f6000-7fe7fea47000 rw-p 00000000 00:00 0                          [stack:21037]
7fe7fea47000-7fe7feb30000 r--s 00bb9000 08:01 12059138                   /home/alex/.rbenv/versions/jruby-1.7.10/lib/jruby.jar
7fe7feb30000-7fe800000000 rw-p 00000000 00:00 0 
7fe800000000-7fe800021000 rw-p 00000000 00:00 0 
7fe800021000-7fe804000000 ---p 00000000 00:00 0 
7fe804006000-7fe80400d000 r--s 00000000 08:01 16127910                   /usr/lib/x86_64-linux-gnu/gconv/gconv-modules.cache
7fe80400d000-7fe8040c0000 rw-p 00000000 00:00 0 
7fe8040c0000-7fe80426e000 r--s 01cf4000 08:01 15861374                   /usr/lib/jvm/java-7-openjdk-amd64/jre/lib/rt.jar
7fe80426e000-7fe80448c000 rw-p 00000000 00:00 0 
7fe80448c000-7fe80448d000 ---p 00000000 00:00 0 
7fe80448d000-7fe80458d000 rw-p 00000000 00:00 0                          [stack:21036]
7fe80458d000-7fe80458e000 ---p 00000000 00:00 0 
7fe80458e000-7fe80468e000 rw-p 00000000 00:00 0                          [stack:21035]
7fe80468e000-7fe80468f000 ---p 00000000 00:00 0 
7fe80468f000-7fe80478f000 rw-p 00000000 00:00 0                          [stack:21034]
7fe80478f000-7fe804790000 ---p 00000000 00:00 0 
7fe804790000-7fe80489d000 rw-p 00000000 00:00 0                          [stack:21033]
7fe80489d000-7fe8048e3000 rw-p 00000000 00:00 0 
7fe8048e3000-7fe8048f6000 rw-p 00000000 00:00 0 
7fe8048f6000-7fe804989000 rw-p 00000000 00:00 0 
7fe804989000-7fe8049aa000 rw-p 00000000 00:00 0 
7fe8049aa000-7fe8049dd000 rw-p 00000000 00:00 0 
7fe8049dd000-7fe8049de000 rw-p 00000000 00:00 0 
7fe8049de000-7fe804c4e000 rwxp 00000000 00:00 0 
7fe804c4e000-7fe8079de000 rw-p 00000000 00:00 0 
7fe8079de000-7fe8079e6000 r-xp 00000000 08:01 15861025                   /usr/lib/jvm/java-7-openjdk-amd64/jre/lib/amd64/libzip.so
7fe8079e6000-7fe807be5000 ---p 00008000 08:01 15861025                   /usr/lib/jvm/java-7-openjdk-amd64/jre/lib/amd64/libzip.so
7fe807be5000-7fe807be6000 r--p 00007000 08:01 15861025                   /usr/lib/jvm/java-7-openjdk-amd64/jre/lib/amd64/libzip.so
7fe807be6000-7fe807be7000 rw-p 00008000 08:01 15861025                   /usr/lib/jvm/java-7-openjdk-amd64/jre/lib/amd64/libzip.so
7fe807be7000-7fe807bf3000 r-xp 00000000 08:01 8130412                    /lib/x86_64-linux-gnu/libnss_files-2.17.so
7fe807bf3000-7fe807df2000 ---p 0000c000 08:01 8130412                    /lib/x86_64-linux-gnu/libnss_files-2.17.so
7fe807df2000-7fe807df3000 r--p 0000b000 08:01 8130412                    /lib/x86_64-linux-gnu/libnss_files-2.17.so
7fe807df3000-7fe807df4000 rw-p 0000c000 08:01 8130412                    /lib/x86_64-linux-gnu/libnss_files-2.17.so
7fe807df4000-7fe807dff000 r-xp 00000000 08:01 8130416                    /lib/x86_64-linux-gnu/libnss_nis-2.17.so
7fe807dff000-7fe807ffe000 ---p 0000b000 08:01 8130416                    /lib/x86_64-linux-gnu/libnss_nis-2.17.so
7fe807ffe000-7fe807fff000 r--p 0000a000 08:01 8130416                    /lib/x86_64-linux-gnu/libnss_nis-2.17.so
7fe807fff000-7fe808000000 rw-p 0000b000 08:01 8130416                    /lib/x86_64-linux-gnu/libnss_nis-2.17.so
7fe808000000-7fe80850c000 rw-p 00000000 00:00 0 
7fe80850c000-7fe80c000000 ---p 00000000 00:00 0 
7fe80c000000-7fe80c001000 rw-p 00000000 00:00 0 
7fe80c001000-7fe80c002000 r-xp 00000000 00:00 0 
7fe80c002000-7fe80c004000 r--s 00012000 08:01 15861308                   /usr/lib/jvm/java-7-openjdk-amd64/jre/lib/ext/zipfs.jar
7fe80c004000-7fe80c007000 r--s 00032000 08:01 15861310                   /usr/lib/jvm/java-7-openjdk-amd64/jre/lib/ext/sunjce_provider.jar
7fe80c007000-7fe80c00b000 r--s 00085000 08:01 15861304                   /usr/lib/jvm/java-7-openjdk-amd64/jre/lib/ext/localedata.jar
7fe80c00b000-7fe80c00d000 r--s 00006000 08:01 16256853                   /usr/share/java/java-atk-wrapper.jar
7fe80c00d000-7fe80c00e000 r--s 00002000 08:01 15861314                   /usr/lib/jvm/java-7-openjdk-amd64/jre/lib/ext/dnsns.jar
7fe80c00e000-7fe80c011000 r--s 0000f000 08:01 15861306                   /usr/lib/jvm/java-7-openjdk-amd64/jre/lib/ext/pulse-java.jar
7fe80c011000-7fe80c015000 r--s 0003b000 08:01 15861316                   /usr/lib/jvm/java-7-openjdk-amd64/jre/lib/ext/sunpkcs11.jar
7fe80c015000-7fe80c03d000 rw-p 00000000 00:00 0 
7fe80c03d000-7fe80c054000 r-xp 00000000 08:01 8130406                    /lib/x86_64-linux-gnu/libnsl-2.17.so
7fe80c054000-7fe80c253000 ---p 00017000 08:01 8130406                    /lib/x86_64-linux-gnu/libnsl-2.17.so
7fe80c253000-7fe80c254000 r--p 00016000 08:01 8130406                    /lib/x86_64-linux-gnu/libnsl-2.17.so
7fe80c254000-7fe80c255000 rw-p 00017000 08:01 8130406                    /lib/x86_64-linux-gnu/libnsl-2.17.so
7fe80c255000-7fe80c257000 rw-p 00000000 00:00 0 
7fe80c257000-7fe80c25f000 r-xp 00000000 08:01 8130408                    /lib/x86_64-linux-gnu/libnss_compat-2.17.so
7fe80c25f000-7fe80c45e000 ---p 00008000 08:01 8130408                    /lib/x86_64-linux-gnu/libnss_compat-2.17.so
7fe80c45e000-7fe80c45f000 r--p 00007000 08:01 8130408                    /lib/x86_64-linux-gnu/libnss_compat-2.17.so
7fe80c45f000-7fe80c460000 rw-p 00008000 08:01 8130408                    /lib/x86_64-linux-gnu/libnss_compat-2.17.so
7fe80c460000-7fe80c48b000 r-xp 00000000 08:01 15860951                   /usr/lib/jvm/java-7-openjdk-amd64/jre/lib/amd64/libjava.so
7fe80c48b000-7fe80c68a000 ---p 0002b000 08:01 15860951                   /usr/lib/jvm/java-7-openjdk-amd64/jre/lib/amd64/libjava.so
7fe80c68a000-7fe80c68b000 r--p 0002a000 08:01 15860951                   /usr/lib/jvm/java-7-openjdk-amd64/jre/lib/amd64/libjava.so
7fe80c68b000-7fe80c68d000 rw-p 0002b000 08:01 15860951                   /usr/lib/jvm/java-7-openjdk-amd64/jre/lib/amd64/libjava.so
7fe80c68d000-7fe80c69d000 r-xp 00000000 08:01 15861265                   /usr/lib/jvm/java-7-openjdk-amd64/jre/lib/amd64/libverify.so
7fe80c69d000-7fe80c89c000 ---p 00010000 08:01 15861265                   /usr/lib/jvm/java-7-openjdk-amd64/jre/lib/amd64/libverify.so
7fe80c89c000-7fe80c89e000 r--p 0000f000 08:01 15861265                   /usr/lib/jvm/java-7-openjdk-amd64/jre/lib/amd64/libverify.so
7fe80c89e000-7fe80c89f000 rw-p 00011000 08:01 15861265                   /usr/lib/jvm/java-7-openjdk-amd64/jre/lib/amd64/libverify.so
7fe80c89f000-7fe80c8a6000 r-xp 00000000 08:01 8130459                    /lib/x86_64-linux-gnu/librt-2.17.so
7fe80c8a6000-7fe80caa5000 ---p 00007000 08:01 8130459                    /lib/x86_64-linux-gnu/librt-2.17.so
7fe80caa5000-7fe80caa6000 r--p 00006000 08:01 8130459                    /lib/x86_64-linux-gnu/librt-2.17.so
7fe80caa6000-7fe80caa7000 rw-p 00007000 08:01 8130459                    /lib/x86_64-linux-gnu/librt-2.17.so
7fe80caa7000-7fe80caaa000 ---p 00000000 00:00 0 
7fe80caaa000-7fe80cca8000 rw-p 00000000 00:00 0                          [stack:21032]
7fe80cca8000-7fe80ccbd000 r-xp 00000000 08:01 8126477                    /lib/x86_64-linux-gnu/libgcc_s.so.1
7fe80ccbd000-7fe80cebc000 ---p 00015000 08:01 8126477                    /lib/x86_64-linux-gnu/libgcc_s.so.1
7fe80cebc000-7fe80cebd000 r--p 00014000 08:01 8126477                    /lib/x86_64-linux-gnu/libgcc_s.so.1
7fe80cebd000-7fe80cebe000 rw-p 00015000 08:01 8126477                    /lib/x86_64-linux-gnu/libgcc_s.so.1
7fe80cebe000-7fe80cfc1000 r-xp 00000000 08:01 8130387                    /lib/x86_64-linux-gnu/libm-2.17.so
7fe80cfc1000-7fe80d1c0000 ---p 00103000 08:01 8130387                    /lib/x86_64-linux-gnu/libm-2.17.so
7fe80d1c0000-7fe80d1c1000 r--p 00102000 08:01 8130387                    /lib/x86_64-linux-gnu/libm-2.17.so
7fe80d1c1000-7fe80d1c2000 rw-p 00103000 08:01 8130387                    /lib/x86_64-linux-gnu/libm-2.17.so
7fe80d1c2000-7fe80d2a8000 r-xp 00000000 08:01 15729831                   /usr/lib/x86_64-linux-gnu/libstdc++.so.6.0.18
7fe80d2a8000-7fe80d4a7000 ---p 000e6000 08:01 15729831                   /usr/lib/x86_64-linux-gnu/libstdc++.so.6.0.18
7fe80d4a7000-7fe80d4af000 r--p 000e5000 08:01 15729831                   /usr/lib/x86_64-linux-gnu/libstdc++.so.6.0.18
7fe80d4af000-7fe80d4b1000 rw-p 000ed000 08:01 15729831                   /usr/lib/x86_64-linux-gnu/libstdc++.so.6.0.18
7fe80d4b1000-7fe80d4c6000 rw-p 00000000 00:00 0 
7fe80d4c6000-7fe80dfa5000 r-xp 00000000 08:01 15861284                   /usr/lib/jvm/java-7-openjdk-amd64/jre/lib/amd64/server/libjvm.so
7fe80dfa5000-7fe80e1a4000 ---p 00adf000 08:01 15861284                   /usr/lib/jvm/java-7-openjdk-amd64/jre/lib/amd64/server/libjvm.so
7fe80e1a4000-7fe80e236000 r--p 00ade000 08:01 15861284                   /usr/lib/jvm/java-7-openjdk-amd64/jre/lib/amd64/server/libjvm.so
7fe80e236000-7fe80e259000 rw-p 00b70000 08:01 15861284                   /usr/lib/jvm/java-7-openjdk-amd64/jre/lib/amd64/server/libjvm.so
7fe80e259000-7fe80e286000 rw-p 00000000 00:00 0 
7fe80e286000-7fe80e29e000 r-xp 00000000 08:01 8130494                    /lib/x86_64-linux-gnu/libz.so.1.2.8
7fe80e29e000-7fe80e49d000 ---p 00018000 08:01 8130494                    /lib/x86_64-linux-gnu/libz.so.1.2.8
7fe80e49d000-7fe80e49e000 r--p 00017000 08:01 8130494                    /lib/x86_64-linux-gnu/libz.so.1.2.8
7fe80e49e000-7fe80e49f000 rw-p 00018000 08:01 8130494                    /lib/x86_64-linux-gnu/libz.so.1.2.8
7fe80e49f000-7fe80e4b6000 r-xp 00000000 08:01 8130451                    /lib/x86_64-linux-gnu/libpthread-2.17.so
7fe80e4b6000-7fe80e6b6000 ---p 00017000 08:01 8130451                    /lib/x86_64-linux-gnu/libpthread-2.17.so
7fe80e6b6000-7fe80e6b7000 r--p 00017000 08:01 8130451                    /lib/x86_64-linux-gnu/libpthread-2.17.so
7fe80e6b7000-7fe80e6b8000 rw-p 00018000 08:01 8130451                    /lib/x86_64-linux-gnu/libpthread-2.17.so
7fe80e6b8000-7fe80e6bc000 rw-p 00000000 00:00 0 
7fe80e6bc000-7fe80e6bf000 r-xp 00000000 08:01 8130351                    /lib/x86_64-linux-gnu/libdl-2.17.so
7fe80e6bf000-7fe80e8be000 ---p 00003000 08:01 8130351                    /lib/x86_64-linux-gnu/libdl-2.17.so
7fe80e8be000-7fe80e8bf000 r--p 00002000 08:01 8130351                    /lib/x86_64-linux-gnu/libdl-2.17.so
7fe80e8bf000-7fe80e8c0000 rw-p 00003000 08:01 8130351                    /lib/x86_64-linux-gnu/libdl-2.17.so
7fe80e8c0000-7fe80ea7d000 r-xp 00000000 08:01 8130336                    /lib/x86_64-linux-gnu/libc-2.17.so
7fe80ea7d000-7fe80ec7d000 ---p 001bd000 08:01 8130336                    /lib/x86_64-linux-gnu/libc-2.17.so
7fe80ec7d000-7fe80ec81000 r--p 001bd000 08:01 8130336                    /lib/x86_64-linux-gnu/libc-2.17.so
7fe80ec81000-7fe80ec83000 rw-p 001c1000 08:01 8130336                    /lib/x86_64-linux-gnu/libc-2.17.so
7fe80ec83000-7fe80ec88000 rw-p 00000000 00:00 0 
7fe80ec88000-7fe80ec95000 r-xp 00000000 08:01 15861291                   /usr/lib/jvm/java-7-openjdk-amd64/jre/lib/amd64/jli/libjli.so
7fe80ec95000-7fe80ee94000 ---p 0000d000 08:01 15861291                   /usr/lib/jvm/java-7-openjdk-amd64/jre/lib/amd64/jli/libjli.so
7fe80ee94000-7fe80ee95000 r--p 0000c000 08:01 15861291                   /usr/lib/jvm/java-7-openjdk-amd64/jre/lib/amd64/jli/libjli.so
7fe80ee95000-7fe80ee96000 rw-p 0000d000 08:01 15861291                   /usr/lib/jvm/java-7-openjdk-amd64/jre/lib/amd64/jli/libjli.so
7fe80ee96000-7fe80eeb9000 r-xp 00000000 08:01 8130312                    /lib/x86_64-linux-gnu/ld-2.17.so
7fe80eeb9000-7fe80eebe000 r--s 0004c000 08:01 15861296                   /usr/lib/jvm/java-7-openjdk-amd64/jre/lib/jsse.jar
7fe80eebe000-7fe80eeec000 rw-p 00000000 00:00 0 
7fe80eeec000-7fe80ef32000 rw-p 00000000 00:00 0 
7fe80ef32000-7fe80ef45000 rw-p 00000000 00:00 0 
7fe80ef45000-7fe80efd9000 rw-p 00000000 00:00 0 
7fe80efd9000-7fe80efe3000 rw-p 00000000 00:00 0 
7fe80efe3000-7fe80f099000 rw-p 00000000 00:00 0 
7fe80f099000-7fe80f0ac000 rw-p 00000000 00:00 0 
7fe80f0ac000-7fe80f0b4000 rw-s 00000000 08:01 5767459                    /tmp/hsperfdata_alex/21007
7fe80f0b4000-7fe80f0b5000 rw-p 00000000 00:00 0 
7fe80f0b5000-7fe80f0b6000 r--p 00000000 00:00 0 
7fe80f0b6000-7fe80f0b8000 rw-p 00000000 00:00 0 
7fe80f0b8000-7fe80f0b9000 r--p 00022000 08:01 8130312                    /lib/x86_64-linux-gnu/ld-2.17.so
7fe80f0b9000-7fe80f0bb000 rw-p 00023000 08:01 8130312                    /lib/x86_64-linux-gnu/ld-2.17.so
7fff4fbf4000-7fff4fc15000 rw-p 00000000 00:00 0                          [stack]
7fff4fdf1000-7fff4fdf3000 r-xp 00000000 00:00 0                          [vdso]
ffffffffff600000-ffffffffff601000 r-xp 00000000 00:00 0                  [vsyscall]

VM Arguments:
jvm_args: -Djdk.home= -Djruby.home=/home/alex/.rbenv/versions/jruby-1.7.10 -Djruby.script=jruby -Djruby.shell=/bin/sh -Djffi.boot.library.path=/home/alex/.rbenv/versions/jruby-1.7.10/lib/jni:/home/alex/.rbenv/versions/jruby-1.7.10/lib/jni/i386-Linux:/home/alex/.rbenv/versions/jruby-1.7.10/lib/jni/arm-Linux:/home/alex/.rbenv/versions/jruby-1.7.10/lib/jni/x86_64-Linux -Xmx500m -Xss2048k -Xbootclasspath/a:/home/alex/.rbenv/versions/jruby-1.7.10/lib/jruby.jar 
java_command: org/jruby/Main Makefile.rb clean compile test clean
Launcher Type: SUN_STANDARD

Environment Variables:
PATH=/home/alex/.rbenv/versions/jruby-1.7.10/bin:/home/alex/.rbenv/libexec:/home/alex/.rbenv/plugins/ruby-build/bin:/home/alex/.rbenv/shims:~/.rbenv/bin:~/.rbenv/bin:/usr/local/sbin:/usr/local/bin:/usr/sbin:/usr/bin:/sbin:/bin:/usr/games:/usr/local/games
USERNAME=alex
SHELL=/bin/bash
DISPLAY=:0

Signal Handlers:
SIGSEGV: [libjvm.so+0x916ea0], sa_mask[0]=0x7ffbfeff, sa_flags=0x10000004
SIGBUS: [libjvm.so+0x916ea0], sa_mask[0]=0x7ffbfeff, sa_flags=0x10000004
SIGFPE: [libjvm.so+0x794800], sa_mask[0]=0x7ffbfeff, sa_flags=0x10000004
SIGPIPE: [libjvm.so+0x794800], sa_mask[0]=0x7ffbfeff, sa_flags=0x10000004
SIGXFSZ: [libjvm.so+0x794800], sa_mask[0]=0x7ffbfeff, sa_flags=0x10000004
SIGILL: [libjvm.so+0x794800], sa_mask[0]=0x7ffbfeff, sa_flags=0x10000004
SIGUSR1: SIG_DFL, sa_mask[0]=0x00000000, sa_flags=0x00000000
SIGUSR2: [libjvm.so+0x7946a0], sa_mask[0]=0x00000000, sa_flags=0x10000004
SIGHUP: [libjvm.so+0x794880], sa_mask[0]=0x7ffbfeff, sa_flags=0x10000004
SIGINT: [libjvm.so+0x794880], sa_mask[0]=0x7ffbfeff, sa_flags=0x10000004
SIGTERM: [libjvm.so+0x794880], sa_mask[0]=0x7ffbfeff, sa_flags=0x10000004
SIGQUIT: [libjvm.so+0x794880], sa_mask[0]=0x7ffbfeff, sa_flags=0x10000004


---------------  S Y S T E M  ---------------

OS:LinuxMint 16 (petra)
uname:Linux 3.11.0-12-generic #19-Ubuntu SMP Wed Oct 9 16:20:46 UTC 2013 x86_64
libc:glibc 2.17 NPTL 2.17 
rlimit: STACK 8192k, CORE 0k, NPROC 28798, NOFILE 4096, AS infinity
load average:1,05 0,72 0,60

/proc/meminfo:
MemTotal:        3715476 kB
MemFree:         1322500 kB
Buffers:           76556 kB
Cached:          1154208 kB
SwapCached:           28 kB
Active:          1415348 kB
Inactive:         788080 kB
Active(anon):     862636 kB
Inactive(anon):   346864 kB
Active(file):     552712 kB
Inactive(file):   441216 kB
Unevictable:          44 kB
Mlocked:              44 kB
SwapTotal:       3856380 kB
SwapFree:        3855740 kB
Dirty:               180 kB
Writeback:             0 kB
AnonPages:        972880 kB
Mapped:           193608 kB
Shmem:            236836 kB
Slab:             109916 kB
SReclaimable:      82204 kB
SUnreclaim:        27712 kB
KernelStack:        3768 kB
PageTables:        27892 kB
NFS_Unstable:          0 kB
Bounce:                0 kB
WritebackTmp:          0 kB
CommitLimit:     5714116 kB
Committed_AS:    3485824 kB
VmallocTotal:   34359738367 kB
VmallocUsed:      414940 kB
VmallocChunk:   34359311484 kB
HardwareCorrupted:     0 kB
AnonHugePages:         0 kB
HugePages_Total:       0
HugePages_Free:        0
HugePages_Rsvd:        0
HugePages_Surp:        0
Hugepagesize:       2048 kB
DirectMap4k:       56528 kB
DirectMap2M:     3801088 kB


CPU:total 4 (2 cores per cpu, 2 threads per core) family 6 model 37 stepping 5, cmov, cx8, fxsr, mmx, sse, sse2, sse3, ssse3, sse4.1, sse4.2, popcnt, ht, tsc, tscinvbit

/proc/cpuinfo:
processor	: 0
vendor_id	: GenuineIntel
cpu family	: 6
model		: 37
model name	: Intel(R) Core(TM) i3 CPU       M 380  @ 2.53GHz
stepping	: 5
microcode	: 0x2
cpu MHz		: 933.000
cache size	: 3072 KB
physical id	: 0
siblings	: 4
core id		: 0
cpu cores	: 2
apicid		: 0
initial apicid	: 0
fpu		: yes
fpu_exception	: yes
cpuid level	: 11
wp		: yes
flags		: fpu vme de pse tsc msr pae mce cx8 apic sep mtrr pge mca cmov pat pse36 clflush dts acpi mmx fxsr sse sse2 ss ht tm pbe syscall nx rdtscp lm constant_tsc arch_perfmon pebs bts rep_good nopl xtopology nonstop_tsc aperfmperf pni dtes64 monitor ds_cpl vmx est tm2 ssse3 cx16 xtpr pdcm pcid sse4_1 sse4_2 popcnt lahf_lm arat dtherm tpr_shadow vnmi flexpriority ept vpid
bogomips	: 5054.41
clflush size	: 64
cache_alignment	: 64
address sizes	: 36 bits physical, 48 bits virtual
power management:

processor	: 1
vendor_id	: GenuineIntel
cpu family	: 6
model		: 37
model name	: Intel(R) Core(TM) i3 CPU       M 380  @ 2.53GHz
stepping	: 5
microcode	: 0x2
cpu MHz		: 933.000
cache size	: 3072 KB
physical id	: 0
siblings	: 4
core id		: 0
cpu cores	: 2
apicid		: 1
initial apicid	: 1
fpu		: yes
fpu_exception	: yes
cpuid level	: 11
wp		: yes
flags		: fpu vme de pse tsc msr pae mce cx8 apic sep mtrr pge mca cmov pat pse36 clflush dts acpi mmx fxsr sse sse2 ss ht tm pbe syscall nx rdtscp lm constant_tsc arch_perfmon pebs bts rep_good nopl xtopology nonstop_tsc aperfmperf pni dtes64 monitor ds_cpl vmx est tm2 ssse3 cx16 xtpr pdcm pcid sse4_1 sse4_2 popcnt lahf_lm arat dtherm tpr_shadow vnmi flexpriority ept vpid
bogomips	: 5054.41
clflush size	: 64
cache_alignment	: 64
address sizes	: 36 bits physical, 48 bits virtual
power management:

processor	: 2
vendor_id	: GenuineIntel
cpu family	: 6
model		: 37
model name	: Intel(R) Core(TM) i3 CPU       M 380  @ 2.53GHz
stepping	: 5
microcode	: 0x2
cpu MHz		: 933.000
cache size	: 3072 KB
physical id	: 0
siblings	: 4
core id		: 2
cpu cores	: 2
apicid		: 4
initial apicid	: 4
fpu		: yes
fpu_exception	: yes
cpuid level	: 11
wp		: yes
flags		: fpu vme de pse tsc msr pae mce cx8 apic sep mtrr pge mca cmov pat pse36 clflush dts acpi mmx fxsr sse sse2 ss ht tm pbe syscall nx rdtscp lm constant_tsc arch_perfmon pebs bts rep_good nopl xtopology nonstop_tsc aperfmperf pni dtes64 monitor ds_cpl vmx est tm2 ssse3 cx16 xtpr pdcm pcid sse4_1 sse4_2 popcnt lahf_lm arat dtherm tpr_shadow vnmi flexpriority ept vpid
bogomips	: 5054.41
clflush size	: 64
cache_alignment	: 64
address sizes	: 36 bits physical, 48 bits virtual
power management:

processor	: 3
vendor_id	: GenuineIntel
cpu family	: 6
model		: 37
model name	: Intel(R) Core(TM) i3 CPU       M 380  @ 2.53GHz
stepping	: 5
microcode	: 0x2
cpu MHz		: 933.000
cache size	: 3072 KB
physical id	: 0
siblings	: 4
core id		: 2
cpu cores	: 2
apicid		: 5
initial apicid	: 5
fpu		: yes
fpu_exception	: yes
cpuid level	: 11
wp		: yes
flags		: fpu vme de pse tsc msr pae mce cx8 apic sep mtrr pge mca cmov pat pse36 clflush dts acpi mmx fxsr sse sse2 ss ht tm pbe syscall nx rdtscp lm constant_tsc arch_perfmon pebs bts rep_good nopl xtopology nonstop_tsc aperfmperf pni dtes64 monitor ds_cpl vmx est tm2 ssse3 cx16 xtpr pdcm pcid sse4_1 sse4_2 popcnt lahf_lm arat dtherm tpr_shadow vnmi flexpriority ept vpid
bogomips	: 5054.41
clflush size	: 64
cache_alignment	: 64
address sizes	: 36 bits physical, 48 bits virtual
power management:



Memory: 4k page, physical 3715476k(1322500k free), swap 3856380k(3855740k free)

vm_info: OpenJDK 64-Bit Server VM (24.45-b08) for linux-amd64 JRE (1.7.0_51-b00), built on Jan 15 2014 22:02:57 by "buildd" with gcc 4.8.1

time: Mon Apr 21 21:18:09 2014
elapsed time: 10 seconds

