#
# A fatal error has been detected by the Java Runtime Environment:
#
#  SIGSEGV (0xb) at pc=0x00007f04c644fa6b, pid=12467, tid=139658860193536
#
# JRE version: OpenJDK Runtime Environment (7.0_51) (build 1.7.0_51-b00)
# Java VM: OpenJDK 64-Bit Server VM (24.45-b08 mixed mode linux-amd64 compressed oops)
# Problematic frame:
# C  [libhalf_edge.so+0xa6b]  he_intersection+0x53
#
# Failed to write core dump. Core dumps have been disabled. To enable core dumping, try "ulimit -c unlimited" before starting Java again
#
# If you would like to submit a bug report, please include
# instructions on how to reproduce the bug and visit:
#   http://icedtea.classpath.org/bugzilla
# The crash happened outside the Java Virtual Machine in native code.
# See problematic frame for where to report the bug.
#

---------------  T H R E A D  ---------------

Current thread (0x00007f04d800a800):  JavaThread "main" [_thread_in_native, id=12492, stack(0x00007f04dca06000,0x00007f04dcc07000)]

siginfo:si_signo=SIGSEGV: si_errno=0, si_code=128 (), si_addr=0x0000000000000000

Registers:
RAX=0xb8058b48f8458948, RBX=0x00000000d79ae0f0, RCX=0x0000000000000028, RDX=0x00007f04c5e4511d
RSP=0x00007f04dcc03ef0, RBP=0x00007f04dcc03f70, RSI=0x00007f04c5e4511d, RDI=0x00007f04d8547090
R8 =0x00007f04debdf6a0, R9 =0x00007f04de86d134, R10=0x00007f04dcc03d20, R11=0x00007f04c644fa18
R12=0x0000000000000000, R13=0x00000000d79ae0f0, R14=0x00007f04dcc04168, R15=0x00007f04d800a800
RIP=0x00007f04c644fa6b, EFLAGS=0x0000000000010207, CSGSFS=0x0000000000000033, ERR=0x0000000000000000
  TRAPNO=0x000000000000000d

Top of Stack: (sp=0x00007f04dcc03ef0)
0x00007f04dcc03ef0:   0000000000000005 0000000000000000
0x00007f04dcc03f00:   00007f04c5e4511d 00007f04d8547090
0x00007f04dcc03f10:   0000000000000000 0000000000000000
0x00007f04dcc03f20:   3ff0000000000000 4018000000000000
0x00007f04dcc03f30:   00007f04d8547090 0000000000000028
0x00007f04dcc03f40:   00007f04c5e4511d 00007f04c5e4511d
0x00007f04dcc03f50:   00007f04d8547090 00007f04debdf6a0
0x00007f04dcc03f60:   00007f04de86d134 00007f04d853a4a0
0x00007f04dcc03f70:   00007f04dcc03ff0 00007f04c5e455cd
0x00007f04dcc03f80:   0000000000000000 00007f04d8550040
0x00007f04dcc03f90:   00007f04d854fb90 00007f04d8550060
0x00007f04dcc03fa0:   00007f04d85500c0 00007f04d85503f0
0x00007f04dcc03fb0:   00007f04d85503c0 00007f04d8568570
0x00007f04dcc03fc0:   00007f04d8547090 00007f04c5e4511d
0x00007f04dcc03fd0:   00000001d85500a0 00007f04d85500a0
0x00007f04dcc03fe0:   00007f04d85500c0 00007f04d8550150
0x00007f04dcc03ff0:   00007f04dcc04030 00007f04c5e45839
0x00007f04dcc04000:   00007f04debe29f0 00007f04d85500a0
0x00007f04dcc04010:   00007f04d85500a0 00007f04d8550060
0x00007f04dcc04020:   00007f04d8550040 00007f04d854fb90
0x00007f04dcc04030:   00007f04dcc04080 00007f04c5e458fc
0x00007f04dcc04040:   00007f04dcc040b0 00007f04d854fe40
0x00007f04dcc04050:   00007f04dcc04068 00007f04d8550080
0x00007f04dcc04060:   00007f04d854ff60 00007f04d85500a0
0x00007f04dcc04070:   00007f04dcc04070 00000000d69ffdfd
0x00007f04dcc04080:   00007f04d84d1300 00007f04c705fcd9
0x00007f04dcc04090:   00000000d7d33040 00000000d79ae0f0
0x00007f04dcc040a0:   00007f04dcc04120 00007f04d47d6738
0x00007f04dcc040b0:   00007f04dcc04110 00007f04d47ca233
0x00007f04dcc040c0:   00000000f6b49e78 00000000f6b78b48
0x00007f04dcc040d0:   00007f04dcc040d0 00000000d69ff00f
0x00007f04dcc040e0:   00007f04dcc040e0 0000000000000000 

Instructions: (pc=0x00007f04c644fa6b)
0x00007f04c644fa4b:   40 08 48 8b 00 48 89 45 b0 48 8b 45 98 48 8b 40
0x00007f04c644fa5b:   08 48 8b 40 08 48 89 45 b8 48 8b 45 90 48 8b 00
0x00007f04c644fa6b:   48 8b 00 48 89 45 c0 48 8b 45 90 48 8b 00 48 8b
0x00007f04c644fa7b:   40 08 48 89 45 c8 48 8b 45 90 48 8b 40 08 48 8b 

Register to memory mapping:

RAX=0xb8058b48f8458948 is an unknown value
RBX=0x00000000d79ae0f0 is an oop
{method} 
 - klass: {other class}
RCX=0x0000000000000028 is an unknown value
RDX=0x00007f04c5e4511d: rb_min+0x32 in lib/libintersection.so at 0x00007f04c5e43000
RSP=0x00007f04dcc03ef0 is pointing into the stack for thread: 0x00007f04d800a800
RBP=0x00007f04dcc03f70 is pointing into the stack for thread: 0x00007f04d800a800
RSI=0x00007f04c5e4511d: rb_min+0x32 in lib/libintersection.so at 0x00007f04c5e43000
RDI=0x00007f04d8547090 is an unknown value
R8 =0x00007f04debdf6a0: _IO_file_jumps+0 in /lib/x86_64-linux-gnu/libc.so.6 at 0x00007f04de81f000
R9 =0x00007f04de86d134: _IO_vfprintf+0x49b4 in /lib/x86_64-linux-gnu/libc.so.6 at 0x00007f04de81f000
R10=0x00007f04dcc03d20 is pointing into the stack for thread: 0x00007f04d800a800
R11=0x00007f04c644fa18: he_intersection+0 in lib/libhalf_edge.so at 0x00007f04c644f000
R12=0x0000000000000000 is an unknown value
R13=0x00000000d79ae0f0 is an oop
{method} 
 - klass: {other class}
R14=0x00007f04dcc04168 is pointing into the stack for thread: 0x00007f04d800a800
R15=0x00007f04d800a800 is a thread


Stack: [0x00007f04dca06000,0x00007f04dcc07000],  sp=0x00007f04dcc03ef0,  free space=2039k
Native frames: (J=compiled Java code, j=interpreted, Vv=VM code, C=native code)
C  [libhalf_edge.so+0xa6b]  he_intersection+0x53
C  [libintersection.so+0x25cd]  update_intersections+0xbb
C  [libintersection.so+0x2839]  sweep+0x51
C  [libintersection.so+0x28fc]  find_intersections+0x82

Java frames: (J=compiled Java code, j=interpreted, Vv=VM code)
j  com.kenai.jffi.Foreign.invokeL1(JJJ)J+0
j  com.kenai.jffi.Invoker.invokeL1(Lcom/kenai/jffi/CallContext;JJ)J+7
j  org.jruby.ext.ffi.jffi.NativeInvoker$ffi$8.call(Lorg/jruby/runtime/ThreadContext;Lorg/jruby/runtime/builtin/IRubyObject;Lorg/jruby/RubyModule;Ljava/lang/String;Lorg/jruby/runtime/builtin/IRubyObject;)Lorg/jruby/runtime/builtin/IRubyObject;+76
j  org.jruby.runtime.callsite.CachingCallSite.cacheAndCall(Lorg/jruby/runtime/builtin/IRubyObject;Lorg/jruby/RubyClass;Lorg/jruby/runtime/ThreadContext;Lorg/jruby/runtime/builtin/IRubyObject;Lorg/jruby/runtime/builtin/IRubyObject;)Lorg/jruby/runtime/builtin/IRubyObject;+57
J  org.jruby.runtime.callsite.CachingCallSite.call(Lorg/jruby/runtime/ThreadContext;Lorg/jruby/runtime/builtin/IRubyObject;Lorg/jruby/runtime/builtin/IRubyObject;Lorg/jruby/runtime/builtin/IRubyObject;)Lorg/jruby/runtime/builtin/IRubyObject;
J  org.jruby.ast.CallOneArgNode.interpret(Lorg/jruby/Ruby;Lorg/jruby/runtime/ThreadContext;Lorg/jruby/runtime/builtin/IRubyObject;Lorg/jruby/runtime/Block;)Lorg/jruby/runtime/builtin/IRubyObject;
j  org.jruby.ast.LocalAsgnNode.interpret(Lorg/jruby/Ruby;Lorg/jruby/runtime/ThreadContext;Lorg/jruby/runtime/builtin/IRubyObject;Lorg/jruby/runtime/Block;)Lorg/jruby/runtime/builtin/IRubyObject;+30
J  org.jruby.ast.BlockNode.interpret(Lorg/jruby/Ruby;Lorg/jruby/runtime/ThreadContext;Lorg/jruby/runtime/builtin/IRubyObject;Lorg/jruby/runtime/Block;)Lorg/jruby/runtime/builtin/IRubyObject;
j  org.jruby.evaluator.ASTInterpreter.INTERPRET_METHOD(Lorg/jruby/Ruby;Lorg/jruby/runtime/ThreadContext;Ljava/lang/String;ILorg/jruby/RubyModule;Lorg/jruby/ast/Node;Ljava/lang/String;Lorg/jruby/runtime/builtin/IRubyObject;Lorg/jruby/runtime/Block;Z)Lorg/jruby/runtime/builtin/IRubyObject;+30
j  org.jruby.internal.runtime.methods.InterpretedMethod.call(Lorg/jruby/runtime/ThreadContext;Lorg/jruby/runtime/builtin/IRubyObject;Lorg/jruby/RubyModule;Ljava/lang/String;)Lorg/jruby/runtime/builtin/IRubyObject;+80
j  org.jruby.internal.runtime.methods.DefaultMethod.call(Lorg/jruby/runtime/ThreadContext;Lorg/jruby/runtime/builtin/IRubyObject;Lorg/jruby/RubyModule;Ljava/lang/String;)Lorg/jruby/runtime/builtin/IRubyObject;+20
J  org.jruby.ast.CallNoArgNode.interpret(Lorg/jruby/Ruby;Lorg/jruby/runtime/ThreadContext;Lorg/jruby/runtime/builtin/IRubyObject;Lorg/jruby/runtime/Block;)Lorg/jruby/runtime/builtin/IRubyObject;
j  org.jruby.ast.FCallTwoArgNode.interpret(Lorg/jruby/Ruby;Lorg/jruby/runtime/ThreadContext;Lorg/jruby/runtime/builtin/IRubyObject;Lorg/jruby/runtime/Block;)Lorg/jruby/runtime/builtin/IRubyObject;+28
J  org.jruby.ast.BlockNode.interpret(Lorg/jruby/Ruby;Lorg/jruby/runtime/ThreadContext;Lorg/jruby/runtime/builtin/IRubyObject;Lorg/jruby/runtime/Block;)Lorg/jruby/runtime/builtin/IRubyObject;
j  org.jruby.evaluator.ASTInterpreter.INTERPRET_METHOD(Lorg/jruby/Ruby;Lorg/jruby/runtime/ThreadContext;Ljava/lang/String;ILorg/jruby/RubyModule;Lorg/jruby/ast/Node;Ljava/lang/String;Lorg/jruby/runtime/builtin/IRubyObject;Lorg/jruby/runtime/Block;Z)Lorg/jruby/runtime/builtin/IRubyObject;+30
j  org.jruby.internal.runtime.methods.InterpretedMethod.call(Lorg/jruby/runtime/ThreadContext;Lorg/jruby/runtime/builtin/IRubyObject;Lorg/jruby/RubyModule;Ljava/lang/String;)Lorg/jruby/runtime/builtin/IRubyObject;+80
j  org.jruby.internal.runtime.methods.DefaultMethod.call(Lorg/jruby/runtime/ThreadContext;Lorg/jruby/runtime/builtin/IRubyObject;Lorg/jruby/RubyModule;Ljava/lang/String;)Lorg/jruby/runtime/builtin/IRubyObject;+20
j  org.jruby.runtime.callsite.CachingCallSite.cacheAndCall(Lorg/jruby/runtime/builtin/IRubyObject;Lorg/jruby/RubyClass;Lorg/jruby/runtime/ThreadContext;Lorg/jruby/runtime/builtin/IRubyObject;)Lorg/jruby/runtime/builtin/IRubyObject;+53
j  org.jruby.runtime.callsite.CachingCallSite.call(Lorg/jruby/runtime/ThreadContext;Lorg/jruby/runtime/builtin/IRubyObject;Lorg/jruby/runtime/builtin/IRubyObject;)Lorg/jruby/runtime/builtin/IRubyObject;+46
j  Makefile.method__3$RUBY$test(LMakefile;Lorg/jruby/runtime/ThreadContext;Lorg/jruby/runtime/builtin/IRubyObject;Lorg/jruby/runtime/Block;)Lorg/jruby/runtime/builtin/IRubyObject;+130
j  Makefile$method__3$RUBY$test.call(Lorg/jruby/runtime/ThreadContext;Lorg/jruby/runtime/builtin/IRubyObject;Lorg/jruby/RubyModule;Ljava/lang/String;Lorg/jruby/runtime/Block;)Lorg/jruby/runtime/builtin/IRubyObject;+17
j  org.jruby.RubyClass.finvoke(Lorg/jruby/runtime/ThreadContext;Lorg/jruby/runtime/builtin/IRubyObject;Ljava/lang/String;Lorg/jruby/runtime/Block;)Lorg/jruby/runtime/builtin/IRubyObject;+41
j  org.jruby.RubyBasicObject.send19(Lorg/jruby/runtime/ThreadContext;Lorg/jruby/runtime/builtin/IRubyObject;Lorg/jruby/runtime/Block;)Lorg/jruby/runtime/builtin/IRubyObject;+15
j  org.jruby.RubyKernel.send19(Lorg/jruby/runtime/ThreadContext;Lorg/jruby/runtime/builtin/IRubyObject;Lorg/jruby/runtime/builtin/IRubyObject;Lorg/jruby/runtime/Block;)Lorg/jruby/runtime/builtin/IRubyObject;+7
j  org.jruby.RubyKernel$INVOKER$s$send19.call(Lorg/jruby/runtime/ThreadContext;Lorg/jruby/runtime/builtin/IRubyObject;Lorg/jruby/RubyModule;Ljava/lang/String;Lorg/jruby/runtime/builtin/IRubyObject;Lorg/jruby/runtime/Block;)Lorg/jruby/runtime/builtin/IRubyObject;+6
j  org.jruby.internal.runtime.methods.JavaMethod$JavaMethodOneOrNBlock.call(Lorg/jruby/runtime/ThreadContext;Lorg/jruby/runtime/builtin/IRubyObject;Lorg/jruby/RubyModule;Ljava/lang/String;Lorg/jruby/runtime/builtin/IRubyObject;)Lorg/jruby/runtime/builtin/IRubyObject;+11
j  org.jruby.runtime.callsite.CachingCallSite.call(Lorg/jruby/runtime/ThreadContext;Lorg/jruby/runtime/builtin/IRubyObject;Lorg/jruby/runtime/builtin/IRubyObject;Lorg/jruby/runtime/builtin/IRubyObject;)Lorg/jruby/runtime/builtin/IRubyObject;+38
j  Makefile.block_7$RUBY$__file__(LMakefile;Lorg/jruby/runtime/ThreadContext;Lorg/jruby/runtime/builtin/IRubyObject;[Lorg/jruby/runtime/builtin/IRubyObject;Lorg/jruby/runtime/Block;)Lorg/jruby/runtime/builtin/IRubyObject;+46
j  Makefile$block_7$RUBY$__file__.call(Lorg/jruby/runtime/ThreadContext;Lorg/jruby/runtime/builtin/IRubyObject;[Lorg/jruby/runtime/builtin/IRubyObject;Lorg/jruby/runtime/Block;)Lorg/jruby/runtime/builtin/IRubyObject;+9
j  org.jruby.runtime.CompiledBlock19.yield(Lorg/jruby/runtime/ThreadContext;Lorg/jruby/runtime/builtin/IRubyObject;Lorg/jruby/runtime/Binding;Lorg/jruby/runtime/Block$Type;)Lorg/jruby/runtime/builtin/IRubyObject;+52
j  org.jruby.runtime.Block.yield(Lorg/jruby/runtime/ThreadContext;Lorg/jruby/runtime/builtin/IRubyObject;)Lorg/jruby/runtime/builtin/IRubyObject;+14
j  org.jruby.RubyArray.eachCommon(Lorg/jruby/runtime/ThreadContext;Lorg/jruby/runtime/Block;)Lorg/jruby/runtime/builtin/IRubyObject;+41
j  org.jruby.RubyArray.each(Lorg/jruby/runtime/ThreadContext;Lorg/jruby/runtime/Block;)Lorg/jruby/runtime/builtin/IRubyObject;+10
j  org.jruby.RubyArray$INVOKER$i$0$0$each.call(Lorg/jruby/runtime/ThreadContext;Lorg/jruby/runtime/builtin/IRubyObject;Lorg/jruby/RubyModule;Ljava/lang/String;Lorg/jruby/runtime/Block;)Lorg/jruby/runtime/builtin/IRubyObject;+7
j  org.jruby.runtime.callsite.CachingCallSite.cacheAndCall(Lorg/jruby/runtime/builtin/IRubyObject;Lorg/jruby/RubyClass;Lorg/jruby/runtime/Block;Lorg/jruby/runtime/ThreadContext;Lorg/jruby/runtime/builtin/IRubyObject;)Lorg/jruby/runtime/builtin/IRubyObject;+57
j  org.jruby.runtime.callsite.CachingCallSite.callBlock(Lorg/jruby/runtime/ThreadContext;Lorg/jruby/runtime/builtin/IRubyObject;Lorg/jruby/runtime/builtin/IRubyObject;Lorg/jruby/runtime/Block;)Lorg/jruby/runtime/builtin/IRubyObject;+50
j  org.jruby.runtime.callsite.CachingCallSite.callIter(Lorg/jruby/runtime/ThreadContext;Lorg/jruby/runtime/builtin/IRubyObject;Lorg/jruby/runtime/builtin/IRubyObject;Lorg/jruby/runtime/Block;)Lorg/jruby/runtime/builtin/IRubyObject;+6
j  Makefile.__file__(LMakefile;Lorg/jruby/runtime/ThreadContext;Lorg/jruby/runtime/builtin/IRubyObject;[Lorg/jruby/runtime/builtin/IRubyObject;Lorg/jruby/runtime/Block;)Lorg/jruby/runtime/builtin/IRubyObject;+938
j  Makefile.load(Lorg/jruby/runtime/ThreadContext;Lorg/jruby/runtime/builtin/IRubyObject;Z)Lorg/jruby/runtime/builtin/IRubyObject;+22
j  org.jruby.Ruby.runScript(Lorg/jruby/ast/executable/Script;Z)Lorg/jruby/runtime/builtin/IRubyObject;+12
j  org.jruby.Ruby.runScript(Lorg/jruby/ast/executable/Script;)Lorg/jruby/runtime/builtin/IRubyObject;+3
j  org.jruby.Ruby.runNormally(Lorg/jruby/ast/Node;)Lorg/jruby/runtime/builtin/IRubyObject;+73
j  org.jruby.Ruby.runFromMain(Ljava/io/InputStream;Ljava/lang/String;)V+320
j  org.jruby.Main.doRunFromMain(Lorg/jruby/Ruby;Ljava/io/InputStream;Ljava/lang/String;)Lorg/jruby/Main$Status;+12
j  org.jruby.Main.internalRun()Lorg/jruby/Main$Status;+234
j  org.jruby.Main.run([Ljava/lang/String;)Lorg/jruby/Main$Status;+9
j  org.jruby.Main.main([Ljava/lang/String;)V+35
v  ~StubRoutines::call_stub

---------------  P R O C E S S  ---------------

Java Threads: ( => current thread )
  0x00007f04d8517000 JavaThread "JRubyJIT-2" daemon [_thread_blocked, id=12628, stack(0x00007f04c6c56000,0x00007f04c6e57000)]
  0x00007f04d8509000 JavaThread "process reaper" daemon [_thread_blocked, id=12508, stack(0x00007f04cc030000,0x00007f04cc069000)]
  0x00007f04d84f9000 JavaThread "JRubyJIT-1" daemon [_thread_blocked, id=12505, stack(0x00007f04c6e57000,0x00007f04c7058000)]
  0x00007f04d80ae000 JavaThread "Service Thread" daemon [_thread_blocked, id=12503, stack(0x00007f04ccb51000,0x00007f04ccd52000)]
  0x00007f04d80ab800 JavaThread "C2 CompilerThread1" daemon [_thread_in_native, id=12502, stack(0x00007f04ccd52000,0x00007f04cce53000)]
  0x00007f04d80a8800 JavaThread "C2 CompilerThread0" daemon [_thread_blocked, id=12501, stack(0x00007f04cce53000,0x00007f04ccf54000)]
  0x00007f04d80a6800 JavaThread "Signal Dispatcher" daemon [_thread_blocked, id=12500, stack(0x00007f04ccf54000,0x00007f04cd155000)]
  0x00007f04d8082800 JavaThread "Finalizer" daemon [_thread_blocked, id=12499, stack(0x00007f04cd54f000,0x00007f04cd750000)]
  0x00007f04d8080800 JavaThread "Reference Handler" daemon [_thread_blocked, id=12498, stack(0x00007f04cd750000,0x00007f04cd951000)]
=>0x00007f04d800a800 JavaThread "main" [_thread_in_native, id=12492, stack(0x00007f04dca06000,0x00007f04dcc07000)]

Other Threads:
  0x00007f04d807c800 VMThread [stack: 0x00007f04cd951000,0x00007f04cda52000] [id=12497]
  0x00007f04d80b8800 WatcherThread [stack: 0x00007f04cca50000,0x00007f04ccb51000] [id=12504]

VM state:not at safepoint (normal execution)

VM Mutex/Monitor currently owned by a thread: None

Heap
 PSYoungGen      total 32768K, used 30814K [0x00000000f5900000, 0x00000000f7b00000, 0x0000000100000000)
  eden space 30720K, 93% used [0x00000000f5900000,0x00000000f751e320,0x00000000f7700000)
  from space 2048K, 98% used [0x00000000f7900000,0x00000000f7af9518,0x00000000f7b00000)
  to   space 2048K, 0% used [0x00000000f7700000,0x00000000f7700000,0x00000000f7900000)
 ParOldGen       total 38400K, used 5879K [0x00000000e0c00000, 0x00000000e3180000, 0x00000000f5900000)
  object space 38400K, 15% used [0x00000000e0c00000,0x00000000e11bde70,0x00000000e3180000)
 PSPermGen       total 25600K, used 25470K [0x00000000d6600000, 0x00000000d7f00000, 0x00000000e0c00000)
  object space 25600K, 99% used [0x00000000d6600000,0x00000000d7edf860,0x00000000d7f00000)

Card table byte_map: [0x00007f04dc068000,0x00007f04dc1b6000] byte_map_base: 0x00007f04db9b5000

Polling page: 0x00007f04df014000

Code Cache  [0x00007f04d47c4000, 0x00007f04d4a34000, 0x00007f04d77c4000)
 total_blobs=972 nmethods=493 adapters=433 free_code_cache=47414Kb largest_free_block=48512832

Compilation events (10 events):
Event: 4,015 Thread 0x00007f04d80a8800  498             org.jruby.RubyClass::getVariableTableManager (5 bytes)
Event: 4,015 Thread 0x00007f04d80a8800 nmethod 498 0x00007f04d4977a50 code [0x00007f04d4977b80, 0x00007f04d4977bd8]
Event: 4,015 Thread 0x00007f04d80a8800  499             org.jruby.runtime.scope.OneVarDynamicScope::setArgValues (13 bytes)
Event: 4,016 Thread 0x00007f04d80a8800 nmethod 499 0x00007f04d4977790 code [0x00007f04d49778e0, 0x00007f04d4977978]
Event: 4,020 Thread 0x00007f04d80a8800  500             org.jruby.RubyArray::eachCommon (53 bytes)
Event: 4,020 Thread 0x00007f04d80ab800 nmethod 497 0x00007f04d497e790 code [0x00007f04d497e9a0, 0x00007f04d497f2e0]
Event: 4,021 Thread 0x00007f04d80ab800  501             org.jruby.ast.executable.AbstractScript::getCallSite (10 bytes)
Event: 4,022 Thread 0x00007f04d80ab800 nmethod 501 0x00007f04d49774d0 code [0x00007f04d4977620, 0x00007f04d49776b8]
Event: 4,023 Thread 0x00007f04d80a8800 nmethod 500 0x00007f04d4979610 code [0x00007f04d4979760, 0x00007f04d49798f8]
Event: 4,026 Thread 0x00007f04d80ab800  502             org.jruby.runtime.callsite.CachingCallSite::callBlock (58 bytes)

GC Heap History (4 events):
Event: 1,357 GC heap before
{Heap before GC invocations=1 (full 0):
 PSYoungGen      total 17408K, used 15360K [0x00000000f5900000, 0x00000000f6c00000, 0x0000000100000000)
  eden space 15360K, 100% used [0x00000000f5900000,0x00000000f6800000,0x00000000f6800000)
  from space 2048K, 0% used [0x00000000f6a00000,0x00000000f6a00000,0x00000000f6c00000)
  to   space 2048K, 0% used [0x00000000f6800000,0x00000000f6800000,0x00000000f6a00000)
 ParOldGen       total 38400K, used 0K [0x00000000e0c00000, 0x00000000e3180000, 0x00000000f5900000)
  object space 38400K, 0% used [0x00000000e0c00000,0x00000000e0c00000,0x00000000e3180000)
 PSPermGen       total 21504K, used 18949K [0x00000000d6600000, 0x00000000d7b00000, 0x00000000e0c00000)
  object space 21504K, 88% used [0x00000000d6600000,0x00000000d78816c8,0x00000000d7b00000)
Event: 1,372 GC heap after
Heap after GC invocations=1 (full 0):
 PSYoungGen      total 17408K, used 2037K [0x00000000f5900000, 0x00000000f7b00000, 0x0000000100000000)
  eden space 15360K, 0% used [0x00000000f5900000,0x00000000f5900000,0x00000000f6800000)
  from space 2048K, 99% used [0x00000000f6800000,0x00000000f69fd4b8,0x00000000f6a00000)
  to   space 2048K, 0% used [0x00000000f7900000,0x00000000f7900000,0x00000000f7b00000)
 ParOldGen       total 38400K, used 3796K [0x00000000e0c00000, 0x00000000e3180000, 0x00000000f5900000)
  object space 38400K, 9% used [0x00000000e0c00000,0x00000000e0fb50c8,0x00000000e3180000)
 PSPermGen       total 21504K, used 18949K [0x00000000d6600000, 0x00000000d7b00000, 0x00000000e0c00000)
  object space 21504K, 88% used [0x00000000d6600000,0x00000000d78816c8,0x00000000d7b00000)
}
Event: 2,271 GC heap before
{Heap before GC invocations=2 (full 0):
 PSYoungGen      total 17408K, used 17397K [0x00000000f5900000, 0x00000000f7b00000, 0x0000000100000000)
  eden space 15360K, 100% used [0x00000000f5900000,0x00000000f6800000,0x00000000f6800000)
  from space 2048K, 99% used [0x00000000f6800000,0x00000000f69fd4b8,0x00000000f6a00000)
  to   space 2048K, 0% used [0x00000000f7900000,0x00000000f7900000,0x00000000f7b00000)
 ParOldGen       total 38400K, used 3796K [0x00000000e0c00000, 0x00000000e3180000, 0x00000000f5900000)
  object space 38400K, 9% used [0x00000000e0c00000,0x00000000e0fb50c8,0x00000000e3180000)
 PSPermGen       total 23552K, used 23439K [0x00000000d6600000, 0x00000000d7d00000, 0x00000000e0c00000)
  object space 23552K, 99% used [0x00000000d6600000,0x00000000d7ce3d58,0x00000000d7d00000)
Event: 2,297 GC heap after
Heap after GC invocations=2 (full 0):
 PSYoungGen      total 32768K, used 2021K [0x00000000f5900000, 0x00000000f7b00000, 0x0000000100000000)
  eden space 30720K, 0% used [0x00000000f5900000,0x00000000f5900000,0x00000000f7700000)
  from space 2048K, 98% used [0x00000000f7900000,0x00000000f7af9518,0x00000000f7b00000)
  to   space 2048K, 0% used [0x00000000f7700000,0x00000000f7700000,0x00000000f7900000)
 ParOldGen       total 38400K, used 5879K [0x00000000e0c00000, 0x00000000e3180000, 0x00000000f5900000)
  object space 38400K, 15% used [0x00000000e0c00000,0x00000000e11bde70,0x00000000e3180000)
 PSPermGen       total 23552K, used 23439K [0x00000000d6600000, 0x00000000d7d00000, 0x00000000e0c00000)
  object space 23552K, 99% used [0x00000000d6600000,0x00000000d7ce3d58,0x00000000d7d00000)
}

Deoptimization events (10 events):
Event: 4,016 Thread 0x00007f04d800a800 Uncommon trap: reason=class_check action=maybe_recompile pc=0x00007f04d49067f8 method=org.jruby.RubyArray.compare(Lorg/jruby/runtime/ThreadContext;Lorg/jruby/runtime/invokedynamic/MethodNames;Lorg/jruby/runtime/builtin/IRubyObject;)Lorg/jruby/RubyBoolean;
Event: 4,019 Thread 0x00007f04d800a800 Uncommon trap: reason=class_check action=maybe_recompile pc=0x00007f04d49692c4 method=org.jruby.ext.ffi.StructByReference.to_native(Lorg/jruby/runtime/ThreadContext;Lorg/jruby/runtime/builtin/IRubyObject;Lorg/jruby/runtime/builtin/IRubyObject;)Lorg/jruby/
Event: 4,020 Thread 0x00007f04d800a800 Uncommon trap: reason=bimorphic action=maybe_recompile pc=0x00007f04d49780c8 method=org.jruby.RubyClass.allocate()Lorg/jruby/runtime/builtin/IRubyObject; @ 54
Event: 4,020 Thread 0x00007f04d800a800 Uncommon trap: reason=bimorphic action=maybe_recompile pc=0x00007f04d49780c8 method=org.jruby.RubyClass.allocate()Lorg/jruby/runtime/builtin/IRubyObject; @ 54
Event: 4,020 Thread 0x00007f04d800a800 Uncommon trap: reason=class_check action=maybe_recompile pc=0x00007f04d4975164 method=org.jruby.runtime.ivars.VariableAccessor.get(Ljava/lang/Object;)Ljava/lang/Object; @ 1
Event: 4,020 Thread 0x00007f04d800a800 Uncommon trap: reason=class_check action=maybe_recompile pc=0x00007f04d4975164 method=org.jruby.runtime.ivars.VariableAccessor.get(Ljava/lang/Object;)Ljava/lang/Object; @ 1
Event: 4,020 Thread 0x00007f04d800a800 Uncommon trap: reason=class_check action=maybe_recompile pc=0x00007f04d4975164 method=org.jruby.runtime.ivars.VariableAccessor.get(Ljava/lang/Object;)Ljava/lang/Object; @ 1
Event: 4,020 Thread 0x00007f04d800a800 Uncommon trap: reason=class_check action=maybe_recompile pc=0x00007f04d4975164 method=org.jruby.runtime.ivars.VariableAccessor.get(Ljava/lang/Object;)Ljava/lang/Object; @ 1
Event: 4,020 Thread 0x00007f04d800a800 Uncommon trap: reason=bimorphic action=maybe_recompile pc=0x00007f04d49780c8 method=org.jruby.RubyClass.allocate()Lorg/jruby/runtime/builtin/IRubyObject; @ 54
Event: 4,020 Thread 0x00007f04d800a800 Uncommon trap: reason=bimorphic action=maybe_recompile pc=0x00007f04d49780c8 method=org.jruby.RubyClass.allocate()Lorg/jruby/runtime/builtin/IRubyObject; @ 54

Internal exceptions (10 events):
Event: 3,587 Thread 0x00007f04d800a800 Threw 0x00000000f6d5e7e0 at /build/buildd/openjdk-7-7u51-2.4.4/build/openjdk/hotspot/src/share/vm/prims/jvm.cpp:1244
Event: 3,587 Thread 0x00007f04d800a800 Threw 0x00000000f6d5f290 at /build/buildd/openjdk-7-7u51-2.4.4/build/openjdk/hotspot/src/share/vm/prims/jvm.cpp:1244
Event: 3,588 Thread 0x00007f04d800a800 Threw 0x00000000f6d6ae00 at /build/buildd/openjdk-7-7u51-2.4.4/build/openjdk/hotspot/src/share/vm/prims/jvm.cpp:1244
Event: 3,588 Thread 0x00007f04d800a800 Threw 0x00000000f6d6cec0 at /build/buildd/openjdk-7-7u51-2.4.4/build/openjdk/hotspot/src/share/vm/prims/jvm.cpp:1244
Event: 3,588 Thread 0x00007f04d800a800 Threw 0x00000000f6d6d970 at /build/buildd/openjdk-7-7u51-2.4.4/build/openjdk/hotspot/src/share/vm/prims/jvm.cpp:1244
Event: 3,589 Thread 0x00007f04d800a800 Threw 0x00000000f6d6f810 at /build/buildd/openjdk-7-7u51-2.4.4/build/openjdk/hotspot/src/share/vm/prims/jvm.cpp:1244
Event: 3,589 Thread 0x00007f04d800a800 Threw 0x00000000f6d718d0 at /build/buildd/openjdk-7-7u51-2.4.4/build/openjdk/hotspot/src/share/vm/prims/jvm.cpp:1244
Event: 3,589 Thread 0x00007f04d800a800 Threw 0x00000000f6d72380 at /build/buildd/openjdk-7-7u51-2.4.4/build/openjdk/hotspot/src/share/vm/prims/jvm.cpp:1244
Event: 4,026 Thread 0x00007f04d8517000 Threw 0x00000000f6b19c28 at /build/buildd/openjdk-7-7u51-2.4.4/build/openjdk/hotspot/src/share/vm/prims/jvm.cpp:1244
Event: 4,026 Thread 0x00007f04d8517000 Threw 0x00000000f74eb8c8 at /build/buildd/openjdk-7-7u51-2.4.4/build/openjdk/hotspot/src/share/vm/prims/jvm.cpp:1244

Events (10 events):
Event: 4,020 Thread 0x00007f04d800a800 DEOPT PACKING pc=0x00007f04d4975164 sp=0x00007f04dcc032d0
Event: 4,020 Thread 0x00007f04d800a800 DEOPT UNPACKING pc=0x00007f04d47fd045 sp=0x00007f04dcc03298 mode 2
Event: 4,020 Thread 0x00007f04d800a800 Uncommon trap: trap_request=0xffffffc6 fr.pc=0x00007f04d49780c8
Event: 4,020 Thread 0x00007f04d800a800 DEOPT PACKING pc=0x00007f04d49780c8 sp=0x00007f04dcc036c0
Event: 4,020 Thread 0x00007f04d800a800 DEOPT UNPACKING pc=0x00007f04d47fd045 sp=0x00007f04dcc036b0 mode 2
Event: 4,020 Thread 0x00007f04d800a800 Uncommon trap: trap_request=0xffffffc6 fr.pc=0x00007f04d49780c8
Event: 4,020 Thread 0x00007f04d800a800 DEOPT PACKING pc=0x00007f04d49780c8 sp=0x00007f04dcc036c0
Event: 4,020 Thread 0x00007f04d800a800 DEOPT UNPACKING pc=0x00007f04d47fd045 sp=0x00007f04dcc036b0 mode 2
Event: 4,026 loading class 0x00007f048c006580
Event: 4,026 loading class 0x00007f048c006580 done


Dynamic libraries:
00400000-00401000 r-xp 00000000 08:01 15861394                           /usr/lib/jvm/java-7-openjdk-amd64/jre/bin/java
00600000-00601000 r--p 00000000 08:01 15861394                           /usr/lib/jvm/java-7-openjdk-amd64/jre/bin/java
00601000-00602000 rw-p 00001000 08:01 15861394                           /usr/lib/jvm/java-7-openjdk-amd64/jre/bin/java
0076c000-0078d000 rw-p 00000000 00:00 0                                  [heap]
d6600000-d7f00000 rw-p 00000000 00:00 0 
d7f00000-e0c00000 rw-p 00000000 00:00 0 
e0c00000-e3180000 rw-p 00000000 00:00 0 
e3180000-f5900000 rw-p 00000000 00:00 0 
f5900000-f7b00000 rw-p 00000000 00:00 0 
f7b00000-100000000 rw-p 00000000 00:00 0 
7f0488000000-7f0488021000 rw-p 00000000 00:00 0 
7f0488021000-7f048c000000 ---p 00000000 00:00 0 
7f048c000000-7f048c021000 rw-p 00000000 00:00 0 
7f048c021000-7f0490000000 ---p 00000000 00:00 0 
7f0490000000-7f0490021000 rw-p 00000000 00:00 0 
7f0490021000-7f0494000000 ---p 00000000 00:00 0 
7f0494000000-7f0494021000 rw-p 00000000 00:00 0 
7f0494021000-7f0498000000 ---p 00000000 00:00 0 
7f0498000000-7f0498021000 rw-p 00000000 00:00 0 
7f0498021000-7f049c000000 ---p 00000000 00:00 0 
7f049c000000-7f049c027000 rw-p 00000000 00:00 0 
7f049c027000-7f04a0000000 ---p 00000000 00:00 0 
7f04a0000000-7f04a0c52000 rw-p 00000000 00:00 0 
7f04a0c52000-7f04a4000000 ---p 00000000 00:00 0 
7f04a4000000-7f04a4021000 rw-p 00000000 00:00 0 
7f04a4021000-7f04a8000000 ---p 00000000 00:00 0 
7f04a8000000-7f04a8021000 rw-p 00000000 00:00 0 
7f04a8021000-7f04ac000000 ---p 00000000 00:00 0 
7f04ac000000-7f04acc33000 rw-p 00000000 00:00 0 
7f04acc33000-7f04b0000000 ---p 00000000 00:00 0 
7f04b0000000-7f04b0021000 rw-p 00000000 00:00 0 
7f04b0021000-7f04b4000000 ---p 00000000 00:00 0 
7f04b4000000-7f04b4021000 rw-p 00000000 00:00 0 
7f04b4021000-7f04b8000000 ---p 00000000 00:00 0 
7f04b8000000-7f04b8021000 rw-p 00000000 00:00 0 
7f04b8021000-7f04bc000000 ---p 00000000 00:00 0 
7f04bc000000-7f04bc021000 rw-p 00000000 00:00 0 
7f04bc021000-7f04c0000000 ---p 00000000 00:00 0 
7f04c0000000-7f04c0021000 rw-p 00000000 00:00 0 
7f04c0021000-7f04c4000000 ---p 00000000 00:00 0 
7f04c5e43000-7f04c5e47000 r-xp 00000000 08:01 13894539                   /home/alex/Documents/8vo_Semestre/Geometría Computacional/Lab/practica02p1/src/lib/libintersection.so
7f04c5e47000-7f04c6046000 ---p 00004000 08:01 13894539                   /home/alex/Documents/8vo_Semestre/Geometría Computacional/Lab/practica02p1/src/lib/libintersection.so
7f04c6046000-7f04c6047000 r--p 00003000 08:01 13894539                   /home/alex/Documents/8vo_Semestre/Geometría Computacional/Lab/practica02p1/src/lib/libintersection.so
7f04c6047000-7f04c6048000 rw-p 00004000 08:01 13894539                   /home/alex/Documents/8vo_Semestre/Geometría Computacional/Lab/practica02p1/src/lib/libintersection.so
7f04c6048000-7f04c604b000 r-xp 00000000 08:01 13893852                   /home/alex/Documents/8vo_Semestre/Geometría Computacional/Lab/practica02p1/src/lib/librb_tree.so
7f04c604b000-7f04c624a000 ---p 00003000 08:01 13893852                   /home/alex/Documents/8vo_Semestre/Geometría Computacional/Lab/practica02p1/src/lib/librb_tree.so
7f04c624a000-7f04c624b000 r--p 00002000 08:01 13893852                   /home/alex/Documents/8vo_Semestre/Geometría Computacional/Lab/practica02p1/src/lib/librb_tree.so
7f04c624b000-7f04c624c000 rw-p 00003000 08:01 13893852                   /home/alex/Documents/8vo_Semestre/Geometría Computacional/Lab/practica02p1/src/lib/librb_tree.so
7f04c624c000-7f04c624e000 r-xp 00000000 08:01 13893851                   /home/alex/Documents/8vo_Semestre/Geometría Computacional/Lab/practica02p1/src/lib/libdouble_linked_list.so
7f04c624e000-7f04c644d000 ---p 00002000 08:01 13893851                   /home/alex/Documents/8vo_Semestre/Geometría Computacional/Lab/practica02p1/src/lib/libdouble_linked_list.so
7f04c644d000-7f04c644e000 r--p 00001000 08:01 13893851                   /home/alex/Documents/8vo_Semestre/Geometría Computacional/Lab/practica02p1/src/lib/libdouble_linked_list.so
7f04c644e000-7f04c644f000 rw-p 00002000 08:01 13893851                   /home/alex/Documents/8vo_Semestre/Geometría Computacional/Lab/practica02p1/src/lib/libdouble_linked_list.so
7f04c644f000-7f04c6450000 r-xp 00000000 08:01 13893849                   /home/alex/Documents/8vo_Semestre/Geometría Computacional/Lab/practica02p1/src/lib/libhalf_edge.so
7f04c6450000-7f04c6650000 ---p 00001000 08:01 13893849                   /home/alex/Documents/8vo_Semestre/Geometría Computacional/Lab/practica02p1/src/lib/libhalf_edge.so
7f04c6650000-7f04c6651000 r--p 00001000 08:01 13893849                   /home/alex/Documents/8vo_Semestre/Geometría Computacional/Lab/practica02p1/src/lib/libhalf_edge.so
7f04c6651000-7f04c6652000 rw-p 00002000 08:01 13893849                   /home/alex/Documents/8vo_Semestre/Geometría Computacional/Lab/practica02p1/src/lib/libhalf_edge.so
7f04c6652000-7f04c6653000 r-xp 00000000 08:01 13893835                   /home/alex/Documents/8vo_Semestre/Geometría Computacional/Lab/practica02p1/src/lib/lib2d_points.so
7f04c6653000-7f04c6852000 ---p 00001000 08:01 13893835                   /home/alex/Documents/8vo_Semestre/Geometría Computacional/Lab/practica02p1/src/lib/lib2d_points.so
7f04c6852000-7f04c6853000 r--p 00000000 08:01 13893835                   /home/alex/Documents/8vo_Semestre/Geometría Computacional/Lab/practica02p1/src/lib/lib2d_points.so
7f04c6853000-7f04c6854000 rw-p 00001000 08:01 13893835                   /home/alex/Documents/8vo_Semestre/Geometría Computacional/Lab/practica02p1/src/lib/lib2d_points.so
7f04c6854000-7f04c6857000 ---p 00000000 00:00 0 
7f04c6857000-7f04c6a55000 rw-p 00000000 00:00 0 
7f04c6a55000-7f04c6a58000 ---p 00000000 00:00 0 
7f04c6a58000-7f04c6c56000 rw-p 00000000 00:00 0 
7f04c6c56000-7f04c6c59000 ---p 00000000 00:00 0 
7f04c6c59000-7f04c6e57000 rw-p 00000000 00:00 0                          [stack:12628]
7f04c6e57000-7f04c6e5a000 ---p 00000000 00:00 0 
7f04c6e5a000-7f04c7058000 rw-p 00000000 00:00 0                          [stack:12505]
7f04c7058000-7f04c706a000 r-xp 00000000 08:01 12059135                   /home/alex/.rbenv/versions/jruby-1.7.10/lib/jni/x86_64-Linux/libjffi-1.2.so
7f04c706a000-7f04c7269000 ---p 00012000 08:01 12059135                   /home/alex/.rbenv/versions/jruby-1.7.10/lib/jni/x86_64-Linux/libjffi-1.2.so
7f04c7269000-7f04c726a000 rw-p 00011000 08:01 12059135                   /home/alex/.rbenv/versions/jruby-1.7.10/lib/jni/x86_64-Linux/libjffi-1.2.so
7f04c726a000-7f04c727a000 r-xp 00000000 08:01 15861288                   /usr/lib/jvm/java-7-openjdk-amd64/jre/lib/amd64/libnio.so
7f04c727a000-7f04c747a000 ---p 00010000 08:01 15861288                   /usr/lib/jvm/java-7-openjdk-amd64/jre/lib/amd64/libnio.so
7f04c747a000-7f04c747b000 r--p 00010000 08:01 15861288                   /usr/lib/jvm/java-7-openjdk-amd64/jre/lib/amd64/libnio.so
7f04c747b000-7f04c747c000 rw-p 00011000 08:01 15861288                   /usr/lib/jvm/java-7-openjdk-amd64/jre/lib/amd64/libnio.so
7f04c747c000-7f04c74b9000 r-xp 00000000 08:01 8130434                    /lib/x86_64-linux-gnu/libpcre.so.3.13.1
7f04c74b9000-7f04c76b9000 ---p 0003d000 08:01 8130434                    /lib/x86_64-linux-gnu/libpcre.so.3.13.1
7f04c76b9000-7f04c76ba000 r--p 0003d000 08:01 8130434                    /lib/x86_64-linux-gnu/libpcre.so.3.13.1
7f04c76ba000-7f04c76bb000 rw-p 0003e000 08:01 8130434                    /lib/x86_64-linux-gnu/libpcre.so.3.13.1
7f04c76bb000-7f04c76c2000 r-xp 00000000 08:01 15735894                   /usr/lib/x86_64-linux-gnu/libffi.so.6.0.1
7f04c76c2000-7f04c78c1000 ---p 00007000 08:01 15735894                   /usr/lib/x86_64-linux-gnu/libffi.so.6.0.1
7f04c78c1000-7f04c78c2000 r--p 00006000 08:01 15735894                   /usr/lib/x86_64-linux-gnu/libffi.so.6.0.1
7f04c78c2000-7f04c78c3000 rw-p 00007000 08:01 15735894                   /usr/lib/x86_64-linux-gnu/libffi.so.6.0.1
7f04c78c3000-7f04c78d9000 r-xp 00000000 08:01 8130457                    /lib/x86_64-linux-gnu/libresolv-2.17.so
7f04c78d9000-7f04c7ad9000 ---p 00016000 08:01 8130457                    /lib/x86_64-linux-gnu/libresolv-2.17.so
7f04c7ad9000-7f04c7ada000 r--p 00016000 08:01 8130457                    /lib/x86_64-linux-gnu/libresolv-2.17.so
7f04c7ada000-7f04c7adb000 rw-p 00017000 08:01 8130457                    /lib/x86_64-linux-gnu/libresolv-2.17.so
7f04c7adb000-7f04c7add000 rw-p 00000000 00:00 0 
7f04c7add000-7f04c7afc000 r-xp 00000000 08:01 8130461                    /lib/x86_64-linux-gnu/libselinux.so.1
7f04c7afc000-7f04c7cfc000 ---p 0001f000 08:01 8130461                    /lib/x86_64-linux-gnu/libselinux.so.1
7f04c7cfc000-7f04c7cfd000 r--p 0001f000 08:01 8130461                    /lib/x86_64-linux-gnu/libselinux.so.1
7f04c7cfd000-7f04c7cfe000 rw-p 00020000 08:01 8130461                    /lib/x86_64-linux-gnu/libselinux.so.1
7f04c7cfe000-7f04c7cff000 rw-p 00000000 00:00 0 
7f04c7cff000-7f04c7dfd000 r-xp 00000000 08:01 8130449                    /lib/x86_64-linux-gnu/libglib-2.0.so.0.3800.1
7f04c7dfd000-7f04c7ffd000 ---p 000fe000 08:01 8130449                    /lib/x86_64-linux-gnu/libglib-2.0.so.0.3800.1
7f04c7ffd000-7f04c7ffe000 r--p 000fe000 08:01 8130449                    /lib/x86_64-linux-gnu/libglib-2.0.so.0.3800.1
7f04c7ffe000-7f04c7fff000 rw-p 000ff000 08:01 8130449                    /lib/x86_64-linux-gnu/libglib-2.0.so.0.3800.1
7f04c7fff000-7f04c8000000 rw-p 00000000 00:00 0 
7f04c8000000-7f04c8021000 rw-p 00000000 00:00 0 
7f04c8021000-7f04cc000000 ---p 00000000 00:00 0 
7f04cc030000-7f04cc033000 ---p 00000000 00:00 0 
7f04cc033000-7f04cc069000 rw-p 00000000 00:00 0                          [stack:12508]
7f04cc069000-7f04cc06c000 r-xp 00000000 08:01 15729078                   /usr/lib/x86_64-linux-gnu/libgmodule-2.0.so.0.3800.1
7f04cc06c000-7f04cc26b000 ---p 00003000 08:01 15729078                   /usr/lib/x86_64-linux-gnu/libgmodule-2.0.so.0.3800.1
7f04cc26b000-7f04cc26c000 r--p 00002000 08:01 15729078                   /usr/lib/x86_64-linux-gnu/libgmodule-2.0.so.0.3800.1
7f04cc26c000-7f04cc26d000 rw-p 00003000 08:01 15729078                   /usr/lib/x86_64-linux-gnu/libgmodule-2.0.so.0.3800.1
7f04cc26d000-7f04cc2bc000 r-xp 00000000 08:01 15729069                   /usr/lib/x86_64-linux-gnu/libgobject-2.0.so.0.3800.1
7f04cc2bc000-7f04cc4bc000 ---p 0004f000 08:01 15729069                   /usr/lib/x86_64-linux-gnu/libgobject-2.0.so.0.3800.1
7f04cc4bc000-7f04cc4bd000 r--p 0004f000 08:01 15729069                   /usr/lib/x86_64-linux-gnu/libgobject-2.0.so.0.3800.1
7f04cc4bd000-7f04cc4be000 rw-p 00050000 08:01 15729069                   /usr/lib/x86_64-linux-gnu/libgobject-2.0.so.0.3800.1
7f04cc4be000-7f04cc61a000 r-xp 00000000 08:01 15729043                   /usr/lib/x86_64-linux-gnu/libgio-2.0.so.0.3800.1
7f04cc61a000-7f04cc819000 ---p 0015c000 08:01 15729043                   /usr/lib/x86_64-linux-gnu/libgio-2.0.so.0.3800.1
7f04cc819000-7f04cc81d000 r--p 0015b000 08:01 15729043                   /usr/lib/x86_64-linux-gnu/libgio-2.0.so.0.3800.1
7f04cc81d000-7f04cc81f000 rw-p 0015f000 08:01 15729043                   /usr/lib/x86_64-linux-gnu/libgio-2.0.so.0.3800.1
7f04cc81f000-7f04cc821000 rw-p 00000000 00:00 0 
7f04cc839000-7f04cc84f000 r-xp 00000000 08:01 15861076                   /usr/lib/jvm/java-7-openjdk-amd64/jre/lib/amd64/libnet.so
7f04cc84f000-7f04cca4e000 ---p 00016000 08:01 15861076                   /usr/lib/jvm/java-7-openjdk-amd64/jre/lib/amd64/libnet.so
7f04cca4e000-7f04cca4f000 r--p 00015000 08:01 15861076                   /usr/lib/jvm/java-7-openjdk-amd64/jre/lib/amd64/libnet.so
7f04cca4f000-7f04cca50000 rw-p 00016000 08:01 15861076                   /usr/lib/jvm/java-7-openjdk-amd64/jre/lib/amd64/libnet.so
7f04cca50000-7f04cca51000 ---p 00000000 00:00 0 
7f04cca51000-7f04ccb51000 rw-p 00000000 00:00 0                          [stack:12504]
7f04ccb51000-7f04ccb54000 ---p 00000000 00:00 0 
7f04ccb54000-7f04ccd52000 rw-p 00000000 00:00 0                          [stack:12503]
7f04ccd52000-7f04ccd55000 ---p 00000000 00:00 0 
7f04ccd55000-7f04cce53000 rw-p 00000000 00:00 0                          [stack:12502]
7f04cce53000-7f04cce56000 ---p 00000000 00:00 0 
7f04cce56000-7f04ccf54000 rw-p 00000000 00:00 0                          [stack:12501]
7f04ccf54000-7f04ccf57000 ---p 00000000 00:00 0 
7f04ccf57000-7f04cd155000 rw-p 00000000 00:00 0                          [stack:12500]
7f04cd155000-7f04cd54f000 r--p 00000000 08:01 15734328                   /usr/lib/locale/locale-archive
7f04cd54f000-7f04cd552000 ---p 00000000 00:00 0 
7f04cd552000-7f04cd750000 rw-p 00000000 00:00 0                          [stack:12499]
7f04cd750000-7f04cd753000 ---p 00000000 00:00 0 
7f04cd753000-7f04cd951000 rw-p 00000000 00:00 0                          [stack:12498]
7f04cd951000-7f04cd952000 ---p 00000000 00:00 0 
7f04cd952000-7f04ce982000 rw-p 00000000 00:00 0                          [stack:12497]
7f04ce982000-7f04ceb30000 r--s 01cf4000 08:01 15861374                   /usr/lib/jvm/java-7-openjdk-amd64/jre/lib/rt.jar
7f04ceb30000-7f04d0000000 rw-p 00000000 00:00 0 
7f04d0000000-7f04d0021000 rw-p 00000000 00:00 0 
7f04d0021000-7f04d4000000 ---p 00000000 00:00 0 
7f04d4007000-7f04d400e000 r--s 00000000 08:01 16127910                   /usr/lib/x86_64-linux-gnu/gconv/gconv-modules.cache
7f04d400e000-7f04d4071000 rw-p 00000000 00:00 0 
7f04d4071000-7f04d415a000 r--s 00bb9000 08:01 12059138                   /home/alex/.rbenv/versions/jruby-1.7.10/lib/jruby.jar
7f04d415a000-7f04d43c0000 rw-p 00000000 00:00 0 
7f04d43c0000-7f04d43c1000 ---p 00000000 00:00 0 
7f04d43c1000-7f04d44c1000 rw-p 00000000 00:00 0                          [stack:12496]
7f04d44c1000-7f04d44c2000 ---p 00000000 00:00 0 
7f04d44c2000-7f04d45c2000 rw-p 00000000 00:00 0                          [stack:12495]
7f04d45c2000-7f04d45c3000 ---p 00000000 00:00 0 
7f04d45c3000-7f04d46c3000 rw-p 00000000 00:00 0                          [stack:12494]
7f04d46c3000-7f04d46c4000 ---p 00000000 00:00 0 
7f04d46c4000-7f04d47c4000 rw-p 00000000 00:00 0                          [stack:12493]
7f04d47c4000-7f04d4a34000 rwxp 00000000 00:00 0 
7f04d4a34000-7f04d77c4000 rw-p 00000000 00:00 0 
7f04d77c4000-7f04d77cc000 r-xp 00000000 08:01 15861025                   /usr/lib/jvm/java-7-openjdk-amd64/jre/lib/amd64/libzip.so
7f04d77cc000-7f04d79cb000 ---p 00008000 08:01 15861025                   /usr/lib/jvm/java-7-openjdk-amd64/jre/lib/amd64/libzip.so
7f04d79cb000-7f04d79cc000 r--p 00007000 08:01 15861025                   /usr/lib/jvm/java-7-openjdk-amd64/jre/lib/amd64/libzip.so
7f04d79cc000-7f04d79cd000 rw-p 00008000 08:01 15861025                   /usr/lib/jvm/java-7-openjdk-amd64/jre/lib/amd64/libzip.so
7f04d79cd000-7f04d79d9000 r-xp 00000000 08:01 8130412                    /lib/x86_64-linux-gnu/libnss_files-2.17.so
7f04d79d9000-7f04d7bd8000 ---p 0000c000 08:01 8130412                    /lib/x86_64-linux-gnu/libnss_files-2.17.so
7f04d7bd8000-7f04d7bd9000 r--p 0000b000 08:01 8130412                    /lib/x86_64-linux-gnu/libnss_files-2.17.so
7f04d7bd9000-7f04d7bda000 rw-p 0000c000 08:01 8130412                    /lib/x86_64-linux-gnu/libnss_files-2.17.so
7f04d7bda000-7f04d7be5000 r-xp 00000000 08:01 8130416                    /lib/x86_64-linux-gnu/libnss_nis-2.17.so
7f04d7be5000-7f04d7de4000 ---p 0000b000 08:01 8130416                    /lib/x86_64-linux-gnu/libnss_nis-2.17.so
7f04d7de4000-7f04d7de5000 r--p 0000a000 08:01 8130416                    /lib/x86_64-linux-gnu/libnss_nis-2.17.so
7f04d7de5000-7f04d7de6000 rw-p 0000b000 08:01 8130416                    /lib/x86_64-linux-gnu/libnss_nis-2.17.so
7f04d7de6000-7f04d7dfd000 r-xp 00000000 08:01 8130406                    /lib/x86_64-linux-gnu/libnsl-2.17.so
7f04d7dfd000-7f04d7ffc000 ---p 00017000 08:01 8130406                    /lib/x86_64-linux-gnu/libnsl-2.17.so
7f04d7ffc000-7f04d7ffd000 r--p 00016000 08:01 8130406                    /lib/x86_64-linux-gnu/libnsl-2.17.so
7f04d7ffd000-7f04d7ffe000 rw-p 00017000 08:01 8130406                    /lib/x86_64-linux-gnu/libnsl-2.17.so
7f04d7ffe000-7f04d8000000 rw-p 00000000 00:00 0 
7f04d8000000-7f04d8575000 rw-p 00000000 00:00 0 
7f04d8575000-7f04dc000000 ---p 00000000 00:00 0 
7f04dc002000-7f04dc003000 rw-p 00000000 00:00 0 
7f04dc003000-7f04dc004000 r-xp 00000000 00:00 0 
7f04dc004000-7f04dc006000 r--s 00012000 08:01 15861308                   /usr/lib/jvm/java-7-openjdk-amd64/jre/lib/ext/zipfs.jar
7f04dc006000-7f04dc009000 r--s 00032000 08:01 15861310                   /usr/lib/jvm/java-7-openjdk-amd64/jre/lib/ext/sunjce_provider.jar
7f04dc009000-7f04dc00d000 r--s 00085000 08:01 15861304                   /usr/lib/jvm/java-7-openjdk-amd64/jre/lib/ext/localedata.jar
7f04dc00d000-7f04dc00f000 r--s 00006000 08:01 16256853                   /usr/share/java/java-atk-wrapper.jar
7f04dc00f000-7f04dc010000 r--s 00002000 08:01 15861314                   /usr/lib/jvm/java-7-openjdk-amd64/jre/lib/ext/dnsns.jar
7f04dc010000-7f04dc013000 r--s 0000f000 08:01 15861306                   /usr/lib/jvm/java-7-openjdk-amd64/jre/lib/ext/pulse-java.jar
7f04dc013000-7f04dc017000 r--s 0003b000 08:01 15861316                   /usr/lib/jvm/java-7-openjdk-amd64/jre/lib/ext/sunpkcs11.jar
7f04dc017000-7f04dc075000 rw-p 00000000 00:00 0 
7f04dc075000-7f04dc0bb000 rw-p 00000000 00:00 0 
7f04dc0bb000-7f04dc0ce000 rw-p 00000000 00:00 0 
7f04dc0ce000-7f04dc161000 rw-p 00000000 00:00 0 
7f04dc161000-7f04dc173000 rw-p 00000000 00:00 0 
7f04dc173000-7f04dc1b5000 rw-p 00000000 00:00 0 
7f04dc1b5000-7f04dc1b6000 rw-p 00000000 00:00 0 
7f04dc1b6000-7f04dc1be000 r-xp 00000000 08:01 8130408                    /lib/x86_64-linux-gnu/libnss_compat-2.17.so
7f04dc1be000-7f04dc3bd000 ---p 00008000 08:01 8130408                    /lib/x86_64-linux-gnu/libnss_compat-2.17.so
7f04dc3bd000-7f04dc3be000 r--p 00007000 08:01 8130408                    /lib/x86_64-linux-gnu/libnss_compat-2.17.so
7f04dc3be000-7f04dc3bf000 rw-p 00008000 08:01 8130408                    /lib/x86_64-linux-gnu/libnss_compat-2.17.so
7f04dc3bf000-7f04dc3ea000 r-xp 00000000 08:01 15860951                   /usr/lib/jvm/java-7-openjdk-amd64/jre/lib/amd64/libjava.so
7f04dc3ea000-7f04dc5e9000 ---p 0002b000 08:01 15860951                   /usr/lib/jvm/java-7-openjdk-amd64/jre/lib/amd64/libjava.so
7f04dc5e9000-7f04dc5ea000 r--p 0002a000 08:01 15860951                   /usr/lib/jvm/java-7-openjdk-amd64/jre/lib/amd64/libjava.so
7f04dc5ea000-7f04dc5ec000 rw-p 0002b000 08:01 15860951                   /usr/lib/jvm/java-7-openjdk-amd64/jre/lib/amd64/libjava.so
7f04dc5ec000-7f04dc5fc000 r-xp 00000000 08:01 15861265                   /usr/lib/jvm/java-7-openjdk-amd64/jre/lib/amd64/libverify.so
7f04dc5fc000-7f04dc7fb000 ---p 00010000 08:01 15861265                   /usr/lib/jvm/java-7-openjdk-amd64/jre/lib/amd64/libverify.so
7f04dc7fb000-7f04dc7fd000 r--p 0000f000 08:01 15861265                   /usr/lib/jvm/java-7-openjdk-amd64/jre/lib/amd64/libverify.so
7f04dc7fd000-7f04dc7fe000 rw-p 00011000 08:01 15861265                   /usr/lib/jvm/java-7-openjdk-amd64/jre/lib/amd64/libverify.so
7f04dc7fe000-7f04dc805000 r-xp 00000000 08:01 8130459                    /lib/x86_64-linux-gnu/librt-2.17.so
7f04dc805000-7f04dca04000 ---p 00007000 08:01 8130459                    /lib/x86_64-linux-gnu/librt-2.17.so
7f04dca04000-7f04dca05000 r--p 00006000 08:01 8130459                    /lib/x86_64-linux-gnu/librt-2.17.so
7f04dca05000-7f04dca06000 rw-p 00007000 08:01 8130459                    /lib/x86_64-linux-gnu/librt-2.17.so
7f04dca06000-7f04dca09000 ---p 00000000 00:00 0 
7f04dca09000-7f04dcc07000 rw-p 00000000 00:00 0                          [stack:12492]
7f04dcc07000-7f04dcc1c000 r-xp 00000000 08:01 8126477                    /lib/x86_64-linux-gnu/libgcc_s.so.1
7f04dcc1c000-7f04dce1b000 ---p 00015000 08:01 8126477                    /lib/x86_64-linux-gnu/libgcc_s.so.1
7f04dce1b000-7f04dce1c000 r--p 00014000 08:01 8126477                    /lib/x86_64-linux-gnu/libgcc_s.so.1
7f04dce1c000-7f04dce1d000 rw-p 00015000 08:01 8126477                    /lib/x86_64-linux-gnu/libgcc_s.so.1
7f04dce1d000-7f04dcf20000 r-xp 00000000 08:01 8130387                    /lib/x86_64-linux-gnu/libm-2.17.so
7f04dcf20000-7f04dd11f000 ---p 00103000 08:01 8130387                    /lib/x86_64-linux-gnu/libm-2.17.so
7f04dd11f000-7f04dd120000 r--p 00102000 08:01 8130387                    /lib/x86_64-linux-gnu/libm-2.17.so
7f04dd120000-7f04dd121000 rw-p 00103000 08:01 8130387                    /lib/x86_64-linux-gnu/libm-2.17.so
7f04dd121000-7f04dd207000 r-xp 00000000 08:01 15729831                   /usr/lib/x86_64-linux-gnu/libstdc++.so.6.0.18
7f04dd207000-7f04dd406000 ---p 000e6000 08:01 15729831                   /usr/lib/x86_64-linux-gnu/libstdc++.so.6.0.18
7f04dd406000-7f04dd40e000 r--p 000e5000 08:01 15729831                   /usr/lib/x86_64-linux-gnu/libstdc++.so.6.0.18
7f04dd40e000-7f04dd410000 rw-p 000ed000 08:01 15729831                   /usr/lib/x86_64-linux-gnu/libstdc++.so.6.0.18
7f04dd410000-7f04dd425000 rw-p 00000000 00:00 0 
7f04dd425000-7f04ddf04000 r-xp 00000000 08:01 15861284                   /usr/lib/jvm/java-7-openjdk-amd64/jre/lib/amd64/server/libjvm.so
7f04ddf04000-7f04de103000 ---p 00adf000 08:01 15861284                   /usr/lib/jvm/java-7-openjdk-amd64/jre/lib/amd64/server/libjvm.so
7f04de103000-7f04de195000 r--p 00ade000 08:01 15861284                   /usr/lib/jvm/java-7-openjdk-amd64/jre/lib/amd64/server/libjvm.so
7f04de195000-7f04de1b8000 rw-p 00b70000 08:01 15861284                   /usr/lib/jvm/java-7-openjdk-amd64/jre/lib/amd64/server/libjvm.so
7f04de1b8000-7f04de1e5000 rw-p 00000000 00:00 0 
7f04de1e5000-7f04de1fd000 r-xp 00000000 08:01 8130494                    /lib/x86_64-linux-gnu/libz.so.1.2.8
7f04de1fd000-7f04de3fc000 ---p 00018000 08:01 8130494                    /lib/x86_64-linux-gnu/libz.so.1.2.8
7f04de3fc000-7f04de3fd000 r--p 00017000 08:01 8130494                    /lib/x86_64-linux-gnu/libz.so.1.2.8
7f04de3fd000-7f04de3fe000 rw-p 00018000 08:01 8130494                    /lib/x86_64-linux-gnu/libz.so.1.2.8
7f04de3fe000-7f04de415000 r-xp 00000000 08:01 8130451                    /lib/x86_64-linux-gnu/libpthread-2.17.so
7f04de415000-7f04de615000 ---p 00017000 08:01 8130451                    /lib/x86_64-linux-gnu/libpthread-2.17.so
7f04de615000-7f04de616000 r--p 00017000 08:01 8130451                    /lib/x86_64-linux-gnu/libpthread-2.17.so
7f04de616000-7f04de617000 rw-p 00018000 08:01 8130451                    /lib/x86_64-linux-gnu/libpthread-2.17.so
7f04de617000-7f04de61b000 rw-p 00000000 00:00 0 
7f04de61b000-7f04de61e000 r-xp 00000000 08:01 8130351                    /lib/x86_64-linux-gnu/libdl-2.17.so
7f04de61e000-7f04de81d000 ---p 00003000 08:01 8130351                    /lib/x86_64-linux-gnu/libdl-2.17.so
7f04de81d000-7f04de81e000 r--p 00002000 08:01 8130351                    /lib/x86_64-linux-gnu/libdl-2.17.so
7f04de81e000-7f04de81f000 rw-p 00003000 08:01 8130351                    /lib/x86_64-linux-gnu/libdl-2.17.so
7f04de81f000-7f04de9dc000 r-xp 00000000 08:01 8130336                    /lib/x86_64-linux-gnu/libc-2.17.so
7f04de9dc000-7f04debdc000 ---p 001bd000 08:01 8130336                    /lib/x86_64-linux-gnu/libc-2.17.so
7f04debdc000-7f04debe0000 r--p 001bd000 08:01 8130336                    /lib/x86_64-linux-gnu/libc-2.17.so
7f04debe0000-7f04debe2000 rw-p 001c1000 08:01 8130336                    /lib/x86_64-linux-gnu/libc-2.17.so
7f04debe2000-7f04debe7000 rw-p 00000000 00:00 0 
7f04debe7000-7f04debf4000 r-xp 00000000 08:01 15861291                   /usr/lib/jvm/java-7-openjdk-amd64/jre/lib/amd64/jli/libjli.so
7f04debf4000-7f04dedf3000 ---p 0000d000 08:01 15861291                   /usr/lib/jvm/java-7-openjdk-amd64/jre/lib/amd64/jli/libjli.so
7f04dedf3000-7f04dedf4000 r--p 0000c000 08:01 15861291                   /usr/lib/jvm/java-7-openjdk-amd64/jre/lib/amd64/jli/libjli.so
7f04dedf4000-7f04dedf5000 rw-p 0000d000 08:01 15861291                   /usr/lib/jvm/java-7-openjdk-amd64/jre/lib/amd64/jli/libjli.so
7f04dedf5000-7f04dee18000 r-xp 00000000 08:01 8130312                    /lib/x86_64-linux-gnu/ld-2.17.so
7f04dee18000-7f04dee1d000 r--s 0004c000 08:01 15861296                   /usr/lib/jvm/java-7-openjdk-amd64/jre/lib/jsse.jar
7f04dee1d000-7f04dee4b000 rw-p 00000000 00:00 0 
7f04dee4b000-7f04dee91000 rw-p 00000000 00:00 0 
7f04dee91000-7f04deea4000 rw-p 00000000 00:00 0 
7f04deea4000-7f04def38000 rw-p 00000000 00:00 0 
7f04def38000-7f04def42000 rw-p 00000000 00:00 0 
7f04def42000-7f04deff8000 rw-p 00000000 00:00 0 
7f04deff8000-7f04df00b000 rw-p 00000000 00:00 0 
7f04df00b000-7f04df013000 rw-s 00000000 08:01 5767366                    /tmp/hsperfdata_alex/12467
7f04df013000-7f04df014000 rw-p 00000000 00:00 0 
7f04df014000-7f04df015000 r--p 00000000 00:00 0 
7f04df015000-7f04df017000 rw-p 00000000 00:00 0 
7f04df017000-7f04df018000 r--p 00022000 08:01 8130312                    /lib/x86_64-linux-gnu/ld-2.17.so
7f04df018000-7f04df01a000 rw-p 00023000 08:01 8130312                    /lib/x86_64-linux-gnu/ld-2.17.so
7fffea645000-7fffea666000 rw-p 00000000 00:00 0                          [stack]
7fffea6ba000-7fffea6bc000 r-xp 00000000 00:00 0                          [vdso]
ffffffffff600000-ffffffffff601000 r-xp 00000000 00:00 0                  [vsyscall]

VM Arguments:
jvm_args: -Djdk.home= -Djruby.home=/home/alex/.rbenv/versions/jruby-1.7.10 -Djruby.script=jruby -Djruby.shell=/bin/sh -Djffi.boot.library.path=/home/alex/.rbenv/versions/jruby-1.7.10/lib/jni:/home/alex/.rbenv/versions/jruby-1.7.10/lib/jni/i386-Linux:/home/alex/.rbenv/versions/jruby-1.7.10/lib/jni/arm-Linux:/home/alex/.rbenv/versions/jruby-1.7.10/lib/jni/x86_64-Linux -Xmx500m -Xss2048k -Xbootclasspath/a:/home/alex/.rbenv/versions/jruby-1.7.10/lib/jruby.jar 
java_command: org/jruby/Main Makefile.rb clean compile test clean
Launcher Type: SUN_STANDARD

Environment Variables:
PATH=/home/alex/.rbenv/versions/jruby-1.7.10/bin:/home/alex/.rbenv/libexec:/home/alex/.rbenv/plugins/ruby-build/bin:/home/alex/.rbenv/shims:~/.rbenv/bin:~/.rbenv/bin:/usr/local/sbin:/usr/local/bin:/usr/sbin:/usr/bin:/sbin:/bin:/usr/games:/usr/local/games
USERNAME=alex
SHELL=/bin/bash
DISPLAY=:0

Signal Handlers:
SIGSEGV: [libjvm.so+0x916ea0], sa_mask[0]=0x7ffbfeff, sa_flags=0x10000004
SIGBUS: [libjvm.so+0x916ea0], sa_mask[0]=0x7ffbfeff, sa_flags=0x10000004
SIGFPE: [libjvm.so+0x794800], sa_mask[0]=0x7ffbfeff, sa_flags=0x10000004
SIGPIPE: [libjvm.so+0x794800], sa_mask[0]=0x7ffbfeff, sa_flags=0x10000004
SIGXFSZ: [libjvm.so+0x794800], sa_mask[0]=0x7ffbfeff, sa_flags=0x10000004
SIGILL: [libjvm.so+0x794800], sa_mask[0]=0x7ffbfeff, sa_flags=0x10000004
SIGUSR1: SIG_DFL, sa_mask[0]=0x00000000, sa_flags=0x00000000
SIGUSR2: [libjvm.so+0x7946a0], sa_mask[0]=0x00000000, sa_flags=0x10000004
SIGHUP: [libjvm.so+0x794880], sa_mask[0]=0x7ffbfeff, sa_flags=0x10000004
SIGINT: [libjvm.so+0x794880], sa_mask[0]=0x7ffbfeff, sa_flags=0x10000004
SIGTERM: [libjvm.so+0x794880], sa_mask[0]=0x7ffbfeff, sa_flags=0x10000004
SIGQUIT: [libjvm.so+0x794880], sa_mask[0]=0x7ffbfeff, sa_flags=0x10000004


---------------  S Y S T E M  ---------------

OS:LinuxMint 16 (petra)
uname:Linux 3.11.0-12-generic #19-Ubuntu SMP Wed Oct 9 16:20:46 UTC 2013 x86_64
libc:glibc 2.17 NPTL 2.17 
rlimit: STACK 8192k, CORE 0k, NPROC 28798, NOFILE 4096, AS infinity
load average:0,13 0,12 0,16

/proc/meminfo:
MemTotal:        3715476 kB
MemFree:         1971720 kB
Buffers:           72844 kB
Cached:           864968 kB
SwapCached:            0 kB
Active:           984564 kB
Inactive:         609944 kB
Active(anon):     657820 kB
Inactive(anon):   200212 kB
Active(file):     326744 kB
Inactive(file):   409732 kB
Unevictable:          44 kB
Mlocked:              44 kB
SwapTotal:       3856380 kB
SwapFree:        3856380 kB
Dirty:               296 kB
Writeback:             0 kB
AnonPages:        656916 kB
Mapped:           216560 kB
Shmem:            201340 kB
Slab:              71884 kB
SReclaimable:      46312 kB
SUnreclaim:        25572 kB
KernelStack:        3776 kB
PageTables:        26840 kB
NFS_Unstable:          0 kB
Bounce:                0 kB
WritebackTmp:          0 kB
CommitLimit:     5714116 kB
Committed_AS:    3038456 kB
VmallocTotal:   34359738367 kB
VmallocUsed:      414316 kB
VmallocChunk:   34359319420 kB
HardwareCorrupted:     0 kB
AnonHugePages:         0 kB
HugePages_Total:       0
HugePages_Free:        0
HugePages_Rsvd:        0
HugePages_Surp:        0
Hugepagesize:       2048 kB
DirectMap4k:       68816 kB
DirectMap2M:     3788800 kB


CPU:total 4 (2 cores per cpu, 2 threads per core) family 6 model 37 stepping 5, cmov, cx8, fxsr, mmx, sse, sse2, sse3, ssse3, sse4.1, sse4.2, popcnt, ht, tsc, tscinvbit

/proc/cpuinfo:
processor	: 0
vendor_id	: GenuineIntel
cpu family	: 6
model		: 37
model name	: Intel(R) Core(TM) i3 CPU       M 380  @ 2.53GHz
stepping	: 5
microcode	: 0x2
cpu MHz		: 933.000
cache size	: 3072 KB
physical id	: 0
siblings	: 4
core id		: 0
cpu cores	: 2
apicid		: 0
initial apicid	: 0
fpu		: yes
fpu_exception	: yes
cpuid level	: 11
wp		: yes
flags		: fpu vme de pse tsc msr pae mce cx8 apic sep mtrr pge mca cmov pat pse36 clflush dts acpi mmx fxsr sse sse2 ss ht tm pbe syscall nx rdtscp lm constant_tsc arch_perfmon pebs bts rep_good nopl xtopology nonstop_tsc aperfmperf pni dtes64 monitor ds_cpl vmx est tm2 ssse3 cx16 xtpr pdcm pcid sse4_1 sse4_2 popcnt lahf_lm arat dtherm tpr_shadow vnmi flexpriority ept vpid
bogomips	: 5054.19
clflush size	: 64
cache_alignment	: 64
address sizes	: 36 bits physical, 48 bits virtual
power management:

processor	: 1
vendor_id	: GenuineIntel
cpu family	: 6
model		: 37
model name	: Intel(R) Core(TM) i3 CPU       M 380  @ 2.53GHz
stepping	: 5
microcode	: 0x2
cpu MHz		: 2533.000
cache size	: 3072 KB
physical id	: 0
siblings	: 4
core id		: 0
cpu cores	: 2
apicid		: 1
initial apicid	: 1
fpu		: yes
fpu_exception	: yes
cpuid level	: 11
wp		: yes
flags		: fpu vme de pse tsc msr pae mce cx8 apic sep mtrr pge mca cmov pat pse36 clflush dts acpi mmx fxsr sse sse2 ss ht tm pbe syscall nx rdtscp lm constant_tsc arch_perfmon pebs bts rep_good nopl xtopology nonstop_tsc aperfmperf pni dtes64 monitor ds_cpl vmx est tm2 ssse3 cx16 xtpr pdcm pcid sse4_1 sse4_2 popcnt lahf_lm arat dtherm tpr_shadow vnmi flexpriority ept vpid
bogomips	: 5054.19
clflush size	: 64
cache_alignment	: 64
address sizes	: 36 bits physical, 48 bits virtual
power management:

processor	: 2
vendor_id	: GenuineIntel
cpu family	: 6
model		: 37
model name	: Intel(R) Core(TM) i3 CPU       M 380  @ 2.53GHz
stepping	: 5
microcode	: 0x2
cpu MHz		: 2533.000
cache size	: 3072 KB
physical id	: 0
siblings	: 4
core id		: 2
cpu cores	: 2
apicid		: 4
initial apicid	: 4
fpu		: yes
fpu_exception	: yes
cpuid level	: 11
wp		: yes
flags		: fpu vme de pse tsc msr pae mce cx8 apic sep mtrr pge mca cmov pat pse36 clflush dts acpi mmx fxsr sse sse2 ss ht tm pbe syscall nx rdtscp lm constant_tsc arch_perfmon pebs bts rep_good nopl xtopology nonstop_tsc aperfmperf pni dtes64 monitor ds_cpl vmx est tm2 ssse3 cx16 xtpr pdcm pcid sse4_1 sse4_2 popcnt lahf_lm arat dtherm tpr_shadow vnmi flexpriority ept vpid
bogomips	: 5054.19
clflush size	: 64
cache_alignment	: 64
address sizes	: 36 bits physical, 48 bits virtual
power management:

processor	: 3
vendor_id	: GenuineIntel
cpu family	: 6
model		: 37
model name	: Intel(R) Core(TM) i3 CPU       M 380  @ 2.53GHz
stepping	: 5
microcode	: 0x2
cpu MHz		: 1999.000
cache size	: 3072 KB
physical id	: 0
siblings	: 4
core id		: 2
cpu cores	: 2
apicid		: 5
initial apicid	: 5
fpu		: yes
fpu_exception	: yes
cpuid level	: 11
wp		: yes
flags		: fpu vme de pse tsc msr pae mce cx8 apic sep mtrr pge mca cmov pat pse36 clflush dts acpi mmx fxsr sse sse2 ss ht tm pbe syscall nx rdtscp lm constant_tsc arch_perfmon pebs bts rep_good nopl xtopology nonstop_tsc aperfmperf pni dtes64 monitor ds_cpl vmx est tm2 ssse3 cx16 xtpr pdcm pcid sse4_1 sse4_2 popcnt lahf_lm arat dtherm tpr_shadow vnmi flexpriority ept vpid
bogomips	: 5054.19
clflush size	: 64
cache_alignment	: 64
address sizes	: 36 bits physical, 48 bits virtual
power management:



Memory: 4k page, physical 3715476k(1971720k free), swap 3856380k(3856380k free)

vm_info: OpenJDK 64-Bit Server VM (24.45-b08) for linux-amd64 JRE (1.7.0_51-b00), built on Jan 15 2014 22:02:57 by "buildd" with gcc 4.8.1

time: Tue Apr 22 12:06:02 2014
elapsed time: 4 seconds

