#
# A fatal error has been detected by the Java Runtime Environment:
#
#  SIGSEGV (0xb) at pc=0x00007f0aa8d7cd4b, pid=21717, tid=139684073195264
#
# JRE version: OpenJDK Runtime Environment (7.0_51) (build 1.7.0_51-b00)
# Java VM: OpenJDK 64-Bit Server VM (24.45-b08 mixed mode linux-amd64 compressed oops)
# Problematic frame:
# C  [librb_tree.so+0x1d4b]  getPrev+0x18
#
# Failed to write core dump. Core dumps have been disabled. To enable core dumping, try "ulimit -c unlimited" before starting Java again
#
# If you would like to submit a bug report, please include
# instructions on how to reproduce the bug and visit:
#   http://icedtea.classpath.org/bugzilla
# The crash happened outside the Java Virtual Machine in native code.
# See problematic frame for where to report the bug.
#

---------------  T H R E A D  ---------------

Current thread (0x00007f0ab400a800):  JavaThread "main" [_thread_in_native, id=21742, stack(0x00007f0abb704000,0x00007f0abb905000)]

siginfo:si_signo=SIGSEGV: si_errno=0, si_code=1 (SEGV_MAPERR), si_addr=0x0000000000000000

Registers:
RAX=0x0000000000000000, RBX=0x00000000d79ae250, RCX=0xffffffffffffffff, RDX=0x00007f0abd8e09f0
RSP=0x00007f0abb902010, RBP=0x00007f0abb902030, RSI=0x00007f0ab001c000, RDI=0x0000000000000000
R8 =0x00007f0abd8e09f0, R9 =0x0000000000000020, R10=0x00007f0abb901de0, R11=0x00007f0aa8d7cd33
R12=0x0000000000000000, R13=0x00000000d79ae250, R14=0x00007f0abb902168, R15=0x00007f0ab400a800
RIP=0x00007f0aa8d7cd4b, EFLAGS=0x0000000000010202, CSGSFS=0x0000000000000033, ERR=0x0000000000000004
  TRAPNO=0x000000000000000e

Top of Stack: (sp=0x00007f0abb902010)
0x00007f0abb902010:   0000000000000000 0000000000000000
0x00007f0abb902020:   0000000000000020 0000000000000000
0x00007f0abb902030:   00007f0abb902080 00007f0aa8b78d98
0x00007f0abb902040:   4008000000000000 00007f0ab412f6f0
0x00007f0abb902050:   00007f0ab412fa70 00007f0ab412f810
0x00007f0abb902060:   00007f0ab412fa10 0000000000000000
0x00007f0abb902070:   00007f0abb902070 00000000d69ffdfd
0x00007f0abb902080:   00007f0ab4482780 00007f0aa9d92cd9
0x00007f0abb902090:   00000000d7d33380 00000000d79ae250
0x00007f0abb9020a0:   00007f0abb902120 00007f0ab1012738
0x00007f0abb9020b0:   00007f0abb902110 00007f0ab1006233
0x00007f0abb9020c0:   00000000f7891338 00000000f7891378
0x00007f0abb9020d0:   00007f0abb9020d0 00000000d69ff00f
0x00007f0abb9020e0:   00007f0abb9020e0 0000000000000000
0x00007f0abb9020f0:   00007f0abb902168 00000000d79b6778
0x00007f0abb902100:   0000000000000000 00000000d79ae250
0x00007f0abb902110:   0000000000000000 00007f0abb902140
0x00007f0abb902120:   00007f0abb9021b0 00007f0ab1006175
0x00007f0abb902130:   00000000e1152b68 00007f0ab100ecd7
0x00007f0abb902140:   00007f0ab412f6f0 00007f0ab111ce2c
0x00007f0abb902150:   00007f0aa8b78bc5 00000000f78916c8
0x00007f0abb902160:   00007f0ab4482780 00000000d69fba80
0x00007f0abb902170:   00007f0abb902170 00000000d7aab0b7
0x00007f0abb902180:   00007f0abb9021e8 00000000d7ab7310
0x00007f0abb902190:   00000000d7edf398 00000000d7aab0f8
0x00007f0abb9021a0:   00007f0abb902140 00007f0abb9021c0
0x00007f0abb9021b0:   00007f0abb902238 00007f0ab1006175
0x00007f0abb9021c0:   00007f0ab412f6f0 00000000f5bc95c0
0x00007f0abb9021d0:   00007f0aa8b78bc5 0000000000000000
0x00007f0abb9021e0:   00000000e100a230 00000000e1155260
0x00007f0abb9021f0:   00000000f78a5528 00007f0abb9021f8
0x00007f0abb902200:   00000000d7ede844 00007f0abb902280 

Instructions: (pc=0x00007f0aa8d7cd4b)
0x00007f0aa8d7cd2b:   05 b8 00 00 00 00 5d c3 55 48 89 e5 48 83 ec 20
0x00007f0aa8d7cd3b:   48 89 7d e8 48 8b 45 e8 48 89 45 f8 48 8b 45 f8
0x00007f0aa8d7cd4b:   48 8b 10 48 8b 05 8b 12 20 00 48 39 c2 74 44 48
0x00007f0aa8d7cd5b:   8d 3d f4 00 00 00 b8 00 00 00 00 e8 15 ef ff ff 

Register to memory mapping:

RAX=0x0000000000000000 is an unknown value
RBX=0x00000000d79ae250 is an oop
{method} 
 - klass: {other class}
RCX=0xffffffffffffffff is an unknown value
RDX=0x00007f0abd8e09f0: <offset 0x3c39f0> in /lib/x86_64-linux-gnu/libc.so.6 at 0x00007f0abd51d000
RSP=0x00007f0abb902010 is pointing into the stack for thread: 0x00007f0ab400a800
RBP=0x00007f0abb902030 is pointing into the stack for thread: 0x00007f0ab400a800
RSI=0x00007f0ab001c000 is an unknown value
RDI=0x0000000000000000 is an unknown value
R8 =0x00007f0abd8e09f0: <offset 0x3c39f0> in /lib/x86_64-linux-gnu/libc.so.6 at 0x00007f0abd51d000
R9 =0x0000000000000020 is an unknown value
R10=0x00007f0abb901de0 is pointing into the stack for thread: 0x00007f0ab400a800
R11=0x00007f0aa8d7cd33: getPrev+0 in lib/librb_tree.so at 0x00007f0aa8d7b000
R12=0x0000000000000000 is an unknown value
R13=0x00000000d79ae250 is an oop
{method} 
 - klass: {other class}
R14=0x00007f0abb902168 is pointing into the stack for thread: 0x00007f0ab400a800
R15=0x00007f0ab400a800 is a thread


Stack: [0x00007f0abb704000,0x00007f0abb905000],  sp=0x00007f0abb902010,  free space=2040k
Native frames: (J=compiled Java code, j=interpreted, Vv=VM code, C=native code)
C  [librb_tree.so+0x1d4b]  getPrev+0x18
C  [libintersection.so+0xd98]  find_intersections+0x1d3

Java frames: (J=compiled Java code, j=interpreted, Vv=VM code)
j  com.kenai.jffi.Foreign.invokeL1(JJJ)J+0
j  com.kenai.jffi.Invoker.invokeL1(Lcom/kenai/jffi/CallContext;JJ)J+7
j  org.jruby.ext.ffi.jffi.NativeInvoker$ffi$7.call(Lorg/jruby/runtime/ThreadContext;Lorg/jruby/runtime/builtin/IRubyObject;Lorg/jruby/RubyModule;Ljava/lang/String;Lorg/jruby/runtime/builtin/IRubyObject;)Lorg/jruby/runtime/builtin/IRubyObject;+76
j  org.jruby.runtime.callsite.CachingCallSite.cacheAndCall(Lorg/jruby/runtime/builtin/IRubyObject;Lorg/jruby/RubyClass;Lorg/jruby/runtime/ThreadContext;Lorg/jruby/runtime/builtin/IRubyObject;Lorg/jruby/runtime/builtin/IRubyObject;)Lorg/jruby/runtime/builtin/IRubyObject;+57
J  org.jruby.runtime.callsite.CachingCallSite.call(Lorg/jruby/runtime/ThreadContext;Lorg/jruby/runtime/builtin/IRubyObject;Lorg/jruby/runtime/builtin/IRubyObject;Lorg/jruby/runtime/builtin/IRubyObject;)Lorg/jruby/runtime/builtin/IRubyObject;
J  org.jruby.ast.CallOneArgNode.interpret(Lorg/jruby/Ruby;Lorg/jruby/runtime/ThreadContext;Lorg/jruby/runtime/builtin/IRubyObject;Lorg/jruby/runtime/Block;)Lorg/jruby/runtime/builtin/IRubyObject;
j  org.jruby.ast.LocalAsgnNode.interpret(Lorg/jruby/Ruby;Lorg/jruby/runtime/ThreadContext;Lorg/jruby/runtime/builtin/IRubyObject;Lorg/jruby/runtime/Block;)Lorg/jruby/runtime/builtin/IRubyObject;+30
J  org.jruby.ast.BlockNode.interpret(Lorg/jruby/Ruby;Lorg/jruby/runtime/ThreadContext;Lorg/jruby/runtime/builtin/IRubyObject;Lorg/jruby/runtime/Block;)Lorg/jruby/runtime/builtin/IRubyObject;
j  org.jruby.evaluator.ASTInterpreter.INTERPRET_METHOD(Lorg/jruby/Ruby;Lorg/jruby/runtime/ThreadContext;Ljava/lang/String;ILorg/jruby/RubyModule;Lorg/jruby/ast/Node;Ljava/lang/String;Lorg/jruby/runtime/builtin/IRubyObject;Lorg/jruby/runtime/Block;Z)Lorg/jruby/runtime/builtin/IRubyObject;+30
j  org.jruby.internal.runtime.methods.InterpretedMethod.call(Lorg/jruby/runtime/ThreadContext;Lorg/jruby/runtime/builtin/IRubyObject;Lorg/jruby/RubyModule;Ljava/lang/String;)Lorg/jruby/runtime/builtin/IRubyObject;+80
j  org.jruby.internal.runtime.methods.DefaultMethod.call(Lorg/jruby/runtime/ThreadContext;Lorg/jruby/runtime/builtin/IRubyObject;Lorg/jruby/RubyModule;Ljava/lang/String;)Lorg/jruby/runtime/builtin/IRubyObject;+20
J  org.jruby.ast.CallNoArgNode.interpret(Lorg/jruby/Ruby;Lorg/jruby/runtime/ThreadContext;Lorg/jruby/runtime/builtin/IRubyObject;Lorg/jruby/runtime/Block;)Lorg/jruby/runtime/builtin/IRubyObject;
j  org.jruby.ast.FCallTwoArgNode.interpret(Lorg/jruby/Ruby;Lorg/jruby/runtime/ThreadContext;Lorg/jruby/runtime/builtin/IRubyObject;Lorg/jruby/runtime/Block;)Lorg/jruby/runtime/builtin/IRubyObject;+28
J  org.jruby.ast.BlockNode.interpret(Lorg/jruby/Ruby;Lorg/jruby/runtime/ThreadContext;Lorg/jruby/runtime/builtin/IRubyObject;Lorg/jruby/runtime/Block;)Lorg/jruby/runtime/builtin/IRubyObject;
j  org.jruby.evaluator.ASTInterpreter.INTERPRET_METHOD(Lorg/jruby/Ruby;Lorg/jruby/runtime/ThreadContext;Ljava/lang/String;ILorg/jruby/RubyModule;Lorg/jruby/ast/Node;Ljava/lang/String;Lorg/jruby/runtime/builtin/IRubyObject;Lorg/jruby/runtime/Block;Z)Lorg/jruby/runtime/builtin/IRubyObject;+30
j  org.jruby.internal.runtime.methods.InterpretedMethod.call(Lorg/jruby/runtime/ThreadContext;Lorg/jruby/runtime/builtin/IRubyObject;Lorg/jruby/RubyModule;Ljava/lang/String;)Lorg/jruby/runtime/builtin/IRubyObject;+80
j  org.jruby.internal.runtime.methods.DefaultMethod.call(Lorg/jruby/runtime/ThreadContext;Lorg/jruby/runtime/builtin/IRubyObject;Lorg/jruby/RubyModule;Ljava/lang/String;)Lorg/jruby/runtime/builtin/IRubyObject;+20
j  org.jruby.runtime.callsite.CachingCallSite.cacheAndCall(Lorg/jruby/runtime/builtin/IRubyObject;Lorg/jruby/RubyClass;Lorg/jruby/runtime/ThreadContext;Lorg/jruby/runtime/builtin/IRubyObject;)Lorg/jruby/runtime/builtin/IRubyObject;+53
j  org.jruby.runtime.callsite.CachingCallSite.call(Lorg/jruby/runtime/ThreadContext;Lorg/jruby/runtime/builtin/IRubyObject;Lorg/jruby/runtime/builtin/IRubyObject;)Lorg/jruby/runtime/builtin/IRubyObject;+46
j  Makefile.method__3$RUBY$test(LMakefile;Lorg/jruby/runtime/ThreadContext;Lorg/jruby/runtime/builtin/IRubyObject;Lorg/jruby/runtime/Block;)Lorg/jruby/runtime/builtin/IRubyObject;+130
j  Makefile$method__3$RUBY$test.call(Lorg/jruby/runtime/ThreadContext;Lorg/jruby/runtime/builtin/IRubyObject;Lorg/jruby/RubyModule;Ljava/lang/String;Lorg/jruby/runtime/Block;)Lorg/jruby/runtime/builtin/IRubyObject;+17
j  org.jruby.RubyClass.finvoke(Lorg/jruby/runtime/ThreadContext;Lorg/jruby/runtime/builtin/IRubyObject;Ljava/lang/String;Lorg/jruby/runtime/Block;)Lorg/jruby/runtime/builtin/IRubyObject;+41
j  org.jruby.RubyBasicObject.send19(Lorg/jruby/runtime/ThreadContext;Lorg/jruby/runtime/builtin/IRubyObject;Lorg/jruby/runtime/Block;)Lorg/jruby/runtime/builtin/IRubyObject;+15
j  org.jruby.RubyKernel.send19(Lorg/jruby/runtime/ThreadContext;Lorg/jruby/runtime/builtin/IRubyObject;Lorg/jruby/runtime/builtin/IRubyObject;Lorg/jruby/runtime/Block;)Lorg/jruby/runtime/builtin/IRubyObject;+7
j  org.jruby.RubyKernel$INVOKER$s$send19.call(Lorg/jruby/runtime/ThreadContext;Lorg/jruby/runtime/builtin/IRubyObject;Lorg/jruby/RubyModule;Ljava/lang/String;Lorg/jruby/runtime/builtin/IRubyObject;Lorg/jruby/runtime/Block;)Lorg/jruby/runtime/builtin/IRubyObject;+6
j  org.jruby.internal.runtime.methods.JavaMethod$JavaMethodOneOrNBlock.call(Lorg/jruby/runtime/ThreadContext;Lorg/jruby/runtime/builtin/IRubyObject;Lorg/jruby/RubyModule;Ljava/lang/String;Lorg/jruby/runtime/builtin/IRubyObject;)Lorg/jruby/runtime/builtin/IRubyObject;+11
j  org.jruby.runtime.callsite.CachingCallSite.call(Lorg/jruby/runtime/ThreadContext;Lorg/jruby/runtime/builtin/IRubyObject;Lorg/jruby/runtime/builtin/IRubyObject;Lorg/jruby/runtime/builtin/IRubyObject;)Lorg/jruby/runtime/builtin/IRubyObject;+38
j  Makefile.block_7$RUBY$__file__(LMakefile;Lorg/jruby/runtime/ThreadContext;Lorg/jruby/runtime/builtin/IRubyObject;[Lorg/jruby/runtime/builtin/IRubyObject;Lorg/jruby/runtime/Block;)Lorg/jruby/runtime/builtin/IRubyObject;+46
j  Makefile$block_7$RUBY$__file__.call(Lorg/jruby/runtime/ThreadContext;Lorg/jruby/runtime/builtin/IRubyObject;[Lorg/jruby/runtime/builtin/IRubyObject;Lorg/jruby/runtime/Block;)Lorg/jruby/runtime/builtin/IRubyObject;+9
j  org.jruby.runtime.CompiledBlock19.yield(Lorg/jruby/runtime/ThreadContext;Lorg/jruby/runtime/builtin/IRubyObject;Lorg/jruby/runtime/Binding;Lorg/jruby/runtime/Block$Type;)Lorg/jruby/runtime/builtin/IRubyObject;+52
j  org.jruby.runtime.Block.yield(Lorg/jruby/runtime/ThreadContext;Lorg/jruby/runtime/builtin/IRubyObject;)Lorg/jruby/runtime/builtin/IRubyObject;+14
j  org.jruby.RubyArray.eachCommon(Lorg/jruby/runtime/ThreadContext;Lorg/jruby/runtime/Block;)Lorg/jruby/runtime/builtin/IRubyObject;+41
j  org.jruby.RubyArray.each(Lorg/jruby/runtime/ThreadContext;Lorg/jruby/runtime/Block;)Lorg/jruby/runtime/builtin/IRubyObject;+10
j  org.jruby.RubyArray$INVOKER$i$0$0$each.call(Lorg/jruby/runtime/ThreadContext;Lorg/jruby/runtime/builtin/IRubyObject;Lorg/jruby/RubyModule;Ljava/lang/String;Lorg/jruby/runtime/Block;)Lorg/jruby/runtime/builtin/IRubyObject;+7
j  org.jruby.runtime.callsite.CachingCallSite.cacheAndCall(Lorg/jruby/runtime/builtin/IRubyObject;Lorg/jruby/RubyClass;Lorg/jruby/runtime/Block;Lorg/jruby/runtime/ThreadContext;Lorg/jruby/runtime/builtin/IRubyObject;)Lorg/jruby/runtime/builtin/IRubyObject;+57
j  org.jruby.runtime.callsite.CachingCallSite.callBlock(Lorg/jruby/runtime/ThreadContext;Lorg/jruby/runtime/builtin/IRubyObject;Lorg/jruby/runtime/builtin/IRubyObject;Lorg/jruby/runtime/Block;)Lorg/jruby/runtime/builtin/IRubyObject;+50
j  org.jruby.runtime.callsite.CachingCallSite.callIter(Lorg/jruby/runtime/ThreadContext;Lorg/jruby/runtime/builtin/IRubyObject;Lorg/jruby/runtime/builtin/IRubyObject;Lorg/jruby/runtime/Block;)Lorg/jruby/runtime/builtin/IRubyObject;+6
j  Makefile.__file__(LMakefile;Lorg/jruby/runtime/ThreadContext;Lorg/jruby/runtime/builtin/IRubyObject;[Lorg/jruby/runtime/builtin/IRubyObject;Lorg/jruby/runtime/Block;)Lorg/jruby/runtime/builtin/IRubyObject;+938
j  Makefile.load(Lorg/jruby/runtime/ThreadContext;Lorg/jruby/runtime/builtin/IRubyObject;Z)Lorg/jruby/runtime/builtin/IRubyObject;+22
j  org.jruby.Ruby.runScript(Lorg/jruby/ast/executable/Script;Z)Lorg/jruby/runtime/builtin/IRubyObject;+12
j  org.jruby.Ruby.runScript(Lorg/jruby/ast/executable/Script;)Lorg/jruby/runtime/builtin/IRubyObject;+3
j  org.jruby.Ruby.runNormally(Lorg/jruby/ast/Node;)Lorg/jruby/runtime/builtin/IRubyObject;+73
j  org.jruby.Ruby.runFromMain(Ljava/io/InputStream;Ljava/lang/String;)V+320
j  org.jruby.Main.doRunFromMain(Lorg/jruby/Ruby;Ljava/io/InputStream;Ljava/lang/String;)Lorg/jruby/Main$Status;+12
j  org.jruby.Main.internalRun()Lorg/jruby/Main$Status;+234
j  org.jruby.Main.run([Ljava/lang/String;)Lorg/jruby/Main$Status;+9
j  org.jruby.Main.main([Ljava/lang/String;)V+35
v  ~StubRoutines::call_stub

---------------  P R O C E S S  ---------------

Java Threads: ( => current thread )
  0x00007f0ab4473000 JavaThread "JRubyJIT-2" daemon [_thread_in_vm, id=21878, stack(0x00007f0aa9788000,0x00007f0aa9989000)]
  0x00007f0ab4479000 JavaThread "process reaper" daemon [_thread_blocked, id=21758, stack(0x00007f0ab001d000,0x00007f0ab0056000)]
  0x00007f0ab444a000 JavaThread "JRubyJIT-1" daemon [_thread_blocked, id=21755, stack(0x00007f0aa9b8a000,0x00007f0aa9d8b000)]
  0x00007f0ab40ae000 JavaThread "Service Thread" daemon [_thread_blocked, id=21753, stack(0x00007f0aab803000,0x00007f0aaba04000)]
  0x00007f0ab40ab800 JavaThread "C2 CompilerThread1" daemon [_thread_in_native, id=21752, stack(0x00007f0aaba04000,0x00007f0aabb05000)]
  0x00007f0ab40a8800 JavaThread "C2 CompilerThread0" daemon [_thread_in_native, id=21751, stack(0x00007f0aabb05000,0x00007f0aabc06000)]
  0x00007f0ab40a6800 JavaThread "Signal Dispatcher" daemon [_thread_blocked, id=21750, stack(0x00007f0ab0070000,0x00007f0ab0271000)]
  0x00007f0ab4082800 JavaThread "Finalizer" daemon [_thread_blocked, id=21749, stack(0x00007f0ab0271000,0x00007f0ab0472000)]
  0x00007f0ab4080800 JavaThread "Reference Handler" daemon [_thread_blocked, id=21748, stack(0x00007f0ab0472000,0x00007f0ab0673000)]
=>0x00007f0ab400a800 JavaThread "main" [_thread_in_native, id=21742, stack(0x00007f0abb704000,0x00007f0abb905000)]

Other Threads:
  0x00007f0ab407c800 VMThread [stack: 0x00007f0ab0673000,0x00007f0ab0774000] [id=21747]
  0x00007f0ab40b8800 WatcherThread [stack: 0x00007f0aab702000,0x00007f0aab803000] [id=21754]

VM state:not at safepoint (normal execution)

VM Mutex/Monitor currently owned by a thread: None

Heap
 PSYoungGen      total 32768K, used 5101K [0x00000000f5900000, 0x00000000f9900000, 0x0000000100000000)
  eden space 30720K, 9% used [0x00000000f5900000,0x00000000f5bfe098,0x00000000f7700000)
  from space 2048K, 99% used [0x00000000f7700000,0x00000000f78fd528,0x00000000f7900000)
  to   space 2048K, 0% used [0x00000000f9700000,0x00000000f9700000,0x00000000f9900000)
 ParOldGen       total 38400K, used 8964K [0x00000000e0c00000, 0x00000000e3180000, 0x00000000f5900000)
  object space 38400K, 23% used [0x00000000e0c00000,0x00000000e14c1148,0x00000000e3180000)
 PSPermGen       total 25600K, used 25474K [0x00000000d6600000, 0x00000000d7f00000, 0x00000000e0c00000)
  object space 25600K, 99% used [0x00000000d6600000,0x00000000d7ee08d8,0x00000000d7f00000)

Card table byte_map: [0x00007f0aba52a000,0x00007f0aba678000] byte_map_base: 0x00007f0ab9e77000

Polling page: 0x00007f0abdd12000

Code Cache  [0x00007f0ab1000000, 0x00007f0ab1270000, 0x00007f0ab4000000)
 total_blobs=953 nmethods=474 adapters=433 free_code_cache=47623Kb largest_free_block=48734464

Compilation events (10 events):
Event: 11,268 Thread 0x00007f0ab40a8800 nmethod 493 0x00007f0ab1180890 code [0x00007f0ab1180a80, 0x00007f0ab1181728]
Event: 11,269 Thread 0x00007f0ab40a8800  504             org.jruby.runtime.callsite.CachingCallSite::callBlock (58 bytes)
Event: 11,278 Thread 0x00007f0ab40ab800 nmethod 503 0x00007f0ab1182290 code [0x00007f0ab1182400, 0x00007f0ab1182678]
Event: 11,278 Thread 0x00007f0ab40ab800  505             org.jruby.runtime.callsite.CachingCallSite::call (12 bytes)
Event: 11,293 Thread 0x00007f0ab40a8800 nmethod 504 0x00007f0ab117f290 code [0x00007f0ab117f420, 0x00007f0ab117f808]
Event: 11,294 Thread 0x00007f0ab40a8800  506             org.jruby.RubyClass::newInstance (26 bytes)
Event: 11,297 Thread 0x00007f0ab40ab800 nmethod 505 0x00007f0ab11835d0 code [0x00007f0ab1183760, 0x00007f0ab1183b48]
Event: 11,297 Thread 0x00007f0ab40ab800  507             org.jruby.ext.ffi.Type::getNativeSize (5 bytes)
Event: 11,298 Thread 0x00007f0ab40ab800 nmethod 507 0x00007f0ab117b510 code [0x00007f0ab117b640, 0x00007f0ab117b698]
Event: 11,298 Thread 0x00007f0ab40ab800  508             org.jruby.ext.ffi.MappedType::fromNative (22 bytes)

GC Heap History (6 events):
Event: 3,641 GC heap before
{Heap before GC invocations=1 (full 0):
 PSYoungGen      total 17408K, used 15360K [0x00000000f5900000, 0x00000000f6c00000, 0x0000000100000000)
  eden space 15360K, 100% used [0x00000000f5900000,0x00000000f6800000,0x00000000f6800000)
  from space 2048K, 0% used [0x00000000f6a00000,0x00000000f6a00000,0x00000000f6c00000)
  to   space 2048K, 0% used [0x00000000f6800000,0x00000000f6800000,0x00000000f6a00000)
 ParOldGen       total 38400K, used 0K [0x00000000e0c00000, 0x00000000e3180000, 0x00000000f5900000)
  object space 38400K, 0% used [0x00000000e0c00000,0x00000000e0c00000,0x00000000e3180000)
 PSPermGen       total 21504K, used 18949K [0x00000000d6600000, 0x00000000d7b00000, 0x00000000e0c00000)
  object space 21504K, 88% used [0x00000000d6600000,0x00000000d78816c8,0x00000000d7b00000)
Event: 3,693 GC heap after
Heap after GC invocations=1 (full 0):
 PSYoungGen      total 17408K, used 2037K [0x00000000f5900000, 0x00000000f7b00000, 0x0000000100000000)
  eden space 15360K, 0% used [0x00000000f5900000,0x00000000f5900000,0x00000000f6800000)
  from space 2048K, 99% used [0x00000000f6800000,0x00000000f69fd4b8,0x00000000f6a00000)
  to   space 2048K, 0% used [0x00000000f7900000,0x00000000f7900000,0x00000000f7b00000)
 ParOldGen       total 38400K, used 3796K [0x00000000e0c00000, 0x00000000e3180000, 0x00000000f5900000)
  object space 38400K, 9% used [0x00000000e0c00000,0x00000000e0fb50e0,0x00000000e3180000)
 PSPermGen       total 21504K, used 18949K [0x00000000d6600000, 0x00000000d7b00000, 0x00000000e0c00000)
  object space 21504K, 88% used [0x00000000d6600000,0x00000000d78816c8,0x00000000d7b00000)
}
Event: 6,601 GC heap before
{Heap before GC invocations=2 (full 0):
 PSYoungGen      total 17408K, used 17397K [0x00000000f5900000, 0x00000000f7b00000, 0x0000000100000000)
  eden space 15360K, 100% used [0x00000000f5900000,0x00000000f6800000,0x00000000f6800000)
  from space 2048K, 99% used [0x00000000f6800000,0x00000000f69fd4b8,0x00000000f6a00000)
  to   space 2048K, 0% used [0x00000000f7900000,0x00000000f7900000,0x00000000f7b00000)
 ParOldGen       total 38400K, used 3796K [0x00000000e0c00000, 0x00000000e3180000, 0x00000000f5900000)
  object space 38400K, 9% used [0x00000000e0c00000,0x00000000e0fb50e0,0x00000000e3180000)
 PSPermGen       total 23552K, used 23438K [0x00000000d6600000, 0x00000000d7d00000, 0x00000000e0c00000)
  object space 23552K, 99% used [0x00000000d6600000,0x00000000d7ce3b20,0x00000000d7d00000)
Event: 6,647 GC heap after
Heap after GC invocations=2 (full 0):
 PSYoungGen      total 32768K, used 2037K [0x00000000f5900000, 0x00000000f7b00000, 0x0000000100000000)
  eden space 30720K, 0% used [0x00000000f5900000,0x00000000f5900000,0x00000000f7700000)
  from space 2048K, 99% used [0x00000000f7900000,0x00000000f7afd528,0x00000000f7b00000)
  to   space 2048K, 0% used [0x00000000f7700000,0x00000000f7700000,0x00000000f7900000)
 ParOldGen       total 38400K, used 5903K [0x00000000e0c00000, 0x00000000e3180000, 0x00000000f5900000)
  object space 38400K, 15% used [0x00000000e0c00000,0x00000000e11c3ed8,0x00000000e3180000)
 PSPermGen       total 23552K, used 23438K [0x00000000d6600000, 0x00000000d7d00000, 0x00000000e0c00000)
  object space 23552K, 99% used [0x00000000d6600000,0x00000000d7ce3b20,0x00000000d7d00000)
}
Event: 10,976 GC heap before
{Heap before GC invocations=3 (full 0):
 PSYoungGen      total 32768K, used 32757K [0x00000000f5900000, 0x00000000f7b00000, 0x0000000100000000)
  eden space 30720K, 100% used [0x00000000f5900000,0x00000000f7700000,0x00000000f7700000)
  from space 2048K, 99% used [0x00000000f7900000,0x00000000f7afd528,0x00000000f7b00000)
  to   space 2048K, 0% used [0x00000000f7700000,0x00000000f7700000,0x00000000f7900000)
 ParOldGen       total 38400K, used 5903K [0x00000000e0c00000, 0x00000000e3180000, 0x00000000f5900000)
  object space 38400K, 15% used [0x00000000e0c00000,0x00000000e11c3ed8,0x00000000e3180000)
 PSPermGen       total 25600K, used 25464K [0x00000000d6600000, 0x00000000d7f00000, 0x00000000e0c00000)
  object space 25600K, 99% used [0x00000000d6600000,0x00000000d7ede0e8,0x00000000d7f00000)
Event: 11,013 GC heap after
Heap after GC invocations=3 (full 0):
 PSYoungGen      total 32768K, used 2037K [0x00000000f5900000, 0x00000000f9900000, 0x0000000100000000)
  eden space 30720K, 0% used [0x00000000f5900000,0x00000000f5900000,0x00000000f7700000)
  from space 2048K, 99% used [0x00000000f7700000,0x00000000f78fd528,0x00000000f7900000)
  to   space 2048K, 0% used [0x00000000f9700000,0x00000000f9700000,0x00000000f9900000)
 ParOldGen       total 38400K, used 8964K [0x00000000e0c00000, 0x00000000e3180000, 0x00000000f5900000)
  object space 38400K, 23% used [0x00000000e0c00000,0x00000000e14c1148,0x00000000e3180000)
 PSPermGen       total 25600K, used 25464K [0x00000000d6600000, 0x00000000d7f00000, 0x00000000e0c00000)
  object space 25600K, 99% used [0x00000000d6600000,0x00000000d7ede0e8,0x00000000d7f00000)
}

Deoptimization events (10 events):
Event: 11,280 Thread 0x00007f0ab400a800 Uncommon trap: reason=class_check action=maybe_recompile pc=0x00007f0ab10da278 method=org.jruby.RubyArray.compare(Lorg/jruby/runtime/ThreadContext;Lorg/jruby/runtime/invokedynamic/MethodNames;Lorg/jruby/runtime/builtin/IRubyObject;)Lorg/jruby/RubyBoolean;
Event: 11,286 Thread 0x00007f0ab400a800 Uncommon trap: reason=class_check action=maybe_recompile pc=0x00007f0ab111c704 method=org.jruby.ext.ffi.StructByReference.to_native(Lorg/jruby/runtime/ThreadContext;Lorg/jruby/runtime/builtin/IRubyObject;Lorg/jruby/runtime/builtin/IRubyObject;)Lorg/jruby/
Event: 11,289 Thread 0x00007f0ab400a800 Uncommon trap: reason=bimorphic action=maybe_recompile pc=0x00007f0ab117da48 method=org.jruby.RubyClass.allocate()Lorg/jruby/runtime/builtin/IRubyObject; @ 54
Event: 11,289 Thread 0x00007f0ab400a800 Uncommon trap: reason=bimorphic action=maybe_recompile pc=0x00007f0ab117da48 method=org.jruby.RubyClass.allocate()Lorg/jruby/runtime/builtin/IRubyObject; @ 54
Event: 11,289 Thread 0x00007f0ab400a800 Uncommon trap: reason=class_check action=maybe_recompile pc=0x00007f0ab1173a64 method=org.jruby.runtime.ivars.VariableAccessor.get(Ljava/lang/Object;)Ljava/lang/Object; @ 1
Event: 11,289 Thread 0x00007f0ab400a800 Uncommon trap: reason=class_check action=maybe_recompile pc=0x00007f0ab1173a64 method=org.jruby.runtime.ivars.VariableAccessor.get(Ljava/lang/Object;)Ljava/lang/Object; @ 1
Event: 11,289 Thread 0x00007f0ab400a800 Uncommon trap: reason=class_check action=maybe_recompile pc=0x00007f0ab1173a64 method=org.jruby.runtime.ivars.VariableAccessor.get(Ljava/lang/Object;)Ljava/lang/Object; @ 1
Event: 11,289 Thread 0x00007f0ab400a800 Uncommon trap: reason=class_check action=maybe_recompile pc=0x00007f0ab1173a64 method=org.jruby.runtime.ivars.VariableAccessor.get(Ljava/lang/Object;)Ljava/lang/Object; @ 1
Event: 11,290 Thread 0x00007f0ab400a800 Uncommon trap: reason=bimorphic action=maybe_recompile pc=0x00007f0ab117da48 method=org.jruby.RubyClass.allocate()Lorg/jruby/runtime/builtin/IRubyObject; @ 54
Event: 11,290 Thread 0x00007f0ab400a800 Uncommon trap: reason=bimorphic action=maybe_recompile pc=0x00007f0ab117da48 method=org.jruby.RubyClass.allocate()Lorg/jruby/runtime/builtin/IRubyObject; @ 54

Internal exceptions (10 events):
Event: 9,776 Thread 0x00007f0ab400a800 Threw 0x00000000f71518a0 at /build/buildd/openjdk-7-7u51-2.4.4/build/openjdk/hotspot/src/share/vm/prims/jvm.cpp:1244
Event: 9,776 Thread 0x00007f0ab400a800 Threw 0x00000000f7152350 at /build/buildd/openjdk-7-7u51-2.4.4/build/openjdk/hotspot/src/share/vm/prims/jvm.cpp:1244
Event: 9,780 Thread 0x00007f0ab400a800 Threw 0x00000000f715dec0 at /build/buildd/openjdk-7-7u51-2.4.4/build/openjdk/hotspot/src/share/vm/prims/jvm.cpp:1244
Event: 9,780 Thread 0x00007f0ab400a800 Threw 0x00000000f715ff80 at /build/buildd/openjdk-7-7u51-2.4.4/build/openjdk/hotspot/src/share/vm/prims/jvm.cpp:1244
Event: 9,780 Thread 0x00007f0ab400a800 Threw 0x00000000f7160a30 at /build/buildd/openjdk-7-7u51-2.4.4/build/openjdk/hotspot/src/share/vm/prims/jvm.cpp:1244
Event: 9,781 Thread 0x00007f0ab400a800 Threw 0x00000000f71628d0 at /build/buildd/openjdk-7-7u51-2.4.4/build/openjdk/hotspot/src/share/vm/prims/jvm.cpp:1244
Event: 9,781 Thread 0x00007f0ab400a800 Threw 0x00000000f7164990 at /build/buildd/openjdk-7-7u51-2.4.4/build/openjdk/hotspot/src/share/vm/prims/jvm.cpp:1244
Event: 9,781 Thread 0x00007f0ab400a800 Threw 0x00000000f7165440 at /build/buildd/openjdk-7-7u51-2.4.4/build/openjdk/hotspot/src/share/vm/prims/jvm.cpp:1244
Event: 11,306 Thread 0x00007f0ab4473000 Threw 0x00000000f5bd9468 at /build/buildd/openjdk-7-7u51-2.4.4/build/openjdk/hotspot/src/share/vm/prims/jvm.cpp:1244
Event: 11,307 Thread 0x00007f0ab4473000 Threw 0x00000000f5bdae80 at /build/buildd/openjdk-7-7u51-2.4.4/build/openjdk/hotspot/src/share/vm/prims/jvm.cpp:1244

Events (10 events):
Event: 11,290 Thread 0x00007f0ab400a800 DEOPT PACKING pc=0x00007f0ab1173a64 sp=0x00007f0abb9012a0
Event: 11,290 Thread 0x00007f0ab400a800 DEOPT UNPACKING pc=0x00007f0ab1039045 sp=0x00007f0abb901268 mode 2
Event: 11,290 Thread 0x00007f0ab400a800 Uncommon trap: trap_request=0xffffffc6 fr.pc=0x00007f0ab117da48
Event: 11,290 Thread 0x00007f0ab400a800 DEOPT PACKING pc=0x00007f0ab117da48 sp=0x00007f0abb901690
Event: 11,290 Thread 0x00007f0ab400a800 DEOPT UNPACKING pc=0x00007f0ab1039045 sp=0x00007f0abb901680 mode 2
Event: 11,290 Thread 0x00007f0ab400a800 Uncommon trap: trap_request=0xffffffc6 fr.pc=0x00007f0ab117da48
Event: 11,290 Thread 0x00007f0ab400a800 DEOPT PACKING pc=0x00007f0ab117da48 sp=0x00007f0abb901690
Event: 11,290 Thread 0x00007f0ab400a800 DEOPT UNPACKING pc=0x00007f0ab1039045 sp=0x00007f0abb901680 mode 2
Event: 11,306 loading class 0x00007f0a68000bf0
Event: 11,306 loading class 0x00007f0a68000bf0 done


Dynamic libraries:
00400000-00401000 r-xp 00000000 08:01 15861394                           /usr/lib/jvm/java-7-openjdk-amd64/jre/bin/java
00600000-00601000 r--p 00000000 08:01 15861394                           /usr/lib/jvm/java-7-openjdk-amd64/jre/bin/java
00601000-00602000 rw-p 00001000 08:01 15861394                           /usr/lib/jvm/java-7-openjdk-amd64/jre/bin/java
025c8000-025e9000 rw-p 00000000 00:00 0                                  [heap]
d6600000-d7f00000 rw-p 00000000 00:00 0 
d7f00000-e0c00000 rw-p 00000000 00:00 0 
e0c00000-e3180000 rw-p 00000000 00:00 0 
e3180000-f5900000 rw-p 00000000 00:00 0 
f5900000-f9900000 rw-p 00000000 00:00 0 
f9900000-100000000 rw-p 00000000 00:00 0 
7f0a64000000-7f0a64021000 rw-p 00000000 00:00 0 
7f0a64021000-7f0a68000000 ---p 00000000 00:00 0 
7f0a68000000-7f0a68021000 rw-p 00000000 00:00 0 
7f0a68021000-7f0a6c000000 ---p 00000000 00:00 0 
7f0a6c000000-7f0a6c021000 rw-p 00000000 00:00 0 
7f0a6c021000-7f0a70000000 ---p 00000000 00:00 0 
7f0a70000000-7f0a70021000 rw-p 00000000 00:00 0 
7f0a70021000-7f0a74000000 ---p 00000000 00:00 0 
7f0a74000000-7f0a74021000 rw-p 00000000 00:00 0 
7f0a74021000-7f0a78000000 ---p 00000000 00:00 0 
7f0a78000000-7f0a78028000 rw-p 00000000 00:00 0 
7f0a78028000-7f0a7c000000 ---p 00000000 00:00 0 
7f0a7c000000-7f0a7cd3f000 rw-p 00000000 00:00 0 
7f0a7cd3f000-7f0a80000000 ---p 00000000 00:00 0 
7f0a80000000-7f0a80021000 rw-p 00000000 00:00 0 
7f0a80021000-7f0a84000000 ---p 00000000 00:00 0 
7f0a84000000-7f0a84021000 rw-p 00000000 00:00 0 
7f0a84021000-7f0a88000000 ---p 00000000 00:00 0 
7f0a88000000-7f0a88ca9000 rw-p 00000000 00:00 0 
7f0a88ca9000-7f0a8c000000 ---p 00000000 00:00 0 
7f0a8c000000-7f0a8c021000 rw-p 00000000 00:00 0 
7f0a8c021000-7f0a90000000 ---p 00000000 00:00 0 
7f0a90000000-7f0a90021000 rw-p 00000000 00:00 0 
7f0a90021000-7f0a94000000 ---p 00000000 00:00 0 
7f0a94000000-7f0a94021000 rw-p 00000000 00:00 0 
7f0a94021000-7f0a98000000 ---p 00000000 00:00 0 
7f0a98000000-7f0a98021000 rw-p 00000000 00:00 0 
7f0a98021000-7f0a9c000000 ---p 00000000 00:00 0 
7f0a9c000000-7f0a9c021000 rw-p 00000000 00:00 0 
7f0a9c021000-7f0aa0000000 ---p 00000000 00:00 0 
7f0aa4000000-7f0aa4021000 rw-p 00000000 00:00 0 
7f0aa4021000-7f0aa8000000 ---p 00000000 00:00 0 
7f0aa8b78000-7f0aa8b7a000 r-xp 00000000 08:01 13894022                   /home/alex/Documents/8vo_Semestre/Geometría Computacional/Lab/practica02p1/src/lib/libintersection.so
7f0aa8b7a000-7f0aa8d79000 ---p 00002000 08:01 13894022                   /home/alex/Documents/8vo_Semestre/Geometría Computacional/Lab/practica02p1/src/lib/libintersection.so
7f0aa8d79000-7f0aa8d7a000 r--p 00001000 08:01 13894022                   /home/alex/Documents/8vo_Semestre/Geometría Computacional/Lab/practica02p1/src/lib/libintersection.so
7f0aa8d7a000-7f0aa8d7b000 rw-p 00002000 08:01 13894022                   /home/alex/Documents/8vo_Semestre/Geometría Computacional/Lab/practica02p1/src/lib/libintersection.so
7f0aa8d7b000-7f0aa8d7e000 r-xp 00000000 08:01 13893852                   /home/alex/Documents/8vo_Semestre/Geometría Computacional/Lab/practica02p1/src/lib/librb_tree.so
7f0aa8d7e000-7f0aa8f7d000 ---p 00003000 08:01 13893852                   /home/alex/Documents/8vo_Semestre/Geometría Computacional/Lab/practica02p1/src/lib/librb_tree.so
7f0aa8f7d000-7f0aa8f7e000 r--p 00002000 08:01 13893852                   /home/alex/Documents/8vo_Semestre/Geometría Computacional/Lab/practica02p1/src/lib/librb_tree.so
7f0aa8f7e000-7f0aa8f7f000 rw-p 00003000 08:01 13893852                   /home/alex/Documents/8vo_Semestre/Geometría Computacional/Lab/practica02p1/src/lib/librb_tree.so
7f0aa8f7f000-7f0aa8f81000 r-xp 00000000 08:01 13893851                   /home/alex/Documents/8vo_Semestre/Geometría Computacional/Lab/practica02p1/src/lib/libdouble_linked_list.so
7f0aa8f81000-7f0aa9180000 ---p 00002000 08:01 13893851                   /home/alex/Documents/8vo_Semestre/Geometría Computacional/Lab/practica02p1/src/lib/libdouble_linked_list.so
7f0aa9180000-7f0aa9181000 r--p 00001000 08:01 13893851                   /home/alex/Documents/8vo_Semestre/Geometría Computacional/Lab/practica02p1/src/lib/libdouble_linked_list.so
7f0aa9181000-7f0aa9182000 rw-p 00002000 08:01 13893851                   /home/alex/Documents/8vo_Semestre/Geometría Computacional/Lab/practica02p1/src/lib/libdouble_linked_list.so
7f0aa9182000-7f0aa9183000 r-xp 00000000 08:01 13893849                   /home/alex/Documents/8vo_Semestre/Geometría Computacional/Lab/practica02p1/src/lib/libhalf_edge.so
7f0aa9183000-7f0aa9383000 ---p 00001000 08:01 13893849                   /home/alex/Documents/8vo_Semestre/Geometría Computacional/Lab/practica02p1/src/lib/libhalf_edge.so
7f0aa9383000-7f0aa9384000 r--p 00001000 08:01 13893849                   /home/alex/Documents/8vo_Semestre/Geometría Computacional/Lab/practica02p1/src/lib/libhalf_edge.so
7f0aa9384000-7f0aa9385000 rw-p 00002000 08:01 13893849                   /home/alex/Documents/8vo_Semestre/Geometría Computacional/Lab/practica02p1/src/lib/libhalf_edge.so
7f0aa9385000-7f0aa9386000 r-xp 00000000 08:01 13893835                   /home/alex/Documents/8vo_Semestre/Geometría Computacional/Lab/practica02p1/src/lib/lib2d_points.so
7f0aa9386000-7f0aa9585000 ---p 00001000 08:01 13893835                   /home/alex/Documents/8vo_Semestre/Geometría Computacional/Lab/practica02p1/src/lib/lib2d_points.so
7f0aa9585000-7f0aa9586000 r--p 00000000 08:01 13893835                   /home/alex/Documents/8vo_Semestre/Geometría Computacional/Lab/practica02p1/src/lib/lib2d_points.so
7f0aa9586000-7f0aa9587000 rw-p 00001000 08:01 13893835                   /home/alex/Documents/8vo_Semestre/Geometría Computacional/Lab/practica02p1/src/lib/lib2d_points.so
7f0aa9587000-7f0aa958a000 ---p 00000000 00:00 0 
7f0aa958a000-7f0aa9788000 rw-p 00000000 00:00 0 
7f0aa9788000-7f0aa978b000 ---p 00000000 00:00 0 
7f0aa978b000-7f0aa9989000 rw-p 00000000 00:00 0                          [stack:21878]
7f0aa9989000-7f0aa998c000 ---p 00000000 00:00 0 
7f0aa998c000-7f0aa9b8a000 rw-p 00000000 00:00 0 
7f0aa9b8a000-7f0aa9b8d000 ---p 00000000 00:00 0 
7f0aa9b8d000-7f0aa9d8b000 rw-p 00000000 00:00 0                          [stack:21755]
7f0aa9d8b000-7f0aa9d9d000 r-xp 00000000 08:01 12059135                   /home/alex/.rbenv/versions/jruby-1.7.10/lib/jni/x86_64-Linux/libjffi-1.2.so
7f0aa9d9d000-7f0aa9f9c000 ---p 00012000 08:01 12059135                   /home/alex/.rbenv/versions/jruby-1.7.10/lib/jni/x86_64-Linux/libjffi-1.2.so
7f0aa9f9c000-7f0aa9f9d000 rw-p 00011000 08:01 12059135                   /home/alex/.rbenv/versions/jruby-1.7.10/lib/jni/x86_64-Linux/libjffi-1.2.so
7f0aa9f9d000-7f0aa9fad000 r-xp 00000000 08:01 15861288                   /usr/lib/jvm/java-7-openjdk-amd64/jre/lib/amd64/libnio.so
7f0aa9fad000-7f0aaa1ad000 ---p 00010000 08:01 15861288                   /usr/lib/jvm/java-7-openjdk-amd64/jre/lib/amd64/libnio.so
7f0aaa1ad000-7f0aaa1ae000 r--p 00010000 08:01 15861288                   /usr/lib/jvm/java-7-openjdk-amd64/jre/lib/amd64/libnio.so
7f0aaa1ae000-7f0aaa1af000 rw-p 00011000 08:01 15861288                   /usr/lib/jvm/java-7-openjdk-amd64/jre/lib/amd64/libnio.so
7f0aaa1af000-7f0aaa1ec000 r-xp 00000000 08:01 8130434                    /lib/x86_64-linux-gnu/libpcre.so.3.13.1
7f0aaa1ec000-7f0aaa3ec000 ---p 0003d000 08:01 8130434                    /lib/x86_64-linux-gnu/libpcre.so.3.13.1
7f0aaa3ec000-7f0aaa3ed000 r--p 0003d000 08:01 8130434                    /lib/x86_64-linux-gnu/libpcre.so.3.13.1
7f0aaa3ed000-7f0aaa3ee000 rw-p 0003e000 08:01 8130434                    /lib/x86_64-linux-gnu/libpcre.so.3.13.1
7f0aaa3ee000-7f0aaa3f5000 r-xp 00000000 08:01 15735894                   /usr/lib/x86_64-linux-gnu/libffi.so.6.0.1
7f0aaa3f5000-7f0aaa5f4000 ---p 00007000 08:01 15735894                   /usr/lib/x86_64-linux-gnu/libffi.so.6.0.1
7f0aaa5f4000-7f0aaa5f5000 r--p 00006000 08:01 15735894                   /usr/lib/x86_64-linux-gnu/libffi.so.6.0.1
7f0aaa5f5000-7f0aaa5f6000 rw-p 00007000 08:01 15735894                   /usr/lib/x86_64-linux-gnu/libffi.so.6.0.1
7f0aaa5f6000-7f0aaa60c000 r-xp 00000000 08:01 8130457                    /lib/x86_64-linux-gnu/libresolv-2.17.so
7f0aaa60c000-7f0aaa80c000 ---p 00016000 08:01 8130457                    /lib/x86_64-linux-gnu/libresolv-2.17.so
7f0aaa80c000-7f0aaa80d000 r--p 00016000 08:01 8130457                    /lib/x86_64-linux-gnu/libresolv-2.17.so
7f0aaa80d000-7f0aaa80e000 rw-p 00017000 08:01 8130457                    /lib/x86_64-linux-gnu/libresolv-2.17.so
7f0aaa80e000-7f0aaa810000 rw-p 00000000 00:00 0 
7f0aaa810000-7f0aaa82f000 r-xp 00000000 08:01 8130461                    /lib/x86_64-linux-gnu/libselinux.so.1
7f0aaa82f000-7f0aaaa2f000 ---p 0001f000 08:01 8130461                    /lib/x86_64-linux-gnu/libselinux.so.1
7f0aaaa2f000-7f0aaaa30000 r--p 0001f000 08:01 8130461                    /lib/x86_64-linux-gnu/libselinux.so.1
7f0aaaa30000-7f0aaaa31000 rw-p 00020000 08:01 8130461                    /lib/x86_64-linux-gnu/libselinux.so.1
7f0aaaa31000-7f0aaaa32000 rw-p 00000000 00:00 0 
7f0aaaa32000-7f0aaaa35000 r-xp 00000000 08:01 15729078                   /usr/lib/x86_64-linux-gnu/libgmodule-2.0.so.0.3800.1
7f0aaaa35000-7f0aaac34000 ---p 00003000 08:01 15729078                   /usr/lib/x86_64-linux-gnu/libgmodule-2.0.so.0.3800.1
7f0aaac34000-7f0aaac35000 r--p 00002000 08:01 15729078                   /usr/lib/x86_64-linux-gnu/libgmodule-2.0.so.0.3800.1
7f0aaac35000-7f0aaac36000 rw-p 00003000 08:01 15729078                   /usr/lib/x86_64-linux-gnu/libgmodule-2.0.so.0.3800.1
7f0aaac36000-7f0aaad34000 r-xp 00000000 08:01 8130449                    /lib/x86_64-linux-gnu/libglib-2.0.so.0.3800.1
7f0aaad34000-7f0aaaf34000 ---p 000fe000 08:01 8130449                    /lib/x86_64-linux-gnu/libglib-2.0.so.0.3800.1
7f0aaaf34000-7f0aaaf35000 r--p 000fe000 08:01 8130449                    /lib/x86_64-linux-gnu/libglib-2.0.so.0.3800.1
7f0aaaf35000-7f0aaaf36000 rw-p 000ff000 08:01 8130449                    /lib/x86_64-linux-gnu/libglib-2.0.so.0.3800.1
7f0aaaf36000-7f0aaaf37000 rw-p 00000000 00:00 0 
7f0aaaf37000-7f0aaaf86000 r-xp 00000000 08:01 15729069                   /usr/lib/x86_64-linux-gnu/libgobject-2.0.so.0.3800.1
7f0aaaf86000-7f0aab186000 ---p 0004f000 08:01 15729069                   /usr/lib/x86_64-linux-gnu/libgobject-2.0.so.0.3800.1
7f0aab186000-7f0aab187000 r--p 0004f000 08:01 15729069                   /usr/lib/x86_64-linux-gnu/libgobject-2.0.so.0.3800.1
7f0aab187000-7f0aab188000 rw-p 00050000 08:01 15729069                   /usr/lib/x86_64-linux-gnu/libgobject-2.0.so.0.3800.1
7f0aab188000-7f0aab2e4000 r-xp 00000000 08:01 15729043                   /usr/lib/x86_64-linux-gnu/libgio-2.0.so.0.3800.1
7f0aab2e4000-7f0aab4e3000 ---p 0015c000 08:01 15729043                   /usr/lib/x86_64-linux-gnu/libgio-2.0.so.0.3800.1
7f0aab4e3000-7f0aab4e7000 r--p 0015b000 08:01 15729043                   /usr/lib/x86_64-linux-gnu/libgio-2.0.so.0.3800.1
7f0aab4e7000-7f0aab4e9000 rw-p 0015f000 08:01 15729043                   /usr/lib/x86_64-linux-gnu/libgio-2.0.so.0.3800.1
7f0aab4e9000-7f0aab4eb000 rw-p 00000000 00:00 0 
7f0aab4eb000-7f0aab501000 r-xp 00000000 08:01 15861076                   /usr/lib/jvm/java-7-openjdk-amd64/jre/lib/amd64/libnet.so
7f0aab501000-7f0aab700000 ---p 00016000 08:01 15861076                   /usr/lib/jvm/java-7-openjdk-amd64/jre/lib/amd64/libnet.so
7f0aab700000-7f0aab701000 r--p 00015000 08:01 15861076                   /usr/lib/jvm/java-7-openjdk-amd64/jre/lib/amd64/libnet.so
7f0aab701000-7f0aab702000 rw-p 00016000 08:01 15861076                   /usr/lib/jvm/java-7-openjdk-amd64/jre/lib/amd64/libnet.so
7f0aab702000-7f0aab703000 ---p 00000000 00:00 0 
7f0aab703000-7f0aab803000 rw-p 00000000 00:00 0                          [stack:21754]
7f0aab803000-7f0aab806000 ---p 00000000 00:00 0 
7f0aab806000-7f0aaba04000 rw-p 00000000 00:00 0                          [stack:21753]
7f0aaba04000-7f0aaba07000 ---p 00000000 00:00 0 
7f0aaba07000-7f0aabb05000 rw-p 00000000 00:00 0                          [stack:21752]
7f0aabb05000-7f0aabb08000 ---p 00000000 00:00 0 
7f0aabb08000-7f0aabc06000 rw-p 00000000 00:00 0                          [stack:21751]
7f0aabc06000-7f0aac000000 r--p 00000000 08:01 15734328                   /usr/lib/locale/locale-archive
7f0aac000000-7f0aac021000 rw-p 00000000 00:00 0 
7f0aac021000-7f0ab0000000 ---p 00000000 00:00 0 
7f0ab001c000-7f0ab001d000 rw-p 00000000 00:00 0 
7f0ab001d000-7f0ab0020000 ---p 00000000 00:00 0 
7f0ab0020000-7f0ab0056000 rw-p 00000000 00:00 0                          [stack:21758]
7f0ab0056000-7f0ab0057000 r-xp 00000000 00:00 0 
7f0ab0057000-7f0ab005e000 r--s 00000000 08:01 16127910                   /usr/lib/x86_64-linux-gnu/gconv/gconv-modules.cache
7f0ab005e000-7f0ab0060000 r--s 00012000 08:01 15861308                   /usr/lib/jvm/java-7-openjdk-amd64/jre/lib/ext/zipfs.jar
7f0ab0060000-7f0ab0063000 r--s 00032000 08:01 15861310                   /usr/lib/jvm/java-7-openjdk-amd64/jre/lib/ext/sunjce_provider.jar
7f0ab0063000-7f0ab0067000 r--s 00085000 08:01 15861304                   /usr/lib/jvm/java-7-openjdk-amd64/jre/lib/ext/localedata.jar
7f0ab0067000-7f0ab0069000 r--s 00006000 08:01 16256853                   /usr/share/java/java-atk-wrapper.jar
7f0ab0069000-7f0ab006c000 r--s 0000f000 08:01 15861306                   /usr/lib/jvm/java-7-openjdk-amd64/jre/lib/ext/pulse-java.jar
7f0ab006c000-7f0ab0070000 r--s 0003b000 08:01 15861316                   /usr/lib/jvm/java-7-openjdk-amd64/jre/lib/ext/sunpkcs11.jar
7f0ab0070000-7f0ab0073000 ---p 00000000 00:00 0 
7f0ab0073000-7f0ab0271000 rw-p 00000000 00:00 0                          [stack:21750]
7f0ab0271000-7f0ab0274000 ---p 00000000 00:00 0 
7f0ab0274000-7f0ab0472000 rw-p 00000000 00:00 0                          [stack:21749]
7f0ab0472000-7f0ab0475000 ---p 00000000 00:00 0 
7f0ab0475000-7f0ab0673000 rw-p 00000000 00:00 0                          [stack:21748]
7f0ab0673000-7f0ab0674000 ---p 00000000 00:00 0 
7f0ab0674000-7f0ab1000000 rw-p 00000000 00:00 0                          [stack:21747]
7f0ab1000000-7f0ab1270000 rwxp 00000000 00:00 0 
7f0ab1270000-7f0ab44c8000 rw-p 00000000 00:00 0 
7f0ab44c8000-7f0ab8000000 ---p 00000000 00:00 0 
7f0ab8000000-7f0ab8001000 r--s 00002000 08:01 15861314                   /usr/lib/jvm/java-7-openjdk-amd64/jre/lib/ext/dnsns.jar
7f0ab8001000-7f0ab8731000 rw-p 00000000 00:00 0 
7f0ab8731000-7f0ab881a000 r--s 00bb9000 08:01 12059138                   /home/alex/.rbenv/versions/jruby-1.7.10/lib/jruby.jar
7f0ab881a000-7f0ab8862000 rw-p 00000000 00:00 0 
7f0ab8862000-7f0ab8a10000 r--s 01cf4000 08:01 15861374                   /usr/lib/jvm/java-7-openjdk-amd64/jre/lib/rt.jar
7f0ab8a10000-7f0aba126000 rw-p 00000000 00:00 0 
7f0aba126000-7f0aba127000 ---p 00000000 00:00 0 
7f0aba127000-7f0aba227000 rw-p 00000000 00:00 0                          [stack:21746]
7f0aba227000-7f0aba228000 ---p 00000000 00:00 0 
7f0aba228000-7f0aba328000 rw-p 00000000 00:00 0                          [stack:21745]
7f0aba328000-7f0aba329000 ---p 00000000 00:00 0 
7f0aba329000-7f0aba429000 rw-p 00000000 00:00 0                          [stack:21744]
7f0aba429000-7f0aba42a000 ---p 00000000 00:00 0 
7f0aba42a000-7f0aba537000 rw-p 00000000 00:00 0                          [stack:21743]
7f0aba537000-7f0aba57d000 rw-p 00000000 00:00 0 
7f0aba57d000-7f0aba590000 rw-p 00000000 00:00 0 
7f0aba590000-7f0aba623000 rw-p 00000000 00:00 0 
7f0aba623000-7f0aba644000 rw-p 00000000 00:00 0 
7f0aba644000-7f0aba677000 rw-p 00000000 00:00 0 
7f0aba677000-7f0aba678000 rw-p 00000000 00:00 0 
7f0aba678000-7f0aba680000 r-xp 00000000 08:01 15861025                   /usr/lib/jvm/java-7-openjdk-amd64/jre/lib/amd64/libzip.so
7f0aba680000-7f0aba87f000 ---p 00008000 08:01 15861025                   /usr/lib/jvm/java-7-openjdk-amd64/jre/lib/amd64/libzip.so
7f0aba87f000-7f0aba880000 r--p 00007000 08:01 15861025                   /usr/lib/jvm/java-7-openjdk-amd64/jre/lib/amd64/libzip.so
7f0aba880000-7f0aba881000 rw-p 00008000 08:01 15861025                   /usr/lib/jvm/java-7-openjdk-amd64/jre/lib/amd64/libzip.so
7f0aba881000-7f0aba88d000 r-xp 00000000 08:01 8130412                    /lib/x86_64-linux-gnu/libnss_files-2.17.so
7f0aba88d000-7f0abaa8c000 ---p 0000c000 08:01 8130412                    /lib/x86_64-linux-gnu/libnss_files-2.17.so
7f0abaa8c000-7f0abaa8d000 r--p 0000b000 08:01 8130412                    /lib/x86_64-linux-gnu/libnss_files-2.17.so
7f0abaa8d000-7f0abaa8e000 rw-p 0000c000 08:01 8130412                    /lib/x86_64-linux-gnu/libnss_files-2.17.so
7f0abaa8e000-7f0abaa99000 r-xp 00000000 08:01 8130416                    /lib/x86_64-linux-gnu/libnss_nis-2.17.so
7f0abaa99000-7f0abac98000 ---p 0000b000 08:01 8130416                    /lib/x86_64-linux-gnu/libnss_nis-2.17.so
7f0abac98000-7f0abac99000 r--p 0000a000 08:01 8130416                    /lib/x86_64-linux-gnu/libnss_nis-2.17.so
7f0abac99000-7f0abac9a000 rw-p 0000b000 08:01 8130416                    /lib/x86_64-linux-gnu/libnss_nis-2.17.so
7f0abac9a000-7f0abacb1000 r-xp 00000000 08:01 8130406                    /lib/x86_64-linux-gnu/libnsl-2.17.so
7f0abacb1000-7f0abaeb0000 ---p 00017000 08:01 8130406                    /lib/x86_64-linux-gnu/libnsl-2.17.so
7f0abaeb0000-7f0abaeb1000 r--p 00016000 08:01 8130406                    /lib/x86_64-linux-gnu/libnsl-2.17.so
7f0abaeb1000-7f0abaeb2000 rw-p 00017000 08:01 8130406                    /lib/x86_64-linux-gnu/libnsl-2.17.so
7f0abaeb2000-7f0abaeb4000 rw-p 00000000 00:00 0 
7f0abaeb4000-7f0abaebc000 r-xp 00000000 08:01 8130408                    /lib/x86_64-linux-gnu/libnss_compat-2.17.so
7f0abaebc000-7f0abb0bb000 ---p 00008000 08:01 8130408                    /lib/x86_64-linux-gnu/libnss_compat-2.17.so
7f0abb0bb000-7f0abb0bc000 r--p 00007000 08:01 8130408                    /lib/x86_64-linux-gnu/libnss_compat-2.17.so
7f0abb0bc000-7f0abb0bd000 rw-p 00008000 08:01 8130408                    /lib/x86_64-linux-gnu/libnss_compat-2.17.so
7f0abb0bd000-7f0abb0e8000 r-xp 00000000 08:01 15860951                   /usr/lib/jvm/java-7-openjdk-amd64/jre/lib/amd64/libjava.so
7f0abb0e8000-7f0abb2e7000 ---p 0002b000 08:01 15860951                   /usr/lib/jvm/java-7-openjdk-amd64/jre/lib/amd64/libjava.so
7f0abb2e7000-7f0abb2e8000 r--p 0002a000 08:01 15860951                   /usr/lib/jvm/java-7-openjdk-amd64/jre/lib/amd64/libjava.so
7f0abb2e8000-7f0abb2ea000 rw-p 0002b000 08:01 15860951                   /usr/lib/jvm/java-7-openjdk-amd64/jre/lib/amd64/libjava.so
7f0abb2ea000-7f0abb2fa000 r-xp 00000000 08:01 15861265                   /usr/lib/jvm/java-7-openjdk-amd64/jre/lib/amd64/libverify.so
7f0abb2fa000-7f0abb4f9000 ---p 00010000 08:01 15861265                   /usr/lib/jvm/java-7-openjdk-amd64/jre/lib/amd64/libverify.so
7f0abb4f9000-7f0abb4fb000 r--p 0000f000 08:01 15861265                   /usr/lib/jvm/java-7-openjdk-amd64/jre/lib/amd64/libverify.so
7f0abb4fb000-7f0abb4fc000 rw-p 00011000 08:01 15861265                   /usr/lib/jvm/java-7-openjdk-amd64/jre/lib/amd64/libverify.so
7f0abb4fc000-7f0abb503000 r-xp 00000000 08:01 8130459                    /lib/x86_64-linux-gnu/librt-2.17.so
7f0abb503000-7f0abb702000 ---p 00007000 08:01 8130459                    /lib/x86_64-linux-gnu/librt-2.17.so
7f0abb702000-7f0abb703000 r--p 00006000 08:01 8130459                    /lib/x86_64-linux-gnu/librt-2.17.so
7f0abb703000-7f0abb704000 rw-p 00007000 08:01 8130459                    /lib/x86_64-linux-gnu/librt-2.17.so
7f0abb704000-7f0abb707000 ---p 00000000 00:00 0 
7f0abb707000-7f0abb905000 rw-p 00000000 00:00 0                          [stack:21742]
7f0abb905000-7f0abb91a000 r-xp 00000000 08:01 8126477                    /lib/x86_64-linux-gnu/libgcc_s.so.1
7f0abb91a000-7f0abbb19000 ---p 00015000 08:01 8126477                    /lib/x86_64-linux-gnu/libgcc_s.so.1
7f0abbb19000-7f0abbb1a000 r--p 00014000 08:01 8126477                    /lib/x86_64-linux-gnu/libgcc_s.so.1
7f0abbb1a000-7f0abbb1b000 rw-p 00015000 08:01 8126477                    /lib/x86_64-linux-gnu/libgcc_s.so.1
7f0abbb1b000-7f0abbc1e000 r-xp 00000000 08:01 8130387                    /lib/x86_64-linux-gnu/libm-2.17.so
7f0abbc1e000-7f0abbe1d000 ---p 00103000 08:01 8130387                    /lib/x86_64-linux-gnu/libm-2.17.so
7f0abbe1d000-7f0abbe1e000 r--p 00102000 08:01 8130387                    /lib/x86_64-linux-gnu/libm-2.17.so
7f0abbe1e000-7f0abbe1f000 rw-p 00103000 08:01 8130387                    /lib/x86_64-linux-gnu/libm-2.17.so
7f0abbe1f000-7f0abbf05000 r-xp 00000000 08:01 15729831                   /usr/lib/x86_64-linux-gnu/libstdc++.so.6.0.18
7f0abbf05000-7f0abc104000 ---p 000e6000 08:01 15729831                   /usr/lib/x86_64-linux-gnu/libstdc++.so.6.0.18
7f0abc104000-7f0abc10c000 r--p 000e5000 08:01 15729831                   /usr/lib/x86_64-linux-gnu/libstdc++.so.6.0.18
7f0abc10c000-7f0abc10e000 rw-p 000ed000 08:01 15729831                   /usr/lib/x86_64-linux-gnu/libstdc++.so.6.0.18
7f0abc10e000-7f0abc123000 rw-p 00000000 00:00 0 
7f0abc123000-7f0abcc02000 r-xp 00000000 08:01 15861284                   /usr/lib/jvm/java-7-openjdk-amd64/jre/lib/amd64/server/libjvm.so
7f0abcc02000-7f0abce01000 ---p 00adf000 08:01 15861284                   /usr/lib/jvm/java-7-openjdk-amd64/jre/lib/amd64/server/libjvm.so
7f0abce01000-7f0abce93000 r--p 00ade000 08:01 15861284                   /usr/lib/jvm/java-7-openjdk-amd64/jre/lib/amd64/server/libjvm.so
7f0abce93000-7f0abceb6000 rw-p 00b70000 08:01 15861284                   /usr/lib/jvm/java-7-openjdk-amd64/jre/lib/amd64/server/libjvm.so
7f0abceb6000-7f0abcee3000 rw-p 00000000 00:00 0 
7f0abcee3000-7f0abcefb000 r-xp 00000000 08:01 8130494                    /lib/x86_64-linux-gnu/libz.so.1.2.8
7f0abcefb000-7f0abd0fa000 ---p 00018000 08:01 8130494                    /lib/x86_64-linux-gnu/libz.so.1.2.8
7f0abd0fa000-7f0abd0fb000 r--p 00017000 08:01 8130494                    /lib/x86_64-linux-gnu/libz.so.1.2.8
7f0abd0fb000-7f0abd0fc000 rw-p 00018000 08:01 8130494                    /lib/x86_64-linux-gnu/libz.so.1.2.8
7f0abd0fc000-7f0abd113000 r-xp 00000000 08:01 8130451                    /lib/x86_64-linux-gnu/libpthread-2.17.so
7f0abd113000-7f0abd313000 ---p 00017000 08:01 8130451                    /lib/x86_64-linux-gnu/libpthread-2.17.so
7f0abd313000-7f0abd314000 r--p 00017000 08:01 8130451                    /lib/x86_64-linux-gnu/libpthread-2.17.so
7f0abd314000-7f0abd315000 rw-p 00018000 08:01 8130451                    /lib/x86_64-linux-gnu/libpthread-2.17.so
7f0abd315000-7f0abd319000 rw-p 00000000 00:00 0 
7f0abd319000-7f0abd31c000 r-xp 00000000 08:01 8130351                    /lib/x86_64-linux-gnu/libdl-2.17.so
7f0abd31c000-7f0abd51b000 ---p 00003000 08:01 8130351                    /lib/x86_64-linux-gnu/libdl-2.17.so
7f0abd51b000-7f0abd51c000 r--p 00002000 08:01 8130351                    /lib/x86_64-linux-gnu/libdl-2.17.so
7f0abd51c000-7f0abd51d000 rw-p 00003000 08:01 8130351                    /lib/x86_64-linux-gnu/libdl-2.17.so
7f0abd51d000-7f0abd6da000 r-xp 00000000 08:01 8130336                    /lib/x86_64-linux-gnu/libc-2.17.so
7f0abd6da000-7f0abd8da000 ---p 001bd000 08:01 8130336                    /lib/x86_64-linux-gnu/libc-2.17.so
7f0abd8da000-7f0abd8de000 r--p 001bd000 08:01 8130336                    /lib/x86_64-linux-gnu/libc-2.17.so
7f0abd8de000-7f0abd8e0000 rw-p 001c1000 08:01 8130336                    /lib/x86_64-linux-gnu/libc-2.17.so
7f0abd8e0000-7f0abd8e5000 rw-p 00000000 00:00 0 
7f0abd8e5000-7f0abd8f2000 r-xp 00000000 08:01 15861291                   /usr/lib/jvm/java-7-openjdk-amd64/jre/lib/amd64/jli/libjli.so
7f0abd8f2000-7f0abdaf1000 ---p 0000d000 08:01 15861291                   /usr/lib/jvm/java-7-openjdk-amd64/jre/lib/amd64/jli/libjli.so
7f0abdaf1000-7f0abdaf2000 r--p 0000c000 08:01 15861291                   /usr/lib/jvm/java-7-openjdk-amd64/jre/lib/amd64/jli/libjli.so
7f0abdaf2000-7f0abdaf3000 rw-p 0000d000 08:01 15861291                   /usr/lib/jvm/java-7-openjdk-amd64/jre/lib/amd64/jli/libjli.so
7f0abdaf3000-7f0abdb16000 r-xp 00000000 08:01 8130312                    /lib/x86_64-linux-gnu/ld-2.17.so
7f0abdb16000-7f0abdb1b000 r--s 0004c000 08:01 15861296                   /usr/lib/jvm/java-7-openjdk-amd64/jre/lib/jsse.jar
7f0abdb1b000-7f0abdb49000 rw-p 00000000 00:00 0 
7f0abdb49000-7f0abdb8f000 rw-p 00000000 00:00 0 
7f0abdb8f000-7f0abdba2000 rw-p 00000000 00:00 0 
7f0abdba2000-7f0abdc36000 rw-p 00000000 00:00 0 
7f0abdc36000-7f0abdc40000 rw-p 00000000 00:00 0 
7f0abdc40000-7f0abdcf6000 rw-p 00000000 00:00 0 
7f0abdcf6000-7f0abdd09000 rw-p 00000000 00:00 0 
7f0abdd09000-7f0abdd11000 rw-s 00000000 08:01 5767459                    /tmp/hsperfdata_alex/21717
7f0abdd11000-7f0abdd12000 rw-p 00000000 00:00 0 
7f0abdd12000-7f0abdd13000 r--p 00000000 00:00 0 
7f0abdd13000-7f0abdd15000 rw-p 00000000 00:00 0 
7f0abdd15000-7f0abdd16000 r--p 00022000 08:01 8130312                    /lib/x86_64-linux-gnu/ld-2.17.so
7f0abdd16000-7f0abdd18000 rw-p 00023000 08:01 8130312                    /lib/x86_64-linux-gnu/ld-2.17.so
7fff783b6000-7fff783d7000 rw-p 00000000 00:00 0                          [stack]
7fff783fe000-7fff78400000 r-xp 00000000 00:00 0                          [vdso]
ffffffffff600000-ffffffffff601000 r-xp 00000000 00:00 0                  [vsyscall]

VM Arguments:
jvm_args: -Djdk.home= -Djruby.home=/home/alex/.rbenv/versions/jruby-1.7.10 -Djruby.script=jruby -Djruby.shell=/bin/sh -Djffi.boot.library.path=/home/alex/.rbenv/versions/jruby-1.7.10/lib/jni:/home/alex/.rbenv/versions/jruby-1.7.10/lib/jni/i386-Linux:/home/alex/.rbenv/versions/jruby-1.7.10/lib/jni/arm-Linux:/home/alex/.rbenv/versions/jruby-1.7.10/lib/jni/x86_64-Linux -Xmx500m -Xss2048k -Xbootclasspath/a:/home/alex/.rbenv/versions/jruby-1.7.10/lib/jruby.jar 
java_command: org/jruby/Main Makefile.rb clean compile test clean
Launcher Type: SUN_STANDARD

Environment Variables:
PATH=/home/alex/.rbenv/versions/jruby-1.7.10/bin:/home/alex/.rbenv/libexec:/home/alex/.rbenv/plugins/ruby-build/bin:/home/alex/.rbenv/shims:~/.rbenv/bin:~/.rbenv/bin:/usr/local/sbin:/usr/local/bin:/usr/sbin:/usr/bin:/sbin:/bin:/usr/games:/usr/local/games
USERNAME=alex
SHELL=/bin/bash
DISPLAY=:0

Signal Handlers:
SIGSEGV: [libjvm.so+0x916ea0], sa_mask[0]=0x7ffbfeff, sa_flags=0x10000004
SIGBUS: [libjvm.so+0x916ea0], sa_mask[0]=0x7ffbfeff, sa_flags=0x10000004
SIGFPE: [libjvm.so+0x794800], sa_mask[0]=0x7ffbfeff, sa_flags=0x10000004
SIGPIPE: [libjvm.so+0x794800], sa_mask[0]=0x7ffbfeff, sa_flags=0x10000004
SIGXFSZ: [libjvm.so+0x794800], sa_mask[0]=0x7ffbfeff, sa_flags=0x10000004
SIGILL: [libjvm.so+0x794800], sa_mask[0]=0x7ffbfeff, sa_flags=0x10000004
SIGUSR1: SIG_DFL, sa_mask[0]=0x00000000, sa_flags=0x00000000
SIGUSR2: [libjvm.so+0x7946a0], sa_mask[0]=0x00000000, sa_flags=0x10000004
SIGHUP: [libjvm.so+0x794880], sa_mask[0]=0x7ffbfeff, sa_flags=0x10000004
SIGINT: [libjvm.so+0x794880], sa_mask[0]=0x7ffbfeff, sa_flags=0x10000004
SIGTERM: [libjvm.so+0x794880], sa_mask[0]=0x7ffbfeff, sa_flags=0x10000004
SIGQUIT: [libjvm.so+0x794880], sa_mask[0]=0x7ffbfeff, sa_flags=0x10000004


---------------  S Y S T E M  ---------------

OS:LinuxMint 16 (petra)
uname:Linux 3.11.0-12-generic #19-Ubuntu SMP Wed Oct 9 16:20:46 UTC 2013 x86_64
libc:glibc 2.17 NPTL 2.17 
rlimit: STACK 8192k, CORE 0k, NPROC 28798, NOFILE 4096, AS infinity
load average:0,66 0,41 0,48

/proc/meminfo:
MemTotal:        3715476 kB
MemFree:         1420368 kB
Buffers:           79404 kB
Cached:          1172916 kB
SwapCached:           28 kB
Active:          1298664 kB
Inactive:         806480 kB
Active(anon):     742808 kB
Inactive(anon):   359544 kB
Active(file):     555856 kB
Inactive(file):   446936 kB
Unevictable:          44 kB
Mlocked:              44 kB
SwapTotal:       3856380 kB
SwapFree:        3855740 kB
Dirty:               600 kB
Writeback:             0 kB
AnonPages:        852792 kB
Mapped:           199452 kB
Shmem:            249504 kB
Slab:             111168 kB
SReclaimable:      83376 kB
SUnreclaim:        27792 kB
KernelStack:        3760 kB
PageTables:        27648 kB
NFS_Unstable:          0 kB
Bounce:                0 kB
WritebackTmp:          0 kB
CommitLimit:     5714116 kB
Committed_AS:    3407924 kB
VmallocTotal:   34359738367 kB
VmallocUsed:      414940 kB
VmallocChunk:   34359311484 kB
HardwareCorrupted:     0 kB
AnonHugePages:         0 kB
HugePages_Total:       0
HugePages_Free:        0
HugePages_Rsvd:        0
HugePages_Surp:        0
Hugepagesize:       2048 kB
DirectMap4k:       56528 kB
DirectMap2M:     3801088 kB


CPU:total 4 (2 cores per cpu, 2 threads per core) family 6 model 37 stepping 5, cmov, cx8, fxsr, mmx, sse, sse2, sse3, ssse3, sse4.1, sse4.2, popcnt, ht, tsc, tscinvbit

/proc/cpuinfo:
processor	: 0
vendor_id	: GenuineIntel
cpu family	: 6
model		: 37
model name	: Intel(R) Core(TM) i3 CPU       M 380  @ 2.53GHz
stepping	: 5
microcode	: 0x2
cpu MHz		: 933.000
cache size	: 3072 KB
physical id	: 0
siblings	: 4
core id		: 0
cpu cores	: 2
apicid		: 0
initial apicid	: 0
fpu		: yes
fpu_exception	: yes
cpuid level	: 11
wp		: yes
flags		: fpu vme de pse tsc msr pae mce cx8 apic sep mtrr pge mca cmov pat pse36 clflush dts acpi mmx fxsr sse sse2 ss ht tm pbe syscall nx rdtscp lm constant_tsc arch_perfmon pebs bts rep_good nopl xtopology nonstop_tsc aperfmperf pni dtes64 monitor ds_cpl vmx est tm2 ssse3 cx16 xtpr pdcm pcid sse4_1 sse4_2 popcnt lahf_lm arat dtherm tpr_shadow vnmi flexpriority ept vpid
bogomips	: 5054.41
clflush size	: 64
cache_alignment	: 64
address sizes	: 36 bits physical, 48 bits virtual
power management:

processor	: 1
vendor_id	: GenuineIntel
cpu family	: 6
model		: 37
model name	: Intel(R) Core(TM) i3 CPU       M 380  @ 2.53GHz
stepping	: 5
microcode	: 0x2
cpu MHz		: 933.000
cache size	: 3072 KB
physical id	: 0
siblings	: 4
core id		: 0
cpu cores	: 2
apicid		: 1
initial apicid	: 1
fpu		: yes
fpu_exception	: yes
cpuid level	: 11
wp		: yes
flags		: fpu vme de pse tsc msr pae mce cx8 apic sep mtrr pge mca cmov pat pse36 clflush dts acpi mmx fxsr sse sse2 ss ht tm pbe syscall nx rdtscp lm constant_tsc arch_perfmon pebs bts rep_good nopl xtopology nonstop_tsc aperfmperf pni dtes64 monitor ds_cpl vmx est tm2 ssse3 cx16 xtpr pdcm pcid sse4_1 sse4_2 popcnt lahf_lm arat dtherm tpr_shadow vnmi flexpriority ept vpid
bogomips	: 5054.41
clflush size	: 64
cache_alignment	: 64
address sizes	: 36 bits physical, 48 bits virtual
power management:

processor	: 2
vendor_id	: GenuineIntel
cpu family	: 6
model		: 37
model name	: Intel(R) Core(TM) i3 CPU       M 380  @ 2.53GHz
stepping	: 5
microcode	: 0x2
cpu MHz		: 933.000
cache size	: 3072 KB
physical id	: 0
siblings	: 4
core id		: 2
cpu cores	: 2
apicid		: 4
initial apicid	: 4
fpu		: yes
fpu_exception	: yes
cpuid level	: 11
wp		: yes
flags		: fpu vme de pse tsc msr pae mce cx8 apic sep mtrr pge mca cmov pat pse36 clflush dts acpi mmx fxsr sse sse2 ss ht tm pbe syscall nx rdtscp lm constant_tsc arch_perfmon pebs bts rep_good nopl xtopology nonstop_tsc aperfmperf pni dtes64 monitor ds_cpl vmx est tm2 ssse3 cx16 xtpr pdcm pcid sse4_1 sse4_2 popcnt lahf_lm arat dtherm tpr_shadow vnmi flexpriority ept vpid
bogomips	: 5054.41
clflush size	: 64
cache_alignment	: 64
address sizes	: 36 bits physical, 48 bits virtual
power management:

processor	: 3
vendor_id	: GenuineIntel
cpu family	: 6
model		: 37
model name	: Intel(R) Core(TM) i3 CPU       M 380  @ 2.53GHz
stepping	: 5
microcode	: 0x2
cpu MHz		: 933.000
cache size	: 3072 KB
physical id	: 0
siblings	: 4
core id		: 2
cpu cores	: 2
apicid		: 5
initial apicid	: 5
fpu		: yes
fpu_exception	: yes
cpuid level	: 11
wp		: yes
flags		: fpu vme de pse tsc msr pae mce cx8 apic sep mtrr pge mca cmov pat pse36 clflush dts acpi mmx fxsr sse sse2 ss ht tm pbe syscall nx rdtscp lm constant_tsc arch_perfmon pebs bts rep_good nopl xtopology nonstop_tsc aperfmperf pni dtes64 monitor ds_cpl vmx est tm2 ssse3 cx16 xtpr pdcm pcid sse4_1 sse4_2 popcnt lahf_lm arat dtherm tpr_shadow vnmi flexpriority ept vpid
bogomips	: 5054.41
clflush size	: 64
cache_alignment	: 64
address sizes	: 36 bits physical, 48 bits virtual
power management:



Memory: 4k page, physical 3715476k(1420368k free), swap 3856380k(3855740k free)

vm_info: OpenJDK 64-Bit Server VM (24.45-b08) for linux-amd64 JRE (1.7.0_51-b00), built on Jan 15 2014 22:02:57 by "buildd" with gcc 4.8.1

time: Mon Apr 21 21:35:24 2014
elapsed time: 11 seconds

