#
# A fatal error has been detected by the Java Runtime Environment:
#
#  SIGSEGV (0xb) at pc=0x00007ff59f9f6dab, pid=27060, tid=140693307574016
#
# JRE version: OpenJDK Runtime Environment (7.0_51) (build 1.7.0_51-b00)
# Java VM: OpenJDK 64-Bit Server VM (24.45-b08 mixed mode linux-amd64 compressed oops)
# Problematic frame:
# C  [libintersection.so+0xdab]  find_intersections+0x1f6
#
# Failed to write core dump. Core dumps have been disabled. To enable core dumping, try "ulimit -c unlimited" before starting Java again
#
# If you would like to submit a bug report, please include
# instructions on how to reproduce the bug and visit:
#   http://icedtea.classpath.org/bugzilla
# The crash happened outside the Java Virtual Machine in native code.
# See problematic frame for where to report the bug.
#

---------------  T H R E A D  ---------------

Current thread (0x00007ff5b000a800):  JavaThread "main" [_thread_in_native, id=27085, stack(0x00007ff5b67ec000,0x00007ff5b69ed000)]

siginfo:si_signo=SIGSEGV: si_errno=0, si_code=1 (SEGV_MAPERR), si_addr=0xffffffffb058a420

Registers:
RAX=0xffffffffb058a400, RBX=0x00000000d79ae230, RCX=0x65646f6e20627220, RDX=0x00007ff59fdfc0e0
RSP=0x00007ff5b69e9fd0, RBP=0x00007ff5b69ea010, RSI=0x0000000000000000, RDI=0x00007ff5b058a3b0
R8 =0x00007ff5b69ec700, R9 =0x0000000000000020, R10=0x00007ff5b69e9d70, R11=0x00007ff59fbfa6d2
R12=0x0000000000000000, R13=0x00000000d79ae230, R14=0x00007ff5b69ea0f8, R15=0x00007ff5b000a800
RIP=0x00007ff59f9f6dab, EFLAGS=0x0000000000010246, CSGSFS=0x0000000000000033, ERR=0x0000000000000005
  TRAPNO=0x000000000000000e

Top of Stack: (sp=0x00007ff5b69e9fd0)
0x00007ff5b69e9fd0:   4000000000000000 00007ff5b058a290
0x00007ff5b69e9fe0:   ffffffffb058a400 00007ff5b058a3b0
0x00007ff5b69e9ff0:   00007ff5b058aa20 00007ff5b058aa80
0x00007ff5b69ea000:   00007ff5b69ea000 00000000d69ffdfd
0x00007ff5b69ea010:   00007ff5b0481990 00007ff5a4dbdcd9
0x00007ff5b69ea020:   00000000d7d33860 00000000d79ae230
0x00007ff5b69ea030:   00007ff5b69ea0b0 00007ff5ad012738
0x00007ff5b69ea040:   00007ff5b69ea0a0 00007ff5ad006233
0x00007ff5b69ea050:   00000000e12b5180 00000000e12d1cf8
0x00007ff5b69ea060:   00007ff5b69ea060 00000000d69ff00f
0x00007ff5b69ea070:   00007ff5b69ea070 0000000000000000
0x00007ff5b69ea080:   00007ff5b69ea0f8 00000000d79b6758
0x00007ff5b69ea090:   0000000000000000 00000000d79ae230
0x00007ff5b69ea0a0:   0000000000000000 00007ff5b69ea0d0
0x00007ff5b69ea0b0:   00007ff5b69ea140 00007ff5ad006175
0x00007ff5b69ea0c0:   00000000e11543c8 00007ff5ad00ecd7
0x00007ff5b69ea0d0:   00007ff5b058a290 00007ff5ad17356c
0x00007ff5b69ea0e0:   00007ff59f9f6bb5 00000000e1220090
0x00007ff5b69ea0f0:   00007ff5b0481990 00000000d69fba80
0x00007ff5b69ea100:   00007ff5b69ea100 00000000d7aab097
0x00007ff5b69ea110:   00007ff5b69ea178 00000000d7ab72f0
0x00007ff5b69ea120:   00000000d7edcf60 00000000d7aab0d8
0x00007ff5b69ea130:   00007ff5b69ea0d0 00007ff5b69ea150
0x00007ff5b69ea140:   00007ff5b69ea1c8 00007ff5ad006175
0x00007ff5b69ea150:   00007ff5b058a290 00000000f5aa3318
0x00007ff5b69ea160:   00007ff59f9f6bb5 0000000000000000
0x00007ff5b69ea170:   00000000e10394e0 00000000e1155ec0
0x00007ff5b69ea180:   00000000f78ddd70 00007ff5b69ea188
0x00007ff5b69ea190:   00000000d7edda94 00007ff5b69ea210
0x00007ff5b69ea1a0:   00000000d7eddef0 0000000000000000
0x00007ff5b69ea1b0:   00000000d7eddab8 00007ff5b69ea150
0x00007ff5b69ea1c0:   00007ff5b69ea1e8 00007ff5b69ea258 

Instructions: (pc=0x00007ff59f9f6dab)
0x00007ff59f9f6d8b:   e8 60 fc ff ff 48 8b 45 d8 48 89 c7 b8 00 00 00
0x00007ff59f9f6d9b:   00 e8 8f fc ff ff 48 98 48 89 45 d0 48 8b 45 d0
0x00007ff59f9f6dab:   48 8b 40 20 48 8b 50 08 48 8b 45 d0 48 8b 40 20
0x00007ff59f9f6dbb:   48 8b 00 48 89 55 c0 f2 0f 10 4d c0 48 89 45 c0 

Register to memory mapping:

RAX=0xffffffffb058a400 is an unknown value
RBX=0x00000000d79ae230 is an oop
{method} 
 - klass: {other class}
RCX=0x65646f6e20627220 is an unknown value
RDX=0x00007ff59fdfc0e0: sentinel+0 in lib/librb_tree.so at 0x00007ff59fbf9000
RSP=0x00007ff5b69e9fd0 is pointing into the stack for thread: 0x00007ff5b000a800
RBP=0x00007ff5b69ea010 is pointing into the stack for thread: 0x00007ff5b000a800
RSI=0x0000000000000000 is an unknown value
RDI=0x00007ff5b058a3b0 is an unknown value
R8 =0x00007ff5b69ec700 is pointing into the stack for thread: 0x00007ff5b000a800
R9 =0x0000000000000020 is an unknown value
R10=0x00007ff5b69e9d70 is pointing into the stack for thread: 0x00007ff5b000a800
R11=0x00007ff59fbfa6d2: rb_min_node+0 in lib/librb_tree.so at 0x00007ff59fbf9000
R12=0x0000000000000000 is an unknown value
R13=0x00000000d79ae230 is an oop
{method} 
 - klass: {other class}
R14=0x00007ff5b69ea0f8 is pointing into the stack for thread: 0x00007ff5b000a800
R15=0x00007ff5b000a800 is a thread


Stack: [0x00007ff5b67ec000,0x00007ff5b69ed000],  sp=0x00007ff5b69e9fd0,  free space=2039k
Native frames: (J=compiled Java code, j=interpreted, Vv=VM code, C=native code)
C  [libintersection.so+0xdab]  find_intersections+0x1f6

Java frames: (J=compiled Java code, j=interpreted, Vv=VM code)
j  com.kenai.jffi.Foreign.invokeL1(JJJ)J+0
j  com.kenai.jffi.Invoker.invokeL1(Lcom/kenai/jffi/CallContext;JJ)J+7
j  org.jruby.ext.ffi.jffi.NativeInvoker$ffi$8.call(Lorg/jruby/runtime/ThreadContext;Lorg/jruby/runtime/builtin/IRubyObject;Lorg/jruby/RubyModule;Ljava/lang/String;Lorg/jruby/runtime/builtin/IRubyObject;)Lorg/jruby/runtime/builtin/IRubyObject;+76
j  org.jruby.runtime.callsite.CachingCallSite.cacheAndCall(Lorg/jruby/runtime/builtin/IRubyObject;Lorg/jruby/RubyClass;Lorg/jruby/runtime/ThreadContext;Lorg/jruby/runtime/builtin/IRubyObject;Lorg/jruby/runtime/builtin/IRubyObject;)Lorg/jruby/runtime/builtin/IRubyObject;+57
J  org.jruby.runtime.callsite.CachingCallSite.call(Lorg/jruby/runtime/ThreadContext;Lorg/jruby/runtime/builtin/IRubyObject;Lorg/jruby/runtime/builtin/IRubyObject;Lorg/jruby/runtime/builtin/IRubyObject;)Lorg/jruby/runtime/builtin/IRubyObject;
J  org.jruby.ast.CallOneArgNode.interpret(Lorg/jruby/Ruby;Lorg/jruby/runtime/ThreadContext;Lorg/jruby/runtime/builtin/IRubyObject;Lorg/jruby/runtime/Block;)Lorg/jruby/runtime/builtin/IRubyObject;
j  org.jruby.ast.LocalAsgnNode.interpret(Lorg/jruby/Ruby;Lorg/jruby/runtime/ThreadContext;Lorg/jruby/runtime/builtin/IRubyObject;Lorg/jruby/runtime/Block;)Lorg/jruby/runtime/builtin/IRubyObject;+30
J  org.jruby.ast.BlockNode.interpret(Lorg/jruby/Ruby;Lorg/jruby/runtime/ThreadContext;Lorg/jruby/runtime/builtin/IRubyObject;Lorg/jruby/runtime/Block;)Lorg/jruby/runtime/builtin/IRubyObject;
j  org.jruby.evaluator.ASTInterpreter.INTERPRET_METHOD(Lorg/jruby/Ruby;Lorg/jruby/runtime/ThreadContext;Ljava/lang/String;ILorg/jruby/RubyModule;Lorg/jruby/ast/Node;Ljava/lang/String;Lorg/jruby/runtime/builtin/IRubyObject;Lorg/jruby/runtime/Block;Z)Lorg/jruby/runtime/builtin/IRubyObject;+30
j  org.jruby.internal.runtime.methods.InterpretedMethod.call(Lorg/jruby/runtime/ThreadContext;Lorg/jruby/runtime/builtin/IRubyObject;Lorg/jruby/RubyModule;Ljava/lang/String;)Lorg/jruby/runtime/builtin/IRubyObject;+80
j  org.jruby.internal.runtime.methods.DefaultMethod.call(Lorg/jruby/runtime/ThreadContext;Lorg/jruby/runtime/builtin/IRubyObject;Lorg/jruby/RubyModule;Ljava/lang/String;)Lorg/jruby/runtime/builtin/IRubyObject;+20
J  org.jruby.ast.CallNoArgNode.interpret(Lorg/jruby/Ruby;Lorg/jruby/runtime/ThreadContext;Lorg/jruby/runtime/builtin/IRubyObject;Lorg/jruby/runtime/Block;)Lorg/jruby/runtime/builtin/IRubyObject;
j  org.jruby.ast.FCallTwoArgNode.interpret(Lorg/jruby/Ruby;Lorg/jruby/runtime/ThreadContext;Lorg/jruby/runtime/builtin/IRubyObject;Lorg/jruby/runtime/Block;)Lorg/jruby/runtime/builtin/IRubyObject;+28
J  org.jruby.ast.NewlineNode.interpret(Lorg/jruby/Ruby;Lorg/jruby/runtime/ThreadContext;Lorg/jruby/runtime/builtin/IRubyObject;Lorg/jruby/runtime/Block;)Lorg/jruby/runtime/builtin/IRubyObject;
j  org.jruby.ast.BlockNode.interpret(Lorg/jruby/Ruby;Lorg/jruby/runtime/ThreadContext;Lorg/jruby/runtime/builtin/IRubyObject;Lorg/jruby/runtime/Block;)Lorg/jruby/runtime/builtin/IRubyObject;+33
j  org.jruby.evaluator.ASTInterpreter.INTERPRET_METHOD(Lorg/jruby/Ruby;Lorg/jruby/runtime/ThreadContext;Ljava/lang/String;ILorg/jruby/RubyModule;Lorg/jruby/ast/Node;Ljava/lang/String;Lorg/jruby/runtime/builtin/IRubyObject;Lorg/jruby/runtime/Block;Z)Lorg/jruby/runtime/builtin/IRubyObject;+30
j  org.jruby.internal.runtime.methods.InterpretedMethod.call(Lorg/jruby/runtime/ThreadContext;Lorg/jruby/runtime/builtin/IRubyObject;Lorg/jruby/RubyModule;Ljava/lang/String;)Lorg/jruby/runtime/builtin/IRubyObject;+80
j  org.jruby.internal.runtime.methods.DefaultMethod.call(Lorg/jruby/runtime/ThreadContext;Lorg/jruby/runtime/builtin/IRubyObject;Lorg/jruby/RubyModule;Ljava/lang/String;)Lorg/jruby/runtime/builtin/IRubyObject;+20
j  org.jruby.runtime.callsite.CachingCallSite.cacheAndCall(Lorg/jruby/runtime/builtin/IRubyObject;Lorg/jruby/RubyClass;Lorg/jruby/runtime/ThreadContext;Lorg/jruby/runtime/builtin/IRubyObject;)Lorg/jruby/runtime/builtin/IRubyObject;+53
j  org.jruby.runtime.callsite.CachingCallSite.call(Lorg/jruby/runtime/ThreadContext;Lorg/jruby/runtime/builtin/IRubyObject;Lorg/jruby/runtime/builtin/IRubyObject;)Lorg/jruby/runtime/builtin/IRubyObject;+46
j  Makefile.method__3$RUBY$test(LMakefile;Lorg/jruby/runtime/ThreadContext;Lorg/jruby/runtime/builtin/IRubyObject;Lorg/jruby/runtime/Block;)Lorg/jruby/runtime/builtin/IRubyObject;+130
j  Makefile$method__3$RUBY$test.call(Lorg/jruby/runtime/ThreadContext;Lorg/jruby/runtime/builtin/IRubyObject;Lorg/jruby/RubyModule;Ljava/lang/String;Lorg/jruby/runtime/Block;)Lorg/jruby/runtime/builtin/IRubyObject;+17
j  org.jruby.RubyClass.finvoke(Lorg/jruby/runtime/ThreadContext;Lorg/jruby/runtime/builtin/IRubyObject;Ljava/lang/String;Lorg/jruby/runtime/Block;)Lorg/jruby/runtime/builtin/IRubyObject;+41
j  org.jruby.RubyBasicObject.send19(Lorg/jruby/runtime/ThreadContext;Lorg/jruby/runtime/builtin/IRubyObject;Lorg/jruby/runtime/Block;)Lorg/jruby/runtime/builtin/IRubyObject;+15
j  org.jruby.RubyKernel.send19(Lorg/jruby/runtime/ThreadContext;Lorg/jruby/runtime/builtin/IRubyObject;Lorg/jruby/runtime/builtin/IRubyObject;Lorg/jruby/runtime/Block;)Lorg/jruby/runtime/builtin/IRubyObject;+7
j  org.jruby.RubyKernel$INVOKER$s$send19.call(Lorg/jruby/runtime/ThreadContext;Lorg/jruby/runtime/builtin/IRubyObject;Lorg/jruby/RubyModule;Ljava/lang/String;Lorg/jruby/runtime/builtin/IRubyObject;Lorg/jruby/runtime/Block;)Lorg/jruby/runtime/builtin/IRubyObject;+6
j  org.jruby.internal.runtime.methods.JavaMethod$JavaMethodOneOrNBlock.call(Lorg/jruby/runtime/ThreadContext;Lorg/jruby/runtime/builtin/IRubyObject;Lorg/jruby/RubyModule;Ljava/lang/String;Lorg/jruby/runtime/builtin/IRubyObject;)Lorg/jruby/runtime/builtin/IRubyObject;+11
j  org.jruby.runtime.callsite.CachingCallSite.call(Lorg/jruby/runtime/ThreadContext;Lorg/jruby/runtime/builtin/IRubyObject;Lorg/jruby/runtime/builtin/IRubyObject;Lorg/jruby/runtime/builtin/IRubyObject;)Lorg/jruby/runtime/builtin/IRubyObject;+38
j  Makefile.block_7$RUBY$__file__(LMakefile;Lorg/jruby/runtime/ThreadContext;Lorg/jruby/runtime/builtin/IRubyObject;[Lorg/jruby/runtime/builtin/IRubyObject;Lorg/jruby/runtime/Block;)Lorg/jruby/runtime/builtin/IRubyObject;+46
j  Makefile$block_7$RUBY$__file__.call(Lorg/jruby/runtime/ThreadContext;Lorg/jruby/runtime/builtin/IRubyObject;[Lorg/jruby/runtime/builtin/IRubyObject;Lorg/jruby/runtime/Block;)Lorg/jruby/runtime/builtin/IRubyObject;+9
j  org.jruby.runtime.CompiledBlock19.yield(Lorg/jruby/runtime/ThreadContext;Lorg/jruby/runtime/builtin/IRubyObject;Lorg/jruby/runtime/Binding;Lorg/jruby/runtime/Block$Type;)Lorg/jruby/runtime/builtin/IRubyObject;+52
j  org.jruby.runtime.Block.yield(Lorg/jruby/runtime/ThreadContext;Lorg/jruby/runtime/builtin/IRubyObject;)Lorg/jruby/runtime/builtin/IRubyObject;+14
j  org.jruby.RubyArray.eachCommon(Lorg/jruby/runtime/ThreadContext;Lorg/jruby/runtime/Block;)Lorg/jruby/runtime/builtin/IRubyObject;+41
j  org.jruby.RubyArray.each(Lorg/jruby/runtime/ThreadContext;Lorg/jruby/runtime/Block;)Lorg/jruby/runtime/builtin/IRubyObject;+10
j  org.jruby.RubyArray$INVOKER$i$0$0$each.call(Lorg/jruby/runtime/ThreadContext;Lorg/jruby/runtime/builtin/IRubyObject;Lorg/jruby/RubyModule;Ljava/lang/String;Lorg/jruby/runtime/Block;)Lorg/jruby/runtime/builtin/IRubyObject;+7
j  org.jruby.runtime.callsite.CachingCallSite.cacheAndCall(Lorg/jruby/runtime/builtin/IRubyObject;Lorg/jruby/RubyClass;Lorg/jruby/runtime/Block;Lorg/jruby/runtime/ThreadContext;Lorg/jruby/runtime/builtin/IRubyObject;)Lorg/jruby/runtime/builtin/IRubyObject;+57
j  org.jruby.runtime.callsite.CachingCallSite.callBlock(Lorg/jruby/runtime/ThreadContext;Lorg/jruby/runtime/builtin/IRubyObject;Lorg/jruby/runtime/builtin/IRubyObject;Lorg/jruby/runtime/Block;)Lorg/jruby/runtime/builtin/IRubyObject;+50
j  org.jruby.runtime.callsite.CachingCallSite.callIter(Lorg/jruby/runtime/ThreadContext;Lorg/jruby/runtime/builtin/IRubyObject;Lorg/jruby/runtime/builtin/IRubyObject;Lorg/jruby/runtime/Block;)Lorg/jruby/runtime/builtin/IRubyObject;+6
j  Makefile.__file__(LMakefile;Lorg/jruby/runtime/ThreadContext;Lorg/jruby/runtime/builtin/IRubyObject;[Lorg/jruby/runtime/builtin/IRubyObject;Lorg/jruby/runtime/Block;)Lorg/jruby/runtime/builtin/IRubyObject;+938
j  Makefile.load(Lorg/jruby/runtime/ThreadContext;Lorg/jruby/runtime/builtin/IRubyObject;Z)Lorg/jruby/runtime/builtin/IRubyObject;+22
j  org.jruby.Ruby.runScript(Lorg/jruby/ast/executable/Script;Z)Lorg/jruby/runtime/builtin/IRubyObject;+12
j  org.jruby.Ruby.runScript(Lorg/jruby/ast/executable/Script;)Lorg/jruby/runtime/builtin/IRubyObject;+3
j  org.jruby.Ruby.runNormally(Lorg/jruby/ast/Node;)Lorg/jruby/runtime/builtin/IRubyObject;+73
j  org.jruby.Ruby.runFromMain(Ljava/io/InputStream;Ljava/lang/String;)V+320
j  org.jruby.Main.doRunFromMain(Lorg/jruby/Ruby;Ljava/io/InputStream;Ljava/lang/String;)Lorg/jruby/Main$Status;+12
j  org.jruby.Main.internalRun()Lorg/jruby/Main$Status;+234
j  org.jruby.Main.run([Ljava/lang/String;)Lorg/jruby/Main$Status;+9
j  org.jruby.Main.main([Ljava/lang/String;)V+35
v  ~StubRoutines::call_stub

---------------  P R O C E S S  ---------------

Java Threads: ( => current thread )
  0x00007ff5b04d9000 JavaThread "JRubyJIT-2" daemon [_thread_blocked, id=27221, stack(0x00007ff5a47b3000,0x00007ff5a49b4000)]
  0x00007ff5b0441800 JavaThread "process reaper" daemon [_thread_blocked, id=27101, stack(0x00007ff5ac0c5000,0x00007ff5ac0fe000)]
  0x00007ff5b04a9000 JavaThread "JRubyJIT-1" daemon [_thread_blocked, id=27098, stack(0x00007ff5a4bb5000,0x00007ff5a4db6000)]
  0x00007ff5b00ae000 JavaThread "Service Thread" daemon [_thread_blocked, id=27096, stack(0x00007ff5a682e000,0x00007ff5a6a2f000)]
  0x00007ff5b00ab800 JavaThread "C2 CompilerThread1" daemon [_thread_blocked, id=27095, stack(0x00007ff5a6a2f000,0x00007ff5a6b30000)]
  0x00007ff5b00a8800 JavaThread "C2 CompilerThread0" daemon [_thread_blocked, id=27094, stack(0x00007ff5ac0fe000,0x00007ff5ac1ff000)]
  0x00007ff5b00a6800 JavaThread "Signal Dispatcher" daemon [_thread_blocked, id=27093, stack(0x00007ff5ac1ff000,0x00007ff5ac400000)]
  0x00007ff5b0082800 JavaThread "Finalizer" daemon [_thread_blocked, id=27092, stack(0x00007ff5ac7fa000,0x00007ff5ac9fb000)]
  0x00007ff5b0080800 JavaThread "Reference Handler" daemon [_thread_blocked, id=27091, stack(0x00007ff5ac9fb000,0x00007ff5acbfc000)]
=>0x00007ff5b000a800 JavaThread "main" [_thread_in_native, id=27085, stack(0x00007ff5b67ec000,0x00007ff5b69ed000)]

Other Threads:
  0x00007ff5b007c800 VMThread [stack: 0x00007ff5acbfc000,0x00007ff5accfd000] [id=27090]
  0x00007ff5b00b8800 WatcherThread [stack: 0x00007ff5a672d000,0x00007ff5a682e000] [id=27097]

VM state:not at safepoint (normal execution)

VM Mutex/Monitor currently owned by a thread: None

Heap
 PSYoungGen      total 32768K, used 4174K [0x00000000f5900000, 0x00000000f9900000, 0x0000000100000000)
  eden space 30720K, 7% used [0x00000000f5900000,0x00000000f5b1a388,0x00000000f7700000)
  from space 2048K, 98% used [0x00000000f7700000,0x00000000f78f9538,0x00000000f7900000)
  to   space 2048K, 0% used [0x00000000f9700000,0x00000000f9700000,0x00000000f9900000)
 ParOldGen       total 38400K, used 8601K [0x00000000e0c00000, 0x00000000e3180000, 0x00000000f5900000)
  object space 38400K, 22% used [0x00000000e0c00000,0x00000000e14665a8,0x00000000e3180000)
 PSPermGen       total 25600K, used 25472K [0x00000000d6600000, 0x00000000d7f00000, 0x00000000e0c00000)
  object space 25600K, 99% used [0x00000000d6600000,0x00000000d7ee03d0,0x00000000d7f00000)

Card table byte_map: [0x00007ff5b5612000,0x00007ff5b5760000] byte_map_base: 0x00007ff5b4f5f000

Polling page: 0x00007ff5b8dfa000

Code Cache  [0x00007ff5ad000000, 0x00007ff5ad270000, 0x00007ff5b0000000)
 total_blobs=938 nmethods=459 adapters=433 free_code_cache=47646Kb largest_free_block=48760704

Compilation events (10 events):
Event: 9,907 Thread 0x00007ff5b00ab800 nmethod 489 0x00007ff5ad177890 code [0x00007ff5ad1779e0, 0x00007ff5ad177a78]
Event: 9,907 Thread 0x00007ff5b00ab800  490             org.jruby.ast.DAsgnNode::interpret (28 bytes)
Event: 9,911 Thread 0x00007ff5b00a8800 nmethod 485 0x00007ff5ad177b50 code [0x00007ff5ad177d40, 0x00007ff5ad1789e8]
Event: 9,912 Thread 0x00007ff5b00ab800 nmethod 490 0x00007ff5ad17b610 code [0x00007ff5ad17b760, 0x00007ff5ad17b878]
Event: 9,919 Thread 0x00007ff5b00a8800  491             org.jruby.RubyArray::append (113 bytes)
Event: 9,928 Thread 0x00007ff5b00ab800  493             org.jruby.Ruby::getFFI (5 bytes)
Event: 9,929 Thread 0x00007ff5b00ab800 nmethod 493 0x00007ff5ad1762d0 code [0x00007ff5ad176400, 0x00007ff5ad176458]
Event: 9,930 Thread 0x00007ff5b00ab800  494             org.jruby.runtime.callsite.ShiftLeftCallSite::call (37 bytes)
Event: 9,939 Thread 0x00007ff5b00a8800 nmethod 491 0x00007ff5ad17c190 code [0x00007ff5ad17c380, 0x00007ff5ad17c9a0]
Event: 9,947 Thread 0x00007ff5b00ab800 nmethod 494 0x00007ff5ad17ef90 code [0x00007ff5ad17f100, 0x00007ff5ad17f3a8]

GC Heap History (6 events):
Event: 3,401 GC heap before
{Heap before GC invocations=1 (full 0):
 PSYoungGen      total 17408K, used 15360K [0x00000000f5900000, 0x00000000f6c00000, 0x0000000100000000)
  eden space 15360K, 100% used [0x00000000f5900000,0x00000000f6800000,0x00000000f6800000)
  from space 2048K, 0% used [0x00000000f6a00000,0x00000000f6a00000,0x00000000f6c00000)
  to   space 2048K, 0% used [0x00000000f6800000,0x00000000f6800000,0x00000000f6a00000)
 ParOldGen       total 38400K, used 0K [0x00000000e0c00000, 0x00000000e3180000, 0x00000000f5900000)
  object space 38400K, 0% used [0x00000000e0c00000,0x00000000e0c00000,0x00000000e3180000)
 PSPermGen       total 21504K, used 18949K [0x00000000d6600000, 0x00000000d7b00000, 0x00000000e0c00000)
  object space 21504K, 88% used [0x00000000d6600000,0x00000000d78816c8,0x00000000d7b00000)
Event: 3,455 GC heap after
Heap after GC invocations=1 (full 0):
 PSYoungGen      total 17408K, used 2021K [0x00000000f5900000, 0x00000000f7b00000, 0x0000000100000000)
  eden space 15360K, 0% used [0x00000000f5900000,0x00000000f5900000,0x00000000f6800000)
  from space 2048K, 98% used [0x00000000f6800000,0x00000000f69f94c8,0x00000000f6a00000)
  to   space 2048K, 0% used [0x00000000f7900000,0x00000000f7900000,0x00000000f7b00000)
 ParOldGen       total 38400K, used 3795K [0x00000000e0c00000, 0x00000000e3180000, 0x00000000f5900000)
  object space 38400K, 9% used [0x00000000e0c00000,0x00000000e0fb4fd0,0x00000000e3180000)
 PSPermGen       total 21504K, used 18949K [0x00000000d6600000, 0x00000000d7b00000, 0x00000000e0c00000)
  object space 21504K, 88% used [0x00000000d6600000,0x00000000d78816c8,0x00000000d7b00000)
}
Event: 5,934 GC heap before
{Heap before GC invocations=2 (full 0):
 PSYoungGen      total 17408K, used 17381K [0x00000000f5900000, 0x00000000f7b00000, 0x0000000100000000)
  eden space 15360K, 100% used [0x00000000f5900000,0x00000000f6800000,0x00000000f6800000)
  from space 2048K, 98% used [0x00000000f6800000,0x00000000f69f94c8,0x00000000f6a00000)
  to   space 2048K, 0% used [0x00000000f7900000,0x00000000f7900000,0x00000000f7b00000)
 ParOldGen       total 38400K, used 3795K [0x00000000e0c00000, 0x00000000e3180000, 0x00000000f5900000)
  object space 38400K, 9% used [0x00000000e0c00000,0x00000000e0fb4fd0,0x00000000e3180000)
 PSPermGen       total 23552K, used 23439K [0x00000000d6600000, 0x00000000d7d00000, 0x00000000e0c00000)
  object space 23552K, 99% used [0x00000000d6600000,0x00000000d7ce3c80,0x00000000d7d00000)
Event: 5,993 GC heap after
Heap after GC invocations=2 (full 0):
 PSYoungGen      total 32768K, used 2021K [0x00000000f5900000, 0x00000000f7b00000, 0x0000000100000000)
  eden space 30720K, 0% used [0x00000000f5900000,0x00000000f5900000,0x00000000f7700000)
  from space 2048K, 98% used [0x00000000f7900000,0x00000000f7af9538,0x00000000f7b00000)
  to   space 2048K, 0% used [0x00000000f7700000,0x00000000f7700000,0x00000000f7900000)
 ParOldGen       total 38400K, used 5804K [0x00000000e0c00000, 0x00000000e3180000, 0x00000000f5900000)
  object space 38400K, 15% used [0x00000000e0c00000,0x00000000e11ab348,0x00000000e3180000)
 PSPermGen       total 23552K, used 23439K [0x00000000d6600000, 0x00000000d7d00000, 0x00000000e0c00000)
  object space 23552K, 99% used [0x00000000d6600000,0x00000000d7ce3c80,0x00000000d7d00000)
}
Event: 9,830 GC heap before
{Heap before GC invocations=3 (full 0):
 PSYoungGen      total 32768K, used 32741K [0x00000000f5900000, 0x00000000f7b00000, 0x0000000100000000)
  eden space 30720K, 100% used [0x00000000f5900000,0x00000000f7700000,0x00000000f7700000)
  from space 2048K, 98% used [0x00000000f7900000,0x00000000f7af9538,0x00000000f7b00000)
  to   space 2048K, 0% used [0x00000000f7700000,0x00000000f7700000,0x00000000f7900000)
 ParOldGen       total 38400K, used 5804K [0x00000000e0c00000, 0x00000000e3180000, 0x00000000f5900000)
  object space 38400K, 15% used [0x00000000e0c00000,0x00000000e11ab348,0x00000000e3180000)
 PSPermGen       total 25600K, used 25466K [0x00000000d6600000, 0x00000000d7f00000, 0x00000000e0c00000)
  object space 25600K, 99% used [0x00000000d6600000,0x00000000d7ede968,0x00000000d7f00000)
Event: 9,860 GC heap after
Heap after GC invocations=3 (full 0):
 PSYoungGen      total 32768K, used 2021K [0x00000000f5900000, 0x00000000f9900000, 0x0000000100000000)
  eden space 30720K, 0% used [0x00000000f5900000,0x00000000f5900000,0x00000000f7700000)
  from space 2048K, 98% used [0x00000000f7700000,0x00000000f78f9538,0x00000000f7900000)
  to   space 2048K, 0% used [0x00000000f9700000,0x00000000f9700000,0x00000000f9900000)
 ParOldGen       total 38400K, used 8601K [0x00000000e0c00000, 0x00000000e3180000, 0x00000000f5900000)
  object space 38400K, 22% used [0x00000000e0c00000,0x00000000e14665a8,0x00000000e3180000)
 PSPermGen       total 25600K, used 25466K [0x00000000d6600000, 0x00000000d7f00000, 0x00000000e0c00000)
  object space 25600K, 99% used [0x00000000d6600000,0x00000000d7ede968,0x00000000d7f00000)
}

Deoptimization events (10 events):
Event: 9,936 Thread 0x00007ff5b000a800 Uncommon trap: reason=array_check action=maybe_recompile pc=0x00007ff5ad17863c method=org.jruby.util.Qsort.swap([Ljava/lang/Object;II)V @ 9
Event: 9,936 Thread 0x00007ff5b000a800 Uncommon trap: reason=array_check action=maybe_recompile pc=0x00007ff5ad17863c method=org.jruby.util.Qsort.swap([Ljava/lang/Object;II)V @ 9
Event: 9,937 Thread 0x00007ff5b000a800 Uncommon trap: reason=array_check action=maybe_recompile pc=0x00007ff5ad17863c method=org.jruby.util.Qsort.swap([Ljava/lang/Object;II)V @ 9
Event: 9,937 Thread 0x00007ff5b000a800 Uncommon trap: reason=array_check action=maybe_recompile pc=0x00007ff5ad17863c method=org.jruby.util.Qsort.swap([Ljava/lang/Object;II)V @ 9
Event: 9,956 Thread 0x00007ff5b000a800 Uncommon trap: reason=class_check action=maybe_recompile pc=0x00007ff5ad0b6438 method=org.jruby.RubyArray.compare(Lorg/jruby/runtime/ThreadContext;Lorg/jruby/runtime/invokedynamic/MethodNames;Lorg/jruby/runtime/builtin/IRubyObject;)Lorg/jruby/RubyBoolean;
Event: 9,958 Thread 0x00007ff5b000a800 Uncommon trap: reason=class_check action=maybe_recompile pc=0x00007ff5ad1740c4 method=org.jruby.ext.ffi.StructByReference.to_native(Lorg/jruby/runtime/ThreadContext;Lorg/jruby/runtime/builtin/IRubyObject;Lorg/jruby/runtime/builtin/IRubyObject;)Lorg/jruby/
Event: 9,960 Thread 0x00007ff5b000a800 Uncommon trap: reason=class_check action=maybe_recompile pc=0x00007ff5ad16fe24 method=org.jruby.runtime.ivars.VariableAccessor.get(Ljava/lang/Object;)Ljava/lang/Object; @ 1
Event: 9,960 Thread 0x00007ff5b000a800 Uncommon trap: reason=class_check action=maybe_recompile pc=0x00007ff5ad16fe24 method=org.jruby.runtime.ivars.VariableAccessor.get(Ljava/lang/Object;)Ljava/lang/Object; @ 1
Event: 9,960 Thread 0x00007ff5b000a800 Uncommon trap: reason=class_check action=maybe_recompile pc=0x00007ff5ad16fe24 method=org.jruby.runtime.ivars.VariableAccessor.get(Ljava/lang/Object;)Ljava/lang/Object; @ 1
Event: 9,960 Thread 0x00007ff5b000a800 Uncommon trap: reason=class_check action=maybe_recompile pc=0x00007ff5ad16fe24 method=org.jruby.runtime.ivars.VariableAccessor.get(Ljava/lang/Object;)Ljava/lang/Object; @ 1

Internal exceptions (10 events):
Event: 8,702 Thread 0x00007ff5b000a800 Threw 0x00000000f71357c8 at /build/buildd/openjdk-7-7u51-2.4.4/build/openjdk/hotspot/src/share/vm/prims/jvm.cpp:1244
Event: 8,702 Thread 0x00007ff5b000a800 Threw 0x00000000f7136278 at /build/buildd/openjdk-7-7u51-2.4.4/build/openjdk/hotspot/src/share/vm/prims/jvm.cpp:1244
Event: 8,705 Thread 0x00007ff5b000a800 Threw 0x00000000f7141de8 at /build/buildd/openjdk-7-7u51-2.4.4/build/openjdk/hotspot/src/share/vm/prims/jvm.cpp:1244
Event: 8,705 Thread 0x00007ff5b000a800 Threw 0x00000000f7143ea8 at /build/buildd/openjdk-7-7u51-2.4.4/build/openjdk/hotspot/src/share/vm/prims/jvm.cpp:1244
Event: 8,705 Thread 0x00007ff5b000a800 Threw 0x00000000f7144958 at /build/buildd/openjdk-7-7u51-2.4.4/build/openjdk/hotspot/src/share/vm/prims/jvm.cpp:1244
Event: 8,706 Thread 0x00007ff5b000a800 Threw 0x00000000f71467f8 at /build/buildd/openjdk-7-7u51-2.4.4/build/openjdk/hotspot/src/share/vm/prims/jvm.cpp:1244
Event: 8,706 Thread 0x00007ff5b000a800 Threw 0x00000000f71488b8 at /build/buildd/openjdk-7-7u51-2.4.4/build/openjdk/hotspot/src/share/vm/prims/jvm.cpp:1244
Event: 8,706 Thread 0x00007ff5b000a800 Threw 0x00000000f7149368 at /build/buildd/openjdk-7-7u51-2.4.4/build/openjdk/hotspot/src/share/vm/prims/jvm.cpp:1244
Event: 9,971 Thread 0x00007ff5b04a9000 Threw 0x00000000f5ae7718 at /build/buildd/openjdk-7-7u51-2.4.4/build/openjdk/hotspot/src/share/vm/prims/jvm.cpp:1244
Event: 9,972 Thread 0x00007ff5b04a9000 Threw 0x00000000f5ae9130 at /build/buildd/openjdk-7-7u51-2.4.4/build/openjdk/hotspot/src/share/vm/prims/jvm.cpp:1244

Events (10 events):
Event: 9,960 Thread 0x00007ff5b000a800 DEOPT PACKING pc=0x00007ff5ad16fe24 sp=0x00007ff5b69e9210
Event: 9,960 Thread 0x00007ff5b000a800 DEOPT UNPACKING pc=0x00007ff5ad039045 sp=0x00007ff5b69e91d8 mode 2
Event: 9,960 Thread 0x00007ff5b000a800 Uncommon trap: trap_request=0xffffffde fr.pc=0x00007ff5ad16fe24
Event: 9,960 Thread 0x00007ff5b000a800 DEOPT PACKING pc=0x00007ff5ad16fe24 sp=0x00007ff5b69e92a0
Event: 9,960 Thread 0x00007ff5b000a800 DEOPT UNPACKING pc=0x00007ff5ad039045 sp=0x00007ff5b69e9268 mode 2
Event: 9,960 Thread 0x00007ff5b000a800 Uncommon trap: trap_request=0xffffffde fr.pc=0x00007ff5ad16fe24
Event: 9,960 Thread 0x00007ff5b000a800 DEOPT PACKING pc=0x00007ff5ad16fe24 sp=0x00007ff5b69e92a0
Event: 9,960 Thread 0x00007ff5b000a800 DEOPT UNPACKING pc=0x00007ff5ad039045 sp=0x00007ff5b69e9268 mode 2
Event: 9,971 loading class 0x00007ff57400b0f0
Event: 9,971 loading class 0x00007ff57400b0f0 done


Dynamic libraries:
00400000-00401000 r-xp 00000000 08:01 15861394                           /usr/lib/jvm/java-7-openjdk-amd64/jre/bin/java
00600000-00601000 r--p 00000000 08:01 15861394                           /usr/lib/jvm/java-7-openjdk-amd64/jre/bin/java
00601000-00602000 rw-p 00001000 08:01 15861394                           /usr/lib/jvm/java-7-openjdk-amd64/jre/bin/java
01a3e000-01a5f000 rw-p 00000000 00:00 0                                  [heap]
d6600000-d7f00000 rw-p 00000000 00:00 0 
d7f00000-e0c00000 rw-p 00000000 00:00 0 
e0c00000-e3180000 rw-p 00000000 00:00 0 
e3180000-f5900000 rw-p 00000000 00:00 0 
f5900000-f9900000 rw-p 00000000 00:00 0 
f9900000-100000000 rw-p 00000000 00:00 0 
7ff560000000-7ff560021000 rw-p 00000000 00:00 0 
7ff560021000-7ff564000000 ---p 00000000 00:00 0 
7ff564000000-7ff564021000 rw-p 00000000 00:00 0 
7ff564021000-7ff568000000 ---p 00000000 00:00 0 
7ff568000000-7ff568021000 rw-p 00000000 00:00 0 
7ff568021000-7ff56c000000 ---p 00000000 00:00 0 
7ff56c000000-7ff56c021000 rw-p 00000000 00:00 0 
7ff56c021000-7ff570000000 ---p 00000000 00:00 0 
7ff570000000-7ff570021000 rw-p 00000000 00:00 0 
7ff570021000-7ff574000000 ---p 00000000 00:00 0 
7ff574000000-7ff574027000 rw-p 00000000 00:00 0 
7ff574027000-7ff578000000 ---p 00000000 00:00 0 
7ff578000000-7ff578d1f000 rw-p 00000000 00:00 0 
7ff578d1f000-7ff57c000000 ---p 00000000 00:00 0 
7ff57c000000-7ff57c021000 rw-p 00000000 00:00 0 
7ff57c021000-7ff580000000 ---p 00000000 00:00 0 
7ff580000000-7ff580021000 rw-p 00000000 00:00 0 
7ff580021000-7ff584000000 ---p 00000000 00:00 0 
7ff584000000-7ff584cc4000 rw-p 00000000 00:00 0 
7ff584cc4000-7ff588000000 ---p 00000000 00:00 0 
7ff588000000-7ff588021000 rw-p 00000000 00:00 0 
7ff588021000-7ff58c000000 ---p 00000000 00:00 0 
7ff58c000000-7ff58c021000 rw-p 00000000 00:00 0 
7ff58c021000-7ff590000000 ---p 00000000 00:00 0 
7ff590000000-7ff590021000 rw-p 00000000 00:00 0 
7ff590021000-7ff594000000 ---p 00000000 00:00 0 
7ff594000000-7ff594021000 rw-p 00000000 00:00 0 
7ff594021000-7ff598000000 ---p 00000000 00:00 0 
7ff598000000-7ff598021000 rw-p 00000000 00:00 0 
7ff598021000-7ff59c000000 ---p 00000000 00:00 0 
7ff59f9f6000-7ff59f9f8000 r-xp 00000000 08:01 13893852                   /home/alex/Documents/8vo_Semestre/Geometría Computacional/Lab/practica02p1/src/lib/libintersection.so
7ff59f9f8000-7ff59fbf7000 ---p 00002000 08:01 13893852                   /home/alex/Documents/8vo_Semestre/Geometría Computacional/Lab/practica02p1/src/lib/libintersection.so
7ff59fbf7000-7ff59fbf8000 r--p 00001000 08:01 13893852                   /home/alex/Documents/8vo_Semestre/Geometría Computacional/Lab/practica02p1/src/lib/libintersection.so
7ff59fbf8000-7ff59fbf9000 rw-p 00002000 08:01 13893852                   /home/alex/Documents/8vo_Semestre/Geometría Computacional/Lab/practica02p1/src/lib/libintersection.so
7ff59fbf9000-7ff59fbfc000 r-xp 00000000 08:01 13893851                   /home/alex/Documents/8vo_Semestre/Geometría Computacional/Lab/practica02p1/src/lib/librb_tree.so
7ff59fbfc000-7ff59fdfb000 ---p 00003000 08:01 13893851                   /home/alex/Documents/8vo_Semestre/Geometría Computacional/Lab/practica02p1/src/lib/librb_tree.so
7ff59fdfb000-7ff59fdfc000 r--p 00002000 08:01 13893851                   /home/alex/Documents/8vo_Semestre/Geometría Computacional/Lab/practica02p1/src/lib/librb_tree.so
7ff59fdfc000-7ff59fdfd000 rw-p 00003000 08:01 13893851                   /home/alex/Documents/8vo_Semestre/Geometría Computacional/Lab/practica02p1/src/lib/librb_tree.so
7ff59fdfd000-7ff59fdff000 r-xp 00000000 08:01 13893850                   /home/alex/Documents/8vo_Semestre/Geometría Computacional/Lab/practica02p1/src/lib/libdouble_linked_list.so
7ff59fdff000-7ff59fffe000 ---p 00002000 08:01 13893850                   /home/alex/Documents/8vo_Semestre/Geometría Computacional/Lab/practica02p1/src/lib/libdouble_linked_list.so
7ff59fffe000-7ff59ffff000 r--p 00001000 08:01 13893850                   /home/alex/Documents/8vo_Semestre/Geometría Computacional/Lab/practica02p1/src/lib/libdouble_linked_list.so
7ff59ffff000-7ff5a0000000 rw-p 00002000 08:01 13893850                   /home/alex/Documents/8vo_Semestre/Geometría Computacional/Lab/practica02p1/src/lib/libdouble_linked_list.so
7ff5a0000000-7ff5a0021000 rw-p 00000000 00:00 0 
7ff5a0021000-7ff5a4000000 ---p 00000000 00:00 0 
7ff5a41ad000-7ff5a41ae000 r-xp 00000000 08:01 13893835                   /home/alex/Documents/8vo_Semestre/Geometría Computacional/Lab/practica02p1/src/lib/libhalf_edge.so
7ff5a41ae000-7ff5a43ae000 ---p 00001000 08:01 13893835                   /home/alex/Documents/8vo_Semestre/Geometría Computacional/Lab/practica02p1/src/lib/libhalf_edge.so
7ff5a43ae000-7ff5a43af000 r--p 00001000 08:01 13893835                   /home/alex/Documents/8vo_Semestre/Geometría Computacional/Lab/practica02p1/src/lib/libhalf_edge.so
7ff5a43af000-7ff5a43b0000 rw-p 00002000 08:01 13893835                   /home/alex/Documents/8vo_Semestre/Geometría Computacional/Lab/practica02p1/src/lib/libhalf_edge.so
7ff5a43b0000-7ff5a43b1000 r-xp 00000000 08:01 13893834                   /home/alex/Documents/8vo_Semestre/Geometría Computacional/Lab/practica02p1/src/lib/lib2d_points.so
7ff5a43b1000-7ff5a45b0000 ---p 00001000 08:01 13893834                   /home/alex/Documents/8vo_Semestre/Geometría Computacional/Lab/practica02p1/src/lib/lib2d_points.so
7ff5a45b0000-7ff5a45b1000 r--p 00000000 08:01 13893834                   /home/alex/Documents/8vo_Semestre/Geometría Computacional/Lab/practica02p1/src/lib/lib2d_points.so
7ff5a45b1000-7ff5a45b2000 rw-p 00001000 08:01 13893834                   /home/alex/Documents/8vo_Semestre/Geometría Computacional/Lab/practica02p1/src/lib/lib2d_points.so
7ff5a45b2000-7ff5a45b5000 ---p 00000000 00:00 0 
7ff5a45b5000-7ff5a47b3000 rw-p 00000000 00:00 0 
7ff5a47b3000-7ff5a47b6000 ---p 00000000 00:00 0 
7ff5a47b6000-7ff5a49b4000 rw-p 00000000 00:00 0                          [stack:27221]
7ff5a49b4000-7ff5a49b7000 ---p 00000000 00:00 0 
7ff5a49b7000-7ff5a4bb5000 rw-p 00000000 00:00 0 
7ff5a4bb5000-7ff5a4bb8000 ---p 00000000 00:00 0 
7ff5a4bb8000-7ff5a4db6000 rw-p 00000000 00:00 0                          [stack:27098]
7ff5a4db6000-7ff5a4dc8000 r-xp 00000000 08:01 12059135                   /home/alex/.rbenv/versions/jruby-1.7.10/lib/jni/x86_64-Linux/libjffi-1.2.so
7ff5a4dc8000-7ff5a4fc7000 ---p 00012000 08:01 12059135                   /home/alex/.rbenv/versions/jruby-1.7.10/lib/jni/x86_64-Linux/libjffi-1.2.so
7ff5a4fc7000-7ff5a4fc8000 rw-p 00011000 08:01 12059135                   /home/alex/.rbenv/versions/jruby-1.7.10/lib/jni/x86_64-Linux/libjffi-1.2.so
7ff5a4fc8000-7ff5a4fd8000 r-xp 00000000 08:01 15861288                   /usr/lib/jvm/java-7-openjdk-amd64/jre/lib/amd64/libnio.so
7ff5a4fd8000-7ff5a51d8000 ---p 00010000 08:01 15861288                   /usr/lib/jvm/java-7-openjdk-amd64/jre/lib/amd64/libnio.so
7ff5a51d8000-7ff5a51d9000 r--p 00010000 08:01 15861288                   /usr/lib/jvm/java-7-openjdk-amd64/jre/lib/amd64/libnio.so
7ff5a51d9000-7ff5a51da000 rw-p 00011000 08:01 15861288                   /usr/lib/jvm/java-7-openjdk-amd64/jre/lib/amd64/libnio.so
7ff5a51da000-7ff5a5217000 r-xp 00000000 08:01 8130434                    /lib/x86_64-linux-gnu/libpcre.so.3.13.1
7ff5a5217000-7ff5a5417000 ---p 0003d000 08:01 8130434                    /lib/x86_64-linux-gnu/libpcre.so.3.13.1
7ff5a5417000-7ff5a5418000 r--p 0003d000 08:01 8130434                    /lib/x86_64-linux-gnu/libpcre.so.3.13.1
7ff5a5418000-7ff5a5419000 rw-p 0003e000 08:01 8130434                    /lib/x86_64-linux-gnu/libpcre.so.3.13.1
7ff5a5419000-7ff5a5420000 r-xp 00000000 08:01 15735894                   /usr/lib/x86_64-linux-gnu/libffi.so.6.0.1
7ff5a5420000-7ff5a561f000 ---p 00007000 08:01 15735894                   /usr/lib/x86_64-linux-gnu/libffi.so.6.0.1
7ff5a561f000-7ff5a5620000 r--p 00006000 08:01 15735894                   /usr/lib/x86_64-linux-gnu/libffi.so.6.0.1
7ff5a5620000-7ff5a5621000 rw-p 00007000 08:01 15735894                   /usr/lib/x86_64-linux-gnu/libffi.so.6.0.1
7ff5a5621000-7ff5a5637000 r-xp 00000000 08:01 8130457                    /lib/x86_64-linux-gnu/libresolv-2.17.so
7ff5a5637000-7ff5a5837000 ---p 00016000 08:01 8130457                    /lib/x86_64-linux-gnu/libresolv-2.17.so
7ff5a5837000-7ff5a5838000 r--p 00016000 08:01 8130457                    /lib/x86_64-linux-gnu/libresolv-2.17.so
7ff5a5838000-7ff5a5839000 rw-p 00017000 08:01 8130457                    /lib/x86_64-linux-gnu/libresolv-2.17.so
7ff5a5839000-7ff5a583b000 rw-p 00000000 00:00 0 
7ff5a583b000-7ff5a585a000 r-xp 00000000 08:01 8130461                    /lib/x86_64-linux-gnu/libselinux.so.1
7ff5a585a000-7ff5a5a5a000 ---p 0001f000 08:01 8130461                    /lib/x86_64-linux-gnu/libselinux.so.1
7ff5a5a5a000-7ff5a5a5b000 r--p 0001f000 08:01 8130461                    /lib/x86_64-linux-gnu/libselinux.so.1
7ff5a5a5b000-7ff5a5a5c000 rw-p 00020000 08:01 8130461                    /lib/x86_64-linux-gnu/libselinux.so.1
7ff5a5a5c000-7ff5a5a5d000 rw-p 00000000 00:00 0 
7ff5a5a5d000-7ff5a5a60000 r-xp 00000000 08:01 15729078                   /usr/lib/x86_64-linux-gnu/libgmodule-2.0.so.0.3800.1
7ff5a5a60000-7ff5a5c5f000 ---p 00003000 08:01 15729078                   /usr/lib/x86_64-linux-gnu/libgmodule-2.0.so.0.3800.1
7ff5a5c5f000-7ff5a5c60000 r--p 00002000 08:01 15729078                   /usr/lib/x86_64-linux-gnu/libgmodule-2.0.so.0.3800.1
7ff5a5c60000-7ff5a5c61000 rw-p 00003000 08:01 15729078                   /usr/lib/x86_64-linux-gnu/libgmodule-2.0.so.0.3800.1
7ff5a5c61000-7ff5a5d5f000 r-xp 00000000 08:01 8130449                    /lib/x86_64-linux-gnu/libglib-2.0.so.0.3800.1
7ff5a5d5f000-7ff5a5f5f000 ---p 000fe000 08:01 8130449                    /lib/x86_64-linux-gnu/libglib-2.0.so.0.3800.1
7ff5a5f5f000-7ff5a5f60000 r--p 000fe000 08:01 8130449                    /lib/x86_64-linux-gnu/libglib-2.0.so.0.3800.1
7ff5a5f60000-7ff5a5f61000 rw-p 000ff000 08:01 8130449                    /lib/x86_64-linux-gnu/libglib-2.0.so.0.3800.1
7ff5a5f61000-7ff5a5f62000 rw-p 00000000 00:00 0 
7ff5a5f62000-7ff5a5fb1000 r-xp 00000000 08:01 15729069                   /usr/lib/x86_64-linux-gnu/libgobject-2.0.so.0.3800.1
7ff5a5fb1000-7ff5a61b1000 ---p 0004f000 08:01 15729069                   /usr/lib/x86_64-linux-gnu/libgobject-2.0.so.0.3800.1
7ff5a61b1000-7ff5a61b2000 r--p 0004f000 08:01 15729069                   /usr/lib/x86_64-linux-gnu/libgobject-2.0.so.0.3800.1
7ff5a61b2000-7ff5a61b3000 rw-p 00050000 08:01 15729069                   /usr/lib/x86_64-linux-gnu/libgobject-2.0.so.0.3800.1
7ff5a61b3000-7ff5a630f000 r-xp 00000000 08:01 15729043                   /usr/lib/x86_64-linux-gnu/libgio-2.0.so.0.3800.1
7ff5a630f000-7ff5a650e000 ---p 0015c000 08:01 15729043                   /usr/lib/x86_64-linux-gnu/libgio-2.0.so.0.3800.1
7ff5a650e000-7ff5a6512000 r--p 0015b000 08:01 15729043                   /usr/lib/x86_64-linux-gnu/libgio-2.0.so.0.3800.1
7ff5a6512000-7ff5a6514000 rw-p 0015f000 08:01 15729043                   /usr/lib/x86_64-linux-gnu/libgio-2.0.so.0.3800.1
7ff5a6514000-7ff5a6516000 rw-p 00000000 00:00 0 
7ff5a6516000-7ff5a652c000 r-xp 00000000 08:01 15861076                   /usr/lib/jvm/java-7-openjdk-amd64/jre/lib/amd64/libnet.so
7ff5a652c000-7ff5a672b000 ---p 00016000 08:01 15861076                   /usr/lib/jvm/java-7-openjdk-amd64/jre/lib/amd64/libnet.so
7ff5a672b000-7ff5a672c000 r--p 00015000 08:01 15861076                   /usr/lib/jvm/java-7-openjdk-amd64/jre/lib/amd64/libnet.so
7ff5a672c000-7ff5a672d000 rw-p 00016000 08:01 15861076                   /usr/lib/jvm/java-7-openjdk-amd64/jre/lib/amd64/libnet.so
7ff5a672d000-7ff5a672e000 ---p 00000000 00:00 0 
7ff5a672e000-7ff5a682e000 rw-p 00000000 00:00 0                          [stack:27097]
7ff5a682e000-7ff5a6831000 ---p 00000000 00:00 0 
7ff5a6831000-7ff5a6a2f000 rw-p 00000000 00:00 0                          [stack:27096]
7ff5a6a2f000-7ff5a6a32000 ---p 00000000 00:00 0 
7ff5a6a32000-7ff5a8000000 rw-p 00000000 00:00 0                          [stack:27095]
7ff5a8000000-7ff5a8021000 rw-p 00000000 00:00 0 
7ff5a8021000-7ff5ac000000 ---p 00000000 00:00 0 
7ff5ac0c5000-7ff5ac0c8000 ---p 00000000 00:00 0 
7ff5ac0c8000-7ff5ac0fe000 rw-p 00000000 00:00 0                          [stack:27101]
7ff5ac0fe000-7ff5ac101000 ---p 00000000 00:00 0 
7ff5ac101000-7ff5ac1ff000 rw-p 00000000 00:00 0                          [stack:27094]
7ff5ac1ff000-7ff5ac202000 ---p 00000000 00:00 0 
7ff5ac202000-7ff5ac400000 rw-p 00000000 00:00 0                          [stack:27093]
7ff5ac400000-7ff5ac7fa000 r--p 00000000 08:01 15734328                   /usr/lib/locale/locale-archive
7ff5ac7fa000-7ff5ac7fd000 ---p 00000000 00:00 0 
7ff5ac7fd000-7ff5ac9fb000 rw-p 00000000 00:00 0                          [stack:27092]
7ff5ac9fb000-7ff5ac9fe000 ---p 00000000 00:00 0 
7ff5ac9fe000-7ff5acbfc000 rw-p 00000000 00:00 0                          [stack:27091]
7ff5acbfc000-7ff5acbfd000 ---p 00000000 00:00 0 
7ff5acbfd000-7ff5ad000000 rw-p 00000000 00:00 0                          [stack:27090]
7ff5ad000000-7ff5ad270000 rwxp 00000000 00:00 0 
7ff5ad270000-7ff5b05a0000 rw-p 00000000 00:00 0 
7ff5b05a0000-7ff5b4000000 ---p 00000000 00:00 0 
7ff5b4014000-7ff5b4015000 rw-p 00000000 00:00 0 
7ff5b4015000-7ff5b4016000 r-xp 00000000 00:00 0 
7ff5b4016000-7ff5b401d000 r--s 00000000 08:01 16127910                   /usr/lib/x86_64-linux-gnu/gconv/gconv-modules.cache
7ff5b401d000-7ff5b401f000 r--s 00012000 08:01 15861308                   /usr/lib/jvm/java-7-openjdk-amd64/jre/lib/ext/zipfs.jar
7ff5b401f000-7ff5b4022000 r--s 00032000 08:01 15861310                   /usr/lib/jvm/java-7-openjdk-amd64/jre/lib/ext/sunjce_provider.jar
7ff5b4022000-7ff5b4026000 r--s 00085000 08:01 15861304                   /usr/lib/jvm/java-7-openjdk-amd64/jre/lib/ext/localedata.jar
7ff5b4026000-7ff5b4028000 r--s 00006000 08:01 16256853                   /usr/share/java/java-atk-wrapper.jar
7ff5b4028000-7ff5b4029000 r--s 00002000 08:01 15861314                   /usr/lib/jvm/java-7-openjdk-amd64/jre/lib/ext/dnsns.jar
7ff5b4029000-7ff5b402c000 r--s 0000f000 08:01 15861306                   /usr/lib/jvm/java-7-openjdk-amd64/jre/lib/ext/pulse-java.jar
7ff5b402c000-7ff5b4030000 r--s 0003b000 08:01 15861316                   /usr/lib/jvm/java-7-openjdk-amd64/jre/lib/ext/sunpkcs11.jar
7ff5b4030000-7ff5b4ce9000 rw-p 00000000 00:00 0 
7ff5b4ce9000-7ff5b4dd2000 r--s 00bb9000 08:01 12059138                   /home/alex/.rbenv/versions/jruby-1.7.10/lib/jruby.jar
7ff5b4dd2000-7ff5b4e1a000 rw-p 00000000 00:00 0 
7ff5b4e1a000-7ff5b4fc8000 r--s 01cf4000 08:01 15861374                   /usr/lib/jvm/java-7-openjdk-amd64/jre/lib/rt.jar
7ff5b4fc8000-7ff5b520e000 rw-p 00000000 00:00 0 
7ff5b520e000-7ff5b520f000 ---p 00000000 00:00 0 
7ff5b520f000-7ff5b530f000 rw-p 00000000 00:00 0                          [stack:27089]
7ff5b530f000-7ff5b5310000 ---p 00000000 00:00 0 
7ff5b5310000-7ff5b5410000 rw-p 00000000 00:00 0                          [stack:27088]
7ff5b5410000-7ff5b5411000 ---p 00000000 00:00 0 
7ff5b5411000-7ff5b5511000 rw-p 00000000 00:00 0                          [stack:27087]
7ff5b5511000-7ff5b5512000 ---p 00000000 00:00 0 
7ff5b5512000-7ff5b561f000 rw-p 00000000 00:00 0                          [stack:27086]
7ff5b561f000-7ff5b5665000 rw-p 00000000 00:00 0 
7ff5b5665000-7ff5b5678000 rw-p 00000000 00:00 0 
7ff5b5678000-7ff5b570b000 rw-p 00000000 00:00 0 
7ff5b570b000-7ff5b572c000 rw-p 00000000 00:00 0 
7ff5b572c000-7ff5b575f000 rw-p 00000000 00:00 0 
7ff5b575f000-7ff5b5760000 rw-p 00000000 00:00 0 
7ff5b5760000-7ff5b5768000 r-xp 00000000 08:01 15861025                   /usr/lib/jvm/java-7-openjdk-amd64/jre/lib/amd64/libzip.so
7ff5b5768000-7ff5b5967000 ---p 00008000 08:01 15861025                   /usr/lib/jvm/java-7-openjdk-amd64/jre/lib/amd64/libzip.so
7ff5b5967000-7ff5b5968000 r--p 00007000 08:01 15861025                   /usr/lib/jvm/java-7-openjdk-amd64/jre/lib/amd64/libzip.so
7ff5b5968000-7ff5b5969000 rw-p 00008000 08:01 15861025                   /usr/lib/jvm/java-7-openjdk-amd64/jre/lib/amd64/libzip.so
7ff5b5969000-7ff5b5975000 r-xp 00000000 08:01 8130412                    /lib/x86_64-linux-gnu/libnss_files-2.17.so
7ff5b5975000-7ff5b5b74000 ---p 0000c000 08:01 8130412                    /lib/x86_64-linux-gnu/libnss_files-2.17.so
7ff5b5b74000-7ff5b5b75000 r--p 0000b000 08:01 8130412                    /lib/x86_64-linux-gnu/libnss_files-2.17.so
7ff5b5b75000-7ff5b5b76000 rw-p 0000c000 08:01 8130412                    /lib/x86_64-linux-gnu/libnss_files-2.17.so
7ff5b5b76000-7ff5b5b81000 r-xp 00000000 08:01 8130416                    /lib/x86_64-linux-gnu/libnss_nis-2.17.so
7ff5b5b81000-7ff5b5d80000 ---p 0000b000 08:01 8130416                    /lib/x86_64-linux-gnu/libnss_nis-2.17.so
7ff5b5d80000-7ff5b5d81000 r--p 0000a000 08:01 8130416                    /lib/x86_64-linux-gnu/libnss_nis-2.17.so
7ff5b5d81000-7ff5b5d82000 rw-p 0000b000 08:01 8130416                    /lib/x86_64-linux-gnu/libnss_nis-2.17.so
7ff5b5d82000-7ff5b5d99000 r-xp 00000000 08:01 8130406                    /lib/x86_64-linux-gnu/libnsl-2.17.so
7ff5b5d99000-7ff5b5f98000 ---p 00017000 08:01 8130406                    /lib/x86_64-linux-gnu/libnsl-2.17.so
7ff5b5f98000-7ff5b5f99000 r--p 00016000 08:01 8130406                    /lib/x86_64-linux-gnu/libnsl-2.17.so
7ff5b5f99000-7ff5b5f9a000 rw-p 00017000 08:01 8130406                    /lib/x86_64-linux-gnu/libnsl-2.17.so
7ff5b5f9a000-7ff5b5f9c000 rw-p 00000000 00:00 0 
7ff5b5f9c000-7ff5b5fa4000 r-xp 00000000 08:01 8130408                    /lib/x86_64-linux-gnu/libnss_compat-2.17.so
7ff5b5fa4000-7ff5b61a3000 ---p 00008000 08:01 8130408                    /lib/x86_64-linux-gnu/libnss_compat-2.17.so
7ff5b61a3000-7ff5b61a4000 r--p 00007000 08:01 8130408                    /lib/x86_64-linux-gnu/libnss_compat-2.17.so
7ff5b61a4000-7ff5b61a5000 rw-p 00008000 08:01 8130408                    /lib/x86_64-linux-gnu/libnss_compat-2.17.so
7ff5b61a5000-7ff5b61d0000 r-xp 00000000 08:01 15860951                   /usr/lib/jvm/java-7-openjdk-amd64/jre/lib/amd64/libjava.so
7ff5b61d0000-7ff5b63cf000 ---p 0002b000 08:01 15860951                   /usr/lib/jvm/java-7-openjdk-amd64/jre/lib/amd64/libjava.so
7ff5b63cf000-7ff5b63d0000 r--p 0002a000 08:01 15860951                   /usr/lib/jvm/java-7-openjdk-amd64/jre/lib/amd64/libjava.so
7ff5b63d0000-7ff5b63d2000 rw-p 0002b000 08:01 15860951                   /usr/lib/jvm/java-7-openjdk-amd64/jre/lib/amd64/libjava.so
7ff5b63d2000-7ff5b63e2000 r-xp 00000000 08:01 15861265                   /usr/lib/jvm/java-7-openjdk-amd64/jre/lib/amd64/libverify.so
7ff5b63e2000-7ff5b65e1000 ---p 00010000 08:01 15861265                   /usr/lib/jvm/java-7-openjdk-amd64/jre/lib/amd64/libverify.so
7ff5b65e1000-7ff5b65e3000 r--p 0000f000 08:01 15861265                   /usr/lib/jvm/java-7-openjdk-amd64/jre/lib/amd64/libverify.so
7ff5b65e3000-7ff5b65e4000 rw-p 00011000 08:01 15861265                   /usr/lib/jvm/java-7-openjdk-amd64/jre/lib/amd64/libverify.so
7ff5b65e4000-7ff5b65eb000 r-xp 00000000 08:01 8130459                    /lib/x86_64-linux-gnu/librt-2.17.so
7ff5b65eb000-7ff5b67ea000 ---p 00007000 08:01 8130459                    /lib/x86_64-linux-gnu/librt-2.17.so
7ff5b67ea000-7ff5b67eb000 r--p 00006000 08:01 8130459                    /lib/x86_64-linux-gnu/librt-2.17.so
7ff5b67eb000-7ff5b67ec000 rw-p 00007000 08:01 8130459                    /lib/x86_64-linux-gnu/librt-2.17.so
7ff5b67ec000-7ff5b67ef000 ---p 00000000 00:00 0 
7ff5b67ef000-7ff5b69ed000 rw-p 00000000 00:00 0                          [stack:27085]
7ff5b69ed000-7ff5b6a02000 r-xp 00000000 08:01 8126477                    /lib/x86_64-linux-gnu/libgcc_s.so.1
7ff5b6a02000-7ff5b6c01000 ---p 00015000 08:01 8126477                    /lib/x86_64-linux-gnu/libgcc_s.so.1
7ff5b6c01000-7ff5b6c02000 r--p 00014000 08:01 8126477                    /lib/x86_64-linux-gnu/libgcc_s.so.1
7ff5b6c02000-7ff5b6c03000 rw-p 00015000 08:01 8126477                    /lib/x86_64-linux-gnu/libgcc_s.so.1
7ff5b6c03000-7ff5b6d06000 r-xp 00000000 08:01 8130387                    /lib/x86_64-linux-gnu/libm-2.17.so
7ff5b6d06000-7ff5b6f05000 ---p 00103000 08:01 8130387                    /lib/x86_64-linux-gnu/libm-2.17.so
7ff5b6f05000-7ff5b6f06000 r--p 00102000 08:01 8130387                    /lib/x86_64-linux-gnu/libm-2.17.so
7ff5b6f06000-7ff5b6f07000 rw-p 00103000 08:01 8130387                    /lib/x86_64-linux-gnu/libm-2.17.so
7ff5b6f07000-7ff5b6fed000 r-xp 00000000 08:01 15729831                   /usr/lib/x86_64-linux-gnu/libstdc++.so.6.0.18
7ff5b6fed000-7ff5b71ec000 ---p 000e6000 08:01 15729831                   /usr/lib/x86_64-linux-gnu/libstdc++.so.6.0.18
7ff5b71ec000-7ff5b71f4000 r--p 000e5000 08:01 15729831                   /usr/lib/x86_64-linux-gnu/libstdc++.so.6.0.18
7ff5b71f4000-7ff5b71f6000 rw-p 000ed000 08:01 15729831                   /usr/lib/x86_64-linux-gnu/libstdc++.so.6.0.18
7ff5b71f6000-7ff5b720b000 rw-p 00000000 00:00 0 
7ff5b720b000-7ff5b7cea000 r-xp 00000000 08:01 15861284                   /usr/lib/jvm/java-7-openjdk-amd64/jre/lib/amd64/server/libjvm.so
7ff5b7cea000-7ff5b7ee9000 ---p 00adf000 08:01 15861284                   /usr/lib/jvm/java-7-openjdk-amd64/jre/lib/amd64/server/libjvm.so
7ff5b7ee9000-7ff5b7f7b000 r--p 00ade000 08:01 15861284                   /usr/lib/jvm/java-7-openjdk-amd64/jre/lib/amd64/server/libjvm.so
7ff5b7f7b000-7ff5b7f9e000 rw-p 00b70000 08:01 15861284                   /usr/lib/jvm/java-7-openjdk-amd64/jre/lib/amd64/server/libjvm.so
7ff5b7f9e000-7ff5b7fcb000 rw-p 00000000 00:00 0 
7ff5b7fcb000-7ff5b7fe3000 r-xp 00000000 08:01 8130494                    /lib/x86_64-linux-gnu/libz.so.1.2.8
7ff5b7fe3000-7ff5b81e2000 ---p 00018000 08:01 8130494                    /lib/x86_64-linux-gnu/libz.so.1.2.8
7ff5b81e2000-7ff5b81e3000 r--p 00017000 08:01 8130494                    /lib/x86_64-linux-gnu/libz.so.1.2.8
7ff5b81e3000-7ff5b81e4000 rw-p 00018000 08:01 8130494                    /lib/x86_64-linux-gnu/libz.so.1.2.8
7ff5b81e4000-7ff5b81fb000 r-xp 00000000 08:01 8130451                    /lib/x86_64-linux-gnu/libpthread-2.17.so
7ff5b81fb000-7ff5b83fb000 ---p 00017000 08:01 8130451                    /lib/x86_64-linux-gnu/libpthread-2.17.so
7ff5b83fb000-7ff5b83fc000 r--p 00017000 08:01 8130451                    /lib/x86_64-linux-gnu/libpthread-2.17.so
7ff5b83fc000-7ff5b83fd000 rw-p 00018000 08:01 8130451                    /lib/x86_64-linux-gnu/libpthread-2.17.so
7ff5b83fd000-7ff5b8401000 rw-p 00000000 00:00 0 
7ff5b8401000-7ff5b8404000 r-xp 00000000 08:01 8130351                    /lib/x86_64-linux-gnu/libdl-2.17.so
7ff5b8404000-7ff5b8603000 ---p 00003000 08:01 8130351                    /lib/x86_64-linux-gnu/libdl-2.17.so
7ff5b8603000-7ff5b8604000 r--p 00002000 08:01 8130351                    /lib/x86_64-linux-gnu/libdl-2.17.so
7ff5b8604000-7ff5b8605000 rw-p 00003000 08:01 8130351                    /lib/x86_64-linux-gnu/libdl-2.17.so
7ff5b8605000-7ff5b87c2000 r-xp 00000000 08:01 8130336                    /lib/x86_64-linux-gnu/libc-2.17.so
7ff5b87c2000-7ff5b89c2000 ---p 001bd000 08:01 8130336                    /lib/x86_64-linux-gnu/libc-2.17.so
7ff5b89c2000-7ff5b89c6000 r--p 001bd000 08:01 8130336                    /lib/x86_64-linux-gnu/libc-2.17.so
7ff5b89c6000-7ff5b89c8000 rw-p 001c1000 08:01 8130336                    /lib/x86_64-linux-gnu/libc-2.17.so
7ff5b89c8000-7ff5b89cd000 rw-p 00000000 00:00 0 
7ff5b89cd000-7ff5b89da000 r-xp 00000000 08:01 15861291                   /usr/lib/jvm/java-7-openjdk-amd64/jre/lib/amd64/jli/libjli.so
7ff5b89da000-7ff5b8bd9000 ---p 0000d000 08:01 15861291                   /usr/lib/jvm/java-7-openjdk-amd64/jre/lib/amd64/jli/libjli.so
7ff5b8bd9000-7ff5b8bda000 r--p 0000c000 08:01 15861291                   /usr/lib/jvm/java-7-openjdk-amd64/jre/lib/amd64/jli/libjli.so
7ff5b8bda000-7ff5b8bdb000 rw-p 0000d000 08:01 15861291                   /usr/lib/jvm/java-7-openjdk-amd64/jre/lib/amd64/jli/libjli.so
7ff5b8bdb000-7ff5b8bfe000 r-xp 00000000 08:01 8130312                    /lib/x86_64-linux-gnu/ld-2.17.so
7ff5b8bfe000-7ff5b8c03000 r--s 0004c000 08:01 15861296                   /usr/lib/jvm/java-7-openjdk-amd64/jre/lib/jsse.jar
7ff5b8c03000-7ff5b8c31000 rw-p 00000000 00:00 0 
7ff5b8c31000-7ff5b8c77000 rw-p 00000000 00:00 0 
7ff5b8c77000-7ff5b8c8a000 rw-p 00000000 00:00 0 
7ff5b8c8a000-7ff5b8d1e000 rw-p 00000000 00:00 0 
7ff5b8d1e000-7ff5b8d28000 rw-p 00000000 00:00 0 
7ff5b8d28000-7ff5b8dde000 rw-p 00000000 00:00 0 
7ff5b8dde000-7ff5b8df1000 rw-p 00000000 00:00 0 
7ff5b8df1000-7ff5b8df9000 rw-s 00000000 08:01 5767366                    /tmp/hsperfdata_alex/27060
7ff5b8df9000-7ff5b8dfa000 rw-p 00000000 00:00 0 
7ff5b8dfa000-7ff5b8dfb000 r--p 00000000 00:00 0 
7ff5b8dfb000-7ff5b8dfd000 rw-p 00000000 00:00 0 
7ff5b8dfd000-7ff5b8dfe000 r--p 00022000 08:01 8130312                    /lib/x86_64-linux-gnu/ld-2.17.so
7ff5b8dfe000-7ff5b8e00000 rw-p 00023000 08:01 8130312                    /lib/x86_64-linux-gnu/ld-2.17.so
7fffd892a000-7fffd894b000 rw-p 00000000 00:00 0                          [stack]
7fffd89fe000-7fffd8a00000 r-xp 00000000 00:00 0                          [vdso]
ffffffffff600000-ffffffffff601000 r-xp 00000000 00:00 0                  [vsyscall]

VM Arguments:
jvm_args: -Djdk.home= -Djruby.home=/home/alex/.rbenv/versions/jruby-1.7.10 -Djruby.script=jruby -Djruby.shell=/bin/sh -Djffi.boot.library.path=/home/alex/.rbenv/versions/jruby-1.7.10/lib/jni:/home/alex/.rbenv/versions/jruby-1.7.10/lib/jni/i386-Linux:/home/alex/.rbenv/versions/jruby-1.7.10/lib/jni/arm-Linux:/home/alex/.rbenv/versions/jruby-1.7.10/lib/jni/x86_64-Linux -Xmx500m -Xss2048k -Xbootclasspath/a:/home/alex/.rbenv/versions/jruby-1.7.10/lib/jruby.jar 
java_command: org/jruby/Main Makefile.rb clean compile test clean
Launcher Type: SUN_STANDARD

Environment Variables:
PATH=/home/alex/.rbenv/versions/jruby-1.7.10/bin:/home/alex/.rbenv/libexec:/home/alex/.rbenv/plugins/ruby-build/bin:/home/alex/.rbenv/shims:~/.rbenv/bin:~/.rbenv/bin:/usr/local/sbin:/usr/local/bin:/usr/sbin:/usr/bin:/sbin:/bin:/usr/games:/usr/local/games
USERNAME=alex
SHELL=/bin/bash
DISPLAY=:0

Signal Handlers:
SIGSEGV: [libjvm.so+0x916ea0], sa_mask[0]=0x7ffbfeff, sa_flags=0x10000004
SIGBUS: [libjvm.so+0x916ea0], sa_mask[0]=0x7ffbfeff, sa_flags=0x10000004
SIGFPE: [libjvm.so+0x794800], sa_mask[0]=0x7ffbfeff, sa_flags=0x10000004
SIGPIPE: [libjvm.so+0x794800], sa_mask[0]=0x7ffbfeff, sa_flags=0x10000004
SIGXFSZ: [libjvm.so+0x794800], sa_mask[0]=0x7ffbfeff, sa_flags=0x10000004
SIGILL: [libjvm.so+0x794800], sa_mask[0]=0x7ffbfeff, sa_flags=0x10000004
SIGUSR1: SIG_DFL, sa_mask[0]=0x00000000, sa_flags=0x00000000
SIGUSR2: [libjvm.so+0x7946a0], sa_mask[0]=0x00000000, sa_flags=0x10000004
SIGHUP: [libjvm.so+0x794880], sa_mask[0]=0x7ffbfeff, sa_flags=0x10000004
SIGINT: [libjvm.so+0x794880], sa_mask[0]=0x7ffbfeff, sa_flags=0x10000004
SIGTERM: [libjvm.so+0x794880], sa_mask[0]=0x7ffbfeff, sa_flags=0x10000004
SIGQUIT: [libjvm.so+0x794880], sa_mask[0]=0x7ffbfeff, sa_flags=0x10000004


---------------  S Y S T E M  ---------------

OS:LinuxMint 16 (petra)
uname:Linux 3.11.0-12-generic #19-Ubuntu SMP Wed Oct 9 16:20:46 UTC 2013 x86_64
libc:glibc 2.17 NPTL 2.17 
rlimit: STACK 8192k, CORE 0k, NPROC 28798, NOFILE 4096, AS infinity
load average:1,12 0,75 0,61

/proc/meminfo:
MemTotal:        3715476 kB
MemFree:         1100360 kB
Buffers:          101556 kB
Cached:          1262316 kB
SwapCached:           28 kB
Active:          1548136 kB
Inactive:         870848 kB
Active(anon):     946228 kB
Inactive(anon):   353104 kB
Active(file):     601908 kB
Inactive(file):   517744 kB
Unevictable:          44 kB
Mlocked:              44 kB
SwapTotal:       3856380 kB
SwapFree:        3855740 kB
Dirty:              1464 kB
Writeback:             0 kB
AnonPages:       1055464 kB
Mapped:           195452 kB
Shmem:            244148 kB
Slab:             115416 kB
SReclaimable:      86960 kB
SUnreclaim:        28456 kB
KernelStack:        3832 kB
PageTables:        29260 kB
NFS_Unstable:          0 kB
Bounce:                0 kB
WritebackTmp:          0 kB
CommitLimit:     5714116 kB
Committed_AS:    3872884 kB
VmallocTotal:   34359738367 kB
VmallocUsed:      414940 kB
VmallocChunk:   34359311484 kB
HardwareCorrupted:     0 kB
AnonHugePages:         0 kB
HugePages_Total:       0
HugePages_Free:        0
HugePages_Rsvd:        0
HugePages_Surp:        0
Hugepagesize:       2048 kB
DirectMap4k:       56528 kB
DirectMap2M:     3801088 kB


CPU:total 4 (2 cores per cpu, 2 threads per core) family 6 model 37 stepping 5, cmov, cx8, fxsr, mmx, sse, sse2, sse3, ssse3, sse4.1, sse4.2, popcnt, ht, tsc, tscinvbit

/proc/cpuinfo:
processor	: 0
vendor_id	: GenuineIntel
cpu family	: 6
model		: 37
model name	: Intel(R) Core(TM) i3 CPU       M 380  @ 2.53GHz
stepping	: 5
microcode	: 0x2
cpu MHz		: 933.000
cache size	: 3072 KB
physical id	: 0
siblings	: 4
core id		: 0
cpu cores	: 2
apicid		: 0
initial apicid	: 0
fpu		: yes
fpu_exception	: yes
cpuid level	: 11
wp		: yes
flags		: fpu vme de pse tsc msr pae mce cx8 apic sep mtrr pge mca cmov pat pse36 clflush dts acpi mmx fxsr sse sse2 ss ht tm pbe syscall nx rdtscp lm constant_tsc arch_perfmon pebs bts rep_good nopl xtopology nonstop_tsc aperfmperf pni dtes64 monitor ds_cpl vmx est tm2 ssse3 cx16 xtpr pdcm pcid sse4_1 sse4_2 popcnt lahf_lm arat dtherm tpr_shadow vnmi flexpriority ept vpid
bogomips	: 5054.41
clflush size	: 64
cache_alignment	: 64
address sizes	: 36 bits physical, 48 bits virtual
power management:

processor	: 1
vendor_id	: GenuineIntel
cpu family	: 6
model		: 37
model name	: Intel(R) Core(TM) i3 CPU       M 380  @ 2.53GHz
stepping	: 5
microcode	: 0x2
cpu MHz		: 933.000
cache size	: 3072 KB
physical id	: 0
siblings	: 4
core id		: 0
cpu cores	: 2
apicid		: 1
initial apicid	: 1
fpu		: yes
fpu_exception	: yes
cpuid level	: 11
wp		: yes
flags		: fpu vme de pse tsc msr pae mce cx8 apic sep mtrr pge mca cmov pat pse36 clflush dts acpi mmx fxsr sse sse2 ss ht tm pbe syscall nx rdtscp lm constant_tsc arch_perfmon pebs bts rep_good nopl xtopology nonstop_tsc aperfmperf pni dtes64 monitor ds_cpl vmx est tm2 ssse3 cx16 xtpr pdcm pcid sse4_1 sse4_2 popcnt lahf_lm arat dtherm tpr_shadow vnmi flexpriority ept vpid
bogomips	: 5054.41
clflush size	: 64
cache_alignment	: 64
address sizes	: 36 bits physical, 48 bits virtual
power management:

processor	: 2
vendor_id	: GenuineIntel
cpu family	: 6
model		: 37
model name	: Intel(R) Core(TM) i3 CPU       M 380  @ 2.53GHz
stepping	: 5
microcode	: 0x2
cpu MHz		: 933.000
cache size	: 3072 KB
physical id	: 0
siblings	: 4
core id		: 2
cpu cores	: 2
apicid		: 4
initial apicid	: 4
fpu		: yes
fpu_exception	: yes
cpuid level	: 11
wp		: yes
flags		: fpu vme de pse tsc msr pae mce cx8 apic sep mtrr pge mca cmov pat pse36 clflush dts acpi mmx fxsr sse sse2 ss ht tm pbe syscall nx rdtscp lm constant_tsc arch_perfmon pebs bts rep_good nopl xtopology nonstop_tsc aperfmperf pni dtes64 monitor ds_cpl vmx est tm2 ssse3 cx16 xtpr pdcm pcid sse4_1 sse4_2 popcnt lahf_lm arat dtherm tpr_shadow vnmi flexpriority ept vpid
bogomips	: 5054.41
clflush size	: 64
cache_alignment	: 64
address sizes	: 36 bits physical, 48 bits virtual
power management:

processor	: 3
vendor_id	: GenuineIntel
cpu family	: 6
model		: 37
model name	: Intel(R) Core(TM) i3 CPU       M 380  @ 2.53GHz
stepping	: 5
microcode	: 0x2
cpu MHz		: 933.000
cache size	: 3072 KB
physical id	: 0
siblings	: 4
core id		: 2
cpu cores	: 2
apicid		: 5
initial apicid	: 5
fpu		: yes
fpu_exception	: yes
cpuid level	: 11
wp		: yes
flags		: fpu vme de pse tsc msr pae mce cx8 apic sep mtrr pge mca cmov pat pse36 clflush dts acpi mmx fxsr sse sse2 ss ht tm pbe syscall nx rdtscp lm constant_tsc arch_perfmon pebs bts rep_good nopl xtopology nonstop_tsc aperfmperf pni dtes64 monitor ds_cpl vmx est tm2 ssse3 cx16 xtpr pdcm pcid sse4_1 sse4_2 popcnt lahf_lm arat dtherm tpr_shadow vnmi flexpriority ept vpid
bogomips	: 5054.41
clflush size	: 64
cache_alignment	: 64
address sizes	: 36 bits physical, 48 bits virtual
power management:



Memory: 4k page, physical 3715476k(1100360k free), swap 3856380k(3855740k free)

vm_info: OpenJDK 64-Bit Server VM (24.45-b08) for linux-amd64 JRE (1.7.0_51-b00), built on Jan 15 2014 22:02:57 by "buildd" with gcc 4.8.1

time: Mon Apr 21 23:42:13 2014
elapsed time: 9 seconds

