#
# A fatal error has been detected by the Java Runtime Environment:
#
#  SIGSEGV (0xb) at pc=0x00007fc6d968ddca, pid=28615, tid=140492345169664
#
# JRE version: OpenJDK Runtime Environment (7.0_51) (build 1.7.0_51-b00)
# Java VM: OpenJDK 64-Bit Server VM (24.45-b08 mixed mode linux-amd64 compressed oops)
# Problematic frame:
# C  [libintersection.so+0xdca]  find_intersections+0x215
#
# Failed to write core dump. Core dumps have been disabled. To enable core dumping, try "ulimit -c unlimited" before starting Java again
#
# If you would like to submit a bug report, please include
# instructions on how to reproduce the bug and visit:
#   http://icedtea.classpath.org/bugzilla
# The crash happened outside the Java Virtual Machine in native code.
# See problematic frame for where to report the bug.
#

---------------  T H R E A D  ---------------

Current thread (0x00007fc6e800a800):  JavaThread "main" [_thread_in_native, id=28640, stack(0x00007fc6ec33d000,0x00007fc6ec53e000)]

siginfo:si_signo=SIGSEGV: si_errno=0, si_code=1 (SEGV_MAPERR), si_addr=0xffffffffe851fc40

Registers:
RAX=0xffffffffe851fc20, RBX=0x00000000d79ae010, RCX=0xffffffffffffffff, RDX=0x00007fc6ee5199f0
RSP=0x00007fc6ec53b030, RBP=0x00007fc6ec53b080, RSI=0x00007fc6e0140000, RDI=0x00000000ffffffff
R8 =0x6464646464646464, R9 =0x0000000000000020, R10=0x00007fc6ec53add0, R11=0x0000000000000000
R12=0x0000000000000000, R13=0x00000000d79ae010, R14=0x00007fc6ec53b168, R15=0x00007fc6e800a800
RIP=0x00007fc6d968ddca, EFLAGS=0x0000000000010246, CSGSFS=0x0000000000000033, ERR=0x0000000000000005
  TRAPNO=0x000000000000000e

Top of Stack: (sp=0x00007fc6ec53b030)
0x00007fc6ec53b030:   4000000000000000 00007fc6e851fab0
0x00007fc6ec53b040:   ffffffffe851fc20 00007fc6e851fbd0
0x00007fc6ec53b050:   00007fc6e851fdd0 00007fc6e851fe30
0x00007fc6ec53b060:   00000000e12663b0 00000000f6825210
0x00007fc6ec53b070:   00007fc6ec53b070 00000000d69ffdfd
0x00007fc6ec53b080:   00007fc6e8457810 00007fc6da8a7cd9
0x00007fc6ec53b090:   00000000d7d33a18 00000000d79ae010
0x00007fc6ec53b0a0:   00007fc6ec53b120 00007fc6e418e738
0x00007fc6ec53b0b0:   00007fc6ec53b110 00007fc6e4182233
0x00007fc6ec53b0c0:   00000000e12663b0 00000000e13760c0
0x00007fc6ec53b0d0:   00007fc6ec53b0d0 00000000d69ff00f
0x00007fc6ec53b0e0:   00007fc6ec53b0e0 0000000000000000
0x00007fc6ec53b0f0:   00007fc6ec53b168 00000000d79b6538
0x00007fc6ec53b100:   0000000000000000 00000000d79ae010
0x00007fc6ec53b110:   0000000000000000 00007fc6ec53b140
0x00007fc6ec53b120:   00007fc6ec53b1b0 00007fc6e4182175
0x00007fc6ec53b130:   00000000e116d530 00007fc6e418acd7
0x00007fc6ec53b140:   00007fc6e851fab0 00007fc6e427f82c
0x00007fc6ec53b150:   00007fc6d968dbb5 00000000e121f068
0x00007fc6ec53b160:   00007fc6e8457810 00000000d69fba80
0x00007fc6ec53b170:   00007fc6ec53b170 00000000d7aaae77
0x00007fc6ec53b180:   00007fc6ec53b1e8 00000000d7ab70d0
0x00007fc6ec53b190:   00000000d7ed5250 00000000d7aaaeb8
0x00007fc6ec53b1a0:   00007fc6ec53b140 00007fc6ec53b1c0
0x00007fc6ec53b1b0:   00007fc6ec53b238 00007fc6e4182175
0x00007fc6ec53b1c0:   00007fc6e851fab0 00000000f6370518
0x00007fc6ec53b1d0:   00007fc6d968dbb5 0000000000000000
0x00007fc6ec53b1e0:   00000000e1042710 00000000e1171f30
0x00007fc6ec53b1f0:   00000000f69f65a8 00007fc6ec53b1f8
0x00007fc6ec53b200:   00000000d7edec3c 00007fc6ec53b280
0x00007fc6ec53b210:   00000000d7edf098 0000000000000000
0x00007fc6ec53b220:   00000000d7edec60 00007fc6ec53b1c0 

Instructions: (pc=0x00007fc6d968ddca)
0x00007fc6d968ddaa:   12 fc ff ff 48 8d 3d 01 02 00 00 e8 06 fc ff ff
0x00007fc6d968ddba:   48 8d 3d f5 01 00 00 e8 fa fb ff ff 48 8b 45 c0
0x00007fc6d968ddca:   48 8b 40 20 48 89 45 d8 48 8b 45 c0 48 8b 40 20
0x00007fc6d968ddda:   48 8b 50 08 48 8b 45 c0 48 8b 40 20 48 8b 00 48 

Register to memory mapping:

RAX=0xffffffffe851fc20 is an unknown value
RBX=0x00000000d79ae010 is an oop
{method} 
 - klass: {other class}
RCX=0xffffffffffffffff is an unknown value
RDX=0x00007fc6ee5199f0: <offset 0x3c39f0> in /lib/x86_64-linux-gnu/libc.so.6 at 0x00007fc6ee156000
RSP=0x00007fc6ec53b030 is pointing into the stack for thread: 0x00007fc6e800a800
RBP=0x00007fc6ec53b080 is pointing into the stack for thread: 0x00007fc6e800a800
RSI=0x00007fc6e0140000 is an unknown value
RDI=0x00000000ffffffff is an unallocated location in the heap
R8 =0x6464646464646464 is an unknown value
R9 =0x0000000000000020 is an unknown value
R10=0x00007fc6ec53add0 is pointing into the stack for thread: 0x00007fc6e800a800
R11=0x0000000000000000 is an unknown value
R12=0x0000000000000000 is an unknown value
R13=0x00000000d79ae010 is an oop
{method} 
 - klass: {other class}
R14=0x00007fc6ec53b168 is pointing into the stack for thread: 0x00007fc6e800a800
R15=0x00007fc6e800a800 is a thread


Stack: [0x00007fc6ec33d000,0x00007fc6ec53e000],  sp=0x00007fc6ec53b030,  free space=2040k
Native frames: (J=compiled Java code, j=interpreted, Vv=VM code, C=native code)
C  [libintersection.so+0xdca]  find_intersections+0x215

Java frames: (J=compiled Java code, j=interpreted, Vv=VM code)
j  com.kenai.jffi.Foreign.invokeL1(JJJ)J+0
j  com.kenai.jffi.Invoker.invokeL1(Lcom/kenai/jffi/CallContext;JJ)J+7
j  org.jruby.ext.ffi.jffi.NativeInvoker$ffi$8.call(Lorg/jruby/runtime/ThreadContext;Lorg/jruby/runtime/builtin/IRubyObject;Lorg/jruby/RubyModule;Ljava/lang/String;Lorg/jruby/runtime/builtin/IRubyObject;)Lorg/jruby/runtime/builtin/IRubyObject;+76
j  org.jruby.runtime.callsite.CachingCallSite.cacheAndCall(Lorg/jruby/runtime/builtin/IRubyObject;Lorg/jruby/RubyClass;Lorg/jruby/runtime/ThreadContext;Lorg/jruby/runtime/builtin/IRubyObject;Lorg/jruby/runtime/builtin/IRubyObject;)Lorg/jruby/runtime/builtin/IRubyObject;+57
J  org.jruby.runtime.callsite.CachingCallSite.call(Lorg/jruby/runtime/ThreadContext;Lorg/jruby/runtime/builtin/IRubyObject;Lorg/jruby/runtime/builtin/IRubyObject;Lorg/jruby/runtime/builtin/IRubyObject;)Lorg/jruby/runtime/builtin/IRubyObject;
J  org.jruby.ast.CallOneArgNode.interpret(Lorg/jruby/Ruby;Lorg/jruby/runtime/ThreadContext;Lorg/jruby/runtime/builtin/IRubyObject;Lorg/jruby/runtime/Block;)Lorg/jruby/runtime/builtin/IRubyObject;
j  org.jruby.ast.LocalAsgnNode.interpret(Lorg/jruby/Ruby;Lorg/jruby/runtime/ThreadContext;Lorg/jruby/runtime/builtin/IRubyObject;Lorg/jruby/runtime/Block;)Lorg/jruby/runtime/builtin/IRubyObject;+30
J  org.jruby.ast.BlockNode.interpret(Lorg/jruby/Ruby;Lorg/jruby/runtime/ThreadContext;Lorg/jruby/runtime/builtin/IRubyObject;Lorg/jruby/runtime/Block;)Lorg/jruby/runtime/builtin/IRubyObject;
j  org.jruby.evaluator.ASTInterpreter.INTERPRET_METHOD(Lorg/jruby/Ruby;Lorg/jruby/runtime/ThreadContext;Ljava/lang/String;ILorg/jruby/RubyModule;Lorg/jruby/ast/Node;Ljava/lang/String;Lorg/jruby/runtime/builtin/IRubyObject;Lorg/jruby/runtime/Block;Z)Lorg/jruby/runtime/builtin/IRubyObject;+30
j  org.jruby.internal.runtime.methods.InterpretedMethod.call(Lorg/jruby/runtime/ThreadContext;Lorg/jruby/runtime/builtin/IRubyObject;Lorg/jruby/RubyModule;Ljava/lang/String;)Lorg/jruby/runtime/builtin/IRubyObject;+80
j  org.jruby.internal.runtime.methods.DefaultMethod.call(Lorg/jruby/runtime/ThreadContext;Lorg/jruby/runtime/builtin/IRubyObject;Lorg/jruby/RubyModule;Ljava/lang/String;)Lorg/jruby/runtime/builtin/IRubyObject;+20
J  org.jruby.ast.CallNoArgNode.interpret(Lorg/jruby/Ruby;Lorg/jruby/runtime/ThreadContext;Lorg/jruby/runtime/builtin/IRubyObject;Lorg/jruby/runtime/Block;)Lorg/jruby/runtime/builtin/IRubyObject;
j  org.jruby.ast.FCallTwoArgNode.interpret(Lorg/jruby/Ruby;Lorg/jruby/runtime/ThreadContext;Lorg/jruby/runtime/builtin/IRubyObject;Lorg/jruby/runtime/Block;)Lorg/jruby/runtime/builtin/IRubyObject;+28
J  org.jruby.ast.BlockNode.interpret(Lorg/jruby/Ruby;Lorg/jruby/runtime/ThreadContext;Lorg/jruby/runtime/builtin/IRubyObject;Lorg/jruby/runtime/Block;)Lorg/jruby/runtime/builtin/IRubyObject;
j  org.jruby.evaluator.ASTInterpreter.INTERPRET_METHOD(Lorg/jruby/Ruby;Lorg/jruby/runtime/ThreadContext;Ljava/lang/String;ILorg/jruby/RubyModule;Lorg/jruby/ast/Node;Ljava/lang/String;Lorg/jruby/runtime/builtin/IRubyObject;Lorg/jruby/runtime/Block;Z)Lorg/jruby/runtime/builtin/IRubyObject;+30
j  org.jruby.internal.runtime.methods.InterpretedMethod.call(Lorg/jruby/runtime/ThreadContext;Lorg/jruby/runtime/builtin/IRubyObject;Lorg/jruby/RubyModule;Ljava/lang/String;)Lorg/jruby/runtime/builtin/IRubyObject;+80
j  org.jruby.internal.runtime.methods.DefaultMethod.call(Lorg/jruby/runtime/ThreadContext;Lorg/jruby/runtime/builtin/IRubyObject;Lorg/jruby/RubyModule;Ljava/lang/String;)Lorg/jruby/runtime/builtin/IRubyObject;+20
j  org.jruby.runtime.callsite.CachingCallSite.cacheAndCall(Lorg/jruby/runtime/builtin/IRubyObject;Lorg/jruby/RubyClass;Lorg/jruby/runtime/ThreadContext;Lorg/jruby/runtime/builtin/IRubyObject;)Lorg/jruby/runtime/builtin/IRubyObject;+53
j  org.jruby.runtime.callsite.CachingCallSite.call(Lorg/jruby/runtime/ThreadContext;Lorg/jruby/runtime/builtin/IRubyObject;Lorg/jruby/runtime/builtin/IRubyObject;)Lorg/jruby/runtime/builtin/IRubyObject;+46
j  Makefile.method__3$RUBY$test(LMakefile;Lorg/jruby/runtime/ThreadContext;Lorg/jruby/runtime/builtin/IRubyObject;Lorg/jruby/runtime/Block;)Lorg/jruby/runtime/builtin/IRubyObject;+130
j  Makefile$method__3$RUBY$test.call(Lorg/jruby/runtime/ThreadContext;Lorg/jruby/runtime/builtin/IRubyObject;Lorg/jruby/RubyModule;Ljava/lang/String;Lorg/jruby/runtime/Block;)Lorg/jruby/runtime/builtin/IRubyObject;+17
j  org.jruby.RubyClass.finvoke(Lorg/jruby/runtime/ThreadContext;Lorg/jruby/runtime/builtin/IRubyObject;Ljava/lang/String;Lorg/jruby/runtime/Block;)Lorg/jruby/runtime/builtin/IRubyObject;+41
j  org.jruby.RubyBasicObject.send19(Lorg/jruby/runtime/ThreadContext;Lorg/jruby/runtime/builtin/IRubyObject;Lorg/jruby/runtime/Block;)Lorg/jruby/runtime/builtin/IRubyObject;+15
j  org.jruby.RubyKernel.send19(Lorg/jruby/runtime/ThreadContext;Lorg/jruby/runtime/builtin/IRubyObject;Lorg/jruby/runtime/builtin/IRubyObject;Lorg/jruby/runtime/Block;)Lorg/jruby/runtime/builtin/IRubyObject;+7
j  org.jruby.RubyKernel$INVOKER$s$send19.call(Lorg/jruby/runtime/ThreadContext;Lorg/jruby/runtime/builtin/IRubyObject;Lorg/jruby/RubyModule;Ljava/lang/String;Lorg/jruby/runtime/builtin/IRubyObject;Lorg/jruby/runtime/Block;)Lorg/jruby/runtime/builtin/IRubyObject;+6
j  org.jruby.internal.runtime.methods.JavaMethod$JavaMethodOneOrNBlock.call(Lorg/jruby/runtime/ThreadContext;Lorg/jruby/runtime/builtin/IRubyObject;Lorg/jruby/RubyModule;Ljava/lang/String;Lorg/jruby/runtime/builtin/IRubyObject;)Lorg/jruby/runtime/builtin/IRubyObject;+11
j  org.jruby.runtime.callsite.CachingCallSite.call(Lorg/jruby/runtime/ThreadContext;Lorg/jruby/runtime/builtin/IRubyObject;Lorg/jruby/runtime/builtin/IRubyObject;Lorg/jruby/runtime/builtin/IRubyObject;)Lorg/jruby/runtime/builtin/IRubyObject;+38
j  Makefile.block_7$RUBY$__file__(LMakefile;Lorg/jruby/runtime/ThreadContext;Lorg/jruby/runtime/builtin/IRubyObject;[Lorg/jruby/runtime/builtin/IRubyObject;Lorg/jruby/runtime/Block;)Lorg/jruby/runtime/builtin/IRubyObject;+46
j  Makefile$block_7$RUBY$__file__.call(Lorg/jruby/runtime/ThreadContext;Lorg/jruby/runtime/builtin/IRubyObject;[Lorg/jruby/runtime/builtin/IRubyObject;Lorg/jruby/runtime/Block;)Lorg/jruby/runtime/builtin/IRubyObject;+9
j  org.jruby.runtime.CompiledBlock19.yield(Lorg/jruby/runtime/ThreadContext;Lorg/jruby/runtime/builtin/IRubyObject;Lorg/jruby/runtime/Binding;Lorg/jruby/runtime/Block$Type;)Lorg/jruby/runtime/builtin/IRubyObject;+52
j  org.jruby.runtime.Block.yield(Lorg/jruby/runtime/ThreadContext;Lorg/jruby/runtime/builtin/IRubyObject;)Lorg/jruby/runtime/builtin/IRubyObject;+14
j  org.jruby.RubyArray.eachCommon(Lorg/jruby/runtime/ThreadContext;Lorg/jruby/runtime/Block;)Lorg/jruby/runtime/builtin/IRubyObject;+41
j  org.jruby.RubyArray.each(Lorg/jruby/runtime/ThreadContext;Lorg/jruby/runtime/Block;)Lorg/jruby/runtime/builtin/IRubyObject;+10
j  org.jruby.RubyArray$INVOKER$i$0$0$each.call(Lorg/jruby/runtime/ThreadContext;Lorg/jruby/runtime/builtin/IRubyObject;Lorg/jruby/RubyModule;Ljava/lang/String;Lorg/jruby/runtime/Block;)Lorg/jruby/runtime/builtin/IRubyObject;+7
j  org.jruby.runtime.callsite.CachingCallSite.cacheAndCall(Lorg/jruby/runtime/builtin/IRubyObject;Lorg/jruby/RubyClass;Lorg/jruby/runtime/Block;Lorg/jruby/runtime/ThreadContext;Lorg/jruby/runtime/builtin/IRubyObject;)Lorg/jruby/runtime/builtin/IRubyObject;+57
j  org.jruby.runtime.callsite.CachingCallSite.callBlock(Lorg/jruby/runtime/ThreadContext;Lorg/jruby/runtime/builtin/IRubyObject;Lorg/jruby/runtime/builtin/IRubyObject;Lorg/jruby/runtime/Block;)Lorg/jruby/runtime/builtin/IRubyObject;+50
j  org.jruby.runtime.callsite.CachingCallSite.callIter(Lorg/jruby/runtime/ThreadContext;Lorg/jruby/runtime/builtin/IRubyObject;Lorg/jruby/runtime/builtin/IRubyObject;Lorg/jruby/runtime/Block;)Lorg/jruby/runtime/builtin/IRubyObject;+6
j  Makefile.__file__(LMakefile;Lorg/jruby/runtime/ThreadContext;Lorg/jruby/runtime/builtin/IRubyObject;[Lorg/jruby/runtime/builtin/IRubyObject;Lorg/jruby/runtime/Block;)Lorg/jruby/runtime/builtin/IRubyObject;+938
j  Makefile.load(Lorg/jruby/runtime/ThreadContext;Lorg/jruby/runtime/builtin/IRubyObject;Z)Lorg/jruby/runtime/builtin/IRubyObject;+22
j  org.jruby.Ruby.runScript(Lorg/jruby/ast/executable/Script;Z)Lorg/jruby/runtime/builtin/IRubyObject;+12
j  org.jruby.Ruby.runScript(Lorg/jruby/ast/executable/Script;)Lorg/jruby/runtime/builtin/IRubyObject;+3
j  org.jruby.Ruby.runNormally(Lorg/jruby/ast/Node;)Lorg/jruby/runtime/builtin/IRubyObject;+73
j  org.jruby.Ruby.runFromMain(Ljava/io/InputStream;Ljava/lang/String;)V+320
j  org.jruby.Main.doRunFromMain(Lorg/jruby/Ruby;Ljava/io/InputStream;Ljava/lang/String;)Lorg/jruby/Main$Status;+12
j  org.jruby.Main.internalRun()Lorg/jruby/Main$Status;+234
j  org.jruby.Main.run([Ljava/lang/String;)Lorg/jruby/Main$Status;+9
j  org.jruby.Main.main([Ljava/lang/String;)V+35
v  ~StubRoutines::call_stub

---------------  P R O C E S S  ---------------

Java Threads: ( => current thread )
  0x00007fc6e84b1000 JavaThread "JRubyJIT-2" daemon [_thread_blocked, id=28776, stack(0x00007fc6da49e000,0x00007fc6da69f000)]
  0x00007fc6e83f8000 JavaThread "process reaper" daemon [_thread_blocked, id=28656, stack(0x00007fc6e0141000,0x00007fc6e017a000)]
  0x00007fc6e8489000 JavaThread "JRubyJIT-1" daemon [_thread_blocked, id=28653, stack(0x00007fc6da69f000,0x00007fc6da8a0000)]
  0x00007fc6e80ae000 JavaThread "Service Thread" daemon [_thread_blocked, id=28651, stack(0x00007fc6e04a1000,0x00007fc6e06a2000)]
  0x00007fc6e80ab800 JavaThread "C2 CompilerThread1" daemon [_thread_in_native, id=28650, stack(0x00007fc6e06a2000,0x00007fc6e07a3000)]
  0x00007fc6e80a8800 JavaThread "C2 CompilerThread0" daemon [_thread_in_native, id=28649, stack(0x00007fc6e07a3000,0x00007fc6e08a4000)]
  0x00007fc6e80a6800 JavaThread "Signal Dispatcher" daemon [_thread_blocked, id=28648, stack(0x00007fc6e08a4000,0x00007fc6e0aa5000)]
  0x00007fc6e8082800 JavaThread "Finalizer" daemon [_thread_blocked, id=28647, stack(0x00007fc6e0e9f000,0x00007fc6e10a0000)]
  0x00007fc6e8080800 JavaThread "Reference Handler" daemon [_thread_blocked, id=28646, stack(0x00007fc6e10a0000,0x00007fc6e12a1000)]
=>0x00007fc6e800a800 JavaThread "main" [_thread_in_native, id=28640, stack(0x00007fc6ec33d000,0x00007fc6ec53e000)]

Other Threads:
  0x00007fc6e807c800 VMThread [stack: 0x00007fc6e12a1000,0x00007fc6e13a2000] [id=28645]
  0x00007fc6e80c0800 WatcherThread [stack: 0x00007fc6e03a0000,0x00007fc6e04a1000] [id=28652]

VM state:not at safepoint (normal execution)

VM Mutex/Monitor currently owned by a thread: None

Heap
 PSYoungGen      total 17408K, used 13021K [0x00000000f5900000, 0x00000000f7b00000, 0x0000000100000000)
  eden space 15360K, 71% used [0x00000000f5900000,0x00000000f63ba2a0,0x00000000f6800000)
  from space 2048K, 99% used [0x00000000f6800000,0x00000000f69fd528,0x00000000f6a00000)
  to   space 2048K, 0% used [0x00000000f7900000,0x00000000f7900000,0x00000000f7b00000)
 ParOldGen       total 38400K, used 8796K [0x00000000e0c00000, 0x00000000e3180000, 0x00000000f5900000)
  object space 38400K, 22% used [0x00000000e0c00000,0x00000000e1497088,0x00000000e3180000)
 PSPermGen       total 25600K, used 25476K [0x00000000d6600000, 0x00000000d7f00000, 0x00000000e0c00000)
  object space 25600K, 99% used [0x00000000d6600000,0x00000000d7ee1088,0x00000000d7f00000)

Card table byte_map: [0x00007fc6e402e000,0x00007fc6e417c000] byte_map_base: 0x00007fc6e397b000

Polling page: 0x00007fc6ee94b000

Code Cache  [0x00007fc6e417c000, 0x00007fc6e43ec000, 0x00007fc6e717c000)
 total_blobs=954 nmethods=475 adapters=433 free_code_cache=47633Kb largest_free_block=48742976

Compilation events (10 events):
Event: 9,476 Thread 0x00007fc6e80a8800 nmethod 505 0x00007fc6e42fb290 code [0x00007fc6e42fb3e0, 0x00007fc6e42fb4f8]
Event: 9,476 Thread 0x00007fc6e80a8800  507             org.jruby.ext.ffi.jffi.JITRuntime::newPointer64 (19 bytes)
Event: 9,488 Thread 0x00007fc6e80a8800 nmethod 507 0x00007fc6e42fb650 code [0x00007fc6e42fb7c0, 0x00007fc6e42fba38]
Event: 9,488 Thread 0x00007fc6e80a8800  508             org.jruby.RubyArray::append (113 bytes)
Event: 9,511 Thread 0x00007fc6e80a8800 nmethod 508 0x00007fc6e42f9d50 code [0x00007fc6e42f9f40, 0x00007fc6e42fa560]
Event: 9,511 Thread 0x00007fc6e80a8800  509             org.jruby.RubyClass::allocate (81 bytes)
Event: 9,515 Thread 0x00007fc6e80ab800 nmethod 502 0x00007fc6e42fcd90 code [0x00007fc6e42fcee0, 0x00007fc6e42fda38]
Event: 9,515 Thread 0x00007fc6e80ab800  510             org.jruby.util.Qsort::partition (273 bytes)
Event: 9,531 Thread 0x00007fc6e80a8800 nmethod 509 0x00007fc6e42fbf90 code [0x00007fc6e42fc140, 0x00007fc6e42fc578]
Event: 9,531 Thread 0x00007fc6e80a8800  511             org.jruby.RubyFixnum::times (164 bytes)

GC Heap History (6 events):
Event: 3,262 GC heap before
{Heap before GC invocations=1 (full 0):
 PSYoungGen      total 17408K, used 15360K [0x00000000f5900000, 0x00000000f6c00000, 0x0000000100000000)
  eden space 15360K, 100% used [0x00000000f5900000,0x00000000f6800000,0x00000000f6800000)
  from space 2048K, 0% used [0x00000000f6a00000,0x00000000f6a00000,0x00000000f6c00000)
  to   space 2048K, 0% used [0x00000000f6800000,0x00000000f6800000,0x00000000f6a00000)
 ParOldGen       total 38400K, used 0K [0x00000000e0c00000, 0x00000000e3180000, 0x00000000f5900000)
  object space 38400K, 0% used [0x00000000e0c00000,0x00000000e0c00000,0x00000000e3180000)
 PSPermGen       total 21504K, used 18949K [0x00000000d6600000, 0x00000000d7b00000, 0x00000000e0c00000)
  object space 21504K, 88% used [0x00000000d6600000,0x00000000d7881770,0x00000000d7b00000)
Event: 3,292 GC heap after
Heap after GC invocations=1 (full 0):
 PSYoungGen      total 17408K, used 2037K [0x00000000f5900000, 0x00000000f6c00000, 0x0000000100000000)
  eden space 15360K, 0% used [0x00000000f5900000,0x00000000f5900000,0x00000000f6800000)
  from space 2048K, 99% used [0x00000000f6800000,0x00000000f69fd4d8,0x00000000f6a00000)
  to   space 2048K, 0% used [0x00000000f6a00000,0x00000000f6a00000,0x00000000f6c00000)
 ParOldGen       total 38400K, used 3767K [0x00000000e0c00000, 0x00000000e3180000, 0x00000000f5900000)
  object space 38400K, 9% used [0x00000000e0c00000,0x00000000e0fadfd0,0x00000000e3180000)
 PSPermGen       total 21504K, used 18949K [0x00000000d6600000, 0x00000000d7b00000, 0x00000000e0c00000)
  object space 21504K, 88% used [0x00000000d6600000,0x00000000d7881770,0x00000000d7b00000)
}
Event: 5,471 GC heap before
{Heap before GC invocations=2 (full 0):
 PSYoungGen      total 17408K, used 17397K [0x00000000f5900000, 0x00000000f6c00000, 0x0000000100000000)
  eden space 15360K, 100% used [0x00000000f5900000,0x00000000f6800000,0x00000000f6800000)
  from space 2048K, 99% used [0x00000000f6800000,0x00000000f69fd4d8,0x00000000f6a00000)
  to   space 2048K, 0% used [0x00000000f6a00000,0x00000000f6a00000,0x00000000f6c00000)
 ParOldGen       total 38400K, used 3767K [0x00000000e0c00000, 0x00000000e3180000, 0x00000000f5900000)
  object space 38400K, 9% used [0x00000000e0c00000,0x00000000e0fadfd0,0x00000000e3180000)
 PSPermGen       total 23552K, used 23438K [0x00000000d6600000, 0x00000000d7d00000, 0x00000000e0c00000)
  object space 23552K, 99% used [0x00000000d6600000,0x00000000d7ce3b58,0x00000000d7d00000)
Event: 5,514 GC heap after
Heap after GC invocations=2 (full 0):
 PSYoungGen      total 17408K, used 2037K [0x00000000f5900000, 0x00000000f7b00000, 0x0000000100000000)
  eden space 15360K, 0% used [0x00000000f5900000,0x00000000f5900000,0x00000000f6800000)
  from space 2048K, 99% used [0x00000000f6a00000,0x00000000f6bfd528,0x00000000f6c00000)
  to   space 2048K, 0% used [0x00000000f6800000,0x00000000f6800000,0x00000000f6a00000)
 ParOldGen       total 38400K, used 5887K [0x00000000e0c00000, 0x00000000e3180000, 0x00000000f5900000)
  object space 38400K, 15% used [0x00000000e0c00000,0x00000000e11bfdd8,0x00000000e3180000)
 PSPermGen       total 23552K, used 23438K [0x00000000d6600000, 0x00000000d7d00000, 0x00000000e0c00000)
  object space 23552K, 99% used [0x00000000d6600000,0x00000000d7ce3b58,0x00000000d7d00000)
}
Event: 8,202 GC heap before
{Heap before GC invocations=3 (full 0):
 PSYoungGen      total 17408K, used 17397K [0x00000000f5900000, 0x00000000f7b00000, 0x0000000100000000)
  eden space 15360K, 100% used [0x00000000f5900000,0x00000000f6800000,0x00000000f6800000)
  from space 2048K, 99% used [0x00000000f6a00000,0x00000000f6bfd528,0x00000000f6c00000)
  to   space 2048K, 0% used [0x00000000f6800000,0x00000000f6800000,0x00000000f6a00000)
 ParOldGen       total 38400K, used 5887K [0x00000000e0c00000, 0x00000000e3180000, 0x00000000f5900000)
  object space 38400K, 15% used [0x00000000e0c00000,0x00000000e11bfdd8,0x00000000e3180000)
 PSPermGen       total 25600K, used 25344K [0x00000000d6600000, 0x00000000d7f00000, 0x00000000e0c00000)
  object space 25600K, 99% used [0x00000000d6600000,0x00000000d7ec01d0,0x00000000d7f00000)
Event: 8,244 GC heap after
Heap after GC invocations=3 (full 0):
 PSYoungGen      total 17408K, used 2037K [0x00000000f5900000, 0x00000000f7b00000, 0x0000000100000000)
  eden space 15360K, 0% used [0x00000000f5900000,0x00000000f5900000,0x00000000f6800000)
  from space 2048K, 99% used [0x00000000f6800000,0x00000000f69fd528,0x00000000f6a00000)
  to   space 2048K, 0% used [0x00000000f7900000,0x00000000f7900000,0x00000000f7b00000)
 ParOldGen       total 38400K, used 8796K [0x00000000e0c00000, 0x00000000e3180000, 0x00000000f5900000)
  object space 38400K, 22% used [0x00000000e0c00000,0x00000000e1497088,0x00000000e3180000)
 PSPermGen       total 25600K, used 25344K [0x00000000d6600000, 0x00000000d7f00000, 0x00000000e0c00000)
  object space 25600K, 99% used [0x00000000d6600000,0x00000000d7ec01d0,0x00000000d7f00000)
}

Deoptimization events (10 events):
Event: 9,455 Thread 0x00007fc6e800a800 Uncommon trap: reason=array_check action=maybe_recompile pc=0x00007fc6e42f7d38 method=org.jruby.util.Qsort.swap([Ljava/lang/Object;II)V @ 9
Event: 9,456 Thread 0x00007fc6e800a800 Uncommon trap: reason=array_check action=maybe_recompile pc=0x00007fc6e42f7d38 method=org.jruby.util.Qsort.swap([Ljava/lang/Object;II)V @ 9
Event: 9,456 Thread 0x00007fc6e800a800 Uncommon trap: reason=array_check action=maybe_recompile pc=0x00007fc6e42f7d38 method=org.jruby.util.Qsort.swap([Ljava/lang/Object;II)V @ 9
Event: 9,457 Thread 0x00007fc6e800a800 Uncommon trap: reason=array_check action=maybe_recompile pc=0x00007fc6e42f7d38 method=org.jruby.util.Qsort.swap([Ljava/lang/Object;II)V @ 9
Event: 9,511 Thread 0x00007fc6e800a800 Uncommon trap: reason=class_check action=maybe_recompile pc=0x00007fc6e42250f8 method=org.jruby.RubyArray.compare(Lorg/jruby/runtime/ThreadContext;Lorg/jruby/runtime/invokedynamic/MethodNames;Lorg/jruby/runtime/builtin/IRubyObject;)Lorg/jruby/RubyBoolean;
Event: 9,516 Thread 0x00007fc6e800a800 Uncommon trap: reason=class_check action=maybe_recompile pc=0x00007fc6e4283d44 method=org.jruby.ext.ffi.StructByReference.to_native(Lorg/jruby/runtime/ThreadContext;Lorg/jruby/runtime/builtin/IRubyObject;Lorg/jruby/runtime/builtin/IRubyObject;)Lorg/jruby/
Event: 9,518 Thread 0x00007fc6e800a800 Uncommon trap: reason=class_check action=maybe_recompile pc=0x00007fc6e42ec324 method=org.jruby.runtime.ivars.VariableAccessor.get(Ljava/lang/Object;)Ljava/lang/Object; @ 1
Event: 9,518 Thread 0x00007fc6e800a800 Uncommon trap: reason=class_check action=maybe_recompile pc=0x00007fc6e42ec324 method=org.jruby.runtime.ivars.VariableAccessor.get(Ljava/lang/Object;)Ljava/lang/Object; @ 1
Event: 9,518 Thread 0x00007fc6e800a800 Uncommon trap: reason=class_check action=maybe_recompile pc=0x00007fc6e42ec324 method=org.jruby.runtime.ivars.VariableAccessor.get(Ljava/lang/Object;)Ljava/lang/Object; @ 1
Event: 9,518 Thread 0x00007fc6e800a800 Uncommon trap: reason=class_check action=maybe_recompile pc=0x00007fc6e42ec324 method=org.jruby.runtime.ivars.VariableAccessor.get(Ljava/lang/Object;)Ljava/lang/Object; @ 1

Internal exceptions (10 events):
Event: 8,309 Thread 0x00007fc6e800a800 Threw 0x00000000f5a515d0 at /build/buildd/openjdk-7-7u51-2.4.4/build/openjdk/hotspot/src/share/vm/prims/jvm.cpp:1244
Event: 8,309 Thread 0x00007fc6e800a800 Threw 0x00000000f5a52080 at /build/buildd/openjdk-7-7u51-2.4.4/build/openjdk/hotspot/src/share/vm/prims/jvm.cpp:1244
Event: 8,312 Thread 0x00007fc6e800a800 Threw 0x00000000f5a5dbf0 at /build/buildd/openjdk-7-7u51-2.4.4/build/openjdk/hotspot/src/share/vm/prims/jvm.cpp:1244
Event: 8,312 Thread 0x00007fc6e800a800 Threw 0x00000000f5a5fcb0 at /build/buildd/openjdk-7-7u51-2.4.4/build/openjdk/hotspot/src/share/vm/prims/jvm.cpp:1244
Event: 8,312 Thread 0x00007fc6e800a800 Threw 0x00000000f5a60760 at /build/buildd/openjdk-7-7u51-2.4.4/build/openjdk/hotspot/src/share/vm/prims/jvm.cpp:1244
Event: 8,313 Thread 0x00007fc6e800a800 Threw 0x00000000f5a62780 at /build/buildd/openjdk-7-7u51-2.4.4/build/openjdk/hotspot/src/share/vm/prims/jvm.cpp:1244
Event: 8,313 Thread 0x00007fc6e800a800 Threw 0x00000000f5a64840 at /build/buildd/openjdk-7-7u51-2.4.4/build/openjdk/hotspot/src/share/vm/prims/jvm.cpp:1244
Event: 8,313 Thread 0x00007fc6e800a800 Threw 0x00000000f5a652f0 at /build/buildd/openjdk-7-7u51-2.4.4/build/openjdk/hotspot/src/share/vm/prims/jvm.cpp:1244
Event: 9,529 Thread 0x00007fc6e84b1000 Threw 0x00000000f6391800 at /build/buildd/openjdk-7-7u51-2.4.4/build/openjdk/hotspot/src/share/vm/prims/jvm.cpp:1244
Event: 9,530 Thread 0x00007fc6e84b1000 Threw 0x00000000f6393218 at /build/buildd/openjdk-7-7u51-2.4.4/build/openjdk/hotspot/src/share/vm/prims/jvm.cpp:1244

Events (10 events):
Event: 9,518 Thread 0x00007fc6e800a800 DEOPT PACKING pc=0x00007fc6e42ec324 sp=0x00007fc6ec53a210
Event: 9,518 Thread 0x00007fc6e800a800 DEOPT UNPACKING pc=0x00007fc6e41b5045 sp=0x00007fc6ec53a1d8 mode 2
Event: 9,518 Thread 0x00007fc6e800a800 Uncommon trap: trap_request=0xffffffde fr.pc=0x00007fc6e42ec324
Event: 9,518 Thread 0x00007fc6e800a800 DEOPT PACKING pc=0x00007fc6e42ec324 sp=0x00007fc6ec53a2a0
Event: 9,518 Thread 0x00007fc6e800a800 DEOPT UNPACKING pc=0x00007fc6e41b5045 sp=0x00007fc6ec53a268 mode 2
Event: 9,518 Thread 0x00007fc6e800a800 Uncommon trap: trap_request=0xffffffde fr.pc=0x00007fc6e42ec324
Event: 9,518 Thread 0x00007fc6e800a800 DEOPT PACKING pc=0x00007fc6e42ec324 sp=0x00007fc6ec53a2a0
Event: 9,518 Thread 0x00007fc6e800a800 DEOPT UNPACKING pc=0x00007fc6e41b5045 sp=0x00007fc6ec53a268 mode 2
Event: 9,529 loading class 0x00007fc6a0001be0
Event: 9,529 loading class 0x00007fc6a0001be0 done


Dynamic libraries:
00400000-00401000 r-xp 00000000 08:01 15861394                           /usr/lib/jvm/java-7-openjdk-amd64/jre/bin/java
00600000-00601000 r--p 00000000 08:01 15861394                           /usr/lib/jvm/java-7-openjdk-amd64/jre/bin/java
00601000-00602000 rw-p 00001000 08:01 15861394                           /usr/lib/jvm/java-7-openjdk-amd64/jre/bin/java
02538000-02559000 rw-p 00000000 00:00 0                                  [heap]
d6600000-d7f00000 rw-p 00000000 00:00 0 
d7f00000-e0c00000 rw-p 00000000 00:00 0 
e0c00000-e3180000 rw-p 00000000 00:00 0 
e3180000-f5900000 rw-p 00000000 00:00 0 
f5900000-f7b00000 rw-p 00000000 00:00 0 
f7b00000-100000000 rw-p 00000000 00:00 0 
7fc694000000-7fc694021000 rw-p 00000000 00:00 0 
7fc694021000-7fc698000000 ---p 00000000 00:00 0 
7fc698000000-7fc698021000 rw-p 00000000 00:00 0 
7fc698021000-7fc69c000000 ---p 00000000 00:00 0 
7fc69c000000-7fc69c021000 rw-p 00000000 00:00 0 
7fc69c021000-7fc6a0000000 ---p 00000000 00:00 0 
7fc6a0000000-7fc6a0021000 rw-p 00000000 00:00 0 
7fc6a0021000-7fc6a4000000 ---p 00000000 00:00 0 
7fc6a4000000-7fc6a4021000 rw-p 00000000 00:00 0 
7fc6a4021000-7fc6a8000000 ---p 00000000 00:00 0 
7fc6a8000000-7fc6a8027000 rw-p 00000000 00:00 0 
7fc6a8027000-7fc6ac000000 ---p 00000000 00:00 0 
7fc6ac000000-7fc6acdb2000 rw-p 00000000 00:00 0 
7fc6acdb2000-7fc6b0000000 ---p 00000000 00:00 0 
7fc6b0000000-7fc6b0021000 rw-p 00000000 00:00 0 
7fc6b0021000-7fc6b4000000 ---p 00000000 00:00 0 
7fc6b4000000-7fc6b4021000 rw-p 00000000 00:00 0 
7fc6b4021000-7fc6b8000000 ---p 00000000 00:00 0 
7fc6b8000000-7fc6b8d18000 rw-p 00000000 00:00 0 
7fc6b8d18000-7fc6bc000000 ---p 00000000 00:00 0 
7fc6bc000000-7fc6bc021000 rw-p 00000000 00:00 0 
7fc6bc021000-7fc6c0000000 ---p 00000000 00:00 0 
7fc6c0000000-7fc6c0021000 rw-p 00000000 00:00 0 
7fc6c0021000-7fc6c4000000 ---p 00000000 00:00 0 
7fc6c4000000-7fc6c4021000 rw-p 00000000 00:00 0 
7fc6c4021000-7fc6c8000000 ---p 00000000 00:00 0 
7fc6c8000000-7fc6c8051000 rw-p 00000000 00:00 0 
7fc6c8051000-7fc6cc000000 ---p 00000000 00:00 0 
7fc6cc000000-7fc6cc021000 rw-p 00000000 00:00 0 
7fc6cc021000-7fc6d0000000 ---p 00000000 00:00 0 
7fc6d4000000-7fc6d4021000 rw-p 00000000 00:00 0 
7fc6d4021000-7fc6d8000000 ---p 00000000 00:00 0 
7fc6d968d000-7fc6d968f000 r-xp 00000000 08:01 13894202                   /home/alex/Documents/8vo_Semestre/Geometría Computacional/Lab/practica02p1/src/lib/libintersection.so
7fc6d968f000-7fc6d988e000 ---p 00002000 08:01 13894202                   /home/alex/Documents/8vo_Semestre/Geometría Computacional/Lab/practica02p1/src/lib/libintersection.so
7fc6d988e000-7fc6d988f000 r--p 00001000 08:01 13894202                   /home/alex/Documents/8vo_Semestre/Geometría Computacional/Lab/practica02p1/src/lib/libintersection.so
7fc6d988f000-7fc6d9890000 rw-p 00002000 08:01 13894202                   /home/alex/Documents/8vo_Semestre/Geometría Computacional/Lab/practica02p1/src/lib/libintersection.so
7fc6d9890000-7fc6d9893000 r-xp 00000000 08:01 13893852                   /home/alex/Documents/8vo_Semestre/Geometría Computacional/Lab/practica02p1/src/lib/librb_tree.so
7fc6d9893000-7fc6d9a92000 ---p 00003000 08:01 13893852                   /home/alex/Documents/8vo_Semestre/Geometría Computacional/Lab/practica02p1/src/lib/librb_tree.so
7fc6d9a92000-7fc6d9a93000 r--p 00002000 08:01 13893852                   /home/alex/Documents/8vo_Semestre/Geometría Computacional/Lab/practica02p1/src/lib/librb_tree.so
7fc6d9a93000-7fc6d9a94000 rw-p 00003000 08:01 13893852                   /home/alex/Documents/8vo_Semestre/Geometría Computacional/Lab/practica02p1/src/lib/librb_tree.so
7fc6d9a94000-7fc6d9a96000 r-xp 00000000 08:01 13893851                   /home/alex/Documents/8vo_Semestre/Geometría Computacional/Lab/practica02p1/src/lib/libdouble_linked_list.so
7fc6d9a96000-7fc6d9c95000 ---p 00002000 08:01 13893851                   /home/alex/Documents/8vo_Semestre/Geometría Computacional/Lab/practica02p1/src/lib/libdouble_linked_list.so
7fc6d9c95000-7fc6d9c96000 r--p 00001000 08:01 13893851                   /home/alex/Documents/8vo_Semestre/Geometría Computacional/Lab/practica02p1/src/lib/libdouble_linked_list.so
7fc6d9c96000-7fc6d9c97000 rw-p 00002000 08:01 13893851                   /home/alex/Documents/8vo_Semestre/Geometría Computacional/Lab/practica02p1/src/lib/libdouble_linked_list.so
7fc6d9c97000-7fc6d9c98000 r-xp 00000000 08:01 13893849                   /home/alex/Documents/8vo_Semestre/Geometría Computacional/Lab/practica02p1/src/lib/libhalf_edge.so
7fc6d9c98000-7fc6d9e98000 ---p 00001000 08:01 13893849                   /home/alex/Documents/8vo_Semestre/Geometría Computacional/Lab/practica02p1/src/lib/libhalf_edge.so
7fc6d9e98000-7fc6d9e99000 r--p 00001000 08:01 13893849                   /home/alex/Documents/8vo_Semestre/Geometría Computacional/Lab/practica02p1/src/lib/libhalf_edge.so
7fc6d9e99000-7fc6d9e9a000 rw-p 00002000 08:01 13893849                   /home/alex/Documents/8vo_Semestre/Geometría Computacional/Lab/practica02p1/src/lib/libhalf_edge.so
7fc6d9e9a000-7fc6d9e9b000 r-xp 00000000 08:01 13893835                   /home/alex/Documents/8vo_Semestre/Geometría Computacional/Lab/practica02p1/src/lib/lib2d_points.so
7fc6d9e9b000-7fc6da09a000 ---p 00001000 08:01 13893835                   /home/alex/Documents/8vo_Semestre/Geometría Computacional/Lab/practica02p1/src/lib/lib2d_points.so
7fc6da09a000-7fc6da09b000 r--p 00000000 08:01 13893835                   /home/alex/Documents/8vo_Semestre/Geometría Computacional/Lab/practica02p1/src/lib/lib2d_points.so
7fc6da09b000-7fc6da09c000 rw-p 00001000 08:01 13893835                   /home/alex/Documents/8vo_Semestre/Geometría Computacional/Lab/practica02p1/src/lib/lib2d_points.so
7fc6da09c000-7fc6da09f000 ---p 00000000 00:00 0 
7fc6da09f000-7fc6da29d000 rw-p 00000000 00:00 0 
7fc6da29d000-7fc6da2a0000 ---p 00000000 00:00 0 
7fc6da2a0000-7fc6da49e000 rw-p 00000000 00:00 0 
7fc6da49e000-7fc6da4a1000 ---p 00000000 00:00 0 
7fc6da4a1000-7fc6da69f000 rw-p 00000000 00:00 0                          [stack:28776]
7fc6da69f000-7fc6da6a2000 ---p 00000000 00:00 0 
7fc6da6a2000-7fc6da8a0000 rw-p 00000000 00:00 0                          [stack:28653]
7fc6da8a0000-7fc6da8b2000 r-xp 00000000 08:01 12059135                   /home/alex/.rbenv/versions/jruby-1.7.10/lib/jni/x86_64-Linux/libjffi-1.2.so
7fc6da8b2000-7fc6daab1000 ---p 00012000 08:01 12059135                   /home/alex/.rbenv/versions/jruby-1.7.10/lib/jni/x86_64-Linux/libjffi-1.2.so
7fc6daab1000-7fc6daab2000 rw-p 00011000 08:01 12059135                   /home/alex/.rbenv/versions/jruby-1.7.10/lib/jni/x86_64-Linux/libjffi-1.2.so
7fc6daab2000-7fc6daac2000 r-xp 00000000 08:01 15861288                   /usr/lib/jvm/java-7-openjdk-amd64/jre/lib/amd64/libnio.so
7fc6daac2000-7fc6dacc2000 ---p 00010000 08:01 15861288                   /usr/lib/jvm/java-7-openjdk-amd64/jre/lib/amd64/libnio.so
7fc6dacc2000-7fc6dacc3000 r--p 00010000 08:01 15861288                   /usr/lib/jvm/java-7-openjdk-amd64/jre/lib/amd64/libnio.so
7fc6dacc3000-7fc6dacc4000 rw-p 00011000 08:01 15861288                   /usr/lib/jvm/java-7-openjdk-amd64/jre/lib/amd64/libnio.so
7fc6dacc4000-7fc6dad01000 r-xp 00000000 08:01 8130434                    /lib/x86_64-linux-gnu/libpcre.so.3.13.1
7fc6dad01000-7fc6daf01000 ---p 0003d000 08:01 8130434                    /lib/x86_64-linux-gnu/libpcre.so.3.13.1
7fc6daf01000-7fc6daf02000 r--p 0003d000 08:01 8130434                    /lib/x86_64-linux-gnu/libpcre.so.3.13.1
7fc6daf02000-7fc6daf03000 rw-p 0003e000 08:01 8130434                    /lib/x86_64-linux-gnu/libpcre.so.3.13.1
7fc6daf03000-7fc6daf0a000 r-xp 00000000 08:01 15735894                   /usr/lib/x86_64-linux-gnu/libffi.so.6.0.1
7fc6daf0a000-7fc6db109000 ---p 00007000 08:01 15735894                   /usr/lib/x86_64-linux-gnu/libffi.so.6.0.1
7fc6db109000-7fc6db10a000 r--p 00006000 08:01 15735894                   /usr/lib/x86_64-linux-gnu/libffi.so.6.0.1
7fc6db10a000-7fc6db10b000 rw-p 00007000 08:01 15735894                   /usr/lib/x86_64-linux-gnu/libffi.so.6.0.1
7fc6db10b000-7fc6db121000 r-xp 00000000 08:01 8130457                    /lib/x86_64-linux-gnu/libresolv-2.17.so
7fc6db121000-7fc6db321000 ---p 00016000 08:01 8130457                    /lib/x86_64-linux-gnu/libresolv-2.17.so
7fc6db321000-7fc6db322000 r--p 00016000 08:01 8130457                    /lib/x86_64-linux-gnu/libresolv-2.17.so
7fc6db322000-7fc6db323000 rw-p 00017000 08:01 8130457                    /lib/x86_64-linux-gnu/libresolv-2.17.so
7fc6db323000-7fc6db325000 rw-p 00000000 00:00 0 
7fc6db325000-7fc6db344000 r-xp 00000000 08:01 8130461                    /lib/x86_64-linux-gnu/libselinux.so.1
7fc6db344000-7fc6db544000 ---p 0001f000 08:01 8130461                    /lib/x86_64-linux-gnu/libselinux.so.1
7fc6db544000-7fc6db545000 r--p 0001f000 08:01 8130461                    /lib/x86_64-linux-gnu/libselinux.so.1
7fc6db545000-7fc6db546000 rw-p 00020000 08:01 8130461                    /lib/x86_64-linux-gnu/libselinux.so.1
7fc6db546000-7fc6db547000 rw-p 00000000 00:00 0 
7fc6db547000-7fc6db54a000 r-xp 00000000 08:01 15729078                   /usr/lib/x86_64-linux-gnu/libgmodule-2.0.so.0.3800.1
7fc6db54a000-7fc6db749000 ---p 00003000 08:01 15729078                   /usr/lib/x86_64-linux-gnu/libgmodule-2.0.so.0.3800.1
7fc6db749000-7fc6db74a000 r--p 00002000 08:01 15729078                   /usr/lib/x86_64-linux-gnu/libgmodule-2.0.so.0.3800.1
7fc6db74a000-7fc6db74b000 rw-p 00003000 08:01 15729078                   /usr/lib/x86_64-linux-gnu/libgmodule-2.0.so.0.3800.1
7fc6db74b000-7fc6db849000 r-xp 00000000 08:01 8130449                    /lib/x86_64-linux-gnu/libglib-2.0.so.0.3800.1
7fc6db849000-7fc6dba49000 ---p 000fe000 08:01 8130449                    /lib/x86_64-linux-gnu/libglib-2.0.so.0.3800.1
7fc6dba49000-7fc6dba4a000 r--p 000fe000 08:01 8130449                    /lib/x86_64-linux-gnu/libglib-2.0.so.0.3800.1
7fc6dba4a000-7fc6dba4b000 rw-p 000ff000 08:01 8130449                    /lib/x86_64-linux-gnu/libglib-2.0.so.0.3800.1
7fc6dba4b000-7fc6dba4c000 rw-p 00000000 00:00 0 
7fc6dba4c000-7fc6dba9b000 r-xp 00000000 08:01 15729069                   /usr/lib/x86_64-linux-gnu/libgobject-2.0.so.0.3800.1
7fc6dba9b000-7fc6dbc9b000 ---p 0004f000 08:01 15729069                   /usr/lib/x86_64-linux-gnu/libgobject-2.0.so.0.3800.1
7fc6dbc9b000-7fc6dbc9c000 r--p 0004f000 08:01 15729069                   /usr/lib/x86_64-linux-gnu/libgobject-2.0.so.0.3800.1
7fc6dbc9c000-7fc6dbc9d000 rw-p 00050000 08:01 15729069                   /usr/lib/x86_64-linux-gnu/libgobject-2.0.so.0.3800.1
7fc6dbc9d000-7fc6dbdf9000 r-xp 00000000 08:01 15729043                   /usr/lib/x86_64-linux-gnu/libgio-2.0.so.0.3800.1
7fc6dbdf9000-7fc6dbff8000 ---p 0015c000 08:01 15729043                   /usr/lib/x86_64-linux-gnu/libgio-2.0.so.0.3800.1
7fc6dbff8000-7fc6dbffc000 r--p 0015b000 08:01 15729043                   /usr/lib/x86_64-linux-gnu/libgio-2.0.so.0.3800.1
7fc6dbffc000-7fc6dbffe000 rw-p 0015f000 08:01 15729043                   /usr/lib/x86_64-linux-gnu/libgio-2.0.so.0.3800.1
7fc6dbffe000-7fc6dc000000 rw-p 00000000 00:00 0 
7fc6dc000000-7fc6dc021000 rw-p 00000000 00:00 0 
7fc6dc021000-7fc6e0000000 ---p 00000000 00:00 0 
7fc6e0140000-7fc6e0141000 rw-p 00000000 00:00 0 
7fc6e0141000-7fc6e0144000 ---p 00000000 00:00 0 
7fc6e0144000-7fc6e017a000 rw-p 00000000 00:00 0                          [stack:28656]
7fc6e017a000-7fc6e017b000 r-xp 00000000 00:00 0 
7fc6e017b000-7fc6e0182000 r--s 00000000 08:01 16127910                   /usr/lib/x86_64-linux-gnu/gconv/gconv-modules.cache
7fc6e0182000-7fc6e0185000 r--s 00032000 08:01 15861310                   /usr/lib/jvm/java-7-openjdk-amd64/jre/lib/ext/sunjce_provider.jar
7fc6e0185000-7fc6e0189000 r--s 00085000 08:01 15861304                   /usr/lib/jvm/java-7-openjdk-amd64/jre/lib/ext/localedata.jar
7fc6e0189000-7fc6e019f000 r-xp 00000000 08:01 15861076                   /usr/lib/jvm/java-7-openjdk-amd64/jre/lib/amd64/libnet.so
7fc6e019f000-7fc6e039e000 ---p 00016000 08:01 15861076                   /usr/lib/jvm/java-7-openjdk-amd64/jre/lib/amd64/libnet.so
7fc6e039e000-7fc6e039f000 r--p 00015000 08:01 15861076                   /usr/lib/jvm/java-7-openjdk-amd64/jre/lib/amd64/libnet.so
7fc6e039f000-7fc6e03a0000 rw-p 00016000 08:01 15861076                   /usr/lib/jvm/java-7-openjdk-amd64/jre/lib/amd64/libnet.so
7fc6e03a0000-7fc6e03a1000 ---p 00000000 00:00 0 
7fc6e03a1000-7fc6e04a1000 rw-p 00000000 00:00 0                          [stack:28652]
7fc6e04a1000-7fc6e04a4000 ---p 00000000 00:00 0 
7fc6e04a4000-7fc6e06a2000 rw-p 00000000 00:00 0                          [stack:28651]
7fc6e06a2000-7fc6e06a5000 ---p 00000000 00:00 0 
7fc6e06a5000-7fc6e07a3000 rw-p 00000000 00:00 0                          [stack:28650]
7fc6e07a3000-7fc6e07a6000 ---p 00000000 00:00 0 
7fc6e07a6000-7fc6e08a4000 rw-p 00000000 00:00 0                          [stack:28649]
7fc6e08a4000-7fc6e08a7000 ---p 00000000 00:00 0 
7fc6e08a7000-7fc6e0aa5000 rw-p 00000000 00:00 0                          [stack:28648]
7fc6e0aa5000-7fc6e0e9f000 r--p 00000000 08:01 15734328                   /usr/lib/locale/locale-archive
7fc6e0e9f000-7fc6e0ea2000 ---p 00000000 00:00 0 
7fc6e0ea2000-7fc6e10a0000 rw-p 00000000 00:00 0                          [stack:28647]
7fc6e10a0000-7fc6e10a3000 ---p 00000000 00:00 0 
7fc6e10a3000-7fc6e12a1000 rw-p 00000000 00:00 0                          [stack:28646]
7fc6e12a1000-7fc6e12a2000 ---p 00000000 00:00 0 
7fc6e12a2000-7fc6e235e000 rw-p 00000000 00:00 0                          [stack:28645]
7fc6e235e000-7fc6e2447000 r--s 00bb9000 08:01 12059138                   /home/alex/.rbenv/versions/jruby-1.7.10/lib/jruby.jar
7fc6e2447000-7fc6e248f000 rw-p 00000000 00:00 0 
7fc6e248f000-7fc6e263d000 r--s 01cf4000 08:01 15861374                   /usr/lib/jvm/java-7-openjdk-amd64/jre/lib/rt.jar
7fc6e263d000-7fc6e3d2b000 rw-p 00000000 00:00 0 
7fc6e3d2b000-7fc6e3d2c000 ---p 00000000 00:00 0 
7fc6e3d2c000-7fc6e3e2c000 rw-p 00000000 00:00 0                          [stack:28644]
7fc6e3e2c000-7fc6e3e2d000 ---p 00000000 00:00 0 
7fc6e3e2d000-7fc6e3f2d000 rw-p 00000000 00:00 0                          [stack:28643]
7fc6e3f2d000-7fc6e3f2e000 ---p 00000000 00:00 0 
7fc6e3f2e000-7fc6e403b000 rw-p 00000000 00:00 0                          [stack:28642]
7fc6e403b000-7fc6e4081000 rw-p 00000000 00:00 0 
7fc6e4081000-7fc6e4094000 rw-p 00000000 00:00 0 
7fc6e4094000-7fc6e4127000 rw-p 00000000 00:00 0 
7fc6e4127000-7fc6e4139000 rw-p 00000000 00:00 0 
7fc6e4139000-7fc6e417b000 rw-p 00000000 00:00 0 
7fc6e417b000-7fc6e417c000 rw-p 00000000 00:00 0 
7fc6e417c000-7fc6e43ec000 rwxp 00000000 00:00 0 
7fc6e43ec000-7fc6e717c000 rw-p 00000000 00:00 0 
7fc6e717c000-7fc6e7184000 r-xp 00000000 08:01 15861025                   /usr/lib/jvm/java-7-openjdk-amd64/jre/lib/amd64/libzip.so
7fc6e7184000-7fc6e7383000 ---p 00008000 08:01 15861025                   /usr/lib/jvm/java-7-openjdk-amd64/jre/lib/amd64/libzip.so
7fc6e7383000-7fc6e7384000 r--p 00007000 08:01 15861025                   /usr/lib/jvm/java-7-openjdk-amd64/jre/lib/amd64/libzip.so
7fc6e7384000-7fc6e7385000 rw-p 00008000 08:01 15861025                   /usr/lib/jvm/java-7-openjdk-amd64/jre/lib/amd64/libzip.so
7fc6e7385000-7fc6e7391000 r-xp 00000000 08:01 8130412                    /lib/x86_64-linux-gnu/libnss_files-2.17.so
7fc6e7391000-7fc6e7590000 ---p 0000c000 08:01 8130412                    /lib/x86_64-linux-gnu/libnss_files-2.17.so
7fc6e7590000-7fc6e7591000 r--p 0000b000 08:01 8130412                    /lib/x86_64-linux-gnu/libnss_files-2.17.so
7fc6e7591000-7fc6e7592000 rw-p 0000c000 08:01 8130412                    /lib/x86_64-linux-gnu/libnss_files-2.17.so
7fc6e7592000-7fc6e759d000 r-xp 00000000 08:01 8130416                    /lib/x86_64-linux-gnu/libnss_nis-2.17.so
7fc6e759d000-7fc6e779c000 ---p 0000b000 08:01 8130416                    /lib/x86_64-linux-gnu/libnss_nis-2.17.so
7fc6e779c000-7fc6e779d000 r--p 0000a000 08:01 8130416                    /lib/x86_64-linux-gnu/libnss_nis-2.17.so
7fc6e779d000-7fc6e779e000 rw-p 0000b000 08:01 8130416                    /lib/x86_64-linux-gnu/libnss_nis-2.17.so
7fc6e779e000-7fc6e77b5000 r-xp 00000000 08:01 8130406                    /lib/x86_64-linux-gnu/libnsl-2.17.so
7fc6e77b5000-7fc6e79b4000 ---p 00017000 08:01 8130406                    /lib/x86_64-linux-gnu/libnsl-2.17.so
7fc6e79b4000-7fc6e79b5000 r--p 00016000 08:01 8130406                    /lib/x86_64-linux-gnu/libnsl-2.17.so
7fc6e79b5000-7fc6e79b6000 rw-p 00017000 08:01 8130406                    /lib/x86_64-linux-gnu/libnsl-2.17.so
7fc6e79b6000-7fc6e79b8000 rw-p 00000000 00:00 0 
7fc6e79b8000-7fc6e79c0000 r-xp 00000000 08:01 8130408                    /lib/x86_64-linux-gnu/libnss_compat-2.17.so
7fc6e79c0000-7fc6e7bbf000 ---p 00008000 08:01 8130408                    /lib/x86_64-linux-gnu/libnss_compat-2.17.so
7fc6e7bbf000-7fc6e7bc0000 r--p 00007000 08:01 8130408                    /lib/x86_64-linux-gnu/libnss_compat-2.17.so
7fc6e7bc0000-7fc6e7bc1000 rw-p 00008000 08:01 8130408                    /lib/x86_64-linux-gnu/libnss_compat-2.17.so
7fc6e7bc1000-7fc6e7bec000 r-xp 00000000 08:01 15860951                   /usr/lib/jvm/java-7-openjdk-amd64/jre/lib/amd64/libjava.so
7fc6e7bec000-7fc6e7deb000 ---p 0002b000 08:01 15860951                   /usr/lib/jvm/java-7-openjdk-amd64/jre/lib/amd64/libjava.so
7fc6e7deb000-7fc6e7dec000 r--p 0002a000 08:01 15860951                   /usr/lib/jvm/java-7-openjdk-amd64/jre/lib/amd64/libjava.so
7fc6e7dec000-7fc6e7dee000 rw-p 0002b000 08:01 15860951                   /usr/lib/jvm/java-7-openjdk-amd64/jre/lib/amd64/libjava.so
7fc6e7dee000-7fc6e7dfe000 r-xp 00000000 08:01 15861265                   /usr/lib/jvm/java-7-openjdk-amd64/jre/lib/amd64/libverify.so
7fc6e7dfe000-7fc6e7ffd000 ---p 00010000 08:01 15861265                   /usr/lib/jvm/java-7-openjdk-amd64/jre/lib/amd64/libverify.so
7fc6e7ffd000-7fc6e7fff000 r--p 0000f000 08:01 15861265                   /usr/lib/jvm/java-7-openjdk-amd64/jre/lib/amd64/libverify.so
7fc6e7fff000-7fc6e8000000 rw-p 00011000 08:01 15861265                   /usr/lib/jvm/java-7-openjdk-amd64/jre/lib/amd64/libverify.so
7fc6e8000000-7fc6e8541000 rw-p 00000000 00:00 0 
7fc6e8541000-7fc6ec000000 ---p 00000000 00:00 0 
7fc6ec000000-7fc6ec002000 r--s 00012000 08:01 15861308                   /usr/lib/jvm/java-7-openjdk-amd64/jre/lib/ext/zipfs.jar
7fc6ec002000-7fc6ec004000 r--s 00006000 08:01 16256853                   /usr/share/java/java-atk-wrapper.jar
7fc6ec004000-7fc6ec005000 r--s 00002000 08:01 15861314                   /usr/lib/jvm/java-7-openjdk-amd64/jre/lib/ext/dnsns.jar
7fc6ec005000-7fc6ec008000 r--s 0000f000 08:01 15861306                   /usr/lib/jvm/java-7-openjdk-amd64/jre/lib/ext/pulse-java.jar
7fc6ec008000-7fc6ec00c000 r--s 0003b000 08:01 15861316                   /usr/lib/jvm/java-7-openjdk-amd64/jre/lib/ext/sunpkcs11.jar
7fc6ec00c000-7fc6ec034000 rw-p 00000000 00:00 0 
7fc6ec034000-7fc6ec035000 ---p 00000000 00:00 0 
7fc6ec035000-7fc6ec135000 rw-p 00000000 00:00 0                          [stack:28641]
7fc6ec135000-7fc6ec13c000 r-xp 00000000 08:01 8130459                    /lib/x86_64-linux-gnu/librt-2.17.so
7fc6ec13c000-7fc6ec33b000 ---p 00007000 08:01 8130459                    /lib/x86_64-linux-gnu/librt-2.17.so
7fc6ec33b000-7fc6ec33c000 r--p 00006000 08:01 8130459                    /lib/x86_64-linux-gnu/librt-2.17.so
7fc6ec33c000-7fc6ec33d000 rw-p 00007000 08:01 8130459                    /lib/x86_64-linux-gnu/librt-2.17.so
7fc6ec33d000-7fc6ec340000 ---p 00000000 00:00 0 
7fc6ec340000-7fc6ec53e000 rw-p 00000000 00:00 0                          [stack:28640]
7fc6ec53e000-7fc6ec553000 r-xp 00000000 08:01 8126477                    /lib/x86_64-linux-gnu/libgcc_s.so.1
7fc6ec553000-7fc6ec752000 ---p 00015000 08:01 8126477                    /lib/x86_64-linux-gnu/libgcc_s.so.1
7fc6ec752000-7fc6ec753000 r--p 00014000 08:01 8126477                    /lib/x86_64-linux-gnu/libgcc_s.so.1
7fc6ec753000-7fc6ec754000 rw-p 00015000 08:01 8126477                    /lib/x86_64-linux-gnu/libgcc_s.so.1
7fc6ec754000-7fc6ec857000 r-xp 00000000 08:01 8130387                    /lib/x86_64-linux-gnu/libm-2.17.so
7fc6ec857000-7fc6eca56000 ---p 00103000 08:01 8130387                    /lib/x86_64-linux-gnu/libm-2.17.so
7fc6eca56000-7fc6eca57000 r--p 00102000 08:01 8130387                    /lib/x86_64-linux-gnu/libm-2.17.so
7fc6eca57000-7fc6eca58000 rw-p 00103000 08:01 8130387                    /lib/x86_64-linux-gnu/libm-2.17.so
7fc6eca58000-7fc6ecb3e000 r-xp 00000000 08:01 15729831                   /usr/lib/x86_64-linux-gnu/libstdc++.so.6.0.18
7fc6ecb3e000-7fc6ecd3d000 ---p 000e6000 08:01 15729831                   /usr/lib/x86_64-linux-gnu/libstdc++.so.6.0.18
7fc6ecd3d000-7fc6ecd45000 r--p 000e5000 08:01 15729831                   /usr/lib/x86_64-linux-gnu/libstdc++.so.6.0.18
7fc6ecd45000-7fc6ecd47000 rw-p 000ed000 08:01 15729831                   /usr/lib/x86_64-linux-gnu/libstdc++.so.6.0.18
7fc6ecd47000-7fc6ecd5c000 rw-p 00000000 00:00 0 
7fc6ecd5c000-7fc6ed83b000 r-xp 00000000 08:01 15861284                   /usr/lib/jvm/java-7-openjdk-amd64/jre/lib/amd64/server/libjvm.so
7fc6ed83b000-7fc6eda3a000 ---p 00adf000 08:01 15861284                   /usr/lib/jvm/java-7-openjdk-amd64/jre/lib/amd64/server/libjvm.so
7fc6eda3a000-7fc6edacc000 r--p 00ade000 08:01 15861284                   /usr/lib/jvm/java-7-openjdk-amd64/jre/lib/amd64/server/libjvm.so
7fc6edacc000-7fc6edaef000 rw-p 00b70000 08:01 15861284                   /usr/lib/jvm/java-7-openjdk-amd64/jre/lib/amd64/server/libjvm.so
7fc6edaef000-7fc6edb1c000 rw-p 00000000 00:00 0 
7fc6edb1c000-7fc6edb34000 r-xp 00000000 08:01 8130494                    /lib/x86_64-linux-gnu/libz.so.1.2.8
7fc6edb34000-7fc6edd33000 ---p 00018000 08:01 8130494                    /lib/x86_64-linux-gnu/libz.so.1.2.8
7fc6edd33000-7fc6edd34000 r--p 00017000 08:01 8130494                    /lib/x86_64-linux-gnu/libz.so.1.2.8
7fc6edd34000-7fc6edd35000 rw-p 00018000 08:01 8130494                    /lib/x86_64-linux-gnu/libz.so.1.2.8
7fc6edd35000-7fc6edd4c000 r-xp 00000000 08:01 8130451                    /lib/x86_64-linux-gnu/libpthread-2.17.so
7fc6edd4c000-7fc6edf4c000 ---p 00017000 08:01 8130451                    /lib/x86_64-linux-gnu/libpthread-2.17.so
7fc6edf4c000-7fc6edf4d000 r--p 00017000 08:01 8130451                    /lib/x86_64-linux-gnu/libpthread-2.17.so
7fc6edf4d000-7fc6edf4e000 rw-p 00018000 08:01 8130451                    /lib/x86_64-linux-gnu/libpthread-2.17.so
7fc6edf4e000-7fc6edf52000 rw-p 00000000 00:00 0 
7fc6edf52000-7fc6edf55000 r-xp 00000000 08:01 8130351                    /lib/x86_64-linux-gnu/libdl-2.17.so
7fc6edf55000-7fc6ee154000 ---p 00003000 08:01 8130351                    /lib/x86_64-linux-gnu/libdl-2.17.so
7fc6ee154000-7fc6ee155000 r--p 00002000 08:01 8130351                    /lib/x86_64-linux-gnu/libdl-2.17.so
7fc6ee155000-7fc6ee156000 rw-p 00003000 08:01 8130351                    /lib/x86_64-linux-gnu/libdl-2.17.so
7fc6ee156000-7fc6ee313000 r-xp 00000000 08:01 8130336                    /lib/x86_64-linux-gnu/libc-2.17.so
7fc6ee313000-7fc6ee513000 ---p 001bd000 08:01 8130336                    /lib/x86_64-linux-gnu/libc-2.17.so
7fc6ee513000-7fc6ee517000 r--p 001bd000 08:01 8130336                    /lib/x86_64-linux-gnu/libc-2.17.so
7fc6ee517000-7fc6ee519000 rw-p 001c1000 08:01 8130336                    /lib/x86_64-linux-gnu/libc-2.17.so
7fc6ee519000-7fc6ee51e000 rw-p 00000000 00:00 0 
7fc6ee51e000-7fc6ee52b000 r-xp 00000000 08:01 15861291                   /usr/lib/jvm/java-7-openjdk-amd64/jre/lib/amd64/jli/libjli.so
7fc6ee52b000-7fc6ee72a000 ---p 0000d000 08:01 15861291                   /usr/lib/jvm/java-7-openjdk-amd64/jre/lib/amd64/jli/libjli.so
7fc6ee72a000-7fc6ee72b000 r--p 0000c000 08:01 15861291                   /usr/lib/jvm/java-7-openjdk-amd64/jre/lib/amd64/jli/libjli.so
7fc6ee72b000-7fc6ee72c000 rw-p 0000d000 08:01 15861291                   /usr/lib/jvm/java-7-openjdk-amd64/jre/lib/amd64/jli/libjli.so
7fc6ee72c000-7fc6ee74f000 r-xp 00000000 08:01 8130312                    /lib/x86_64-linux-gnu/ld-2.17.so
7fc6ee74f000-7fc6ee754000 r--s 0004c000 08:01 15861296                   /usr/lib/jvm/java-7-openjdk-amd64/jre/lib/jsse.jar
7fc6ee754000-7fc6ee782000 rw-p 00000000 00:00 0 
7fc6ee782000-7fc6ee7c8000 rw-p 00000000 00:00 0 
7fc6ee7c8000-7fc6ee7db000 rw-p 00000000 00:00 0 
7fc6ee7db000-7fc6ee86f000 rw-p 00000000 00:00 0 
7fc6ee86f000-7fc6ee879000 rw-p 00000000 00:00 0 
7fc6ee879000-7fc6ee92f000 rw-p 00000000 00:00 0 
7fc6ee92f000-7fc6ee942000 rw-p 00000000 00:00 0 
7fc6ee942000-7fc6ee94a000 rw-s 00000000 08:01 5767366                    /tmp/hsperfdata_alex/28615
7fc6ee94a000-7fc6ee94b000 rw-p 00000000 00:00 0 
7fc6ee94b000-7fc6ee94c000 r--p 00000000 00:00 0 
7fc6ee94c000-7fc6ee94e000 rw-p 00000000 00:00 0 
7fc6ee94e000-7fc6ee94f000 r--p 00022000 08:01 8130312                    /lib/x86_64-linux-gnu/ld-2.17.so
7fc6ee94f000-7fc6ee951000 rw-p 00023000 08:01 8130312                    /lib/x86_64-linux-gnu/ld-2.17.so
7fffa08b6000-7fffa08d7000 rw-p 00000000 00:00 0                          [stack]
7fffa09fe000-7fffa0a00000 r-xp 00000000 00:00 0                          [vdso]
ffffffffff600000-ffffffffff601000 r-xp 00000000 00:00 0                  [vsyscall]

VM Arguments:
jvm_args: -Djdk.home= -Djruby.home=/home/alex/.rbenv/versions/jruby-1.7.10 -Djruby.script=jruby -Djruby.shell=/bin/sh -Djffi.boot.library.path=/home/alex/.rbenv/versions/jruby-1.7.10/lib/jni:/home/alex/.rbenv/versions/jruby-1.7.10/lib/jni/i386-Linux:/home/alex/.rbenv/versions/jruby-1.7.10/lib/jni/arm-Linux:/home/alex/.rbenv/versions/jruby-1.7.10/lib/jni/x86_64-Linux -Xmx500m -Xss2048k -Xbootclasspath/a:/home/alex/.rbenv/versions/jruby-1.7.10/lib/jruby.jar 
java_command: org/jruby/Main Makefile.rb clean compile test clean
Launcher Type: SUN_STANDARD

Environment Variables:
PATH=/home/alex/.rbenv/versions/jruby-1.7.10/bin:/home/alex/.rbenv/libexec:/home/alex/.rbenv/plugins/ruby-build/bin:/home/alex/.rbenv/shims:~/.rbenv/bin:~/.rbenv/bin:/usr/local/sbin:/usr/local/bin:/usr/sbin:/usr/bin:/sbin:/bin:/usr/games:/usr/local/games
USERNAME=alex
SHELL=/bin/bash
DISPLAY=:0

Signal Handlers:
SIGSEGV: [libjvm.so+0x916ea0], sa_mask[0]=0x7ffbfeff, sa_flags=0x10000004
SIGBUS: [libjvm.so+0x916ea0], sa_mask[0]=0x7ffbfeff, sa_flags=0x10000004
SIGFPE: [libjvm.so+0x794800], sa_mask[0]=0x7ffbfeff, sa_flags=0x10000004
SIGPIPE: [libjvm.so+0x794800], sa_mask[0]=0x7ffbfeff, sa_flags=0x10000004
SIGXFSZ: [libjvm.so+0x794800], sa_mask[0]=0x7ffbfeff, sa_flags=0x10000004
SIGILL: [libjvm.so+0x794800], sa_mask[0]=0x7ffbfeff, sa_flags=0x10000004
SIGUSR1: SIG_DFL, sa_mask[0]=0x00000000, sa_flags=0x00000000
SIGUSR2: [libjvm.so+0x7946a0], sa_mask[0]=0x00000000, sa_flags=0x10000004
SIGHUP: [libjvm.so+0x794880], sa_mask[0]=0x7ffbfeff, sa_flags=0x10000004
SIGINT: [libjvm.so+0x794880], sa_mask[0]=0x7ffbfeff, sa_flags=0x10000004
SIGTERM: [libjvm.so+0x794880], sa_mask[0]=0x7ffbfeff, sa_flags=0x10000004
SIGQUIT: [libjvm.so+0x794880], sa_mask[0]=0x7ffbfeff, sa_flags=0x10000004


---------------  S Y S T E M  ---------------

OS:LinuxMint 16 (petra)
uname:Linux 3.11.0-12-generic #19-Ubuntu SMP Wed Oct 9 16:20:46 UTC 2013 x86_64
libc:glibc 2.17 NPTL 2.17 
rlimit: STACK 8192k, CORE 0k, NPROC 28798, NOFILE 4096, AS infinity
load average:0,96 0,78 0,66

/proc/meminfo:
MemTotal:        3715476 kB
MemFree:         1183112 kB
Buffers:          102516 kB
Cached:          1260752 kB
SwapCached:           28 kB
Active:          1468792 kB
Inactive:         868100 kB
Active(anon):     864700 kB
Inactive(anon):   346520 kB
Active(file):     604092 kB
Inactive(file):   521580 kB
Unevictable:          44 kB
Mlocked:              44 kB
SwapTotal:       3856380 kB
SwapFree:        3855740 kB
Dirty:               268 kB
Writeback:             0 kB
AnonPages:        973688 kB
Mapped:           195144 kB
Shmem:            237592 kB
Slab:             115612 kB
SReclaimable:      87088 kB
SUnreclaim:        28524 kB
KernelStack:        3872 kB
PageTables:        28860 kB
NFS_Unstable:          0 kB
Bounce:                0 kB
WritebackTmp:          0 kB
CommitLimit:     5714116 kB
Committed_AS:    3752552 kB
VmallocTotal:   34359738367 kB
VmallocUsed:      414940 kB
VmallocChunk:   34359311484 kB
HardwareCorrupted:     0 kB
AnonHugePages:         0 kB
HugePages_Total:       0
HugePages_Free:        0
HugePages_Rsvd:        0
HugePages_Surp:        0
Hugepagesize:       2048 kB
DirectMap4k:       56528 kB
DirectMap2M:     3801088 kB


CPU:total 4 (2 cores per cpu, 2 threads per core) family 6 model 37 stepping 5, cmov, cx8, fxsr, mmx, sse, sse2, sse3, ssse3, sse4.1, sse4.2, popcnt, ht, tsc, tscinvbit

/proc/cpuinfo:
processor	: 0
vendor_id	: GenuineIntel
cpu family	: 6
model		: 37
model name	: Intel(R) Core(TM) i3 CPU       M 380  @ 2.53GHz
stepping	: 5
microcode	: 0x2
cpu MHz		: 933.000
cache size	: 3072 KB
physical id	: 0
siblings	: 4
core id		: 0
cpu cores	: 2
apicid		: 0
initial apicid	: 0
fpu		: yes
fpu_exception	: yes
cpuid level	: 11
wp		: yes
flags		: fpu vme de pse tsc msr pae mce cx8 apic sep mtrr pge mca cmov pat pse36 clflush dts acpi mmx fxsr sse sse2 ss ht tm pbe syscall nx rdtscp lm constant_tsc arch_perfmon pebs bts rep_good nopl xtopology nonstop_tsc aperfmperf pni dtes64 monitor ds_cpl vmx est tm2 ssse3 cx16 xtpr pdcm pcid sse4_1 sse4_2 popcnt lahf_lm arat dtherm tpr_shadow vnmi flexpriority ept vpid
bogomips	: 5054.41
clflush size	: 64
cache_alignment	: 64
address sizes	: 36 bits physical, 48 bits virtual
power management:

processor	: 1
vendor_id	: GenuineIntel
cpu family	: 6
model		: 37
model name	: Intel(R) Core(TM) i3 CPU       M 380  @ 2.53GHz
stepping	: 5
microcode	: 0x2
cpu MHz		: 933.000
cache size	: 3072 KB
physical id	: 0
siblings	: 4
core id		: 0
cpu cores	: 2
apicid		: 1
initial apicid	: 1
fpu		: yes
fpu_exception	: yes
cpuid level	: 11
wp		: yes
flags		: fpu vme de pse tsc msr pae mce cx8 apic sep mtrr pge mca cmov pat pse36 clflush dts acpi mmx fxsr sse sse2 ss ht tm pbe syscall nx rdtscp lm constant_tsc arch_perfmon pebs bts rep_good nopl xtopology nonstop_tsc aperfmperf pni dtes64 monitor ds_cpl vmx est tm2 ssse3 cx16 xtpr pdcm pcid sse4_1 sse4_2 popcnt lahf_lm arat dtherm tpr_shadow vnmi flexpriority ept vpid
bogomips	: 5054.41
clflush size	: 64
cache_alignment	: 64
address sizes	: 36 bits physical, 48 bits virtual
power management:

processor	: 2
vendor_id	: GenuineIntel
cpu family	: 6
model		: 37
model name	: Intel(R) Core(TM) i3 CPU       M 380  @ 2.53GHz
stepping	: 5
microcode	: 0x2
cpu MHz		: 933.000
cache size	: 3072 KB
physical id	: 0
siblings	: 4
core id		: 2
cpu cores	: 2
apicid		: 4
initial apicid	: 4
fpu		: yes
fpu_exception	: yes
cpuid level	: 11
wp		: yes
flags		: fpu vme de pse tsc msr pae mce cx8 apic sep mtrr pge mca cmov pat pse36 clflush dts acpi mmx fxsr sse sse2 ss ht tm pbe syscall nx rdtscp lm constant_tsc arch_perfmon pebs bts rep_good nopl xtopology nonstop_tsc aperfmperf pni dtes64 monitor ds_cpl vmx est tm2 ssse3 cx16 xtpr pdcm pcid sse4_1 sse4_2 popcnt lahf_lm arat dtherm tpr_shadow vnmi flexpriority ept vpid
bogomips	: 5054.41
clflush size	: 64
cache_alignment	: 64
address sizes	: 36 bits physical, 48 bits virtual
power management:

processor	: 3
vendor_id	: GenuineIntel
cpu family	: 6
model		: 37
model name	: Intel(R) Core(TM) i3 CPU       M 380  @ 2.53GHz
stepping	: 5
microcode	: 0x2
cpu MHz		: 933.000
cache size	: 3072 KB
physical id	: 0
siblings	: 4
core id		: 2
cpu cores	: 2
apicid		: 5
initial apicid	: 5
fpu		: yes
fpu_exception	: yes
cpuid level	: 11
wp		: yes
flags		: fpu vme de pse tsc msr pae mce cx8 apic sep mtrr pge mca cmov pat pse36 clflush dts acpi mmx fxsr sse sse2 ss ht tm pbe syscall nx rdtscp lm constant_tsc arch_perfmon pebs bts rep_good nopl xtopology nonstop_tsc aperfmperf pni dtes64 monitor ds_cpl vmx est tm2 ssse3 cx16 xtpr pdcm pcid sse4_1 sse4_2 popcnt lahf_lm arat dtherm tpr_shadow vnmi flexpriority ept vpid
bogomips	: 5054.41
clflush size	: 64
cache_alignment	: 64
address sizes	: 36 bits physical, 48 bits virtual
power management:



Memory: 4k page, physical 3715476k(1183112k free), swap 3856380k(3855740k free)

vm_info: OpenJDK 64-Bit Server VM (24.45-b08) for linux-amd64 JRE (1.7.0_51-b00), built on Jan 15 2014 22:02:57 by "buildd" with gcc 4.8.1

time: Mon Apr 21 23:51:03 2014
elapsed time: 9 seconds

