#
# A fatal error has been detected by the Java Runtime Environment:
#
#  SIGSEGV (0xb) at pc=0x00007f5e67bfac07, pid=4160, tid=140044768765696
#
# JRE version: OpenJDK Runtime Environment (7.0_51) (build 1.7.0_51-b00)
# Java VM: OpenJDK 64-Bit Server VM (24.45-b08 mixed mode linux-amd64 compressed oops)
# Problematic frame:
# C  [librb_tree.so+0x1c07]  getNext+0x14
#
# Failed to write core dump. Core dumps have been disabled. To enable core dumping, try "ulimit -c unlimited" before starting Java again
#
# If you would like to submit a bug report, please include
# instructions on how to reproduce the bug and visit:
#   http://icedtea.classpath.org/bugzilla
# The crash happened outside the Java Virtual Machine in native code.
# See problematic frame for where to report the bug.
#

---------------  T H R E A D  ---------------

Current thread (0x00007f5eb000a800):  JavaThread "main" [_thread_in_native, id=4185, stack(0x00007f5eb691e000,0x00007f5eb6b1f000)]

siginfo:si_signo=SIGSEGV: si_errno=0, si_code=1 (SEGV_MAPERR), si_addr=0xffffffffb0495888

Registers:
RAX=0xffffffffb0495880, RBX=0x00000000d79ae140, RCX=0x00007f5eb0000020, RDX=0x00007f5eb04959d0
RSP=0x00007f5eb6b1c030, RBP=0x00007f5eb6b1c030, RSI=0x00007f5eb04959d0, RDI=0xffffffffb0495880
R8 =0x00000000ffffffff, R9 =0x0000000000000020, R10=0x00007f5eb6b1bde0, R11=0x00007f5e67bfabf3
R12=0x0000000000000000, R13=0x00000000d79ae140, R14=0x00007f5eb6b1c168, R15=0x00007f5eb000a800
RIP=0x00007f5e67bfac07, EFLAGS=0x0000000000010202, CSGSFS=0x0000000000000033, ERR=0x0000000000000005
  TRAPNO=0x000000000000000e

Top of Stack: (sp=0x00007f5eb6b1c030)
0x00007f5eb6b1c030:   00007f5eb6b1c080 00007f5e679f7b22
0x00007f5eb6b1c040:   4008000000000000 00007f5eb0479c80
0x00007f5eb6b1c050:   00007f5eb04973f0 00007f5eb0495970
0x00007f5eb6b1c060:   00007f5eb04959d0 ffffffffb0495880
0x00007f5eb6b1c070:   00007f5ead006233 00000000f7750dc8
0x00007f5eb6b1c080:   00007f5eb0411020 00007f5e9cebecd9
0x00007f5eb6b1c090:   00000000d69fc4a3 00000000d79ae140
0x00007f5eb6b1c0a0:   00007f5eb6b1c120 00007f5ead012738
0x00007f5eb6b1c0b0:   00000000d69fc528 0000000000000000
0x00007f5eb6b1c0c0:   00007f5eb6b1c0e8 00007f5eb6b1c148
0x00007f5eb6b1c0d0:   00007f5ead006233 00000000f7856d78
0x00007f5eb6b1c0e0:   00007f5eb6b1c0e0 0000000000000000
0x00007f5eb6b1c0f0:   00007f5eb6b1c168 00000000d79b6668
0x00007f5eb6b1c100:   0000000000000000 00000000d79ae140
0x00007f5eb6b1c110:   0000000000000000 00007f5eb6b1c140
0x00007f5eb6b1c120:   00007f5eb6b1c1b0 00007f5ead006175
0x00007f5eb6b1c130:   00000000e1167208 00007f5ead00ecd7
0x00007f5eb6b1c140:   00007f5eb0479c80 00007f5ead19cc2c
0x00007f5eb6b1c150:   00007f5e679f7985 00000000f78570b0
0x00007f5eb6b1c160:   00007f5eb0411020 00000000f78b5278
0x00007f5eb6b1c170:   00007f5eb6b1c170 00000000d7aaafa7
0x00007f5eb6b1c180:   00007f5eb6b1c1e8 00000000d7ab7200
0x00007f5eb6b1c190:   00000000d7edee38 00000000d7aaafe8
0x00007f5eb6b1c1a0:   00007f5eb6b1c140 00007f5eb6b1c1c0
0x00007f5eb6b1c1b0:   00007f5eb6b1c238 00007f5ead006175
0x00007f5eb6b1c1c0:   00007f5eb0479c80 00000000f5d0b388
0x00007f5eb6b1c1d0:   00007f5e679f7985 0000000000000000
0x00007f5eb6b1c1e0:   00000000e10c5400 00000000e116c840
0x00007f5eb6b1c1f0:   00000000e11e0d80 00007f5eb6b1c1f8
0x00007f5eb6b1c200:   00000000d7ee0ff4 00007f5eb6b1c280
0x00007f5eb6b1c210:   00000000d7ee1450 0000000000000000
0x00007f5eb6b1c220:   00000000d7ee1018 00007f5eb6b1c1c0 

Instructions: (pc=0x00007f5e67bfac07)
0x00007f5e67bfabe7:   8b 40 20 eb 05 b8 00 00 00 00 c9 c3 55 48 89 e5
0x00007f5e67bfabf7:   48 89 7d e8 48 8b 45 e8 48 89 45 f8 48 8b 45 f8
0x00007f5e67bfac07:   48 8b 40 08 48 85 c0 74 2b 48 8b 45 f8 48 8b 40
0x00007f5e67bfac17:   08 48 89 45 f8 eb 0b 48 8b 45 f8 48 8b 00 48 89 

Register to memory mapping:

RAX=0xffffffffb0495880 is an unknown value
RBX=0x00000000d79ae140 is an oop
{method} 
 - klass: {other class}
RCX=0x00007f5eb0000020 is an unknown value
RDX=0x00007f5eb04959d0 is an unknown value
RSP=0x00007f5eb6b1c030 is pointing into the stack for thread: 0x00007f5eb000a800
RBP=0x00007f5eb6b1c030 is pointing into the stack for thread: 0x00007f5eb000a800
RSI=0x00007f5eb04959d0 is an unknown value
RDI=0xffffffffb0495880 is an unknown value
R8 =0x00000000ffffffff is an unallocated location in the heap
R9 =0x0000000000000020 is an unknown value
R10=0x00007f5eb6b1bde0 is pointing into the stack for thread: 0x00007f5eb000a800
R11=0x00007f5e67bfabf3: getNext+0 in lib/librb_tree.so at 0x00007f5e67bf9000
R12=0x0000000000000000 is an unknown value
R13=0x00000000d79ae140 is an oop
{method} 
 - klass: {other class}
R14=0x00007f5eb6b1c168 is pointing into the stack for thread: 0x00007f5eb000a800
R15=0x00007f5eb000a800 is a thread


Stack: [0x00007f5eb691e000,0x00007f5eb6b1f000],  sp=0x00007f5eb6b1c030,  free space=2040k
Native frames: (J=compiled Java code, j=interpreted, Vv=VM code, C=native code)
C  [librb_tree.so+0x1c07]  getNext+0x14
C  [libintersection.so+0xb22]  find_intersections+0x19d

Java frames: (J=compiled Java code, j=interpreted, Vv=VM code)
j  com.kenai.jffi.Foreign.invokeL1(JJJ)J+0
j  com.kenai.jffi.Invoker.invokeL1(Lcom/kenai/jffi/CallContext;JJ)J+7
j  org.jruby.ext.ffi.jffi.NativeInvoker$ffi$8.call(Lorg/jruby/runtime/ThreadContext;Lorg/jruby/runtime/builtin/IRubyObject;Lorg/jruby/RubyModule;Ljava/lang/String;Lorg/jruby/runtime/builtin/IRubyObject;)Lorg/jruby/runtime/builtin/IRubyObject;+76
j  org.jruby.runtime.callsite.CachingCallSite.cacheAndCall(Lorg/jruby/runtime/builtin/IRubyObject;Lorg/jruby/RubyClass;Lorg/jruby/runtime/ThreadContext;Lorg/jruby/runtime/builtin/IRubyObject;Lorg/jruby/runtime/builtin/IRubyObject;)Lorg/jruby/runtime/builtin/IRubyObject;+57
J  org.jruby.runtime.callsite.CachingCallSite.call(Lorg/jruby/runtime/ThreadContext;Lorg/jruby/runtime/builtin/IRubyObject;Lorg/jruby/runtime/builtin/IRubyObject;Lorg/jruby/runtime/builtin/IRubyObject;)Lorg/jruby/runtime/builtin/IRubyObject;
J  org.jruby.ast.CallOneArgNode.interpret(Lorg/jruby/Ruby;Lorg/jruby/runtime/ThreadContext;Lorg/jruby/runtime/builtin/IRubyObject;Lorg/jruby/runtime/Block;)Lorg/jruby/runtime/builtin/IRubyObject;
j  org.jruby.ast.LocalAsgnNode.interpret(Lorg/jruby/Ruby;Lorg/jruby/runtime/ThreadContext;Lorg/jruby/runtime/builtin/IRubyObject;Lorg/jruby/runtime/Block;)Lorg/jruby/runtime/builtin/IRubyObject;+30
J  org.jruby.ast.BlockNode.interpret(Lorg/jruby/Ruby;Lorg/jruby/runtime/ThreadContext;Lorg/jruby/runtime/builtin/IRubyObject;Lorg/jruby/runtime/Block;)Lorg/jruby/runtime/builtin/IRubyObject;
j  org.jruby.evaluator.ASTInterpreter.INTERPRET_METHOD(Lorg/jruby/Ruby;Lorg/jruby/runtime/ThreadContext;Ljava/lang/String;ILorg/jruby/RubyModule;Lorg/jruby/ast/Node;Ljava/lang/String;Lorg/jruby/runtime/builtin/IRubyObject;Lorg/jruby/runtime/Block;Z)Lorg/jruby/runtime/builtin/IRubyObject;+30
j  org.jruby.internal.runtime.methods.InterpretedMethod.call(Lorg/jruby/runtime/ThreadContext;Lorg/jruby/runtime/builtin/IRubyObject;Lorg/jruby/RubyModule;Ljava/lang/String;)Lorg/jruby/runtime/builtin/IRubyObject;+80
j  org.jruby.internal.runtime.methods.DefaultMethod.call(Lorg/jruby/runtime/ThreadContext;Lorg/jruby/runtime/builtin/IRubyObject;Lorg/jruby/RubyModule;Ljava/lang/String;)Lorg/jruby/runtime/builtin/IRubyObject;+20
J  org.jruby.ast.CallNoArgNode.interpret(Lorg/jruby/Ruby;Lorg/jruby/runtime/ThreadContext;Lorg/jruby/runtime/builtin/IRubyObject;Lorg/jruby/runtime/Block;)Lorg/jruby/runtime/builtin/IRubyObject;
j  org.jruby.ast.FCallTwoArgNode.interpret(Lorg/jruby/Ruby;Lorg/jruby/runtime/ThreadContext;Lorg/jruby/runtime/builtin/IRubyObject;Lorg/jruby/runtime/Block;)Lorg/jruby/runtime/builtin/IRubyObject;+28
J  org.jruby.ast.BlockNode.interpret(Lorg/jruby/Ruby;Lorg/jruby/runtime/ThreadContext;Lorg/jruby/runtime/builtin/IRubyObject;Lorg/jruby/runtime/Block;)Lorg/jruby/runtime/builtin/IRubyObject;
j  org.jruby.evaluator.ASTInterpreter.INTERPRET_METHOD(Lorg/jruby/Ruby;Lorg/jruby/runtime/ThreadContext;Ljava/lang/String;ILorg/jruby/RubyModule;Lorg/jruby/ast/Node;Ljava/lang/String;Lorg/jruby/runtime/builtin/IRubyObject;Lorg/jruby/runtime/Block;Z)Lorg/jruby/runtime/builtin/IRubyObject;+30
j  org.jruby.internal.runtime.methods.InterpretedMethod.call(Lorg/jruby/runtime/ThreadContext;Lorg/jruby/runtime/builtin/IRubyObject;Lorg/jruby/RubyModule;Ljava/lang/String;)Lorg/jruby/runtime/builtin/IRubyObject;+80
j  org.jruby.internal.runtime.methods.DefaultMethod.call(Lorg/jruby/runtime/ThreadContext;Lorg/jruby/runtime/builtin/IRubyObject;Lorg/jruby/RubyModule;Ljava/lang/String;)Lorg/jruby/runtime/builtin/IRubyObject;+20
j  org.jruby.runtime.callsite.CachingCallSite.cacheAndCall(Lorg/jruby/runtime/builtin/IRubyObject;Lorg/jruby/RubyClass;Lorg/jruby/runtime/ThreadContext;Lorg/jruby/runtime/builtin/IRubyObject;)Lorg/jruby/runtime/builtin/IRubyObject;+53
j  org.jruby.runtime.callsite.CachingCallSite.call(Lorg/jruby/runtime/ThreadContext;Lorg/jruby/runtime/builtin/IRubyObject;Lorg/jruby/runtime/builtin/IRubyObject;)Lorg/jruby/runtime/builtin/IRubyObject;+46
j  Makefile.method__3$RUBY$test(LMakefile;Lorg/jruby/runtime/ThreadContext;Lorg/jruby/runtime/builtin/IRubyObject;Lorg/jruby/runtime/Block;)Lorg/jruby/runtime/builtin/IRubyObject;+130
j  Makefile$method__3$RUBY$test.call(Lorg/jruby/runtime/ThreadContext;Lorg/jruby/runtime/builtin/IRubyObject;Lorg/jruby/RubyModule;Ljava/lang/String;Lorg/jruby/runtime/Block;)Lorg/jruby/runtime/builtin/IRubyObject;+17
j  org.jruby.RubyClass.finvoke(Lorg/jruby/runtime/ThreadContext;Lorg/jruby/runtime/builtin/IRubyObject;Ljava/lang/String;Lorg/jruby/runtime/Block;)Lorg/jruby/runtime/builtin/IRubyObject;+41
j  org.jruby.RubyBasicObject.send19(Lorg/jruby/runtime/ThreadContext;Lorg/jruby/runtime/builtin/IRubyObject;Lorg/jruby/runtime/Block;)Lorg/jruby/runtime/builtin/IRubyObject;+15
j  org.jruby.RubyKernel.send19(Lorg/jruby/runtime/ThreadContext;Lorg/jruby/runtime/builtin/IRubyObject;Lorg/jruby/runtime/builtin/IRubyObject;Lorg/jruby/runtime/Block;)Lorg/jruby/runtime/builtin/IRubyObject;+7
j  org.jruby.RubyKernel$INVOKER$s$send19.call(Lorg/jruby/runtime/ThreadContext;Lorg/jruby/runtime/builtin/IRubyObject;Lorg/jruby/RubyModule;Ljava/lang/String;Lorg/jruby/runtime/builtin/IRubyObject;Lorg/jruby/runtime/Block;)Lorg/jruby/runtime/builtin/IRubyObject;+6
j  org.jruby.internal.runtime.methods.JavaMethod$JavaMethodOneOrNBlock.call(Lorg/jruby/runtime/ThreadContext;Lorg/jruby/runtime/builtin/IRubyObject;Lorg/jruby/RubyModule;Ljava/lang/String;Lorg/jruby/runtime/builtin/IRubyObject;)Lorg/jruby/runtime/builtin/IRubyObject;+11
j  org.jruby.runtime.callsite.CachingCallSite.call(Lorg/jruby/runtime/ThreadContext;Lorg/jruby/runtime/builtin/IRubyObject;Lorg/jruby/runtime/builtin/IRubyObject;Lorg/jruby/runtime/builtin/IRubyObject;)Lorg/jruby/runtime/builtin/IRubyObject;+38
j  Makefile.block_7$RUBY$__file__(LMakefile;Lorg/jruby/runtime/ThreadContext;Lorg/jruby/runtime/builtin/IRubyObject;[Lorg/jruby/runtime/builtin/IRubyObject;Lorg/jruby/runtime/Block;)Lorg/jruby/runtime/builtin/IRubyObject;+46
j  Makefile$block_7$RUBY$__file__.call(Lorg/jruby/runtime/ThreadContext;Lorg/jruby/runtime/builtin/IRubyObject;[Lorg/jruby/runtime/builtin/IRubyObject;Lorg/jruby/runtime/Block;)Lorg/jruby/runtime/builtin/IRubyObject;+9
j  org.jruby.runtime.CompiledBlock19.yield(Lorg/jruby/runtime/ThreadContext;Lorg/jruby/runtime/builtin/IRubyObject;Lorg/jruby/runtime/Binding;Lorg/jruby/runtime/Block$Type;)Lorg/jruby/runtime/builtin/IRubyObject;+52
j  org.jruby.runtime.Block.yield(Lorg/jruby/runtime/ThreadContext;Lorg/jruby/runtime/builtin/IRubyObject;)Lorg/jruby/runtime/builtin/IRubyObject;+14
j  org.jruby.RubyArray.eachCommon(Lorg/jruby/runtime/ThreadContext;Lorg/jruby/runtime/Block;)Lorg/jruby/runtime/builtin/IRubyObject;+41
j  org.jruby.RubyArray.each(Lorg/jruby/runtime/ThreadContext;Lorg/jruby/runtime/Block;)Lorg/jruby/runtime/builtin/IRubyObject;+10
j  org.jruby.RubyArray$INVOKER$i$0$0$each.call(Lorg/jruby/runtime/ThreadContext;Lorg/jruby/runtime/builtin/IRubyObject;Lorg/jruby/RubyModule;Ljava/lang/String;Lorg/jruby/runtime/Block;)Lorg/jruby/runtime/builtin/IRubyObject;+7
j  org.jruby.runtime.callsite.CachingCallSite.cacheAndCall(Lorg/jruby/runtime/builtin/IRubyObject;Lorg/jruby/RubyClass;Lorg/jruby/runtime/Block;Lorg/jruby/runtime/ThreadContext;Lorg/jruby/runtime/builtin/IRubyObject;)Lorg/jruby/runtime/builtin/IRubyObject;+57
j  org.jruby.runtime.callsite.CachingCallSite.callBlock(Lorg/jruby/runtime/ThreadContext;Lorg/jruby/runtime/builtin/IRubyObject;Lorg/jruby/runtime/builtin/IRubyObject;Lorg/jruby/runtime/Block;)Lorg/jruby/runtime/builtin/IRubyObject;+50
j  org.jruby.runtime.callsite.CachingCallSite.callIter(Lorg/jruby/runtime/ThreadContext;Lorg/jruby/runtime/builtin/IRubyObject;Lorg/jruby/runtime/builtin/IRubyObject;Lorg/jruby/runtime/Block;)Lorg/jruby/runtime/builtin/IRubyObject;+6
j  Makefile.__file__(LMakefile;Lorg/jruby/runtime/ThreadContext;Lorg/jruby/runtime/builtin/IRubyObject;[Lorg/jruby/runtime/builtin/IRubyObject;Lorg/jruby/runtime/Block;)Lorg/jruby/runtime/builtin/IRubyObject;+938
j  Makefile.load(Lorg/jruby/runtime/ThreadContext;Lorg/jruby/runtime/builtin/IRubyObject;Z)Lorg/jruby/runtime/builtin/IRubyObject;+22
j  org.jruby.Ruby.runScript(Lorg/jruby/ast/executable/Script;Z)Lorg/jruby/runtime/builtin/IRubyObject;+12
j  org.jruby.Ruby.runScript(Lorg/jruby/ast/executable/Script;)Lorg/jruby/runtime/builtin/IRubyObject;+3
j  org.jruby.Ruby.runNormally(Lorg/jruby/ast/Node;)Lorg/jruby/runtime/builtin/IRubyObject;+73
j  org.jruby.Ruby.runFromMain(Ljava/io/InputStream;Ljava/lang/String;)V+320
j  org.jruby.Main.doRunFromMain(Lorg/jruby/Ruby;Ljava/io/InputStream;Ljava/lang/String;)Lorg/jruby/Main$Status;+12
j  org.jruby.Main.internalRun()Lorg/jruby/Main$Status;+234
j  org.jruby.Main.run([Ljava/lang/String;)Lorg/jruby/Main$Status;+9
j  org.jruby.Main.main([Ljava/lang/String;)V+35
v  ~StubRoutines::call_stub

---------------  P R O C E S S  ---------------

Java Threads: ( => current thread )
  0x00007f5eb044e000 JavaThread "JRubyJIT-2" daemon [_thread_blocked, id=4321, stack(0x00007f5e9c732000,0x00007f5e9c933000)]
  0x00007f5eb0438000 JavaThread "process reaper" daemon [_thread_blocked, id=4201, stack(0x00007f5eb400d000,0x00007f5eb4046000)]
  0x00007f5eb042b000 JavaThread "JRubyJIT-1" daemon [_thread_blocked, id=4198, stack(0x00007f5e9ccb6000,0x00007f5e9ceb7000)]
  0x00007f5eb00ae000 JavaThread "Service Thread" daemon [_thread_blocked, id=4196, stack(0x00007f5e9e92f000,0x00007f5e9eb30000)]
  0x00007f5eb00ab800 JavaThread "C2 CompilerThread1" daemon [_thread_in_native, id=4195, stack(0x00007f5eac0fe000,0x00007f5eac1ff000)]
  0x00007f5eb00a8800 JavaThread "C2 CompilerThread0" daemon [_thread_in_native, id=4194, stack(0x00007f5eac1ff000,0x00007f5eac300000)]
  0x00007f5eb00a6800 JavaThread "Signal Dispatcher" daemon [_thread_blocked, id=4193, stack(0x00007f5eac300000,0x00007f5eac501000)]
  0x00007f5eb0082800 JavaThread "Finalizer" daemon [_thread_blocked, id=4192, stack(0x00007f5eac8fb000,0x00007f5eacafc000)]
  0x00007f5eb0080800 JavaThread "Reference Handler" daemon [_thread_blocked, id=4191, stack(0x00007f5eacafc000,0x00007f5eaccfd000)]
=>0x00007f5eb000a800 JavaThread "main" [_thread_in_native, id=4185, stack(0x00007f5eb691e000,0x00007f5eb6b1f000)]

Other Threads:
  0x00007f5eb007c800 VMThread [stack: 0x00007f5eaccfd000,0x00007f5eacdfe000] [id=4190]
  0x00007f5eb00b8800 WatcherThread [stack: 0x00007f5e9e82e000,0x00007f5e9e92f000] [id=4197]

VM state:not at safepoint (normal execution)

VM Mutex/Monitor currently owned by a thread: None

Heap
 PSYoungGen      total 32768K, used 6376K [0x00000000f5900000, 0x00000000f9900000, 0x0000000100000000)
  eden space 30720K, 14% used [0x00000000f5900000,0x00000000f5d40d28,0x00000000f7700000)
  from space 2048K, 98% used [0x00000000f7700000,0x00000000f78f9518,0x00000000f7900000)
  to   space 2048K, 0% used [0x00000000f9700000,0x00000000f9700000,0x00000000f9900000)
 ParOldGen       total 38400K, used 8909K [0x00000000e0c00000, 0x00000000e3180000, 0x00000000f5900000)
  object space 38400K, 23% used [0x00000000e0c00000,0x00000000e14b3688,0x00000000e3180000)
 PSPermGen       total 25600K, used 25481K [0x00000000d6600000, 0x00000000d7f00000, 0x00000000e0c00000)
  object space 25600K, 99% used [0x00000000d6600000,0x00000000d7ee2610,0x00000000d7f00000)

Card table byte_map: [0x00007f5eb5744000,0x00007f5eb5892000] byte_map_base: 0x00007f5eb5091000

Polling page: 0x00007f5eb8f2c000

Code Cache  [0x00007f5ead000000, 0x00007f5ead270000, 0x00007f5eb0000000)
 total_blobs=1006 nmethods=527 adapters=433 free_code_cache=47489Kb largest_free_block=48552576

Compilation events (10 events):
Event: 4,258 Thread 0x00007f5eb00a8800 nmethod 540 0x00007f5ead0ea790 code [0x00007f5ead0ea920, 0x00007f5ead0ead08]
Event: 4,258 Thread 0x00007f5eb00a8800  541             org.jruby.runtime.ivars.VariableAccessorField::getVariableAccessorForRead (5 bytes)
Event: 4,258 Thread 0x00007f5eb00a8800 nmethod 541 0x00007f5ead0ab3d0 code [0x00007f5ead0ab500, 0x00007f5ead0ab558]
Event: 4,258 Thread 0x00007f5eb00a8800  542             org.jruby.RubyBasicObject::getFFIHandle (12 bytes)
Event: 4,260 Thread 0x00007f5eb00a8800 nmethod 542 0x00007f5ead0aafd0 code [0x00007f5ead0ab120, 0x00007f5ead0ab218]
Event: 4,260 Thread 0x00007f5eb00a8800  543             org.jruby.runtime.ivars.VariableTableManager::getFFIHandle (9 bytes)
Event: 4,262 Thread 0x00007f5eb00a8800 nmethod 543 0x00007f5ead0a52d0 code [0x00007f5ead0a5420, 0x00007f5ead0a54f8]
Event: 4,263 Thread 0x00007f5eb00a8800  544             org.jruby.runtime.ivars.VariableTableManager::getFFIHandleAccessorForRead (8 bytes)
Event: 4,263 Thread 0x00007f5eb00a8800 nmethod 544 0x00007f5ead0a5090 code [0x00007f5ead0a51c0, 0x00007f5ead0a5238]
Event: 4,263 Thread 0x00007f5eb00a8800  545             org.jruby.runtime.callsite.CachingCallSite::call (12 bytes)

GC Heap History (6 events):
Event: 1,332 GC heap before
{Heap before GC invocations=1 (full 0):
 PSYoungGen      total 17408K, used 15360K [0x00000000f5900000, 0x00000000f6c00000, 0x0000000100000000)
  eden space 15360K, 100% used [0x00000000f5900000,0x00000000f6800000,0x00000000f6800000)
  from space 2048K, 0% used [0x00000000f6a00000,0x00000000f6a00000,0x00000000f6c00000)
  to   space 2048K, 0% used [0x00000000f6800000,0x00000000f6800000,0x00000000f6a00000)
 ParOldGen       total 38400K, used 0K [0x00000000e0c00000, 0x00000000e3180000, 0x00000000f5900000)
  object space 38400K, 0% used [0x00000000e0c00000,0x00000000e0c00000,0x00000000e3180000)
 PSPermGen       total 21504K, used 18949K [0x00000000d6600000, 0x00000000d7b00000, 0x00000000e0c00000)
  object space 21504K, 88% used [0x00000000d6600000,0x00000000d78816e8,0x00000000d7b00000)
Event: 1,347 GC heap after
Heap after GC invocations=1 (full 0):
 PSYoungGen      total 17408K, used 2037K [0x00000000f5900000, 0x00000000f7b00000, 0x0000000100000000)
  eden space 15360K, 0% used [0x00000000f5900000,0x00000000f5900000,0x00000000f6800000)
  from space 2048K, 99% used [0x00000000f6800000,0x00000000f69fd4b8,0x00000000f6a00000)
  to   space 2048K, 0% used [0x00000000f7900000,0x00000000f7900000,0x00000000f7b00000)
 ParOldGen       total 38400K, used 3777K [0x00000000e0c00000, 0x00000000e3180000, 0x00000000f5900000)
  object space 38400K, 9% used [0x00000000e0c00000,0x00000000e0fb05d0,0x00000000e3180000)
 PSPermGen       total 21504K, used 18949K [0x00000000d6600000, 0x00000000d7b00000, 0x00000000e0c00000)
  object space 21504K, 88% used [0x00000000d6600000,0x00000000d78816e8,0x00000000d7b00000)
}
Event: 2,393 GC heap before
{Heap before GC invocations=2 (full 0):
 PSYoungGen      total 17408K, used 17397K [0x00000000f5900000, 0x00000000f7b00000, 0x0000000100000000)
  eden space 15360K, 100% used [0x00000000f5900000,0x00000000f6800000,0x00000000f6800000)
  from space 2048K, 99% used [0x00000000f6800000,0x00000000f69fd4b8,0x00000000f6a00000)
  to   space 2048K, 0% used [0x00000000f7900000,0x00000000f7900000,0x00000000f7b00000)
 ParOldGen       total 38400K, used 3777K [0x00000000e0c00000, 0x00000000e3180000, 0x00000000f5900000)
  object space 38400K, 9% used [0x00000000e0c00000,0x00000000e0fb05d0,0x00000000e3180000)
 PSPermGen       total 23552K, used 23439K [0x00000000d6600000, 0x00000000d7d00000, 0x00000000e0c00000)
  object space 23552K, 99% used [0x00000000d6600000,0x00000000d7ce3e08,0x00000000d7d00000)
Event: 2,416 GC heap after
Heap after GC invocations=2 (full 0):
 PSYoungGen      total 32768K, used 2037K [0x00000000f5900000, 0x00000000f7b00000, 0x0000000100000000)
  eden space 30720K, 0% used [0x00000000f5900000,0x00000000f5900000,0x00000000f7700000)
  from space 2048K, 99% used [0x00000000f7900000,0x00000000f7afd528,0x00000000f7b00000)
  to   space 2048K, 0% used [0x00000000f7700000,0x00000000f7700000,0x00000000f7900000)
 ParOldGen       total 38400K, used 5876K [0x00000000e0c00000, 0x00000000e3180000, 0x00000000f5900000)
  object space 38400K, 15% used [0x00000000e0c00000,0x00000000e11bd3c8,0x00000000e3180000)
 PSPermGen       total 23552K, used 23439K [0x00000000d6600000, 0x00000000d7d00000, 0x00000000e0c00000)
  object space 23552K, 99% used [0x00000000d6600000,0x00000000d7ce3e08,0x00000000d7d00000)
}
Event: 4,081 GC heap before
{Heap before GC invocations=3 (full 0):
 PSYoungGen      total 32768K, used 32757K [0x00000000f5900000, 0x00000000f7b00000, 0x0000000100000000)
  eden space 30720K, 100% used [0x00000000f5900000,0x00000000f7700000,0x00000000f7700000)
  from space 2048K, 99% used [0x00000000f7900000,0x00000000f7afd528,0x00000000f7b00000)
  to   space 2048K, 0% used [0x00000000f7700000,0x00000000f7700000,0x00000000f7900000)
 ParOldGen       total 38400K, used 5876K [0x00000000e0c00000, 0x00000000e3180000, 0x00000000f5900000)
  object space 38400K, 15% used [0x00000000e0c00000,0x00000000e11bd3c8,0x00000000e3180000)
 PSPermGen       total 25600K, used 25468K [0x00000000d6600000, 0x00000000d7f00000, 0x00000000e0c00000)
  object space 25600K, 99% used [0x00000000d6600000,0x00000000d7edf2c8,0x00000000d7f00000)
Event: 4,097 GC heap after
Heap after GC invocations=3 (full 0):
 PSYoungGen      total 32768K, used 2021K [0x00000000f5900000, 0x00000000f9900000, 0x0000000100000000)
  eden space 30720K, 0% used [0x00000000f5900000,0x00000000f5900000,0x00000000f7700000)
  from space 2048K, 98% used [0x00000000f7700000,0x00000000f78f9518,0x00000000f7900000)
  to   space 2048K, 0% used [0x00000000f9700000,0x00000000f9700000,0x00000000f9900000)
 ParOldGen       total 38400K, used 8909K [0x00000000e0c00000, 0x00000000e3180000, 0x00000000f5900000)
  object space 38400K, 23% used [0x00000000e0c00000,0x00000000e14b3688,0x00000000e3180000)
 PSPermGen       total 25600K, used 25468K [0x00000000d6600000, 0x00000000d7f00000, 0x00000000e0c00000)
  object space 25600K, 99% used [0x00000000d6600000,0x00000000d7edf2c8,0x00000000d7f00000)
}

Deoptimization events (10 events):
Event: 4,021 Thread 0x00007f5eb000a800 Uncommon trap: reason=class_check action=maybe_recompile pc=0x00007f5ead14891c method=org.jruby.RubyHash.internalKeyExist(Lorg/jruby/RubyHash$RubyHashEntry;ILorg/jruby/runtime/builtin/IRubyObject;)Z @ 28
Event: 4,021 Thread 0x00007f5eb000a800 Uncommon trap: reason=class_check action=maybe_recompile pc=0x00007f5ead14891c method=org.jruby.RubyHash.internalKeyExist(Lorg/jruby/RubyHash$RubyHashEntry;ILorg/jruby/runtime/builtin/IRubyObject;)Z @ 28
Event: 4,139 Thread 0x00007f5eb000a800 Uncommon trap: reason=class_check action=maybe_recompile pc=0x00007f5ead1aeffc method=org.jruby.runtime.scope.TwoVarDynamicScope.getValue(II)Lorg/jruby/runtime/builtin/IRubyObject; @ 12
Event: 4,139 Thread 0x00007f5eb000a800 Uncommon trap: reason=class_check action=maybe_recompile pc=0x00007f5ead1aeffc method=org.jruby.runtime.scope.TwoVarDynamicScope.getValue(II)Lorg/jruby/runtime/builtin/IRubyObject; @ 12
Event: 4,139 Thread 0x00007f5eb000a800 Uncommon trap: reason=class_check action=maybe_recompile pc=0x00007f5ead1aeffc method=org.jruby.runtime.scope.TwoVarDynamicScope.getValue(II)Lorg/jruby/runtime/builtin/IRubyObject; @ 12
Event: 4,139 Thread 0x00007f5eb000a800 Uncommon trap: reason=class_check action=maybe_recompile pc=0x00007f5ead1aeffc method=org.jruby.runtime.scope.TwoVarDynamicScope.getValue(II)Lorg/jruby/runtime/builtin/IRubyObject; @ 12
Event: 4,198 Thread 0x00007f5eb000a800 Uncommon trap: reason=class_check action=maybe_recompile pc=0x00007f5ead1637f8 method=org.jruby.RubyArray.compare(Lorg/jruby/runtime/ThreadContext;Lorg/jruby/runtime/invokedynamic/MethodNames;Lorg/jruby/runtime/builtin/IRubyObject;)Lorg/jruby/RubyBoolean;
Event: 4,245 Thread 0x00007f5eb000a800 Uncommon trap: reason=class_check action=maybe_recompile pc=0x00007f5ead1637f8 method=org.jruby.RubyArray.compare(Lorg/jruby/runtime/ThreadContext;Lorg/jruby/runtime/invokedynamic/MethodNames;Lorg/jruby/runtime/builtin/IRubyObject;)Lorg/jruby/RubyBoolean;
Event: 4,263 Thread 0x00007f5eb000a800 Uncommon trap: reason=class_check action=maybe_recompile pc=0x00007f5ead1637f8 method=org.jruby.RubyArray.compare(Lorg/jruby/runtime/ThreadContext;Lorg/jruby/runtime/invokedynamic/MethodNames;Lorg/jruby/runtime/builtin/IRubyObject;)Lorg/jruby/RubyBoolean;
Event: 4,264 Thread 0x00007f5eb000a800 Uncommon trap: reason=class_check action=maybe_recompile pc=0x00007f5ead19b244 method=org.jruby.ext.ffi.StructByReference.to_native(Lorg/jruby/runtime/ThreadContext;Lorg/jruby/runtime/builtin/IRubyObject;Lorg/jruby/runtime/builtin/IRubyObject;)Lorg/jruby/

Internal exceptions (10 events):
Event: 3,693 Thread 0x00007f5eb000a800 Threw 0x00000000f7122a68 at /build/buildd/openjdk-7-7u51-2.4.4/build/openjdk/hotspot/src/share/vm/prims/jvm.cpp:1244
Event: 3,694 Thread 0x00007f5eb000a800 Threw 0x00000000f7124908 at /build/buildd/openjdk-7-7u51-2.4.4/build/openjdk/hotspot/src/share/vm/prims/jvm.cpp:1244
Event: 3,694 Thread 0x00007f5eb000a800 Threw 0x00000000f71269c8 at /build/buildd/openjdk-7-7u51-2.4.4/build/openjdk/hotspot/src/share/vm/prims/jvm.cpp:1244
Event: 3,694 Thread 0x00007f5eb000a800 Threw 0x00000000f7127478 at /build/buildd/openjdk-7-7u51-2.4.4/build/openjdk/hotspot/src/share/vm/prims/jvm.cpp:1244
Event: 3,695 Thread 0x00007f5eb000a800 Threw 0x00000000f7132fe8 at /build/buildd/openjdk-7-7u51-2.4.4/build/openjdk/hotspot/src/share/vm/prims/jvm.cpp:1244
Event: 3,695 Thread 0x00007f5eb000a800 Threw 0x00000000f71350a8 at /build/buildd/openjdk-7-7u51-2.4.4/build/openjdk/hotspot/src/share/vm/prims/jvm.cpp:1244
Event: 3,695 Thread 0x00007f5eb000a800 Threw 0x00000000f7135b58 at /build/buildd/openjdk-7-7u51-2.4.4/build/openjdk/hotspot/src/share/vm/prims/jvm.cpp:1244
Event: 3,695 Thread 0x00007f5eb000a800 Threw 0x00000000f71379f8 at /build/buildd/openjdk-7-7u51-2.4.4/build/openjdk/hotspot/src/share/vm/prims/jvm.cpp:1244
Event: 3,695 Thread 0x00007f5eb000a800 Threw 0x00000000f7139ab8 at /build/buildd/openjdk-7-7u51-2.4.4/build/openjdk/hotspot/src/share/vm/prims/jvm.cpp:1244
Event: 3,695 Thread 0x00007f5eb000a800 Threw 0x00000000f713a568 at /build/buildd/openjdk-7-7u51-2.4.4/build/openjdk/hotspot/src/share/vm/prims/jvm.cpp:1244

Events (10 events):
Event: 4,198 Thread 0x00007f5eb000a800 DEOPT UNPACKING pc=0x00007f5ead039045 sp=0x00007f5eb6b1bf98 mode 2
Event: 4,245 Thread 0x00007f5eb000a800 Uncommon trap: trap_request=0xffffffde fr.pc=0x00007f5ead1637f8
Event: 4,245 Thread 0x00007f5eb000a800 DEOPT PACKING pc=0x00007f5ead1637f8 sp=0x00007f5eb6b1bfc0
Event: 4,246 Thread 0x00007f5eb000a800 DEOPT UNPACKING pc=0x00007f5ead039045 sp=0x00007f5eb6b1bf98 mode 2
Event: 4,263 Thread 0x00007f5eb000a800 Uncommon trap: trap_request=0xffffffde fr.pc=0x00007f5ead1637f8
Event: 4,263 Thread 0x00007f5eb000a800 DEOPT PACKING pc=0x00007f5ead1637f8 sp=0x00007f5eb6b1bfc0
Event: 4,263 Thread 0x00007f5eb000a800 DEOPT UNPACKING pc=0x00007f5ead039045 sp=0x00007f5eb6b1bf98 mode 2
Event: 4,264 Thread 0x00007f5eb000a800 Uncommon trap: trap_request=0xffffffde fr.pc=0x00007f5ead19b244
Event: 4,264 Thread 0x00007f5eb000a800 DEOPT PACKING pc=0x00007f5ead19b244 sp=0x00007f5eb6b1bf50
Event: 4,264 Thread 0x00007f5eb000a800 DEOPT UNPACKING pc=0x00007f5ead039045 sp=0x00007f5eb6b1be80 mode 2


Dynamic libraries:
00400000-00401000 r-xp 00000000 08:01 15861394                           /usr/lib/jvm/java-7-openjdk-amd64/jre/bin/java
00600000-00601000 r--p 00000000 08:01 15861394                           /usr/lib/jvm/java-7-openjdk-amd64/jre/bin/java
00601000-00602000 rw-p 00001000 08:01 15861394                           /usr/lib/jvm/java-7-openjdk-amd64/jre/bin/java
01836000-01857000 rw-p 00000000 00:00 0                                  [heap]
d6600000-d7f00000 rw-p 00000000 00:00 0 
d7f00000-e0c00000 rw-p 00000000 00:00 0 
e0c00000-e3180000 rw-p 00000000 00:00 0 
e3180000-f5900000 rw-p 00000000 00:00 0 
f5900000-f9900000 rw-p 00000000 00:00 0 
f9900000-100000000 rw-p 00000000 00:00 0 
7f5e60000000-7f5e60021000 rw-p 00000000 00:00 0 
7f5e60021000-7f5e64000000 ---p 00000000 00:00 0 
7f5e679f7000-7f5e679f8000 r-xp 00000000 08:01 13893885                   /home/alex/Documents/8vo_Semestre/Geometría Computacional/Lab/practica02p1/src/lib/libintersection.so
7f5e679f8000-7f5e67bf7000 ---p 00001000 08:01 13893885                   /home/alex/Documents/8vo_Semestre/Geometría Computacional/Lab/practica02p1/src/lib/libintersection.so
7f5e67bf7000-7f5e67bf8000 r--p 00000000 08:01 13893885                   /home/alex/Documents/8vo_Semestre/Geometría Computacional/Lab/practica02p1/src/lib/libintersection.so
7f5e67bf8000-7f5e67bf9000 rw-p 00001000 08:01 13893885                   /home/alex/Documents/8vo_Semestre/Geometría Computacional/Lab/practica02p1/src/lib/libintersection.so
7f5e67bf9000-7f5e67bfc000 r-xp 00000000 08:01 13893853                   /home/alex/Documents/8vo_Semestre/Geometría Computacional/Lab/practica02p1/src/lib/librb_tree.so
7f5e67bfc000-7f5e67dfb000 ---p 00003000 08:01 13893853                   /home/alex/Documents/8vo_Semestre/Geometría Computacional/Lab/practica02p1/src/lib/librb_tree.so
7f5e67dfb000-7f5e67dfc000 r--p 00002000 08:01 13893853                   /home/alex/Documents/8vo_Semestre/Geometría Computacional/Lab/practica02p1/src/lib/librb_tree.so
7f5e67dfc000-7f5e67dfd000 rw-p 00003000 08:01 13893853                   /home/alex/Documents/8vo_Semestre/Geometría Computacional/Lab/practica02p1/src/lib/librb_tree.so
7f5e67dfd000-7f5e67dff000 r-xp 00000000 08:01 13893852                   /home/alex/Documents/8vo_Semestre/Geometría Computacional/Lab/practica02p1/src/lib/libdouble_linked_list.so
7f5e67dff000-7f5e67ffe000 ---p 00002000 08:01 13893852                   /home/alex/Documents/8vo_Semestre/Geometría Computacional/Lab/practica02p1/src/lib/libdouble_linked_list.so
7f5e67ffe000-7f5e67fff000 r--p 00001000 08:01 13893852                   /home/alex/Documents/8vo_Semestre/Geometría Computacional/Lab/practica02p1/src/lib/libdouble_linked_list.so
7f5e67fff000-7f5e68000000 rw-p 00002000 08:01 13893852                   /home/alex/Documents/8vo_Semestre/Geometría Computacional/Lab/practica02p1/src/lib/libdouble_linked_list.so
7f5e68000000-7f5e68021000 rw-p 00000000 00:00 0 
7f5e68021000-7f5e6c000000 ---p 00000000 00:00 0 
7f5e6c000000-7f5e6c021000 rw-p 00000000 00:00 0 
7f5e6c021000-7f5e70000000 ---p 00000000 00:00 0 
7f5e70000000-7f5e70027000 rw-p 00000000 00:00 0 
7f5e70027000-7f5e74000000 ---p 00000000 00:00 0 
7f5e74000000-7f5e74021000 rw-p 00000000 00:00 0 
7f5e74021000-7f5e78000000 ---p 00000000 00:00 0 
7f5e78000000-7f5e78021000 rw-p 00000000 00:00 0 
7f5e78021000-7f5e7c000000 ---p 00000000 00:00 0 
7f5e7c000000-7f5e7c021000 rw-p 00000000 00:00 0 
7f5e7c021000-7f5e80000000 ---p 00000000 00:00 0 
7f5e80000000-7f5e80db2000 rw-p 00000000 00:00 0 
7f5e80db2000-7f5e84000000 ---p 00000000 00:00 0 
7f5e84000000-7f5e84ad5000 rw-p 00000000 00:00 0 
7f5e84ad5000-7f5e88000000 ---p 00000000 00:00 0 
7f5e88000000-7f5e88021000 rw-p 00000000 00:00 0 
7f5e88021000-7f5e8c000000 ---p 00000000 00:00 0 
7f5e8c000000-7f5e8c021000 rw-p 00000000 00:00 0 
7f5e8c021000-7f5e90000000 ---p 00000000 00:00 0 
7f5e90000000-7f5e90021000 rw-p 00000000 00:00 0 
7f5e90021000-7f5e94000000 ---p 00000000 00:00 0 
7f5e94000000-7f5e94021000 rw-p 00000000 00:00 0 
7f5e94021000-7f5e98000000 ---p 00000000 00:00 0 
7f5e98000000-7f5e98021000 rw-p 00000000 00:00 0 
7f5e98021000-7f5e9c000000 ---p 00000000 00:00 0 
7f5e9c12c000-7f5e9c12d000 r-xp 00000000 08:01 13893850                   /home/alex/Documents/8vo_Semestre/Geometría Computacional/Lab/practica02p1/src/lib/libhalf_edge.so
7f5e9c12d000-7f5e9c32d000 ---p 00001000 08:01 13893850                   /home/alex/Documents/8vo_Semestre/Geometría Computacional/Lab/practica02p1/src/lib/libhalf_edge.so
7f5e9c32d000-7f5e9c32e000 r--p 00001000 08:01 13893850                   /home/alex/Documents/8vo_Semestre/Geometría Computacional/Lab/practica02p1/src/lib/libhalf_edge.so
7f5e9c32e000-7f5e9c32f000 rw-p 00002000 08:01 13893850                   /home/alex/Documents/8vo_Semestre/Geometría Computacional/Lab/practica02p1/src/lib/libhalf_edge.so
7f5e9c32f000-7f5e9c330000 r-xp 00000000 08:01 13893849                   /home/alex/Documents/8vo_Semestre/Geometría Computacional/Lab/practica02p1/src/lib/lib2d_points.so
7f5e9c330000-7f5e9c52f000 ---p 00001000 08:01 13893849                   /home/alex/Documents/8vo_Semestre/Geometría Computacional/Lab/practica02p1/src/lib/lib2d_points.so
7f5e9c52f000-7f5e9c530000 r--p 00000000 08:01 13893849                   /home/alex/Documents/8vo_Semestre/Geometría Computacional/Lab/practica02p1/src/lib/lib2d_points.so
7f5e9c530000-7f5e9c531000 rw-p 00001000 08:01 13893849                   /home/alex/Documents/8vo_Semestre/Geometría Computacional/Lab/practica02p1/src/lib/lib2d_points.so
7f5e9c531000-7f5e9c534000 ---p 00000000 00:00 0 
7f5e9c534000-7f5e9c732000 rw-p 00000000 00:00 0 
7f5e9c732000-7f5e9c735000 ---p 00000000 00:00 0 
7f5e9c735000-7f5e9c933000 rw-p 00000000 00:00 0                          [stack:4321]
7f5e9c933000-7f5e9c936000 ---p 00000000 00:00 0 
7f5e9c936000-7f5e9cb34000 rw-p 00000000 00:00 0 
7f5e9ccb6000-7f5e9ccb9000 ---p 00000000 00:00 0 
7f5e9ccb9000-7f5e9ceb7000 rw-p 00000000 00:00 0                          [stack:4198]
7f5e9ceb7000-7f5e9cec9000 r-xp 00000000 08:01 12059135                   /home/alex/.rbenv/versions/jruby-1.7.10/lib/jni/x86_64-Linux/libjffi-1.2.so
7f5e9cec9000-7f5e9d0c8000 ---p 00012000 08:01 12059135                   /home/alex/.rbenv/versions/jruby-1.7.10/lib/jni/x86_64-Linux/libjffi-1.2.so
7f5e9d0c8000-7f5e9d0c9000 rw-p 00011000 08:01 12059135                   /home/alex/.rbenv/versions/jruby-1.7.10/lib/jni/x86_64-Linux/libjffi-1.2.so
7f5e9d0c9000-7f5e9d0d9000 r-xp 00000000 08:01 15861288                   /usr/lib/jvm/java-7-openjdk-amd64/jre/lib/amd64/libnio.so
7f5e9d0d9000-7f5e9d2d9000 ---p 00010000 08:01 15861288                   /usr/lib/jvm/java-7-openjdk-amd64/jre/lib/amd64/libnio.so
7f5e9d2d9000-7f5e9d2da000 r--p 00010000 08:01 15861288                   /usr/lib/jvm/java-7-openjdk-amd64/jre/lib/amd64/libnio.so
7f5e9d2da000-7f5e9d2db000 rw-p 00011000 08:01 15861288                   /usr/lib/jvm/java-7-openjdk-amd64/jre/lib/amd64/libnio.so
7f5e9d2db000-7f5e9d318000 r-xp 00000000 08:01 8130434                    /lib/x86_64-linux-gnu/libpcre.so.3.13.1
7f5e9d318000-7f5e9d518000 ---p 0003d000 08:01 8130434                    /lib/x86_64-linux-gnu/libpcre.so.3.13.1
7f5e9d518000-7f5e9d519000 r--p 0003d000 08:01 8130434                    /lib/x86_64-linux-gnu/libpcre.so.3.13.1
7f5e9d519000-7f5e9d51a000 rw-p 0003e000 08:01 8130434                    /lib/x86_64-linux-gnu/libpcre.so.3.13.1
7f5e9d51a000-7f5e9d521000 r-xp 00000000 08:01 15735894                   /usr/lib/x86_64-linux-gnu/libffi.so.6.0.1
7f5e9d521000-7f5e9d720000 ---p 00007000 08:01 15735894                   /usr/lib/x86_64-linux-gnu/libffi.so.6.0.1
7f5e9d720000-7f5e9d721000 r--p 00006000 08:01 15735894                   /usr/lib/x86_64-linux-gnu/libffi.so.6.0.1
7f5e9d721000-7f5e9d722000 rw-p 00007000 08:01 15735894                   /usr/lib/x86_64-linux-gnu/libffi.so.6.0.1
7f5e9d722000-7f5e9d738000 r-xp 00000000 08:01 8130457                    /lib/x86_64-linux-gnu/libresolv-2.17.so
7f5e9d738000-7f5e9d938000 ---p 00016000 08:01 8130457                    /lib/x86_64-linux-gnu/libresolv-2.17.so
7f5e9d938000-7f5e9d939000 r--p 00016000 08:01 8130457                    /lib/x86_64-linux-gnu/libresolv-2.17.so
7f5e9d939000-7f5e9d93a000 rw-p 00017000 08:01 8130457                    /lib/x86_64-linux-gnu/libresolv-2.17.so
7f5e9d93a000-7f5e9d93c000 rw-p 00000000 00:00 0 
7f5e9d93c000-7f5e9d95b000 r-xp 00000000 08:01 8130461                    /lib/x86_64-linux-gnu/libselinux.so.1
7f5e9d95b000-7f5e9db5b000 ---p 0001f000 08:01 8130461                    /lib/x86_64-linux-gnu/libselinux.so.1
7f5e9db5b000-7f5e9db5c000 r--p 0001f000 08:01 8130461                    /lib/x86_64-linux-gnu/libselinux.so.1
7f5e9db5c000-7f5e9db5d000 rw-p 00020000 08:01 8130461                    /lib/x86_64-linux-gnu/libselinux.so.1
7f5e9db5d000-7f5e9db5e000 rw-p 00000000 00:00 0 
7f5e9db5e000-7f5e9db61000 r-xp 00000000 08:01 15729078                   /usr/lib/x86_64-linux-gnu/libgmodule-2.0.so.0.3800.1
7f5e9db61000-7f5e9dd60000 ---p 00003000 08:01 15729078                   /usr/lib/x86_64-linux-gnu/libgmodule-2.0.so.0.3800.1
7f5e9dd60000-7f5e9dd61000 r--p 00002000 08:01 15729078                   /usr/lib/x86_64-linux-gnu/libgmodule-2.0.so.0.3800.1
7f5e9dd61000-7f5e9dd62000 rw-p 00003000 08:01 15729078                   /usr/lib/x86_64-linux-gnu/libgmodule-2.0.so.0.3800.1
7f5e9dd62000-7f5e9de60000 r-xp 00000000 08:01 8130449                    /lib/x86_64-linux-gnu/libglib-2.0.so.0.3800.1
7f5e9de60000-7f5e9e060000 ---p 000fe000 08:01 8130449                    /lib/x86_64-linux-gnu/libglib-2.0.so.0.3800.1
7f5e9e060000-7f5e9e061000 r--p 000fe000 08:01 8130449                    /lib/x86_64-linux-gnu/libglib-2.0.so.0.3800.1
7f5e9e061000-7f5e9e062000 rw-p 000ff000 08:01 8130449                    /lib/x86_64-linux-gnu/libglib-2.0.so.0.3800.1
7f5e9e062000-7f5e9e063000 rw-p 00000000 00:00 0 
7f5e9e063000-7f5e9e0b2000 r-xp 00000000 08:01 15729069                   /usr/lib/x86_64-linux-gnu/libgobject-2.0.so.0.3800.1
7f5e9e0b2000-7f5e9e2b2000 ---p 0004f000 08:01 15729069                   /usr/lib/x86_64-linux-gnu/libgobject-2.0.so.0.3800.1
7f5e9e2b2000-7f5e9e2b3000 r--p 0004f000 08:01 15729069                   /usr/lib/x86_64-linux-gnu/libgobject-2.0.so.0.3800.1
7f5e9e2b3000-7f5e9e2b4000 rw-p 00050000 08:01 15729069                   /usr/lib/x86_64-linux-gnu/libgobject-2.0.so.0.3800.1
7f5e9e2b4000-7f5e9e410000 r-xp 00000000 08:01 15729043                   /usr/lib/x86_64-linux-gnu/libgio-2.0.so.0.3800.1
7f5e9e410000-7f5e9e60f000 ---p 0015c000 08:01 15729043                   /usr/lib/x86_64-linux-gnu/libgio-2.0.so.0.3800.1
7f5e9e60f000-7f5e9e613000 r--p 0015b000 08:01 15729043                   /usr/lib/x86_64-linux-gnu/libgio-2.0.so.0.3800.1
7f5e9e613000-7f5e9e615000 rw-p 0015f000 08:01 15729043                   /usr/lib/x86_64-linux-gnu/libgio-2.0.so.0.3800.1
7f5e9e615000-7f5e9e617000 rw-p 00000000 00:00 0 
7f5e9e617000-7f5e9e62d000 r-xp 00000000 08:01 15861076                   /usr/lib/jvm/java-7-openjdk-amd64/jre/lib/amd64/libnet.so
7f5e9e62d000-7f5e9e82c000 ---p 00016000 08:01 15861076                   /usr/lib/jvm/java-7-openjdk-amd64/jre/lib/amd64/libnet.so
7f5e9e82c000-7f5e9e82d000 r--p 00015000 08:01 15861076                   /usr/lib/jvm/java-7-openjdk-amd64/jre/lib/amd64/libnet.so
7f5e9e82d000-7f5e9e82e000 rw-p 00016000 08:01 15861076                   /usr/lib/jvm/java-7-openjdk-amd64/jre/lib/amd64/libnet.so
7f5e9e82e000-7f5e9e82f000 ---p 00000000 00:00 0 
7f5e9e82f000-7f5e9e92f000 rw-p 00000000 00:00 0                          [stack:4197]
7f5e9e92f000-7f5e9e932000 ---p 00000000 00:00 0 
7f5e9e932000-7f5ea0000000 rw-p 00000000 00:00 0                          [stack:4196]
7f5ea0000000-7f5ea0021000 rw-p 00000000 00:00 0 
7f5ea0021000-7f5ea4000000 ---p 00000000 00:00 0 
7f5ea4000000-7f5ea4021000 rw-p 00000000 00:00 0 
7f5ea4021000-7f5ea8000000 ---p 00000000 00:00 0 
7f5ea8000000-7f5ea8021000 rw-p 00000000 00:00 0 
7f5ea8021000-7f5eac000000 ---p 00000000 00:00 0 
7f5eac0fe000-7f5eac101000 ---p 00000000 00:00 0 
7f5eac101000-7f5eac1ff000 rw-p 00000000 00:00 0                          [stack:4195]
7f5eac1ff000-7f5eac202000 ---p 00000000 00:00 0 
7f5eac202000-7f5eac300000 rw-p 00000000 00:00 0                          [stack:4194]
7f5eac300000-7f5eac303000 ---p 00000000 00:00 0 
7f5eac303000-7f5eac501000 rw-p 00000000 00:00 0                          [stack:4193]
7f5eac501000-7f5eac8fb000 r--p 00000000 08:01 15734328                   /usr/lib/locale/locale-archive
7f5eac8fb000-7f5eac8fe000 ---p 00000000 00:00 0 
7f5eac8fe000-7f5eacafc000 rw-p 00000000 00:00 0                          [stack:4192]
7f5eacafc000-7f5eacaff000 ---p 00000000 00:00 0 
7f5eacaff000-7f5eaccfd000 rw-p 00000000 00:00 0                          [stack:4191]
7f5eaccfd000-7f5eaccfe000 ---p 00000000 00:00 0 
7f5eaccfe000-7f5ead000000 rw-p 00000000 00:00 0                          [stack:4190]
7f5ead000000-7f5ead270000 rwxp 00000000 00:00 0 
7f5ead270000-7f5eb04b4000 rw-p 00000000 00:00 0 
7f5eb04b4000-7f5eb4000000 ---p 00000000 00:00 0 
7f5eb400c000-7f5eb400d000 rw-p 00000000 00:00 0 
7f5eb400d000-7f5eb4010000 ---p 00000000 00:00 0 
7f5eb4010000-7f5eb4046000 rw-p 00000000 00:00 0                          [stack:4201]
7f5eb4046000-7f5eb4047000 r-xp 00000000 00:00 0 
7f5eb4047000-7f5eb404e000 r--s 00000000 08:01 16127910                   /usr/lib/x86_64-linux-gnu/gconv/gconv-modules.cache
7f5eb404e000-7f5eb4050000 r--s 00012000 08:01 15861308                   /usr/lib/jvm/java-7-openjdk-amd64/jre/lib/ext/zipfs.jar
7f5eb4050000-7f5eb4053000 r--s 00032000 08:01 15861310                   /usr/lib/jvm/java-7-openjdk-amd64/jre/lib/ext/sunjce_provider.jar
7f5eb4053000-7f5eb4057000 r--s 00085000 08:01 15861304                   /usr/lib/jvm/java-7-openjdk-amd64/jre/lib/ext/localedata.jar
7f5eb4057000-7f5eb4059000 r--s 00006000 08:01 16256853                   /usr/share/java/java-atk-wrapper.jar
7f5eb4059000-7f5eb405a000 r--s 00002000 08:01 15861314                   /usr/lib/jvm/java-7-openjdk-amd64/jre/lib/ext/dnsns.jar
7f5eb405a000-7f5eb405d000 r--s 0000f000 08:01 15861306                   /usr/lib/jvm/java-7-openjdk-amd64/jre/lib/ext/pulse-java.jar
7f5eb405d000-7f5eb4061000 r--s 0003b000 08:01 15861316                   /usr/lib/jvm/java-7-openjdk-amd64/jre/lib/ext/sunpkcs11.jar
7f5eb4061000-7f5eb4e1b000 rw-p 00000000 00:00 0 
7f5eb4e1b000-7f5eb4f04000 r--s 00bb9000 08:01 12059138                   /home/alex/.rbenv/versions/jruby-1.7.10/lib/jruby.jar
7f5eb4f04000-7f5eb4f4c000 rw-p 00000000 00:00 0 
7f5eb4f4c000-7f5eb50fa000 r--s 01cf4000 08:01 15861374                   /usr/lib/jvm/java-7-openjdk-amd64/jre/lib/rt.jar
7f5eb50fa000-7f5eb5340000 rw-p 00000000 00:00 0 
7f5eb5340000-7f5eb5341000 ---p 00000000 00:00 0 
7f5eb5341000-7f5eb5441000 rw-p 00000000 00:00 0                          [stack:4189]
7f5eb5441000-7f5eb5442000 ---p 00000000 00:00 0 
7f5eb5442000-7f5eb5542000 rw-p 00000000 00:00 0                          [stack:4188]
7f5eb5542000-7f5eb5543000 ---p 00000000 00:00 0 
7f5eb5543000-7f5eb5643000 rw-p 00000000 00:00 0                          [stack:4187]
7f5eb5643000-7f5eb5644000 ---p 00000000 00:00 0 
7f5eb5644000-7f5eb5751000 rw-p 00000000 00:00 0                          [stack:4186]
7f5eb5751000-7f5eb5797000 rw-p 00000000 00:00 0 
7f5eb5797000-7f5eb57aa000 rw-p 00000000 00:00 0 
7f5eb57aa000-7f5eb583d000 rw-p 00000000 00:00 0 
7f5eb583d000-7f5eb585e000 rw-p 00000000 00:00 0 
7f5eb585e000-7f5eb5891000 rw-p 00000000 00:00 0 
7f5eb5891000-7f5eb5892000 rw-p 00000000 00:00 0 
7f5eb5892000-7f5eb589a000 r-xp 00000000 08:01 15861025                   /usr/lib/jvm/java-7-openjdk-amd64/jre/lib/amd64/libzip.so
7f5eb589a000-7f5eb5a99000 ---p 00008000 08:01 15861025                   /usr/lib/jvm/java-7-openjdk-amd64/jre/lib/amd64/libzip.so
7f5eb5a99000-7f5eb5a9a000 r--p 00007000 08:01 15861025                   /usr/lib/jvm/java-7-openjdk-amd64/jre/lib/amd64/libzip.so
7f5eb5a9a000-7f5eb5a9b000 rw-p 00008000 08:01 15861025                   /usr/lib/jvm/java-7-openjdk-amd64/jre/lib/amd64/libzip.so
7f5eb5a9b000-7f5eb5aa7000 r-xp 00000000 08:01 8130412                    /lib/x86_64-linux-gnu/libnss_files-2.17.so
7f5eb5aa7000-7f5eb5ca6000 ---p 0000c000 08:01 8130412                    /lib/x86_64-linux-gnu/libnss_files-2.17.so
7f5eb5ca6000-7f5eb5ca7000 r--p 0000b000 08:01 8130412                    /lib/x86_64-linux-gnu/libnss_files-2.17.so
7f5eb5ca7000-7f5eb5ca8000 rw-p 0000c000 08:01 8130412                    /lib/x86_64-linux-gnu/libnss_files-2.17.so
7f5eb5ca8000-7f5eb5cb3000 r-xp 00000000 08:01 8130416                    /lib/x86_64-linux-gnu/libnss_nis-2.17.so
7f5eb5cb3000-7f5eb5eb2000 ---p 0000b000 08:01 8130416                    /lib/x86_64-linux-gnu/libnss_nis-2.17.so
7f5eb5eb2000-7f5eb5eb3000 r--p 0000a000 08:01 8130416                    /lib/x86_64-linux-gnu/libnss_nis-2.17.so
7f5eb5eb3000-7f5eb5eb4000 rw-p 0000b000 08:01 8130416                    /lib/x86_64-linux-gnu/libnss_nis-2.17.so
7f5eb5eb4000-7f5eb5ecb000 r-xp 00000000 08:01 8130406                    /lib/x86_64-linux-gnu/libnsl-2.17.so
7f5eb5ecb000-7f5eb60ca000 ---p 00017000 08:01 8130406                    /lib/x86_64-linux-gnu/libnsl-2.17.so
7f5eb60ca000-7f5eb60cb000 r--p 00016000 08:01 8130406                    /lib/x86_64-linux-gnu/libnsl-2.17.so
7f5eb60cb000-7f5eb60cc000 rw-p 00017000 08:01 8130406                    /lib/x86_64-linux-gnu/libnsl-2.17.so
7f5eb60cc000-7f5eb60ce000 rw-p 00000000 00:00 0 
7f5eb60ce000-7f5eb60d6000 r-xp 00000000 08:01 8130408                    /lib/x86_64-linux-gnu/libnss_compat-2.17.so
7f5eb60d6000-7f5eb62d5000 ---p 00008000 08:01 8130408                    /lib/x86_64-linux-gnu/libnss_compat-2.17.so
7f5eb62d5000-7f5eb62d6000 r--p 00007000 08:01 8130408                    /lib/x86_64-linux-gnu/libnss_compat-2.17.so
7f5eb62d6000-7f5eb62d7000 rw-p 00008000 08:01 8130408                    /lib/x86_64-linux-gnu/libnss_compat-2.17.so
7f5eb62d7000-7f5eb6302000 r-xp 00000000 08:01 15860951                   /usr/lib/jvm/java-7-openjdk-amd64/jre/lib/amd64/libjava.so
7f5eb6302000-7f5eb6501000 ---p 0002b000 08:01 15860951                   /usr/lib/jvm/java-7-openjdk-amd64/jre/lib/amd64/libjava.so
7f5eb6501000-7f5eb6502000 r--p 0002a000 08:01 15860951                   /usr/lib/jvm/java-7-openjdk-amd64/jre/lib/amd64/libjava.so
7f5eb6502000-7f5eb6504000 rw-p 0002b000 08:01 15860951                   /usr/lib/jvm/java-7-openjdk-amd64/jre/lib/amd64/libjava.so
7f5eb6504000-7f5eb6514000 r-xp 00000000 08:01 15861265                   /usr/lib/jvm/java-7-openjdk-amd64/jre/lib/amd64/libverify.so
7f5eb6514000-7f5eb6713000 ---p 00010000 08:01 15861265                   /usr/lib/jvm/java-7-openjdk-amd64/jre/lib/amd64/libverify.so
7f5eb6713000-7f5eb6715000 r--p 0000f000 08:01 15861265                   /usr/lib/jvm/java-7-openjdk-amd64/jre/lib/amd64/libverify.so
7f5eb6715000-7f5eb6716000 rw-p 00011000 08:01 15861265                   /usr/lib/jvm/java-7-openjdk-amd64/jre/lib/amd64/libverify.so
7f5eb6716000-7f5eb671d000 r-xp 00000000 08:01 8130459                    /lib/x86_64-linux-gnu/librt-2.17.so
7f5eb671d000-7f5eb691c000 ---p 00007000 08:01 8130459                    /lib/x86_64-linux-gnu/librt-2.17.so
7f5eb691c000-7f5eb691d000 r--p 00006000 08:01 8130459                    /lib/x86_64-linux-gnu/librt-2.17.so
7f5eb691d000-7f5eb691e000 rw-p 00007000 08:01 8130459                    /lib/x86_64-linux-gnu/librt-2.17.so
7f5eb691e000-7f5eb6921000 ---p 00000000 00:00 0 
7f5eb6921000-7f5eb6b1f000 rw-p 00000000 00:00 0                          [stack:4185]
7f5eb6b1f000-7f5eb6b34000 r-xp 00000000 08:01 8126477                    /lib/x86_64-linux-gnu/libgcc_s.so.1
7f5eb6b34000-7f5eb6d33000 ---p 00015000 08:01 8126477                    /lib/x86_64-linux-gnu/libgcc_s.so.1
7f5eb6d33000-7f5eb6d34000 r--p 00014000 08:01 8126477                    /lib/x86_64-linux-gnu/libgcc_s.so.1
7f5eb6d34000-7f5eb6d35000 rw-p 00015000 08:01 8126477                    /lib/x86_64-linux-gnu/libgcc_s.so.1
7f5eb6d35000-7f5eb6e38000 r-xp 00000000 08:01 8130387                    /lib/x86_64-linux-gnu/libm-2.17.so
7f5eb6e38000-7f5eb7037000 ---p 00103000 08:01 8130387                    /lib/x86_64-linux-gnu/libm-2.17.so
7f5eb7037000-7f5eb7038000 r--p 00102000 08:01 8130387                    /lib/x86_64-linux-gnu/libm-2.17.so
7f5eb7038000-7f5eb7039000 rw-p 00103000 08:01 8130387                    /lib/x86_64-linux-gnu/libm-2.17.so
7f5eb7039000-7f5eb711f000 r-xp 00000000 08:01 15729831                   /usr/lib/x86_64-linux-gnu/libstdc++.so.6.0.18
7f5eb711f000-7f5eb731e000 ---p 000e6000 08:01 15729831                   /usr/lib/x86_64-linux-gnu/libstdc++.so.6.0.18
7f5eb731e000-7f5eb7326000 r--p 000e5000 08:01 15729831                   /usr/lib/x86_64-linux-gnu/libstdc++.so.6.0.18
7f5eb7326000-7f5eb7328000 rw-p 000ed000 08:01 15729831                   /usr/lib/x86_64-linux-gnu/libstdc++.so.6.0.18
7f5eb7328000-7f5eb733d000 rw-p 00000000 00:00 0 
7f5eb733d000-7f5eb7e1c000 r-xp 00000000 08:01 15861284                   /usr/lib/jvm/java-7-openjdk-amd64/jre/lib/amd64/server/libjvm.so
7f5eb7e1c000-7f5eb801b000 ---p 00adf000 08:01 15861284                   /usr/lib/jvm/java-7-openjdk-amd64/jre/lib/amd64/server/libjvm.so
7f5eb801b000-7f5eb80ad000 r--p 00ade000 08:01 15861284                   /usr/lib/jvm/java-7-openjdk-amd64/jre/lib/amd64/server/libjvm.so
7f5eb80ad000-7f5eb80d0000 rw-p 00b70000 08:01 15861284                   /usr/lib/jvm/java-7-openjdk-amd64/jre/lib/amd64/server/libjvm.so
7f5eb80d0000-7f5eb80fd000 rw-p 00000000 00:00 0 
7f5eb80fd000-7f5eb8115000 r-xp 00000000 08:01 8130494                    /lib/x86_64-linux-gnu/libz.so.1.2.8
7f5eb8115000-7f5eb8314000 ---p 00018000 08:01 8130494                    /lib/x86_64-linux-gnu/libz.so.1.2.8
7f5eb8314000-7f5eb8315000 r--p 00017000 08:01 8130494                    /lib/x86_64-linux-gnu/libz.so.1.2.8
7f5eb8315000-7f5eb8316000 rw-p 00018000 08:01 8130494                    /lib/x86_64-linux-gnu/libz.so.1.2.8
7f5eb8316000-7f5eb832d000 r-xp 00000000 08:01 8130451                    /lib/x86_64-linux-gnu/libpthread-2.17.so
7f5eb832d000-7f5eb852d000 ---p 00017000 08:01 8130451                    /lib/x86_64-linux-gnu/libpthread-2.17.so
7f5eb852d000-7f5eb852e000 r--p 00017000 08:01 8130451                    /lib/x86_64-linux-gnu/libpthread-2.17.so
7f5eb852e000-7f5eb852f000 rw-p 00018000 08:01 8130451                    /lib/x86_64-linux-gnu/libpthread-2.17.so
7f5eb852f000-7f5eb8533000 rw-p 00000000 00:00 0 
7f5eb8533000-7f5eb8536000 r-xp 00000000 08:01 8130351                    /lib/x86_64-linux-gnu/libdl-2.17.so
7f5eb8536000-7f5eb8735000 ---p 00003000 08:01 8130351                    /lib/x86_64-linux-gnu/libdl-2.17.so
7f5eb8735000-7f5eb8736000 r--p 00002000 08:01 8130351                    /lib/x86_64-linux-gnu/libdl-2.17.so
7f5eb8736000-7f5eb8737000 rw-p 00003000 08:01 8130351                    /lib/x86_64-linux-gnu/libdl-2.17.so
7f5eb8737000-7f5eb88f4000 r-xp 00000000 08:01 8130336                    /lib/x86_64-linux-gnu/libc-2.17.so
7f5eb88f4000-7f5eb8af4000 ---p 001bd000 08:01 8130336                    /lib/x86_64-linux-gnu/libc-2.17.so
7f5eb8af4000-7f5eb8af8000 r--p 001bd000 08:01 8130336                    /lib/x86_64-linux-gnu/libc-2.17.so
7f5eb8af8000-7f5eb8afa000 rw-p 001c1000 08:01 8130336                    /lib/x86_64-linux-gnu/libc-2.17.so
7f5eb8afa000-7f5eb8aff000 rw-p 00000000 00:00 0 
7f5eb8aff000-7f5eb8b0c000 r-xp 00000000 08:01 15861291                   /usr/lib/jvm/java-7-openjdk-amd64/jre/lib/amd64/jli/libjli.so
7f5eb8b0c000-7f5eb8d0b000 ---p 0000d000 08:01 15861291                   /usr/lib/jvm/java-7-openjdk-amd64/jre/lib/amd64/jli/libjli.so
7f5eb8d0b000-7f5eb8d0c000 r--p 0000c000 08:01 15861291                   /usr/lib/jvm/java-7-openjdk-amd64/jre/lib/amd64/jli/libjli.so
7f5eb8d0c000-7f5eb8d0d000 rw-p 0000d000 08:01 15861291                   /usr/lib/jvm/java-7-openjdk-amd64/jre/lib/amd64/jli/libjli.so
7f5eb8d0d000-7f5eb8d30000 r-xp 00000000 08:01 8130312                    /lib/x86_64-linux-gnu/ld-2.17.so
7f5eb8d30000-7f5eb8d35000 r--s 0004c000 08:01 15861296                   /usr/lib/jvm/java-7-openjdk-amd64/jre/lib/jsse.jar
7f5eb8d35000-7f5eb8d63000 rw-p 00000000 00:00 0 
7f5eb8d63000-7f5eb8da9000 rw-p 00000000 00:00 0 
7f5eb8da9000-7f5eb8dbc000 rw-p 00000000 00:00 0 
7f5eb8dbc000-7f5eb8e50000 rw-p 00000000 00:00 0 
7f5eb8e50000-7f5eb8e5a000 rw-p 00000000 00:00 0 
7f5eb8e5a000-7f5eb8f10000 rw-p 00000000 00:00 0 
7f5eb8f10000-7f5eb8f23000 rw-p 00000000 00:00 0 
7f5eb8f23000-7f5eb8f2b000 rw-s 00000000 08:01 5767459                    /tmp/hsperfdata_alex/4160
7f5eb8f2b000-7f5eb8f2c000 rw-p 00000000 00:00 0 
7f5eb8f2c000-7f5eb8f2d000 r--p 00000000 00:00 0 
7f5eb8f2d000-7f5eb8f2f000 rw-p 00000000 00:00 0 
7f5eb8f2f000-7f5eb8f30000 r--p 00022000 08:01 8130312                    /lib/x86_64-linux-gnu/ld-2.17.so
7f5eb8f30000-7f5eb8f32000 rw-p 00023000 08:01 8130312                    /lib/x86_64-linux-gnu/ld-2.17.so
7fff8e1f4000-7fff8e215000 rw-p 00000000 00:00 0                          [stack]
7fff8e255000-7fff8e257000 r-xp 00000000 00:00 0                          [vdso]
ffffffffff600000-ffffffffff601000 r-xp 00000000 00:00 0                  [vsyscall]

VM Arguments:
jvm_args: -Djdk.home= -Djruby.home=/home/alex/.rbenv/versions/jruby-1.7.10 -Djruby.script=jruby -Djruby.shell=/bin/sh -Djffi.boot.library.path=/home/alex/.rbenv/versions/jruby-1.7.10/lib/jni:/home/alex/.rbenv/versions/jruby-1.7.10/lib/jni/i386-Linux:/home/alex/.rbenv/versions/jruby-1.7.10/lib/jni/arm-Linux:/home/alex/.rbenv/versions/jruby-1.7.10/lib/jni/x86_64-Linux -Xmx500m -Xss2048k -Xbootclasspath/a:/home/alex/.rbenv/versions/jruby-1.7.10/lib/jruby.jar 
java_command: org/jruby/Main Makefile.rb clean compile test clean
Launcher Type: SUN_STANDARD

Environment Variables:
PATH=/home/alex/.rbenv/versions/jruby-1.7.10/bin:/home/alex/.rbenv/libexec:/home/alex/.rbenv/plugins/ruby-build/bin:/home/alex/.rbenv/shims:~/.rbenv/bin:~/.rbenv/bin:/usr/local/sbin:/usr/local/bin:/usr/sbin:/usr/bin:/sbin:/bin:/usr/games:/usr/local/games
USERNAME=alex
SHELL=/bin/bash
DISPLAY=:0

Signal Handlers:
SIGSEGV: [libjvm.so+0x916ea0], sa_mask[0]=0x7ffbfeff, sa_flags=0x10000004
SIGBUS: [libjvm.so+0x916ea0], sa_mask[0]=0x7ffbfeff, sa_flags=0x10000004
SIGFPE: [libjvm.so+0x794800], sa_mask[0]=0x7ffbfeff, sa_flags=0x10000004
SIGPIPE: [libjvm.so+0x794800], sa_mask[0]=0x7ffbfeff, sa_flags=0x10000004
SIGXFSZ: [libjvm.so+0x794800], sa_mask[0]=0x7ffbfeff, sa_flags=0x10000004
SIGILL: [libjvm.so+0x794800], sa_mask[0]=0x7ffbfeff, sa_flags=0x10000004
SIGUSR1: SIG_DFL, sa_mask[0]=0x00000000, sa_flags=0x00000000
SIGUSR2: [libjvm.so+0x7946a0], sa_mask[0]=0x00000000, sa_flags=0x10000004
SIGHUP: [libjvm.so+0x794880], sa_mask[0]=0x7ffbfeff, sa_flags=0x10000004
SIGINT: [libjvm.so+0x794880], sa_mask[0]=0x7ffbfeff, sa_flags=0x10000004
SIGTERM: [libjvm.so+0x794880], sa_mask[0]=0x7ffbfeff, sa_flags=0x10000004
SIGQUIT: [libjvm.so+0x794880], sa_mask[0]=0x7ffbfeff, sa_flags=0x10000004


---------------  S Y S T E M  ---------------

OS:LinuxMint 16 (petra)
uname:Linux 3.11.0-12-generic #19-Ubuntu SMP Wed Oct 9 16:20:46 UTC 2013 x86_64
libc:glibc 2.17 NPTL 2.17 
rlimit: STACK 8192k, CORE 0k, NPROC 28798, NOFILE 4096, AS infinity
load average:0,55 0,20 0,10

/proc/meminfo:
MemTotal:        3715476 kB
MemFree:         2749016 kB
Buffers:           60376 kB
Cached:           461748 kB
SwapCached:            0 kB
Active:           463956 kB
Inactive:         389616 kB
Active(anon):     332448 kB
Inactive(anon):   129208 kB
Active(file):     131508 kB
Inactive(file):   260408 kB
Unevictable:          28 kB
Mlocked:              28 kB
SwapTotal:       3856380 kB
SwapFree:        3856380 kB
Dirty:               196 kB
Writeback:             0 kB
AnonPages:        331900 kB
Mapped:           109520 kB
Shmem:            130212 kB
Slab:              51092 kB
SReclaimable:      29768 kB
SUnreclaim:        21324 kB
KernelStack:        3216 kB
PageTables:        15760 kB
NFS_Unstable:          0 kB
Bounce:                0 kB
WritebackTmp:          0 kB
CommitLimit:     5714116 kB
Committed_AS:    1663136 kB
VmallocTotal:   34359738367 kB
VmallocUsed:      414316 kB
VmallocChunk:   34359320060 kB
HardwareCorrupted:     0 kB
AnonHugePages:         0 kB
HugePages_Total:       0
HugePages_Free:        0
HugePages_Rsvd:        0
HugePages_Surp:        0
Hugepagesize:       2048 kB
DirectMap4k:       56528 kB
DirectMap2M:     3801088 kB


CPU:total 4 (2 cores per cpu, 2 threads per core) family 6 model 37 stepping 5, cmov, cx8, fxsr, mmx, sse, sse2, sse3, ssse3, sse4.1, sse4.2, popcnt, ht, tsc, tscinvbit

/proc/cpuinfo:
processor	: 0
vendor_id	: GenuineIntel
cpu family	: 6
model		: 37
model name	: Intel(R) Core(TM) i3 CPU       M 380  @ 2.53GHz
stepping	: 5
microcode	: 0x2
cpu MHz		: 2533.000
cache size	: 3072 KB
physical id	: 0
siblings	: 4
core id		: 0
cpu cores	: 2
apicid		: 0
initial apicid	: 0
fpu		: yes
fpu_exception	: yes
cpuid level	: 11
wp		: yes
flags		: fpu vme de pse tsc msr pae mce cx8 apic sep mtrr pge mca cmov pat pse36 clflush dts acpi mmx fxsr sse sse2 ss ht tm pbe syscall nx rdtscp lm constant_tsc arch_perfmon pebs bts rep_good nopl xtopology nonstop_tsc aperfmperf pni dtes64 monitor ds_cpl vmx est tm2 ssse3 cx16 xtpr pdcm pcid sse4_1 sse4_2 popcnt lahf_lm arat dtherm tpr_shadow vnmi flexpriority ept vpid
bogomips	: 5054.41
clflush size	: 64
cache_alignment	: 64
address sizes	: 36 bits physical, 48 bits virtual
power management:

processor	: 1
vendor_id	: GenuineIntel
cpu family	: 6
model		: 37
model name	: Intel(R) Core(TM) i3 CPU       M 380  @ 2.53GHz
stepping	: 5
microcode	: 0x2
cpu MHz		: 2533.000
cache size	: 3072 KB
physical id	: 0
siblings	: 4
core id		: 0
cpu cores	: 2
apicid		: 1
initial apicid	: 1
fpu		: yes
fpu_exception	: yes
cpuid level	: 11
wp		: yes
flags		: fpu vme de pse tsc msr pae mce cx8 apic sep mtrr pge mca cmov pat pse36 clflush dts acpi mmx fxsr sse sse2 ss ht tm pbe syscall nx rdtscp lm constant_tsc arch_perfmon pebs bts rep_good nopl xtopology nonstop_tsc aperfmperf pni dtes64 monitor ds_cpl vmx est tm2 ssse3 cx16 xtpr pdcm pcid sse4_1 sse4_2 popcnt lahf_lm arat dtherm tpr_shadow vnmi flexpriority ept vpid
bogomips	: 5054.41
clflush size	: 64
cache_alignment	: 64
address sizes	: 36 bits physical, 48 bits virtual
power management:

processor	: 2
vendor_id	: GenuineIntel
cpu family	: 6
model		: 37
model name	: Intel(R) Core(TM) i3 CPU       M 380  @ 2.53GHz
stepping	: 5
microcode	: 0x2
cpu MHz		: 1466.000
cache size	: 3072 KB
physical id	: 0
siblings	: 4
core id		: 2
cpu cores	: 2
apicid		: 4
initial apicid	: 4
fpu		: yes
fpu_exception	: yes
cpuid level	: 11
wp		: yes
flags		: fpu vme de pse tsc msr pae mce cx8 apic sep mtrr pge mca cmov pat pse36 clflush dts acpi mmx fxsr sse sse2 ss ht tm pbe syscall nx rdtscp lm constant_tsc arch_perfmon pebs bts rep_good nopl xtopology nonstop_tsc aperfmperf pni dtes64 monitor ds_cpl vmx est tm2 ssse3 cx16 xtpr pdcm pcid sse4_1 sse4_2 popcnt lahf_lm arat dtherm tpr_shadow vnmi flexpriority ept vpid
bogomips	: 5054.41
clflush size	: 64
cache_alignment	: 64
address sizes	: 36 bits physical, 48 bits virtual
power management:

processor	: 3
vendor_id	: GenuineIntel
cpu family	: 6
model		: 37
model name	: Intel(R) Core(TM) i3 CPU       M 380  @ 2.53GHz
stepping	: 5
microcode	: 0x2
cpu MHz		: 2533.000
cache size	: 3072 KB
physical id	: 0
siblings	: 4
core id		: 2
cpu cores	: 2
apicid		: 5
initial apicid	: 5
fpu		: yes
fpu_exception	: yes
cpuid level	: 11
wp		: yes
flags		: fpu vme de pse tsc msr pae mce cx8 apic sep mtrr pge mca cmov pat pse36 clflush dts acpi mmx fxsr sse sse2 ss ht tm pbe syscall nx rdtscp lm constant_tsc arch_perfmon pebs bts rep_good nopl xtopology nonstop_tsc aperfmperf pni dtes64 monitor ds_cpl vmx est tm2 ssse3 cx16 xtpr pdcm pcid sse4_1 sse4_2 popcnt lahf_lm arat dtherm tpr_shadow vnmi flexpriority ept vpid
bogomips	: 5054.41
clflush size	: 64
cache_alignment	: 64
address sizes	: 36 bits physical, 48 bits virtual
power management:



Memory: 4k page, physical 3715476k(2749016k free), swap 3856380k(3856380k free)

vm_info: OpenJDK 64-Bit Server VM (24.45-b08) for linux-amd64 JRE (1.7.0_51-b00), built on Jan 15 2014 22:02:57 by "buildd" with gcc 4.8.1

time: Mon Apr 21 11:12:53 2014
elapsed time: 4 seconds

