#
# A fatal error has been detected by the Java Runtime Environment:
#
#  SIGSEGV (0xb) at pc=0x00007f9b2e32fdab, pid=27916, tid=140305459185408
#
# JRE version: OpenJDK Runtime Environment (7.0_51) (build 1.7.0_51-b00)
# Java VM: OpenJDK 64-Bit Server VM (24.45-b08 mixed mode linux-amd64 compressed oops)
# Problematic frame:
# C  [libintersection.so+0xdab]  find_intersections+0x1f6
#
# Failed to write core dump. Core dumps have been disabled. To enable core dumping, try "ulimit -c unlimited" before starting Java again
#
# If you would like to submit a bug report, please include
# instructions on how to reproduce the bug and visit:
#   http://icedtea.classpath.org/bugzilla
# The crash happened outside the Java Virtual Machine in native code.
# See problematic frame for where to report the bug.
#

---------------  T H R E A D  ---------------

Current thread (0x00007f9b6400a800):  JavaThread "main" [_thread_in_native, id=27941, stack(0x00007f9b68ee0000,0x00007f9b690e1000)]

siginfo:si_signo=SIGSEGV: si_errno=0, si_code=1 (SEGV_MAPERR), si_addr=0x00000000644d9020

Registers:
RAX=0x00000000644d9000, RBX=0x00000000d79ae270, RCX=0x65646f6e20627220, RDX=0x00007f9b2e7350e0
RSP=0x00007f9b690de030, RBP=0x00007f9b690de080, RSI=0x0000000000000000, RDI=0x00007f9b644d8fb0
R8 =0x00007f9b690e0700, R9 =0x0000000000000020, R10=0x00007f9b690dddd0, R11=0x00007f9b2e5336d2
R12=0x0000000000000000, R13=0x00000000d79ae270, R14=0x00007f9b690de168, R15=0x00007f9b6400a800
RIP=0x00007f9b2e32fdab, EFLAGS=0x0000000000010246, CSGSFS=0x0000000000000033, ERR=0x0000000000000004
  TRAPNO=0x000000000000000e

Top of Stack: (sp=0x00007f9b690de030)
0x00007f9b690de030:   4000000000000000 00007f9b644d8e90
0x00007f9b690de040:   00000000644d9000 00007f9b644d8fb0
0x00007f9b690de050:   00007f9b644d91b0 00007f9b644d9210
0x00007f9b690de060:   00000000f78d99f0 00000000e1075a28
0x00007f9b690de070:   00007f9b690de070 00000000d69ffdfd
0x00007f9b690de080:   00007f9b6446b160 00007f9b2f582cd9
0x00007f9b690de090:   00000000d7d33448 00000000d79ae270
0x00007f9b690de0a0:   00007f9b690de120 00007f9b60e09738
0x00007f9b690de0b0:   00007f9b690de110 00007f9b60dfd233
0x00007f9b690de0c0:   00000000f78d99f0 00000000e136d9b0
0x00007f9b690de0d0:   00007f9b690de0d0 00000000d69ff00f
0x00007f9b690de0e0:   00007f9b690de0e0 0000000000000000
0x00007f9b690de0f0:   00007f9b690de168 00000000d79b6798
0x00007f9b690de100:   0000000000000000 00000000d79ae270
0x00007f9b690de110:   0000000000000000 00007f9b690de140
0x00007f9b690de120:   00007f9b690de1b0 00007f9b60dfd175
0x00007f9b690de130:   00000000e116a998 00007f9b60e05cd7
0x00007f9b690de140:   00007f9b644d8e90 00007f9b60f5b5ac
0x00007f9b690de150:   00007f9b2e32fbb5 00000000e11e4ea8
0x00007f9b690de160:   00007f9b6446b160 00000000d69fba80
0x00007f9b690de170:   00007f9b690de170 00000000d7aab0d7
0x00007f9b690de180:   00007f9b690de1e8 00000000d7ab7330
0x00007f9b690de190:   00000000d7edd710 00000000d7aab118
0x00007f9b690de1a0:   00007f9b690de140 00007f9b690de1c0
0x00007f9b690de1b0:   00007f9b690de238 00007f9b60dfd175
0x00007f9b690de1c0:   00007f9b644d8e90 00000000f59ee208
0x00007f9b690de1d0:   00007f9b2e32fbb5 0000000000000000
0x00007f9b690de1e0:   00000000e1090478 00000000e116dfd0
0x00007f9b690de1f0:   00000000f78da088 00007f9b690de1f8
0x00007f9b690de200:   00000000d7ede424 00007f9b690de280
0x00007f9b690de210:   00000000d7ede880 0000000000000000
0x00007f9b690de220:   00000000d7ede448 00007f9b690de1c0 

Instructions: (pc=0x00007f9b2e32fdab)
0x00007f9b2e32fd8b:   e8 60 fc ff ff 48 8b 45 c8 48 89 c7 b8 00 00 00
0x00007f9b2e32fd9b:   00 e8 8f fc ff ff 48 98 48 89 45 c0 48 8b 45 c0
0x00007f9b2e32fdab:   48 8b 40 20 48 89 45 d8 48 8b 45 c0 48 8b 40 20
0x00007f9b2e32fdbb:   48 8b 50 08 48 8b 45 c0 48 8b 40 20 48 8b 00 48 

Register to memory mapping:

RAX=0x00000000644d9000 is an unknown value
RBX=0x00000000d79ae270 is an oop
{method} 
 - klass: {other class}
RCX=0x65646f6e20627220 is an unknown value
RDX=0x00007f9b2e7350e0: sentinel+0 in lib/librb_tree.so at 0x00007f9b2e532000
RSP=0x00007f9b690de030 is pointing into the stack for thread: 0x00007f9b6400a800
RBP=0x00007f9b690de080 is pointing into the stack for thread: 0x00007f9b6400a800
RSI=0x0000000000000000 is an unknown value
RDI=0x00007f9b644d8fb0 is an unknown value
R8 =0x00007f9b690e0700 is pointing into the stack for thread: 0x00007f9b6400a800
R9 =0x0000000000000020 is an unknown value
R10=0x00007f9b690dddd0 is pointing into the stack for thread: 0x00007f9b6400a800
R11=0x00007f9b2e5336d2: rb_min_node+0 in lib/librb_tree.so at 0x00007f9b2e532000
R12=0x0000000000000000 is an unknown value
R13=0x00000000d79ae270 is an oop
{method} 
 - klass: {other class}
R14=0x00007f9b690de168 is pointing into the stack for thread: 0x00007f9b6400a800
R15=0x00007f9b6400a800 is a thread


Stack: [0x00007f9b68ee0000,0x00007f9b690e1000],  sp=0x00007f9b690de030,  free space=2040k
Native frames: (J=compiled Java code, j=interpreted, Vv=VM code, C=native code)
C  [libintersection.so+0xdab]  find_intersections+0x1f6

Java frames: (J=compiled Java code, j=interpreted, Vv=VM code)
j  com.kenai.jffi.Foreign.invokeL1(JJJ)J+0
j  com.kenai.jffi.Invoker.invokeL1(Lcom/kenai/jffi/CallContext;JJ)J+7
j  org.jruby.ext.ffi.jffi.NativeInvoker$ffi$8.call(Lorg/jruby/runtime/ThreadContext;Lorg/jruby/runtime/builtin/IRubyObject;Lorg/jruby/RubyModule;Ljava/lang/String;Lorg/jruby/runtime/builtin/IRubyObject;)Lorg/jruby/runtime/builtin/IRubyObject;+76
j  org.jruby.runtime.callsite.CachingCallSite.cacheAndCall(Lorg/jruby/runtime/builtin/IRubyObject;Lorg/jruby/RubyClass;Lorg/jruby/runtime/ThreadContext;Lorg/jruby/runtime/builtin/IRubyObject;Lorg/jruby/runtime/builtin/IRubyObject;)Lorg/jruby/runtime/builtin/IRubyObject;+57
J  org.jruby.runtime.callsite.CachingCallSite.call(Lorg/jruby/runtime/ThreadContext;Lorg/jruby/runtime/builtin/IRubyObject;Lorg/jruby/runtime/builtin/IRubyObject;Lorg/jruby/runtime/builtin/IRubyObject;)Lorg/jruby/runtime/builtin/IRubyObject;
J  org.jruby.ast.CallOneArgNode.interpret(Lorg/jruby/Ruby;Lorg/jruby/runtime/ThreadContext;Lorg/jruby/runtime/builtin/IRubyObject;Lorg/jruby/runtime/Block;)Lorg/jruby/runtime/builtin/IRubyObject;
j  org.jruby.ast.LocalAsgnNode.interpret(Lorg/jruby/Ruby;Lorg/jruby/runtime/ThreadContext;Lorg/jruby/runtime/builtin/IRubyObject;Lorg/jruby/runtime/Block;)Lorg/jruby/runtime/builtin/IRubyObject;+30
J  org.jruby.ast.BlockNode.interpret(Lorg/jruby/Ruby;Lorg/jruby/runtime/ThreadContext;Lorg/jruby/runtime/builtin/IRubyObject;Lorg/jruby/runtime/Block;)Lorg/jruby/runtime/builtin/IRubyObject;
j  org.jruby.evaluator.ASTInterpreter.INTERPRET_METHOD(Lorg/jruby/Ruby;Lorg/jruby/runtime/ThreadContext;Ljava/lang/String;ILorg/jruby/RubyModule;Lorg/jruby/ast/Node;Ljava/lang/String;Lorg/jruby/runtime/builtin/IRubyObject;Lorg/jruby/runtime/Block;Z)Lorg/jruby/runtime/builtin/IRubyObject;+30
j  org.jruby.internal.runtime.methods.InterpretedMethod.call(Lorg/jruby/runtime/ThreadContext;Lorg/jruby/runtime/builtin/IRubyObject;Lorg/jruby/RubyModule;Ljava/lang/String;)Lorg/jruby/runtime/builtin/IRubyObject;+80
j  org.jruby.internal.runtime.methods.DefaultMethod.call(Lorg/jruby/runtime/ThreadContext;Lorg/jruby/runtime/builtin/IRubyObject;Lorg/jruby/RubyModule;Ljava/lang/String;)Lorg/jruby/runtime/builtin/IRubyObject;+20
J  org.jruby.ast.CallNoArgNode.interpret(Lorg/jruby/Ruby;Lorg/jruby/runtime/ThreadContext;Lorg/jruby/runtime/builtin/IRubyObject;Lorg/jruby/runtime/Block;)Lorg/jruby/runtime/builtin/IRubyObject;
j  org.jruby.ast.FCallTwoArgNode.interpret(Lorg/jruby/Ruby;Lorg/jruby/runtime/ThreadContext;Lorg/jruby/runtime/builtin/IRubyObject;Lorg/jruby/runtime/Block;)Lorg/jruby/runtime/builtin/IRubyObject;+28
J  org.jruby.ast.BlockNode.interpret(Lorg/jruby/Ruby;Lorg/jruby/runtime/ThreadContext;Lorg/jruby/runtime/builtin/IRubyObject;Lorg/jruby/runtime/Block;)Lorg/jruby/runtime/builtin/IRubyObject;
j  org.jruby.evaluator.ASTInterpreter.INTERPRET_METHOD(Lorg/jruby/Ruby;Lorg/jruby/runtime/ThreadContext;Ljava/lang/String;ILorg/jruby/RubyModule;Lorg/jruby/ast/Node;Ljava/lang/String;Lorg/jruby/runtime/builtin/IRubyObject;Lorg/jruby/runtime/Block;Z)Lorg/jruby/runtime/builtin/IRubyObject;+30
j  org.jruby.internal.runtime.methods.InterpretedMethod.call(Lorg/jruby/runtime/ThreadContext;Lorg/jruby/runtime/builtin/IRubyObject;Lorg/jruby/RubyModule;Ljava/lang/String;)Lorg/jruby/runtime/builtin/IRubyObject;+80
j  org.jruby.internal.runtime.methods.DefaultMethod.call(Lorg/jruby/runtime/ThreadContext;Lorg/jruby/runtime/builtin/IRubyObject;Lorg/jruby/RubyModule;Ljava/lang/String;)Lorg/jruby/runtime/builtin/IRubyObject;+20
j  org.jruby.runtime.callsite.CachingCallSite.cacheAndCall(Lorg/jruby/runtime/builtin/IRubyObject;Lorg/jruby/RubyClass;Lorg/jruby/runtime/ThreadContext;Lorg/jruby/runtime/builtin/IRubyObject;)Lorg/jruby/runtime/builtin/IRubyObject;+53
j  org.jruby.runtime.callsite.CachingCallSite.call(Lorg/jruby/runtime/ThreadContext;Lorg/jruby/runtime/builtin/IRubyObject;Lorg/jruby/runtime/builtin/IRubyObject;)Lorg/jruby/runtime/builtin/IRubyObject;+46
j  Makefile.method__3$RUBY$test(LMakefile;Lorg/jruby/runtime/ThreadContext;Lorg/jruby/runtime/builtin/IRubyObject;Lorg/jruby/runtime/Block;)Lorg/jruby/runtime/builtin/IRubyObject;+130
j  Makefile$method__3$RUBY$test.call(Lorg/jruby/runtime/ThreadContext;Lorg/jruby/runtime/builtin/IRubyObject;Lorg/jruby/RubyModule;Ljava/lang/String;Lorg/jruby/runtime/Block;)Lorg/jruby/runtime/builtin/IRubyObject;+17
j  org.jruby.RubyClass.finvoke(Lorg/jruby/runtime/ThreadContext;Lorg/jruby/runtime/builtin/IRubyObject;Ljava/lang/String;Lorg/jruby/runtime/Block;)Lorg/jruby/runtime/builtin/IRubyObject;+41
j  org.jruby.RubyBasicObject.send19(Lorg/jruby/runtime/ThreadContext;Lorg/jruby/runtime/builtin/IRubyObject;Lorg/jruby/runtime/Block;)Lorg/jruby/runtime/builtin/IRubyObject;+15
j  org.jruby.RubyKernel.send19(Lorg/jruby/runtime/ThreadContext;Lorg/jruby/runtime/builtin/IRubyObject;Lorg/jruby/runtime/builtin/IRubyObject;Lorg/jruby/runtime/Block;)Lorg/jruby/runtime/builtin/IRubyObject;+7
j  org.jruby.RubyKernel$INVOKER$s$send19.call(Lorg/jruby/runtime/ThreadContext;Lorg/jruby/runtime/builtin/IRubyObject;Lorg/jruby/RubyModule;Ljava/lang/String;Lorg/jruby/runtime/builtin/IRubyObject;Lorg/jruby/runtime/Block;)Lorg/jruby/runtime/builtin/IRubyObject;+6
j  org.jruby.internal.runtime.methods.JavaMethod$JavaMethodOneOrNBlock.call(Lorg/jruby/runtime/ThreadContext;Lorg/jruby/runtime/builtin/IRubyObject;Lorg/jruby/RubyModule;Ljava/lang/String;Lorg/jruby/runtime/builtin/IRubyObject;)Lorg/jruby/runtime/builtin/IRubyObject;+11
j  org.jruby.runtime.callsite.CachingCallSite.call(Lorg/jruby/runtime/ThreadContext;Lorg/jruby/runtime/builtin/IRubyObject;Lorg/jruby/runtime/builtin/IRubyObject;Lorg/jruby/runtime/builtin/IRubyObject;)Lorg/jruby/runtime/builtin/IRubyObject;+38
j  Makefile.block_7$RUBY$__file__(LMakefile;Lorg/jruby/runtime/ThreadContext;Lorg/jruby/runtime/builtin/IRubyObject;[Lorg/jruby/runtime/builtin/IRubyObject;Lorg/jruby/runtime/Block;)Lorg/jruby/runtime/builtin/IRubyObject;+46
j  Makefile$block_7$RUBY$__file__.call(Lorg/jruby/runtime/ThreadContext;Lorg/jruby/runtime/builtin/IRubyObject;[Lorg/jruby/runtime/builtin/IRubyObject;Lorg/jruby/runtime/Block;)Lorg/jruby/runtime/builtin/IRubyObject;+9
j  org.jruby.runtime.CompiledBlock19.yield(Lorg/jruby/runtime/ThreadContext;Lorg/jruby/runtime/builtin/IRubyObject;Lorg/jruby/runtime/Binding;Lorg/jruby/runtime/Block$Type;)Lorg/jruby/runtime/builtin/IRubyObject;+52
j  org.jruby.runtime.Block.yield(Lorg/jruby/runtime/ThreadContext;Lorg/jruby/runtime/builtin/IRubyObject;)Lorg/jruby/runtime/builtin/IRubyObject;+14
j  org.jruby.RubyArray.eachCommon(Lorg/jruby/runtime/ThreadContext;Lorg/jruby/runtime/Block;)Lorg/jruby/runtime/builtin/IRubyObject;+41
j  org.jruby.RubyArray.each(Lorg/jruby/runtime/ThreadContext;Lorg/jruby/runtime/Block;)Lorg/jruby/runtime/builtin/IRubyObject;+10
j  org.jruby.RubyArray$INVOKER$i$0$0$each.call(Lorg/jruby/runtime/ThreadContext;Lorg/jruby/runtime/builtin/IRubyObject;Lorg/jruby/RubyModule;Ljava/lang/String;Lorg/jruby/runtime/Block;)Lorg/jruby/runtime/builtin/IRubyObject;+7
j  org.jruby.runtime.callsite.CachingCallSite.cacheAndCall(Lorg/jruby/runtime/builtin/IRubyObject;Lorg/jruby/RubyClass;Lorg/jruby/runtime/Block;Lorg/jruby/runtime/ThreadContext;Lorg/jruby/runtime/builtin/IRubyObject;)Lorg/jruby/runtime/builtin/IRubyObject;+57
j  org.jruby.runtime.callsite.CachingCallSite.callBlock(Lorg/jruby/runtime/ThreadContext;Lorg/jruby/runtime/builtin/IRubyObject;Lorg/jruby/runtime/builtin/IRubyObject;Lorg/jruby/runtime/Block;)Lorg/jruby/runtime/builtin/IRubyObject;+50
j  org.jruby.runtime.callsite.CachingCallSite.callIter(Lorg/jruby/runtime/ThreadContext;Lorg/jruby/runtime/builtin/IRubyObject;Lorg/jruby/runtime/builtin/IRubyObject;Lorg/jruby/runtime/Block;)Lorg/jruby/runtime/builtin/IRubyObject;+6
j  Makefile.__file__(LMakefile;Lorg/jruby/runtime/ThreadContext;Lorg/jruby/runtime/builtin/IRubyObject;[Lorg/jruby/runtime/builtin/IRubyObject;Lorg/jruby/runtime/Block;)Lorg/jruby/runtime/builtin/IRubyObject;+938
j  Makefile.load(Lorg/jruby/runtime/ThreadContext;Lorg/jruby/runtime/builtin/IRubyObject;Z)Lorg/jruby/runtime/builtin/IRubyObject;+22
j  org.jruby.Ruby.runScript(Lorg/jruby/ast/executable/Script;Z)Lorg/jruby/runtime/builtin/IRubyObject;+12
j  org.jruby.Ruby.runScript(Lorg/jruby/ast/executable/Script;)Lorg/jruby/runtime/builtin/IRubyObject;+3
j  org.jruby.Ruby.runNormally(Lorg/jruby/ast/Node;)Lorg/jruby/runtime/builtin/IRubyObject;+73
j  org.jruby.Ruby.runFromMain(Ljava/io/InputStream;Ljava/lang/String;)V+320
j  org.jruby.Main.doRunFromMain(Lorg/jruby/Ruby;Ljava/io/InputStream;Ljava/lang/String;)Lorg/jruby/Main$Status;+12
j  org.jruby.Main.internalRun()Lorg/jruby/Main$Status;+234
j  org.jruby.Main.run([Ljava/lang/String;)Lorg/jruby/Main$Status;+9
j  org.jruby.Main.main([Ljava/lang/String;)V+35
v  ~StubRoutines::call_stub

---------------  P R O C E S S  ---------------

Java Threads: ( => current thread )
  0x00007f9b644fe800 JavaThread "JRubyJIT-2" daemon [_thread_blocked, id=28100, stack(0x00007f9b2ef3f000,0x00007f9b2f140000)]
  0x00007f9b644f0000 JavaThread "process reaper" daemon [_thread_blocked, id=27980, stack(0x00007f9b2f341000,0x00007f9b2f37a000)]
  0x00007f9b644e0800 JavaThread "JRubyJIT-1" daemon [_thread_blocked, id=27977, stack(0x00007f9b2f37a000,0x00007f9b2f57b000)]
  0x00007f9b640ae000 JavaThread "Service Thread" daemon [_thread_blocked, id=27952, stack(0x00007f9b59023000,0x00007f9b59224000)]
  0x00007f9b640ab800 JavaThread "C2 CompilerThread1" daemon [_thread_blocked, id=27951, stack(0x00007f9b59224000,0x00007f9b59325000)]
  0x00007f9b640a8800 JavaThread "C2 CompilerThread0" daemon [_thread_blocked, id=27950, stack(0x00007f9b59325000,0x00007f9b59426000)]
  0x00007f9b640a6800 JavaThread "Signal Dispatcher" daemon [_thread_blocked, id=27949, stack(0x00007f9b59426000,0x00007f9b59627000)]
  0x00007f9b64082800 JavaThread "Finalizer" daemon [_thread_blocked, id=27948, stack(0x00007f9b59a21000,0x00007f9b59c22000)]
  0x00007f9b64080800 JavaThread "Reference Handler" daemon [_thread_blocked, id=27947, stack(0x00007f9b59c22000,0x00007f9b59e23000)]
=>0x00007f9b6400a800 JavaThread "main" [_thread_in_native, id=27941, stack(0x00007f9b68ee0000,0x00007f9b690e1000)]

Other Threads:
  0x00007f9b6407c800 VMThread [stack: 0x00007f9b59e23000,0x00007f9b59f24000] [id=27946]
  0x00007f9b640b8800 WatcherThread [stack: 0x00007f9b58f22000,0x00007f9b59023000] [id=27953]

VM state:not at safepoint (normal execution)

VM Mutex/Monitor currently owned by a thread: None

Heap
 PSYoungGen      total 32768K, used 3223K [0x00000000f5900000, 0x00000000f9900000, 0x0000000100000000)
  eden space 30720K, 3% used [0x00000000f5900000,0x00000000f5a287a0,0x00000000f7700000)
  from space 2048K, 99% used [0x00000000f7700000,0x00000000f78fd528,0x00000000f7900000)
  to   space 2048K, 0% used [0x00000000f9700000,0x00000000f9700000,0x00000000f9900000)
 ParOldGen       total 38400K, used 8843K [0x00000000e0c00000, 0x00000000e3180000, 0x00000000f5900000)
  object space 38400K, 23% used [0x00000000e0c00000,0x00000000e14a2d68,0x00000000e3180000)
 PSPermGen       total 25600K, used 25472K [0x00000000d6600000, 0x00000000d7f00000, 0x00000000e0c00000)
  object space 25600K, 99% used [0x00000000d6600000,0x00000000d7ee0088,0x00000000d7f00000)

Card table byte_map: [0x00007f9b60ca9000,0x00007f9b60df7000] byte_map_base: 0x00007f9b605f6000

Polling page: 0x00007f9b6b4ee000

Code Cache  [0x00007f9b60df7000, 0x00007f9b61067000, 0x00007f9b63df7000)
 total_blobs=931 nmethods=452 adapters=433 free_code_cache=47655Kb largest_free_block=48759296

Compilation events (10 events):
Event: 11,945 Thread 0x00007f9b640a8800  483             org.jruby.runtime.ivars.VariableAccessor::get (12 bytes)
Event: 11,945 Thread 0x00007f9b640ab800  484             org.jruby.runtime.ivars.VariableAccessor::getVariable (27 bytes)
Event: 11,947 Thread 0x00007f9b640ab800 nmethod 484 0x00007f9b60f70290 code [0x00007f9b60f703e0, 0x00007f9b60f70478]
Event: 11,949 Thread 0x00007f9b640a8800 nmethod 483 0x00007f9b60f71a50 code [0x00007f9b60f71ba0, 0x00007f9b60f71c78]
Event: 11,953 Thread 0x00007f9b640ab800  485             org.jruby.util.Qsort::partition (273 bytes)
Event: 11,994 Thread 0x00007f9b640a8800  486             org.jruby.RubyArray::eachCommon (53 bytes)
Event: 12,006 Thread 0x00007f9b640a8800 nmethod 486 0x00007f9b60f71450 code [0x00007f9b60f715c0, 0x00007f9b60f717a8]
Event: 12,006 Thread 0x00007f9b640a8800  487             org.jruby.internal.runtime.methods.DynamicMethod::isUndefined (13 bytes)
Event: 12,007 Thread 0x00007f9b640a8800 nmethod 487 0x00007f9b60f71250 code [0x00007f9b60f71380, 0x00007f9b60f713f8]
Event: 12,019 Thread 0x00007f9b640ab800 nmethod 485 0x00007f9b60f75790 code [0x00007f9b60f75980, 0x00007f9b60f76608]

GC Heap History (6 events):
Event: 3,753 GC heap before
{Heap before GC invocations=1 (full 0):
 PSYoungGen      total 17408K, used 15360K [0x00000000f5900000, 0x00000000f6c00000, 0x0000000100000000)
  eden space 15360K, 100% used [0x00000000f5900000,0x00000000f6800000,0x00000000f6800000)
  from space 2048K, 0% used [0x00000000f6a00000,0x00000000f6a00000,0x00000000f6c00000)
  to   space 2048K, 0% used [0x00000000f6800000,0x00000000f6800000,0x00000000f6a00000)
 ParOldGen       total 38400K, used 0K [0x00000000e0c00000, 0x00000000e3180000, 0x00000000f5900000)
  object space 38400K, 0% used [0x00000000e0c00000,0x00000000e0c00000,0x00000000e3180000)
 PSPermGen       total 21504K, used 18949K [0x00000000d6600000, 0x00000000d7b00000, 0x00000000e0c00000)
  object space 21504K, 88% used [0x00000000d6600000,0x00000000d78817d8,0x00000000d7b00000)
Event: 3,827 GC heap after
Heap after GC invocations=1 (full 0):
 PSYoungGen      total 17408K, used 2035K [0x00000000f5900000, 0x00000000f7b00000, 0x0000000100000000)
  eden space 15360K, 0% used [0x00000000f5900000,0x00000000f5900000,0x00000000f6800000)
  from space 2048K, 99% used [0x00000000f6800000,0x00000000f69fcde8,0x00000000f6a00000)
  to   space 2048K, 0% used [0x00000000f7900000,0x00000000f7900000,0x00000000f7b00000)
 ParOldGen       total 38400K, used 3807K [0x00000000e0c00000, 0x00000000e3180000, 0x00000000f5900000)
  object space 38400K, 9% used [0x00000000e0c00000,0x00000000e0fb7cb0,0x00000000e3180000)
 PSPermGen       total 21504K, used 18949K [0x00000000d6600000, 0x00000000d7b00000, 0x00000000e0c00000)
  object space 21504K, 88% used [0x00000000d6600000,0x00000000d78817d8,0x00000000d7b00000)
}
Event: 6,879 GC heap before
{Heap before GC invocations=2 (full 0):
 PSYoungGen      total 17408K, used 17395K [0x00000000f5900000, 0x00000000f7b00000, 0x0000000100000000)
  eden space 15360K, 100% used [0x00000000f5900000,0x00000000f6800000,0x00000000f6800000)
  from space 2048K, 99% used [0x00000000f6800000,0x00000000f69fcde8,0x00000000f6a00000)
  to   space 2048K, 0% used [0x00000000f7900000,0x00000000f7900000,0x00000000f7b00000)
 ParOldGen       total 38400K, used 3807K [0x00000000e0c00000, 0x00000000e3180000, 0x00000000f5900000)
  object space 38400K, 9% used [0x00000000e0c00000,0x00000000e0fb7cb0,0x00000000e3180000)
 PSPermGen       total 23552K, used 23439K [0x00000000d6600000, 0x00000000d7d00000, 0x00000000e0c00000)
  object space 23552K, 99% used [0x00000000d6600000,0x00000000d7ce3c98,0x00000000d7d00000)
Event: 7,009 GC heap after
Heap after GC invocations=2 (full 0):
 PSYoungGen      total 32768K, used 2021K [0x00000000f5900000, 0x00000000f7b00000, 0x0000000100000000)
  eden space 30720K, 0% used [0x00000000f5900000,0x00000000f5900000,0x00000000f7700000)
  from space 2048K, 98% used [0x00000000f7900000,0x00000000f7af9518,0x00000000f7b00000)
  to   space 2048K, 0% used [0x00000000f7700000,0x00000000f7700000,0x00000000f7900000)
 ParOldGen       total 38400K, used 5878K [0x00000000e0c00000, 0x00000000e3180000, 0x00000000f5900000)
  object space 38400K, 15% used [0x00000000e0c00000,0x00000000e11bdb08,0x00000000e3180000)
 PSPermGen       total 23552K, used 23439K [0x00000000d6600000, 0x00000000d7d00000, 0x00000000e0c00000)
  object space 23552K, 99% used [0x00000000d6600000,0x00000000d7ce3c98,0x00000000d7d00000)
}
Event: 11,876 GC heap before
{Heap before GC invocations=3 (full 0):
 PSYoungGen      total 32768K, used 32741K [0x00000000f5900000, 0x00000000f7b00000, 0x0000000100000000)
  eden space 30720K, 100% used [0x00000000f5900000,0x00000000f7700000,0x00000000f7700000)
  from space 2048K, 98% used [0x00000000f7900000,0x00000000f7af9518,0x00000000f7b00000)
  to   space 2048K, 0% used [0x00000000f7700000,0x00000000f7700000,0x00000000f7900000)
 ParOldGen       total 38400K, used 5878K [0x00000000e0c00000, 0x00000000e3180000, 0x00000000f5900000)
  object space 38400K, 15% used [0x00000000e0c00000,0x00000000e11bdb08,0x00000000e3180000)
 PSPermGen       total 25600K, used 25467K [0x00000000d6600000, 0x00000000d7f00000, 0x00000000e0c00000)
  object space 25600K, 99% used [0x00000000d6600000,0x00000000d7eded08,0x00000000d7f00000)
Event: 11,937 GC heap after
Heap after GC invocations=3 (full 0):
 PSYoungGen      total 32768K, used 2037K [0x00000000f5900000, 0x00000000f9900000, 0x0000000100000000)
  eden space 30720K, 0% used [0x00000000f5900000,0x00000000f5900000,0x00000000f7700000)
  from space 2048K, 99% used [0x00000000f7700000,0x00000000f78fd528,0x00000000f7900000)
  to   space 2048K, 0% used [0x00000000f9700000,0x00000000f9700000,0x00000000f9900000)
 ParOldGen       total 38400K, used 8843K [0x00000000e0c00000, 0x00000000e3180000, 0x00000000f5900000)
  object space 38400K, 23% used [0x00000000e0c00000,0x00000000e14a2d68,0x00000000e3180000)
 PSPermGen       total 25600K, used 25467K [0x00000000d6600000, 0x00000000d7f00000, 0x00000000e0c00000)
  object space 25600K, 99% used [0x00000000d6600000,0x00000000d7eded08,0x00000000d7f00000)
}

Deoptimization events (10 events):
Event: 12,000 Thread 0x00007f9b6400a800 Uncommon trap: reason=class_check action=maybe_recompile pc=0x00007f9b60f64a84 method=org.jruby.ext.ffi.StructByReference.to_native(Lorg/jruby/runtime/ThreadContext;Lorg/jruby/runtime/builtin/IRubyObject;Lorg/jruby/runtime/builtin/IRubyObject;)Lorg/jruby/
Event: 12,002 Thread 0x00007f9b6400a800 Uncommon trap: reason=bimorphic action=maybe_recompile pc=0x00007f9b60f11d40 method=org.jruby.ast.ArgsNode.prepare(Lorg/jruby/runtime/ThreadContext;Lorg/jruby/Ruby;Lorg/jruby/runtime/builtin/IRubyObject;[Lorg/jruby/runtime/builtin/IRubyObject;Lorg/jruby/r
Event: 12,003 Thread 0x00007f9b6400a800 Uncommon trap: reason=class_check action=maybe_recompile pc=0x00007f9b60f71c24 method=org.jruby.runtime.ivars.VariableAccessor.get(Ljava/lang/Object;)Ljava/lang/Object; @ 1
Event: 12,003 Thread 0x00007f9b6400a800 Uncommon trap: reason=class_check action=maybe_recompile pc=0x00007f9b60f71c24 method=org.jruby.runtime.ivars.VariableAccessor.get(Ljava/lang/Object;)Ljava/lang/Object; @ 1
Event: 12,003 Thread 0x00007f9b6400a800 Uncommon trap: reason=class_check action=maybe_recompile pc=0x00007f9b60f71c24 method=org.jruby.runtime.ivars.VariableAccessor.get(Ljava/lang/Object;)Ljava/lang/Object; @ 1
Event: 12,003 Thread 0x00007f9b6400a800 Uncommon trap: reason=class_check action=maybe_recompile pc=0x00007f9b60f71c24 method=org.jruby.runtime.ivars.VariableAccessor.get(Ljava/lang/Object;)Ljava/lang/Object; @ 1
Event: 12,003 Thread 0x00007f9b6400a800 Uncommon trap: reason=bimorphic action=maybe_recompile pc=0x00007f9b60f11d40 method=org.jruby.ast.ArgsNode.prepare(Lorg/jruby/runtime/ThreadContext;Lorg/jruby/Ruby;Lorg/jruby/runtime/builtin/IRubyObject;[Lorg/jruby/runtime/builtin/IRubyObject;Lorg/jruby/r
Event: 12,004 Thread 0x00007f9b6400a800 Uncommon trap: reason=bimorphic action=maybe_recompile pc=0x00007f9b60f11d40 method=org.jruby.ast.ArgsNode.prepare(Lorg/jruby/runtime/ThreadContext;Lorg/jruby/Ruby;Lorg/jruby/runtime/builtin/IRubyObject;[Lorg/jruby/runtime/builtin/IRubyObject;Lorg/jruby/r
Event: 12,005 Thread 0x00007f9b6400a800 Uncommon trap: reason=bimorphic action=maybe_recompile pc=0x00007f9b60f11d40 method=org.jruby.ast.ArgsNode.prepare(Lorg/jruby/runtime/ThreadContext;Lorg/jruby/Ruby;Lorg/jruby/runtime/builtin/IRubyObject;[Lorg/jruby/runtime/builtin/IRubyObject;Lorg/jruby/r
Event: 12,006 Thread 0x00007f9b6400a800 Uncommon trap: reason=bimorphic action=maybe_recompile pc=0x00007f9b60f58744 method=org.jruby.ast.ArgsNode.prepare(Lorg/jruby/runtime/ThreadContext;Lorg/jruby/Ruby;Lorg/jruby/runtime/builtin/IRubyObject;[Lorg/jruby/runtime/builtin/IRubyObject;Lorg/jruby/r

Internal exceptions (10 events):
Event: 10,562 Thread 0x00007f9b6400a800 Threw 0x00000000f7115d58 at /build/buildd/openjdk-7-7u51-2.4.4/build/openjdk/hotspot/src/share/vm/prims/jvm.cpp:1244
Event: 10,562 Thread 0x00007f9b6400a800 Threw 0x00000000f7116808 at /build/buildd/openjdk-7-7u51-2.4.4/build/openjdk/hotspot/src/share/vm/prims/jvm.cpp:1244
Event: 10,566 Thread 0x00007f9b6400a800 Threw 0x00000000f7122378 at /build/buildd/openjdk-7-7u51-2.4.4/build/openjdk/hotspot/src/share/vm/prims/jvm.cpp:1244
Event: 10,567 Thread 0x00007f9b6400a800 Threw 0x00000000f7124438 at /build/buildd/openjdk-7-7u51-2.4.4/build/openjdk/hotspot/src/share/vm/prims/jvm.cpp:1244
Event: 10,567 Thread 0x00007f9b6400a800 Threw 0x00000000f7124ee8 at /build/buildd/openjdk-7-7u51-2.4.4/build/openjdk/hotspot/src/share/vm/prims/jvm.cpp:1244
Event: 10,567 Thread 0x00007f9b6400a800 Threw 0x00000000f7126d88 at /build/buildd/openjdk-7-7u51-2.4.4/build/openjdk/hotspot/src/share/vm/prims/jvm.cpp:1244
Event: 10,568 Thread 0x00007f9b6400a800 Threw 0x00000000f7128e48 at /build/buildd/openjdk-7-7u51-2.4.4/build/openjdk/hotspot/src/share/vm/prims/jvm.cpp:1244
Event: 10,568 Thread 0x00007f9b6400a800 Threw 0x00000000f71298f8 at /build/buildd/openjdk-7-7u51-2.4.4/build/openjdk/hotspot/src/share/vm/prims/jvm.cpp:1244
Event: 12,020 Thread 0x00007f9b644e0800 Threw 0x00000000f59f5b30 at /build/buildd/openjdk-7-7u51-2.4.4/build/openjdk/hotspot/src/share/vm/prims/jvm.cpp:1244
Event: 12,021 Thread 0x00007f9b644e0800 Threw 0x00000000f59f7548 at /build/buildd/openjdk-7-7u51-2.4.4/build/openjdk/hotspot/src/share/vm/prims/jvm.cpp:1244

Events (10 events):
Event: 12,004 Thread 0x00007f9b6400a800 DEOPT PACKING pc=0x00007f9b60f11d40 sp=0x00007f9b690dd9e0
Event: 12,004 Thread 0x00007f9b6400a800 DEOPT UNPACKING pc=0x00007f9b60e30045 sp=0x00007f9b690dd880 mode 2
Event: 12,005 Thread 0x00007f9b6400a800 Uncommon trap: trap_request=0xffffffc6 fr.pc=0x00007f9b60f11d40
Event: 12,005 Thread 0x00007f9b6400a800 DEOPT PACKING pc=0x00007f9b60f11d40 sp=0x00007f9b690dd9e0
Event: 12,005 Thread 0x00007f9b6400a800 DEOPT UNPACKING pc=0x00007f9b60e30045 sp=0x00007f9b690dd880 mode 2
Event: 12,006 Thread 0x00007f9b6400a800 Uncommon trap: trap_request=0xffffffc6 fr.pc=0x00007f9b60f58744
Event: 12,006 Thread 0x00007f9b6400a800 DEOPT PACKING pc=0x00007f9b60f58744 sp=0x00007f9b690dd880
Event: 12,006 Thread 0x00007f9b6400a800 DEOPT UNPACKING pc=0x00007f9b60e30045 sp=0x00007f9b690dd878 mode 2
Event: 12,020 loading class 0x00007f9b2400b120
Event: 12,020 loading class 0x00007f9b2400b120 done


Dynamic libraries:
00400000-00401000 r-xp 00000000 08:01 15861394                           /usr/lib/jvm/java-7-openjdk-amd64/jre/bin/java
00600000-00601000 r--p 00000000 08:01 15861394                           /usr/lib/jvm/java-7-openjdk-amd64/jre/bin/java
00601000-00602000 rw-p 00001000 08:01 15861394                           /usr/lib/jvm/java-7-openjdk-amd64/jre/bin/java
0238e000-023af000 rw-p 00000000 00:00 0                                  [heap]
d6600000-d7f00000 rw-p 00000000 00:00 0 
d7f00000-e0c00000 rw-p 00000000 00:00 0 
e0c00000-e3180000 rw-p 00000000 00:00 0 
e3180000-f5900000 rw-p 00000000 00:00 0 
f5900000-f9900000 rw-p 00000000 00:00 0 
f9900000-100000000 rw-p 00000000 00:00 0 
7f9b14000000-7f9b14021000 rw-p 00000000 00:00 0 
7f9b14021000-7f9b18000000 ---p 00000000 00:00 0 
7f9b18000000-7f9b18021000 rw-p 00000000 00:00 0 
7f9b18021000-7f9b1c000000 ---p 00000000 00:00 0 
7f9b1c000000-7f9b1c021000 rw-p 00000000 00:00 0 
7f9b1c021000-7f9b20000000 ---p 00000000 00:00 0 
7f9b20000000-7f9b20021000 rw-p 00000000 00:00 0 
7f9b20021000-7f9b24000000 ---p 00000000 00:00 0 
7f9b24000000-7f9b24027000 rw-p 00000000 00:00 0 
7f9b24027000-7f9b28000000 ---p 00000000 00:00 0 
7f9b28000000-7f9b28021000 rw-p 00000000 00:00 0 
7f9b28021000-7f9b2c000000 ---p 00000000 00:00 0 
7f9b2e32f000-7f9b2e331000 r-xp 00000000 08:01 13893852                   /home/alex/Documents/8vo_Semestre/Geometría Computacional/Lab/practica02p1/src/lib/libintersection.so
7f9b2e331000-7f9b2e530000 ---p 00002000 08:01 13893852                   /home/alex/Documents/8vo_Semestre/Geometría Computacional/Lab/practica02p1/src/lib/libintersection.so
7f9b2e530000-7f9b2e531000 r--p 00001000 08:01 13893852                   /home/alex/Documents/8vo_Semestre/Geometría Computacional/Lab/practica02p1/src/lib/libintersection.so
7f9b2e531000-7f9b2e532000 rw-p 00002000 08:01 13893852                   /home/alex/Documents/8vo_Semestre/Geometría Computacional/Lab/practica02p1/src/lib/libintersection.so
7f9b2e532000-7f9b2e535000 r-xp 00000000 08:01 13893851                   /home/alex/Documents/8vo_Semestre/Geometría Computacional/Lab/practica02p1/src/lib/librb_tree.so
7f9b2e535000-7f9b2e734000 ---p 00003000 08:01 13893851                   /home/alex/Documents/8vo_Semestre/Geometría Computacional/Lab/practica02p1/src/lib/librb_tree.so
7f9b2e734000-7f9b2e735000 r--p 00002000 08:01 13893851                   /home/alex/Documents/8vo_Semestre/Geometría Computacional/Lab/practica02p1/src/lib/librb_tree.so
7f9b2e735000-7f9b2e736000 rw-p 00003000 08:01 13893851                   /home/alex/Documents/8vo_Semestre/Geometría Computacional/Lab/practica02p1/src/lib/librb_tree.so
7f9b2e736000-7f9b2e738000 r-xp 00000000 08:01 13893850                   /home/alex/Documents/8vo_Semestre/Geometría Computacional/Lab/practica02p1/src/lib/libdouble_linked_list.so
7f9b2e738000-7f9b2e937000 ---p 00002000 08:01 13893850                   /home/alex/Documents/8vo_Semestre/Geometría Computacional/Lab/practica02p1/src/lib/libdouble_linked_list.so
7f9b2e937000-7f9b2e938000 r--p 00001000 08:01 13893850                   /home/alex/Documents/8vo_Semestre/Geometría Computacional/Lab/practica02p1/src/lib/libdouble_linked_list.so
7f9b2e938000-7f9b2e939000 rw-p 00002000 08:01 13893850                   /home/alex/Documents/8vo_Semestre/Geometría Computacional/Lab/practica02p1/src/lib/libdouble_linked_list.so
7f9b2e939000-7f9b2e93a000 r-xp 00000000 08:01 13893835                   /home/alex/Documents/8vo_Semestre/Geometría Computacional/Lab/practica02p1/src/lib/libhalf_edge.so
7f9b2e93a000-7f9b2eb3a000 ---p 00001000 08:01 13893835                   /home/alex/Documents/8vo_Semestre/Geometría Computacional/Lab/practica02p1/src/lib/libhalf_edge.so
7f9b2eb3a000-7f9b2eb3b000 r--p 00001000 08:01 13893835                   /home/alex/Documents/8vo_Semestre/Geometría Computacional/Lab/practica02p1/src/lib/libhalf_edge.so
7f9b2eb3b000-7f9b2eb3c000 rw-p 00002000 08:01 13893835                   /home/alex/Documents/8vo_Semestre/Geometría Computacional/Lab/practica02p1/src/lib/libhalf_edge.so
7f9b2eb3c000-7f9b2eb3d000 r-xp 00000000 08:01 13893834                   /home/alex/Documents/8vo_Semestre/Geometría Computacional/Lab/practica02p1/src/lib/lib2d_points.so
7f9b2eb3d000-7f9b2ed3c000 ---p 00001000 08:01 13893834                   /home/alex/Documents/8vo_Semestre/Geometría Computacional/Lab/practica02p1/src/lib/lib2d_points.so
7f9b2ed3c000-7f9b2ed3d000 r--p 00000000 08:01 13893834                   /home/alex/Documents/8vo_Semestre/Geometría Computacional/Lab/practica02p1/src/lib/lib2d_points.so
7f9b2ed3d000-7f9b2ed3e000 rw-p 00001000 08:01 13893834                   /home/alex/Documents/8vo_Semestre/Geometría Computacional/Lab/practica02p1/src/lib/lib2d_points.so
7f9b2ed3e000-7f9b2ed41000 ---p 00000000 00:00 0 
7f9b2ed41000-7f9b2ef3f000 rw-p 00000000 00:00 0 
7f9b2ef3f000-7f9b2ef42000 ---p 00000000 00:00 0 
7f9b2ef42000-7f9b2f140000 rw-p 00000000 00:00 0                          [stack:28100]
7f9b2f140000-7f9b2f143000 ---p 00000000 00:00 0 
7f9b2f143000-7f9b2f341000 rw-p 00000000 00:00 0 
7f9b2f341000-7f9b2f344000 ---p 00000000 00:00 0 
7f9b2f344000-7f9b2f37a000 rw-p 00000000 00:00 0                          [stack:27980]
7f9b2f37a000-7f9b2f37d000 ---p 00000000 00:00 0 
7f9b2f37d000-7f9b2f57b000 rw-p 00000000 00:00 0                          [stack:27977]
7f9b2f57b000-7f9b2f58d000 r-xp 00000000 08:01 12059135                   /home/alex/.rbenv/versions/jruby-1.7.10/lib/jni/x86_64-Linux/libjffi-1.2.so
7f9b2f58d000-7f9b2f78c000 ---p 00012000 08:01 12059135                   /home/alex/.rbenv/versions/jruby-1.7.10/lib/jni/x86_64-Linux/libjffi-1.2.so
7f9b2f78c000-7f9b2f78d000 rw-p 00011000 08:01 12059135                   /home/alex/.rbenv/versions/jruby-1.7.10/lib/jni/x86_64-Linux/libjffi-1.2.so
7f9b2f78d000-7f9b2f79d000 r-xp 00000000 08:01 15861288                   /usr/lib/jvm/java-7-openjdk-amd64/jre/lib/amd64/libnio.so
7f9b2f79d000-7f9b2f99d000 ---p 00010000 08:01 15861288                   /usr/lib/jvm/java-7-openjdk-amd64/jre/lib/amd64/libnio.so
7f9b2f99d000-7f9b2f99e000 r--p 00010000 08:01 15861288                   /usr/lib/jvm/java-7-openjdk-amd64/jre/lib/amd64/libnio.so
7f9b2f99e000-7f9b2f99f000 rw-p 00011000 08:01 15861288                   /usr/lib/jvm/java-7-openjdk-amd64/jre/lib/amd64/libnio.so
7f9b2f99f000-7f9b2f9dc000 r-xp 00000000 08:01 8130434                    /lib/x86_64-linux-gnu/libpcre.so.3.13.1
7f9b2f9dc000-7f9b2fbdc000 ---p 0003d000 08:01 8130434                    /lib/x86_64-linux-gnu/libpcre.so.3.13.1
7f9b2fbdc000-7f9b2fbdd000 r--p 0003d000 08:01 8130434                    /lib/x86_64-linux-gnu/libpcre.so.3.13.1
7f9b2fbdd000-7f9b2fbde000 rw-p 0003e000 08:01 8130434                    /lib/x86_64-linux-gnu/libpcre.so.3.13.1
7f9b2fbde000-7f9b2fbe5000 r-xp 00000000 08:01 15735894                   /usr/lib/x86_64-linux-gnu/libffi.so.6.0.1
7f9b2fbe5000-7f9b2fde4000 ---p 00007000 08:01 15735894                   /usr/lib/x86_64-linux-gnu/libffi.so.6.0.1
7f9b2fde4000-7f9b2fde5000 r--p 00006000 08:01 15735894                   /usr/lib/x86_64-linux-gnu/libffi.so.6.0.1
7f9b2fde5000-7f9b2fde6000 rw-p 00007000 08:01 15735894                   /usr/lib/x86_64-linux-gnu/libffi.so.6.0.1
7f9b2fde6000-7f9b2fdfc000 r-xp 00000000 08:01 8130457                    /lib/x86_64-linux-gnu/libresolv-2.17.so
7f9b2fdfc000-7f9b2fffc000 ---p 00016000 08:01 8130457                    /lib/x86_64-linux-gnu/libresolv-2.17.so
7f9b2fffc000-7f9b2fffd000 r--p 00016000 08:01 8130457                    /lib/x86_64-linux-gnu/libresolv-2.17.so
7f9b2fffd000-7f9b2fffe000 rw-p 00017000 08:01 8130457                    /lib/x86_64-linux-gnu/libresolv-2.17.so
7f9b2fffe000-7f9b30000000 rw-p 00000000 00:00 0 
7f9b30000000-7f9b30c40000 rw-p 00000000 00:00 0 
7f9b30c40000-7f9b34000000 ---p 00000000 00:00 0 
7f9b34000000-7f9b34021000 rw-p 00000000 00:00 0 
7f9b34021000-7f9b38000000 ---p 00000000 00:00 0 
7f9b38000000-7f9b38021000 rw-p 00000000 00:00 0 
7f9b38021000-7f9b3c000000 ---p 00000000 00:00 0 
7f9b3c000000-7f9b3cd2c000 rw-p 00000000 00:00 0 
7f9b3cd2c000-7f9b40000000 ---p 00000000 00:00 0 
7f9b40000000-7f9b40021000 rw-p 00000000 00:00 0 
7f9b40021000-7f9b44000000 ---p 00000000 00:00 0 
7f9b44000000-7f9b44021000 rw-p 00000000 00:00 0 
7f9b44021000-7f9b48000000 ---p 00000000 00:00 0 
7f9b48000000-7f9b48021000 rw-p 00000000 00:00 0 
7f9b48021000-7f9b4c000000 ---p 00000000 00:00 0 
7f9b4c000000-7f9b4c021000 rw-p 00000000 00:00 0 
7f9b4c021000-7f9b50000000 ---p 00000000 00:00 0 
7f9b50000000-7f9b50021000 rw-p 00000000 00:00 0 
7f9b50021000-7f9b54000000 ---p 00000000 00:00 0 
7f9b54000000-7f9b54021000 rw-p 00000000 00:00 0 
7f9b54021000-7f9b58000000 ---p 00000000 00:00 0 
7f9b58030000-7f9b5804f000 r-xp 00000000 08:01 8130461                    /lib/x86_64-linux-gnu/libselinux.so.1
7f9b5804f000-7f9b5824f000 ---p 0001f000 08:01 8130461                    /lib/x86_64-linux-gnu/libselinux.so.1
7f9b5824f000-7f9b58250000 r--p 0001f000 08:01 8130461                    /lib/x86_64-linux-gnu/libselinux.so.1
7f9b58250000-7f9b58251000 rw-p 00020000 08:01 8130461                    /lib/x86_64-linux-gnu/libselinux.so.1
7f9b58251000-7f9b58252000 rw-p 00000000 00:00 0 
7f9b58252000-7f9b58255000 r-xp 00000000 08:01 15729078                   /usr/lib/x86_64-linux-gnu/libgmodule-2.0.so.0.3800.1
7f9b58255000-7f9b58454000 ---p 00003000 08:01 15729078                   /usr/lib/x86_64-linux-gnu/libgmodule-2.0.so.0.3800.1
7f9b58454000-7f9b58455000 r--p 00002000 08:01 15729078                   /usr/lib/x86_64-linux-gnu/libgmodule-2.0.so.0.3800.1
7f9b58455000-7f9b58456000 rw-p 00003000 08:01 15729078                   /usr/lib/x86_64-linux-gnu/libgmodule-2.0.so.0.3800.1
7f9b58456000-7f9b58554000 r-xp 00000000 08:01 8130449                    /lib/x86_64-linux-gnu/libglib-2.0.so.0.3800.1
7f9b58554000-7f9b58754000 ---p 000fe000 08:01 8130449                    /lib/x86_64-linux-gnu/libglib-2.0.so.0.3800.1
7f9b58754000-7f9b58755000 r--p 000fe000 08:01 8130449                    /lib/x86_64-linux-gnu/libglib-2.0.so.0.3800.1
7f9b58755000-7f9b58756000 rw-p 000ff000 08:01 8130449                    /lib/x86_64-linux-gnu/libglib-2.0.so.0.3800.1
7f9b58756000-7f9b58757000 rw-p 00000000 00:00 0 
7f9b58757000-7f9b587a6000 r-xp 00000000 08:01 15729069                   /usr/lib/x86_64-linux-gnu/libgobject-2.0.so.0.3800.1
7f9b587a6000-7f9b589a6000 ---p 0004f000 08:01 15729069                   /usr/lib/x86_64-linux-gnu/libgobject-2.0.so.0.3800.1
7f9b589a6000-7f9b589a7000 r--p 0004f000 08:01 15729069                   /usr/lib/x86_64-linux-gnu/libgobject-2.0.so.0.3800.1
7f9b589a7000-7f9b589a8000 rw-p 00050000 08:01 15729069                   /usr/lib/x86_64-linux-gnu/libgobject-2.0.so.0.3800.1
7f9b589a8000-7f9b58b04000 r-xp 00000000 08:01 15729043                   /usr/lib/x86_64-linux-gnu/libgio-2.0.so.0.3800.1
7f9b58b04000-7f9b58d03000 ---p 0015c000 08:01 15729043                   /usr/lib/x86_64-linux-gnu/libgio-2.0.so.0.3800.1
7f9b58d03000-7f9b58d07000 r--p 0015b000 08:01 15729043                   /usr/lib/x86_64-linux-gnu/libgio-2.0.so.0.3800.1
7f9b58d07000-7f9b58d09000 rw-p 0015f000 08:01 15729043                   /usr/lib/x86_64-linux-gnu/libgio-2.0.so.0.3800.1
7f9b58d09000-7f9b58d0b000 rw-p 00000000 00:00 0 
7f9b58d0b000-7f9b58d21000 r-xp 00000000 08:01 15861076                   /usr/lib/jvm/java-7-openjdk-amd64/jre/lib/amd64/libnet.so
7f9b58d21000-7f9b58f20000 ---p 00016000 08:01 15861076                   /usr/lib/jvm/java-7-openjdk-amd64/jre/lib/amd64/libnet.so
7f9b58f20000-7f9b58f21000 r--p 00015000 08:01 15861076                   /usr/lib/jvm/java-7-openjdk-amd64/jre/lib/amd64/libnet.so
7f9b58f21000-7f9b58f22000 rw-p 00016000 08:01 15861076                   /usr/lib/jvm/java-7-openjdk-amd64/jre/lib/amd64/libnet.so
7f9b58f22000-7f9b58f23000 ---p 00000000 00:00 0 
7f9b58f23000-7f9b59023000 rw-p 00000000 00:00 0                          [stack:27953]
7f9b59023000-7f9b59026000 ---p 00000000 00:00 0 
7f9b59026000-7f9b59224000 rw-p 00000000 00:00 0                          [stack:27952]
7f9b59224000-7f9b59227000 ---p 00000000 00:00 0 
7f9b59227000-7f9b59325000 rw-p 00000000 00:00 0                          [stack:27951]
7f9b59325000-7f9b59328000 ---p 00000000 00:00 0 
7f9b59328000-7f9b59426000 rw-p 00000000 00:00 0                          [stack:27950]
7f9b59426000-7f9b59429000 ---p 00000000 00:00 0 
7f9b59429000-7f9b59627000 rw-p 00000000 00:00 0                          [stack:27949]
7f9b59627000-7f9b59a21000 r--p 00000000 08:01 15734328                   /usr/lib/locale/locale-archive
7f9b59a21000-7f9b59a24000 ---p 00000000 00:00 0 
7f9b59a24000-7f9b59c22000 rw-p 00000000 00:00 0                          [stack:27948]
7f9b59c22000-7f9b59c25000 ---p 00000000 00:00 0 
7f9b59c25000-7f9b59e23000 rw-p 00000000 00:00 0                          [stack:27947]
7f9b59e23000-7f9b59e24000 ---p 00000000 00:00 0 
7f9b59e24000-7f9b5c000000 rw-p 00000000 00:00 0                          [stack:27946]
7f9b5c000000-7f9b5c021000 rw-p 00000000 00:00 0 
7f9b5c021000-7f9b60000000 ---p 00000000 00:00 0 
7f9b60011000-7f9b60012000 rw-p 00000000 00:00 0 
7f9b60012000-7f9b60013000 r-xp 00000000 00:00 0 
7f9b60013000-7f9b6001a000 r--s 00000000 08:01 16127910                   /usr/lib/x86_64-linux-gnu/gconv/gconv-modules.cache
7f9b6001a000-7f9b6001d000 r--s 00032000 08:01 15861310                   /usr/lib/jvm/java-7-openjdk-amd64/jre/lib/ext/sunjce_provider.jar
7f9b6001d000-7f9b60021000 r--s 00085000 08:01 15861304                   /usr/lib/jvm/java-7-openjdk-amd64/jre/lib/ext/localedata.jar
7f9b60021000-7f9b603a8000 rw-p 00000000 00:00 0 
7f9b603a8000-7f9b60491000 r--s 00bb9000 08:01 12059138                   /home/alex/.rbenv/versions/jruby-1.7.10/lib/jruby.jar
7f9b60491000-7f9b604d9000 rw-p 00000000 00:00 0 
7f9b604d9000-7f9b60687000 r--s 01cf4000 08:01 15861374                   /usr/lib/jvm/java-7-openjdk-amd64/jre/lib/rt.jar
7f9b60687000-7f9b608a5000 rw-p 00000000 00:00 0 
7f9b608a5000-7f9b608a6000 ---p 00000000 00:00 0 
7f9b608a6000-7f9b609a6000 rw-p 00000000 00:00 0                          [stack:27945]
7f9b609a6000-7f9b609a7000 ---p 00000000 00:00 0 
7f9b609a7000-7f9b60aa7000 rw-p 00000000 00:00 0                          [stack:27944]
7f9b60aa7000-7f9b60aa8000 ---p 00000000 00:00 0 
7f9b60aa8000-7f9b60ba8000 rw-p 00000000 00:00 0                          [stack:27943]
7f9b60ba8000-7f9b60ba9000 ---p 00000000 00:00 0 
7f9b60ba9000-7f9b60cb6000 rw-p 00000000 00:00 0                          [stack:27942]
7f9b60cb6000-7f9b60cfc000 rw-p 00000000 00:00 0 
7f9b60cfc000-7f9b60d0f000 rw-p 00000000 00:00 0 
7f9b60d0f000-7f9b60da2000 rw-p 00000000 00:00 0 
7f9b60da2000-7f9b60dc3000 rw-p 00000000 00:00 0 
7f9b60dc3000-7f9b60df6000 rw-p 00000000 00:00 0 
7f9b60df6000-7f9b60df7000 rw-p 00000000 00:00 0 
7f9b60df7000-7f9b61067000 rwxp 00000000 00:00 0 
7f9b61067000-7f9b63df7000 rw-p 00000000 00:00 0 
7f9b63df7000-7f9b63dff000 r-xp 00000000 08:01 15861025                   /usr/lib/jvm/java-7-openjdk-amd64/jre/lib/amd64/libzip.so
7f9b63dff000-7f9b63ffe000 ---p 00008000 08:01 15861025                   /usr/lib/jvm/java-7-openjdk-amd64/jre/lib/amd64/libzip.so
7f9b63ffe000-7f9b63fff000 r--p 00007000 08:01 15861025                   /usr/lib/jvm/java-7-openjdk-amd64/jre/lib/amd64/libzip.so
7f9b63fff000-7f9b64000000 rw-p 00008000 08:01 15861025                   /usr/lib/jvm/java-7-openjdk-amd64/jre/lib/amd64/libzip.so
7f9b64000000-7f9b6452c000 rw-p 00000000 00:00 0 
7f9b6452c000-7f9b68000000 ---p 00000000 00:00 0 
7f9b68000000-7f9b68002000 r--s 00012000 08:01 15861308                   /usr/lib/jvm/java-7-openjdk-amd64/jre/lib/ext/zipfs.jar
7f9b68002000-7f9b68004000 r--s 00006000 08:01 16256853                   /usr/share/java/java-atk-wrapper.jar
7f9b68004000-7f9b68005000 r--s 00002000 08:01 15861314                   /usr/lib/jvm/java-7-openjdk-amd64/jre/lib/ext/dnsns.jar
7f9b68005000-7f9b68008000 r--s 0000f000 08:01 15861306                   /usr/lib/jvm/java-7-openjdk-amd64/jre/lib/ext/pulse-java.jar
7f9b68008000-7f9b6800c000 r--s 0003b000 08:01 15861316                   /usr/lib/jvm/java-7-openjdk-amd64/jre/lib/ext/sunpkcs11.jar
7f9b6800c000-7f9b6805d000 rw-p 00000000 00:00 0 
7f9b6805d000-7f9b68069000 r-xp 00000000 08:01 8130412                    /lib/x86_64-linux-gnu/libnss_files-2.17.so
7f9b68069000-7f9b68268000 ---p 0000c000 08:01 8130412                    /lib/x86_64-linux-gnu/libnss_files-2.17.so
7f9b68268000-7f9b68269000 r--p 0000b000 08:01 8130412                    /lib/x86_64-linux-gnu/libnss_files-2.17.so
7f9b68269000-7f9b6826a000 rw-p 0000c000 08:01 8130412                    /lib/x86_64-linux-gnu/libnss_files-2.17.so
7f9b6826a000-7f9b68275000 r-xp 00000000 08:01 8130416                    /lib/x86_64-linux-gnu/libnss_nis-2.17.so
7f9b68275000-7f9b68474000 ---p 0000b000 08:01 8130416                    /lib/x86_64-linux-gnu/libnss_nis-2.17.so
7f9b68474000-7f9b68475000 r--p 0000a000 08:01 8130416                    /lib/x86_64-linux-gnu/libnss_nis-2.17.so
7f9b68475000-7f9b68476000 rw-p 0000b000 08:01 8130416                    /lib/x86_64-linux-gnu/libnss_nis-2.17.so
7f9b68476000-7f9b6848d000 r-xp 00000000 08:01 8130406                    /lib/x86_64-linux-gnu/libnsl-2.17.so
7f9b6848d000-7f9b6868c000 ---p 00017000 08:01 8130406                    /lib/x86_64-linux-gnu/libnsl-2.17.so
7f9b6868c000-7f9b6868d000 r--p 00016000 08:01 8130406                    /lib/x86_64-linux-gnu/libnsl-2.17.so
7f9b6868d000-7f9b6868e000 rw-p 00017000 08:01 8130406                    /lib/x86_64-linux-gnu/libnsl-2.17.so
7f9b6868e000-7f9b68690000 rw-p 00000000 00:00 0 
7f9b68690000-7f9b68698000 r-xp 00000000 08:01 8130408                    /lib/x86_64-linux-gnu/libnss_compat-2.17.so
7f9b68698000-7f9b68897000 ---p 00008000 08:01 8130408                    /lib/x86_64-linux-gnu/libnss_compat-2.17.so
7f9b68897000-7f9b68898000 r--p 00007000 08:01 8130408                    /lib/x86_64-linux-gnu/libnss_compat-2.17.so
7f9b68898000-7f9b68899000 rw-p 00008000 08:01 8130408                    /lib/x86_64-linux-gnu/libnss_compat-2.17.so
7f9b68899000-7f9b688c4000 r-xp 00000000 08:01 15860951                   /usr/lib/jvm/java-7-openjdk-amd64/jre/lib/amd64/libjava.so
7f9b688c4000-7f9b68ac3000 ---p 0002b000 08:01 15860951                   /usr/lib/jvm/java-7-openjdk-amd64/jre/lib/amd64/libjava.so
7f9b68ac3000-7f9b68ac4000 r--p 0002a000 08:01 15860951                   /usr/lib/jvm/java-7-openjdk-amd64/jre/lib/amd64/libjava.so
7f9b68ac4000-7f9b68ac6000 rw-p 0002b000 08:01 15860951                   /usr/lib/jvm/java-7-openjdk-amd64/jre/lib/amd64/libjava.so
7f9b68ac6000-7f9b68ad6000 r-xp 00000000 08:01 15861265                   /usr/lib/jvm/java-7-openjdk-amd64/jre/lib/amd64/libverify.so
7f9b68ad6000-7f9b68cd5000 ---p 00010000 08:01 15861265                   /usr/lib/jvm/java-7-openjdk-amd64/jre/lib/amd64/libverify.so
7f9b68cd5000-7f9b68cd7000 r--p 0000f000 08:01 15861265                   /usr/lib/jvm/java-7-openjdk-amd64/jre/lib/amd64/libverify.so
7f9b68cd7000-7f9b68cd8000 rw-p 00011000 08:01 15861265                   /usr/lib/jvm/java-7-openjdk-amd64/jre/lib/amd64/libverify.so
7f9b68cd8000-7f9b68cdf000 r-xp 00000000 08:01 8130459                    /lib/x86_64-linux-gnu/librt-2.17.so
7f9b68cdf000-7f9b68ede000 ---p 00007000 08:01 8130459                    /lib/x86_64-linux-gnu/librt-2.17.so
7f9b68ede000-7f9b68edf000 r--p 00006000 08:01 8130459                    /lib/x86_64-linux-gnu/librt-2.17.so
7f9b68edf000-7f9b68ee0000 rw-p 00007000 08:01 8130459                    /lib/x86_64-linux-gnu/librt-2.17.so
7f9b68ee0000-7f9b68ee3000 ---p 00000000 00:00 0 
7f9b68ee3000-7f9b690e1000 rw-p 00000000 00:00 0                          [stack:27941]
7f9b690e1000-7f9b690f6000 r-xp 00000000 08:01 8126477                    /lib/x86_64-linux-gnu/libgcc_s.so.1
7f9b690f6000-7f9b692f5000 ---p 00015000 08:01 8126477                    /lib/x86_64-linux-gnu/libgcc_s.so.1
7f9b692f5000-7f9b692f6000 r--p 00014000 08:01 8126477                    /lib/x86_64-linux-gnu/libgcc_s.so.1
7f9b692f6000-7f9b692f7000 rw-p 00015000 08:01 8126477                    /lib/x86_64-linux-gnu/libgcc_s.so.1
7f9b692f7000-7f9b693fa000 r-xp 00000000 08:01 8130387                    /lib/x86_64-linux-gnu/libm-2.17.so
7f9b693fa000-7f9b695f9000 ---p 00103000 08:01 8130387                    /lib/x86_64-linux-gnu/libm-2.17.so
7f9b695f9000-7f9b695fa000 r--p 00102000 08:01 8130387                    /lib/x86_64-linux-gnu/libm-2.17.so
7f9b695fa000-7f9b695fb000 rw-p 00103000 08:01 8130387                    /lib/x86_64-linux-gnu/libm-2.17.so
7f9b695fb000-7f9b696e1000 r-xp 00000000 08:01 15729831                   /usr/lib/x86_64-linux-gnu/libstdc++.so.6.0.18
7f9b696e1000-7f9b698e0000 ---p 000e6000 08:01 15729831                   /usr/lib/x86_64-linux-gnu/libstdc++.so.6.0.18
7f9b698e0000-7f9b698e8000 r--p 000e5000 08:01 15729831                   /usr/lib/x86_64-linux-gnu/libstdc++.so.6.0.18
7f9b698e8000-7f9b698ea000 rw-p 000ed000 08:01 15729831                   /usr/lib/x86_64-linux-gnu/libstdc++.so.6.0.18
7f9b698ea000-7f9b698ff000 rw-p 00000000 00:00 0 
7f9b698ff000-7f9b6a3de000 r-xp 00000000 08:01 15861284                   /usr/lib/jvm/java-7-openjdk-amd64/jre/lib/amd64/server/libjvm.so
7f9b6a3de000-7f9b6a5dd000 ---p 00adf000 08:01 15861284                   /usr/lib/jvm/java-7-openjdk-amd64/jre/lib/amd64/server/libjvm.so
7f9b6a5dd000-7f9b6a66f000 r--p 00ade000 08:01 15861284                   /usr/lib/jvm/java-7-openjdk-amd64/jre/lib/amd64/server/libjvm.so
7f9b6a66f000-7f9b6a692000 rw-p 00b70000 08:01 15861284                   /usr/lib/jvm/java-7-openjdk-amd64/jre/lib/amd64/server/libjvm.so
7f9b6a692000-7f9b6a6bf000 rw-p 00000000 00:00 0 
7f9b6a6bf000-7f9b6a6d7000 r-xp 00000000 08:01 8130494                    /lib/x86_64-linux-gnu/libz.so.1.2.8
7f9b6a6d7000-7f9b6a8d6000 ---p 00018000 08:01 8130494                    /lib/x86_64-linux-gnu/libz.so.1.2.8
7f9b6a8d6000-7f9b6a8d7000 r--p 00017000 08:01 8130494                    /lib/x86_64-linux-gnu/libz.so.1.2.8
7f9b6a8d7000-7f9b6a8d8000 rw-p 00018000 08:01 8130494                    /lib/x86_64-linux-gnu/libz.so.1.2.8
7f9b6a8d8000-7f9b6a8ef000 r-xp 00000000 08:01 8130451                    /lib/x86_64-linux-gnu/libpthread-2.17.so
7f9b6a8ef000-7f9b6aaef000 ---p 00017000 08:01 8130451                    /lib/x86_64-linux-gnu/libpthread-2.17.so
7f9b6aaef000-7f9b6aaf0000 r--p 00017000 08:01 8130451                    /lib/x86_64-linux-gnu/libpthread-2.17.so
7f9b6aaf0000-7f9b6aaf1000 rw-p 00018000 08:01 8130451                    /lib/x86_64-linux-gnu/libpthread-2.17.so
7f9b6aaf1000-7f9b6aaf5000 rw-p 00000000 00:00 0 
7f9b6aaf5000-7f9b6aaf8000 r-xp 00000000 08:01 8130351                    /lib/x86_64-linux-gnu/libdl-2.17.so
7f9b6aaf8000-7f9b6acf7000 ---p 00003000 08:01 8130351                    /lib/x86_64-linux-gnu/libdl-2.17.so
7f9b6acf7000-7f9b6acf8000 r--p 00002000 08:01 8130351                    /lib/x86_64-linux-gnu/libdl-2.17.so
7f9b6acf8000-7f9b6acf9000 rw-p 00003000 08:01 8130351                    /lib/x86_64-linux-gnu/libdl-2.17.so
7f9b6acf9000-7f9b6aeb6000 r-xp 00000000 08:01 8130336                    /lib/x86_64-linux-gnu/libc-2.17.so
7f9b6aeb6000-7f9b6b0b6000 ---p 001bd000 08:01 8130336                    /lib/x86_64-linux-gnu/libc-2.17.so
7f9b6b0b6000-7f9b6b0ba000 r--p 001bd000 08:01 8130336                    /lib/x86_64-linux-gnu/libc-2.17.so
7f9b6b0ba000-7f9b6b0bc000 rw-p 001c1000 08:01 8130336                    /lib/x86_64-linux-gnu/libc-2.17.so
7f9b6b0bc000-7f9b6b0c1000 rw-p 00000000 00:00 0 
7f9b6b0c1000-7f9b6b0ce000 r-xp 00000000 08:01 15861291                   /usr/lib/jvm/java-7-openjdk-amd64/jre/lib/amd64/jli/libjli.so
7f9b6b0ce000-7f9b6b2cd000 ---p 0000d000 08:01 15861291                   /usr/lib/jvm/java-7-openjdk-amd64/jre/lib/amd64/jli/libjli.so
7f9b6b2cd000-7f9b6b2ce000 r--p 0000c000 08:01 15861291                   /usr/lib/jvm/java-7-openjdk-amd64/jre/lib/amd64/jli/libjli.so
7f9b6b2ce000-7f9b6b2cf000 rw-p 0000d000 08:01 15861291                   /usr/lib/jvm/java-7-openjdk-amd64/jre/lib/amd64/jli/libjli.so
7f9b6b2cf000-7f9b6b2f2000 r-xp 00000000 08:01 8130312                    /lib/x86_64-linux-gnu/ld-2.17.so
7f9b6b2f2000-7f9b6b2f7000 r--s 0004c000 08:01 15861296                   /usr/lib/jvm/java-7-openjdk-amd64/jre/lib/jsse.jar
7f9b6b2f7000-7f9b6b325000 rw-p 00000000 00:00 0 
7f9b6b325000-7f9b6b36b000 rw-p 00000000 00:00 0 
7f9b6b36b000-7f9b6b37e000 rw-p 00000000 00:00 0 
7f9b6b37e000-7f9b6b412000 rw-p 00000000 00:00 0 
7f9b6b412000-7f9b6b41c000 rw-p 00000000 00:00 0 
7f9b6b41c000-7f9b6b4d2000 rw-p 00000000 00:00 0 
7f9b6b4d2000-7f9b6b4e5000 rw-p 00000000 00:00 0 
7f9b6b4e5000-7f9b6b4ed000 rw-s 00000000 08:01 5767366                    /tmp/hsperfdata_alex/27916
7f9b6b4ed000-7f9b6b4ee000 rw-p 00000000 00:00 0 
7f9b6b4ee000-7f9b6b4ef000 r--p 00000000 00:00 0 
7f9b6b4ef000-7f9b6b4f1000 rw-p 00000000 00:00 0 
7f9b6b4f1000-7f9b6b4f2000 r--p 00022000 08:01 8130312                    /lib/x86_64-linux-gnu/ld-2.17.so
7f9b6b4f2000-7f9b6b4f4000 rw-p 00023000 08:01 8130312                    /lib/x86_64-linux-gnu/ld-2.17.so
7fffffcbe000-7fffffcdf000 rw-p 00000000 00:00 0                          [stack]
7fffffdfe000-7fffffe00000 r-xp 00000000 00:00 0                          [vdso]
ffffffffff600000-ffffffffff601000 r-xp 00000000 00:00 0                  [vsyscall]

VM Arguments:
jvm_args: -Djdk.home= -Djruby.home=/home/alex/.rbenv/versions/jruby-1.7.10 -Djruby.script=jruby -Djruby.shell=/bin/sh -Djffi.boot.library.path=/home/alex/.rbenv/versions/jruby-1.7.10/lib/jni:/home/alex/.rbenv/versions/jruby-1.7.10/lib/jni/i386-Linux:/home/alex/.rbenv/versions/jruby-1.7.10/lib/jni/arm-Linux:/home/alex/.rbenv/versions/jruby-1.7.10/lib/jni/x86_64-Linux -Xmx500m -Xss2048k -Xbootclasspath/a:/home/alex/.rbenv/versions/jruby-1.7.10/lib/jruby.jar 
java_command: org/jruby/Main Makefile.rb clean compile test clean
Launcher Type: SUN_STANDARD

Environment Variables:
PATH=/home/alex/.rbenv/versions/jruby-1.7.10/bin:/home/alex/.rbenv/libexec:/home/alex/.rbenv/plugins/ruby-build/bin:/home/alex/.rbenv/shims:~/.rbenv/bin:~/.rbenv/bin:/usr/local/sbin:/usr/local/bin:/usr/sbin:/usr/bin:/sbin:/bin:/usr/games:/usr/local/games
USERNAME=alex
SHELL=/bin/bash
DISPLAY=:0

Signal Handlers:
SIGSEGV: [libjvm.so+0x916ea0], sa_mask[0]=0x7ffbfeff, sa_flags=0x10000004
SIGBUS: [libjvm.so+0x916ea0], sa_mask[0]=0x7ffbfeff, sa_flags=0x10000004
SIGFPE: [libjvm.so+0x794800], sa_mask[0]=0x7ffbfeff, sa_flags=0x10000004
SIGPIPE: [libjvm.so+0x794800], sa_mask[0]=0x7ffbfeff, sa_flags=0x10000004
SIGXFSZ: [libjvm.so+0x794800], sa_mask[0]=0x7ffbfeff, sa_flags=0x10000004
SIGILL: [libjvm.so+0x794800], sa_mask[0]=0x7ffbfeff, sa_flags=0x10000004
SIGUSR1: SIG_DFL, sa_mask[0]=0x00000000, sa_flags=0x00000000
SIGUSR2: [libjvm.so+0x7946a0], sa_mask[0]=0x00000000, sa_flags=0x10000004
SIGHUP: [libjvm.so+0x794880], sa_mask[0]=0x7ffbfeff, sa_flags=0x10000004
SIGINT: [libjvm.so+0x794880], sa_mask[0]=0x7ffbfeff, sa_flags=0x10000004
SIGTERM: [libjvm.so+0x794880], sa_mask[0]=0x7ffbfeff, sa_flags=0x10000004
SIGQUIT: [libjvm.so+0x794880], sa_mask[0]=0x7ffbfeff, sa_flags=0x10000004


---------------  S Y S T E M  ---------------

OS:LinuxMint 16 (petra)
uname:Linux 3.11.0-12-generic #19-Ubuntu SMP Wed Oct 9 16:20:46 UTC 2013 x86_64
libc:glibc 2.17 NPTL 2.17 
rlimit: STACK 8192k, CORE 0k, NPROC 28798, NOFILE 4096, AS infinity
load average:0,95 0,65 0,60

/proc/meminfo:
MemTotal:        3715476 kB
MemFree:         1251048 kB
Buffers:          102108 kB
Cached:          1238480 kB
SwapCached:           28 kB
Active:          1422596 kB
Inactive:         846264 kB
Active(anon):     819364 kB
Inactive(anon):   327612 kB
Active(file):     603232 kB
Inactive(file):   518652 kB
Unevictable:          44 kB
Mlocked:              44 kB
SwapTotal:       3856380 kB
SwapFree:        3855740 kB
Dirty:              1300 kB
Writeback:             0 kB
AnonPages:        928640 kB
Mapped:           185132 kB
Shmem:            218704 kB
Slab:             115408 kB
SReclaimable:      87064 kB
SUnreclaim:        28344 kB
KernelStack:        3832 kB
PageTables:        28512 kB
NFS_Unstable:          0 kB
Bounce:                0 kB
WritebackTmp:          0 kB
CommitLimit:     5714116 kB
Committed_AS:    3621232 kB
VmallocTotal:   34359738367 kB
VmallocUsed:      414940 kB
VmallocChunk:   34359311484 kB
HardwareCorrupted:     0 kB
AnonHugePages:         0 kB
HugePages_Total:       0
HugePages_Free:        0
HugePages_Rsvd:        0
HugePages_Surp:        0
Hugepagesize:       2048 kB
DirectMap4k:       56528 kB
DirectMap2M:     3801088 kB


CPU:total 4 (2 cores per cpu, 2 threads per core) family 6 model 37 stepping 5, cmov, cx8, fxsr, mmx, sse, sse2, sse3, ssse3, sse4.1, sse4.2, popcnt, ht, tsc, tscinvbit

/proc/cpuinfo:
processor	: 0
vendor_id	: GenuineIntel
cpu family	: 6
model		: 37
model name	: Intel(R) Core(TM) i3 CPU       M 380  @ 2.53GHz
stepping	: 5
microcode	: 0x2
cpu MHz		: 933.000
cache size	: 3072 KB
physical id	: 0
siblings	: 4
core id		: 0
cpu cores	: 2
apicid		: 0
initial apicid	: 0
fpu		: yes
fpu_exception	: yes
cpuid level	: 11
wp		: yes
flags		: fpu vme de pse tsc msr pae mce cx8 apic sep mtrr pge mca cmov pat pse36 clflush dts acpi mmx fxsr sse sse2 ss ht tm pbe syscall nx rdtscp lm constant_tsc arch_perfmon pebs bts rep_good nopl xtopology nonstop_tsc aperfmperf pni dtes64 monitor ds_cpl vmx est tm2 ssse3 cx16 xtpr pdcm pcid sse4_1 sse4_2 popcnt lahf_lm arat dtherm tpr_shadow vnmi flexpriority ept vpid
bogomips	: 5054.41
clflush size	: 64
cache_alignment	: 64
address sizes	: 36 bits physical, 48 bits virtual
power management:

processor	: 1
vendor_id	: GenuineIntel
cpu family	: 6
model		: 37
model name	: Intel(R) Core(TM) i3 CPU       M 380  @ 2.53GHz
stepping	: 5
microcode	: 0x2
cpu MHz		: 933.000
cache size	: 3072 KB
physical id	: 0
siblings	: 4
core id		: 0
cpu cores	: 2
apicid		: 1
initial apicid	: 1
fpu		: yes
fpu_exception	: yes
cpuid level	: 11
wp		: yes
flags		: fpu vme de pse tsc msr pae mce cx8 apic sep mtrr pge mca cmov pat pse36 clflush dts acpi mmx fxsr sse sse2 ss ht tm pbe syscall nx rdtscp lm constant_tsc arch_perfmon pebs bts rep_good nopl xtopology nonstop_tsc aperfmperf pni dtes64 monitor ds_cpl vmx est tm2 ssse3 cx16 xtpr pdcm pcid sse4_1 sse4_2 popcnt lahf_lm arat dtherm tpr_shadow vnmi flexpriority ept vpid
bogomips	: 5054.41
clflush size	: 64
cache_alignment	: 64
address sizes	: 36 bits physical, 48 bits virtual
power management:

processor	: 2
vendor_id	: GenuineIntel
cpu family	: 6
model		: 37
model name	: Intel(R) Core(TM) i3 CPU       M 380  @ 2.53GHz
stepping	: 5
microcode	: 0x2
cpu MHz		: 933.000
cache size	: 3072 KB
physical id	: 0
siblings	: 4
core id		: 2
cpu cores	: 2
apicid		: 4
initial apicid	: 4
fpu		: yes
fpu_exception	: yes
cpuid level	: 11
wp		: yes
flags		: fpu vme de pse tsc msr pae mce cx8 apic sep mtrr pge mca cmov pat pse36 clflush dts acpi mmx fxsr sse sse2 ss ht tm pbe syscall nx rdtscp lm constant_tsc arch_perfmon pebs bts rep_good nopl xtopology nonstop_tsc aperfmperf pni dtes64 monitor ds_cpl vmx est tm2 ssse3 cx16 xtpr pdcm pcid sse4_1 sse4_2 popcnt lahf_lm arat dtherm tpr_shadow vnmi flexpriority ept vpid
bogomips	: 5054.41
clflush size	: 64
cache_alignment	: 64
address sizes	: 36 bits physical, 48 bits virtual
power management:

processor	: 3
vendor_id	: GenuineIntel
cpu family	: 6
model		: 37
model name	: Intel(R) Core(TM) i3 CPU       M 380  @ 2.53GHz
stepping	: 5
microcode	: 0x2
cpu MHz		: 933.000
cache size	: 3072 KB
physical id	: 0
siblings	: 4
core id		: 2
cpu cores	: 2
apicid		: 5
initial apicid	: 5
fpu		: yes
fpu_exception	: yes
cpuid level	: 11
wp		: yes
flags		: fpu vme de pse tsc msr pae mce cx8 apic sep mtrr pge mca cmov pat pse36 clflush dts acpi mmx fxsr sse sse2 ss ht tm pbe syscall nx rdtscp lm constant_tsc arch_perfmon pebs bts rep_good nopl xtopology nonstop_tsc aperfmperf pni dtes64 monitor ds_cpl vmx est tm2 ssse3 cx16 xtpr pdcm pcid sse4_1 sse4_2 popcnt lahf_lm arat dtherm tpr_shadow vnmi flexpriority ept vpid
bogomips	: 5054.41
clflush size	: 64
cache_alignment	: 64
address sizes	: 36 bits physical, 48 bits virtual
power management:



Memory: 4k page, physical 3715476k(1251048k free), swap 3856380k(3855740k free)

vm_info: OpenJDK 64-Bit Server VM (24.45-b08) for linux-amd64 JRE (1.7.0_51-b00), built on Jan 15 2014 22:02:57 by "buildd" with gcc 4.8.1

time: Mon Apr 21 23:48:07 2014
elapsed time: 12 seconds

