#
# A fatal error has been detected by the Java Runtime Environment:
#
#  SIGSEGV (0xb) at pc=0x00007fb0ae786c07, pid=3998, tid=140397200074496
#
# JRE version: OpenJDK Runtime Environment (7.0_51) (build 1.7.0_51-b00)
# Java VM: OpenJDK 64-Bit Server VM (24.45-b08 mixed mode linux-amd64 compressed oops)
# Problematic frame:
# C  [librb_tree.so+0x1c07]  getNext+0x14
#
# Failed to write core dump. Core dumps have been disabled. To enable core dumping, try "ulimit -c unlimited" before starting Java again
#
# If you would like to submit a bug report, please include
# instructions on how to reproduce the bug and visit:
#   http://icedtea.classpath.org/bugzilla
# The crash happened outside the Java Virtual Machine in native code.
# See problematic frame for where to report the bug.
#

---------------  T H R E A D  ---------------

Current thread (0x00007fb0c000a800):  JavaThread "main" [_thread_in_native, id=4023, stack(0x00007fb0c51ce000,0x00007fb0c53cf000)]

siginfo:si_signo=SIGSEGV: si_errno=0, si_code=1 (SEGV_MAPERR), si_addr=0xffffffffc04ce6b8

Registers:
RAX=0xffffffffc04ce6b0, RBX=0x00000000d79ae270, RCX=0x00007fb0c0000020, RDX=0x00007fb0c04ce800
RSP=0x00007fb0c53cc030, RBP=0x00007fb0c53cc030, RSI=0x00007fb0c04ce800, RDI=0xffffffffc04ce6b0
R8 =0x00000000ffffffff, R9 =0x0000000000000020, R10=0x00007fb0c53cbde0, R11=0x00007fb0ae786bf3
R12=0x0000000000000000, R13=0x00000000d79ae270, R14=0x00007fb0c53cc168, R15=0x00007fb0c000a800
RIP=0x00007fb0ae786c07, EFLAGS=0x0000000000010202, CSGSFS=0x0000000000000033, ERR=0x0000000000000005
  TRAPNO=0x000000000000000e

Top of Stack: (sp=0x00007fb0c53cc030)
0x00007fb0c53cc030:   00007fb0c53cc080 00007fb0ae583b22
0x00007fb0c53cc040:   4008000000000000 00007fb0c0464160
0x00007fb0c53cc050:   00007fb0c04b2490 00007fb0c04ce7a0
0x00007fb0c53cc060:   00007fb0c04ce800 ffffffffc04ce6b0
0x00007fb0c53cc070:   00000000f6b481f8 00000000f797dd70
0x00007fb0c53cc080:   00007fb0c0448b30 00007fb0af79ccd9
0x00007fb0c53cc090:   00007fb0c53cc0d8 00000000d79ae270
0x00007fb0c53cc0a0:   00007fb0c53cc120 00007fb0bd012738
0x00007fb0c53cc0b0:   0000000000000000 00007fb0c53cc0d0
0x00007fb0c53cc0c0:   00007fb0c53cc120 00007fb0bd006233
0x00007fb0c53cc0d0:   00000000f6b481f8 00000000f6b76ec8
0x00007fb0c53cc0e0:   00007fb0c53cc0e0 0000000000000000
0x00007fb0c53cc0f0:   00007fb0c53cc168 00000000d79b6798
0x00007fb0c53cc100:   0000000000000000 00000000d79ae270
0x00007fb0c53cc110:   0000000000000000 00007fb0c53cc140
0x00007fb0c53cc120:   00007fb0c53cc1b0 00007fb0bd006175
0x00007fb0c53cc130:   00000000e1165898 00007fb0bd00ecd7
0x00007fb0c53cc140:   00007fb0c0464160 00007fb0bd0cc72c
0x00007fb0c53cc150:   00007fb0ae583985 00000000f6a69868
0x00007fb0c53cc160:   00007fb0c0448b30 00000000f6b77510
0x00007fb0c53cc170:   00007fb0c53cc170 00000000d7aab0d7
0x00007fb0c53cc180:   00007fb0c53cc1e8 00000000d7ab7330
0x00007fb0c53cc190:   00000000d7edee28 00000000d7aab118
0x00007fb0c53cc1a0:   00007fb0c53cc140 00007fb0c53cc1c0
0x00007fb0c53cc1b0:   00007fb0c53cc238 00007fb0bd006175
0x00007fb0c53cc1c0:   00007fb0c0464160 00000000f74ba498
0x00007fb0c53cc1d0:   00007fb0ae583985 0000000000000000
0x00007fb0c53cc1e0:   00000000e0fc6488 00000000e1168240
0x00007fb0c53cc1f0:   00000000e1025070 00007fb0c53cc1f8
0x00007fb0c53cc200:   00000000d7edf494 00007fb0c53cc280
0x00007fb0c53cc210:   00000000d7edf8f0 0000000000000000
0x00007fb0c53cc220:   00000000d7edf4b8 00007fb0c53cc1c0 

Instructions: (pc=0x00007fb0ae786c07)
0x00007fb0ae786be7:   8b 40 20 eb 05 b8 00 00 00 00 c9 c3 55 48 89 e5
0x00007fb0ae786bf7:   48 89 7d e8 48 8b 45 e8 48 89 45 f8 48 8b 45 f8
0x00007fb0ae786c07:   48 8b 40 08 48 85 c0 74 2b 48 8b 45 f8 48 8b 40
0x00007fb0ae786c17:   08 48 89 45 f8 eb 0b 48 8b 45 f8 48 8b 00 48 89 

Register to memory mapping:

RAX=0xffffffffc04ce6b0 is an unknown value
RBX=0x00000000d79ae270 is an oop
{method} 
 - klass: {other class}
RCX=0x00007fb0c0000020 is an unknown value
RDX=0x00007fb0c04ce800 is an unknown value
RSP=0x00007fb0c53cc030 is pointing into the stack for thread: 0x00007fb0c000a800
RBP=0x00007fb0c53cc030 is pointing into the stack for thread: 0x00007fb0c000a800
RSI=0x00007fb0c04ce800 is an unknown value
RDI=0xffffffffc04ce6b0 is an unknown value
R8 =0x00000000ffffffff is an unallocated location in the heap
R9 =0x0000000000000020 is an unknown value
R10=0x00007fb0c53cbde0 is pointing into the stack for thread: 0x00007fb0c000a800
R11=0x00007fb0ae786bf3: getNext+0 in lib/librb_tree.so at 0x00007fb0ae785000
R12=0x0000000000000000 is an unknown value
R13=0x00000000d79ae270 is an oop
{method} 
 - klass: {other class}
R14=0x00007fb0c53cc168 is pointing into the stack for thread: 0x00007fb0c000a800
R15=0x00007fb0c000a800 is a thread


Stack: [0x00007fb0c51ce000,0x00007fb0c53cf000],  sp=0x00007fb0c53cc030,  free space=2040k
Native frames: (J=compiled Java code, j=interpreted, Vv=VM code, C=native code)
C  [librb_tree.so+0x1c07]  getNext+0x14
C  [libintersection.so+0xb22]  find_intersections+0x19d

Java frames: (J=compiled Java code, j=interpreted, Vv=VM code)
j  com.kenai.jffi.Foreign.invokeL1(JJJ)J+0
j  com.kenai.jffi.Invoker.invokeL1(Lcom/kenai/jffi/CallContext;JJ)J+7
j  org.jruby.ext.ffi.jffi.NativeInvoker$ffi$7.call(Lorg/jruby/runtime/ThreadContext;Lorg/jruby/runtime/builtin/IRubyObject;Lorg/jruby/RubyModule;Ljava/lang/String;Lorg/jruby/runtime/builtin/IRubyObject;)Lorg/jruby/runtime/builtin/IRubyObject;+76
j  org.jruby.runtime.callsite.CachingCallSite.cacheAndCall(Lorg/jruby/runtime/builtin/IRubyObject;Lorg/jruby/RubyClass;Lorg/jruby/runtime/ThreadContext;Lorg/jruby/runtime/builtin/IRubyObject;Lorg/jruby/runtime/builtin/IRubyObject;)Lorg/jruby/runtime/builtin/IRubyObject;+57
J  org.jruby.runtime.callsite.CachingCallSite.call(Lorg/jruby/runtime/ThreadContext;Lorg/jruby/runtime/builtin/IRubyObject;Lorg/jruby/runtime/builtin/IRubyObject;Lorg/jruby/runtime/builtin/IRubyObject;)Lorg/jruby/runtime/builtin/IRubyObject;
J  org.jruby.ast.CallOneArgNode.interpret(Lorg/jruby/Ruby;Lorg/jruby/runtime/ThreadContext;Lorg/jruby/runtime/builtin/IRubyObject;Lorg/jruby/runtime/Block;)Lorg/jruby/runtime/builtin/IRubyObject;
j  org.jruby.ast.LocalAsgnNode.interpret(Lorg/jruby/Ruby;Lorg/jruby/runtime/ThreadContext;Lorg/jruby/runtime/builtin/IRubyObject;Lorg/jruby/runtime/Block;)Lorg/jruby/runtime/builtin/IRubyObject;+30
J  org.jruby.ast.BlockNode.interpret(Lorg/jruby/Ruby;Lorg/jruby/runtime/ThreadContext;Lorg/jruby/runtime/builtin/IRubyObject;Lorg/jruby/runtime/Block;)Lorg/jruby/runtime/builtin/IRubyObject;
j  org.jruby.evaluator.ASTInterpreter.INTERPRET_METHOD(Lorg/jruby/Ruby;Lorg/jruby/runtime/ThreadContext;Ljava/lang/String;ILorg/jruby/RubyModule;Lorg/jruby/ast/Node;Ljava/lang/String;Lorg/jruby/runtime/builtin/IRubyObject;Lorg/jruby/runtime/Block;Z)Lorg/jruby/runtime/builtin/IRubyObject;+30
j  org.jruby.internal.runtime.methods.InterpretedMethod.call(Lorg/jruby/runtime/ThreadContext;Lorg/jruby/runtime/builtin/IRubyObject;Lorg/jruby/RubyModule;Ljava/lang/String;)Lorg/jruby/runtime/builtin/IRubyObject;+80
j  org.jruby.internal.runtime.methods.DefaultMethod.call(Lorg/jruby/runtime/ThreadContext;Lorg/jruby/runtime/builtin/IRubyObject;Lorg/jruby/RubyModule;Ljava/lang/String;)Lorg/jruby/runtime/builtin/IRubyObject;+20
J  org.jruby.ast.CallNoArgNode.interpret(Lorg/jruby/Ruby;Lorg/jruby/runtime/ThreadContext;Lorg/jruby/runtime/builtin/IRubyObject;Lorg/jruby/runtime/Block;)Lorg/jruby/runtime/builtin/IRubyObject;
j  org.jruby.ast.FCallTwoArgNode.interpret(Lorg/jruby/Ruby;Lorg/jruby/runtime/ThreadContext;Lorg/jruby/runtime/builtin/IRubyObject;Lorg/jruby/runtime/Block;)Lorg/jruby/runtime/builtin/IRubyObject;+28
J  org.jruby.ast.BlockNode.interpret(Lorg/jruby/Ruby;Lorg/jruby/runtime/ThreadContext;Lorg/jruby/runtime/builtin/IRubyObject;Lorg/jruby/runtime/Block;)Lorg/jruby/runtime/builtin/IRubyObject;
j  org.jruby.evaluator.ASTInterpreter.INTERPRET_METHOD(Lorg/jruby/Ruby;Lorg/jruby/runtime/ThreadContext;Ljava/lang/String;ILorg/jruby/RubyModule;Lorg/jruby/ast/Node;Ljava/lang/String;Lorg/jruby/runtime/builtin/IRubyObject;Lorg/jruby/runtime/Block;Z)Lorg/jruby/runtime/builtin/IRubyObject;+30
j  org.jruby.internal.runtime.methods.InterpretedMethod.call(Lorg/jruby/runtime/ThreadContext;Lorg/jruby/runtime/builtin/IRubyObject;Lorg/jruby/RubyModule;Ljava/lang/String;)Lorg/jruby/runtime/builtin/IRubyObject;+80
j  org.jruby.internal.runtime.methods.DefaultMethod.call(Lorg/jruby/runtime/ThreadContext;Lorg/jruby/runtime/builtin/IRubyObject;Lorg/jruby/RubyModule;Ljava/lang/String;)Lorg/jruby/runtime/builtin/IRubyObject;+20
j  org.jruby.runtime.callsite.CachingCallSite.cacheAndCall(Lorg/jruby/runtime/builtin/IRubyObject;Lorg/jruby/RubyClass;Lorg/jruby/runtime/ThreadContext;Lorg/jruby/runtime/builtin/IRubyObject;)Lorg/jruby/runtime/builtin/IRubyObject;+53
j  org.jruby.runtime.callsite.CachingCallSite.call(Lorg/jruby/runtime/ThreadContext;Lorg/jruby/runtime/builtin/IRubyObject;Lorg/jruby/runtime/builtin/IRubyObject;)Lorg/jruby/runtime/builtin/IRubyObject;+46
j  Makefile.method__3$RUBY$test(LMakefile;Lorg/jruby/runtime/ThreadContext;Lorg/jruby/runtime/builtin/IRubyObject;Lorg/jruby/runtime/Block;)Lorg/jruby/runtime/builtin/IRubyObject;+130
j  Makefile$method__3$RUBY$test.call(Lorg/jruby/runtime/ThreadContext;Lorg/jruby/runtime/builtin/IRubyObject;Lorg/jruby/RubyModule;Ljava/lang/String;Lorg/jruby/runtime/Block;)Lorg/jruby/runtime/builtin/IRubyObject;+17
j  org.jruby.RubyClass.finvoke(Lorg/jruby/runtime/ThreadContext;Lorg/jruby/runtime/builtin/IRubyObject;Ljava/lang/String;Lorg/jruby/runtime/Block;)Lorg/jruby/runtime/builtin/IRubyObject;+41
j  org.jruby.RubyBasicObject.send19(Lorg/jruby/runtime/ThreadContext;Lorg/jruby/runtime/builtin/IRubyObject;Lorg/jruby/runtime/Block;)Lorg/jruby/runtime/builtin/IRubyObject;+15
j  org.jruby.RubyKernel.send19(Lorg/jruby/runtime/ThreadContext;Lorg/jruby/runtime/builtin/IRubyObject;Lorg/jruby/runtime/builtin/IRubyObject;Lorg/jruby/runtime/Block;)Lorg/jruby/runtime/builtin/IRubyObject;+7
j  org.jruby.RubyKernel$INVOKER$s$send19.call(Lorg/jruby/runtime/ThreadContext;Lorg/jruby/runtime/builtin/IRubyObject;Lorg/jruby/RubyModule;Ljava/lang/String;Lorg/jruby/runtime/builtin/IRubyObject;Lorg/jruby/runtime/Block;)Lorg/jruby/runtime/builtin/IRubyObject;+6
j  org.jruby.internal.runtime.methods.JavaMethod$JavaMethodOneOrNBlock.call(Lorg/jruby/runtime/ThreadContext;Lorg/jruby/runtime/builtin/IRubyObject;Lorg/jruby/RubyModule;Ljava/lang/String;Lorg/jruby/runtime/builtin/IRubyObject;)Lorg/jruby/runtime/builtin/IRubyObject;+11
j  org.jruby.runtime.callsite.CachingCallSite.call(Lorg/jruby/runtime/ThreadContext;Lorg/jruby/runtime/builtin/IRubyObject;Lorg/jruby/runtime/builtin/IRubyObject;Lorg/jruby/runtime/builtin/IRubyObject;)Lorg/jruby/runtime/builtin/IRubyObject;+38
j  Makefile.block_7$RUBY$__file__(LMakefile;Lorg/jruby/runtime/ThreadContext;Lorg/jruby/runtime/builtin/IRubyObject;[Lorg/jruby/runtime/builtin/IRubyObject;Lorg/jruby/runtime/Block;)Lorg/jruby/runtime/builtin/IRubyObject;+46
j  Makefile$block_7$RUBY$__file__.call(Lorg/jruby/runtime/ThreadContext;Lorg/jruby/runtime/builtin/IRubyObject;[Lorg/jruby/runtime/builtin/IRubyObject;Lorg/jruby/runtime/Block;)Lorg/jruby/runtime/builtin/IRubyObject;+9
j  org.jruby.runtime.CompiledBlock19.yield(Lorg/jruby/runtime/ThreadContext;Lorg/jruby/runtime/builtin/IRubyObject;Lorg/jruby/runtime/Binding;Lorg/jruby/runtime/Block$Type;)Lorg/jruby/runtime/builtin/IRubyObject;+52
j  org.jruby.runtime.Block.yield(Lorg/jruby/runtime/ThreadContext;Lorg/jruby/runtime/builtin/IRubyObject;)Lorg/jruby/runtime/builtin/IRubyObject;+14
j  org.jruby.RubyArray.eachCommon(Lorg/jruby/runtime/ThreadContext;Lorg/jruby/runtime/Block;)Lorg/jruby/runtime/builtin/IRubyObject;+41
j  org.jruby.RubyArray.each(Lorg/jruby/runtime/ThreadContext;Lorg/jruby/runtime/Block;)Lorg/jruby/runtime/builtin/IRubyObject;+10
j  org.jruby.RubyArray$INVOKER$i$0$0$each.call(Lorg/jruby/runtime/ThreadContext;Lorg/jruby/runtime/builtin/IRubyObject;Lorg/jruby/RubyModule;Ljava/lang/String;Lorg/jruby/runtime/Block;)Lorg/jruby/runtime/builtin/IRubyObject;+7
j  org.jruby.runtime.callsite.CachingCallSite.cacheAndCall(Lorg/jruby/runtime/builtin/IRubyObject;Lorg/jruby/RubyClass;Lorg/jruby/runtime/Block;Lorg/jruby/runtime/ThreadContext;Lorg/jruby/runtime/builtin/IRubyObject;)Lorg/jruby/runtime/builtin/IRubyObject;+57
j  org.jruby.runtime.callsite.CachingCallSite.callBlock(Lorg/jruby/runtime/ThreadContext;Lorg/jruby/runtime/builtin/IRubyObject;Lorg/jruby/runtime/builtin/IRubyObject;Lorg/jruby/runtime/Block;)Lorg/jruby/runtime/builtin/IRubyObject;+50
j  org.jruby.runtime.callsite.CachingCallSite.callIter(Lorg/jruby/runtime/ThreadContext;Lorg/jruby/runtime/builtin/IRubyObject;Lorg/jruby/runtime/builtin/IRubyObject;Lorg/jruby/runtime/Block;)Lorg/jruby/runtime/builtin/IRubyObject;+6
j  Makefile.__file__(LMakefile;Lorg/jruby/runtime/ThreadContext;Lorg/jruby/runtime/builtin/IRubyObject;[Lorg/jruby/runtime/builtin/IRubyObject;Lorg/jruby/runtime/Block;)Lorg/jruby/runtime/builtin/IRubyObject;+938
j  Makefile.load(Lorg/jruby/runtime/ThreadContext;Lorg/jruby/runtime/builtin/IRubyObject;Z)Lorg/jruby/runtime/builtin/IRubyObject;+22
j  org.jruby.Ruby.runScript(Lorg/jruby/ast/executable/Script;Z)Lorg/jruby/runtime/builtin/IRubyObject;+12
j  org.jruby.Ruby.runScript(Lorg/jruby/ast/executable/Script;)Lorg/jruby/runtime/builtin/IRubyObject;+3
j  org.jruby.Ruby.runNormally(Lorg/jruby/ast/Node;)Lorg/jruby/runtime/builtin/IRubyObject;+73
j  org.jruby.Ruby.runFromMain(Ljava/io/InputStream;Ljava/lang/String;)V+320
j  org.jruby.Main.doRunFromMain(Lorg/jruby/Ruby;Ljava/io/InputStream;Ljava/lang/String;)Lorg/jruby/Main$Status;+12
j  org.jruby.Main.internalRun()Lorg/jruby/Main$Status;+234
j  org.jruby.Main.run([Ljava/lang/String;)Lorg/jruby/Main$Status;+9
j  org.jruby.Main.main([Ljava/lang/String;)V+35
v  ~StubRoutines::call_stub

---------------  P R O C E S S  ---------------

Java Threads: ( => current thread )
  0x00007fb0c0488000 JavaThread "JRubyJIT-2" daemon [_thread_blocked, id=4159, stack(0x00007fb0aef91000,0x00007fb0af192000)]
  0x00007fb0c0470000 JavaThread "process reaper" daemon [_thread_blocked, id=4039, stack(0x00007fb0b40bf000,0x00007fb0b40f8000)]
  0x00007fb0c0463000 JavaThread "JRubyJIT-1" daemon [_thread_blocked, id=4036, stack(0x00007fb0af594000,0x00007fb0af795000)]
  0x00007fb0c00ae000 JavaThread "Service Thread" daemon [_thread_blocked, id=4034, stack(0x00007fb0b5305000,0x00007fb0b5506000)]
  0x00007fb0c00ab800 JavaThread "C2 CompilerThread1" daemon [_thread_in_native, id=4033, stack(0x00007fb0b5506000,0x00007fb0b5607000)]
  0x00007fb0c00a8800 JavaThread "C2 CompilerThread0" daemon [_thread_blocked, id=4032, stack(0x00007fb0b5607000,0x00007fb0b5708000)]
  0x00007fb0c00a6800 JavaThread "Signal Dispatcher" daemon [_thread_blocked, id=4031, stack(0x00007fb0b5708000,0x00007fb0b5909000)]
  0x00007fb0c0082800 JavaThread "Finalizer" daemon [_thread_blocked, id=4030, stack(0x00007fb0b5d03000,0x00007fb0b5f04000)]
  0x00007fb0c0080800 JavaThread "Reference Handler" daemon [_thread_blocked, id=4029, stack(0x00007fb0b5f04000,0x00007fb0b6105000)]
=>0x00007fb0c000a800 JavaThread "main" [_thread_in_native, id=4023, stack(0x00007fb0c51ce000,0x00007fb0c53cf000)]

Other Threads:
  0x00007fb0c007c800 VMThread [stack: 0x00007fb0b6105000,0x00007fb0b6206000] [id=4028]
  0x00007fb0c00b8800 WatcherThread [stack: 0x00007fb0b5204000,0x00007fb0b5305000] [id=4035]

VM state:not at safepoint (normal execution)

VM Mutex/Monitor currently owned by a thread: None

Heap
 PSYoungGen      total 32768K, used 30620K [0x00000000f5900000, 0x00000000f7b00000, 0x0000000100000000)
  eden space 30720K, 93% used [0x00000000f5900000,0x00000000f74e9e28,0x00000000f7700000)
  from space 2048K, 99% used [0x00000000f7900000,0x00000000f7afd528,0x00000000f7b00000)
  to   space 2048K, 0% used [0x00000000f7700000,0x00000000f7700000,0x00000000f7900000)
 ParOldGen       total 38400K, used 5857K [0x00000000e0c00000, 0x00000000e3180000, 0x00000000f5900000)
  object space 38400K, 15% used [0x00000000e0c00000,0x00000000e11b8540,0x00000000e3180000)
 PSPermGen       total 25600K, used 25471K [0x00000000d6600000, 0x00000000d7f00000, 0x00000000e0c00000)
  object space 25600K, 99% used [0x00000000d6600000,0x00000000d7edfe40,0x00000000d7f00000)

Card table byte_map: [0x00007fb0bceb2000,0x00007fb0bd000000] byte_map_base: 0x00007fb0bc7ff000

Polling page: 0x00007fb0c77dc000

Code Cache  [0x00007fb0bd000000, 0x00007fb0bd270000, 0x00007fb0c0000000)
 total_blobs=955 nmethods=476 adapters=433 free_code_cache=47601Kb largest_free_block=48710592

Compilation events (10 events):
Event: 4,689 Thread 0x00007fb0c00ab800 nmethod 489 0x00007fb0bd18a810 code [0x00007fb0bd18a980, 0x00007fb0bd18aad0]
Event: 4,690 Thread 0x00007fb0c00a8800  490             org.jruby.RubyArray::modify (53 bytes)
Event: 4,692 Thread 0x00007fb0c00ab800  492             org.jruby.util.Qsort::partition (273 bytes)
Event: 4,695 Thread 0x00007fb0c00a8800 nmethod 490 0x00007fb0bd187150 code [0x00007fb0bd1872e0, 0x00007fb0bd187670]
Event: 4,695 Thread 0x00007fb0c00a8800  493             org.jruby.Ruby::getFFI (5 bytes)
Event: 4,696 Thread 0x00007fb0c00a8800 nmethod 493 0x00007fb0bd189390 code [0x00007fb0bd1894c0, 0x00007fb0bd189518]
Event: 4,696 Thread 0x00007fb0c00a8800  494             org.jruby.RubyArray::safeArraySet (11 bytes)
Event: 4,698 Thread 0x00007fb0c00a8800 nmethod 494 0x00007fb0bd1840d0 code [0x00007fb0bd184220, 0x00007fb0bd184398]
Event: 4,698 Thread 0x00007fb0c00a8800  495   !         org.jruby.RubyArray::safeArraySet (14 bytes)
Event: 4,699 Thread 0x00007fb0c00a8800 nmethod 495 0x00007fb0bd183cd0 code [0x00007fb0bd183e20, 0x00007fb0bd183f78]

GC Heap History (4 events):
Event: 1,346 GC heap before
{Heap before GC invocations=1 (full 0):
 PSYoungGen      total 17408K, used 15360K [0x00000000f5900000, 0x00000000f6c00000, 0x0000000100000000)
  eden space 15360K, 100% used [0x00000000f5900000,0x00000000f6800000,0x00000000f6800000)
  from space 2048K, 0% used [0x00000000f6a00000,0x00000000f6a00000,0x00000000f6c00000)
  to   space 2048K, 0% used [0x00000000f6800000,0x00000000f6800000,0x00000000f6a00000)
 ParOldGen       total 38400K, used 0K [0x00000000e0c00000, 0x00000000e3180000, 0x00000000f5900000)
  object space 38400K, 0% used [0x00000000e0c00000,0x00000000e0c00000,0x00000000e3180000)
 PSPermGen       total 21504K, used 18949K [0x00000000d6600000, 0x00000000d7b00000, 0x00000000e0c00000)
  object space 21504K, 88% used [0x00000000d6600000,0x00000000d78816e8,0x00000000d7b00000)
Event: 1,361 GC heap after
Heap after GC invocations=1 (full 0):
 PSYoungGen      total 17408K, used 2019K [0x00000000f5900000, 0x00000000f7b00000, 0x0000000100000000)
  eden space 15360K, 0% used [0x00000000f5900000,0x00000000f5900000,0x00000000f6800000)
  from space 2048K, 98% used [0x00000000f6800000,0x00000000f69f8df8,0x00000000f6a00000)
  to   space 2048K, 0% used [0x00000000f7900000,0x00000000f7900000,0x00000000f7b00000)
 ParOldGen       total 38400K, used 3793K [0x00000000e0c00000, 0x00000000e3180000, 0x00000000f5900000)
  object space 38400K, 9% used [0x00000000e0c00000,0x00000000e0fb46e8,0x00000000e3180000)
 PSPermGen       total 21504K, used 18949K [0x00000000d6600000, 0x00000000d7b00000, 0x00000000e0c00000)
  object space 21504K, 88% used [0x00000000d6600000,0x00000000d78816e8,0x00000000d7b00000)
}
Event: 2,306 GC heap before
{Heap before GC invocations=2 (full 0):
 PSYoungGen      total 17408K, used 17379K [0x00000000f5900000, 0x00000000f7b00000, 0x0000000100000000)
  eden space 15360K, 100% used [0x00000000f5900000,0x00000000f6800000,0x00000000f6800000)
  from space 2048K, 98% used [0x00000000f6800000,0x00000000f69f8df8,0x00000000f6a00000)
  to   space 2048K, 0% used [0x00000000f7900000,0x00000000f7900000,0x00000000f7b00000)
 ParOldGen       total 38400K, used 3793K [0x00000000e0c00000, 0x00000000e3180000, 0x00000000f5900000)
  object space 38400K, 9% used [0x00000000e0c00000,0x00000000e0fb46e8,0x00000000e3180000)
 PSPermGen       total 23552K, used 23439K [0x00000000d6600000, 0x00000000d7d00000, 0x00000000e0c00000)
  object space 23552K, 99% used [0x00000000d6600000,0x00000000d7ce3ed0,0x00000000d7d00000)
Event: 2,340 GC heap after
Heap after GC invocations=2 (full 0):
 PSYoungGen      total 32768K, used 2037K [0x00000000f5900000, 0x00000000f7b00000, 0x0000000100000000)
  eden space 30720K, 0% used [0x00000000f5900000,0x00000000f5900000,0x00000000f7700000)
  from space 2048K, 99% used [0x00000000f7900000,0x00000000f7afd528,0x00000000f7b00000)
  to   space 2048K, 0% used [0x00000000f7700000,0x00000000f7700000,0x00000000f7900000)
 ParOldGen       total 38400K, used 5857K [0x00000000e0c00000, 0x00000000e3180000, 0x00000000f5900000)
  object space 38400K, 15% used [0x00000000e0c00000,0x00000000e11b8540,0x00000000e3180000)
 PSPermGen       total 23552K, used 23439K [0x00000000d6600000, 0x00000000d7d00000, 0x00000000e0c00000)
  object space 23552K, 99% used [0x00000000d6600000,0x00000000d7ce3ed0,0x00000000d7d00000)
}

Deoptimization events (10 events):
Event: 4,542 Thread 0x00007fb0c000a800 Uncommon trap: reason=class_check action=maybe_recompile pc=0x00007fb0bd14171c method=org.jruby.RubyHash.internalKeyExist(Lorg/jruby/RubyHash$RubyHashEntry;ILorg/jruby/runtime/builtin/IRubyObject;)Z @ 28
Event: 4,542 Thread 0x00007fb0c000a800 Uncommon trap: reason=class_check action=maybe_recompile pc=0x00007fb0bd14171c method=org.jruby.RubyHash.internalKeyExist(Lorg/jruby/RubyHash$RubyHashEntry;ILorg/jruby/runtime/builtin/IRubyObject;)Z @ 28
Event: 4,614 Thread 0x00007fb0c000a800 Uncommon trap: reason=bimorphic action=maybe_recompile pc=0x00007fb0bd0ae4d4 method=org.jruby.RubyHash.internalKeyExist(Lorg/jruby/RubyHash$RubyHashEntry;ILorg/jruby/runtime/builtin/IRubyObject;)Z @ 28
Event: 4,614 Thread 0x00007fb0c000a800 Uncommon trap: reason=bimorphic action=maybe_recompile pc=0x00007fb0bd0ae4d4 method=org.jruby.RubyHash.internalKeyExist(Lorg/jruby/RubyHash$RubyHashEntry;ILorg/jruby/runtime/builtin/IRubyObject;)Z @ 28
Event: 4,614 Thread 0x00007fb0c000a800 Uncommon trap: reason=bimorphic action=maybe_recompile pc=0x00007fb0bd0ae4d4 method=org.jruby.RubyHash.internalKeyExist(Lorg/jruby/RubyHash$RubyHashEntry;ILorg/jruby/runtime/builtin/IRubyObject;)Z @ 28
Event: 4,614 Thread 0x00007fb0c000a800 Uncommon trap: reason=bimorphic action=maybe_recompile pc=0x00007fb0bd0ae4d4 method=org.jruby.RubyHash.internalKeyExist(Lorg/jruby/RubyHash$RubyHashEntry;ILorg/jruby/runtime/builtin/IRubyObject;)Z @ 28
Event: 4,663 Thread 0x00007fb0c000a800 Uncommon trap: reason=class_check action=maybe_recompile pc=0x00007fb0bd1634f8 method=org.jruby.RubyArray.compare(Lorg/jruby/runtime/ThreadContext;Lorg/jruby/runtime/invokedynamic/MethodNames;Lorg/jruby/runtime/builtin/IRubyObject;)Lorg/jruby/RubyBoolean;
Event: 4,684 Thread 0x00007fb0c000a800 Uncommon trap: reason=class_check action=maybe_recompile pc=0x00007fb0bd1634f8 method=org.jruby.RubyArray.compare(Lorg/jruby/runtime/ThreadContext;Lorg/jruby/runtime/invokedynamic/MethodNames;Lorg/jruby/runtime/builtin/IRubyObject;)Lorg/jruby/RubyBoolean;
Event: 4,703 Thread 0x00007fb0c000a800 Uncommon trap: reason=class_check action=maybe_recompile pc=0x00007fb0bd1634f8 method=org.jruby.RubyArray.compare(Lorg/jruby/runtime/ThreadContext;Lorg/jruby/runtime/invokedynamic/MethodNames;Lorg/jruby/runtime/builtin/IRubyObject;)Lorg/jruby/RubyBoolean;
Event: 4,704 Thread 0x00007fb0c000a800 Uncommon trap: reason=class_check action=maybe_recompile pc=0x00007fb0bd0c45c4 method=org.jruby.ext.ffi.StructByReference.to_native(Lorg/jruby/runtime/ThreadContext;Lorg/jruby/runtime/builtin/IRubyObject;Lorg/jruby/runtime/builtin/IRubyObject;)Lorg/jruby/

Internal exceptions (10 events):
Event: 4,293 Thread 0x00007fb0c000a800 Threw 0x00000000f6d49eb8 at /build/buildd/openjdk-7-7u51-2.4.4/build/openjdk/hotspot/src/share/vm/prims/jvm.cpp:1244
Event: 4,293 Thread 0x00007fb0c000a800 Threw 0x00000000f6d4bd58 at /build/buildd/openjdk-7-7u51-2.4.4/build/openjdk/hotspot/src/share/vm/prims/jvm.cpp:1244
Event: 4,293 Thread 0x00007fb0c000a800 Threw 0x00000000f6d4de18 at /build/buildd/openjdk-7-7u51-2.4.4/build/openjdk/hotspot/src/share/vm/prims/jvm.cpp:1244
Event: 4,293 Thread 0x00007fb0c000a800 Threw 0x00000000f6d4e8c8 at /build/buildd/openjdk-7-7u51-2.4.4/build/openjdk/hotspot/src/share/vm/prims/jvm.cpp:1244
Event: 4,294 Thread 0x00007fb0c000a800 Threw 0x00000000f6d5a438 at /build/buildd/openjdk-7-7u51-2.4.4/build/openjdk/hotspot/src/share/vm/prims/jvm.cpp:1244
Event: 4,294 Thread 0x00007fb0c000a800 Threw 0x00000000f6d5c4f8 at /build/buildd/openjdk-7-7u51-2.4.4/build/openjdk/hotspot/src/share/vm/prims/jvm.cpp:1244
Event: 4,294 Thread 0x00007fb0c000a800 Threw 0x00000000f6d5cfa8 at /build/buildd/openjdk-7-7u51-2.4.4/build/openjdk/hotspot/src/share/vm/prims/jvm.cpp:1244
Event: 4,295 Thread 0x00007fb0c000a800 Threw 0x00000000f6d5ee48 at /build/buildd/openjdk-7-7u51-2.4.4/build/openjdk/hotspot/src/share/vm/prims/jvm.cpp:1244
Event: 4,295 Thread 0x00007fb0c000a800 Threw 0x00000000f6d60f08 at /build/buildd/openjdk-7-7u51-2.4.4/build/openjdk/hotspot/src/share/vm/prims/jvm.cpp:1244
Event: 4,295 Thread 0x00007fb0c000a800 Threw 0x00000000f6d619b8 at /build/buildd/openjdk-7-7u51-2.4.4/build/openjdk/hotspot/src/share/vm/prims/jvm.cpp:1244

Events (10 events):
Event: 4,663 Thread 0x00007fb0c000a800 DEOPT UNPACKING pc=0x00007fb0bd039045 sp=0x00007fb0c53cbf98 mode 2
Event: 4,684 Thread 0x00007fb0c000a800 Uncommon trap: trap_request=0xffffffde fr.pc=0x00007fb0bd1634f8
Event: 4,684 Thread 0x00007fb0c000a800 DEOPT PACKING pc=0x00007fb0bd1634f8 sp=0x00007fb0c53cbfc0
Event: 4,684 Thread 0x00007fb0c000a800 DEOPT UNPACKING pc=0x00007fb0bd039045 sp=0x00007fb0c53cbf98 mode 2
Event: 4,703 Thread 0x00007fb0c000a800 Uncommon trap: trap_request=0xffffffde fr.pc=0x00007fb0bd1634f8
Event: 4,703 Thread 0x00007fb0c000a800 DEOPT PACKING pc=0x00007fb0bd1634f8 sp=0x00007fb0c53cbfc0
Event: 4,703 Thread 0x00007fb0c000a800 DEOPT UNPACKING pc=0x00007fb0bd039045 sp=0x00007fb0c53cbf98 mode 2
Event: 4,704 Thread 0x00007fb0c000a800 Uncommon trap: trap_request=0xffffffde fr.pc=0x00007fb0bd0c45c4
Event: 4,704 Thread 0x00007fb0c000a800 DEOPT PACKING pc=0x00007fb0bd0c45c4 sp=0x00007fb0c53cbe50
Event: 4,704 Thread 0x00007fb0c000a800 DEOPT UNPACKING pc=0x00007fb0bd039045 sp=0x00007fb0c53cbd80 mode 2


Dynamic libraries:
00400000-00401000 r-xp 00000000 08:01 15861394                           /usr/lib/jvm/java-7-openjdk-amd64/jre/bin/java
00600000-00601000 r--p 00000000 08:01 15861394                           /usr/lib/jvm/java-7-openjdk-amd64/jre/bin/java
00601000-00602000 rw-p 00001000 08:01 15861394                           /usr/lib/jvm/java-7-openjdk-amd64/jre/bin/java
00c30000-00c51000 rw-p 00000000 00:00 0                                  [heap]
d6600000-d7f00000 rw-p 00000000 00:00 0 
d7f00000-e0c00000 rw-p 00000000 00:00 0 
e0c00000-e3180000 rw-p 00000000 00:00 0 
e3180000-f5900000 rw-p 00000000 00:00 0 
f5900000-f7b00000 rw-p 00000000 00:00 0 
f7b00000-100000000 rw-p 00000000 00:00 0 
7fb070000000-7fb070021000 rw-p 00000000 00:00 0 
7fb070021000-7fb074000000 ---p 00000000 00:00 0 
7fb074000000-7fb074021000 rw-p 00000000 00:00 0 
7fb074021000-7fb078000000 ---p 00000000 00:00 0 
7fb078000000-7fb078021000 rw-p 00000000 00:00 0 
7fb078021000-7fb07c000000 ---p 00000000 00:00 0 
7fb07c000000-7fb07c021000 rw-p 00000000 00:00 0 
7fb07c021000-7fb080000000 ---p 00000000 00:00 0 
7fb080000000-7fb080021000 rw-p 00000000 00:00 0 
7fb080021000-7fb084000000 ---p 00000000 00:00 0 
7fb084000000-7fb084027000 rw-p 00000000 00:00 0 
7fb084027000-7fb088000000 ---p 00000000 00:00 0 
7fb088000000-7fb0889ef000 rw-p 00000000 00:00 0 
7fb0889ef000-7fb08c000000 ---p 00000000 00:00 0 
7fb08c000000-7fb08c021000 rw-p 00000000 00:00 0 
7fb08c021000-7fb090000000 ---p 00000000 00:00 0 
7fb090000000-7fb090021000 rw-p 00000000 00:00 0 
7fb090021000-7fb094000000 ---p 00000000 00:00 0 
7fb094000000-7fb094df2000 rw-p 00000000 00:00 0 
7fb094df2000-7fb098000000 ---p 00000000 00:00 0 
7fb098000000-7fb098021000 rw-p 00000000 00:00 0 
7fb098021000-7fb09c000000 ---p 00000000 00:00 0 
7fb09c000000-7fb09c021000 rw-p 00000000 00:00 0 
7fb09c021000-7fb0a0000000 ---p 00000000 00:00 0 
7fb0a0000000-7fb0a0021000 rw-p 00000000 00:00 0 
7fb0a0021000-7fb0a4000000 ---p 00000000 00:00 0 
7fb0a4000000-7fb0a4021000 rw-p 00000000 00:00 0 
7fb0a4021000-7fb0a8000000 ---p 00000000 00:00 0 
7fb0a8000000-7fb0a8021000 rw-p 00000000 00:00 0 
7fb0a8021000-7fb0ac000000 ---p 00000000 00:00 0 
7fb0ae583000-7fb0ae584000 r-xp 00000000 08:01 13893885                   /home/alex/Documents/8vo_Semestre/Geometría Computacional/Lab/practica02p1/src/lib/libintersection.so
7fb0ae584000-7fb0ae783000 ---p 00001000 08:01 13893885                   /home/alex/Documents/8vo_Semestre/Geometría Computacional/Lab/practica02p1/src/lib/libintersection.so
7fb0ae783000-7fb0ae784000 r--p 00000000 08:01 13893885                   /home/alex/Documents/8vo_Semestre/Geometría Computacional/Lab/practica02p1/src/lib/libintersection.so
7fb0ae784000-7fb0ae785000 rw-p 00001000 08:01 13893885                   /home/alex/Documents/8vo_Semestre/Geometría Computacional/Lab/practica02p1/src/lib/libintersection.so
7fb0ae785000-7fb0ae788000 r-xp 00000000 08:01 13893853                   /home/alex/Documents/8vo_Semestre/Geometría Computacional/Lab/practica02p1/src/lib/librb_tree.so
7fb0ae788000-7fb0ae987000 ---p 00003000 08:01 13893853                   /home/alex/Documents/8vo_Semestre/Geometría Computacional/Lab/practica02p1/src/lib/librb_tree.so
7fb0ae987000-7fb0ae988000 r--p 00002000 08:01 13893853                   /home/alex/Documents/8vo_Semestre/Geometría Computacional/Lab/practica02p1/src/lib/librb_tree.so
7fb0ae988000-7fb0ae989000 rw-p 00003000 08:01 13893853                   /home/alex/Documents/8vo_Semestre/Geometría Computacional/Lab/practica02p1/src/lib/librb_tree.so
7fb0ae989000-7fb0ae98b000 r-xp 00000000 08:01 13893852                   /home/alex/Documents/8vo_Semestre/Geometría Computacional/Lab/practica02p1/src/lib/libdouble_linked_list.so
7fb0ae98b000-7fb0aeb8a000 ---p 00002000 08:01 13893852                   /home/alex/Documents/8vo_Semestre/Geometría Computacional/Lab/practica02p1/src/lib/libdouble_linked_list.so
7fb0aeb8a000-7fb0aeb8b000 r--p 00001000 08:01 13893852                   /home/alex/Documents/8vo_Semestre/Geometría Computacional/Lab/practica02p1/src/lib/libdouble_linked_list.so
7fb0aeb8b000-7fb0aeb8c000 rw-p 00002000 08:01 13893852                   /home/alex/Documents/8vo_Semestre/Geometría Computacional/Lab/practica02p1/src/lib/libdouble_linked_list.so
7fb0aeb8c000-7fb0aeb8d000 r-xp 00000000 08:01 13893850                   /home/alex/Documents/8vo_Semestre/Geometría Computacional/Lab/practica02p1/src/lib/libhalf_edge.so
7fb0aeb8d000-7fb0aed8d000 ---p 00001000 08:01 13893850                   /home/alex/Documents/8vo_Semestre/Geometría Computacional/Lab/practica02p1/src/lib/libhalf_edge.so
7fb0aed8d000-7fb0aed8e000 r--p 00001000 08:01 13893850                   /home/alex/Documents/8vo_Semestre/Geometría Computacional/Lab/practica02p1/src/lib/libhalf_edge.so
7fb0aed8e000-7fb0aed8f000 rw-p 00002000 08:01 13893850                   /home/alex/Documents/8vo_Semestre/Geometría Computacional/Lab/practica02p1/src/lib/libhalf_edge.so
7fb0aed8f000-7fb0aed90000 r-xp 00000000 08:01 13893849                   /home/alex/Documents/8vo_Semestre/Geometría Computacional/Lab/practica02p1/src/lib/lib2d_points.so
7fb0aed90000-7fb0aef8f000 ---p 00001000 08:01 13893849                   /home/alex/Documents/8vo_Semestre/Geometría Computacional/Lab/practica02p1/src/lib/lib2d_points.so
7fb0aef8f000-7fb0aef90000 r--p 00000000 08:01 13893849                   /home/alex/Documents/8vo_Semestre/Geometría Computacional/Lab/practica02p1/src/lib/lib2d_points.so
7fb0aef90000-7fb0aef91000 rw-p 00001000 08:01 13893849                   /home/alex/Documents/8vo_Semestre/Geometría Computacional/Lab/practica02p1/src/lib/lib2d_points.so
7fb0aef91000-7fb0aef94000 ---p 00000000 00:00 0 
7fb0aef94000-7fb0af192000 rw-p 00000000 00:00 0                          [stack:4159]
7fb0af192000-7fb0af195000 ---p 00000000 00:00 0 
7fb0af195000-7fb0af393000 rw-p 00000000 00:00 0 
7fb0af393000-7fb0af396000 ---p 00000000 00:00 0 
7fb0af396000-7fb0af594000 rw-p 00000000 00:00 0 
7fb0af594000-7fb0af597000 ---p 00000000 00:00 0 
7fb0af597000-7fb0af795000 rw-p 00000000 00:00 0                          [stack:4036]
7fb0af795000-7fb0af7a7000 r-xp 00000000 08:01 12059135                   /home/alex/.rbenv/versions/jruby-1.7.10/lib/jni/x86_64-Linux/libjffi-1.2.so
7fb0af7a7000-7fb0af9a6000 ---p 00012000 08:01 12059135                   /home/alex/.rbenv/versions/jruby-1.7.10/lib/jni/x86_64-Linux/libjffi-1.2.so
7fb0af9a6000-7fb0af9a7000 rw-p 00011000 08:01 12059135                   /home/alex/.rbenv/versions/jruby-1.7.10/lib/jni/x86_64-Linux/libjffi-1.2.so
7fb0af9a7000-7fb0af9b7000 r-xp 00000000 08:01 15861288                   /usr/lib/jvm/java-7-openjdk-amd64/jre/lib/amd64/libnio.so
7fb0af9b7000-7fb0afbb7000 ---p 00010000 08:01 15861288                   /usr/lib/jvm/java-7-openjdk-amd64/jre/lib/amd64/libnio.so
7fb0afbb7000-7fb0afbb8000 r--p 00010000 08:01 15861288                   /usr/lib/jvm/java-7-openjdk-amd64/jre/lib/amd64/libnio.so
7fb0afbb8000-7fb0afbb9000 rw-p 00011000 08:01 15861288                   /usr/lib/jvm/java-7-openjdk-amd64/jre/lib/amd64/libnio.so
7fb0afbb9000-7fb0afbf6000 r-xp 00000000 08:01 8130434                    /lib/x86_64-linux-gnu/libpcre.so.3.13.1
7fb0afbf6000-7fb0afdf6000 ---p 0003d000 08:01 8130434                    /lib/x86_64-linux-gnu/libpcre.so.3.13.1
7fb0afdf6000-7fb0afdf7000 r--p 0003d000 08:01 8130434                    /lib/x86_64-linux-gnu/libpcre.so.3.13.1
7fb0afdf7000-7fb0afdf8000 rw-p 0003e000 08:01 8130434                    /lib/x86_64-linux-gnu/libpcre.so.3.13.1
7fb0afdf8000-7fb0afdff000 r-xp 00000000 08:01 15735894                   /usr/lib/x86_64-linux-gnu/libffi.so.6.0.1
7fb0afdff000-7fb0afffe000 ---p 00007000 08:01 15735894                   /usr/lib/x86_64-linux-gnu/libffi.so.6.0.1
7fb0afffe000-7fb0affff000 r--p 00006000 08:01 15735894                   /usr/lib/x86_64-linux-gnu/libffi.so.6.0.1
7fb0affff000-7fb0b0000000 rw-p 00007000 08:01 15735894                   /usr/lib/x86_64-linux-gnu/libffi.so.6.0.1
7fb0b0000000-7fb0b0021000 rw-p 00000000 00:00 0 
7fb0b0021000-7fb0b4000000 ---p 00000000 00:00 0 
7fb0b40bf000-7fb0b40c2000 ---p 00000000 00:00 0 
7fb0b40c2000-7fb0b40f8000 rw-p 00000000 00:00 0                          [stack:4039]
7fb0b40f8000-7fb0b410e000 r-xp 00000000 08:01 8130457                    /lib/x86_64-linux-gnu/libresolv-2.17.so
7fb0b410e000-7fb0b430e000 ---p 00016000 08:01 8130457                    /lib/x86_64-linux-gnu/libresolv-2.17.so
7fb0b430e000-7fb0b430f000 r--p 00016000 08:01 8130457                    /lib/x86_64-linux-gnu/libresolv-2.17.so
7fb0b430f000-7fb0b4310000 rw-p 00017000 08:01 8130457                    /lib/x86_64-linux-gnu/libresolv-2.17.so
7fb0b4310000-7fb0b4312000 rw-p 00000000 00:00 0 
7fb0b4312000-7fb0b4331000 r-xp 00000000 08:01 8130461                    /lib/x86_64-linux-gnu/libselinux.so.1
7fb0b4331000-7fb0b4531000 ---p 0001f000 08:01 8130461                    /lib/x86_64-linux-gnu/libselinux.so.1
7fb0b4531000-7fb0b4532000 r--p 0001f000 08:01 8130461                    /lib/x86_64-linux-gnu/libselinux.so.1
7fb0b4532000-7fb0b4533000 rw-p 00020000 08:01 8130461                    /lib/x86_64-linux-gnu/libselinux.so.1
7fb0b4533000-7fb0b4534000 rw-p 00000000 00:00 0 
7fb0b4534000-7fb0b4537000 r-xp 00000000 08:01 15729078                   /usr/lib/x86_64-linux-gnu/libgmodule-2.0.so.0.3800.1
7fb0b4537000-7fb0b4736000 ---p 00003000 08:01 15729078                   /usr/lib/x86_64-linux-gnu/libgmodule-2.0.so.0.3800.1
7fb0b4736000-7fb0b4737000 r--p 00002000 08:01 15729078                   /usr/lib/x86_64-linux-gnu/libgmodule-2.0.so.0.3800.1
7fb0b4737000-7fb0b4738000 rw-p 00003000 08:01 15729078                   /usr/lib/x86_64-linux-gnu/libgmodule-2.0.so.0.3800.1
7fb0b4738000-7fb0b4836000 r-xp 00000000 08:01 8130449                    /lib/x86_64-linux-gnu/libglib-2.0.so.0.3800.1
7fb0b4836000-7fb0b4a36000 ---p 000fe000 08:01 8130449                    /lib/x86_64-linux-gnu/libglib-2.0.so.0.3800.1
7fb0b4a36000-7fb0b4a37000 r--p 000fe000 08:01 8130449                    /lib/x86_64-linux-gnu/libglib-2.0.so.0.3800.1
7fb0b4a37000-7fb0b4a38000 rw-p 000ff000 08:01 8130449                    /lib/x86_64-linux-gnu/libglib-2.0.so.0.3800.1
7fb0b4a38000-7fb0b4a39000 rw-p 00000000 00:00 0 
7fb0b4a39000-7fb0b4a88000 r-xp 00000000 08:01 15729069                   /usr/lib/x86_64-linux-gnu/libgobject-2.0.so.0.3800.1
7fb0b4a88000-7fb0b4c88000 ---p 0004f000 08:01 15729069                   /usr/lib/x86_64-linux-gnu/libgobject-2.0.so.0.3800.1
7fb0b4c88000-7fb0b4c89000 r--p 0004f000 08:01 15729069                   /usr/lib/x86_64-linux-gnu/libgobject-2.0.so.0.3800.1
7fb0b4c89000-7fb0b4c8a000 rw-p 00050000 08:01 15729069                   /usr/lib/x86_64-linux-gnu/libgobject-2.0.so.0.3800.1
7fb0b4c8a000-7fb0b4de6000 r-xp 00000000 08:01 15729043                   /usr/lib/x86_64-linux-gnu/libgio-2.0.so.0.3800.1
7fb0b4de6000-7fb0b4fe5000 ---p 0015c000 08:01 15729043                   /usr/lib/x86_64-linux-gnu/libgio-2.0.so.0.3800.1
7fb0b4fe5000-7fb0b4fe9000 r--p 0015b000 08:01 15729043                   /usr/lib/x86_64-linux-gnu/libgio-2.0.so.0.3800.1
7fb0b4fe9000-7fb0b4feb000 rw-p 0015f000 08:01 15729043                   /usr/lib/x86_64-linux-gnu/libgio-2.0.so.0.3800.1
7fb0b4feb000-7fb0b4fed000 rw-p 00000000 00:00 0 
7fb0b4fed000-7fb0b5003000 r-xp 00000000 08:01 15861076                   /usr/lib/jvm/java-7-openjdk-amd64/jre/lib/amd64/libnet.so
7fb0b5003000-7fb0b5202000 ---p 00016000 08:01 15861076                   /usr/lib/jvm/java-7-openjdk-amd64/jre/lib/amd64/libnet.so
7fb0b5202000-7fb0b5203000 r--p 00015000 08:01 15861076                   /usr/lib/jvm/java-7-openjdk-amd64/jre/lib/amd64/libnet.so
7fb0b5203000-7fb0b5204000 rw-p 00016000 08:01 15861076                   /usr/lib/jvm/java-7-openjdk-amd64/jre/lib/amd64/libnet.so
7fb0b5204000-7fb0b5205000 ---p 00000000 00:00 0 
7fb0b5205000-7fb0b5305000 rw-p 00000000 00:00 0                          [stack:4035]
7fb0b5305000-7fb0b5308000 ---p 00000000 00:00 0 
7fb0b5308000-7fb0b5506000 rw-p 00000000 00:00 0                          [stack:4034]
7fb0b5506000-7fb0b5509000 ---p 00000000 00:00 0 
7fb0b5509000-7fb0b5607000 rw-p 00000000 00:00 0                          [stack:4033]
7fb0b5607000-7fb0b560a000 ---p 00000000 00:00 0 
7fb0b560a000-7fb0b5708000 rw-p 00000000 00:00 0                          [stack:4032]
7fb0b5708000-7fb0b570b000 ---p 00000000 00:00 0 
7fb0b570b000-7fb0b5909000 rw-p 00000000 00:00 0                          [stack:4031]
7fb0b5909000-7fb0b5d03000 r--p 00000000 08:01 15734328                   /usr/lib/locale/locale-archive
7fb0b5d03000-7fb0b5d06000 ---p 00000000 00:00 0 
7fb0b5d06000-7fb0b5f04000 rw-p 00000000 00:00 0                          [stack:4030]
7fb0b5f04000-7fb0b5f07000 ---p 00000000 00:00 0 
7fb0b5f07000-7fb0b6105000 rw-p 00000000 00:00 0                          [stack:4029]
7fb0b6105000-7fb0b6106000 ---p 00000000 00:00 0 
7fb0b6106000-7fb0b8000000 rw-p 00000000 00:00 0                          [stack:4028]
7fb0b8000000-7fb0b8021000 rw-p 00000000 00:00 0 
7fb0b8021000-7fb0bc000000 ---p 00000000 00:00 0 
7fb0bc019000-7fb0bc020000 r--s 00000000 08:01 16127910                   /usr/lib/x86_64-linux-gnu/gconv/gconv-modules.cache
7fb0bc020000-7fb0bc6b2000 rw-p 00000000 00:00 0 
7fb0bc6b2000-7fb0bc79b000 r--s 00bb9000 08:01 12059138                   /home/alex/.rbenv/versions/jruby-1.7.10/lib/jruby.jar
7fb0bc79b000-7fb0bc7e3000 rw-p 00000000 00:00 0 
7fb0bc7e3000-7fb0bc991000 r--s 01cf4000 08:01 15861374                   /usr/lib/jvm/java-7-openjdk-amd64/jre/lib/rt.jar
7fb0bc991000-7fb0bcbaf000 rw-p 00000000 00:00 0 
7fb0bcbaf000-7fb0bcbb0000 ---p 00000000 00:00 0 
7fb0bcbb0000-7fb0bccb0000 rw-p 00000000 00:00 0                          [stack:4027]
7fb0bccb0000-7fb0bccb1000 ---p 00000000 00:00 0 
7fb0bccb1000-7fb0bcdb1000 rw-p 00000000 00:00 0                          [stack:4026]
7fb0bcdb1000-7fb0bcdb2000 ---p 00000000 00:00 0 
7fb0bcdb2000-7fb0bcebf000 rw-p 00000000 00:00 0                          [stack:4025]
7fb0bcebf000-7fb0bcf05000 rw-p 00000000 00:00 0 
7fb0bcf05000-7fb0bcf18000 rw-p 00000000 00:00 0 
7fb0bcf18000-7fb0bcfab000 rw-p 00000000 00:00 0 
7fb0bcfab000-7fb0bcfbd000 rw-p 00000000 00:00 0 
7fb0bcfbd000-7fb0bcfff000 rw-p 00000000 00:00 0 
7fb0bcfff000-7fb0bd000000 rw-p 00000000 00:00 0 
7fb0bd000000-7fb0bd270000 rwxp 00000000 00:00 0 
7fb0bd270000-7fb0c04d5000 rw-p 00000000 00:00 0 
7fb0c04d5000-7fb0c4000000 ---p 00000000 00:00 0 
7fb0c4004000-7fb0c4005000 rw-p 00000000 00:00 0 
7fb0c4005000-7fb0c4006000 r-xp 00000000 00:00 0 
7fb0c4006000-7fb0c4008000 r--s 00012000 08:01 15861308                   /usr/lib/jvm/java-7-openjdk-amd64/jre/lib/ext/zipfs.jar
7fb0c4008000-7fb0c400b000 r--s 00032000 08:01 15861310                   /usr/lib/jvm/java-7-openjdk-amd64/jre/lib/ext/sunjce_provider.jar
7fb0c400b000-7fb0c400f000 r--s 00085000 08:01 15861304                   /usr/lib/jvm/java-7-openjdk-amd64/jre/lib/ext/localedata.jar
7fb0c400f000-7fb0c4011000 r--s 00006000 08:01 16256853                   /usr/share/java/java-atk-wrapper.jar
7fb0c4011000-7fb0c4012000 r--s 00002000 08:01 15861314                   /usr/lib/jvm/java-7-openjdk-amd64/jre/lib/ext/dnsns.jar
7fb0c4012000-7fb0c4015000 r--s 0000f000 08:01 15861306                   /usr/lib/jvm/java-7-openjdk-amd64/jre/lib/ext/pulse-java.jar
7fb0c4015000-7fb0c4019000 r--s 0003b000 08:01 15861316                   /usr/lib/jvm/java-7-openjdk-amd64/jre/lib/ext/sunpkcs11.jar
7fb0c4019000-7fb0c4041000 rw-p 00000000 00:00 0 
7fb0c4041000-7fb0c4042000 ---p 00000000 00:00 0 
7fb0c4042000-7fb0c4142000 rw-p 00000000 00:00 0                          [stack:4024]
7fb0c4142000-7fb0c414a000 r-xp 00000000 08:01 15861025                   /usr/lib/jvm/java-7-openjdk-amd64/jre/lib/amd64/libzip.so
7fb0c414a000-7fb0c4349000 ---p 00008000 08:01 15861025                   /usr/lib/jvm/java-7-openjdk-amd64/jre/lib/amd64/libzip.so
7fb0c4349000-7fb0c434a000 r--p 00007000 08:01 15861025                   /usr/lib/jvm/java-7-openjdk-amd64/jre/lib/amd64/libzip.so
7fb0c434a000-7fb0c434b000 rw-p 00008000 08:01 15861025                   /usr/lib/jvm/java-7-openjdk-amd64/jre/lib/amd64/libzip.so
7fb0c434b000-7fb0c4357000 r-xp 00000000 08:01 8130412                    /lib/x86_64-linux-gnu/libnss_files-2.17.so
7fb0c4357000-7fb0c4556000 ---p 0000c000 08:01 8130412                    /lib/x86_64-linux-gnu/libnss_files-2.17.so
7fb0c4556000-7fb0c4557000 r--p 0000b000 08:01 8130412                    /lib/x86_64-linux-gnu/libnss_files-2.17.so
7fb0c4557000-7fb0c4558000 rw-p 0000c000 08:01 8130412                    /lib/x86_64-linux-gnu/libnss_files-2.17.so
7fb0c4558000-7fb0c4563000 r-xp 00000000 08:01 8130416                    /lib/x86_64-linux-gnu/libnss_nis-2.17.so
7fb0c4563000-7fb0c4762000 ---p 0000b000 08:01 8130416                    /lib/x86_64-linux-gnu/libnss_nis-2.17.so
7fb0c4762000-7fb0c4763000 r--p 0000a000 08:01 8130416                    /lib/x86_64-linux-gnu/libnss_nis-2.17.so
7fb0c4763000-7fb0c4764000 rw-p 0000b000 08:01 8130416                    /lib/x86_64-linux-gnu/libnss_nis-2.17.so
7fb0c4764000-7fb0c477b000 r-xp 00000000 08:01 8130406                    /lib/x86_64-linux-gnu/libnsl-2.17.so
7fb0c477b000-7fb0c497a000 ---p 00017000 08:01 8130406                    /lib/x86_64-linux-gnu/libnsl-2.17.so
7fb0c497a000-7fb0c497b000 r--p 00016000 08:01 8130406                    /lib/x86_64-linux-gnu/libnsl-2.17.so
7fb0c497b000-7fb0c497c000 rw-p 00017000 08:01 8130406                    /lib/x86_64-linux-gnu/libnsl-2.17.so
7fb0c497c000-7fb0c497e000 rw-p 00000000 00:00 0 
7fb0c497e000-7fb0c4986000 r-xp 00000000 08:01 8130408                    /lib/x86_64-linux-gnu/libnss_compat-2.17.so
7fb0c4986000-7fb0c4b85000 ---p 00008000 08:01 8130408                    /lib/x86_64-linux-gnu/libnss_compat-2.17.so
7fb0c4b85000-7fb0c4b86000 r--p 00007000 08:01 8130408                    /lib/x86_64-linux-gnu/libnss_compat-2.17.so
7fb0c4b86000-7fb0c4b87000 rw-p 00008000 08:01 8130408                    /lib/x86_64-linux-gnu/libnss_compat-2.17.so
7fb0c4b87000-7fb0c4bb2000 r-xp 00000000 08:01 15860951                   /usr/lib/jvm/java-7-openjdk-amd64/jre/lib/amd64/libjava.so
7fb0c4bb2000-7fb0c4db1000 ---p 0002b000 08:01 15860951                   /usr/lib/jvm/java-7-openjdk-amd64/jre/lib/amd64/libjava.so
7fb0c4db1000-7fb0c4db2000 r--p 0002a000 08:01 15860951                   /usr/lib/jvm/java-7-openjdk-amd64/jre/lib/amd64/libjava.so
7fb0c4db2000-7fb0c4db4000 rw-p 0002b000 08:01 15860951                   /usr/lib/jvm/java-7-openjdk-amd64/jre/lib/amd64/libjava.so
7fb0c4db4000-7fb0c4dc4000 r-xp 00000000 08:01 15861265                   /usr/lib/jvm/java-7-openjdk-amd64/jre/lib/amd64/libverify.so
7fb0c4dc4000-7fb0c4fc3000 ---p 00010000 08:01 15861265                   /usr/lib/jvm/java-7-openjdk-amd64/jre/lib/amd64/libverify.so
7fb0c4fc3000-7fb0c4fc5000 r--p 0000f000 08:01 15861265                   /usr/lib/jvm/java-7-openjdk-amd64/jre/lib/amd64/libverify.so
7fb0c4fc5000-7fb0c4fc6000 rw-p 00011000 08:01 15861265                   /usr/lib/jvm/java-7-openjdk-amd64/jre/lib/amd64/libverify.so
7fb0c4fc6000-7fb0c4fcd000 r-xp 00000000 08:01 8130459                    /lib/x86_64-linux-gnu/librt-2.17.so
7fb0c4fcd000-7fb0c51cc000 ---p 00007000 08:01 8130459                    /lib/x86_64-linux-gnu/librt-2.17.so
7fb0c51cc000-7fb0c51cd000 r--p 00006000 08:01 8130459                    /lib/x86_64-linux-gnu/librt-2.17.so
7fb0c51cd000-7fb0c51ce000 rw-p 00007000 08:01 8130459                    /lib/x86_64-linux-gnu/librt-2.17.so
7fb0c51ce000-7fb0c51d1000 ---p 00000000 00:00 0 
7fb0c51d1000-7fb0c53cf000 rw-p 00000000 00:00 0                          [stack:4023]
7fb0c53cf000-7fb0c53e4000 r-xp 00000000 08:01 8126477                    /lib/x86_64-linux-gnu/libgcc_s.so.1
7fb0c53e4000-7fb0c55e3000 ---p 00015000 08:01 8126477                    /lib/x86_64-linux-gnu/libgcc_s.so.1
7fb0c55e3000-7fb0c55e4000 r--p 00014000 08:01 8126477                    /lib/x86_64-linux-gnu/libgcc_s.so.1
7fb0c55e4000-7fb0c55e5000 rw-p 00015000 08:01 8126477                    /lib/x86_64-linux-gnu/libgcc_s.so.1
7fb0c55e5000-7fb0c56e8000 r-xp 00000000 08:01 8130387                    /lib/x86_64-linux-gnu/libm-2.17.so
7fb0c56e8000-7fb0c58e7000 ---p 00103000 08:01 8130387                    /lib/x86_64-linux-gnu/libm-2.17.so
7fb0c58e7000-7fb0c58e8000 r--p 00102000 08:01 8130387                    /lib/x86_64-linux-gnu/libm-2.17.so
7fb0c58e8000-7fb0c58e9000 rw-p 00103000 08:01 8130387                    /lib/x86_64-linux-gnu/libm-2.17.so
7fb0c58e9000-7fb0c59cf000 r-xp 00000000 08:01 15729831                   /usr/lib/x86_64-linux-gnu/libstdc++.so.6.0.18
7fb0c59cf000-7fb0c5bce000 ---p 000e6000 08:01 15729831                   /usr/lib/x86_64-linux-gnu/libstdc++.so.6.0.18
7fb0c5bce000-7fb0c5bd6000 r--p 000e5000 08:01 15729831                   /usr/lib/x86_64-linux-gnu/libstdc++.so.6.0.18
7fb0c5bd6000-7fb0c5bd8000 rw-p 000ed000 08:01 15729831                   /usr/lib/x86_64-linux-gnu/libstdc++.so.6.0.18
7fb0c5bd8000-7fb0c5bed000 rw-p 00000000 00:00 0 
7fb0c5bed000-7fb0c66cc000 r-xp 00000000 08:01 15861284                   /usr/lib/jvm/java-7-openjdk-amd64/jre/lib/amd64/server/libjvm.so
7fb0c66cc000-7fb0c68cb000 ---p 00adf000 08:01 15861284                   /usr/lib/jvm/java-7-openjdk-amd64/jre/lib/amd64/server/libjvm.so
7fb0c68cb000-7fb0c695d000 r--p 00ade000 08:01 15861284                   /usr/lib/jvm/java-7-openjdk-amd64/jre/lib/amd64/server/libjvm.so
7fb0c695d000-7fb0c6980000 rw-p 00b70000 08:01 15861284                   /usr/lib/jvm/java-7-openjdk-amd64/jre/lib/amd64/server/libjvm.so
7fb0c6980000-7fb0c69ad000 rw-p 00000000 00:00 0 
7fb0c69ad000-7fb0c69c5000 r-xp 00000000 08:01 8130494                    /lib/x86_64-linux-gnu/libz.so.1.2.8
7fb0c69c5000-7fb0c6bc4000 ---p 00018000 08:01 8130494                    /lib/x86_64-linux-gnu/libz.so.1.2.8
7fb0c6bc4000-7fb0c6bc5000 r--p 00017000 08:01 8130494                    /lib/x86_64-linux-gnu/libz.so.1.2.8
7fb0c6bc5000-7fb0c6bc6000 rw-p 00018000 08:01 8130494                    /lib/x86_64-linux-gnu/libz.so.1.2.8
7fb0c6bc6000-7fb0c6bdd000 r-xp 00000000 08:01 8130451                    /lib/x86_64-linux-gnu/libpthread-2.17.so
7fb0c6bdd000-7fb0c6ddd000 ---p 00017000 08:01 8130451                    /lib/x86_64-linux-gnu/libpthread-2.17.so
7fb0c6ddd000-7fb0c6dde000 r--p 00017000 08:01 8130451                    /lib/x86_64-linux-gnu/libpthread-2.17.so
7fb0c6dde000-7fb0c6ddf000 rw-p 00018000 08:01 8130451                    /lib/x86_64-linux-gnu/libpthread-2.17.so
7fb0c6ddf000-7fb0c6de3000 rw-p 00000000 00:00 0 
7fb0c6de3000-7fb0c6de6000 r-xp 00000000 08:01 8130351                    /lib/x86_64-linux-gnu/libdl-2.17.so
7fb0c6de6000-7fb0c6fe5000 ---p 00003000 08:01 8130351                    /lib/x86_64-linux-gnu/libdl-2.17.so
7fb0c6fe5000-7fb0c6fe6000 r--p 00002000 08:01 8130351                    /lib/x86_64-linux-gnu/libdl-2.17.so
7fb0c6fe6000-7fb0c6fe7000 rw-p 00003000 08:01 8130351                    /lib/x86_64-linux-gnu/libdl-2.17.so
7fb0c6fe7000-7fb0c71a4000 r-xp 00000000 08:01 8130336                    /lib/x86_64-linux-gnu/libc-2.17.so
7fb0c71a4000-7fb0c73a4000 ---p 001bd000 08:01 8130336                    /lib/x86_64-linux-gnu/libc-2.17.so
7fb0c73a4000-7fb0c73a8000 r--p 001bd000 08:01 8130336                    /lib/x86_64-linux-gnu/libc-2.17.so
7fb0c73a8000-7fb0c73aa000 rw-p 001c1000 08:01 8130336                    /lib/x86_64-linux-gnu/libc-2.17.so
7fb0c73aa000-7fb0c73af000 rw-p 00000000 00:00 0 
7fb0c73af000-7fb0c73bc000 r-xp 00000000 08:01 15861291                   /usr/lib/jvm/java-7-openjdk-amd64/jre/lib/amd64/jli/libjli.so
7fb0c73bc000-7fb0c75bb000 ---p 0000d000 08:01 15861291                   /usr/lib/jvm/java-7-openjdk-amd64/jre/lib/amd64/jli/libjli.so
7fb0c75bb000-7fb0c75bc000 r--p 0000c000 08:01 15861291                   /usr/lib/jvm/java-7-openjdk-amd64/jre/lib/amd64/jli/libjli.so
7fb0c75bc000-7fb0c75bd000 rw-p 0000d000 08:01 15861291                   /usr/lib/jvm/java-7-openjdk-amd64/jre/lib/amd64/jli/libjli.so
7fb0c75bd000-7fb0c75e0000 r-xp 00000000 08:01 8130312                    /lib/x86_64-linux-gnu/ld-2.17.so
7fb0c75e0000-7fb0c75e5000 r--s 0004c000 08:01 15861296                   /usr/lib/jvm/java-7-openjdk-amd64/jre/lib/jsse.jar
7fb0c75e5000-7fb0c7613000 rw-p 00000000 00:00 0 
7fb0c7613000-7fb0c7659000 rw-p 00000000 00:00 0 
7fb0c7659000-7fb0c766c000 rw-p 00000000 00:00 0 
7fb0c766c000-7fb0c7700000 rw-p 00000000 00:00 0 
7fb0c7700000-7fb0c770a000 rw-p 00000000 00:00 0 
7fb0c770a000-7fb0c77c0000 rw-p 00000000 00:00 0 
7fb0c77c0000-7fb0c77d3000 rw-p 00000000 00:00 0 
7fb0c77d3000-7fb0c77db000 rw-s 00000000 08:01 5767459                    /tmp/hsperfdata_alex/3998
7fb0c77db000-7fb0c77dc000 rw-p 00000000 00:00 0 
7fb0c77dc000-7fb0c77dd000 r--p 00000000 00:00 0 
7fb0c77dd000-7fb0c77df000 rw-p 00000000 00:00 0 
7fb0c77df000-7fb0c77e0000 r--p 00022000 08:01 8130312                    /lib/x86_64-linux-gnu/ld-2.17.so
7fb0c77e0000-7fb0c77e2000 rw-p 00023000 08:01 8130312                    /lib/x86_64-linux-gnu/ld-2.17.so
7fff88029000-7fff8804a000 rw-p 00000000 00:00 0                          [stack]
7fff881c9000-7fff881cb000 r-xp 00000000 00:00 0                          [vdso]
ffffffffff600000-ffffffffff601000 r-xp 00000000 00:00 0                  [vsyscall]

VM Arguments:
jvm_args: -Djdk.home= -Djruby.home=/home/alex/.rbenv/versions/jruby-1.7.10 -Djruby.script=jruby -Djruby.shell=/bin/sh -Djffi.boot.library.path=/home/alex/.rbenv/versions/jruby-1.7.10/lib/jni:/home/alex/.rbenv/versions/jruby-1.7.10/lib/jni/i386-Linux:/home/alex/.rbenv/versions/jruby-1.7.10/lib/jni/arm-Linux:/home/alex/.rbenv/versions/jruby-1.7.10/lib/jni/x86_64-Linux -Xmx500m -Xss2048k -Xbootclasspath/a:/home/alex/.rbenv/versions/jruby-1.7.10/lib/jruby.jar 
java_command: org/jruby/Main Makefile.rb clean compile test clean
Launcher Type: SUN_STANDARD

Environment Variables:
PATH=/home/alex/.rbenv/versions/jruby-1.7.10/bin:/home/alex/.rbenv/libexec:/home/alex/.rbenv/plugins/ruby-build/bin:/home/alex/.rbenv/shims:~/.rbenv/bin:~/.rbenv/bin:/usr/local/sbin:/usr/local/bin:/usr/sbin:/usr/bin:/sbin:/bin:/usr/games:/usr/local/games
USERNAME=alex
SHELL=/bin/bash
DISPLAY=:0

Signal Handlers:
SIGSEGV: [libjvm.so+0x916ea0], sa_mask[0]=0x7ffbfeff, sa_flags=0x10000004
SIGBUS: [libjvm.so+0x916ea0], sa_mask[0]=0x7ffbfeff, sa_flags=0x10000004
SIGFPE: [libjvm.so+0x794800], sa_mask[0]=0x7ffbfeff, sa_flags=0x10000004
SIGPIPE: [libjvm.so+0x794800], sa_mask[0]=0x7ffbfeff, sa_flags=0x10000004
SIGXFSZ: [libjvm.so+0x794800], sa_mask[0]=0x7ffbfeff, sa_flags=0x10000004
SIGILL: [libjvm.so+0x794800], sa_mask[0]=0x7ffbfeff, sa_flags=0x10000004
SIGUSR1: SIG_DFL, sa_mask[0]=0x00000000, sa_flags=0x00000000
SIGUSR2: [libjvm.so+0x7946a0], sa_mask[0]=0x00000000, sa_flags=0x10000004
SIGHUP: [libjvm.so+0x794880], sa_mask[0]=0x7ffbfeff, sa_flags=0x10000004
SIGINT: [libjvm.so+0x794880], sa_mask[0]=0x7ffbfeff, sa_flags=0x10000004
SIGTERM: [libjvm.so+0x794880], sa_mask[0]=0x7ffbfeff, sa_flags=0x10000004
SIGQUIT: [libjvm.so+0x794880], sa_mask[0]=0x7ffbfeff, sa_flags=0x10000004


---------------  S Y S T E M  ---------------

OS:LinuxMint 16 (petra)
uname:Linux 3.11.0-12-generic #19-Ubuntu SMP Wed Oct 9 16:20:46 UTC 2013 x86_64
libc:glibc 2.17 NPTL 2.17 
rlimit: STACK 8192k, CORE 0k, NPROC 28798, NOFILE 4096, AS infinity
load average:0,46 0,18 0,09

/proc/meminfo:
MemTotal:        3715476 kB
MemFree:         2758272 kB
Buffers:           60352 kB
Cached:           454992 kB
SwapCached:            0 kB
Active:           460564 kB
Inactive:         383204 kB
Active(anon):     329436 kB
Inactive(anon):   122532 kB
Active(file):     131128 kB
Inactive(file):   260672 kB
Unevictable:          28 kB
Mlocked:              28 kB
SwapTotal:       3856380 kB
SwapFree:        3856380 kB
Dirty:               204 kB
Writeback:             0 kB
AnonPages:        328668 kB
Mapped:           110972 kB
Shmem:            123540 kB
Slab:              51136 kB
SReclaimable:      29740 kB
SUnreclaim:        21396 kB
KernelStack:        3216 kB
PageTables:        15780 kB
NFS_Unstable:          0 kB
Bounce:                0 kB
WritebackTmp:          0 kB
CommitLimit:     5714116 kB
Committed_AS:    1642872 kB
VmallocTotal:   34359738367 kB
VmallocUsed:      414316 kB
VmallocChunk:   34359320060 kB
HardwareCorrupted:     0 kB
AnonHugePages:         0 kB
HugePages_Total:       0
HugePages_Free:        0
HugePages_Rsvd:        0
HugePages_Surp:        0
Hugepagesize:       2048 kB
DirectMap4k:       56528 kB
DirectMap2M:     3801088 kB


CPU:total 4 (2 cores per cpu, 2 threads per core) family 6 model 37 stepping 5, cmov, cx8, fxsr, mmx, sse, sse2, sse3, ssse3, sse4.1, sse4.2, popcnt, ht, tsc, tscinvbit

/proc/cpuinfo:
processor	: 0
vendor_id	: GenuineIntel
cpu family	: 6
model		: 37
model name	: Intel(R) Core(TM) i3 CPU       M 380  @ 2.53GHz
stepping	: 5
microcode	: 0x2
cpu MHz		: 2533.000
cache size	: 3072 KB
physical id	: 0
siblings	: 4
core id		: 0
cpu cores	: 2
apicid		: 0
initial apicid	: 0
fpu		: yes
fpu_exception	: yes
cpuid level	: 11
wp		: yes
flags		: fpu vme de pse tsc msr pae mce cx8 apic sep mtrr pge mca cmov pat pse36 clflush dts acpi mmx fxsr sse sse2 ss ht tm pbe syscall nx rdtscp lm constant_tsc arch_perfmon pebs bts rep_good nopl xtopology nonstop_tsc aperfmperf pni dtes64 monitor ds_cpl vmx est tm2 ssse3 cx16 xtpr pdcm pcid sse4_1 sse4_2 popcnt lahf_lm arat dtherm tpr_shadow vnmi flexpriority ept vpid
bogomips	: 5054.41
clflush size	: 64
cache_alignment	: 64
address sizes	: 36 bits physical, 48 bits virtual
power management:

processor	: 1
vendor_id	: GenuineIntel
cpu family	: 6
model		: 37
model name	: Intel(R) Core(TM) i3 CPU       M 380  @ 2.53GHz
stepping	: 5
microcode	: 0x2
cpu MHz		: 933.000
cache size	: 3072 KB
physical id	: 0
siblings	: 4
core id		: 0
cpu cores	: 2
apicid		: 1
initial apicid	: 1
fpu		: yes
fpu_exception	: yes
cpuid level	: 11
wp		: yes
flags		: fpu vme de pse tsc msr pae mce cx8 apic sep mtrr pge mca cmov pat pse36 clflush dts acpi mmx fxsr sse sse2 ss ht tm pbe syscall nx rdtscp lm constant_tsc arch_perfmon pebs bts rep_good nopl xtopology nonstop_tsc aperfmperf pni dtes64 monitor ds_cpl vmx est tm2 ssse3 cx16 xtpr pdcm pcid sse4_1 sse4_2 popcnt lahf_lm arat dtherm tpr_shadow vnmi flexpriority ept vpid
bogomips	: 5054.41
clflush size	: 64
cache_alignment	: 64
address sizes	: 36 bits physical, 48 bits virtual
power management:

processor	: 2
vendor_id	: GenuineIntel
cpu family	: 6
model		: 37
model name	: Intel(R) Core(TM) i3 CPU       M 380  @ 2.53GHz
stepping	: 5
microcode	: 0x2
cpu MHz		: 2533.000
cache size	: 3072 KB
physical id	: 0
siblings	: 4
core id		: 2
cpu cores	: 2
apicid		: 4
initial apicid	: 4
fpu		: yes
fpu_exception	: yes
cpuid level	: 11
wp		: yes
flags		: fpu vme de pse tsc msr pae mce cx8 apic sep mtrr pge mca cmov pat pse36 clflush dts acpi mmx fxsr sse sse2 ss ht tm pbe syscall nx rdtscp lm constant_tsc arch_perfmon pebs bts rep_good nopl xtopology nonstop_tsc aperfmperf pni dtes64 monitor ds_cpl vmx est tm2 ssse3 cx16 xtpr pdcm pcid sse4_1 sse4_2 popcnt lahf_lm arat dtherm tpr_shadow vnmi flexpriority ept vpid
bogomips	: 5054.41
clflush size	: 64
cache_alignment	: 64
address sizes	: 36 bits physical, 48 bits virtual
power management:

processor	: 3
vendor_id	: GenuineIntel
cpu family	: 6
model		: 37
model name	: Intel(R) Core(TM) i3 CPU       M 380  @ 2.53GHz
stepping	: 5
microcode	: 0x2
cpu MHz		: 2533.000
cache size	: 3072 KB
physical id	: 0
siblings	: 4
core id		: 2
cpu cores	: 2
apicid		: 5
initial apicid	: 5
fpu		: yes
fpu_exception	: yes
cpuid level	: 11
wp		: yes
flags		: fpu vme de pse tsc msr pae mce cx8 apic sep mtrr pge mca cmov pat pse36 clflush dts acpi mmx fxsr sse sse2 ss ht tm pbe syscall nx rdtscp lm constant_tsc arch_perfmon pebs bts rep_good nopl xtopology nonstop_tsc aperfmperf pni dtes64 monitor ds_cpl vmx est tm2 ssse3 cx16 xtpr pdcm pcid sse4_1 sse4_2 popcnt lahf_lm arat dtherm tpr_shadow vnmi flexpriority ept vpid
bogomips	: 5054.41
clflush size	: 64
cache_alignment	: 64
address sizes	: 36 bits physical, 48 bits virtual
power management:



Memory: 4k page, physical 3715476k(2758272k free), swap 3856380k(3856380k free)

vm_info: OpenJDK 64-Bit Server VM (24.45-b08) for linux-amd64 JRE (1.7.0_51-b00), built on Jan 15 2014 22:02:57 by "buildd" with gcc 4.8.1

time: Mon Apr 21 11:12:43 2014
elapsed time: 4 seconds

