#
# A fatal error has been detected by the Java Runtime Environment:
#
#  SIGSEGV (0xb) at pc=0x00007f4dac33ba28, pid=17564, tid=139971894572800
#
# JRE version: OpenJDK Runtime Environment (7.0_51) (build 1.7.0_51-b00)
# Java VM: OpenJDK 64-Bit Server VM (24.45-b08 mixed mode linux-amd64 compressed oops)
# Problematic frame:
# C  [libintersection.so+0xa28]  find_intersections+0x93
#
# Failed to write core dump. Core dumps have been disabled. To enable core dumping, try "ulimit -c unlimited" before starting Java again
#
# If you would like to submit a bug report, please include
# instructions on how to reproduce the bug and visit:
#   http://icedtea.classpath.org/bugzilla
# The crash happened outside the Java Virtual Machine in native code.
# See problematic frame for where to report the bug.
#

---------------  T H R E A D  ---------------

Current thread (0x00007f4db800a800):  JavaThread "main" [_thread_in_native, id=17589, stack(0x00007f4dbeedf000,0x00007f4dbf0e0000)]

siginfo:si_signo=SIGSEGV: si_errno=0, si_code=1 (SEGV_MAPERR), si_addr=0x0000000000000000

Registers:
RAX=0x0000000000000000, RBX=0x00000000d79ae2b0, RCX=0xffffffffffffffff, RDX=0x00007f4dc10bb9f0
RSP=0x00007f4dbf0dd030, RBP=0x00007f4dbf0dd080, RSI=0x00007f4db4035000, RDI=0x00000000ffffffff
R8 =0x6174736972612061, R9 =0x2061726170206f72, R10=0x69747265766e6f63, R11=0x0000000000000000
R12=0x0000000000000000, R13=0x00000000d79ae2b0, R14=0x00007f4dbf0dd168, R15=0x00007f4db800a800
RIP=0x00007f4dac33ba28, EFLAGS=0x0000000000010246, CSGSFS=0x0000000000000033, ERR=0x0000000000000004
  TRAPNO=0x000000000000000e

Top of Stack: (sp=0x00007f4dbf0dd030)
0x00007f4dbf0dd030:   00000000d69fb94b 00007f4db84ac360
0x00007f4dbf0dd040:   00000000d6b35ab0 00007f4db84ac480
0x00007f4dbf0dd050:   00007f4db84ac5a0 00007f4db84ac5c0
0x00007f4dbf0dd060:   00007f4db8485770 0000000000000000
0x00007f4dbf0dd070:   0000000000000000 00000000f774df00
0x00007f4dbf0dd080:   00007f4db8421180 00007f4dad58dcd9
0x00007f4dbf0dd090:   00000000d69fc4a3 00000000d79ae2b0
0x00007f4dbf0dd0a0:   00007f4dbf0dd120 00007f4db5012738
0x00007f4dbf0dd0b0:   00000000d69fc528 0000000000000000
0x00007f4dbf0dd0c0:   00007f4dbf0dd0e8 00007f4dbf0dd148
0x00007f4dbf0dd0d0:   00007f4db5006233 00000000e125ede0
0x00007f4dbf0dd0e0:   00007f4dbf0dd0e0 0000000000000000
0x00007f4dbf0dd0f0:   00007f4dbf0dd168 00000000d79b67d8
0x00007f4dbf0dd100:   0000000000000000 00000000d79ae2b0
0x00007f4dbf0dd110:   0000000000000000 00007f4dbf0dd140
0x00007f4dbf0dd120:   00007f4dbf0dd1b0 00007f4db5006175
0x00007f4dbf0dd130:   00000000e11464e8 00007f4db500ecd7
0x00007f4dbf0dd140:   00007f4db84ac360 00007f4db50d72ac
0x00007f4dbf0dd150:   00007f4dac33b995 00000000e11f8f20
0x00007f4dbf0dd160:   00007f4db8421180 0000000000000001
0x00007f4dbf0dd170:   00007f4dbf0dd170 00000000d7aab117
0x00007f4dbf0dd180:   00007f4dbf0dd1e8 00000000d7ab7370
0x00007f4dbf0dd190:   00000000d7ed7fe8 00000000d7aab158
0x00007f4dbf0dd1a0:   00007f4dbf0dd140 00007f4dbf0dd1c0
0x00007f4dbf0dd1b0:   00007f4dbf0dd238 00007f4db5006175
0x00007f4dbf0dd1c0:   00007f4db84ac360 00000000f5b689e0
0x00007f4dbf0dd1d0:   00007f4dac33b995 0000000000000000
0x00007f4dbf0dd1e0:   00000000e1030da0 00000000e1150c90
0x00007f4dbf0dd1f0:   00000000f789dde8 00007f4dbf0dd1f8
0x00007f4dbf0dd200:   00000000d7ee09ac 00007f4dbf0dd280
0x00007f4dbf0dd210:   00000000d7ee0e08 0000000000000000
0x00007f4dbf0dd220:   00000000d7ee09d0 00007f4dbf0dd1c0 

Instructions: (pc=0x00007f4dac33ba28)
0x00007f4dac33ba08:   e8 03 fe ff ff 48 8b 45 e0 48 8b 00 48 89 45 e8
0x00007f4dac33ba18:   48 8d 3d 49 01 00 00 e8 ec fd ff ff 48 8b 45 e8
0x00007f4dac33ba28:   48 8b 00 48 89 45 f0 48 83 7d f0 00 0f 84 b0 00
0x00007f4dac33ba38:   00 00 48 8d 3d 3b 01 00 00 e8 ca fd ff ff 48 8b 

Register to memory mapping:

RAX=0x0000000000000000 is an unknown value
RBX=0x00000000d79ae2b0 is an oop
{method} 
 - klass: {other class}
RCX=0xffffffffffffffff is an unknown value
RDX=0x00007f4dc10bb9f0: <offset 0x3c39f0> in /lib/x86_64-linux-gnu/libc.so.6 at 0x00007f4dc0cf8000
RSP=0x00007f4dbf0dd030 is pointing into the stack for thread: 0x00007f4db800a800
RBP=0x00007f4dbf0dd080 is pointing into the stack for thread: 0x00007f4db800a800
RSI=0x00007f4db4035000 is an unknown value
RDI=0x00000000ffffffff is an unallocated location in the heap
R8 =0x6174736972612061 is an unknown value
R9 =0x2061726170206f72 is an unknown value
R10=0x69747265766e6f63 is an unknown value
R11=0x0000000000000000 is an unknown value
R12=0x0000000000000000 is an unknown value
R13=0x00000000d79ae2b0 is an oop
{method} 
 - klass: {other class}
R14=0x00007f4dbf0dd168 is pointing into the stack for thread: 0x00007f4db800a800
R15=0x00007f4db800a800 is a thread


Stack: [0x00007f4dbeedf000,0x00007f4dbf0e0000],  sp=0x00007f4dbf0dd030,  free space=2040k
Native frames: (J=compiled Java code, j=interpreted, Vv=VM code, C=native code)
C  [libintersection.so+0xa28]  find_intersections+0x93

Java frames: (J=compiled Java code, j=interpreted, Vv=VM code)
j  com.kenai.jffi.Foreign.invokeL1(JJJ)J+0
j  com.kenai.jffi.Invoker.invokeL1(Lcom/kenai/jffi/CallContext;JJ)J+7
j  org.jruby.ext.ffi.jffi.NativeInvoker$ffi$8.call(Lorg/jruby/runtime/ThreadContext;Lorg/jruby/runtime/builtin/IRubyObject;Lorg/jruby/RubyModule;Ljava/lang/String;Lorg/jruby/runtime/builtin/IRubyObject;)Lorg/jruby/runtime/builtin/IRubyObject;+76
j  org.jruby.runtime.callsite.CachingCallSite.cacheAndCall(Lorg/jruby/runtime/builtin/IRubyObject;Lorg/jruby/RubyClass;Lorg/jruby/runtime/ThreadContext;Lorg/jruby/runtime/builtin/IRubyObject;Lorg/jruby/runtime/builtin/IRubyObject;)Lorg/jruby/runtime/builtin/IRubyObject;+57
J  org.jruby.runtime.callsite.CachingCallSite.call(Lorg/jruby/runtime/ThreadContext;Lorg/jruby/runtime/builtin/IRubyObject;Lorg/jruby/runtime/builtin/IRubyObject;Lorg/jruby/runtime/builtin/IRubyObject;)Lorg/jruby/runtime/builtin/IRubyObject;
J  org.jruby.ast.CallOneArgNode.interpret(Lorg/jruby/Ruby;Lorg/jruby/runtime/ThreadContext;Lorg/jruby/runtime/builtin/IRubyObject;Lorg/jruby/runtime/Block;)Lorg/jruby/runtime/builtin/IRubyObject;
j  org.jruby.ast.LocalAsgnNode.interpret(Lorg/jruby/Ruby;Lorg/jruby/runtime/ThreadContext;Lorg/jruby/runtime/builtin/IRubyObject;Lorg/jruby/runtime/Block;)Lorg/jruby/runtime/builtin/IRubyObject;+30
J  org.jruby.ast.BlockNode.interpret(Lorg/jruby/Ruby;Lorg/jruby/runtime/ThreadContext;Lorg/jruby/runtime/builtin/IRubyObject;Lorg/jruby/runtime/Block;)Lorg/jruby/runtime/builtin/IRubyObject;
j  org.jruby.evaluator.ASTInterpreter.INTERPRET_METHOD(Lorg/jruby/Ruby;Lorg/jruby/runtime/ThreadContext;Ljava/lang/String;ILorg/jruby/RubyModule;Lorg/jruby/ast/Node;Ljava/lang/String;Lorg/jruby/runtime/builtin/IRubyObject;Lorg/jruby/runtime/Block;Z)Lorg/jruby/runtime/builtin/IRubyObject;+30
j  org.jruby.internal.runtime.methods.InterpretedMethod.call(Lorg/jruby/runtime/ThreadContext;Lorg/jruby/runtime/builtin/IRubyObject;Lorg/jruby/RubyModule;Ljava/lang/String;)Lorg/jruby/runtime/builtin/IRubyObject;+80
j  org.jruby.internal.runtime.methods.DefaultMethod.call(Lorg/jruby/runtime/ThreadContext;Lorg/jruby/runtime/builtin/IRubyObject;Lorg/jruby/RubyModule;Ljava/lang/String;)Lorg/jruby/runtime/builtin/IRubyObject;+20
J  org.jruby.ast.CallNoArgNode.interpret(Lorg/jruby/Ruby;Lorg/jruby/runtime/ThreadContext;Lorg/jruby/runtime/builtin/IRubyObject;Lorg/jruby/runtime/Block;)Lorg/jruby/runtime/builtin/IRubyObject;
j  org.jruby.ast.FCallTwoArgNode.interpret(Lorg/jruby/Ruby;Lorg/jruby/runtime/ThreadContext;Lorg/jruby/runtime/builtin/IRubyObject;Lorg/jruby/runtime/Block;)Lorg/jruby/runtime/builtin/IRubyObject;+28
J  org.jruby.ast.BlockNode.interpret(Lorg/jruby/Ruby;Lorg/jruby/runtime/ThreadContext;Lorg/jruby/runtime/builtin/IRubyObject;Lorg/jruby/runtime/Block;)Lorg/jruby/runtime/builtin/IRubyObject;
j  org.jruby.evaluator.ASTInterpreter.INTERPRET_METHOD(Lorg/jruby/Ruby;Lorg/jruby/runtime/ThreadContext;Ljava/lang/String;ILorg/jruby/RubyModule;Lorg/jruby/ast/Node;Ljava/lang/String;Lorg/jruby/runtime/builtin/IRubyObject;Lorg/jruby/runtime/Block;Z)Lorg/jruby/runtime/builtin/IRubyObject;+30
j  org.jruby.internal.runtime.methods.InterpretedMethod.call(Lorg/jruby/runtime/ThreadContext;Lorg/jruby/runtime/builtin/IRubyObject;Lorg/jruby/RubyModule;Ljava/lang/String;)Lorg/jruby/runtime/builtin/IRubyObject;+80
j  org.jruby.internal.runtime.methods.DefaultMethod.call(Lorg/jruby/runtime/ThreadContext;Lorg/jruby/runtime/builtin/IRubyObject;Lorg/jruby/RubyModule;Ljava/lang/String;)Lorg/jruby/runtime/builtin/IRubyObject;+20
j  org.jruby.runtime.callsite.CachingCallSite.cacheAndCall(Lorg/jruby/runtime/builtin/IRubyObject;Lorg/jruby/RubyClass;Lorg/jruby/runtime/ThreadContext;Lorg/jruby/runtime/builtin/IRubyObject;)Lorg/jruby/runtime/builtin/IRubyObject;+53
j  org.jruby.runtime.callsite.CachingCallSite.call(Lorg/jruby/runtime/ThreadContext;Lorg/jruby/runtime/builtin/IRubyObject;Lorg/jruby/runtime/builtin/IRubyObject;)Lorg/jruby/runtime/builtin/IRubyObject;+46
j  Makefile.method__3$RUBY$test(LMakefile;Lorg/jruby/runtime/ThreadContext;Lorg/jruby/runtime/builtin/IRubyObject;Lorg/jruby/runtime/Block;)Lorg/jruby/runtime/builtin/IRubyObject;+130
j  Makefile$method__3$RUBY$test.call(Lorg/jruby/runtime/ThreadContext;Lorg/jruby/runtime/builtin/IRubyObject;Lorg/jruby/RubyModule;Ljava/lang/String;Lorg/jruby/runtime/Block;)Lorg/jruby/runtime/builtin/IRubyObject;+17
j  org.jruby.RubyClass.finvoke(Lorg/jruby/runtime/ThreadContext;Lorg/jruby/runtime/builtin/IRubyObject;Ljava/lang/String;Lorg/jruby/runtime/Block;)Lorg/jruby/runtime/builtin/IRubyObject;+41
j  org.jruby.RubyBasicObject.send19(Lorg/jruby/runtime/ThreadContext;Lorg/jruby/runtime/builtin/IRubyObject;Lorg/jruby/runtime/Block;)Lorg/jruby/runtime/builtin/IRubyObject;+15
j  org.jruby.RubyKernel.send19(Lorg/jruby/runtime/ThreadContext;Lorg/jruby/runtime/builtin/IRubyObject;Lorg/jruby/runtime/builtin/IRubyObject;Lorg/jruby/runtime/Block;)Lorg/jruby/runtime/builtin/IRubyObject;+7
j  org.jruby.RubyKernel$INVOKER$s$send19.call(Lorg/jruby/runtime/ThreadContext;Lorg/jruby/runtime/builtin/IRubyObject;Lorg/jruby/RubyModule;Ljava/lang/String;Lorg/jruby/runtime/builtin/IRubyObject;Lorg/jruby/runtime/Block;)Lorg/jruby/runtime/builtin/IRubyObject;+6
j  org.jruby.internal.runtime.methods.JavaMethod$JavaMethodOneOrNBlock.call(Lorg/jruby/runtime/ThreadContext;Lorg/jruby/runtime/builtin/IRubyObject;Lorg/jruby/RubyModule;Ljava/lang/String;Lorg/jruby/runtime/builtin/IRubyObject;)Lorg/jruby/runtime/builtin/IRubyObject;+11
j  org.jruby.runtime.callsite.CachingCallSite.call(Lorg/jruby/runtime/ThreadContext;Lorg/jruby/runtime/builtin/IRubyObject;Lorg/jruby/runtime/builtin/IRubyObject;Lorg/jruby/runtime/builtin/IRubyObject;)Lorg/jruby/runtime/builtin/IRubyObject;+38
j  Makefile.block_7$RUBY$__file__(LMakefile;Lorg/jruby/runtime/ThreadContext;Lorg/jruby/runtime/builtin/IRubyObject;[Lorg/jruby/runtime/builtin/IRubyObject;Lorg/jruby/runtime/Block;)Lorg/jruby/runtime/builtin/IRubyObject;+46
j  Makefile$block_7$RUBY$__file__.call(Lorg/jruby/runtime/ThreadContext;Lorg/jruby/runtime/builtin/IRubyObject;[Lorg/jruby/runtime/builtin/IRubyObject;Lorg/jruby/runtime/Block;)Lorg/jruby/runtime/builtin/IRubyObject;+9
j  org.jruby.runtime.CompiledBlock19.yield(Lorg/jruby/runtime/ThreadContext;Lorg/jruby/runtime/builtin/IRubyObject;Lorg/jruby/runtime/Binding;Lorg/jruby/runtime/Block$Type;)Lorg/jruby/runtime/builtin/IRubyObject;+52
j  org.jruby.runtime.Block.yield(Lorg/jruby/runtime/ThreadContext;Lorg/jruby/runtime/builtin/IRubyObject;)Lorg/jruby/runtime/builtin/IRubyObject;+14
j  org.jruby.RubyArray.eachCommon(Lorg/jruby/runtime/ThreadContext;Lorg/jruby/runtime/Block;)Lorg/jruby/runtime/builtin/IRubyObject;+41
j  org.jruby.RubyArray.each(Lorg/jruby/runtime/ThreadContext;Lorg/jruby/runtime/Block;)Lorg/jruby/runtime/builtin/IRubyObject;+10
j  org.jruby.RubyArray$INVOKER$i$0$0$each.call(Lorg/jruby/runtime/ThreadContext;Lorg/jruby/runtime/builtin/IRubyObject;Lorg/jruby/RubyModule;Ljava/lang/String;Lorg/jruby/runtime/Block;)Lorg/jruby/runtime/builtin/IRubyObject;+7
j  org.jruby.runtime.callsite.CachingCallSite.cacheAndCall(Lorg/jruby/runtime/builtin/IRubyObject;Lorg/jruby/RubyClass;Lorg/jruby/runtime/Block;Lorg/jruby/runtime/ThreadContext;Lorg/jruby/runtime/builtin/IRubyObject;)Lorg/jruby/runtime/builtin/IRubyObject;+57
j  org.jruby.runtime.callsite.CachingCallSite.callBlock(Lorg/jruby/runtime/ThreadContext;Lorg/jruby/runtime/builtin/IRubyObject;Lorg/jruby/runtime/builtin/IRubyObject;Lorg/jruby/runtime/Block;)Lorg/jruby/runtime/builtin/IRubyObject;+50
j  org.jruby.runtime.callsite.CachingCallSite.callIter(Lorg/jruby/runtime/ThreadContext;Lorg/jruby/runtime/builtin/IRubyObject;Lorg/jruby/runtime/builtin/IRubyObject;Lorg/jruby/runtime/Block;)Lorg/jruby/runtime/builtin/IRubyObject;+6
j  Makefile.__file__(LMakefile;Lorg/jruby/runtime/ThreadContext;Lorg/jruby/runtime/builtin/IRubyObject;[Lorg/jruby/runtime/builtin/IRubyObject;Lorg/jruby/runtime/Block;)Lorg/jruby/runtime/builtin/IRubyObject;+938
j  Makefile.load(Lorg/jruby/runtime/ThreadContext;Lorg/jruby/runtime/builtin/IRubyObject;Z)Lorg/jruby/runtime/builtin/IRubyObject;+22
j  org.jruby.Ruby.runScript(Lorg/jruby/ast/executable/Script;Z)Lorg/jruby/runtime/builtin/IRubyObject;+12
j  org.jruby.Ruby.runScript(Lorg/jruby/ast/executable/Script;)Lorg/jruby/runtime/builtin/IRubyObject;+3
j  org.jruby.Ruby.runNormally(Lorg/jruby/ast/Node;)Lorg/jruby/runtime/builtin/IRubyObject;+73
j  org.jruby.Ruby.runFromMain(Ljava/io/InputStream;Ljava/lang/String;)V+320
j  org.jruby.Main.doRunFromMain(Lorg/jruby/Ruby;Ljava/io/InputStream;Ljava/lang/String;)Lorg/jruby/Main$Status;+12
j  org.jruby.Main.internalRun()Lorg/jruby/Main$Status;+234
j  org.jruby.Main.run([Ljava/lang/String;)Lorg/jruby/Main$Status;+9
j  org.jruby.Main.main([Ljava/lang/String;)V+35
v  ~StubRoutines::call_stub

---------------  P R O C E S S  ---------------

Java Threads: ( => current thread )
  0x00007f4db8456000 JavaThread "JRubyJIT-2" daemon [_thread_blocked, id=17727, stack(0x00007f4dad14b000,0x00007f4dad34c000)]
  0x00007f4db8448000 JavaThread "process reaper" daemon [_thread_blocked, id=17605, stack(0x00007f4dad34c000,0x00007f4dad385000)]
  0x00007f4db843b800 JavaThread "JRubyJIT-1" daemon [_thread_blocked, id=17602, stack(0x00007f4dad385000,0x00007f4dad586000)]
  0x00007f4db80ae000 JavaThread "Service Thread" daemon [_thread_blocked, id=17600, stack(0x00007f4daeffe000,0x00007f4daf1ff000)]
  0x00007f4db80ab800 JavaThread "C2 CompilerThread1" daemon [_thread_in_native, id=17599, stack(0x00007f4daf1ff000,0x00007f4daf300000)]
  0x00007f4db80a8800 JavaThread "C2 CompilerThread0" daemon [_thread_in_vm, id=17598, stack(0x00007f4daf300000,0x00007f4daf401000)]
  0x00007f4db80a6800 JavaThread "Signal Dispatcher" daemon [_thread_blocked, id=17597, stack(0x00007f4daf401000,0x00007f4daf602000)]
  0x00007f4db8082800 JavaThread "Finalizer" daemon [_thread_blocked, id=17596, stack(0x00007f4daf9fc000,0x00007f4dafbfd000)]
  0x00007f4db8080800 JavaThread "Reference Handler" daemon [_thread_blocked, id=17595, stack(0x00007f4dafbfd000,0x00007f4dafdfe000)]
=>0x00007f4db800a800 JavaThread "main" [_thread_in_native, id=17589, stack(0x00007f4dbeedf000,0x00007f4dbf0e0000)]

Other Threads:
  0x00007f4db807c800 VMThread [stack: 0x00007f4dafdfe000,0x00007f4dafeff000] [id=17594]
  0x00007f4db80b8800 WatcherThread [stack: 0x00007f4daeefd000,0x00007f4daeffe000] [id=17601]

VM state:not at safepoint (normal execution)

VM Mutex/Monitor currently owned by a thread: None

Heap
 PSYoungGen      total 32768K, used 5143K [0x00000000f5900000, 0x00000000f9900000, 0x0000000100000000)
  eden space 30720K, 10% used [0x00000000f5900000,0x00000000f5c0c930,0x00000000f7700000)
  from space 2048K, 98% used [0x00000000f7700000,0x00000000f78f9518,0x00000000f7900000)
  to   space 2048K, 0% used [0x00000000f9700000,0x00000000f9700000,0x00000000f9900000)
 ParOldGen       total 38400K, used 8694K [0x00000000e0c00000, 0x00000000e3180000, 0x00000000f5900000)
  object space 38400K, 22% used [0x00000000e0c00000,0x00000000e147dbc8,0x00000000e3180000)
 PSPermGen       total 25600K, used 25481K [0x00000000d6600000, 0x00000000d7f00000, 0x00000000e0c00000)
  object space 25600K, 99% used [0x00000000d6600000,0x00000000d7ee26a0,0x00000000d7f00000)

Card table byte_map: [0x00007f4dbdd05000,0x00007f4dbde53000] byte_map_base: 0x00007f4dbd652000

Polling page: 0x00007f4dc14ed000

Code Cache  [0x00007f4db5000000, 0x00007f4db5270000, 0x00007f4db8000000)
 total_blobs=969 nmethods=490 adapters=433 free_code_cache=47664Kb largest_free_block=48668544

Compilation events (10 events):
Event: 4,455 Thread 0x00007f4db80ab800 nmethod 518 0x00007f4db5194e10 code [0x00007f4db51950c0, 0x00007f4db5195660]
Event: 4,455 Thread 0x00007f4db80ab800  521             org.jruby.runtime.ivars.VariableAccessorField::getVariableAccessorForRead (5 bytes)
Event: 4,456 Thread 0x00007f4db80ab800 nmethod 521 0x00007f4db5097e50 code [0x00007f4db5097f80, 0x00007f4db5097fd8]
Event: 4,456 Thread 0x00007f4db80ab800  522             org.jruby.RubyBasicObject::getFFIHandle (12 bytes)
Event: 4,458 Thread 0x00007f4db80ab800 nmethod 522 0x00007f4db50c9d90 code [0x00007f4db50c9ee0, 0x00007f4db50c9fd8]
Event: 4,458 Thread 0x00007f4db80ab800  523             org.jruby.runtime.ivars.VariableTableManager::getFFIHandle (9 bytes)
Event: 4,459 Thread 0x00007f4db80ab800 nmethod 523 0x00007f4db50c99d0 code [0x00007f4db50c9b20, 0x00007f4db50c9bf8]
Event: 4,459 Thread 0x00007f4db80ab800  524             org.jruby.runtime.ivars.VariableTableManager::getFFIHandleAccessorForRead (8 bytes)
Event: 4,460 Thread 0x00007f4db80ab800 nmethod 524 0x00007f4db50b01d0 code [0x00007f4db50b0300, 0x00007f4db50b0378]
Event: 4,460 Thread 0x00007f4db80ab800  525             org.jruby.runtime.callsite.CachingCallSite::call (12 bytes)

GC Heap History (6 events):
Event: 1,406 GC heap before
{Heap before GC invocations=1 (full 0):
 PSYoungGen      total 17408K, used 15360K [0x00000000f5900000, 0x00000000f6c00000, 0x0000000100000000)
  eden space 15360K, 100% used [0x00000000f5900000,0x00000000f6800000,0x00000000f6800000)
  from space 2048K, 0% used [0x00000000f6a00000,0x00000000f6a00000,0x00000000f6c00000)
  to   space 2048K, 0% used [0x00000000f6800000,0x00000000f6800000,0x00000000f6a00000)
 ParOldGen       total 38400K, used 0K [0x00000000e0c00000, 0x00000000e3180000, 0x00000000f5900000)
  object space 38400K, 0% used [0x00000000e0c00000,0x00000000e0c00000,0x00000000e3180000)
 PSPermGen       total 21504K, used 18949K [0x00000000d6600000, 0x00000000d7b00000, 0x00000000e0c00000)
  object space 21504K, 88% used [0x00000000d6600000,0x00000000d78816e8,0x00000000d7b00000)
Event: 1,424 GC heap after
Heap after GC invocations=1 (full 0):
 PSYoungGen      total 17408K, used 2037K [0x00000000f5900000, 0x00000000f7b00000, 0x0000000100000000)
  eden space 15360K, 0% used [0x00000000f5900000,0x00000000f5900000,0x00000000f6800000)
  from space 2048K, 99% used [0x00000000f6800000,0x00000000f69fd4d8,0x00000000f6a00000)
  to   space 2048K, 0% used [0x00000000f7900000,0x00000000f7900000,0x00000000f7b00000)
 ParOldGen       total 38400K, used 3765K [0x00000000e0c00000, 0x00000000e3180000, 0x00000000f5900000)
  object space 38400K, 9% used [0x00000000e0c00000,0x00000000e0fad5d0,0x00000000e3180000)
 PSPermGen       total 21504K, used 18949K [0x00000000d6600000, 0x00000000d7b00000, 0x00000000e0c00000)
  object space 21504K, 88% used [0x00000000d6600000,0x00000000d78816e8,0x00000000d7b00000)
}
Event: 2,467 GC heap before
{Heap before GC invocations=2 (full 0):
 PSYoungGen      total 17408K, used 17397K [0x00000000f5900000, 0x00000000f7b00000, 0x0000000100000000)
  eden space 15360K, 100% used [0x00000000f5900000,0x00000000f6800000,0x00000000f6800000)
  from space 2048K, 99% used [0x00000000f6800000,0x00000000f69fd4d8,0x00000000f6a00000)
  to   space 2048K, 0% used [0x00000000f7900000,0x00000000f7900000,0x00000000f7b00000)
 ParOldGen       total 38400K, used 3765K [0x00000000e0c00000, 0x00000000e3180000, 0x00000000f5900000)
  object space 38400K, 9% used [0x00000000e0c00000,0x00000000e0fad5d0,0x00000000e3180000)
 PSPermGen       total 23552K, used 23439K [0x00000000d6600000, 0x00000000d7d00000, 0x00000000e0c00000)
  object space 23552K, 99% used [0x00000000d6600000,0x00000000d7ce3e58,0x00000000d7d00000)
Event: 2,503 GC heap after
Heap after GC invocations=2 (full 0):
 PSYoungGen      total 32768K, used 2021K [0x00000000f5900000, 0x00000000f7b00000, 0x0000000100000000)
  eden space 30720K, 0% used [0x00000000f5900000,0x00000000f5900000,0x00000000f7700000)
  from space 2048K, 98% used [0x00000000f7900000,0x00000000f7af9518,0x00000000f7b00000)
  to   space 2048K, 0% used [0x00000000f7700000,0x00000000f7700000,0x00000000f7900000)
 ParOldGen       total 38400K, used 5818K [0x00000000e0c00000, 0x00000000e3180000, 0x00000000f5900000)
  object space 38400K, 15% used [0x00000000e0c00000,0x00000000e11ae978,0x00000000e3180000)
 PSPermGen       total 23552K, used 23439K [0x00000000d6600000, 0x00000000d7d00000, 0x00000000e0c00000)
  object space 23552K, 99% used [0x00000000d6600000,0x00000000d7ce3e58,0x00000000d7d00000)
}
Event: 4,334 GC heap before
{Heap before GC invocations=3 (full 0):
 PSYoungGen      total 32768K, used 32741K [0x00000000f5900000, 0x00000000f7b00000, 0x0000000100000000)
  eden space 30720K, 100% used [0x00000000f5900000,0x00000000f7700000,0x00000000f7700000)
  from space 2048K, 98% used [0x00000000f7900000,0x00000000f7af9518,0x00000000f7b00000)
  to   space 2048K, 0% used [0x00000000f7700000,0x00000000f7700000,0x00000000f7900000)
 ParOldGen       total 38400K, used 5818K [0x00000000e0c00000, 0x00000000e3180000, 0x00000000f5900000)
  object space 38400K, 15% used [0x00000000e0c00000,0x00000000e11ae978,0x00000000e3180000)
 PSPermGen       total 25600K, used 25466K [0x00000000d6600000, 0x00000000d7f00000, 0x00000000e0c00000)
  object space 25600K, 99% used [0x00000000d6600000,0x00000000d7edeaa0,0x00000000d7f00000)
Event: 4,358 GC heap after
Heap after GC invocations=3 (full 0):
 PSYoungGen      total 32768K, used 2021K [0x00000000f5900000, 0x00000000f9900000, 0x0000000100000000)
  eden space 30720K, 0% used [0x00000000f5900000,0x00000000f5900000,0x00000000f7700000)
  from space 2048K, 98% used [0x00000000f7700000,0x00000000f78f9518,0x00000000f7900000)
  to   space 2048K, 0% used [0x00000000f9700000,0x00000000f9700000,0x00000000f9900000)
 ParOldGen       total 38400K, used 8694K [0x00000000e0c00000, 0x00000000e3180000, 0x00000000f5900000)
  object space 38400K, 22% used [0x00000000e0c00000,0x00000000e147dbc8,0x00000000e3180000)
 PSPermGen       total 25600K, used 25466K [0x00000000d6600000, 0x00000000d7f00000, 0x00000000e0c00000)
  object space 25600K, 99% used [0x00000000d6600000,0x00000000d7edeaa0,0x00000000d7f00000)
}

Deoptimization events (10 events):
Event: 4,450 Thread 0x00007f4db800a800 Uncommon trap: reason=class_check action=maybe_recompile pc=0x00007f4db51643b8 method=org.jruby.RubyArray.compare(Lorg/jruby/runtime/ThreadContext;Lorg/jruby/runtime/invokedynamic/MethodNames;Lorg/jruby/runtime/builtin/IRubyObject;)Lorg/jruby/RubyBoolean;
Event: 4,451 Thread 0x00007f4db800a800 Uncommon trap: reason=class_check action=maybe_recompile pc=0x00007f4db50d41c4 method=org.jruby.ext.ffi.StructByReference.to_native(Lorg/jruby/runtime/ThreadContext;Lorg/jruby/runtime/builtin/IRubyObject;Lorg/jruby/runtime/builtin/IRubyObject;)Lorg/jruby/
Event: 4,453 Thread 0x00007f4db800a800 Uncommon trap: reason=bimorphic action=maybe_recompile pc=0x00007f4db5103788 method=org.jruby.RubyClass.allocate()Lorg/jruby/runtime/builtin/IRubyObject; @ 54
Event: 4,453 Thread 0x00007f4db800a800 Uncommon trap: reason=bimorphic action=maybe_recompile pc=0x00007f4db5103788 method=org.jruby.RubyClass.allocate()Lorg/jruby/runtime/builtin/IRubyObject; @ 54
Event: 4,453 Thread 0x00007f4db800a800 Uncommon trap: reason=class_check action=maybe_recompile pc=0x00007f4db50a72a4 method=org.jruby.runtime.ivars.VariableAccessor.get(Ljava/lang/Object;)Ljava/lang/Object; @ 1
Event: 4,453 Thread 0x00007f4db800a800 Uncommon trap: reason=class_check action=maybe_recompile pc=0x00007f4db50a72a4 method=org.jruby.runtime.ivars.VariableAccessor.get(Ljava/lang/Object;)Ljava/lang/Object; @ 1
Event: 4,453 Thread 0x00007f4db800a800 Uncommon trap: reason=class_check action=maybe_recompile pc=0x00007f4db50a72a4 method=org.jruby.runtime.ivars.VariableAccessor.get(Ljava/lang/Object;)Ljava/lang/Object; @ 1
Event: 4,453 Thread 0x00007f4db800a800 Uncommon trap: reason=class_check action=maybe_recompile pc=0x00007f4db50a72a4 method=org.jruby.runtime.ivars.VariableAccessor.get(Ljava/lang/Object;)Ljava/lang/Object; @ 1
Event: 4,453 Thread 0x00007f4db800a800 Uncommon trap: reason=bimorphic action=maybe_recompile pc=0x00007f4db5103788 method=org.jruby.RubyClass.allocate()Lorg/jruby/runtime/builtin/IRubyObject; @ 54
Event: 4,453 Thread 0x00007f4db800a800 Uncommon trap: reason=bimorphic action=maybe_recompile pc=0x00007f4db5103788 method=org.jruby.RubyClass.allocate()Lorg/jruby/runtime/builtin/IRubyObject; @ 54

Internal exceptions (10 events):
Event: 3,916 Thread 0x00007f4db800a800 Threw 0x00000000f711def0 at /build/buildd/openjdk-7-7u51-2.4.4/build/openjdk/hotspot/src/share/vm/prims/jvm.cpp:1244
Event: 3,916 Thread 0x00007f4db800a800 Threw 0x00000000f711e9a0 at /build/buildd/openjdk-7-7u51-2.4.4/build/openjdk/hotspot/src/share/vm/prims/jvm.cpp:1244
Event: 3,917 Thread 0x00007f4db800a800 Threw 0x00000000f712a510 at /build/buildd/openjdk-7-7u51-2.4.4/build/openjdk/hotspot/src/share/vm/prims/jvm.cpp:1244
Event: 3,917 Thread 0x00007f4db800a800 Threw 0x00000000f712c5d0 at /build/buildd/openjdk-7-7u51-2.4.4/build/openjdk/hotspot/src/share/vm/prims/jvm.cpp:1244
Event: 3,917 Thread 0x00007f4db800a800 Threw 0x00000000f712d080 at /build/buildd/openjdk-7-7u51-2.4.4/build/openjdk/hotspot/src/share/vm/prims/jvm.cpp:1244
Event: 3,917 Thread 0x00007f4db800a800 Threw 0x00000000f712ef20 at /build/buildd/openjdk-7-7u51-2.4.4/build/openjdk/hotspot/src/share/vm/prims/jvm.cpp:1244
Event: 3,917 Thread 0x00007f4db800a800 Threw 0x00000000f7130fe0 at /build/buildd/openjdk-7-7u51-2.4.4/build/openjdk/hotspot/src/share/vm/prims/jvm.cpp:1244
Event: 3,917 Thread 0x00007f4db800a800 Threw 0x00000000f7131a90 at /build/buildd/openjdk-7-7u51-2.4.4/build/openjdk/hotspot/src/share/vm/prims/jvm.cpp:1244
Event: 4,459 Thread 0x00007f4db843b800 Threw 0x00000000f5bd9cc0 at /build/buildd/openjdk-7-7u51-2.4.4/build/openjdk/hotspot/src/share/vm/prims/jvm.cpp:1244
Event: 4,460 Thread 0x00007f4db843b800 Threw 0x00000000f5bdb6d8 at /build/buildd/openjdk-7-7u51-2.4.4/build/openjdk/hotspot/src/share/vm/prims/jvm.cpp:1244

Events (10 events):
Event: 4,453 Thread 0x00007f4db800a800 DEOPT PACKING pc=0x00007f4db50a72a4 sp=0x00007f4dbf0dc2a0
Event: 4,453 Thread 0x00007f4db800a800 DEOPT UNPACKING pc=0x00007f4db5039045 sp=0x00007f4dbf0dc268 mode 2
Event: 4,453 Thread 0x00007f4db800a800 Uncommon trap: trap_request=0xffffffc6 fr.pc=0x00007f4db5103788
Event: 4,453 Thread 0x00007f4db800a800 DEOPT PACKING pc=0x00007f4db5103788 sp=0x00007f4dbf0dc690
Event: 4,453 Thread 0x00007f4db800a800 DEOPT UNPACKING pc=0x00007f4db5039045 sp=0x00007f4dbf0dc680 mode 2
Event: 4,453 Thread 0x00007f4db800a800 Uncommon trap: trap_request=0xffffffc6 fr.pc=0x00007f4db5103788
Event: 4,453 Thread 0x00007f4db800a800 DEOPT PACKING pc=0x00007f4db5103788 sp=0x00007f4dbf0dc690
Event: 4,453 Thread 0x00007f4db800a800 DEOPT UNPACKING pc=0x00007f4db5039045 sp=0x00007f4dbf0dc680 mode 2
Event: 4,459 loading class 0x00007f4d7c00b120
Event: 4,459 loading class 0x00007f4d7c00b120 done


Dynamic libraries:
00400000-00401000 r-xp 00000000 08:01 15861394                           /usr/lib/jvm/java-7-openjdk-amd64/jre/bin/java
00600000-00601000 r--p 00000000 08:01 15861394                           /usr/lib/jvm/java-7-openjdk-amd64/jre/bin/java
00601000-00602000 rw-p 00001000 08:01 15861394                           /usr/lib/jvm/java-7-openjdk-amd64/jre/bin/java
011ed000-0120e000 rw-p 00000000 00:00 0                                  [heap]
d6600000-d7f00000 rw-p 00000000 00:00 0 
d7f00000-e0c00000 rw-p 00000000 00:00 0 
e0c00000-e3180000 rw-p 00000000 00:00 0 
e3180000-f5900000 rw-p 00000000 00:00 0 
f5900000-f9900000 rw-p 00000000 00:00 0 
f9900000-100000000 rw-p 00000000 00:00 0 
7f4d68000000-7f4d68021000 rw-p 00000000 00:00 0 
7f4d68021000-7f4d6c000000 ---p 00000000 00:00 0 
7f4d6c000000-7f4d6c021000 rw-p 00000000 00:00 0 
7f4d6c021000-7f4d70000000 ---p 00000000 00:00 0 
7f4d70000000-7f4d70021000 rw-p 00000000 00:00 0 
7f4d70021000-7f4d74000000 ---p 00000000 00:00 0 
7f4d74000000-7f4d74021000 rw-p 00000000 00:00 0 
7f4d74021000-7f4d78000000 ---p 00000000 00:00 0 
7f4d78000000-7f4d78021000 rw-p 00000000 00:00 0 
7f4d78021000-7f4d7c000000 ---p 00000000 00:00 0 
7f4d7c000000-7f4d7c027000 rw-p 00000000 00:00 0 
7f4d7c027000-7f4d80000000 ---p 00000000 00:00 0 
7f4d80000000-7f4d80993000 rw-p 00000000 00:00 0 
7f4d80993000-7f4d84000000 ---p 00000000 00:00 0 
7f4d84000000-7f4d84021000 rw-p 00000000 00:00 0 
7f4d84021000-7f4d88000000 ---p 00000000 00:00 0 
7f4d88000000-7f4d88021000 rw-p 00000000 00:00 0 
7f4d88021000-7f4d8c000000 ---p 00000000 00:00 0 
7f4d8c000000-7f4d8ced8000 rw-p 00000000 00:00 0 
7f4d8ced8000-7f4d90000000 ---p 00000000 00:00 0 
7f4d90000000-7f4d90021000 rw-p 00000000 00:00 0 
7f4d90021000-7f4d94000000 ---p 00000000 00:00 0 
7f4d94000000-7f4d94021000 rw-p 00000000 00:00 0 
7f4d94021000-7f4d98000000 ---p 00000000 00:00 0 
7f4d98000000-7f4d98021000 rw-p 00000000 00:00 0 
7f4d98021000-7f4d9c000000 ---p 00000000 00:00 0 
7f4d9c000000-7f4d9c021000 rw-p 00000000 00:00 0 
7f4d9c021000-7f4da0000000 ---p 00000000 00:00 0 
7f4da0000000-7f4da0021000 rw-p 00000000 00:00 0 
7f4da0021000-7f4da4000000 ---p 00000000 00:00 0 
7f4da8000000-7f4da8021000 rw-p 00000000 00:00 0 
7f4da8021000-7f4dac000000 ---p 00000000 00:00 0 
7f4dac33b000-7f4dac33c000 r-xp 00000000 08:01 13893853                   /home/alex/Documents/8vo_Semestre/Geometría Computacional/Lab/practica02p1/src/lib/libintersection.so
7f4dac33c000-7f4dac53b000 ---p 00001000 08:01 13893853                   /home/alex/Documents/8vo_Semestre/Geometría Computacional/Lab/practica02p1/src/lib/libintersection.so
7f4dac53b000-7f4dac53c000 r--p 00000000 08:01 13893853                   /home/alex/Documents/8vo_Semestre/Geometría Computacional/Lab/practica02p1/src/lib/libintersection.so
7f4dac53c000-7f4dac53d000 rw-p 00001000 08:01 13893853                   /home/alex/Documents/8vo_Semestre/Geometría Computacional/Lab/practica02p1/src/lib/libintersection.so
7f4dac53d000-7f4dac53f000 r-xp 00000000 08:01 13893852                   /home/alex/Documents/8vo_Semestre/Geometría Computacional/Lab/practica02p1/src/lib/librb_tree.so
7f4dac53f000-7f4dac73f000 ---p 00002000 08:01 13893852                   /home/alex/Documents/8vo_Semestre/Geometría Computacional/Lab/practica02p1/src/lib/librb_tree.so
7f4dac73f000-7f4dac740000 r--p 00002000 08:01 13893852                   /home/alex/Documents/8vo_Semestre/Geometría Computacional/Lab/practica02p1/src/lib/librb_tree.so
7f4dac740000-7f4dac741000 rw-p 00003000 08:01 13893852                   /home/alex/Documents/8vo_Semestre/Geometría Computacional/Lab/practica02p1/src/lib/librb_tree.so
7f4dac741000-7f4dac743000 r-xp 00000000 08:01 13893851                   /home/alex/Documents/8vo_Semestre/Geometría Computacional/Lab/practica02p1/src/lib/libdouble_linked_list.so
7f4dac743000-7f4dac942000 ---p 00002000 08:01 13893851                   /home/alex/Documents/8vo_Semestre/Geometría Computacional/Lab/practica02p1/src/lib/libdouble_linked_list.so
7f4dac942000-7f4dac943000 r--p 00001000 08:01 13893851                   /home/alex/Documents/8vo_Semestre/Geometría Computacional/Lab/practica02p1/src/lib/libdouble_linked_list.so
7f4dac943000-7f4dac944000 rw-p 00002000 08:01 13893851                   /home/alex/Documents/8vo_Semestre/Geometría Computacional/Lab/practica02p1/src/lib/libdouble_linked_list.so
7f4dac944000-7f4dac945000 r-xp 00000000 08:01 13893849                   /home/alex/Documents/8vo_Semestre/Geometría Computacional/Lab/practica02p1/src/lib/libhalf_edge.so
7f4dac945000-7f4dacb45000 ---p 00001000 08:01 13893849                   /home/alex/Documents/8vo_Semestre/Geometría Computacional/Lab/practica02p1/src/lib/libhalf_edge.so
7f4dacb45000-7f4dacb46000 r--p 00001000 08:01 13893849                   /home/alex/Documents/8vo_Semestre/Geometría Computacional/Lab/practica02p1/src/lib/libhalf_edge.so
7f4dacb46000-7f4dacb47000 rw-p 00002000 08:01 13893849                   /home/alex/Documents/8vo_Semestre/Geometría Computacional/Lab/practica02p1/src/lib/libhalf_edge.so
7f4dacb47000-7f4dacb48000 r-xp 00000000 08:01 13893835                   /home/alex/Documents/8vo_Semestre/Geometría Computacional/Lab/practica02p1/src/lib/lib2d_points.so
7f4dacb48000-7f4dacd47000 ---p 00001000 08:01 13893835                   /home/alex/Documents/8vo_Semestre/Geometría Computacional/Lab/practica02p1/src/lib/lib2d_points.so
7f4dacd47000-7f4dacd48000 r--p 00000000 08:01 13893835                   /home/alex/Documents/8vo_Semestre/Geometría Computacional/Lab/practica02p1/src/lib/lib2d_points.so
7f4dacd48000-7f4dacd49000 rw-p 00001000 08:01 13893835                   /home/alex/Documents/8vo_Semestre/Geometría Computacional/Lab/practica02p1/src/lib/lib2d_points.so
7f4dacd49000-7f4dacd4c000 ---p 00000000 00:00 0 
7f4dacd4c000-7f4dacf4a000 rw-p 00000000 00:00 0 
7f4dacf4a000-7f4dacf4d000 ---p 00000000 00:00 0 
7f4dacf4d000-7f4dad14b000 rw-p 00000000 00:00 0 
7f4dad14b000-7f4dad14e000 ---p 00000000 00:00 0 
7f4dad14e000-7f4dad34c000 rw-p 00000000 00:00 0                          [stack:17727]
7f4dad34c000-7f4dad34f000 ---p 00000000 00:00 0 
7f4dad34f000-7f4dad385000 rw-p 00000000 00:00 0                          [stack:17605]
7f4dad385000-7f4dad388000 ---p 00000000 00:00 0 
7f4dad388000-7f4dad586000 rw-p 00000000 00:00 0                          [stack:17602]
7f4dad586000-7f4dad598000 r-xp 00000000 08:01 12059135                   /home/alex/.rbenv/versions/jruby-1.7.10/lib/jni/x86_64-Linux/libjffi-1.2.so
7f4dad598000-7f4dad797000 ---p 00012000 08:01 12059135                   /home/alex/.rbenv/versions/jruby-1.7.10/lib/jni/x86_64-Linux/libjffi-1.2.so
7f4dad797000-7f4dad798000 rw-p 00011000 08:01 12059135                   /home/alex/.rbenv/versions/jruby-1.7.10/lib/jni/x86_64-Linux/libjffi-1.2.so
7f4dad798000-7f4dad7a8000 r-xp 00000000 08:01 15861288                   /usr/lib/jvm/java-7-openjdk-amd64/jre/lib/amd64/libnio.so
7f4dad7a8000-7f4dad9a8000 ---p 00010000 08:01 15861288                   /usr/lib/jvm/java-7-openjdk-amd64/jre/lib/amd64/libnio.so
7f4dad9a8000-7f4dad9a9000 r--p 00010000 08:01 15861288                   /usr/lib/jvm/java-7-openjdk-amd64/jre/lib/amd64/libnio.so
7f4dad9a9000-7f4dad9aa000 rw-p 00011000 08:01 15861288                   /usr/lib/jvm/java-7-openjdk-amd64/jre/lib/amd64/libnio.so
7f4dad9aa000-7f4dad9e7000 r-xp 00000000 08:01 8130434                    /lib/x86_64-linux-gnu/libpcre.so.3.13.1
7f4dad9e7000-7f4dadbe7000 ---p 0003d000 08:01 8130434                    /lib/x86_64-linux-gnu/libpcre.so.3.13.1
7f4dadbe7000-7f4dadbe8000 r--p 0003d000 08:01 8130434                    /lib/x86_64-linux-gnu/libpcre.so.3.13.1
7f4dadbe8000-7f4dadbe9000 rw-p 0003e000 08:01 8130434                    /lib/x86_64-linux-gnu/libpcre.so.3.13.1
7f4dadbe9000-7f4dadbf0000 r-xp 00000000 08:01 15735894                   /usr/lib/x86_64-linux-gnu/libffi.so.6.0.1
7f4dadbf0000-7f4daddef000 ---p 00007000 08:01 15735894                   /usr/lib/x86_64-linux-gnu/libffi.so.6.0.1
7f4daddef000-7f4daddf0000 r--p 00006000 08:01 15735894                   /usr/lib/x86_64-linux-gnu/libffi.so.6.0.1
7f4daddf0000-7f4daddf1000 rw-p 00007000 08:01 15735894                   /usr/lib/x86_64-linux-gnu/libffi.so.6.0.1
7f4daddf1000-7f4dade07000 r-xp 00000000 08:01 8130457                    /lib/x86_64-linux-gnu/libresolv-2.17.so
7f4dade07000-7f4dae007000 ---p 00016000 08:01 8130457                    /lib/x86_64-linux-gnu/libresolv-2.17.so
7f4dae007000-7f4dae008000 r--p 00016000 08:01 8130457                    /lib/x86_64-linux-gnu/libresolv-2.17.so
7f4dae008000-7f4dae009000 rw-p 00017000 08:01 8130457                    /lib/x86_64-linux-gnu/libresolv-2.17.so
7f4dae009000-7f4dae00b000 rw-p 00000000 00:00 0 
7f4dae00b000-7f4dae02a000 r-xp 00000000 08:01 8130461                    /lib/x86_64-linux-gnu/libselinux.so.1
7f4dae02a000-7f4dae22a000 ---p 0001f000 08:01 8130461                    /lib/x86_64-linux-gnu/libselinux.so.1
7f4dae22a000-7f4dae22b000 r--p 0001f000 08:01 8130461                    /lib/x86_64-linux-gnu/libselinux.so.1
7f4dae22b000-7f4dae22c000 rw-p 00020000 08:01 8130461                    /lib/x86_64-linux-gnu/libselinux.so.1
7f4dae22c000-7f4dae22d000 rw-p 00000000 00:00 0 
7f4dae22d000-7f4dae230000 r-xp 00000000 08:01 15729078                   /usr/lib/x86_64-linux-gnu/libgmodule-2.0.so.0.3800.1
7f4dae230000-7f4dae42f000 ---p 00003000 08:01 15729078                   /usr/lib/x86_64-linux-gnu/libgmodule-2.0.so.0.3800.1
7f4dae42f000-7f4dae430000 r--p 00002000 08:01 15729078                   /usr/lib/x86_64-linux-gnu/libgmodule-2.0.so.0.3800.1
7f4dae430000-7f4dae431000 rw-p 00003000 08:01 15729078                   /usr/lib/x86_64-linux-gnu/libgmodule-2.0.so.0.3800.1
7f4dae431000-7f4dae52f000 r-xp 00000000 08:01 8130449                    /lib/x86_64-linux-gnu/libglib-2.0.so.0.3800.1
7f4dae52f000-7f4dae72f000 ---p 000fe000 08:01 8130449                    /lib/x86_64-linux-gnu/libglib-2.0.so.0.3800.1
7f4dae72f000-7f4dae730000 r--p 000fe000 08:01 8130449                    /lib/x86_64-linux-gnu/libglib-2.0.so.0.3800.1
7f4dae730000-7f4dae731000 rw-p 000ff000 08:01 8130449                    /lib/x86_64-linux-gnu/libglib-2.0.so.0.3800.1
7f4dae731000-7f4dae732000 rw-p 00000000 00:00 0 
7f4dae732000-7f4dae781000 r-xp 00000000 08:01 15729069                   /usr/lib/x86_64-linux-gnu/libgobject-2.0.so.0.3800.1
7f4dae781000-7f4dae981000 ---p 0004f000 08:01 15729069                   /usr/lib/x86_64-linux-gnu/libgobject-2.0.so.0.3800.1
7f4dae981000-7f4dae982000 r--p 0004f000 08:01 15729069                   /usr/lib/x86_64-linux-gnu/libgobject-2.0.so.0.3800.1
7f4dae982000-7f4dae983000 rw-p 00050000 08:01 15729069                   /usr/lib/x86_64-linux-gnu/libgobject-2.0.so.0.3800.1
7f4dae983000-7f4daeadf000 r-xp 00000000 08:01 15729043                   /usr/lib/x86_64-linux-gnu/libgio-2.0.so.0.3800.1
7f4daeadf000-7f4daecde000 ---p 0015c000 08:01 15729043                   /usr/lib/x86_64-linux-gnu/libgio-2.0.so.0.3800.1
7f4daecde000-7f4daece2000 r--p 0015b000 08:01 15729043                   /usr/lib/x86_64-linux-gnu/libgio-2.0.so.0.3800.1
7f4daece2000-7f4daece4000 rw-p 0015f000 08:01 15729043                   /usr/lib/x86_64-linux-gnu/libgio-2.0.so.0.3800.1
7f4daece4000-7f4daece6000 rw-p 00000000 00:00 0 
7f4daece6000-7f4daecfc000 r-xp 00000000 08:01 15861076                   /usr/lib/jvm/java-7-openjdk-amd64/jre/lib/amd64/libnet.so
7f4daecfc000-7f4daeefb000 ---p 00016000 08:01 15861076                   /usr/lib/jvm/java-7-openjdk-amd64/jre/lib/amd64/libnet.so
7f4daeefb000-7f4daeefc000 r--p 00015000 08:01 15861076                   /usr/lib/jvm/java-7-openjdk-amd64/jre/lib/amd64/libnet.so
7f4daeefc000-7f4daeefd000 rw-p 00016000 08:01 15861076                   /usr/lib/jvm/java-7-openjdk-amd64/jre/lib/amd64/libnet.so
7f4daeefd000-7f4daeefe000 ---p 00000000 00:00 0 
7f4daeefe000-7f4daeffe000 rw-p 00000000 00:00 0                          [stack:17601]
7f4daeffe000-7f4daf001000 ---p 00000000 00:00 0 
7f4daf001000-7f4daf1ff000 rw-p 00000000 00:00 0                          [stack:17600]
7f4daf1ff000-7f4daf202000 ---p 00000000 00:00 0 
7f4daf202000-7f4daf300000 rw-p 00000000 00:00 0                          [stack:17599]
7f4daf300000-7f4daf303000 ---p 00000000 00:00 0 
7f4daf303000-7f4daf401000 rw-p 00000000 00:00 0                          [stack:17598]
7f4daf401000-7f4daf404000 ---p 00000000 00:00 0 
7f4daf404000-7f4daf602000 rw-p 00000000 00:00 0                          [stack:17597]
7f4daf602000-7f4daf9fc000 r--p 00000000 08:01 15734328                   /usr/lib/locale/locale-archive
7f4daf9fc000-7f4daf9ff000 ---p 00000000 00:00 0 
7f4daf9ff000-7f4dafbfd000 rw-p 00000000 00:00 0                          [stack:17596]
7f4dafbfd000-7f4dafc00000 ---p 00000000 00:00 0 
7f4dafc00000-7f4dafdfe000 rw-p 00000000 00:00 0                          [stack:17595]
7f4dafdfe000-7f4dafdff000 ---p 00000000 00:00 0 
7f4dafdff000-7f4db0000000 rw-p 00000000 00:00 0                          [stack:17594]
7f4db0000000-7f4db0021000 rw-p 00000000 00:00 0 
7f4db0021000-7f4db4000000 ---p 00000000 00:00 0 
7f4db4035000-7f4db4036000 rw-p 00000000 00:00 0 
7f4db4036000-7f4db403d000 r--s 00000000 08:01 16127910                   /usr/lib/x86_64-linux-gnu/gconv/gconv-modules.cache
7f4db403d000-7f4db4ecf000 rw-p 00000000 00:00 0 
7f4db4ecf000-7f4db4fb8000 r--s 00bb9000 08:01 12059138                   /home/alex/.rbenv/versions/jruby-1.7.10/lib/jruby.jar
7f4db4fb8000-7f4db5000000 rw-p 00000000 00:00 0 
7f4db5000000-7f4db5270000 rwxp 00000000 00:00 0 
7f4db5270000-7f4db84af000 rw-p 00000000 00:00 0 
7f4db84af000-7f4dbc000000 ---p 00000000 00:00 0 
7f4dbc000000-7f4dbc001000 r-xp 00000000 00:00 0 
7f4dbc001000-7f4dbc003000 r--s 00012000 08:01 15861308                   /usr/lib/jvm/java-7-openjdk-amd64/jre/lib/ext/zipfs.jar
7f4dbc003000-7f4dbc006000 r--s 00032000 08:01 15861310                   /usr/lib/jvm/java-7-openjdk-amd64/jre/lib/ext/sunjce_provider.jar
7f4dbc006000-7f4dbc00a000 r--s 00085000 08:01 15861304                   /usr/lib/jvm/java-7-openjdk-amd64/jre/lib/ext/localedata.jar
7f4dbc00a000-7f4dbc00c000 r--s 00006000 08:01 16256853                   /usr/share/java/java-atk-wrapper.jar
7f4dbc00c000-7f4dbc00d000 r--s 00002000 08:01 15861314                   /usr/lib/jvm/java-7-openjdk-amd64/jre/lib/ext/dnsns.jar
7f4dbc00d000-7f4dbc010000 r--s 0000f000 08:01 15861306                   /usr/lib/jvm/java-7-openjdk-amd64/jre/lib/ext/pulse-java.jar
7f4dbc010000-7f4dbc014000 r--s 0003b000 08:01 15861316                   /usr/lib/jvm/java-7-openjdk-amd64/jre/lib/ext/sunpkcs11.jar
7f4dbc014000-7f4dbc03d000 rw-p 00000000 00:00 0 
7f4dbc03d000-7f4dbc1eb000 r--s 01cf4000 08:01 15861374                   /usr/lib/jvm/java-7-openjdk-amd64/jre/lib/rt.jar
7f4dbc1eb000-7f4dbd901000 rw-p 00000000 00:00 0 
7f4dbd901000-7f4dbd902000 ---p 00000000 00:00 0 
7f4dbd902000-7f4dbda02000 rw-p 00000000 00:00 0                          [stack:17593]
7f4dbda02000-7f4dbda03000 ---p 00000000 00:00 0 
7f4dbda03000-7f4dbdb03000 rw-p 00000000 00:00 0                          [stack:17592]
7f4dbdb03000-7f4dbdb04000 ---p 00000000 00:00 0 
7f4dbdb04000-7f4dbdc04000 rw-p 00000000 00:00 0                          [stack:17591]
7f4dbdc04000-7f4dbdc05000 ---p 00000000 00:00 0 
7f4dbdc05000-7f4dbdd12000 rw-p 00000000 00:00 0                          [stack:17590]
7f4dbdd12000-7f4dbdd58000 rw-p 00000000 00:00 0 
7f4dbdd58000-7f4dbdd6b000 rw-p 00000000 00:00 0 
7f4dbdd6b000-7f4dbddfe000 rw-p 00000000 00:00 0 
7f4dbddfe000-7f4dbde1f000 rw-p 00000000 00:00 0 
7f4dbde1f000-7f4dbde52000 rw-p 00000000 00:00 0 
7f4dbde52000-7f4dbde53000 rw-p 00000000 00:00 0 
7f4dbde53000-7f4dbde5b000 r-xp 00000000 08:01 15861025                   /usr/lib/jvm/java-7-openjdk-amd64/jre/lib/amd64/libzip.so
7f4dbde5b000-7f4dbe05a000 ---p 00008000 08:01 15861025                   /usr/lib/jvm/java-7-openjdk-amd64/jre/lib/amd64/libzip.so
7f4dbe05a000-7f4dbe05b000 r--p 00007000 08:01 15861025                   /usr/lib/jvm/java-7-openjdk-amd64/jre/lib/amd64/libzip.so
7f4dbe05b000-7f4dbe05c000 rw-p 00008000 08:01 15861025                   /usr/lib/jvm/java-7-openjdk-amd64/jre/lib/amd64/libzip.so
7f4dbe05c000-7f4dbe068000 r-xp 00000000 08:01 8130412                    /lib/x86_64-linux-gnu/libnss_files-2.17.so
7f4dbe068000-7f4dbe267000 ---p 0000c000 08:01 8130412                    /lib/x86_64-linux-gnu/libnss_files-2.17.so
7f4dbe267000-7f4dbe268000 r--p 0000b000 08:01 8130412                    /lib/x86_64-linux-gnu/libnss_files-2.17.so
7f4dbe268000-7f4dbe269000 rw-p 0000c000 08:01 8130412                    /lib/x86_64-linux-gnu/libnss_files-2.17.so
7f4dbe269000-7f4dbe274000 r-xp 00000000 08:01 8130416                    /lib/x86_64-linux-gnu/libnss_nis-2.17.so
7f4dbe274000-7f4dbe473000 ---p 0000b000 08:01 8130416                    /lib/x86_64-linux-gnu/libnss_nis-2.17.so
7f4dbe473000-7f4dbe474000 r--p 0000a000 08:01 8130416                    /lib/x86_64-linux-gnu/libnss_nis-2.17.so
7f4dbe474000-7f4dbe475000 rw-p 0000b000 08:01 8130416                    /lib/x86_64-linux-gnu/libnss_nis-2.17.so
7f4dbe475000-7f4dbe48c000 r-xp 00000000 08:01 8130406                    /lib/x86_64-linux-gnu/libnsl-2.17.so
7f4dbe48c000-7f4dbe68b000 ---p 00017000 08:01 8130406                    /lib/x86_64-linux-gnu/libnsl-2.17.so
7f4dbe68b000-7f4dbe68c000 r--p 00016000 08:01 8130406                    /lib/x86_64-linux-gnu/libnsl-2.17.so
7f4dbe68c000-7f4dbe68d000 rw-p 00017000 08:01 8130406                    /lib/x86_64-linux-gnu/libnsl-2.17.so
7f4dbe68d000-7f4dbe68f000 rw-p 00000000 00:00 0 
7f4dbe68f000-7f4dbe697000 r-xp 00000000 08:01 8130408                    /lib/x86_64-linux-gnu/libnss_compat-2.17.so
7f4dbe697000-7f4dbe896000 ---p 00008000 08:01 8130408                    /lib/x86_64-linux-gnu/libnss_compat-2.17.so
7f4dbe896000-7f4dbe897000 r--p 00007000 08:01 8130408                    /lib/x86_64-linux-gnu/libnss_compat-2.17.so
7f4dbe897000-7f4dbe898000 rw-p 00008000 08:01 8130408                    /lib/x86_64-linux-gnu/libnss_compat-2.17.so
7f4dbe898000-7f4dbe8c3000 r-xp 00000000 08:01 15860951                   /usr/lib/jvm/java-7-openjdk-amd64/jre/lib/amd64/libjava.so
7f4dbe8c3000-7f4dbeac2000 ---p 0002b000 08:01 15860951                   /usr/lib/jvm/java-7-openjdk-amd64/jre/lib/amd64/libjava.so
7f4dbeac2000-7f4dbeac3000 r--p 0002a000 08:01 15860951                   /usr/lib/jvm/java-7-openjdk-amd64/jre/lib/amd64/libjava.so
7f4dbeac3000-7f4dbeac5000 rw-p 0002b000 08:01 15860951                   /usr/lib/jvm/java-7-openjdk-amd64/jre/lib/amd64/libjava.so
7f4dbeac5000-7f4dbead5000 r-xp 00000000 08:01 15861265                   /usr/lib/jvm/java-7-openjdk-amd64/jre/lib/amd64/libverify.so
7f4dbead5000-7f4dbecd4000 ---p 00010000 08:01 15861265                   /usr/lib/jvm/java-7-openjdk-amd64/jre/lib/amd64/libverify.so
7f4dbecd4000-7f4dbecd6000 r--p 0000f000 08:01 15861265                   /usr/lib/jvm/java-7-openjdk-amd64/jre/lib/amd64/libverify.so
7f4dbecd6000-7f4dbecd7000 rw-p 00011000 08:01 15861265                   /usr/lib/jvm/java-7-openjdk-amd64/jre/lib/amd64/libverify.so
7f4dbecd7000-7f4dbecde000 r-xp 00000000 08:01 8130459                    /lib/x86_64-linux-gnu/librt-2.17.so
7f4dbecde000-7f4dbeedd000 ---p 00007000 08:01 8130459                    /lib/x86_64-linux-gnu/librt-2.17.so
7f4dbeedd000-7f4dbeede000 r--p 00006000 08:01 8130459                    /lib/x86_64-linux-gnu/librt-2.17.so
7f4dbeede000-7f4dbeedf000 rw-p 00007000 08:01 8130459                    /lib/x86_64-linux-gnu/librt-2.17.so
7f4dbeedf000-7f4dbeee2000 ---p 00000000 00:00 0 
7f4dbeee2000-7f4dbf0e0000 rw-p 00000000 00:00 0                          [stack:17589]
7f4dbf0e0000-7f4dbf0f5000 r-xp 00000000 08:01 8126477                    /lib/x86_64-linux-gnu/libgcc_s.so.1
7f4dbf0f5000-7f4dbf2f4000 ---p 00015000 08:01 8126477                    /lib/x86_64-linux-gnu/libgcc_s.so.1
7f4dbf2f4000-7f4dbf2f5000 r--p 00014000 08:01 8126477                    /lib/x86_64-linux-gnu/libgcc_s.so.1
7f4dbf2f5000-7f4dbf2f6000 rw-p 00015000 08:01 8126477                    /lib/x86_64-linux-gnu/libgcc_s.so.1
7f4dbf2f6000-7f4dbf3f9000 r-xp 00000000 08:01 8130387                    /lib/x86_64-linux-gnu/libm-2.17.so
7f4dbf3f9000-7f4dbf5f8000 ---p 00103000 08:01 8130387                    /lib/x86_64-linux-gnu/libm-2.17.so
7f4dbf5f8000-7f4dbf5f9000 r--p 00102000 08:01 8130387                    /lib/x86_64-linux-gnu/libm-2.17.so
7f4dbf5f9000-7f4dbf5fa000 rw-p 00103000 08:01 8130387                    /lib/x86_64-linux-gnu/libm-2.17.so
7f4dbf5fa000-7f4dbf6e0000 r-xp 00000000 08:01 15729831                   /usr/lib/x86_64-linux-gnu/libstdc++.so.6.0.18
7f4dbf6e0000-7f4dbf8df000 ---p 000e6000 08:01 15729831                   /usr/lib/x86_64-linux-gnu/libstdc++.so.6.0.18
7f4dbf8df000-7f4dbf8e7000 r--p 000e5000 08:01 15729831                   /usr/lib/x86_64-linux-gnu/libstdc++.so.6.0.18
7f4dbf8e7000-7f4dbf8e9000 rw-p 000ed000 08:01 15729831                   /usr/lib/x86_64-linux-gnu/libstdc++.so.6.0.18
7f4dbf8e9000-7f4dbf8fe000 rw-p 00000000 00:00 0 
7f4dbf8fe000-7f4dc03dd000 r-xp 00000000 08:01 15861284                   /usr/lib/jvm/java-7-openjdk-amd64/jre/lib/amd64/server/libjvm.so
7f4dc03dd000-7f4dc05dc000 ---p 00adf000 08:01 15861284                   /usr/lib/jvm/java-7-openjdk-amd64/jre/lib/amd64/server/libjvm.so
7f4dc05dc000-7f4dc066e000 r--p 00ade000 08:01 15861284                   /usr/lib/jvm/java-7-openjdk-amd64/jre/lib/amd64/server/libjvm.so
7f4dc066e000-7f4dc0691000 rw-p 00b70000 08:01 15861284                   /usr/lib/jvm/java-7-openjdk-amd64/jre/lib/amd64/server/libjvm.so
7f4dc0691000-7f4dc06be000 rw-p 00000000 00:00 0 
7f4dc06be000-7f4dc06d6000 r-xp 00000000 08:01 8130494                    /lib/x86_64-linux-gnu/libz.so.1.2.8
7f4dc06d6000-7f4dc08d5000 ---p 00018000 08:01 8130494                    /lib/x86_64-linux-gnu/libz.so.1.2.8
7f4dc08d5000-7f4dc08d6000 r--p 00017000 08:01 8130494                    /lib/x86_64-linux-gnu/libz.so.1.2.8
7f4dc08d6000-7f4dc08d7000 rw-p 00018000 08:01 8130494                    /lib/x86_64-linux-gnu/libz.so.1.2.8
7f4dc08d7000-7f4dc08ee000 r-xp 00000000 08:01 8130451                    /lib/x86_64-linux-gnu/libpthread-2.17.so
7f4dc08ee000-7f4dc0aee000 ---p 00017000 08:01 8130451                    /lib/x86_64-linux-gnu/libpthread-2.17.so
7f4dc0aee000-7f4dc0aef000 r--p 00017000 08:01 8130451                    /lib/x86_64-linux-gnu/libpthread-2.17.so
7f4dc0aef000-7f4dc0af0000 rw-p 00018000 08:01 8130451                    /lib/x86_64-linux-gnu/libpthread-2.17.so
7f4dc0af0000-7f4dc0af4000 rw-p 00000000 00:00 0 
7f4dc0af4000-7f4dc0af7000 r-xp 00000000 08:01 8130351                    /lib/x86_64-linux-gnu/libdl-2.17.so
7f4dc0af7000-7f4dc0cf6000 ---p 00003000 08:01 8130351                    /lib/x86_64-linux-gnu/libdl-2.17.so
7f4dc0cf6000-7f4dc0cf7000 r--p 00002000 08:01 8130351                    /lib/x86_64-linux-gnu/libdl-2.17.so
7f4dc0cf7000-7f4dc0cf8000 rw-p 00003000 08:01 8130351                    /lib/x86_64-linux-gnu/libdl-2.17.so
7f4dc0cf8000-7f4dc0eb5000 r-xp 00000000 08:01 8130336                    /lib/x86_64-linux-gnu/libc-2.17.so
7f4dc0eb5000-7f4dc10b5000 ---p 001bd000 08:01 8130336                    /lib/x86_64-linux-gnu/libc-2.17.so
7f4dc10b5000-7f4dc10b9000 r--p 001bd000 08:01 8130336                    /lib/x86_64-linux-gnu/libc-2.17.so
7f4dc10b9000-7f4dc10bb000 rw-p 001c1000 08:01 8130336                    /lib/x86_64-linux-gnu/libc-2.17.so
7f4dc10bb000-7f4dc10c0000 rw-p 00000000 00:00 0 
7f4dc10c0000-7f4dc10cd000 r-xp 00000000 08:01 15861291                   /usr/lib/jvm/java-7-openjdk-amd64/jre/lib/amd64/jli/libjli.so
7f4dc10cd000-7f4dc12cc000 ---p 0000d000 08:01 15861291                   /usr/lib/jvm/java-7-openjdk-amd64/jre/lib/amd64/jli/libjli.so
7f4dc12cc000-7f4dc12cd000 r--p 0000c000 08:01 15861291                   /usr/lib/jvm/java-7-openjdk-amd64/jre/lib/amd64/jli/libjli.so
7f4dc12cd000-7f4dc12ce000 rw-p 0000d000 08:01 15861291                   /usr/lib/jvm/java-7-openjdk-amd64/jre/lib/amd64/jli/libjli.so
7f4dc12ce000-7f4dc12f1000 r-xp 00000000 08:01 8130312                    /lib/x86_64-linux-gnu/ld-2.17.so
7f4dc12f1000-7f4dc12f6000 r--s 0004c000 08:01 15861296                   /usr/lib/jvm/java-7-openjdk-amd64/jre/lib/jsse.jar
7f4dc12f6000-7f4dc1324000 rw-p 00000000 00:00 0 
7f4dc1324000-7f4dc136a000 rw-p 00000000 00:00 0 
7f4dc136a000-7f4dc137d000 rw-p 00000000 00:00 0 
7f4dc137d000-7f4dc1411000 rw-p 00000000 00:00 0 
7f4dc1411000-7f4dc141b000 rw-p 00000000 00:00 0 
7f4dc141b000-7f4dc14d1000 rw-p 00000000 00:00 0 
7f4dc14d1000-7f4dc14e4000 rw-p 00000000 00:00 0 
7f4dc14e4000-7f4dc14ec000 rw-s 00000000 08:01 5767371                    /tmp/hsperfdata_alex/17564
7f4dc14ec000-7f4dc14ed000 rw-p 00000000 00:00 0 
7f4dc14ed000-7f4dc14ee000 r--p 00000000 00:00 0 
7f4dc14ee000-7f4dc14f0000 rw-p 00000000 00:00 0 
7f4dc14f0000-7f4dc14f1000 r--p 00022000 08:01 8130312                    /lib/x86_64-linux-gnu/ld-2.17.so
7f4dc14f1000-7f4dc14f3000 rw-p 00023000 08:01 8130312                    /lib/x86_64-linux-gnu/ld-2.17.so
7fff6544b000-7fff6546c000 rw-p 00000000 00:00 0                          [stack]
7fff654e0000-7fff654e2000 r-xp 00000000 00:00 0                          [vdso]
ffffffffff600000-ffffffffff601000 r-xp 00000000 00:00 0                  [vsyscall]

VM Arguments:
jvm_args: -Djdk.home= -Djruby.home=/home/alex/.rbenv/versions/jruby-1.7.10 -Djruby.script=jruby -Djruby.shell=/bin/sh -Djffi.boot.library.path=/home/alex/.rbenv/versions/jruby-1.7.10/lib/jni:/home/alex/.rbenv/versions/jruby-1.7.10/lib/jni/i386-Linux:/home/alex/.rbenv/versions/jruby-1.7.10/lib/jni/arm-Linux:/home/alex/.rbenv/versions/jruby-1.7.10/lib/jni/x86_64-Linux -Xmx500m -Xss2048k -Xbootclasspath/a:/home/alex/.rbenv/versions/jruby-1.7.10/lib/jruby.jar 
java_command: org/jruby/Main Makefile.rb clean compile test clean
Launcher Type: SUN_STANDARD

Environment Variables:
PATH=/home/alex/.rbenv/versions/jruby-1.7.10/bin:/home/alex/.rbenv/libexec:/home/alex/.rbenv/plugins/ruby-build/bin:/home/alex/.rbenv/shims:~/.rbenv/bin:~/.rbenv/bin:/usr/local/sbin:/usr/local/bin:/usr/sbin:/usr/bin:/sbin:/bin:/usr/games:/usr/local/games
USERNAME=alex
SHELL=/bin/bash
DISPLAY=:0

Signal Handlers:
SIGSEGV: [libjvm.so+0x916ea0], sa_mask[0]=0x7ffbfeff, sa_flags=0x10000004
SIGBUS: [libjvm.so+0x916ea0], sa_mask[0]=0x7ffbfeff, sa_flags=0x10000004
SIGFPE: [libjvm.so+0x794800], sa_mask[0]=0x7ffbfeff, sa_flags=0x10000004
SIGPIPE: [libjvm.so+0x794800], sa_mask[0]=0x7ffbfeff, sa_flags=0x10000004
SIGXFSZ: [libjvm.so+0x794800], sa_mask[0]=0x7ffbfeff, sa_flags=0x10000004
SIGILL: [libjvm.so+0x794800], sa_mask[0]=0x7ffbfeff, sa_flags=0x10000004
SIGUSR1: SIG_DFL, sa_mask[0]=0x00000000, sa_flags=0x00000000
SIGUSR2: [libjvm.so+0x7946a0], sa_mask[0]=0x00000000, sa_flags=0x10000004
SIGHUP: [libjvm.so+0x794880], sa_mask[0]=0x7ffbfeff, sa_flags=0x10000004
SIGINT: [libjvm.so+0x794880], sa_mask[0]=0x7ffbfeff, sa_flags=0x10000004
SIGTERM: [libjvm.so+0x794880], sa_mask[0]=0x7ffbfeff, sa_flags=0x10000004
SIGQUIT: [libjvm.so+0x794880], sa_mask[0]=0x7ffbfeff, sa_flags=0x10000004


---------------  S Y S T E M  ---------------

OS:LinuxMint 16 (petra)
uname:Linux 3.11.0-12-generic #19-Ubuntu SMP Wed Oct 9 16:20:46 UTC 2013 x86_64
libc:glibc 2.17 NPTL 2.17 
rlimit: STACK 8192k, CORE 0k, NPROC 28798, NOFILE 4096, AS infinity
load average:1,06 0,72 0,58

/proc/meminfo:
MemTotal:        3715476 kB
MemFree:         1836576 kB
Buffers:           75776 kB
Cached:           952888 kB
SwapCached:            0 kB
Active:          1072388 kB
Inactive:         650268 kB
Active(anon):     695668 kB
Inactive(anon):   186536 kB
Active(file):     376720 kB
Inactive(file):   463732 kB
Unevictable:          16 kB
Mlocked:              16 kB
SwapTotal:       3856380 kB
SwapFree:        3856380 kB
Dirty:               256 kB
Writeback:             0 kB
AnonPages:        694376 kB
Mapped:           185924 kB
Shmem:            188216 kB
Slab:              77896 kB
SReclaimable:      52332 kB
SUnreclaim:        25564 kB
KernelStack:        3456 kB
PageTables:        24064 kB
NFS_Unstable:          0 kB
Bounce:                0 kB
WritebackTmp:          0 kB
CommitLimit:     5714116 kB
Committed_AS:    2938360 kB
VmallocTotal:   34359738367 kB
VmallocUsed:      414316 kB
VmallocChunk:   34359320060 kB
HardwareCorrupted:     0 kB
AnonHugePages:         0 kB
HugePages_Total:       0
HugePages_Free:        0
HugePages_Rsvd:        0
HugePages_Surp:        0
Hugepagesize:       2048 kB
DirectMap4k:       66768 kB
DirectMap2M:     3790848 kB


CPU:total 4 (2 cores per cpu, 2 threads per core) family 6 model 37 stepping 5, cmov, cx8, fxsr, mmx, sse, sse2, sse3, ssse3, sse4.1, sse4.2, popcnt, ht, tsc, tscinvbit

/proc/cpuinfo:
processor	: 0
vendor_id	: GenuineIntel
cpu family	: 6
model		: 37
model name	: Intel(R) Core(TM) i3 CPU       M 380  @ 2.53GHz
stepping	: 5
microcode	: 0x2
cpu MHz		: 2533.000
cache size	: 3072 KB
physical id	: 0
siblings	: 4
core id		: 0
cpu cores	: 2
apicid		: 0
initial apicid	: 0
fpu		: yes
fpu_exception	: yes
cpuid level	: 11
wp		: yes
flags		: fpu vme de pse tsc msr pae mce cx8 apic sep mtrr pge mca cmov pat pse36 clflush dts acpi mmx fxsr sse sse2 ss ht tm pbe syscall nx rdtscp lm constant_tsc arch_perfmon pebs bts rep_good nopl xtopology nonstop_tsc aperfmperf pni dtes64 monitor ds_cpl vmx est tm2 ssse3 cx16 xtpr pdcm pcid sse4_1 sse4_2 popcnt lahf_lm arat dtherm tpr_shadow vnmi flexpriority ept vpid
bogomips	: 5054.08
clflush size	: 64
cache_alignment	: 64
address sizes	: 36 bits physical, 48 bits virtual
power management:

processor	: 1
vendor_id	: GenuineIntel
cpu family	: 6
model		: 37
model name	: Intel(R) Core(TM) i3 CPU       M 380  @ 2.53GHz
stepping	: 5
microcode	: 0x2
cpu MHz		: 2533.000
cache size	: 3072 KB
physical id	: 0
siblings	: 4
core id		: 0
cpu cores	: 2
apicid		: 1
initial apicid	: 1
fpu		: yes
fpu_exception	: yes
cpuid level	: 11
wp		: yes
flags		: fpu vme de pse tsc msr pae mce cx8 apic sep mtrr pge mca cmov pat pse36 clflush dts acpi mmx fxsr sse sse2 ss ht tm pbe syscall nx rdtscp lm constant_tsc arch_perfmon pebs bts rep_good nopl xtopology nonstop_tsc aperfmperf pni dtes64 monitor ds_cpl vmx est tm2 ssse3 cx16 xtpr pdcm pcid sse4_1 sse4_2 popcnt lahf_lm arat dtherm tpr_shadow vnmi flexpriority ept vpid
bogomips	: 5054.08
clflush size	: 64
cache_alignment	: 64
address sizes	: 36 bits physical, 48 bits virtual
power management:

processor	: 2
vendor_id	: GenuineIntel
cpu family	: 6
model		: 37
model name	: Intel(R) Core(TM) i3 CPU       M 380  @ 2.53GHz
stepping	: 5
microcode	: 0x2
cpu MHz		: 2533.000
cache size	: 3072 KB
physical id	: 0
siblings	: 4
core id		: 2
cpu cores	: 2
apicid		: 4
initial apicid	: 4
fpu		: yes
fpu_exception	: yes
cpuid level	: 11
wp		: yes
flags		: fpu vme de pse tsc msr pae mce cx8 apic sep mtrr pge mca cmov pat pse36 clflush dts acpi mmx fxsr sse sse2 ss ht tm pbe syscall nx rdtscp lm constant_tsc arch_perfmon pebs bts rep_good nopl xtopology nonstop_tsc aperfmperf pni dtes64 monitor ds_cpl vmx est tm2 ssse3 cx16 xtpr pdcm pcid sse4_1 sse4_2 popcnt lahf_lm arat dtherm tpr_shadow vnmi flexpriority ept vpid
bogomips	: 5054.08
clflush size	: 64
cache_alignment	: 64
address sizes	: 36 bits physical, 48 bits virtual
power management:

processor	: 3
vendor_id	: GenuineIntel
cpu family	: 6
model		: 37
model name	: Intel(R) Core(TM) i3 CPU       M 380  @ 2.53GHz
stepping	: 5
microcode	: 0x2
cpu MHz		: 2533.000
cache size	: 3072 KB
physical id	: 0
siblings	: 4
core id		: 2
cpu cores	: 2
apicid		: 5
initial apicid	: 5
fpu		: yes
fpu_exception	: yes
cpuid level	: 11
wp		: yes
flags		: fpu vme de pse tsc msr pae mce cx8 apic sep mtrr pge mca cmov pat pse36 clflush dts acpi mmx fxsr sse sse2 ss ht tm pbe syscall nx rdtscp lm constant_tsc arch_perfmon pebs bts rep_good nopl xtopology nonstop_tsc aperfmperf pni dtes64 monitor ds_cpl vmx est tm2 ssse3 cx16 xtpr pdcm pcid sse4_1 sse4_2 popcnt lahf_lm arat dtherm tpr_shadow vnmi flexpriority ept vpid
bogomips	: 5054.08
clflush size	: 64
cache_alignment	: 64
address sizes	: 36 bits physical, 48 bits virtual
power management:



Memory: 4k page, physical 3715476k(1836576k free), swap 3856380k(3856380k free)

vm_info: OpenJDK 64-Bit Server VM (24.45-b08) for linux-amd64 JRE (1.7.0_51-b00), built on Jan 15 2014 22:02:57 by "buildd" with gcc 4.8.1

time: Fri Apr 18 15:42:55 2014
elapsed time: 4 seconds

