#
# A fatal error has been detected by the Java Runtime Environment:
#
#  SIGSEGV (0xb) at pc=0x00007ffdc5f54d57, pid=25760, tid=140728978585344
#
# JRE version: OpenJDK Runtime Environment (7.0_51) (build 1.7.0_51-b00)
# Java VM: OpenJDK 64-Bit Server VM (24.45-b08 mixed mode linux-amd64 compressed oops)
# Problematic frame:
# C  [librb_tree.so+0x1d57]  getPrev+0x24
#
# Failed to write core dump. Core dumps have been disabled. To enable core dumping, try "ulimit -c unlimited" before starting Java again
#
# If you would like to submit a bug report, please include
# instructions on how to reproduce the bug and visit:
#   http://icedtea.classpath.org/bugzilla
# The crash happened outside the Java Virtual Machine in native code.
# See problematic frame for where to report the bug.
#

---------------  T H R E A D  ---------------

Current thread (0x00007ffe0000a800):  JavaThread "main" [_thread_in_native, id=25785, stack(0x00007ffe04a73000,0x00007ffe04c74000)]

siginfo:si_signo=SIGSEGV: si_errno=0, si_code=1 (SEGV_MAPERR), si_addr=0x0000000000421eb0

Registers:
RAX=0x0000000000421eb0, RBX=0x00000000d79ae250, RCX=0xffffffffffffffff, RDX=0x00007ffe06c4f9f0
RSP=0x00007ffe04c71010, RBP=0x00007ffe04c71030, RSI=0x00007ffdec8af000, RDI=0x00000000ffffffff
R8 =0x7665725074656720, R9 =0x0000000000000020, R10=0x00007ffe04c70db0, R11=0x0000000000000000
R12=0x0000000000000000, R13=0x00000000d79ae250, R14=0x00007ffe04c71168, R15=0x00007ffe0000a800
RIP=0x00007ffdc5f54d57, EFLAGS=0x0000000000010246, CSGSFS=0x0000000000000033, ERR=0x0000000000000004
  TRAPNO=0x000000000000000e

Top of Stack: (sp=0x00007ffe04c71010)
0x00007ffe04c71010:   0000000000421eb0 0000000000421eb0
0x00007ffe04c71020:   0000000000000020 0000000000421eb0
0x00007ffe04c71030:   00007ffe04c71080 00007ffdc5d50d73
0x00007ffe04c71040:   4000000000000000 00007ffe00421d40
0x00007ffe04c71050:   0000000000421eb0 00007ffe00421e60
0x00007ffe04c71060:   00007ffe00422060 00007ffe004220c0
0x00007ffe04c71070:   00007ffdfc9e4233 00000000f777d8b8
0x00007ffe04c71080:   00007ffe00477130 00007ffdc6f6acd9
0x00007ffe04c71090:   00000000d69fc4a3 00000000d79ae250
0x00007ffe04c710a0:   00007ffe04c71120 00007ffdfc9f0738
0x00007ffe04c710b0:   00000000d69fc528 0000000000000000
0x00007ffe04c710c0:   00007ffe04c710e8 00007ffe04c71148
0x00007ffe04c710d0:   00007ffdfc9e4233 00000000e13a7388
0x00007ffe04c710e0:   00007ffe04c710e0 0000000000000000
0x00007ffe04c710f0:   00007ffe04c71168 00000000d79b6778
0x00007ffe04c71100:   0000000000000000 00000000d79ae250
0x00007ffe04c71110:   0000000000000000 00007ffe04c71140
0x00007ffe04c71120:   00007ffe04c711b0 00007ffdfc9e4175
0x00007ffe04c71130:   00000000e1131db0 00007ffdfc9eccd7
0x00007ffe04c71140:   00007ffe00421d40 00007ffdfcae31ac
0x00007ffe04c71150:   00007ffdc5d50b75 00000000e12f3ad8
0x00007ffe04c71160:   00007ffe00477130 0000000000000001
0x00007ffe04c71170:   00007ffe04c71170 00000000d7aab0b7
0x00007ffe04c71180:   00007ffe04c711e8 00000000d7ab7310
0x00007ffe04c71190:   00000000d7ed8d90 00000000d7aab0f8
0x00007ffe04c711a0:   00007ffe04c71140 00007ffe04c711c0
0x00007ffe04c711b0:   00007ffe04c71238 00007ffdfc9e4175
0x00007ffe04c711c0:   00007ffe00421d40 00000000f5ea8ef8
0x00007ffe04c711d0:   00007ffdc5d50b75 0000000000000000
0x00007ffe04c711e0:   00000000e1327fe8 00000000e1134c78
0x00007ffe04c711f0:   00000000e1293278 00007ffe04c711f8
0x00007ffe04c71200:   00000000d7ee1ec4 00007ffe04c71280 

Instructions: (pc=0x00007ffdc5f54d57)
0x00007ffdc5f54d37:   48 83 ec 20 48 89 7d e8 48 8d 3d 17 01 00 00 e8
0x00007ffdc5f54d47:   05 ef ff ff 48 8b 45 e8 48 89 45 f8 48 8b 45 f8
0x00007ffdc5f54d57:   48 8b 00 48 85 c0 74 3d 48 8d 3d 10 01 00 00 b8
0x00007ffdc5f54d67:   00 00 00 00 e8 10 ef ff ff 48 8b 45 f8 48 8b 00 

Register to memory mapping:

RAX=0x0000000000421eb0 is an unknown value
RBX=0x00000000d79ae250 is an oop
{method} 
 - klass: {other class}
RCX=0xffffffffffffffff is an unknown value
RDX=0x00007ffe06c4f9f0: <offset 0x3c39f0> in /lib/x86_64-linux-gnu/libc.so.6 at 0x00007ffe0688c000
RSP=0x00007ffe04c71010 is pointing into the stack for thread: 0x00007ffe0000a800
RBP=0x00007ffe04c71030 is pointing into the stack for thread: 0x00007ffe0000a800
RSI=0x00007ffdec8af000 is an unknown value
RDI=0x00000000ffffffff is an unallocated location in the heap
R8 =0x7665725074656720 is an unknown value
R9 =0x0000000000000020 is an unknown value
R10=0x00007ffe04c70db0 is pointing into the stack for thread: 0x00007ffe0000a800
R11=0x0000000000000000 is an unknown value
R12=0x0000000000000000 is an unknown value
R13=0x00000000d79ae250 is an oop
{method} 
 - klass: {other class}
R14=0x00007ffe04c71168 is pointing into the stack for thread: 0x00007ffe0000a800
R15=0x00007ffe0000a800 is a thread


Stack: [0x00007ffe04a73000,0x00007ffe04c74000],  sp=0x00007ffe04c71010,  free space=2040k
Native frames: (J=compiled Java code, j=interpreted, Vv=VM code, C=native code)
C  [librb_tree.so+0x1d57]  getPrev+0x24
C  [libintersection.so+0xd73]  find_intersections+0x1fe

Java frames: (J=compiled Java code, j=interpreted, Vv=VM code)
j  com.kenai.jffi.Foreign.invokeL1(JJJ)J+0
j  com.kenai.jffi.Invoker.invokeL1(Lcom/kenai/jffi/CallContext;JJ)J+7
j  org.jruby.ext.ffi.jffi.NativeInvoker$ffi$8.call(Lorg/jruby/runtime/ThreadContext;Lorg/jruby/runtime/builtin/IRubyObject;Lorg/jruby/RubyModule;Ljava/lang/String;Lorg/jruby/runtime/builtin/IRubyObject;)Lorg/jruby/runtime/builtin/IRubyObject;+76
j  org.jruby.runtime.callsite.CachingCallSite.cacheAndCall(Lorg/jruby/runtime/builtin/IRubyObject;Lorg/jruby/RubyClass;Lorg/jruby/runtime/ThreadContext;Lorg/jruby/runtime/builtin/IRubyObject;Lorg/jruby/runtime/builtin/IRubyObject;)Lorg/jruby/runtime/builtin/IRubyObject;+57
J  org.jruby.runtime.callsite.CachingCallSite.call(Lorg/jruby/runtime/ThreadContext;Lorg/jruby/runtime/builtin/IRubyObject;Lorg/jruby/runtime/builtin/IRubyObject;Lorg/jruby/runtime/builtin/IRubyObject;)Lorg/jruby/runtime/builtin/IRubyObject;
J  org.jruby.ast.CallOneArgNode.interpret(Lorg/jruby/Ruby;Lorg/jruby/runtime/ThreadContext;Lorg/jruby/runtime/builtin/IRubyObject;Lorg/jruby/runtime/Block;)Lorg/jruby/runtime/builtin/IRubyObject;
j  org.jruby.ast.LocalAsgnNode.interpret(Lorg/jruby/Ruby;Lorg/jruby/runtime/ThreadContext;Lorg/jruby/runtime/builtin/IRubyObject;Lorg/jruby/runtime/Block;)Lorg/jruby/runtime/builtin/IRubyObject;+30
J  org.jruby.ast.BlockNode.interpret(Lorg/jruby/Ruby;Lorg/jruby/runtime/ThreadContext;Lorg/jruby/runtime/builtin/IRubyObject;Lorg/jruby/runtime/Block;)Lorg/jruby/runtime/builtin/IRubyObject;
j  org.jruby.evaluator.ASTInterpreter.INTERPRET_METHOD(Lorg/jruby/Ruby;Lorg/jruby/runtime/ThreadContext;Ljava/lang/String;ILorg/jruby/RubyModule;Lorg/jruby/ast/Node;Ljava/lang/String;Lorg/jruby/runtime/builtin/IRubyObject;Lorg/jruby/runtime/Block;Z)Lorg/jruby/runtime/builtin/IRubyObject;+30
j  org.jruby.internal.runtime.methods.InterpretedMethod.call(Lorg/jruby/runtime/ThreadContext;Lorg/jruby/runtime/builtin/IRubyObject;Lorg/jruby/RubyModule;Ljava/lang/String;)Lorg/jruby/runtime/builtin/IRubyObject;+80
j  org.jruby.internal.runtime.methods.DefaultMethod.call(Lorg/jruby/runtime/ThreadContext;Lorg/jruby/runtime/builtin/IRubyObject;Lorg/jruby/RubyModule;Ljava/lang/String;)Lorg/jruby/runtime/builtin/IRubyObject;+20
J  org.jruby.ast.CallNoArgNode.interpret(Lorg/jruby/Ruby;Lorg/jruby/runtime/ThreadContext;Lorg/jruby/runtime/builtin/IRubyObject;Lorg/jruby/runtime/Block;)Lorg/jruby/runtime/builtin/IRubyObject;
j  org.jruby.ast.FCallTwoArgNode.interpret(Lorg/jruby/Ruby;Lorg/jruby/runtime/ThreadContext;Lorg/jruby/runtime/builtin/IRubyObject;Lorg/jruby/runtime/Block;)Lorg/jruby/runtime/builtin/IRubyObject;+28
J  org.jruby.ast.BlockNode.interpret(Lorg/jruby/Ruby;Lorg/jruby/runtime/ThreadContext;Lorg/jruby/runtime/builtin/IRubyObject;Lorg/jruby/runtime/Block;)Lorg/jruby/runtime/builtin/IRubyObject;
j  org.jruby.evaluator.ASTInterpreter.INTERPRET_METHOD(Lorg/jruby/Ruby;Lorg/jruby/runtime/ThreadContext;Ljava/lang/String;ILorg/jruby/RubyModule;Lorg/jruby/ast/Node;Ljava/lang/String;Lorg/jruby/runtime/builtin/IRubyObject;Lorg/jruby/runtime/Block;Z)Lorg/jruby/runtime/builtin/IRubyObject;+30
j  org.jruby.internal.runtime.methods.InterpretedMethod.call(Lorg/jruby/runtime/ThreadContext;Lorg/jruby/runtime/builtin/IRubyObject;Lorg/jruby/RubyModule;Ljava/lang/String;)Lorg/jruby/runtime/builtin/IRubyObject;+80
j  org.jruby.internal.runtime.methods.DefaultMethod.call(Lorg/jruby/runtime/ThreadContext;Lorg/jruby/runtime/builtin/IRubyObject;Lorg/jruby/RubyModule;Ljava/lang/String;)Lorg/jruby/runtime/builtin/IRubyObject;+20
j  org.jruby.runtime.callsite.CachingCallSite.cacheAndCall(Lorg/jruby/runtime/builtin/IRubyObject;Lorg/jruby/RubyClass;Lorg/jruby/runtime/ThreadContext;Lorg/jruby/runtime/builtin/IRubyObject;)Lorg/jruby/runtime/builtin/IRubyObject;+53
j  org.jruby.runtime.callsite.CachingCallSite.call(Lorg/jruby/runtime/ThreadContext;Lorg/jruby/runtime/builtin/IRubyObject;Lorg/jruby/runtime/builtin/IRubyObject;)Lorg/jruby/runtime/builtin/IRubyObject;+46
j  Makefile.method__3$RUBY$test(LMakefile;Lorg/jruby/runtime/ThreadContext;Lorg/jruby/runtime/builtin/IRubyObject;Lorg/jruby/runtime/Block;)Lorg/jruby/runtime/builtin/IRubyObject;+130
j  Makefile$method__3$RUBY$test.call(Lorg/jruby/runtime/ThreadContext;Lorg/jruby/runtime/builtin/IRubyObject;Lorg/jruby/RubyModule;Ljava/lang/String;Lorg/jruby/runtime/Block;)Lorg/jruby/runtime/builtin/IRubyObject;+17
j  org.jruby.RubyClass.finvoke(Lorg/jruby/runtime/ThreadContext;Lorg/jruby/runtime/builtin/IRubyObject;Ljava/lang/String;Lorg/jruby/runtime/Block;)Lorg/jruby/runtime/builtin/IRubyObject;+41
j  org.jruby.RubyBasicObject.send19(Lorg/jruby/runtime/ThreadContext;Lorg/jruby/runtime/builtin/IRubyObject;Lorg/jruby/runtime/Block;)Lorg/jruby/runtime/builtin/IRubyObject;+15
j  org.jruby.RubyKernel.send19(Lorg/jruby/runtime/ThreadContext;Lorg/jruby/runtime/builtin/IRubyObject;Lorg/jruby/runtime/builtin/IRubyObject;Lorg/jruby/runtime/Block;)Lorg/jruby/runtime/builtin/IRubyObject;+7
j  org.jruby.RubyKernel$INVOKER$s$send19.call(Lorg/jruby/runtime/ThreadContext;Lorg/jruby/runtime/builtin/IRubyObject;Lorg/jruby/RubyModule;Ljava/lang/String;Lorg/jruby/runtime/builtin/IRubyObject;Lorg/jruby/runtime/Block;)Lorg/jruby/runtime/builtin/IRubyObject;+6
j  org.jruby.internal.runtime.methods.JavaMethod$JavaMethodOneOrNBlock.call(Lorg/jruby/runtime/ThreadContext;Lorg/jruby/runtime/builtin/IRubyObject;Lorg/jruby/RubyModule;Ljava/lang/String;Lorg/jruby/runtime/builtin/IRubyObject;)Lorg/jruby/runtime/builtin/IRubyObject;+11
j  org.jruby.runtime.callsite.CachingCallSite.call(Lorg/jruby/runtime/ThreadContext;Lorg/jruby/runtime/builtin/IRubyObject;Lorg/jruby/runtime/builtin/IRubyObject;Lorg/jruby/runtime/builtin/IRubyObject;)Lorg/jruby/runtime/builtin/IRubyObject;+38
j  Makefile.block_7$RUBY$__file__(LMakefile;Lorg/jruby/runtime/ThreadContext;Lorg/jruby/runtime/builtin/IRubyObject;[Lorg/jruby/runtime/builtin/IRubyObject;Lorg/jruby/runtime/Block;)Lorg/jruby/runtime/builtin/IRubyObject;+46
j  Makefile$block_7$RUBY$__file__.call(Lorg/jruby/runtime/ThreadContext;Lorg/jruby/runtime/builtin/IRubyObject;[Lorg/jruby/runtime/builtin/IRubyObject;Lorg/jruby/runtime/Block;)Lorg/jruby/runtime/builtin/IRubyObject;+9
j  org.jruby.runtime.CompiledBlock19.yield(Lorg/jruby/runtime/ThreadContext;Lorg/jruby/runtime/builtin/IRubyObject;Lorg/jruby/runtime/Binding;Lorg/jruby/runtime/Block$Type;)Lorg/jruby/runtime/builtin/IRubyObject;+52
j  org.jruby.runtime.Block.yield(Lorg/jruby/runtime/ThreadContext;Lorg/jruby/runtime/builtin/IRubyObject;)Lorg/jruby/runtime/builtin/IRubyObject;+14
j  org.jruby.RubyArray.eachCommon(Lorg/jruby/runtime/ThreadContext;Lorg/jruby/runtime/Block;)Lorg/jruby/runtime/builtin/IRubyObject;+41
j  org.jruby.RubyArray.each(Lorg/jruby/runtime/ThreadContext;Lorg/jruby/runtime/Block;)Lorg/jruby/runtime/builtin/IRubyObject;+10
j  org.jruby.RubyArray$INVOKER$i$0$0$each.call(Lorg/jruby/runtime/ThreadContext;Lorg/jruby/runtime/builtin/IRubyObject;Lorg/jruby/RubyModule;Ljava/lang/String;Lorg/jruby/runtime/Block;)Lorg/jruby/runtime/builtin/IRubyObject;+7
j  org.jruby.runtime.callsite.CachingCallSite.cacheAndCall(Lorg/jruby/runtime/builtin/IRubyObject;Lorg/jruby/RubyClass;Lorg/jruby/runtime/Block;Lorg/jruby/runtime/ThreadContext;Lorg/jruby/runtime/builtin/IRubyObject;)Lorg/jruby/runtime/builtin/IRubyObject;+57
j  org.jruby.runtime.callsite.CachingCallSite.callBlock(Lorg/jruby/runtime/ThreadContext;Lorg/jruby/runtime/builtin/IRubyObject;Lorg/jruby/runtime/builtin/IRubyObject;Lorg/jruby/runtime/Block;)Lorg/jruby/runtime/builtin/IRubyObject;+50
j  org.jruby.runtime.callsite.CachingCallSite.callIter(Lorg/jruby/runtime/ThreadContext;Lorg/jruby/runtime/builtin/IRubyObject;Lorg/jruby/runtime/builtin/IRubyObject;Lorg/jruby/runtime/Block;)Lorg/jruby/runtime/builtin/IRubyObject;+6
j  Makefile.__file__(LMakefile;Lorg/jruby/runtime/ThreadContext;Lorg/jruby/runtime/builtin/IRubyObject;[Lorg/jruby/runtime/builtin/IRubyObject;Lorg/jruby/runtime/Block;)Lorg/jruby/runtime/builtin/IRubyObject;+938
j  Makefile.load(Lorg/jruby/runtime/ThreadContext;Lorg/jruby/runtime/builtin/IRubyObject;Z)Lorg/jruby/runtime/builtin/IRubyObject;+22
j  org.jruby.Ruby.runScript(Lorg/jruby/ast/executable/Script;Z)Lorg/jruby/runtime/builtin/IRubyObject;+12
j  org.jruby.Ruby.runScript(Lorg/jruby/ast/executable/Script;)Lorg/jruby/runtime/builtin/IRubyObject;+3
j  org.jruby.Ruby.runNormally(Lorg/jruby/ast/Node;)Lorg/jruby/runtime/builtin/IRubyObject;+73
j  org.jruby.Ruby.runFromMain(Ljava/io/InputStream;Ljava/lang/String;)V+320
j  org.jruby.Main.doRunFromMain(Lorg/jruby/Ruby;Ljava/io/InputStream;Ljava/lang/String;)Lorg/jruby/Main$Status;+12
j  org.jruby.Main.internalRun()Lorg/jruby/Main$Status;+234
j  org.jruby.Main.run([Ljava/lang/String;)Lorg/jruby/Main$Status;+9
j  org.jruby.Main.main([Ljava/lang/String;)V+35
v  ~StubRoutines::call_stub

---------------  P R O C E S S  ---------------

Java Threads: ( => current thread )
  0x00007ffe0037b800 JavaThread "JRubyJIT-2" daemon [_thread_blocked, id=25921, stack(0x00007ffdc6b61000,0x00007ffdc6d62000)]
  0x00007ffe0037a000 JavaThread "process reaper" daemon [_thread_blocked, id=25801, stack(0x00007ffdec0b3000,0x00007ffdec0ec000)]
  0x00007ffe00480000 JavaThread "JRubyJIT-1" daemon [_thread_blocked, id=25798, stack(0x00007ffdc6d62000,0x00007ffdc6f63000)]
  0x00007ffe000ae000 JavaThread "Service Thread" daemon [_thread_blocked, id=25796, stack(0x00007ffdecbd4000,0x00007ffdecdd5000)]
  0x00007ffe000ab800 JavaThread "C2 CompilerThread1" daemon [_thread_blocked, id=25795, stack(0x00007ffdecdd5000,0x00007ffdeced6000)]
  0x00007ffe000a8800 JavaThread "C2 CompilerThread0" daemon [_thread_blocked, id=25794, stack(0x00007ffdeced6000,0x00007ffdecfd7000)]
  0x00007ffe000a6800 JavaThread "Signal Dispatcher" daemon [_thread_blocked, id=25793, stack(0x00007ffdecfd7000,0x00007ffded1d8000)]
  0x00007ffe00082800 JavaThread "Finalizer" daemon [_thread_blocked, id=25792, stack(0x00007ffded5d2000,0x00007ffded7d3000)]
  0x00007ffe00080800 JavaThread "Reference Handler" daemon [_thread_blocked, id=25791, stack(0x00007ffded7d3000,0x00007ffded9d4000)]
=>0x00007ffe0000a800 JavaThread "main" [_thread_in_native, id=25785, stack(0x00007ffe04a73000,0x00007ffe04c74000)]

Other Threads:
  0x00007ffe0007c800 VMThread [stack: 0x00007ffded9d4000,0x00007ffdedad5000] [id=25790]
  0x00007ffe000b8800 WatcherThread [stack: 0x00007ffdecad3000,0x00007ffdecbd4000] [id=25797]

VM state:not at safepoint (normal execution)

VM Mutex/Monitor currently owned by a thread: None

Heap
 PSYoungGen      total 32768K, used 8037K [0x00000000f5900000, 0x00000000f9900000, 0x0000000100000000)
  eden space 30720K, 19% used [0x00000000f5900000,0x00000000f5ee01d8,0x00000000f7700000)
  from space 2048K, 98% used [0x00000000f7700000,0x00000000f78f9518,0x00000000f7900000)
  to   space 2048K, 0% used [0x00000000f9700000,0x00000000f9700000,0x00000000f9900000)
 ParOldGen       total 38400K, used 8884K [0x00000000e0c00000, 0x00000000e3180000, 0x00000000f5900000)
  object space 38400K, 23% used [0x00000000e0c00000,0x00000000e14ad188,0x00000000e3180000)
 PSPermGen       total 25600K, used 25487K [0x00000000d6600000, 0x00000000d7f00000, 0x00000000e0c00000)
  object space 25600K, 99% used [0x00000000d6600000,0x00000000d7ee3ca0,0x00000000d7f00000)

Card table byte_map: [0x00007ffdfc890000,0x00007ffdfc9de000] byte_map_base: 0x00007ffdfc1dd000

Polling page: 0x00007ffe07081000

Code Cache  [0x00007ffdfc9de000, 0x00007ffdfcc4e000, 0x00007ffdff9de000)
 total_blobs=1008 nmethods=529 adapters=433 free_code_cache=47518Kb largest_free_block=48616768

Compilation events (10 events):
Event: 10,736 Thread 0x00007ffe000ab800 nmethod 559 0x00007ffdfcb765d0 code [0x00007ffdfcb76740, 0x00007ffdfcb76a58]
Event: 10,736 Thread 0x00007ffe000ab800  560             org.jruby.util.Qsort::partition (273 bytes)
Event: 10,737 Thread 0x00007ffe000a8800 nmethod 558 0x00007ffdfcb7b150 code [0x00007ffdfcb7b300, 0x00007ffdfcb7b748]
Event: 10,740 Thread 0x00007ffe000a8800  561             com.kenai.jffi.Invoker::invokeL2 (13 bytes)
Event: 10,742 Thread 0x00007ffe000a8800 nmethod 561 0x00007ffdfcb75f50 code [0x00007ffdfcb760a0, 0x00007ffdfcb76128]
Event: 10,745 Thread 0x00007ffe000a8800  563             org.jruby.runtime.callsite.ShiftLeftCallSite::call (37 bytes)
Event: 10,762 Thread 0x00007ffe000a8800 nmethod 563 0x00007ffdfcb78e90 code [0x00007ffdfcb79000, 0x00007ffdfcb792a8]
Event: 10,762 Thread 0x00007ffe000a8800  564             org.jruby.RubyArray::append (113 bytes)
Event: 10,780 Thread 0x00007ffe000a8800 nmethod 564 0x00007ffdfcb78110 code [0x00007ffdfcb78300, 0x00007ffdfcb787f0]
Event: 10,786 Thread 0x00007ffe000ab800 nmethod 560 0x00007ffdfcb7f410 code [0x00007ffdfcb7f600, 0x00007ffdfcb802a8]

GC Heap History (6 events):
Event: 3,613 GC heap before
{Heap before GC invocations=1 (full 0):
 PSYoungGen      total 17408K, used 15360K [0x00000000f5900000, 0x00000000f6c00000, 0x0000000100000000)
  eden space 15360K, 100% used [0x00000000f5900000,0x00000000f6800000,0x00000000f6800000)
  from space 2048K, 0% used [0x00000000f6a00000,0x00000000f6a00000,0x00000000f6c00000)
  to   space 2048K, 0% used [0x00000000f6800000,0x00000000f6800000,0x00000000f6a00000)
 ParOldGen       total 38400K, used 0K [0x00000000e0c00000, 0x00000000e3180000, 0x00000000f5900000)
  object space 38400K, 0% used [0x00000000e0c00000,0x00000000e0c00000,0x00000000e3180000)
 PSPermGen       total 21504K, used 18949K [0x00000000d6600000, 0x00000000d7b00000, 0x00000000e0c00000)
  object space 21504K, 88% used [0x00000000d6600000,0x00000000d78816c8,0x00000000d7b00000)
Event: 3,650 GC heap after
Heap after GC invocations=1 (full 0):
 PSYoungGen      total 17408K, used 2037K [0x00000000f5900000, 0x00000000f7b00000, 0x0000000100000000)
  eden space 15360K, 0% used [0x00000000f5900000,0x00000000f5900000,0x00000000f6800000)
  from space 2048K, 99% used [0x00000000f6800000,0x00000000f69fd4d8,0x00000000f6a00000)
  to   space 2048K, 0% used [0x00000000f7900000,0x00000000f7900000,0x00000000f7b00000)
 ParOldGen       total 38400K, used 3780K [0x00000000e0c00000, 0x00000000e3180000, 0x00000000f5900000)
  object space 38400K, 9% used [0x00000000e0c00000,0x00000000e0fb10c0,0x00000000e3180000)
 PSPermGen       total 21504K, used 18949K [0x00000000d6600000, 0x00000000d7b00000, 0x00000000e0c00000)
  object space 21504K, 88% used [0x00000000d6600000,0x00000000d78816c8,0x00000000d7b00000)
}
Event: 6,190 GC heap before
{Heap before GC invocations=2 (full 0):
 PSYoungGen      total 17408K, used 17397K [0x00000000f5900000, 0x00000000f7b00000, 0x0000000100000000)
  eden space 15360K, 100% used [0x00000000f5900000,0x00000000f6800000,0x00000000f6800000)
  from space 2048K, 99% used [0x00000000f6800000,0x00000000f69fd4d8,0x00000000f6a00000)
  to   space 2048K, 0% used [0x00000000f7900000,0x00000000f7900000,0x00000000f7b00000)
 ParOldGen       total 38400K, used 3780K [0x00000000e0c00000, 0x00000000e3180000, 0x00000000f5900000)
  object space 38400K, 9% used [0x00000000e0c00000,0x00000000e0fb10c0,0x00000000e3180000)
 PSPermGen       total 23552K, used 23439K [0x00000000d6600000, 0x00000000d7d00000, 0x00000000e0c00000)
  object space 23552K, 99% used [0x00000000d6600000,0x00000000d7ce3d18,0x00000000d7d00000)
Event: 6,261 GC heap after
Heap after GC invocations=2 (full 0):
 PSYoungGen      total 32768K, used 2037K [0x00000000f5900000, 0x00000000f7b00000, 0x0000000100000000)
  eden space 30720K, 0% used [0x00000000f5900000,0x00000000f5900000,0x00000000f7700000)
  from space 2048K, 99% used [0x00000000f7900000,0x00000000f7afd528,0x00000000f7b00000)
  to   space 2048K, 0% used [0x00000000f7700000,0x00000000f7700000,0x00000000f7900000)
 ParOldGen       total 38400K, used 5883K [0x00000000e0c00000, 0x00000000e3180000, 0x00000000f5900000)
  object space 38400K, 15% used [0x00000000e0c00000,0x00000000e11beed8,0x00000000e3180000)
 PSPermGen       total 23552K, used 23439K [0x00000000d6600000, 0x00000000d7d00000, 0x00000000e0c00000)
  object space 23552K, 99% used [0x00000000d6600000,0x00000000d7ce3d18,0x00000000d7d00000)
}
Event: 10,159 GC heap before
{Heap before GC invocations=3 (full 0):
 PSYoungGen      total 32768K, used 32757K [0x00000000f5900000, 0x00000000f7b00000, 0x0000000100000000)
  eden space 30720K, 100% used [0x00000000f5900000,0x00000000f7700000,0x00000000f7700000)
  from space 2048K, 99% used [0x00000000f7900000,0x00000000f7afd528,0x00000000f7b00000)
  to   space 2048K, 0% used [0x00000000f7700000,0x00000000f7700000,0x00000000f7900000)
 ParOldGen       total 38400K, used 5883K [0x00000000e0c00000, 0x00000000e3180000, 0x00000000f5900000)
  object space 38400K, 15% used [0x00000000e0c00000,0x00000000e11beed8,0x00000000e3180000)
 PSPermGen       total 25600K, used 25445K [0x00000000d6600000, 0x00000000d7f00000, 0x00000000e0c00000)
  object space 25600K, 99% used [0x00000000d6600000,0x00000000d7ed96d8,0x00000000d7f00000)
Event: 10,204 GC heap after
Heap after GC invocations=3 (full 0):
 PSYoungGen      total 32768K, used 2021K [0x00000000f5900000, 0x00000000f9900000, 0x0000000100000000)
  eden space 30720K, 0% used [0x00000000f5900000,0x00000000f5900000,0x00000000f7700000)
  from space 2048K, 98% used [0x00000000f7700000,0x00000000f78f9518,0x00000000f7900000)
  to   space 2048K, 0% used [0x00000000f9700000,0x00000000f9700000,0x00000000f9900000)
 ParOldGen       total 38400K, used 8884K [0x00000000e0c00000, 0x00000000e3180000, 0x00000000f5900000)
  object space 38400K, 23% used [0x00000000e0c00000,0x00000000e14ad188,0x00000000e3180000)
 PSPermGen       total 25600K, used 25445K [0x00000000d6600000, 0x00000000d7f00000, 0x00000000e0c00000)
  object space 25600K, 99% used [0x00000000d6600000,0x00000000d7ed96d8,0x00000000d7f00000)
}

Deoptimization events (10 events):
Event: 10,792 Thread 0x00007ffe0000a800 Uncommon trap: reason=class_check action=maybe_recompile pc=0x00007ffdfcae90d8 method=org.jruby.RubyArray.collect(Lorg/jruby/runtime/ThreadContext;Lorg/jruby/runtime/Block;)Lorg/jruby/runtime/builtin/IRubyObject; @ 71
Event: 10,792 Thread 0x00007ffe0000a800 Uncommon trap: reason=class_check action=maybe_recompile pc=0x00007ffdfcae90d8 method=org.jruby.RubyArray.collect(Lorg/jruby/runtime/ThreadContext;Lorg/jruby/runtime/Block;)Lorg/jruby/runtime/builtin/IRubyObject; @ 71
Event: 10,793 Thread 0x00007ffe0000a800 Uncommon trap: reason=bimorphic action=maybe_recompile pc=0x00007ffdfcb583c8 method=org.jruby.RubyClass.allocate()Lorg/jruby/runtime/builtin/IRubyObject; @ 54
Event: 10,793 Thread 0x00007ffe0000a800 Uncommon trap: reason=bimorphic action=maybe_recompile pc=0x00007ffdfcb583c8 method=org.jruby.RubyClass.allocate()Lorg/jruby/runtime/builtin/IRubyObject; @ 54
Event: 10,793 Thread 0x00007ffe0000a800 Uncommon trap: reason=class_check action=maybe_recompile pc=0x00007ffdfcae4ce4 method=org.jruby.runtime.ivars.VariableAccessor.get(Ljava/lang/Object;)Ljava/lang/Object; @ 1
Event: 10,793 Thread 0x00007ffe0000a800 Uncommon trap: reason=class_check action=maybe_recompile pc=0x00007ffdfcae4ce4 method=org.jruby.runtime.ivars.VariableAccessor.get(Ljava/lang/Object;)Ljava/lang/Object; @ 1
Event: 10,793 Thread 0x00007ffe0000a800 Uncommon trap: reason=class_check action=maybe_recompile pc=0x00007ffdfcae4ce4 method=org.jruby.runtime.ivars.VariableAccessor.get(Ljava/lang/Object;)Ljava/lang/Object; @ 1
Event: 10,793 Thread 0x00007ffe0000a800 Uncommon trap: reason=class_check action=maybe_recompile pc=0x00007ffdfcae4ce4 method=org.jruby.runtime.ivars.VariableAccessor.get(Ljava/lang/Object;)Ljava/lang/Object; @ 1
Event: 10,794 Thread 0x00007ffe0000a800 Uncommon trap: reason=bimorphic action=maybe_recompile pc=0x00007ffdfcb583c8 method=org.jruby.RubyClass.allocate()Lorg/jruby/runtime/builtin/IRubyObject; @ 54
Event: 10,794 Thread 0x00007ffe0000a800 Uncommon trap: reason=bimorphic action=maybe_recompile pc=0x00007ffdfcb583c8 method=org.jruby.RubyClass.allocate()Lorg/jruby/runtime/builtin/IRubyObject; @ 54

Internal exceptions (10 events):
Event: 9,087 Thread 0x00007ffe0000a800 Threw 0x00000000f70f2c50 at /build/buildd/openjdk-7-7u51-2.4.4/build/openjdk/hotspot/src/share/vm/prims/jvm.cpp:1244
Event: 9,087 Thread 0x00007ffe0000a800 Threw 0x00000000f70f3700 at /build/buildd/openjdk-7-7u51-2.4.4/build/openjdk/hotspot/src/share/vm/prims/jvm.cpp:1244
Event: 9,090 Thread 0x00007ffe0000a800 Threw 0x00000000f70ff270 at /build/buildd/openjdk-7-7u51-2.4.4/build/openjdk/hotspot/src/share/vm/prims/jvm.cpp:1244
Event: 9,090 Thread 0x00007ffe0000a800 Threw 0x00000000f7101330 at /build/buildd/openjdk-7-7u51-2.4.4/build/openjdk/hotspot/src/share/vm/prims/jvm.cpp:1244
Event: 9,090 Thread 0x00007ffe0000a800 Threw 0x00000000f7101de0 at /build/buildd/openjdk-7-7u51-2.4.4/build/openjdk/hotspot/src/share/vm/prims/jvm.cpp:1244
Event: 9,090 Thread 0x00007ffe0000a800 Threw 0x00000000f7103c80 at /build/buildd/openjdk-7-7u51-2.4.4/build/openjdk/hotspot/src/share/vm/prims/jvm.cpp:1244
Event: 9,091 Thread 0x00007ffe0000a800 Threw 0x00000000f7105d40 at /build/buildd/openjdk-7-7u51-2.4.4/build/openjdk/hotspot/src/share/vm/prims/jvm.cpp:1244
Event: 9,091 Thread 0x00007ffe0000a800 Threw 0x00000000f71067f0 at /build/buildd/openjdk-7-7u51-2.4.4/build/openjdk/hotspot/src/share/vm/prims/jvm.cpp:1244
Event: 10,808 Thread 0x00007ffe0037b800 Threw 0x00000000f5ebb5a8 at /build/buildd/openjdk-7-7u51-2.4.4/build/openjdk/hotspot/src/share/vm/prims/jvm.cpp:1244
Event: 10,808 Thread 0x00007ffe0037b800 Threw 0x00000000f5ebcfc0 at /build/buildd/openjdk-7-7u51-2.4.4/build/openjdk/hotspot/src/share/vm/prims/jvm.cpp:1244

Events (10 events):
Event: 10,793 Thread 0x00007ffe0000a800 DEOPT PACKING pc=0x00007ffdfcae4ce4 sp=0x00007ffe04c70380
Event: 10,793 Thread 0x00007ffe0000a800 DEOPT UNPACKING pc=0x00007ffdfca17045 sp=0x00007ffe04c70348 mode 2
Event: 10,794 Thread 0x00007ffe0000a800 Uncommon trap: trap_request=0xffffffc6 fr.pc=0x00007ffdfcb583c8
Event: 10,794 Thread 0x00007ffe0000a800 DEOPT PACKING pc=0x00007ffdfcb583c8 sp=0x00007ffe04c70770
Event: 10,794 Thread 0x00007ffe0000a800 DEOPT UNPACKING pc=0x00007ffdfca17045 sp=0x00007ffe04c70760 mode 2
Event: 10,794 Thread 0x00007ffe0000a800 Uncommon trap: trap_request=0xffffffc6 fr.pc=0x00007ffdfcb583c8
Event: 10,794 Thread 0x00007ffe0000a800 DEOPT PACKING pc=0x00007ffdfcb583c8 sp=0x00007ffe04c70770
Event: 10,794 Thread 0x00007ffe0000a800 DEOPT UNPACKING pc=0x00007ffdfca17045 sp=0x00007ffe04c70760 mode 2
Event: 10,807 loading class 0x00007ffdb00064f0
Event: 10,807 loading class 0x00007ffdb00064f0 done


Dynamic libraries:
00400000-00401000 r-xp 00000000 08:01 15861394                           /usr/lib/jvm/java-7-openjdk-amd64/jre/bin/java
00600000-00601000 r--p 00000000 08:01 15861394                           /usr/lib/jvm/java-7-openjdk-amd64/jre/bin/java
00601000-00602000 rw-p 00001000 08:01 15861394                           /usr/lib/jvm/java-7-openjdk-amd64/jre/bin/java
0205f000-02080000 rw-p 00000000 00:00 0                                  [heap]
d6600000-d7f00000 rw-p 00000000 00:00 0 
d7f00000-e0c00000 rw-p 00000000 00:00 0 
e0c00000-e3180000 rw-p 00000000 00:00 0 
e3180000-f5900000 rw-p 00000000 00:00 0 
f5900000-f9900000 rw-p 00000000 00:00 0 
f9900000-100000000 rw-p 00000000 00:00 0 
7ffdb0000000-7ffdb0021000 rw-p 00000000 00:00 0 
7ffdb0021000-7ffdb4000000 ---p 00000000 00:00 0 
7ffdb4000000-7ffdb4021000 rw-p 00000000 00:00 0 
7ffdb4021000-7ffdb8000000 ---p 00000000 00:00 0 
7ffdb8000000-7ffdb8021000 rw-p 00000000 00:00 0 
7ffdb8021000-7ffdbc000000 ---p 00000000 00:00 0 
7ffdbc000000-7ffdbc021000 rw-p 00000000 00:00 0 
7ffdbc021000-7ffdc0000000 ---p 00000000 00:00 0 
7ffdc0000000-7ffdc0027000 rw-p 00000000 00:00 0 
7ffdc0027000-7ffdc4000000 ---p 00000000 00:00 0 
7ffdc5d50000-7ffdc5d52000 r-xp 00000000 08:01 13894024                   /home/alex/Documents/8vo_Semestre/Geometría Computacional/Lab/practica02p1/src/lib/libintersection.so
7ffdc5d52000-7ffdc5f51000 ---p 00002000 08:01 13894024                   /home/alex/Documents/8vo_Semestre/Geometría Computacional/Lab/practica02p1/src/lib/libintersection.so
7ffdc5f51000-7ffdc5f52000 r--p 00001000 08:01 13894024                   /home/alex/Documents/8vo_Semestre/Geometría Computacional/Lab/practica02p1/src/lib/libintersection.so
7ffdc5f52000-7ffdc5f53000 rw-p 00002000 08:01 13894024                   /home/alex/Documents/8vo_Semestre/Geometría Computacional/Lab/practica02p1/src/lib/libintersection.so
7ffdc5f53000-7ffdc5f56000 r-xp 00000000 08:01 13893852                   /home/alex/Documents/8vo_Semestre/Geometría Computacional/Lab/practica02p1/src/lib/librb_tree.so
7ffdc5f56000-7ffdc6155000 ---p 00003000 08:01 13893852                   /home/alex/Documents/8vo_Semestre/Geometría Computacional/Lab/practica02p1/src/lib/librb_tree.so
7ffdc6155000-7ffdc6156000 r--p 00002000 08:01 13893852                   /home/alex/Documents/8vo_Semestre/Geometría Computacional/Lab/practica02p1/src/lib/librb_tree.so
7ffdc6156000-7ffdc6157000 rw-p 00003000 08:01 13893852                   /home/alex/Documents/8vo_Semestre/Geometría Computacional/Lab/practica02p1/src/lib/librb_tree.so
7ffdc6157000-7ffdc6159000 r-xp 00000000 08:01 13893851                   /home/alex/Documents/8vo_Semestre/Geometría Computacional/Lab/practica02p1/src/lib/libdouble_linked_list.so
7ffdc6159000-7ffdc6358000 ---p 00002000 08:01 13893851                   /home/alex/Documents/8vo_Semestre/Geometría Computacional/Lab/practica02p1/src/lib/libdouble_linked_list.so
7ffdc6358000-7ffdc6359000 r--p 00001000 08:01 13893851                   /home/alex/Documents/8vo_Semestre/Geometría Computacional/Lab/practica02p1/src/lib/libdouble_linked_list.so
7ffdc6359000-7ffdc635a000 rw-p 00002000 08:01 13893851                   /home/alex/Documents/8vo_Semestre/Geometría Computacional/Lab/practica02p1/src/lib/libdouble_linked_list.so
7ffdc635a000-7ffdc635b000 r-xp 00000000 08:01 13893849                   /home/alex/Documents/8vo_Semestre/Geometría Computacional/Lab/practica02p1/src/lib/libhalf_edge.so
7ffdc635b000-7ffdc655b000 ---p 00001000 08:01 13893849                   /home/alex/Documents/8vo_Semestre/Geometría Computacional/Lab/practica02p1/src/lib/libhalf_edge.so
7ffdc655b000-7ffdc655c000 r--p 00001000 08:01 13893849                   /home/alex/Documents/8vo_Semestre/Geometría Computacional/Lab/practica02p1/src/lib/libhalf_edge.so
7ffdc655c000-7ffdc655d000 rw-p 00002000 08:01 13893849                   /home/alex/Documents/8vo_Semestre/Geometría Computacional/Lab/practica02p1/src/lib/libhalf_edge.so
7ffdc655d000-7ffdc655e000 r-xp 00000000 08:01 13893835                   /home/alex/Documents/8vo_Semestre/Geometría Computacional/Lab/practica02p1/src/lib/lib2d_points.so
7ffdc655e000-7ffdc675d000 ---p 00001000 08:01 13893835                   /home/alex/Documents/8vo_Semestre/Geometría Computacional/Lab/practica02p1/src/lib/lib2d_points.so
7ffdc675d000-7ffdc675e000 r--p 00000000 08:01 13893835                   /home/alex/Documents/8vo_Semestre/Geometría Computacional/Lab/practica02p1/src/lib/lib2d_points.so
7ffdc675e000-7ffdc675f000 rw-p 00001000 08:01 13893835                   /home/alex/Documents/8vo_Semestre/Geometría Computacional/Lab/practica02p1/src/lib/lib2d_points.so
7ffdc675f000-7ffdc6762000 ---p 00000000 00:00 0 
7ffdc6762000-7ffdc6960000 rw-p 00000000 00:00 0 
7ffdc6960000-7ffdc6963000 ---p 00000000 00:00 0 
7ffdc6963000-7ffdc6b61000 rw-p 00000000 00:00 0 
7ffdc6b61000-7ffdc6b64000 ---p 00000000 00:00 0 
7ffdc6b64000-7ffdc6d62000 rw-p 00000000 00:00 0                          [stack:25921]
7ffdc6d62000-7ffdc6d65000 ---p 00000000 00:00 0 
7ffdc6d65000-7ffdc6f63000 rw-p 00000000 00:00 0                          [stack:25798]
7ffdc6f63000-7ffdc6f75000 r-xp 00000000 08:01 12059135                   /home/alex/.rbenv/versions/jruby-1.7.10/lib/jni/x86_64-Linux/libjffi-1.2.so
7ffdc6f75000-7ffdc7174000 ---p 00012000 08:01 12059135                   /home/alex/.rbenv/versions/jruby-1.7.10/lib/jni/x86_64-Linux/libjffi-1.2.so
7ffdc7174000-7ffdc7175000 rw-p 00011000 08:01 12059135                   /home/alex/.rbenv/versions/jruby-1.7.10/lib/jni/x86_64-Linux/libjffi-1.2.so
7ffdc726a000-7ffdc727a000 r-xp 00000000 08:01 15861288                   /usr/lib/jvm/java-7-openjdk-amd64/jre/lib/amd64/libnio.so
7ffdc727a000-7ffdc747a000 ---p 00010000 08:01 15861288                   /usr/lib/jvm/java-7-openjdk-amd64/jre/lib/amd64/libnio.so
7ffdc747a000-7ffdc747b000 r--p 00010000 08:01 15861288                   /usr/lib/jvm/java-7-openjdk-amd64/jre/lib/amd64/libnio.so
7ffdc747b000-7ffdc747c000 rw-p 00011000 08:01 15861288                   /usr/lib/jvm/java-7-openjdk-amd64/jre/lib/amd64/libnio.so
7ffdc747c000-7ffdc74b9000 r-xp 00000000 08:01 8130434                    /lib/x86_64-linux-gnu/libpcre.so.3.13.1
7ffdc74b9000-7ffdc76b9000 ---p 0003d000 08:01 8130434                    /lib/x86_64-linux-gnu/libpcre.so.3.13.1
7ffdc76b9000-7ffdc76ba000 r--p 0003d000 08:01 8130434                    /lib/x86_64-linux-gnu/libpcre.so.3.13.1
7ffdc76ba000-7ffdc76bb000 rw-p 0003e000 08:01 8130434                    /lib/x86_64-linux-gnu/libpcre.so.3.13.1
7ffdc76bb000-7ffdc76c2000 r-xp 00000000 08:01 15735894                   /usr/lib/x86_64-linux-gnu/libffi.so.6.0.1
7ffdc76c2000-7ffdc78c1000 ---p 00007000 08:01 15735894                   /usr/lib/x86_64-linux-gnu/libffi.so.6.0.1
7ffdc78c1000-7ffdc78c2000 r--p 00006000 08:01 15735894                   /usr/lib/x86_64-linux-gnu/libffi.so.6.0.1
7ffdc78c2000-7ffdc78c3000 rw-p 00007000 08:01 15735894                   /usr/lib/x86_64-linux-gnu/libffi.so.6.0.1
7ffdc78c3000-7ffdc78d9000 r-xp 00000000 08:01 8130457                    /lib/x86_64-linux-gnu/libresolv-2.17.so
7ffdc78d9000-7ffdc7ad9000 ---p 00016000 08:01 8130457                    /lib/x86_64-linux-gnu/libresolv-2.17.so
7ffdc7ad9000-7ffdc7ada000 r--p 00016000 08:01 8130457                    /lib/x86_64-linux-gnu/libresolv-2.17.so
7ffdc7ada000-7ffdc7adb000 rw-p 00017000 08:01 8130457                    /lib/x86_64-linux-gnu/libresolv-2.17.so
7ffdc7adb000-7ffdc7add000 rw-p 00000000 00:00 0 
7ffdc7add000-7ffdc7afc000 r-xp 00000000 08:01 8130461                    /lib/x86_64-linux-gnu/libselinux.so.1
7ffdc7afc000-7ffdc7cfc000 ---p 0001f000 08:01 8130461                    /lib/x86_64-linux-gnu/libselinux.so.1
7ffdc7cfc000-7ffdc7cfd000 r--p 0001f000 08:01 8130461                    /lib/x86_64-linux-gnu/libselinux.so.1
7ffdc7cfd000-7ffdc7cfe000 rw-p 00020000 08:01 8130461                    /lib/x86_64-linux-gnu/libselinux.so.1
7ffdc7cfe000-7ffdc7cff000 rw-p 00000000 00:00 0 
7ffdc7cff000-7ffdc7dfd000 r-xp 00000000 08:01 8130449                    /lib/x86_64-linux-gnu/libglib-2.0.so.0.3800.1
7ffdc7dfd000-7ffdc7ffd000 ---p 000fe000 08:01 8130449                    /lib/x86_64-linux-gnu/libglib-2.0.so.0.3800.1
7ffdc7ffd000-7ffdc7ffe000 r--p 000fe000 08:01 8130449                    /lib/x86_64-linux-gnu/libglib-2.0.so.0.3800.1
7ffdc7ffe000-7ffdc7fff000 rw-p 000ff000 08:01 8130449                    /lib/x86_64-linux-gnu/libglib-2.0.so.0.3800.1
7ffdc7fff000-7ffdc8000000 rw-p 00000000 00:00 0 
7ffdc8000000-7ffdc8021000 rw-p 00000000 00:00 0 
7ffdc8021000-7ffdcc000000 ---p 00000000 00:00 0 
7ffdcc000000-7ffdcc021000 rw-p 00000000 00:00 0 
7ffdcc021000-7ffdd0000000 ---p 00000000 00:00 0 
7ffdd0000000-7ffdd0e02000 rw-p 00000000 00:00 0 
7ffdd0e02000-7ffdd4000000 ---p 00000000 00:00 0 
7ffdd4000000-7ffdd4bab000 rw-p 00000000 00:00 0 
7ffdd4bab000-7ffdd8000000 ---p 00000000 00:00 0 
7ffdd8000000-7ffdd8021000 rw-p 00000000 00:00 0 
7ffdd8021000-7ffddc000000 ---p 00000000 00:00 0 
7ffddc000000-7ffddc021000 rw-p 00000000 00:00 0 
7ffddc021000-7ffde0000000 ---p 00000000 00:00 0 
7ffde0000000-7ffde0031000 rw-p 00000000 00:00 0 
7ffde0031000-7ffde4000000 ---p 00000000 00:00 0 
7ffde4000000-7ffde4021000 rw-p 00000000 00:00 0 
7ffde4021000-7ffde8000000 ---p 00000000 00:00 0 
7ffde8000000-7ffde8021000 rw-p 00000000 00:00 0 
7ffde8021000-7ffdec000000 ---p 00000000 00:00 0 
7ffdec0b3000-7ffdec0b6000 ---p 00000000 00:00 0 
7ffdec0b6000-7ffdec0ec000 rw-p 00000000 00:00 0                          [stack:25801]
7ffdec0ec000-7ffdec0ef000 r-xp 00000000 08:01 15729078                   /usr/lib/x86_64-linux-gnu/libgmodule-2.0.so.0.3800.1
7ffdec0ef000-7ffdec2ee000 ---p 00003000 08:01 15729078                   /usr/lib/x86_64-linux-gnu/libgmodule-2.0.so.0.3800.1
7ffdec2ee000-7ffdec2ef000 r--p 00002000 08:01 15729078                   /usr/lib/x86_64-linux-gnu/libgmodule-2.0.so.0.3800.1
7ffdec2ef000-7ffdec2f0000 rw-p 00003000 08:01 15729078                   /usr/lib/x86_64-linux-gnu/libgmodule-2.0.so.0.3800.1
7ffdec2f0000-7ffdec33f000 r-xp 00000000 08:01 15729069                   /usr/lib/x86_64-linux-gnu/libgobject-2.0.so.0.3800.1
7ffdec33f000-7ffdec53f000 ---p 0004f000 08:01 15729069                   /usr/lib/x86_64-linux-gnu/libgobject-2.0.so.0.3800.1
7ffdec53f000-7ffdec540000 r--p 0004f000 08:01 15729069                   /usr/lib/x86_64-linux-gnu/libgobject-2.0.so.0.3800.1
7ffdec540000-7ffdec541000 rw-p 00050000 08:01 15729069                   /usr/lib/x86_64-linux-gnu/libgobject-2.0.so.0.3800.1
7ffdec541000-7ffdec69d000 r-xp 00000000 08:01 15729043                   /usr/lib/x86_64-linux-gnu/libgio-2.0.so.0.3800.1
7ffdec69d000-7ffdec89c000 ---p 0015c000 08:01 15729043                   /usr/lib/x86_64-linux-gnu/libgio-2.0.so.0.3800.1
7ffdec89c000-7ffdec8a0000 r--p 0015b000 08:01 15729043                   /usr/lib/x86_64-linux-gnu/libgio-2.0.so.0.3800.1
7ffdec8a0000-7ffdec8a2000 rw-p 0015f000 08:01 15729043                   /usr/lib/x86_64-linux-gnu/libgio-2.0.so.0.3800.1
7ffdec8a2000-7ffdec8a4000 rw-p 00000000 00:00 0 
7ffdec8af000-7ffdec8b0000 rw-p 00000000 00:00 0 
7ffdec8b0000-7ffdec8b7000 r--s 00000000 08:01 16127910                   /usr/lib/x86_64-linux-gnu/gconv/gconv-modules.cache
7ffdec8b7000-7ffdec8b9000 r--s 00012000 08:01 15861308                   /usr/lib/jvm/java-7-openjdk-amd64/jre/lib/ext/zipfs.jar
7ffdec8b9000-7ffdec8bc000 r--s 00032000 08:01 15861310                   /usr/lib/jvm/java-7-openjdk-amd64/jre/lib/ext/sunjce_provider.jar
7ffdec8bc000-7ffdec8d2000 r-xp 00000000 08:01 15861076                   /usr/lib/jvm/java-7-openjdk-amd64/jre/lib/amd64/libnet.so
7ffdec8d2000-7ffdecad1000 ---p 00016000 08:01 15861076                   /usr/lib/jvm/java-7-openjdk-amd64/jre/lib/amd64/libnet.so
7ffdecad1000-7ffdecad2000 r--p 00015000 08:01 15861076                   /usr/lib/jvm/java-7-openjdk-amd64/jre/lib/amd64/libnet.so
7ffdecad2000-7ffdecad3000 rw-p 00016000 08:01 15861076                   /usr/lib/jvm/java-7-openjdk-amd64/jre/lib/amd64/libnet.so
7ffdecad3000-7ffdecad4000 ---p 00000000 00:00 0 
7ffdecad4000-7ffdecbd4000 rw-p 00000000 00:00 0                          [stack:25797]
7ffdecbd4000-7ffdecbd7000 ---p 00000000 00:00 0 
7ffdecbd7000-7ffdecdd5000 rw-p 00000000 00:00 0                          [stack:25796]
7ffdecdd5000-7ffdecdd8000 ---p 00000000 00:00 0 
7ffdecdd8000-7ffdeced6000 rw-p 00000000 00:00 0                          [stack:25795]
7ffdeced6000-7ffdeced9000 ---p 00000000 00:00 0 
7ffdeced9000-7ffdecfd7000 rw-p 00000000 00:00 0                          [stack:25794]
7ffdecfd7000-7ffdecfda000 ---p 00000000 00:00 0 
7ffdecfda000-7ffded1d8000 rw-p 00000000 00:00 0                          [stack:25793]
7ffded1d8000-7ffded5d2000 r--p 00000000 08:01 15734328                   /usr/lib/locale/locale-archive
7ffded5d2000-7ffded5d5000 ---p 00000000 00:00 0 
7ffded5d5000-7ffded7d3000 rw-p 00000000 00:00 0                          [stack:25792]
7ffded7d3000-7ffded7d6000 ---p 00000000 00:00 0 
7ffded7d6000-7ffded9d4000 rw-p 00000000 00:00 0                          [stack:25791]
7ffded9d4000-7ffded9d5000 ---p 00000000 00:00 0 
7ffded9d5000-7ffdeea47000 rw-p 00000000 00:00 0                          [stack:25790]
7ffdeea47000-7ffdeeb30000 r--s 00bb9000 08:01 12059138                   /home/alex/.rbenv/versions/jruby-1.7.10/lib/jruby.jar
7ffdeeb30000-7ffdf0000000 rw-p 00000000 00:00 0 
7ffdf0000000-7ffdf0021000 rw-p 00000000 00:00 0 
7ffdf0021000-7ffdf4000000 ---p 00000000 00:00 0 
7ffdf4000000-7ffdf4021000 rw-p 00000000 00:00 0 
7ffdf4021000-7ffdf8000000 ---p 00000000 00:00 0 
7ffdf8000000-7ffdf8021000 rw-p 00000000 00:00 0 
7ffdf8021000-7ffdfc000000 ---p 00000000 00:00 0 
7ffdfc000000-7ffdfc004000 r--s 00085000 08:01 15861304                   /usr/lib/jvm/java-7-openjdk-amd64/jre/lib/ext/localedata.jar
7ffdfc004000-7ffdfc006000 r--s 00006000 08:01 16256853                   /usr/share/java/java-atk-wrapper.jar
7ffdfc006000-7ffdfc098000 rw-p 00000000 00:00 0 
7ffdfc098000-7ffdfc246000 r--s 01cf4000 08:01 15861374                   /usr/lib/jvm/java-7-openjdk-amd64/jre/lib/rt.jar
7ffdfc246000-7ffdfc48c000 rw-p 00000000 00:00 0 
7ffdfc48c000-7ffdfc48d000 ---p 00000000 00:00 0 
7ffdfc48d000-7ffdfc58d000 rw-p 00000000 00:00 0                          [stack:25789]
7ffdfc58d000-7ffdfc58e000 ---p 00000000 00:00 0 
7ffdfc58e000-7ffdfc68e000 rw-p 00000000 00:00 0                          [stack:25788]
7ffdfc68e000-7ffdfc68f000 ---p 00000000 00:00 0 
7ffdfc68f000-7ffdfc78f000 rw-p 00000000 00:00 0                          [stack:25787]
7ffdfc78f000-7ffdfc790000 ---p 00000000 00:00 0 
7ffdfc790000-7ffdfc89d000 rw-p 00000000 00:00 0                          [stack:25786]
7ffdfc89d000-7ffdfc8e3000 rw-p 00000000 00:00 0 
7ffdfc8e3000-7ffdfc8f6000 rw-p 00000000 00:00 0 
7ffdfc8f6000-7ffdfc989000 rw-p 00000000 00:00 0 
7ffdfc989000-7ffdfc9aa000 rw-p 00000000 00:00 0 
7ffdfc9aa000-7ffdfc9dd000 rw-p 00000000 00:00 0 
7ffdfc9dd000-7ffdfc9de000 rw-p 00000000 00:00 0 
7ffdfc9de000-7ffdfcc4e000 rwxp 00000000 00:00 0 
7ffdfcc4e000-7ffdff9de000 rw-p 00000000 00:00 0 
7ffdff9de000-7ffdff9e6000 r-xp 00000000 08:01 15861025                   /usr/lib/jvm/java-7-openjdk-amd64/jre/lib/amd64/libzip.so
7ffdff9e6000-7ffdffbe5000 ---p 00008000 08:01 15861025                   /usr/lib/jvm/java-7-openjdk-amd64/jre/lib/amd64/libzip.so
7ffdffbe5000-7ffdffbe6000 r--p 00007000 08:01 15861025                   /usr/lib/jvm/java-7-openjdk-amd64/jre/lib/amd64/libzip.so
7ffdffbe6000-7ffdffbe7000 rw-p 00008000 08:01 15861025                   /usr/lib/jvm/java-7-openjdk-amd64/jre/lib/amd64/libzip.so
7ffdffbe7000-7ffdffbf3000 r-xp 00000000 08:01 8130412                    /lib/x86_64-linux-gnu/libnss_files-2.17.so
7ffdffbf3000-7ffdffdf2000 ---p 0000c000 08:01 8130412                    /lib/x86_64-linux-gnu/libnss_files-2.17.so
7ffdffdf2000-7ffdffdf3000 r--p 0000b000 08:01 8130412                    /lib/x86_64-linux-gnu/libnss_files-2.17.so
7ffdffdf3000-7ffdffdf4000 rw-p 0000c000 08:01 8130412                    /lib/x86_64-linux-gnu/libnss_files-2.17.so
7ffdffdf4000-7ffdffdff000 r-xp 00000000 08:01 8130416                    /lib/x86_64-linux-gnu/libnss_nis-2.17.so
7ffdffdff000-7ffdffffe000 ---p 0000b000 08:01 8130416                    /lib/x86_64-linux-gnu/libnss_nis-2.17.so
7ffdffffe000-7ffdfffff000 r--p 0000a000 08:01 8130416                    /lib/x86_64-linux-gnu/libnss_nis-2.17.so
7ffdfffff000-7ffe00000000 rw-p 0000b000 08:01 8130416                    /lib/x86_64-linux-gnu/libnss_nis-2.17.so
7ffe00000000-7ffe00511000 rw-p 00000000 00:00 0 
7ffe00511000-7ffe04000000 ---p 00000000 00:00 0 
7ffe04000000-7ffe04001000 r-xp 00000000 00:00 0 
7ffe04001000-7ffe04002000 r--s 00002000 08:01 15861314                   /usr/lib/jvm/java-7-openjdk-amd64/jre/lib/ext/dnsns.jar
7ffe04002000-7ffe04005000 r--s 0000f000 08:01 15861306                   /usr/lib/jvm/java-7-openjdk-amd64/jre/lib/ext/pulse-java.jar
7ffe04005000-7ffe04009000 r--s 0003b000 08:01 15861316                   /usr/lib/jvm/java-7-openjdk-amd64/jre/lib/ext/sunpkcs11.jar
7ffe04009000-7ffe04020000 r-xp 00000000 08:01 8130406                    /lib/x86_64-linux-gnu/libnsl-2.17.so
7ffe04020000-7ffe0421f000 ---p 00017000 08:01 8130406                    /lib/x86_64-linux-gnu/libnsl-2.17.so
7ffe0421f000-7ffe04220000 r--p 00016000 08:01 8130406                    /lib/x86_64-linux-gnu/libnsl-2.17.so
7ffe04220000-7ffe04221000 rw-p 00017000 08:01 8130406                    /lib/x86_64-linux-gnu/libnsl-2.17.so
7ffe04221000-7ffe04223000 rw-p 00000000 00:00 0 
7ffe04223000-7ffe0422b000 r-xp 00000000 08:01 8130408                    /lib/x86_64-linux-gnu/libnss_compat-2.17.so
7ffe0422b000-7ffe0442a000 ---p 00008000 08:01 8130408                    /lib/x86_64-linux-gnu/libnss_compat-2.17.so
7ffe0442a000-7ffe0442b000 r--p 00007000 08:01 8130408                    /lib/x86_64-linux-gnu/libnss_compat-2.17.so
7ffe0442b000-7ffe0442c000 rw-p 00008000 08:01 8130408                    /lib/x86_64-linux-gnu/libnss_compat-2.17.so
7ffe0442c000-7ffe04457000 r-xp 00000000 08:01 15860951                   /usr/lib/jvm/java-7-openjdk-amd64/jre/lib/amd64/libjava.so
7ffe04457000-7ffe04656000 ---p 0002b000 08:01 15860951                   /usr/lib/jvm/java-7-openjdk-amd64/jre/lib/amd64/libjava.so
7ffe04656000-7ffe04657000 r--p 0002a000 08:01 15860951                   /usr/lib/jvm/java-7-openjdk-amd64/jre/lib/amd64/libjava.so
7ffe04657000-7ffe04659000 rw-p 0002b000 08:01 15860951                   /usr/lib/jvm/java-7-openjdk-amd64/jre/lib/amd64/libjava.so
7ffe04659000-7ffe04669000 r-xp 00000000 08:01 15861265                   /usr/lib/jvm/java-7-openjdk-amd64/jre/lib/amd64/libverify.so
7ffe04669000-7ffe04868000 ---p 00010000 08:01 15861265                   /usr/lib/jvm/java-7-openjdk-amd64/jre/lib/amd64/libverify.so
7ffe04868000-7ffe0486a000 r--p 0000f000 08:01 15861265                   /usr/lib/jvm/java-7-openjdk-amd64/jre/lib/amd64/libverify.so
7ffe0486a000-7ffe0486b000 rw-p 00011000 08:01 15861265                   /usr/lib/jvm/java-7-openjdk-amd64/jre/lib/amd64/libverify.so
7ffe0486b000-7ffe04872000 r-xp 00000000 08:01 8130459                    /lib/x86_64-linux-gnu/librt-2.17.so
7ffe04872000-7ffe04a71000 ---p 00007000 08:01 8130459                    /lib/x86_64-linux-gnu/librt-2.17.so
7ffe04a71000-7ffe04a72000 r--p 00006000 08:01 8130459                    /lib/x86_64-linux-gnu/librt-2.17.so
7ffe04a72000-7ffe04a73000 rw-p 00007000 08:01 8130459                    /lib/x86_64-linux-gnu/librt-2.17.so
7ffe04a73000-7ffe04a76000 ---p 00000000 00:00 0 
7ffe04a76000-7ffe04c74000 rw-p 00000000 00:00 0                          [stack:25785]
7ffe04c74000-7ffe04c89000 r-xp 00000000 08:01 8126477                    /lib/x86_64-linux-gnu/libgcc_s.so.1
7ffe04c89000-7ffe04e88000 ---p 00015000 08:01 8126477                    /lib/x86_64-linux-gnu/libgcc_s.so.1
7ffe04e88000-7ffe04e89000 r--p 00014000 08:01 8126477                    /lib/x86_64-linux-gnu/libgcc_s.so.1
7ffe04e89000-7ffe04e8a000 rw-p 00015000 08:01 8126477                    /lib/x86_64-linux-gnu/libgcc_s.so.1
7ffe04e8a000-7ffe04f8d000 r-xp 00000000 08:01 8130387                    /lib/x86_64-linux-gnu/libm-2.17.so
7ffe04f8d000-7ffe0518c000 ---p 00103000 08:01 8130387                    /lib/x86_64-linux-gnu/libm-2.17.so
7ffe0518c000-7ffe0518d000 r--p 00102000 08:01 8130387                    /lib/x86_64-linux-gnu/libm-2.17.so
7ffe0518d000-7ffe0518e000 rw-p 00103000 08:01 8130387                    /lib/x86_64-linux-gnu/libm-2.17.so
7ffe0518e000-7ffe05274000 r-xp 00000000 08:01 15729831                   /usr/lib/x86_64-linux-gnu/libstdc++.so.6.0.18
7ffe05274000-7ffe05473000 ---p 000e6000 08:01 15729831                   /usr/lib/x86_64-linux-gnu/libstdc++.so.6.0.18
7ffe05473000-7ffe0547b000 r--p 000e5000 08:01 15729831                   /usr/lib/x86_64-linux-gnu/libstdc++.so.6.0.18
7ffe0547b000-7ffe0547d000 rw-p 000ed000 08:01 15729831                   /usr/lib/x86_64-linux-gnu/libstdc++.so.6.0.18
7ffe0547d000-7ffe05492000 rw-p 00000000 00:00 0 
7ffe05492000-7ffe05f71000 r-xp 00000000 08:01 15861284                   /usr/lib/jvm/java-7-openjdk-amd64/jre/lib/amd64/server/libjvm.so
7ffe05f71000-7ffe06170000 ---p 00adf000 08:01 15861284                   /usr/lib/jvm/java-7-openjdk-amd64/jre/lib/amd64/server/libjvm.so
7ffe06170000-7ffe06202000 r--p 00ade000 08:01 15861284                   /usr/lib/jvm/java-7-openjdk-amd64/jre/lib/amd64/server/libjvm.so
7ffe06202000-7ffe06225000 rw-p 00b70000 08:01 15861284                   /usr/lib/jvm/java-7-openjdk-amd64/jre/lib/amd64/server/libjvm.so
7ffe06225000-7ffe06252000 rw-p 00000000 00:00 0 
7ffe06252000-7ffe0626a000 r-xp 00000000 08:01 8130494                    /lib/x86_64-linux-gnu/libz.so.1.2.8
7ffe0626a000-7ffe06469000 ---p 00018000 08:01 8130494                    /lib/x86_64-linux-gnu/libz.so.1.2.8
7ffe06469000-7ffe0646a000 r--p 00017000 08:01 8130494                    /lib/x86_64-linux-gnu/libz.so.1.2.8
7ffe0646a000-7ffe0646b000 rw-p 00018000 08:01 8130494                    /lib/x86_64-linux-gnu/libz.so.1.2.8
7ffe0646b000-7ffe06482000 r-xp 00000000 08:01 8130451                    /lib/x86_64-linux-gnu/libpthread-2.17.so
7ffe06482000-7ffe06682000 ---p 00017000 08:01 8130451                    /lib/x86_64-linux-gnu/libpthread-2.17.so
7ffe06682000-7ffe06683000 r--p 00017000 08:01 8130451                    /lib/x86_64-linux-gnu/libpthread-2.17.so
7ffe06683000-7ffe06684000 rw-p 00018000 08:01 8130451                    /lib/x86_64-linux-gnu/libpthread-2.17.so
7ffe06684000-7ffe06688000 rw-p 00000000 00:00 0 
7ffe06688000-7ffe0668b000 r-xp 00000000 08:01 8130351                    /lib/x86_64-linux-gnu/libdl-2.17.so
7ffe0668b000-7ffe0688a000 ---p 00003000 08:01 8130351                    /lib/x86_64-linux-gnu/libdl-2.17.so
7ffe0688a000-7ffe0688b000 r--p 00002000 08:01 8130351                    /lib/x86_64-linux-gnu/libdl-2.17.so
7ffe0688b000-7ffe0688c000 rw-p 00003000 08:01 8130351                    /lib/x86_64-linux-gnu/libdl-2.17.so
7ffe0688c000-7ffe06a49000 r-xp 00000000 08:01 8130336                    /lib/x86_64-linux-gnu/libc-2.17.so
7ffe06a49000-7ffe06c49000 ---p 001bd000 08:01 8130336                    /lib/x86_64-linux-gnu/libc-2.17.so
7ffe06c49000-7ffe06c4d000 r--p 001bd000 08:01 8130336                    /lib/x86_64-linux-gnu/libc-2.17.so
7ffe06c4d000-7ffe06c4f000 rw-p 001c1000 08:01 8130336                    /lib/x86_64-linux-gnu/libc-2.17.so
7ffe06c4f000-7ffe06c54000 rw-p 00000000 00:00 0 
7ffe06c54000-7ffe06c61000 r-xp 00000000 08:01 15861291                   /usr/lib/jvm/java-7-openjdk-amd64/jre/lib/amd64/jli/libjli.so
7ffe06c61000-7ffe06e60000 ---p 0000d000 08:01 15861291                   /usr/lib/jvm/java-7-openjdk-amd64/jre/lib/amd64/jli/libjli.so
7ffe06e60000-7ffe06e61000 r--p 0000c000 08:01 15861291                   /usr/lib/jvm/java-7-openjdk-amd64/jre/lib/amd64/jli/libjli.so
7ffe06e61000-7ffe06e62000 rw-p 0000d000 08:01 15861291                   /usr/lib/jvm/java-7-openjdk-amd64/jre/lib/amd64/jli/libjli.so
7ffe06e62000-7ffe06e85000 r-xp 00000000 08:01 8130312                    /lib/x86_64-linux-gnu/ld-2.17.so
7ffe06e85000-7ffe06e8a000 r--s 0004c000 08:01 15861296                   /usr/lib/jvm/java-7-openjdk-amd64/jre/lib/jsse.jar
7ffe06e8a000-7ffe06eb8000 rw-p 00000000 00:00 0 
7ffe06eb8000-7ffe06efe000 rw-p 00000000 00:00 0 
7ffe06efe000-7ffe06f11000 rw-p 00000000 00:00 0 
7ffe06f11000-7ffe06fa5000 rw-p 00000000 00:00 0 
7ffe06fa5000-7ffe06faf000 rw-p 00000000 00:00 0 
7ffe06faf000-7ffe07065000 rw-p 00000000 00:00 0 
7ffe07065000-7ffe07078000 rw-p 00000000 00:00 0 
7ffe07078000-7ffe07080000 rw-s 00000000 08:01 5767366                    /tmp/hsperfdata_alex/25760
7ffe07080000-7ffe07081000 rw-p 00000000 00:00 0 
7ffe07081000-7ffe07082000 r--p 00000000 00:00 0 
7ffe07082000-7ffe07084000 rw-p 00000000 00:00 0 
7ffe07084000-7ffe07085000 r--p 00022000 08:01 8130312                    /lib/x86_64-linux-gnu/ld-2.17.so
7ffe07085000-7ffe07087000 rw-p 00023000 08:01 8130312                    /lib/x86_64-linux-gnu/ld-2.17.so
7fffc0ba4000-7fffc0bc5000 rw-p 00000000 00:00 0                          [stack]
7fffc0bfe000-7fffc0c00000 r-xp 00000000 00:00 0                          [vdso]
ffffffffff600000-ffffffffff601000 r-xp 00000000 00:00 0                  [vsyscall]

VM Arguments:
jvm_args: -Djdk.home= -Djruby.home=/home/alex/.rbenv/versions/jruby-1.7.10 -Djruby.script=jruby -Djruby.shell=/bin/sh -Djffi.boot.library.path=/home/alex/.rbenv/versions/jruby-1.7.10/lib/jni:/home/alex/.rbenv/versions/jruby-1.7.10/lib/jni/i386-Linux:/home/alex/.rbenv/versions/jruby-1.7.10/lib/jni/arm-Linux:/home/alex/.rbenv/versions/jruby-1.7.10/lib/jni/x86_64-Linux -Xmx500m -Xss2048k -Xbootclasspath/a:/home/alex/.rbenv/versions/jruby-1.7.10/lib/jruby.jar 
java_command: org/jruby/Main Makefile.rb clean compile test clean
Launcher Type: SUN_STANDARD

Environment Variables:
PATH=/home/alex/.rbenv/versions/jruby-1.7.10/bin:/home/alex/.rbenv/libexec:/home/alex/.rbenv/plugins/ruby-build/bin:/home/alex/.rbenv/shims:~/.rbenv/bin:~/.rbenv/bin:/usr/local/sbin:/usr/local/bin:/usr/sbin:/usr/bin:/sbin:/bin:/usr/games:/usr/local/games
USERNAME=alex
SHELL=/bin/bash
DISPLAY=:0

Signal Handlers:
SIGSEGV: [libjvm.so+0x916ea0], sa_mask[0]=0x7ffbfeff, sa_flags=0x10000004
SIGBUS: [libjvm.so+0x916ea0], sa_mask[0]=0x7ffbfeff, sa_flags=0x10000004
SIGFPE: [libjvm.so+0x794800], sa_mask[0]=0x7ffbfeff, sa_flags=0x10000004
SIGPIPE: [libjvm.so+0x794800], sa_mask[0]=0x7ffbfeff, sa_flags=0x10000004
SIGXFSZ: [libjvm.so+0x794800], sa_mask[0]=0x7ffbfeff, sa_flags=0x10000004
SIGILL: [libjvm.so+0x794800], sa_mask[0]=0x7ffbfeff, sa_flags=0x10000004
SIGUSR1: SIG_DFL, sa_mask[0]=0x00000000, sa_flags=0x00000000
SIGUSR2: [libjvm.so+0x7946a0], sa_mask[0]=0x00000000, sa_flags=0x10000004
SIGHUP: [libjvm.so+0x794880], sa_mask[0]=0x7ffbfeff, sa_flags=0x10000004
SIGINT: [libjvm.so+0x794880], sa_mask[0]=0x7ffbfeff, sa_flags=0x10000004
SIGTERM: [libjvm.so+0x794880], sa_mask[0]=0x7ffbfeff, sa_flags=0x10000004
SIGQUIT: [libjvm.so+0x794880], sa_mask[0]=0x7ffbfeff, sa_flags=0x10000004


---------------  S Y S T E M  ---------------

OS:LinuxMint 16 (petra)
uname:Linux 3.11.0-12-generic #19-Ubuntu SMP Wed Oct 9 16:20:46 UTC 2013 x86_64
libc:glibc 2.17 NPTL 2.17 
rlimit: STACK 8192k, CORE 0k, NPROC 28798, NOFILE 4096, AS infinity
load average:1,14 0,61 0,50

/proc/meminfo:
MemTotal:        3715476 kB
MemFree:         1073412 kB
Buffers:           98200 kB
Cached:          1265308 kB
SwapCached:           28 kB
Active:          1566660 kB
Inactive:         878000 kB
Active(anon):     971152 kB
Inactive(anon):   364100 kB
Active(file):     595508 kB
Inactive(file):   513900 kB
Unevictable:          44 kB
Mlocked:              44 kB
SwapTotal:       3856380 kB
SwapFree:        3855740 kB
Dirty:               556 kB
Writeback:             0 kB
AnonPages:       1081228 kB
Mapped:           200976 kB
Shmem:            254100 kB
Slab:             115064 kB
SReclaimable:      86512 kB
SUnreclaim:        28552 kB
KernelStack:        3968 kB
PageTables:        30644 kB
NFS_Unstable:          0 kB
Bounce:                0 kB
WritebackTmp:          0 kB
CommitLimit:     5714116 kB
Committed_AS:    4051188 kB
VmallocTotal:   34359738367 kB
VmallocUsed:      414940 kB
VmallocChunk:   34359311484 kB
HardwareCorrupted:     0 kB
AnonHugePages:         0 kB
HugePages_Total:       0
HugePages_Free:        0
HugePages_Rsvd:        0
HugePages_Surp:        0
Hugepagesize:       2048 kB
DirectMap4k:       56528 kB
DirectMap2M:     3801088 kB


CPU:total 4 (2 cores per cpu, 2 threads per core) family 6 model 37 stepping 5, cmov, cx8, fxsr, mmx, sse, sse2, sse3, ssse3, sse4.1, sse4.2, popcnt, ht, tsc, tscinvbit

/proc/cpuinfo:
processor	: 0
vendor_id	: GenuineIntel
cpu family	: 6
model		: 37
model name	: Intel(R) Core(TM) i3 CPU       M 380  @ 2.53GHz
stepping	: 5
microcode	: 0x2
cpu MHz		: 933.000
cache size	: 3072 KB
physical id	: 0
siblings	: 4
core id		: 0
cpu cores	: 2
apicid		: 0
initial apicid	: 0
fpu		: yes
fpu_exception	: yes
cpuid level	: 11
wp		: yes
flags		: fpu vme de pse tsc msr pae mce cx8 apic sep mtrr pge mca cmov pat pse36 clflush dts acpi mmx fxsr sse sse2 ss ht tm pbe syscall nx rdtscp lm constant_tsc arch_perfmon pebs bts rep_good nopl xtopology nonstop_tsc aperfmperf pni dtes64 monitor ds_cpl vmx est tm2 ssse3 cx16 xtpr pdcm pcid sse4_1 sse4_2 popcnt lahf_lm arat dtherm tpr_shadow vnmi flexpriority ept vpid
bogomips	: 5054.41
clflush size	: 64
cache_alignment	: 64
address sizes	: 36 bits physical, 48 bits virtual
power management:

processor	: 1
vendor_id	: GenuineIntel
cpu family	: 6
model		: 37
model name	: Intel(R) Core(TM) i3 CPU       M 380  @ 2.53GHz
stepping	: 5
microcode	: 0x2
cpu MHz		: 933.000
cache size	: 3072 KB
physical id	: 0
siblings	: 4
core id		: 0
cpu cores	: 2
apicid		: 1
initial apicid	: 1
fpu		: yes
fpu_exception	: yes
cpuid level	: 11
wp		: yes
flags		: fpu vme de pse tsc msr pae mce cx8 apic sep mtrr pge mca cmov pat pse36 clflush dts acpi mmx fxsr sse sse2 ss ht tm pbe syscall nx rdtscp lm constant_tsc arch_perfmon pebs bts rep_good nopl xtopology nonstop_tsc aperfmperf pni dtes64 monitor ds_cpl vmx est tm2 ssse3 cx16 xtpr pdcm pcid sse4_1 sse4_2 popcnt lahf_lm arat dtherm tpr_shadow vnmi flexpriority ept vpid
bogomips	: 5054.41
clflush size	: 64
cache_alignment	: 64
address sizes	: 36 bits physical, 48 bits virtual
power management:

processor	: 2
vendor_id	: GenuineIntel
cpu family	: 6
model		: 37
model name	: Intel(R) Core(TM) i3 CPU       M 380  @ 2.53GHz
stepping	: 5
microcode	: 0x2
cpu MHz		: 933.000
cache size	: 3072 KB
physical id	: 0
siblings	: 4
core id		: 2
cpu cores	: 2
apicid		: 4
initial apicid	: 4
fpu		: yes
fpu_exception	: yes
cpuid level	: 11
wp		: yes
flags		: fpu vme de pse tsc msr pae mce cx8 apic sep mtrr pge mca cmov pat pse36 clflush dts acpi mmx fxsr sse sse2 ss ht tm pbe syscall nx rdtscp lm constant_tsc arch_perfmon pebs bts rep_good nopl xtopology nonstop_tsc aperfmperf pni dtes64 monitor ds_cpl vmx est tm2 ssse3 cx16 xtpr pdcm pcid sse4_1 sse4_2 popcnt lahf_lm arat dtherm tpr_shadow vnmi flexpriority ept vpid
bogomips	: 5054.41
clflush size	: 64
cache_alignment	: 64
address sizes	: 36 bits physical, 48 bits virtual
power management:

processor	: 3
vendor_id	: GenuineIntel
cpu family	: 6
model		: 37
model name	: Intel(R) Core(TM) i3 CPU       M 380  @ 2.53GHz
stepping	: 5
microcode	: 0x2
cpu MHz		: 933.000
cache size	: 3072 KB
physical id	: 0
siblings	: 4
core id		: 2
cpu cores	: 2
apicid		: 5
initial apicid	: 5
fpu		: yes
fpu_exception	: yes
cpuid level	: 11
wp		: yes
flags		: fpu vme de pse tsc msr pae mce cx8 apic sep mtrr pge mca cmov pat pse36 clflush dts acpi mmx fxsr sse sse2 ss ht tm pbe syscall nx rdtscp lm constant_tsc arch_perfmon pebs bts rep_good nopl xtopology nonstop_tsc aperfmperf pni dtes64 monitor ds_cpl vmx est tm2 ssse3 cx16 xtpr pdcm pcid sse4_1 sse4_2 popcnt lahf_lm arat dtherm tpr_shadow vnmi flexpriority ept vpid
bogomips	: 5054.41
clflush size	: 64
cache_alignment	: 64
address sizes	: 36 bits physical, 48 bits virtual
power management:



Memory: 4k page, physical 3715476k(1073412k free), swap 3856380k(3855740k free)

vm_info: OpenJDK 64-Bit Server VM (24.45-b08) for linux-amd64 JRE (1.7.0_51-b00), built on Jan 15 2014 22:02:57 by "buildd" with gcc 4.8.1

time: Mon Apr 21 23:20:07 2014
elapsed time: 10 seconds

