#
# A fatal error has been detected by the Java Runtime Environment:
#
#  SIGSEGV (0xb) at pc=0x00007fa0f8678d4b, pid=22185, tid=140329787717376
#
# JRE version: OpenJDK Runtime Environment (7.0_51) (build 1.7.0_51-b00)
# Java VM: OpenJDK 64-Bit Server VM (24.45-b08 mixed mode linux-amd64 compressed oops)
# Problematic frame:
# C  [librb_tree.so+0x1d4b]  getPrev+0x18
#
# Failed to write core dump. Core dumps have been disabled. To enable core dumping, try "ulimit -c unlimited" before starting Java again
#
# If you would like to submit a bug report, please include
# instructions on how to reproduce the bug and visit:
#   http://icedtea.classpath.org/bugzilla
# The crash happened outside the Java Virtual Machine in native code.
# See problematic frame for where to report the bug.
#

---------------  T H R E A D  ---------------

Current thread (0x00007fa10c00a800):  JavaThread "main" [_thread_in_native, id=22210, stack(0x00007fa11305f000,0x00007fa113260000)]

siginfo:si_signo=SIGSEGV: si_errno=0, si_code=1 (SEGV_MAPERR), si_addr=0x0000000000000000

Registers:
RAX=0x0000000000000000, RBX=0x00000000d79ae2f8, RCX=0xffffffffffffffff, RDX=0x00007fa11523b9f0
RSP=0x00007fa11325d010, RBP=0x00007fa11325d030, RSI=0x00007fa10807b000, RDI=0x0000000000000000
R8 =0x00007fa11523b9f0, R9 =0x0000000000000020, R10=0x00007fa11325cde0, R11=0x00007fa0f8678d33
R12=0x0000000000000000, R13=0x00000000d79ae2f8, R14=0x00007fa11325d168, R15=0x00007fa10c00a800
RIP=0x00007fa0f8678d4b, EFLAGS=0x0000000000010202, CSGSFS=0x0000000000000033, ERR=0x0000000000000004
  TRAPNO=0x000000000000000e

Top of Stack: (sp=0x00007fa11325d010)
0x00007fa11325d010:   0000000000000000 0000000000000000
0x00007fa11325d020:   0000000000000020 0000000000000000
0x00007fa11325d030:   00007fa11325d080 00007fa0f8474d98
0x00007fa11325d040:   4008000000000000 00007fa10c17e6d0
0x00007fa11325d050:   00007fa10c17ea50 00007fa10c17e7f0
0x00007fa11325d060:   00007fa10c17e9f0 0000000000000000
0x00007fa11325d070:   00007fa109006233 00000000f77a72c8
0x00007fa11325d080:   00007fa10c462e70 00007fa0f968ecd9
0x00007fa11325d090:   00000000d69fc4a3 00000000d79ae2f8
0x00007fa11325d0a0:   00007fa11325d120 00007fa109012738
0x00007fa11325d0b0:   00000000d69fc528 0000000000000000
0x00007fa11325d0c0:   00007fa11325d0e8 00007fa11325d148
0x00007fa11325d0d0:   00007fa109006233 00000000e11e6600
0x00007fa11325d0e0:   00007fa11325d0e0 0000000000000000
0x00007fa11325d0f0:   00007fa11325d168 00000000d79b6820
0x00007fa11325d100:   0000000000000000 00000000d79ae2f8
0x00007fa11325d110:   0000000000000000 00007fa11325d140
0x00007fa11325d120:   00007fa11325d1b0 00007fa109006175
0x00007fa11325d130:   00000000e1156738 00007fa10900ecd7
0x00007fa11325d140:   00007fa10c17e6d0 00007fa109115eac
0x00007fa11325d150:   00007fa0f8474bc5 00000000e11ceea0
0x00007fa11325d160:   00007fa10c462e70 0000000000000001
0x00007fa11325d170:   00007fa11325d170 00000000d7aab15f
0x00007fa11325d180:   00007fa11325d1e8 00000000d7ab73b8
0x00007fa11325d190:   00000000d7edf158 00000000d7aab1a0
0x00007fa11325d1a0:   00007fa11325d140 00007fa11325d1c0
0x00007fa11325d1b0:   00007fa11325d238 00007fa109006175
0x00007fa11325d1c0:   00007fa10c17e6d0 00000000f5923878
0x00007fa11325d1d0:   00007fa0f8474bc5 0000000000000000
0x00007fa11325d1e0:   00000000e1106688 00000000e11590e8
0x00007fa11325d1f0:   00000000f78656d8 00007fa11325d1f8
0x00007fa11325d200:   00000000d7edff94 00007fa11325d280 

Instructions: (pc=0x00007fa0f8678d4b)
0x00007fa0f8678d2b:   05 b8 00 00 00 00 5d c3 55 48 89 e5 48 83 ec 20
0x00007fa0f8678d3b:   48 89 7d e8 48 8b 45 e8 48 89 45 f8 48 8b 45 f8
0x00007fa0f8678d4b:   48 8b 10 48 8b 05 8b 12 20 00 48 39 c2 74 44 48
0x00007fa0f8678d5b:   8d 3d f4 00 00 00 b8 00 00 00 00 e8 15 ef ff ff 

Register to memory mapping:

RAX=0x0000000000000000 is an unknown value
RBX=0x00000000d79ae2f8 is an oop
{method} 
 - klass: {other class}
RCX=0xffffffffffffffff is an unknown value
RDX=0x00007fa11523b9f0: <offset 0x3c39f0> in /lib/x86_64-linux-gnu/libc.so.6 at 0x00007fa114e78000
RSP=0x00007fa11325d010 is pointing into the stack for thread: 0x00007fa10c00a800
RBP=0x00007fa11325d030 is pointing into the stack for thread: 0x00007fa10c00a800
RSI=0x00007fa10807b000 is an unknown value
RDI=0x0000000000000000 is an unknown value
R8 =0x00007fa11523b9f0: <offset 0x3c39f0> in /lib/x86_64-linux-gnu/libc.so.6 at 0x00007fa114e78000
R9 =0x0000000000000020 is an unknown value
R10=0x00007fa11325cde0 is pointing into the stack for thread: 0x00007fa10c00a800
R11=0x00007fa0f8678d33: getPrev+0 in lib/librb_tree.so at 0x00007fa0f8677000
R12=0x0000000000000000 is an unknown value
R13=0x00000000d79ae2f8 is an oop
{method} 
 - klass: {other class}
R14=0x00007fa11325d168 is pointing into the stack for thread: 0x00007fa10c00a800
R15=0x00007fa10c00a800 is a thread


Stack: [0x00007fa11305f000,0x00007fa113260000],  sp=0x00007fa11325d010,  free space=2040k
Native frames: (J=compiled Java code, j=interpreted, Vv=VM code, C=native code)
C  [librb_tree.so+0x1d4b]  getPrev+0x18
C  [libintersection.so+0xd98]  find_intersections+0x1d3

Java frames: (J=compiled Java code, j=interpreted, Vv=VM code)
j  com.kenai.jffi.Foreign.invokeL1(JJJ)J+0
j  com.kenai.jffi.Invoker.invokeL1(Lcom/kenai/jffi/CallContext;JJ)J+7
j  org.jruby.ext.ffi.jffi.NativeInvoker$ffi$8.call(Lorg/jruby/runtime/ThreadContext;Lorg/jruby/runtime/builtin/IRubyObject;Lorg/jruby/RubyModule;Ljava/lang/String;Lorg/jruby/runtime/builtin/IRubyObject;)Lorg/jruby/runtime/builtin/IRubyObject;+76
j  org.jruby.runtime.callsite.CachingCallSite.cacheAndCall(Lorg/jruby/runtime/builtin/IRubyObject;Lorg/jruby/RubyClass;Lorg/jruby/runtime/ThreadContext;Lorg/jruby/runtime/builtin/IRubyObject;Lorg/jruby/runtime/builtin/IRubyObject;)Lorg/jruby/runtime/builtin/IRubyObject;+57
J  org.jruby.runtime.callsite.CachingCallSite.call(Lorg/jruby/runtime/ThreadContext;Lorg/jruby/runtime/builtin/IRubyObject;Lorg/jruby/runtime/builtin/IRubyObject;Lorg/jruby/runtime/builtin/IRubyObject;)Lorg/jruby/runtime/builtin/IRubyObject;
J  org.jruby.ast.CallOneArgNode.interpret(Lorg/jruby/Ruby;Lorg/jruby/runtime/ThreadContext;Lorg/jruby/runtime/builtin/IRubyObject;Lorg/jruby/runtime/Block;)Lorg/jruby/runtime/builtin/IRubyObject;
j  org.jruby.ast.LocalAsgnNode.interpret(Lorg/jruby/Ruby;Lorg/jruby/runtime/ThreadContext;Lorg/jruby/runtime/builtin/IRubyObject;Lorg/jruby/runtime/Block;)Lorg/jruby/runtime/builtin/IRubyObject;+30
J  org.jruby.ast.BlockNode.interpret(Lorg/jruby/Ruby;Lorg/jruby/runtime/ThreadContext;Lorg/jruby/runtime/builtin/IRubyObject;Lorg/jruby/runtime/Block;)Lorg/jruby/runtime/builtin/IRubyObject;
j  org.jruby.evaluator.ASTInterpreter.INTERPRET_METHOD(Lorg/jruby/Ruby;Lorg/jruby/runtime/ThreadContext;Ljava/lang/String;ILorg/jruby/RubyModule;Lorg/jruby/ast/Node;Ljava/lang/String;Lorg/jruby/runtime/builtin/IRubyObject;Lorg/jruby/runtime/Block;Z)Lorg/jruby/runtime/builtin/IRubyObject;+30
j  org.jruby.internal.runtime.methods.InterpretedMethod.call(Lorg/jruby/runtime/ThreadContext;Lorg/jruby/runtime/builtin/IRubyObject;Lorg/jruby/RubyModule;Ljava/lang/String;)Lorg/jruby/runtime/builtin/IRubyObject;+80
j  org.jruby.internal.runtime.methods.DefaultMethod.call(Lorg/jruby/runtime/ThreadContext;Lorg/jruby/runtime/builtin/IRubyObject;Lorg/jruby/RubyModule;Ljava/lang/String;)Lorg/jruby/runtime/builtin/IRubyObject;+20
J  org.jruby.ast.CallNoArgNode.interpret(Lorg/jruby/Ruby;Lorg/jruby/runtime/ThreadContext;Lorg/jruby/runtime/builtin/IRubyObject;Lorg/jruby/runtime/Block;)Lorg/jruby/runtime/builtin/IRubyObject;
j  org.jruby.ast.FCallTwoArgNode.interpret(Lorg/jruby/Ruby;Lorg/jruby/runtime/ThreadContext;Lorg/jruby/runtime/builtin/IRubyObject;Lorg/jruby/runtime/Block;)Lorg/jruby/runtime/builtin/IRubyObject;+28
J  org.jruby.ast.BlockNode.interpret(Lorg/jruby/Ruby;Lorg/jruby/runtime/ThreadContext;Lorg/jruby/runtime/builtin/IRubyObject;Lorg/jruby/runtime/Block;)Lorg/jruby/runtime/builtin/IRubyObject;
j  org.jruby.evaluator.ASTInterpreter.INTERPRET_METHOD(Lorg/jruby/Ruby;Lorg/jruby/runtime/ThreadContext;Ljava/lang/String;ILorg/jruby/RubyModule;Lorg/jruby/ast/Node;Ljava/lang/String;Lorg/jruby/runtime/builtin/IRubyObject;Lorg/jruby/runtime/Block;Z)Lorg/jruby/runtime/builtin/IRubyObject;+30
j  org.jruby.internal.runtime.methods.InterpretedMethod.call(Lorg/jruby/runtime/ThreadContext;Lorg/jruby/runtime/builtin/IRubyObject;Lorg/jruby/RubyModule;Ljava/lang/String;)Lorg/jruby/runtime/builtin/IRubyObject;+80
j  org.jruby.internal.runtime.methods.DefaultMethod.call(Lorg/jruby/runtime/ThreadContext;Lorg/jruby/runtime/builtin/IRubyObject;Lorg/jruby/RubyModule;Ljava/lang/String;)Lorg/jruby/runtime/builtin/IRubyObject;+20
j  org.jruby.runtime.callsite.CachingCallSite.cacheAndCall(Lorg/jruby/runtime/builtin/IRubyObject;Lorg/jruby/RubyClass;Lorg/jruby/runtime/ThreadContext;Lorg/jruby/runtime/builtin/IRubyObject;)Lorg/jruby/runtime/builtin/IRubyObject;+53
j  org.jruby.runtime.callsite.CachingCallSite.call(Lorg/jruby/runtime/ThreadContext;Lorg/jruby/runtime/builtin/IRubyObject;Lorg/jruby/runtime/builtin/IRubyObject;)Lorg/jruby/runtime/builtin/IRubyObject;+46
j  Makefile.method__3$RUBY$test(LMakefile;Lorg/jruby/runtime/ThreadContext;Lorg/jruby/runtime/builtin/IRubyObject;Lorg/jruby/runtime/Block;)Lorg/jruby/runtime/builtin/IRubyObject;+130
j  Makefile$method__3$RUBY$test.call(Lorg/jruby/runtime/ThreadContext;Lorg/jruby/runtime/builtin/IRubyObject;Lorg/jruby/RubyModule;Ljava/lang/String;Lorg/jruby/runtime/Block;)Lorg/jruby/runtime/builtin/IRubyObject;+17
j  org.jruby.RubyClass.finvoke(Lorg/jruby/runtime/ThreadContext;Lorg/jruby/runtime/builtin/IRubyObject;Ljava/lang/String;Lorg/jruby/runtime/Block;)Lorg/jruby/runtime/builtin/IRubyObject;+41
j  org.jruby.RubyBasicObject.send19(Lorg/jruby/runtime/ThreadContext;Lorg/jruby/runtime/builtin/IRubyObject;Lorg/jruby/runtime/Block;)Lorg/jruby/runtime/builtin/IRubyObject;+15
j  org.jruby.RubyKernel.send19(Lorg/jruby/runtime/ThreadContext;Lorg/jruby/runtime/builtin/IRubyObject;Lorg/jruby/runtime/builtin/IRubyObject;Lorg/jruby/runtime/Block;)Lorg/jruby/runtime/builtin/IRubyObject;+7
j  org.jruby.RubyKernel$INVOKER$s$send19.call(Lorg/jruby/runtime/ThreadContext;Lorg/jruby/runtime/builtin/IRubyObject;Lorg/jruby/RubyModule;Ljava/lang/String;Lorg/jruby/runtime/builtin/IRubyObject;Lorg/jruby/runtime/Block;)Lorg/jruby/runtime/builtin/IRubyObject;+6
j  org.jruby.internal.runtime.methods.JavaMethod$JavaMethodOneOrNBlock.call(Lorg/jruby/runtime/ThreadContext;Lorg/jruby/runtime/builtin/IRubyObject;Lorg/jruby/RubyModule;Ljava/lang/String;Lorg/jruby/runtime/builtin/IRubyObject;)Lorg/jruby/runtime/builtin/IRubyObject;+11
j  org.jruby.runtime.callsite.CachingCallSite.call(Lorg/jruby/runtime/ThreadContext;Lorg/jruby/runtime/builtin/IRubyObject;Lorg/jruby/runtime/builtin/IRubyObject;Lorg/jruby/runtime/builtin/IRubyObject;)Lorg/jruby/runtime/builtin/IRubyObject;+38
j  Makefile.block_7$RUBY$__file__(LMakefile;Lorg/jruby/runtime/ThreadContext;Lorg/jruby/runtime/builtin/IRubyObject;[Lorg/jruby/runtime/builtin/IRubyObject;Lorg/jruby/runtime/Block;)Lorg/jruby/runtime/builtin/IRubyObject;+46
j  Makefile$block_7$RUBY$__file__.call(Lorg/jruby/runtime/ThreadContext;Lorg/jruby/runtime/builtin/IRubyObject;[Lorg/jruby/runtime/builtin/IRubyObject;Lorg/jruby/runtime/Block;)Lorg/jruby/runtime/builtin/IRubyObject;+9
j  org.jruby.runtime.CompiledBlock19.yield(Lorg/jruby/runtime/ThreadContext;Lorg/jruby/runtime/builtin/IRubyObject;Lorg/jruby/runtime/Binding;Lorg/jruby/runtime/Block$Type;)Lorg/jruby/runtime/builtin/IRubyObject;+52
j  org.jruby.runtime.Block.yield(Lorg/jruby/runtime/ThreadContext;Lorg/jruby/runtime/builtin/IRubyObject;)Lorg/jruby/runtime/builtin/IRubyObject;+14
j  org.jruby.RubyArray.eachCommon(Lorg/jruby/runtime/ThreadContext;Lorg/jruby/runtime/Block;)Lorg/jruby/runtime/builtin/IRubyObject;+41
j  org.jruby.RubyArray.each(Lorg/jruby/runtime/ThreadContext;Lorg/jruby/runtime/Block;)Lorg/jruby/runtime/builtin/IRubyObject;+10
j  org.jruby.RubyArray$INVOKER$i$0$0$each.call(Lorg/jruby/runtime/ThreadContext;Lorg/jruby/runtime/builtin/IRubyObject;Lorg/jruby/RubyModule;Ljava/lang/String;Lorg/jruby/runtime/Block;)Lorg/jruby/runtime/builtin/IRubyObject;+7
j  org.jruby.runtime.callsite.CachingCallSite.cacheAndCall(Lorg/jruby/runtime/builtin/IRubyObject;Lorg/jruby/RubyClass;Lorg/jruby/runtime/Block;Lorg/jruby/runtime/ThreadContext;Lorg/jruby/runtime/builtin/IRubyObject;)Lorg/jruby/runtime/builtin/IRubyObject;+57
j  org.jruby.runtime.callsite.CachingCallSite.callBlock(Lorg/jruby/runtime/ThreadContext;Lorg/jruby/runtime/builtin/IRubyObject;Lorg/jruby/runtime/builtin/IRubyObject;Lorg/jruby/runtime/Block;)Lorg/jruby/runtime/builtin/IRubyObject;+50
j  org.jruby.runtime.callsite.CachingCallSite.callIter(Lorg/jruby/runtime/ThreadContext;Lorg/jruby/runtime/builtin/IRubyObject;Lorg/jruby/runtime/builtin/IRubyObject;Lorg/jruby/runtime/Block;)Lorg/jruby/runtime/builtin/IRubyObject;+6
j  Makefile.__file__(LMakefile;Lorg/jruby/runtime/ThreadContext;Lorg/jruby/runtime/builtin/IRubyObject;[Lorg/jruby/runtime/builtin/IRubyObject;Lorg/jruby/runtime/Block;)Lorg/jruby/runtime/builtin/IRubyObject;+938
j  Makefile.load(Lorg/jruby/runtime/ThreadContext;Lorg/jruby/runtime/builtin/IRubyObject;Z)Lorg/jruby/runtime/builtin/IRubyObject;+22
j  org.jruby.Ruby.runScript(Lorg/jruby/ast/executable/Script;Z)Lorg/jruby/runtime/builtin/IRubyObject;+12
j  org.jruby.Ruby.runScript(Lorg/jruby/ast/executable/Script;)Lorg/jruby/runtime/builtin/IRubyObject;+3
j  org.jruby.Ruby.runNormally(Lorg/jruby/ast/Node;)Lorg/jruby/runtime/builtin/IRubyObject;+73
j  org.jruby.Ruby.runFromMain(Ljava/io/InputStream;Ljava/lang/String;)V+320
j  org.jruby.Main.doRunFromMain(Lorg/jruby/Ruby;Ljava/io/InputStream;Ljava/lang/String;)Lorg/jruby/Main$Status;+12
j  org.jruby.Main.internalRun()Lorg/jruby/Main$Status;+234
j  org.jruby.Main.run([Ljava/lang/String;)Lorg/jruby/Main$Status;+9
j  org.jruby.Main.main([Ljava/lang/String;)V+35
v  ~StubRoutines::call_stub

---------------  P R O C E S S  ---------------

Java Threads: ( => current thread )
  0x00007fa10c195000 JavaThread "JRubyJIT-2" daemon [_thread_blocked, id=22347, stack(0x00007fa0f9084000,0x00007fa0f9285000)]
  0x00007fa10c330800 JavaThread "process reaper" daemon [_thread_blocked, id=22225, stack(0x00007fa10807c000,0x00007fa1080b5000)]
  0x00007fa10c46c800 JavaThread "JRubyJIT-1" daemon [_thread_blocked, id=22223, stack(0x00007fa0f9486000,0x00007fa0f9687000)]
  0x00007fa10c0ae000 JavaThread "Service Thread" daemon [_thread_blocked, id=22221, stack(0x00007fa0fb0ff000,0x00007fa0fb300000)]
  0x00007fa10c0ab800 JavaThread "C2 CompilerThread1" daemon [_thread_blocked, id=22220, stack(0x00007fa0fb300000,0x00007fa0fb401000)]
  0x00007fa10c0a8800 JavaThread "C2 CompilerThread0" daemon [_thread_in_native, id=22219, stack(0x00007fa0fb401000,0x00007fa0fb502000)]
  0x00007fa10c0a6800 JavaThread "Signal Dispatcher" daemon [_thread_blocked, id=22218, stack(0x00007fa0fb502000,0x00007fa0fb703000)]
  0x00007fa10c082800 JavaThread "Finalizer" daemon [_thread_blocked, id=22217, stack(0x00007fa0fbafd000,0x00007fa0fbcfe000)]
  0x00007fa10c080800 JavaThread "Reference Handler" daemon [_thread_blocked, id=22216, stack(0x00007fa0fbcfe000,0x00007fa0fbeff000)]
=>0x00007fa10c00a800 JavaThread "main" [_thread_in_native, id=22210, stack(0x00007fa11305f000,0x00007fa113260000)]

Other Threads:
  0x00007fa10c07c800 VMThread [stack: 0x00007fa0fbeff000,0x00007fa0fc000000] [id=22215]
  0x00007fa10c0b8800 WatcherThread [stack: 0x00007fa0faffe000,0x00007fa0fb0ff000] [id=22222]

VM state:not at safepoint (normal execution)

VM Mutex/Monitor currently owned by a thread: None

Heap
 PSYoungGen      total 32768K, used 2769K [0x00000000f5900000, 0x00000000f9900000, 0x0000000100000000)
  eden space 30720K, 2% used [0x00000000f5900000,0x00000000f59b71f8,0x00000000f7700000)
  from space 2048K, 99% used [0x00000000f7700000,0x00000000f78fd528,0x00000000f7900000)
  to   space 2048K, 0% used [0x00000000f9700000,0x00000000f9700000,0x00000000f9900000)
 ParOldGen       total 38400K, used 8977K [0x00000000e0c00000, 0x00000000e3180000, 0x00000000f5900000)
  object space 38400K, 23% used [0x00000000e0c00000,0x00000000e14c47a0,0x00000000e3180000)
 PSPermGen       total 25600K, used 25480K [0x00000000d6600000, 0x00000000d7f00000, 0x00000000e0c00000)
  object space 25600K, 99% used [0x00000000d6600000,0x00000000d7ee2098,0x00000000d7f00000)

Card table byte_map: [0x00007fa111e85000,0x00007fa111fd3000] byte_map_base: 0x00007fa1117d2000

Polling page: 0x00007fa11566d000

Code Cache  [0x00007fa109000000, 0x00007fa109270000, 0x00007fa10c000000)
 total_blobs=978 nmethods=499 adapters=433 free_code_cache=47632Kb largest_free_block=48739904

Compilation events (10 events):
Event: 10,335 Thread 0x00007fa10c0ab800  531             org.jruby.ext.ffi.StructByReference::getStructClass (5 bytes)
Event: 10,336 Thread 0x00007fa10c0ab800 nmethod 531 0x00007fa109178610 code [0x00007fa109178740, 0x00007fa109178798]
Event: 10,336 Thread 0x00007fa10c0ab800  532             org.jruby.ext.ffi.jffi.DataConverters$MappedDataConverter::fromNative (10 bytes)
Event: 10,336 Thread 0x00007fa10c0a8800 nmethod 524 0x00007fa109177c50 code [0x00007fa109177de0, 0x00007fa1091780c8]
Event: 10,336 Thread 0x00007fa10c0a8800  533             org.jruby.ast.DAsgnNode::interpret (28 bytes)
Event: 10,341 Thread 0x00007fa10c0a8800 nmethod 533 0x00007fa109182d90 code [0x00007fa109182ee0, 0x00007fa109182ff8]
Event: 10,341 Thread 0x00007fa10c0a8800  534             org.jruby.util.Qsort::partition (273 bytes)
Event: 10,386 Thread 0x00007fa10c0ab800 nmethod 532 0x00007fa109180850 code [0x00007fa1091809e0, 0x00007fa109180ce8]
Event: 10,386 Thread 0x00007fa10c0ab800  535             org.jruby.runtime.scope.OneVarDynamicScope::setArgValues (13 bytes)
Event: 10,388 Thread 0x00007fa10c0ab800 nmethod 535 0x00007fa1091778d0 code [0x00007fa109177a20, 0x00007fa109177ab8]

GC Heap History (6 events):
Event: 3,405 GC heap before
{Heap before GC invocations=1 (full 0):
 PSYoungGen      total 17408K, used 15360K [0x00000000f5900000, 0x00000000f6c00000, 0x0000000100000000)
  eden space 15360K, 100% used [0x00000000f5900000,0x00000000f6800000,0x00000000f6800000)
  from space 2048K, 0% used [0x00000000f6a00000,0x00000000f6a00000,0x00000000f6c00000)
  to   space 2048K, 0% used [0x00000000f6800000,0x00000000f6800000,0x00000000f6a00000)
 ParOldGen       total 38400K, used 0K [0x00000000e0c00000, 0x00000000e3180000, 0x00000000f5900000)
  object space 38400K, 0% used [0x00000000e0c00000,0x00000000e0c00000,0x00000000e3180000)
 PSPermGen       total 21504K, used 18949K [0x00000000d6600000, 0x00000000d7b00000, 0x00000000e0c00000)
  object space 21504K, 88% used [0x00000000d6600000,0x00000000d78816c8,0x00000000d7b00000)
Event: 3,452 GC heap after
Heap after GC invocations=1 (full 0):
 PSYoungGen      total 17408K, used 2035K [0x00000000f5900000, 0x00000000f7b00000, 0x0000000100000000)
  eden space 15360K, 0% used [0x00000000f5900000,0x00000000f5900000,0x00000000f6800000)
  from space 2048K, 99% used [0x00000000f6800000,0x00000000f69fcde8,0x00000000f6a00000)
  to   space 2048K, 0% used [0x00000000f7900000,0x00000000f7900000,0x00000000f7b00000)
 ParOldGen       total 38400K, used 3785K [0x00000000e0c00000, 0x00000000e3180000, 0x00000000f5900000)
  object space 38400K, 9% used [0x00000000e0c00000,0x00000000e0fb26d8,0x00000000e3180000)
 PSPermGen       total 21504K, used 18949K [0x00000000d6600000, 0x00000000d7b00000, 0x00000000e0c00000)
  object space 21504K, 88% used [0x00000000d6600000,0x00000000d78816c8,0x00000000d7b00000)
}
Event: 6,031 GC heap before
{Heap before GC invocations=2 (full 0):
 PSYoungGen      total 17408K, used 17395K [0x00000000f5900000, 0x00000000f7b00000, 0x0000000100000000)
  eden space 15360K, 100% used [0x00000000f5900000,0x00000000f6800000,0x00000000f6800000)
  from space 2048K, 99% used [0x00000000f6800000,0x00000000f69fcde8,0x00000000f6a00000)
  to   space 2048K, 0% used [0x00000000f7900000,0x00000000f7900000,0x00000000f7b00000)
 ParOldGen       total 38400K, used 3785K [0x00000000e0c00000, 0x00000000e3180000, 0x00000000f5900000)
  object space 38400K, 9% used [0x00000000e0c00000,0x00000000e0fb26d8,0x00000000e3180000)
 PSPermGen       total 23552K, used 23438K [0x00000000d6600000, 0x00000000d7d00000, 0x00000000e0c00000)
  object space 23552K, 99% used [0x00000000d6600000,0x00000000d7ce39e0,0x00000000d7d00000)
Event: 6,103 GC heap after
Heap after GC invocations=2 (full 0):
 PSYoungGen      total 32768K, used 2037K [0x00000000f5900000, 0x00000000f7b00000, 0x0000000100000000)
  eden space 30720K, 0% used [0x00000000f5900000,0x00000000f5900000,0x00000000f7700000)
  from space 2048K, 99% used [0x00000000f7900000,0x00000000f7afd528,0x00000000f7b00000)
  to   space 2048K, 0% used [0x00000000f7700000,0x00000000f7700000,0x00000000f7900000)
 ParOldGen       total 38400K, used 5837K [0x00000000e0c00000, 0x00000000e3180000, 0x00000000f5900000)
  object space 38400K, 15% used [0x00000000e0c00000,0x00000000e11b34e0,0x00000000e3180000)
 PSPermGen       total 23552K, used 23438K [0x00000000d6600000, 0x00000000d7d00000, 0x00000000e0c00000)
  object space 23552K, 99% used [0x00000000d6600000,0x00000000d7ce39e0,0x00000000d7d00000)
}
Event: 10,350 GC heap before
{Heap before GC invocations=3 (full 0):
 PSYoungGen      total 32768K, used 32757K [0x00000000f5900000, 0x00000000f7b00000, 0x0000000100000000)
  eden space 30720K, 100% used [0x00000000f5900000,0x00000000f7700000,0x00000000f7700000)
  from space 2048K, 99% used [0x00000000f7900000,0x00000000f7afd528,0x00000000f7b00000)
  to   space 2048K, 0% used [0x00000000f7700000,0x00000000f7700000,0x00000000f7900000)
 ParOldGen       total 38400K, used 5837K [0x00000000e0c00000, 0x00000000e3180000, 0x00000000f5900000)
  object space 38400K, 15% used [0x00000000e0c00000,0x00000000e11b34e0,0x00000000e3180000)
 PSPermGen       total 25600K, used 25476K [0x00000000d6600000, 0x00000000d7f00000, 0x00000000e0c00000)
  object space 25600K, 99% used [0x00000000d6600000,0x00000000d7ee1268,0x00000000d7f00000)
Event: 10,385 GC heap after
Heap after GC invocations=3 (full 0):
 PSYoungGen      total 32768K, used 2037K [0x00000000f5900000, 0x00000000f9900000, 0x0000000100000000)
  eden space 30720K, 0% used [0x00000000f5900000,0x00000000f5900000,0x00000000f7700000)
  from space 2048K, 99% used [0x00000000f7700000,0x00000000f78fd528,0x00000000f7900000)
  to   space 2048K, 0% used [0x00000000f9700000,0x00000000f9700000,0x00000000f9900000)
 ParOldGen       total 38400K, used 8977K [0x00000000e0c00000, 0x00000000e3180000, 0x00000000f5900000)
  object space 38400K, 23% used [0x00000000e0c00000,0x00000000e14c47a0,0x00000000e3180000)
 PSPermGen       total 25600K, used 25476K [0x00000000d6600000, 0x00000000d7f00000, 0x00000000e0c00000)
  object space 25600K, 99% used [0x00000000d6600000,0x00000000d7ee1268,0x00000000d7f00000)
}

Deoptimization events (10 events):
Event: 10,395 Thread 0x00007fa10c00a800 Uncommon trap: reason=class_check action=maybe_recompile pc=0x00007fa1091173d8 method=org.jruby.RubyArray.collect(Lorg/jruby/runtime/ThreadContext;Lorg/jruby/runtime/Block;)Lorg/jruby/runtime/builtin/IRubyObject; @ 71
Event: 10,395 Thread 0x00007fa10c00a800 Uncommon trap: reason=class_check action=maybe_recompile pc=0x00007fa1091173d8 method=org.jruby.RubyArray.collect(Lorg/jruby/runtime/ThreadContext;Lorg/jruby/runtime/Block;)Lorg/jruby/runtime/builtin/IRubyObject; @ 71
Event: 10,396 Thread 0x00007fa10c00a800 Uncommon trap: reason=bimorphic action=maybe_recompile pc=0x00007fa10917a108 method=org.jruby.RubyClass.allocate()Lorg/jruby/runtime/builtin/IRubyObject; @ 54
Event: 10,396 Thread 0x00007fa10c00a800 Uncommon trap: reason=bimorphic action=maybe_recompile pc=0x00007fa10917a108 method=org.jruby.RubyClass.allocate()Lorg/jruby/runtime/builtin/IRubyObject; @ 54
Event: 10,396 Thread 0x00007fa10c00a800 Uncommon trap: reason=class_check action=maybe_recompile pc=0x00007fa1091117a4 method=org.jruby.runtime.ivars.VariableAccessor.get(Ljava/lang/Object;)Ljava/lang/Object; @ 1
Event: 10,396 Thread 0x00007fa10c00a800 Uncommon trap: reason=class_check action=maybe_recompile pc=0x00007fa1091117a4 method=org.jruby.runtime.ivars.VariableAccessor.get(Ljava/lang/Object;)Ljava/lang/Object; @ 1
Event: 10,396 Thread 0x00007fa10c00a800 Uncommon trap: reason=class_check action=maybe_recompile pc=0x00007fa1091117a4 method=org.jruby.runtime.ivars.VariableAccessor.get(Ljava/lang/Object;)Ljava/lang/Object; @ 1
Event: 10,397 Thread 0x00007fa10c00a800 Uncommon trap: reason=class_check action=maybe_recompile pc=0x00007fa1091117a4 method=org.jruby.runtime.ivars.VariableAccessor.get(Ljava/lang/Object;)Ljava/lang/Object; @ 1
Event: 10,397 Thread 0x00007fa10c00a800 Uncommon trap: reason=bimorphic action=maybe_recompile pc=0x00007fa10917a108 method=org.jruby.RubyClass.allocate()Lorg/jruby/runtime/builtin/IRubyObject; @ 54
Event: 10,397 Thread 0x00007fa10c00a800 Uncommon trap: reason=bimorphic action=maybe_recompile pc=0x00007fa10917a108 method=org.jruby.RubyClass.allocate()Lorg/jruby/runtime/builtin/IRubyObject; @ 54

Internal exceptions (10 events):
Event: 8,878 Thread 0x00007fa10c00a800 Threw 0x00000000f6d6e868 at /build/buildd/openjdk-7-7u51-2.4.4/build/openjdk/hotspot/src/share/vm/prims/jvm.cpp:1244
Event: 8,878 Thread 0x00007fa10c00a800 Threw 0x00000000f6d6f318 at /build/buildd/openjdk-7-7u51-2.4.4/build/openjdk/hotspot/src/share/vm/prims/jvm.cpp:1244
Event: 8,882 Thread 0x00007fa10c00a800 Threw 0x00000000f6d7ae88 at /build/buildd/openjdk-7-7u51-2.4.4/build/openjdk/hotspot/src/share/vm/prims/jvm.cpp:1244
Event: 8,882 Thread 0x00007fa10c00a800 Threw 0x00000000f6d7cf48 at /build/buildd/openjdk-7-7u51-2.4.4/build/openjdk/hotspot/src/share/vm/prims/jvm.cpp:1244
Event: 8,882 Thread 0x00007fa10c00a800 Threw 0x00000000f6d7d9f8 at /build/buildd/openjdk-7-7u51-2.4.4/build/openjdk/hotspot/src/share/vm/prims/jvm.cpp:1244
Event: 8,882 Thread 0x00007fa10c00a800 Threw 0x00000000f6d7f898 at /build/buildd/openjdk-7-7u51-2.4.4/build/openjdk/hotspot/src/share/vm/prims/jvm.cpp:1244
Event: 8,883 Thread 0x00007fa10c00a800 Threw 0x00000000f6d81958 at /build/buildd/openjdk-7-7u51-2.4.4/build/openjdk/hotspot/src/share/vm/prims/jvm.cpp:1244
Event: 8,883 Thread 0x00007fa10c00a800 Threw 0x00000000f6d82408 at /build/buildd/openjdk-7-7u51-2.4.4/build/openjdk/hotspot/src/share/vm/prims/jvm.cpp:1244
Event: 10,412 Thread 0x00007fa10c46c800 Threw 0x00000000f5983c68 at /build/buildd/openjdk-7-7u51-2.4.4/build/openjdk/hotspot/src/share/vm/prims/jvm.cpp:1244
Event: 10,413 Thread 0x00007fa10c46c800 Threw 0x00000000f5985680 at /build/buildd/openjdk-7-7u51-2.4.4/build/openjdk/hotspot/src/share/vm/prims/jvm.cpp:1244

Events (10 events):
Event: 10,397 Thread 0x00007fa10c00a800 DEOPT PACKING pc=0x00007fa1091117a4 sp=0x00007fa11325c380
Event: 10,397 Thread 0x00007fa10c00a800 DEOPT UNPACKING pc=0x00007fa109039045 sp=0x00007fa11325c348 mode 2
Event: 10,397 Thread 0x00007fa10c00a800 Uncommon trap: trap_request=0xffffffc6 fr.pc=0x00007fa10917a108
Event: 10,397 Thread 0x00007fa10c00a800 DEOPT PACKING pc=0x00007fa10917a108 sp=0x00007fa11325c770
Event: 10,397 Thread 0x00007fa10c00a800 DEOPT UNPACKING pc=0x00007fa109039045 sp=0x00007fa11325c760 mode 2
Event: 10,397 Thread 0x00007fa10c00a800 Uncommon trap: trap_request=0xffffffc6 fr.pc=0x00007fa10917a108
Event: 10,397 Thread 0x00007fa10c00a800 DEOPT PACKING pc=0x00007fa10917a108 sp=0x00007fa11325c770
Event: 10,397 Thread 0x00007fa10c00a800 DEOPT UNPACKING pc=0x00007fa109039045 sp=0x00007fa11325c760 mode 2
Event: 10,412 loading class 0x00007fa0d4012f50
Event: 10,412 loading class 0x00007fa0d4012f50 done


Dynamic libraries:
00400000-00401000 r-xp 00000000 08:01 15861394                           /usr/lib/jvm/java-7-openjdk-amd64/jre/bin/java
00600000-00601000 r--p 00000000 08:01 15861394                           /usr/lib/jvm/java-7-openjdk-amd64/jre/bin/java
00601000-00602000 rw-p 00001000 08:01 15861394                           /usr/lib/jvm/java-7-openjdk-amd64/jre/bin/java
00f5d000-00f7e000 rw-p 00000000 00:00 0                                  [heap]
d6600000-d7f00000 rw-p 00000000 00:00 0 
d7f00000-e0c00000 rw-p 00000000 00:00 0 
e0c00000-e3180000 rw-p 00000000 00:00 0 
e3180000-f5900000 rw-p 00000000 00:00 0 
f5900000-f9900000 rw-p 00000000 00:00 0 
f9900000-100000000 rw-p 00000000 00:00 0 
7fa0c0000000-7fa0c0021000 rw-p 00000000 00:00 0 
7fa0c0021000-7fa0c4000000 ---p 00000000 00:00 0 
7fa0c4000000-7fa0c4021000 rw-p 00000000 00:00 0 
7fa0c4021000-7fa0c8000000 ---p 00000000 00:00 0 
7fa0c8000000-7fa0c8021000 rw-p 00000000 00:00 0 
7fa0c8021000-7fa0cc000000 ---p 00000000 00:00 0 
7fa0cc000000-7fa0cc021000 rw-p 00000000 00:00 0 
7fa0cc021000-7fa0d0000000 ---p 00000000 00:00 0 
7fa0d0000000-7fa0d0021000 rw-p 00000000 00:00 0 
7fa0d0021000-7fa0d4000000 ---p 00000000 00:00 0 
7fa0d4000000-7fa0d402e000 rw-p 00000000 00:00 0 
7fa0d402e000-7fa0d8000000 ---p 00000000 00:00 0 
7fa0d8000000-7fa0d8dca000 rw-p 00000000 00:00 0 
7fa0d8dca000-7fa0dc000000 ---p 00000000 00:00 0 
7fa0dc000000-7fa0dc021000 rw-p 00000000 00:00 0 
7fa0dc021000-7fa0e0000000 ---p 00000000 00:00 0 
7fa0e0000000-7fa0e0021000 rw-p 00000000 00:00 0 
7fa0e0021000-7fa0e4000000 ---p 00000000 00:00 0 
7fa0e4000000-7fa0e4bd8000 rw-p 00000000 00:00 0 
7fa0e4bd8000-7fa0e8000000 ---p 00000000 00:00 0 
7fa0e8000000-7fa0e8021000 rw-p 00000000 00:00 0 
7fa0e8021000-7fa0ec000000 ---p 00000000 00:00 0 
7fa0ec000000-7fa0ec021000 rw-p 00000000 00:00 0 
7fa0ec021000-7fa0f0000000 ---p 00000000 00:00 0 
7fa0f0000000-7fa0f0021000 rw-p 00000000 00:00 0 
7fa0f0021000-7fa0f4000000 ---p 00000000 00:00 0 
7fa0f4000000-7fa0f4021000 rw-p 00000000 00:00 0 
7fa0f4021000-7fa0f8000000 ---p 00000000 00:00 0 
7fa0f8474000-7fa0f8476000 r-xp 00000000 08:01 13894022                   /home/alex/Documents/8vo_Semestre/Geometría Computacional/Lab/practica02p1/src/lib/libintersection.so
7fa0f8476000-7fa0f8675000 ---p 00002000 08:01 13894022                   /home/alex/Documents/8vo_Semestre/Geometría Computacional/Lab/practica02p1/src/lib/libintersection.so
7fa0f8675000-7fa0f8676000 r--p 00001000 08:01 13894022                   /home/alex/Documents/8vo_Semestre/Geometría Computacional/Lab/practica02p1/src/lib/libintersection.so
7fa0f8676000-7fa0f8677000 rw-p 00002000 08:01 13894022                   /home/alex/Documents/8vo_Semestre/Geometría Computacional/Lab/practica02p1/src/lib/libintersection.so
7fa0f8677000-7fa0f867a000 r-xp 00000000 08:01 13893852                   /home/alex/Documents/8vo_Semestre/Geometría Computacional/Lab/practica02p1/src/lib/librb_tree.so
7fa0f867a000-7fa0f8879000 ---p 00003000 08:01 13893852                   /home/alex/Documents/8vo_Semestre/Geometría Computacional/Lab/practica02p1/src/lib/librb_tree.so
7fa0f8879000-7fa0f887a000 r--p 00002000 08:01 13893852                   /home/alex/Documents/8vo_Semestre/Geometría Computacional/Lab/practica02p1/src/lib/librb_tree.so
7fa0f887a000-7fa0f887b000 rw-p 00003000 08:01 13893852                   /home/alex/Documents/8vo_Semestre/Geometría Computacional/Lab/practica02p1/src/lib/librb_tree.so
7fa0f887b000-7fa0f887d000 r-xp 00000000 08:01 13893851                   /home/alex/Documents/8vo_Semestre/Geometría Computacional/Lab/practica02p1/src/lib/libdouble_linked_list.so
7fa0f887d000-7fa0f8a7c000 ---p 00002000 08:01 13893851                   /home/alex/Documents/8vo_Semestre/Geometría Computacional/Lab/practica02p1/src/lib/libdouble_linked_list.so
7fa0f8a7c000-7fa0f8a7d000 r--p 00001000 08:01 13893851                   /home/alex/Documents/8vo_Semestre/Geometría Computacional/Lab/practica02p1/src/lib/libdouble_linked_list.so
7fa0f8a7d000-7fa0f8a7e000 rw-p 00002000 08:01 13893851                   /home/alex/Documents/8vo_Semestre/Geometría Computacional/Lab/practica02p1/src/lib/libdouble_linked_list.so
7fa0f8a7e000-7fa0f8a7f000 r-xp 00000000 08:01 13893849                   /home/alex/Documents/8vo_Semestre/Geometría Computacional/Lab/practica02p1/src/lib/libhalf_edge.so
7fa0f8a7f000-7fa0f8c7f000 ---p 00001000 08:01 13893849                   /home/alex/Documents/8vo_Semestre/Geometría Computacional/Lab/practica02p1/src/lib/libhalf_edge.so
7fa0f8c7f000-7fa0f8c80000 r--p 00001000 08:01 13893849                   /home/alex/Documents/8vo_Semestre/Geometría Computacional/Lab/practica02p1/src/lib/libhalf_edge.so
7fa0f8c80000-7fa0f8c81000 rw-p 00002000 08:01 13893849                   /home/alex/Documents/8vo_Semestre/Geometría Computacional/Lab/practica02p1/src/lib/libhalf_edge.so
7fa0f8c81000-7fa0f8c82000 r-xp 00000000 08:01 13893835                   /home/alex/Documents/8vo_Semestre/Geometría Computacional/Lab/practica02p1/src/lib/lib2d_points.so
7fa0f8c82000-7fa0f8e81000 ---p 00001000 08:01 13893835                   /home/alex/Documents/8vo_Semestre/Geometría Computacional/Lab/practica02p1/src/lib/lib2d_points.so
7fa0f8e81000-7fa0f8e82000 r--p 00000000 08:01 13893835                   /home/alex/Documents/8vo_Semestre/Geometría Computacional/Lab/practica02p1/src/lib/lib2d_points.so
7fa0f8e82000-7fa0f8e83000 rw-p 00001000 08:01 13893835                   /home/alex/Documents/8vo_Semestre/Geometría Computacional/Lab/practica02p1/src/lib/lib2d_points.so
7fa0f8e83000-7fa0f8e86000 ---p 00000000 00:00 0 
7fa0f8e86000-7fa0f9084000 rw-p 00000000 00:00 0 
7fa0f9084000-7fa0f9087000 ---p 00000000 00:00 0 
7fa0f9087000-7fa0f9285000 rw-p 00000000 00:00 0                          [stack:22347]
7fa0f9285000-7fa0f9288000 ---p 00000000 00:00 0 
7fa0f9288000-7fa0f9486000 rw-p 00000000 00:00 0 
7fa0f9486000-7fa0f9489000 ---p 00000000 00:00 0 
7fa0f9489000-7fa0f9687000 rw-p 00000000 00:00 0                          [stack:22223]
7fa0f9687000-7fa0f9699000 r-xp 00000000 08:01 12059135                   /home/alex/.rbenv/versions/jruby-1.7.10/lib/jni/x86_64-Linux/libjffi-1.2.so
7fa0f9699000-7fa0f9898000 ---p 00012000 08:01 12059135                   /home/alex/.rbenv/versions/jruby-1.7.10/lib/jni/x86_64-Linux/libjffi-1.2.so
7fa0f9898000-7fa0f9899000 rw-p 00011000 08:01 12059135                   /home/alex/.rbenv/versions/jruby-1.7.10/lib/jni/x86_64-Linux/libjffi-1.2.so
7fa0f9899000-7fa0f98a9000 r-xp 00000000 08:01 15861288                   /usr/lib/jvm/java-7-openjdk-amd64/jre/lib/amd64/libnio.so
7fa0f98a9000-7fa0f9aa9000 ---p 00010000 08:01 15861288                   /usr/lib/jvm/java-7-openjdk-amd64/jre/lib/amd64/libnio.so
7fa0f9aa9000-7fa0f9aaa000 r--p 00010000 08:01 15861288                   /usr/lib/jvm/java-7-openjdk-amd64/jre/lib/amd64/libnio.so
7fa0f9aaa000-7fa0f9aab000 rw-p 00011000 08:01 15861288                   /usr/lib/jvm/java-7-openjdk-amd64/jre/lib/amd64/libnio.so
7fa0f9aab000-7fa0f9ae8000 r-xp 00000000 08:01 8130434                    /lib/x86_64-linux-gnu/libpcre.so.3.13.1
7fa0f9ae8000-7fa0f9ce8000 ---p 0003d000 08:01 8130434                    /lib/x86_64-linux-gnu/libpcre.so.3.13.1
7fa0f9ce8000-7fa0f9ce9000 r--p 0003d000 08:01 8130434                    /lib/x86_64-linux-gnu/libpcre.so.3.13.1
7fa0f9ce9000-7fa0f9cea000 rw-p 0003e000 08:01 8130434                    /lib/x86_64-linux-gnu/libpcre.so.3.13.1
7fa0f9cea000-7fa0f9cf1000 r-xp 00000000 08:01 15735894                   /usr/lib/x86_64-linux-gnu/libffi.so.6.0.1
7fa0f9cf1000-7fa0f9ef0000 ---p 00007000 08:01 15735894                   /usr/lib/x86_64-linux-gnu/libffi.so.6.0.1
7fa0f9ef0000-7fa0f9ef1000 r--p 00006000 08:01 15735894                   /usr/lib/x86_64-linux-gnu/libffi.so.6.0.1
7fa0f9ef1000-7fa0f9ef2000 rw-p 00007000 08:01 15735894                   /usr/lib/x86_64-linux-gnu/libffi.so.6.0.1
7fa0f9ef2000-7fa0f9f08000 r-xp 00000000 08:01 8130457                    /lib/x86_64-linux-gnu/libresolv-2.17.so
7fa0f9f08000-7fa0fa108000 ---p 00016000 08:01 8130457                    /lib/x86_64-linux-gnu/libresolv-2.17.so
7fa0fa108000-7fa0fa109000 r--p 00016000 08:01 8130457                    /lib/x86_64-linux-gnu/libresolv-2.17.so
7fa0fa109000-7fa0fa10a000 rw-p 00017000 08:01 8130457                    /lib/x86_64-linux-gnu/libresolv-2.17.so
7fa0fa10a000-7fa0fa10c000 rw-p 00000000 00:00 0 
7fa0fa10c000-7fa0fa12b000 r-xp 00000000 08:01 8130461                    /lib/x86_64-linux-gnu/libselinux.so.1
7fa0fa12b000-7fa0fa32b000 ---p 0001f000 08:01 8130461                    /lib/x86_64-linux-gnu/libselinux.so.1
7fa0fa32b000-7fa0fa32c000 r--p 0001f000 08:01 8130461                    /lib/x86_64-linux-gnu/libselinux.so.1
7fa0fa32c000-7fa0fa32d000 rw-p 00020000 08:01 8130461                    /lib/x86_64-linux-gnu/libselinux.so.1
7fa0fa32d000-7fa0fa32e000 rw-p 00000000 00:00 0 
7fa0fa32e000-7fa0fa331000 r-xp 00000000 08:01 15729078                   /usr/lib/x86_64-linux-gnu/libgmodule-2.0.so.0.3800.1
7fa0fa331000-7fa0fa530000 ---p 00003000 08:01 15729078                   /usr/lib/x86_64-linux-gnu/libgmodule-2.0.so.0.3800.1
7fa0fa530000-7fa0fa531000 r--p 00002000 08:01 15729078                   /usr/lib/x86_64-linux-gnu/libgmodule-2.0.so.0.3800.1
7fa0fa531000-7fa0fa532000 rw-p 00003000 08:01 15729078                   /usr/lib/x86_64-linux-gnu/libgmodule-2.0.so.0.3800.1
7fa0fa532000-7fa0fa630000 r-xp 00000000 08:01 8130449                    /lib/x86_64-linux-gnu/libglib-2.0.so.0.3800.1
7fa0fa630000-7fa0fa830000 ---p 000fe000 08:01 8130449                    /lib/x86_64-linux-gnu/libglib-2.0.so.0.3800.1
7fa0fa830000-7fa0fa831000 r--p 000fe000 08:01 8130449                    /lib/x86_64-linux-gnu/libglib-2.0.so.0.3800.1
7fa0fa831000-7fa0fa832000 rw-p 000ff000 08:01 8130449                    /lib/x86_64-linux-gnu/libglib-2.0.so.0.3800.1
7fa0fa832000-7fa0fa833000 rw-p 00000000 00:00 0 
7fa0fa833000-7fa0fa882000 r-xp 00000000 08:01 15729069                   /usr/lib/x86_64-linux-gnu/libgobject-2.0.so.0.3800.1
7fa0fa882000-7fa0faa82000 ---p 0004f000 08:01 15729069                   /usr/lib/x86_64-linux-gnu/libgobject-2.0.so.0.3800.1
7fa0faa82000-7fa0faa83000 r--p 0004f000 08:01 15729069                   /usr/lib/x86_64-linux-gnu/libgobject-2.0.so.0.3800.1
7fa0faa83000-7fa0faa84000 rw-p 00050000 08:01 15729069                   /usr/lib/x86_64-linux-gnu/libgobject-2.0.so.0.3800.1
7fa0faa84000-7fa0fabe0000 r-xp 00000000 08:01 15729043                   /usr/lib/x86_64-linux-gnu/libgio-2.0.so.0.3800.1
7fa0fabe0000-7fa0faddf000 ---p 0015c000 08:01 15729043                   /usr/lib/x86_64-linux-gnu/libgio-2.0.so.0.3800.1
7fa0faddf000-7fa0fade3000 r--p 0015b000 08:01 15729043                   /usr/lib/x86_64-linux-gnu/libgio-2.0.so.0.3800.1
7fa0fade3000-7fa0fade5000 rw-p 0015f000 08:01 15729043                   /usr/lib/x86_64-linux-gnu/libgio-2.0.so.0.3800.1
7fa0fade5000-7fa0fade7000 rw-p 00000000 00:00 0 
7fa0fade7000-7fa0fadfd000 r-xp 00000000 08:01 15861076                   /usr/lib/jvm/java-7-openjdk-amd64/jre/lib/amd64/libnet.so
7fa0fadfd000-7fa0faffc000 ---p 00016000 08:01 15861076                   /usr/lib/jvm/java-7-openjdk-amd64/jre/lib/amd64/libnet.so
7fa0faffc000-7fa0faffd000 r--p 00015000 08:01 15861076                   /usr/lib/jvm/java-7-openjdk-amd64/jre/lib/amd64/libnet.so
7fa0faffd000-7fa0faffe000 rw-p 00016000 08:01 15861076                   /usr/lib/jvm/java-7-openjdk-amd64/jre/lib/amd64/libnet.so
7fa0faffe000-7fa0fafff000 ---p 00000000 00:00 0 
7fa0fafff000-7fa0fb0ff000 rw-p 00000000 00:00 0                          [stack:22222]
7fa0fb0ff000-7fa0fb102000 ---p 00000000 00:00 0 
7fa0fb102000-7fa0fb300000 rw-p 00000000 00:00 0                          [stack:22221]
7fa0fb300000-7fa0fb303000 ---p 00000000 00:00 0 
7fa0fb303000-7fa0fb401000 rw-p 00000000 00:00 0                          [stack:22220]
7fa0fb401000-7fa0fb404000 ---p 00000000 00:00 0 
7fa0fb404000-7fa0fb502000 rw-p 00000000 00:00 0                          [stack:22219]
7fa0fb502000-7fa0fb505000 ---p 00000000 00:00 0 
7fa0fb505000-7fa0fb703000 rw-p 00000000 00:00 0                          [stack:22218]
7fa0fb703000-7fa0fbafd000 r--p 00000000 08:01 15734328                   /usr/lib/locale/locale-archive
7fa0fbafd000-7fa0fbb00000 ---p 00000000 00:00 0 
7fa0fbb00000-7fa0fbcfe000 rw-p 00000000 00:00 0                          [stack:22217]
7fa0fbcfe000-7fa0fbd01000 ---p 00000000 00:00 0 
7fa0fbd01000-7fa0fbeff000 rw-p 00000000 00:00 0                          [stack:22216]
7fa0fbeff000-7fa0fbf00000 ---p 00000000 00:00 0 
7fa0fbf00000-7fa0fc000000 rw-p 00000000 00:00 0                          [stack:22215]
7fa0fc000000-7fa0fc021000 rw-p 00000000 00:00 0 
7fa0fc021000-7fa100000000 ---p 00000000 00:00 0 
7fa100000000-7fa100021000 rw-p 00000000 00:00 0 
7fa100021000-7fa104000000 ---p 00000000 00:00 0 
7fa104000000-7fa104021000 rw-p 00000000 00:00 0 
7fa104021000-7fa108000000 ---p 00000000 00:00 0 
7fa10807b000-7fa10807c000 rw-p 00000000 00:00 0 
7fa10807c000-7fa10807f000 ---p 00000000 00:00 0 
7fa10807f000-7fa1080b5000 rw-p 00000000 00:00 0                          [stack:22225]
7fa1080b5000-7fa1080b6000 r-xp 00000000 00:00 0 
7fa1080b6000-7fa1080bd000 r--s 00000000 08:01 16127910                   /usr/lib/x86_64-linux-gnu/gconv/gconv-modules.cache
7fa1080bd000-7fa1080bf000 r--s 00012000 08:01 15861308                   /usr/lib/jvm/java-7-openjdk-amd64/jre/lib/ext/zipfs.jar
7fa1080bf000-7fa1080c2000 r--s 00032000 08:01 15861310                   /usr/lib/jvm/java-7-openjdk-amd64/jre/lib/ext/sunjce_provider.jar
7fa1080c2000-7fa1080c6000 r--s 00085000 08:01 15861304                   /usr/lib/jvm/java-7-openjdk-amd64/jre/lib/ext/localedata.jar
7fa1080c6000-7fa1080c8000 r--s 00006000 08:01 16256853                   /usr/share/java/java-atk-wrapper.jar
7fa1080c8000-7fa1080c9000 r--s 00002000 08:01 15861314                   /usr/lib/jvm/java-7-openjdk-amd64/jre/lib/ext/dnsns.jar
7fa1080c9000-7fa1080cc000 r--s 0000f000 08:01 15861306                   /usr/lib/jvm/java-7-openjdk-amd64/jre/lib/ext/pulse-java.jar
7fa1080cc000-7fa1080d0000 r--s 0003b000 08:01 15861316                   /usr/lib/jvm/java-7-openjdk-amd64/jre/lib/ext/sunpkcs11.jar
7fa1080d0000-7fa109000000 rw-p 00000000 00:00 0 
7fa109000000-7fa109270000 rwxp 00000000 00:00 0 
7fa109270000-7fa10c4bb000 rw-p 00000000 00:00 0 
7fa10c4bb000-7fa110000000 ---p 00000000 00:00 0 
7fa110000000-7fa11008c000 rw-p 00000000 00:00 0 
7fa11008c000-7fa110175000 r--s 00bb9000 08:01 12059138                   /home/alex/.rbenv/versions/jruby-1.7.10/lib/jruby.jar
7fa110175000-7fa1101bd000 rw-p 00000000 00:00 0 
7fa1101bd000-7fa11036b000 r--s 01cf4000 08:01 15861374                   /usr/lib/jvm/java-7-openjdk-amd64/jre/lib/rt.jar
7fa11036b000-7fa111a81000 rw-p 00000000 00:00 0 
7fa111a81000-7fa111a82000 ---p 00000000 00:00 0 
7fa111a82000-7fa111b82000 rw-p 00000000 00:00 0                          [stack:22214]
7fa111b82000-7fa111b83000 ---p 00000000 00:00 0 
7fa111b83000-7fa111c83000 rw-p 00000000 00:00 0                          [stack:22213]
7fa111c83000-7fa111c84000 ---p 00000000 00:00 0 
7fa111c84000-7fa111d84000 rw-p 00000000 00:00 0                          [stack:22212]
7fa111d84000-7fa111d85000 ---p 00000000 00:00 0 
7fa111d85000-7fa111e92000 rw-p 00000000 00:00 0                          [stack:22211]
7fa111e92000-7fa111ed8000 rw-p 00000000 00:00 0 
7fa111ed8000-7fa111eeb000 rw-p 00000000 00:00 0 
7fa111eeb000-7fa111f7e000 rw-p 00000000 00:00 0 
7fa111f7e000-7fa111f9f000 rw-p 00000000 00:00 0 
7fa111f9f000-7fa111fd2000 rw-p 00000000 00:00 0 
7fa111fd2000-7fa111fd3000 rw-p 00000000 00:00 0 
7fa111fd3000-7fa111fdb000 r-xp 00000000 08:01 15861025                   /usr/lib/jvm/java-7-openjdk-amd64/jre/lib/amd64/libzip.so
7fa111fdb000-7fa1121da000 ---p 00008000 08:01 15861025                   /usr/lib/jvm/java-7-openjdk-amd64/jre/lib/amd64/libzip.so
7fa1121da000-7fa1121db000 r--p 00007000 08:01 15861025                   /usr/lib/jvm/java-7-openjdk-amd64/jre/lib/amd64/libzip.so
7fa1121db000-7fa1121dc000 rw-p 00008000 08:01 15861025                   /usr/lib/jvm/java-7-openjdk-amd64/jre/lib/amd64/libzip.so
7fa1121dc000-7fa1121e8000 r-xp 00000000 08:01 8130412                    /lib/x86_64-linux-gnu/libnss_files-2.17.so
7fa1121e8000-7fa1123e7000 ---p 0000c000 08:01 8130412                    /lib/x86_64-linux-gnu/libnss_files-2.17.so
7fa1123e7000-7fa1123e8000 r--p 0000b000 08:01 8130412                    /lib/x86_64-linux-gnu/libnss_files-2.17.so
7fa1123e8000-7fa1123e9000 rw-p 0000c000 08:01 8130412                    /lib/x86_64-linux-gnu/libnss_files-2.17.so
7fa1123e9000-7fa1123f4000 r-xp 00000000 08:01 8130416                    /lib/x86_64-linux-gnu/libnss_nis-2.17.so
7fa1123f4000-7fa1125f3000 ---p 0000b000 08:01 8130416                    /lib/x86_64-linux-gnu/libnss_nis-2.17.so
7fa1125f3000-7fa1125f4000 r--p 0000a000 08:01 8130416                    /lib/x86_64-linux-gnu/libnss_nis-2.17.so
7fa1125f4000-7fa1125f5000 rw-p 0000b000 08:01 8130416                    /lib/x86_64-linux-gnu/libnss_nis-2.17.so
7fa1125f5000-7fa11260c000 r-xp 00000000 08:01 8130406                    /lib/x86_64-linux-gnu/libnsl-2.17.so
7fa11260c000-7fa11280b000 ---p 00017000 08:01 8130406                    /lib/x86_64-linux-gnu/libnsl-2.17.so
7fa11280b000-7fa11280c000 r--p 00016000 08:01 8130406                    /lib/x86_64-linux-gnu/libnsl-2.17.so
7fa11280c000-7fa11280d000 rw-p 00017000 08:01 8130406                    /lib/x86_64-linux-gnu/libnsl-2.17.so
7fa11280d000-7fa11280f000 rw-p 00000000 00:00 0 
7fa11280f000-7fa112817000 r-xp 00000000 08:01 8130408                    /lib/x86_64-linux-gnu/libnss_compat-2.17.so
7fa112817000-7fa112a16000 ---p 00008000 08:01 8130408                    /lib/x86_64-linux-gnu/libnss_compat-2.17.so
7fa112a16000-7fa112a17000 r--p 00007000 08:01 8130408                    /lib/x86_64-linux-gnu/libnss_compat-2.17.so
7fa112a17000-7fa112a18000 rw-p 00008000 08:01 8130408                    /lib/x86_64-linux-gnu/libnss_compat-2.17.so
7fa112a18000-7fa112a43000 r-xp 00000000 08:01 15860951                   /usr/lib/jvm/java-7-openjdk-amd64/jre/lib/amd64/libjava.so
7fa112a43000-7fa112c42000 ---p 0002b000 08:01 15860951                   /usr/lib/jvm/java-7-openjdk-amd64/jre/lib/amd64/libjava.so
7fa112c42000-7fa112c43000 r--p 0002a000 08:01 15860951                   /usr/lib/jvm/java-7-openjdk-amd64/jre/lib/amd64/libjava.so
7fa112c43000-7fa112c45000 rw-p 0002b000 08:01 15860951                   /usr/lib/jvm/java-7-openjdk-amd64/jre/lib/amd64/libjava.so
7fa112c45000-7fa112c55000 r-xp 00000000 08:01 15861265                   /usr/lib/jvm/java-7-openjdk-amd64/jre/lib/amd64/libverify.so
7fa112c55000-7fa112e54000 ---p 00010000 08:01 15861265                   /usr/lib/jvm/java-7-openjdk-amd64/jre/lib/amd64/libverify.so
7fa112e54000-7fa112e56000 r--p 0000f000 08:01 15861265                   /usr/lib/jvm/java-7-openjdk-amd64/jre/lib/amd64/libverify.so
7fa112e56000-7fa112e57000 rw-p 00011000 08:01 15861265                   /usr/lib/jvm/java-7-openjdk-amd64/jre/lib/amd64/libverify.so
7fa112e57000-7fa112e5e000 r-xp 00000000 08:01 8130459                    /lib/x86_64-linux-gnu/librt-2.17.so
7fa112e5e000-7fa11305d000 ---p 00007000 08:01 8130459                    /lib/x86_64-linux-gnu/librt-2.17.so
7fa11305d000-7fa11305e000 r--p 00006000 08:01 8130459                    /lib/x86_64-linux-gnu/librt-2.17.so
7fa11305e000-7fa11305f000 rw-p 00007000 08:01 8130459                    /lib/x86_64-linux-gnu/librt-2.17.so
7fa11305f000-7fa113062000 ---p 00000000 00:00 0 
7fa113062000-7fa113260000 rw-p 00000000 00:00 0                          [stack:22210]
7fa113260000-7fa113275000 r-xp 00000000 08:01 8126477                    /lib/x86_64-linux-gnu/libgcc_s.so.1
7fa113275000-7fa113474000 ---p 00015000 08:01 8126477                    /lib/x86_64-linux-gnu/libgcc_s.so.1
7fa113474000-7fa113475000 r--p 00014000 08:01 8126477                    /lib/x86_64-linux-gnu/libgcc_s.so.1
7fa113475000-7fa113476000 rw-p 00015000 08:01 8126477                    /lib/x86_64-linux-gnu/libgcc_s.so.1
7fa113476000-7fa113579000 r-xp 00000000 08:01 8130387                    /lib/x86_64-linux-gnu/libm-2.17.so
7fa113579000-7fa113778000 ---p 00103000 08:01 8130387                    /lib/x86_64-linux-gnu/libm-2.17.so
7fa113778000-7fa113779000 r--p 00102000 08:01 8130387                    /lib/x86_64-linux-gnu/libm-2.17.so
7fa113779000-7fa11377a000 rw-p 00103000 08:01 8130387                    /lib/x86_64-linux-gnu/libm-2.17.so
7fa11377a000-7fa113860000 r-xp 00000000 08:01 15729831                   /usr/lib/x86_64-linux-gnu/libstdc++.so.6.0.18
7fa113860000-7fa113a5f000 ---p 000e6000 08:01 15729831                   /usr/lib/x86_64-linux-gnu/libstdc++.so.6.0.18
7fa113a5f000-7fa113a67000 r--p 000e5000 08:01 15729831                   /usr/lib/x86_64-linux-gnu/libstdc++.so.6.0.18
7fa113a67000-7fa113a69000 rw-p 000ed000 08:01 15729831                   /usr/lib/x86_64-linux-gnu/libstdc++.so.6.0.18
7fa113a69000-7fa113a7e000 rw-p 00000000 00:00 0 
7fa113a7e000-7fa11455d000 r-xp 00000000 08:01 15861284                   /usr/lib/jvm/java-7-openjdk-amd64/jre/lib/amd64/server/libjvm.so
7fa11455d000-7fa11475c000 ---p 00adf000 08:01 15861284                   /usr/lib/jvm/java-7-openjdk-amd64/jre/lib/amd64/server/libjvm.so
7fa11475c000-7fa1147ee000 r--p 00ade000 08:01 15861284                   /usr/lib/jvm/java-7-openjdk-amd64/jre/lib/amd64/server/libjvm.so
7fa1147ee000-7fa114811000 rw-p 00b70000 08:01 15861284                   /usr/lib/jvm/java-7-openjdk-amd64/jre/lib/amd64/server/libjvm.so
7fa114811000-7fa11483e000 rw-p 00000000 00:00 0 
7fa11483e000-7fa114856000 r-xp 00000000 08:01 8130494                    /lib/x86_64-linux-gnu/libz.so.1.2.8
7fa114856000-7fa114a55000 ---p 00018000 08:01 8130494                    /lib/x86_64-linux-gnu/libz.so.1.2.8
7fa114a55000-7fa114a56000 r--p 00017000 08:01 8130494                    /lib/x86_64-linux-gnu/libz.so.1.2.8
7fa114a56000-7fa114a57000 rw-p 00018000 08:01 8130494                    /lib/x86_64-linux-gnu/libz.so.1.2.8
7fa114a57000-7fa114a6e000 r-xp 00000000 08:01 8130451                    /lib/x86_64-linux-gnu/libpthread-2.17.so
7fa114a6e000-7fa114c6e000 ---p 00017000 08:01 8130451                    /lib/x86_64-linux-gnu/libpthread-2.17.so
7fa114c6e000-7fa114c6f000 r--p 00017000 08:01 8130451                    /lib/x86_64-linux-gnu/libpthread-2.17.so
7fa114c6f000-7fa114c70000 rw-p 00018000 08:01 8130451                    /lib/x86_64-linux-gnu/libpthread-2.17.so
7fa114c70000-7fa114c74000 rw-p 00000000 00:00 0 
7fa114c74000-7fa114c77000 r-xp 00000000 08:01 8130351                    /lib/x86_64-linux-gnu/libdl-2.17.so
7fa114c77000-7fa114e76000 ---p 00003000 08:01 8130351                    /lib/x86_64-linux-gnu/libdl-2.17.so
7fa114e76000-7fa114e77000 r--p 00002000 08:01 8130351                    /lib/x86_64-linux-gnu/libdl-2.17.so
7fa114e77000-7fa114e78000 rw-p 00003000 08:01 8130351                    /lib/x86_64-linux-gnu/libdl-2.17.so
7fa114e78000-7fa115035000 r-xp 00000000 08:01 8130336                    /lib/x86_64-linux-gnu/libc-2.17.so
7fa115035000-7fa115235000 ---p 001bd000 08:01 8130336                    /lib/x86_64-linux-gnu/libc-2.17.so
7fa115235000-7fa115239000 r--p 001bd000 08:01 8130336                    /lib/x86_64-linux-gnu/libc-2.17.so
7fa115239000-7fa11523b000 rw-p 001c1000 08:01 8130336                    /lib/x86_64-linux-gnu/libc-2.17.so
7fa11523b000-7fa115240000 rw-p 00000000 00:00 0 
7fa115240000-7fa11524d000 r-xp 00000000 08:01 15861291                   /usr/lib/jvm/java-7-openjdk-amd64/jre/lib/amd64/jli/libjli.so
7fa11524d000-7fa11544c000 ---p 0000d000 08:01 15861291                   /usr/lib/jvm/java-7-openjdk-amd64/jre/lib/amd64/jli/libjli.so
7fa11544c000-7fa11544d000 r--p 0000c000 08:01 15861291                   /usr/lib/jvm/java-7-openjdk-amd64/jre/lib/amd64/jli/libjli.so
7fa11544d000-7fa11544e000 rw-p 0000d000 08:01 15861291                   /usr/lib/jvm/java-7-openjdk-amd64/jre/lib/amd64/jli/libjli.so
7fa11544e000-7fa115471000 r-xp 00000000 08:01 8130312                    /lib/x86_64-linux-gnu/ld-2.17.so
7fa115471000-7fa115476000 r--s 0004c000 08:01 15861296                   /usr/lib/jvm/java-7-openjdk-amd64/jre/lib/jsse.jar
7fa115476000-7fa1154a4000 rw-p 00000000 00:00 0 
7fa1154a4000-7fa1154ea000 rw-p 00000000 00:00 0 
7fa1154ea000-7fa1154fd000 rw-p 00000000 00:00 0 
7fa1154fd000-7fa115591000 rw-p 00000000 00:00 0 
7fa115591000-7fa11559b000 rw-p 00000000 00:00 0 
7fa11559b000-7fa115651000 rw-p 00000000 00:00 0 
7fa115651000-7fa115664000 rw-p 00000000 00:00 0 
7fa115664000-7fa11566c000 rw-s 00000000 08:01 5767366                    /tmp/hsperfdata_alex/22185
7fa11566c000-7fa11566d000 rw-p 00000000 00:00 0 
7fa11566d000-7fa11566e000 r--p 00000000 00:00 0 
7fa11566e000-7fa115670000 rw-p 00000000 00:00 0 
7fa115670000-7fa115671000 r--p 00022000 08:01 8130312                    /lib/x86_64-linux-gnu/ld-2.17.so
7fa115671000-7fa115673000 rw-p 00023000 08:01 8130312                    /lib/x86_64-linux-gnu/ld-2.17.so
7fff90ce7000-7fff90d08000 rw-p 00000000 00:00 0                          [stack]
7fff90d5b000-7fff90d5d000 r-xp 00000000 00:00 0                          [vdso]
ffffffffff600000-ffffffffff601000 r-xp 00000000 00:00 0                  [vsyscall]

VM Arguments:
jvm_args: -Djdk.home= -Djruby.home=/home/alex/.rbenv/versions/jruby-1.7.10 -Djruby.script=jruby -Djruby.shell=/bin/sh -Djffi.boot.library.path=/home/alex/.rbenv/versions/jruby-1.7.10/lib/jni:/home/alex/.rbenv/versions/jruby-1.7.10/lib/jni/i386-Linux:/home/alex/.rbenv/versions/jruby-1.7.10/lib/jni/arm-Linux:/home/alex/.rbenv/versions/jruby-1.7.10/lib/jni/x86_64-Linux -Xmx500m -Xss2048k -Xbootclasspath/a:/home/alex/.rbenv/versions/jruby-1.7.10/lib/jruby.jar 
java_command: org/jruby/Main Makefile.rb clean compile test clean
Launcher Type: SUN_STANDARD

Environment Variables:
PATH=/home/alex/.rbenv/versions/jruby-1.7.10/bin:/home/alex/.rbenv/libexec:/home/alex/.rbenv/plugins/ruby-build/bin:/home/alex/.rbenv/shims:~/.rbenv/bin:~/.rbenv/bin:/usr/local/sbin:/usr/local/bin:/usr/sbin:/usr/bin:/sbin:/bin:/usr/games:/usr/local/games
USERNAME=alex
SHELL=/bin/bash
DISPLAY=:0

Signal Handlers:
SIGSEGV: [libjvm.so+0x916ea0], sa_mask[0]=0x7ffbfeff, sa_flags=0x10000004
SIGBUS: [libjvm.so+0x916ea0], sa_mask[0]=0x7ffbfeff, sa_flags=0x10000004
SIGFPE: [libjvm.so+0x794800], sa_mask[0]=0x7ffbfeff, sa_flags=0x10000004
SIGPIPE: [libjvm.so+0x794800], sa_mask[0]=0x7ffbfeff, sa_flags=0x10000004
SIGXFSZ: [libjvm.so+0x794800], sa_mask[0]=0x7ffbfeff, sa_flags=0x10000004
SIGILL: [libjvm.so+0x794800], sa_mask[0]=0x7ffbfeff, sa_flags=0x10000004
SIGUSR1: SIG_DFL, sa_mask[0]=0x00000000, sa_flags=0x00000000
SIGUSR2: [libjvm.so+0x7946a0], sa_mask[0]=0x00000000, sa_flags=0x10000004
SIGHUP: [libjvm.so+0x794880], sa_mask[0]=0x7ffbfeff, sa_flags=0x10000004
SIGINT: [libjvm.so+0x794880], sa_mask[0]=0x7ffbfeff, sa_flags=0x10000004
SIGTERM: [libjvm.so+0x794880], sa_mask[0]=0x7ffbfeff, sa_flags=0x10000004
SIGQUIT: [libjvm.so+0x794880], sa_mask[0]=0x7ffbfeff, sa_flags=0x10000004


---------------  S Y S T E M  ---------------

OS:LinuxMint 16 (petra)
uname:Linux 3.11.0-12-generic #19-Ubuntu SMP Wed Oct 9 16:20:46 UTC 2013 x86_64
libc:glibc 2.17 NPTL 2.17 
rlimit: STACK 8192k, CORE 0k, NPROC 28798, NOFILE 4096, AS infinity
load average:0,72 0,69 0,58

/proc/meminfo:
MemTotal:        3715476 kB
MemFree:         1442844 kB
Buffers:           80652 kB
Cached:          1152560 kB
SwapCached:           28 kB
Active:          1299416 kB
Inactive:         783520 kB
Active(anon):     739700 kB
Inactive(anon):   333344 kB
Active(file):     559716 kB
Inactive(file):   450176 kB
Unevictable:          44 kB
Mlocked:              44 kB
SwapTotal:       3856380 kB
SwapFree:        3855740 kB
Dirty:               388 kB
Writeback:             0 kB
AnonPages:        849872 kB
Mapped:           188088 kB
Shmem:            223316 kB
Slab:             111524 kB
SReclaimable:      83592 kB
SUnreclaim:        27932 kB
KernelStack:        3744 kB
PageTables:        27256 kB
NFS_Unstable:          0 kB
Bounce:                0 kB
WritebackTmp:          0 kB
CommitLimit:     5714116 kB
Committed_AS:    3462032 kB
VmallocTotal:   34359738367 kB
VmallocUsed:      414940 kB
VmallocChunk:   34359311484 kB
HardwareCorrupted:     0 kB
AnonHugePages:         0 kB
HugePages_Total:       0
HugePages_Free:        0
HugePages_Rsvd:        0
HugePages_Surp:        0
Hugepagesize:       2048 kB
DirectMap4k:       56528 kB
DirectMap2M:     3801088 kB


CPU:total 4 (2 cores per cpu, 2 threads per core) family 6 model 37 stepping 5, cmov, cx8, fxsr, mmx, sse, sse2, sse3, ssse3, sse4.1, sse4.2, popcnt, ht, tsc, tscinvbit

/proc/cpuinfo:
processor	: 0
vendor_id	: GenuineIntel
cpu family	: 6
model		: 37
model name	: Intel(R) Core(TM) i3 CPU       M 380  @ 2.53GHz
stepping	: 5
microcode	: 0x2
cpu MHz		: 933.000
cache size	: 3072 KB
physical id	: 0
siblings	: 4
core id		: 0
cpu cores	: 2
apicid		: 0
initial apicid	: 0
fpu		: yes
fpu_exception	: yes
cpuid level	: 11
wp		: yes
flags		: fpu vme de pse tsc msr pae mce cx8 apic sep mtrr pge mca cmov pat pse36 clflush dts acpi mmx fxsr sse sse2 ss ht tm pbe syscall nx rdtscp lm constant_tsc arch_perfmon pebs bts rep_good nopl xtopology nonstop_tsc aperfmperf pni dtes64 monitor ds_cpl vmx est tm2 ssse3 cx16 xtpr pdcm pcid sse4_1 sse4_2 popcnt lahf_lm arat dtherm tpr_shadow vnmi flexpriority ept vpid
bogomips	: 5054.41
clflush size	: 64
cache_alignment	: 64
address sizes	: 36 bits physical, 48 bits virtual
power management:

processor	: 1
vendor_id	: GenuineIntel
cpu family	: 6
model		: 37
model name	: Intel(R) Core(TM) i3 CPU       M 380  @ 2.53GHz
stepping	: 5
microcode	: 0x2
cpu MHz		: 933.000
cache size	: 3072 KB
physical id	: 0
siblings	: 4
core id		: 0
cpu cores	: 2
apicid		: 1
initial apicid	: 1
fpu		: yes
fpu_exception	: yes
cpuid level	: 11
wp		: yes
flags		: fpu vme de pse tsc msr pae mce cx8 apic sep mtrr pge mca cmov pat pse36 clflush dts acpi mmx fxsr sse sse2 ss ht tm pbe syscall nx rdtscp lm constant_tsc arch_perfmon pebs bts rep_good nopl xtopology nonstop_tsc aperfmperf pni dtes64 monitor ds_cpl vmx est tm2 ssse3 cx16 xtpr pdcm pcid sse4_1 sse4_2 popcnt lahf_lm arat dtherm tpr_shadow vnmi flexpriority ept vpid
bogomips	: 5054.41
clflush size	: 64
cache_alignment	: 64
address sizes	: 36 bits physical, 48 bits virtual
power management:

processor	: 2
vendor_id	: GenuineIntel
cpu family	: 6
model		: 37
model name	: Intel(R) Core(TM) i3 CPU       M 380  @ 2.53GHz
stepping	: 5
microcode	: 0x2
cpu MHz		: 933.000
cache size	: 3072 KB
physical id	: 0
siblings	: 4
core id		: 2
cpu cores	: 2
apicid		: 4
initial apicid	: 4
fpu		: yes
fpu_exception	: yes
cpuid level	: 11
wp		: yes
flags		: fpu vme de pse tsc msr pae mce cx8 apic sep mtrr pge mca cmov pat pse36 clflush dts acpi mmx fxsr sse sse2 ss ht tm pbe syscall nx rdtscp lm constant_tsc arch_perfmon pebs bts rep_good nopl xtopology nonstop_tsc aperfmperf pni dtes64 monitor ds_cpl vmx est tm2 ssse3 cx16 xtpr pdcm pcid sse4_1 sse4_2 popcnt lahf_lm arat dtherm tpr_shadow vnmi flexpriority ept vpid
bogomips	: 5054.41
clflush size	: 64
cache_alignment	: 64
address sizes	: 36 bits physical, 48 bits virtual
power management:

processor	: 3
vendor_id	: GenuineIntel
cpu family	: 6
model		: 37
model name	: Intel(R) Core(TM) i3 CPU       M 380  @ 2.53GHz
stepping	: 5
microcode	: 0x2
cpu MHz		: 933.000
cache size	: 3072 KB
physical id	: 0
siblings	: 4
core id		: 2
cpu cores	: 2
apicid		: 5
initial apicid	: 5
fpu		: yes
fpu_exception	: yes
cpuid level	: 11
wp		: yes
flags		: fpu vme de pse tsc msr pae mce cx8 apic sep mtrr pge mca cmov pat pse36 clflush dts acpi mmx fxsr sse sse2 ss ht tm pbe syscall nx rdtscp lm constant_tsc arch_perfmon pebs bts rep_good nopl xtopology nonstop_tsc aperfmperf pni dtes64 monitor ds_cpl vmx est tm2 ssse3 cx16 xtpr pdcm pcid sse4_1 sse4_2 popcnt lahf_lm arat dtherm tpr_shadow vnmi flexpriority ept vpid
bogomips	: 5054.41
clflush size	: 64
cache_alignment	: 64
address sizes	: 36 bits physical, 48 bits virtual
power management:



Memory: 4k page, physical 3715476k(1442844k free), swap 3856380k(3855740k free)

vm_info: OpenJDK 64-Bit Server VM (24.45-b08) for linux-amd64 JRE (1.7.0_51-b00), built on Jan 15 2014 22:02:57 by "buildd" with gcc 4.8.1

time: Mon Apr 21 21:41:04 2014
elapsed time: 10 seconds

