#
# A fatal error has been detected by the Java Runtime Environment:
#
#  SIGSEGV (0xb) at pc=0x00007f6fe0b78d8f, pid=27752, tid=140118804510464
#
# JRE version: OpenJDK Runtime Environment (7.0_51) (build 1.7.0_51-b00)
# Java VM: OpenJDK 64-Bit Server VM (24.45-b08 mixed mode linux-amd64 compressed oops)
# Problematic frame:
# C  [libintersection.so+0xd8f]  find_intersections+0x1da
#
# Failed to write core dump. Core dumps have been disabled. To enable core dumping, try "ulimit -c unlimited" before starting Java again
#
# If you would like to submit a bug report, please include
# instructions on how to reproduce the bug and visit:
#   http://icedtea.classpath.org/bugzilla
# The crash happened outside the Java Virtual Machine in native code.
# See problematic frame for where to report the bug.
#

---------------  T H R E A D  ---------------

Current thread (0x00007f6fec00a800):  JavaThread "main" [_thread_in_native, id=27777, stack(0x00007f6ff371b000,0x00007f6ff391c000)]

siginfo:si_signo=SIGSEGV: si_errno=0, si_code=1 (SEGV_MAPERR), si_addr=0xffffffffec13be60

Registers:
RAX=0xffffffffec13be40, RBX=0x00000000d79ae078, RCX=0x20736f6e656d6554, RDX=0x0000000000000000
RSP=0x00007f6ff3919040, RBP=0x00007f6ff3919080, RSI=0x0000000000000000, RDI=0x00007f6ff3918b10
R8 =0x7369757165206c61, R9 =0x0000000000000020, R10=0x00007f6ff3918de0, R11=0x00007f6ff5587f60
R12=0x0000000000000000, R13=0x00000000d79ae078, R14=0x00007f6ff3919168, R15=0x00007f6fec00a800
RIP=0x00007f6fe0b78d8f, EFLAGS=0x0000000000010202, CSGSFS=0x0000000000000033, ERR=0x0000000000000005
  TRAPNO=0x000000000000000e

Top of Stack: (sp=0x00007f6ff3919040)
0x00007f6ff3919040:   4000000000000000 00007f6fec13bb50
0x00007f6ff3919050:   ffffffffec13be40 00007f6fec13bc70
0x00007f6ff3919060:   00007f6fec13be70 00007f6fec13bed0
0x00007f6ff3919070:   00007f6ff3919070 00000000d69ffdfd
0x00007f6ff3919080:   00007f6fec468790 00007f6fe1d92cd9
0x00007f6ff3919090:   00000000d7d33a50 00000000d79ae078
0x00007f6ff39190a0:   00007f6ff3919120 00007f6fe9012738
0x00007f6ff39190b0:   00007f6ff3919110 00007f6fe9006233
0x00007f6ff39190c0:   00000000f6b4c248 00000000f6b7af18
0x00007f6ff39190d0:   00007f6ff39190d0 00000000d69ff00f
0x00007f6ff39190e0:   00007f6ff39190e0 0000000000000000
0x00007f6ff39190f0:   00007f6ff3919168 00000000d79b65a0
0x00007f6ff3919100:   0000000000000000 00000000d79ae078
0x00007f6ff3919110:   0000000000000000 00007f6ff3919140
0x00007f6ff3919120:   00007f6ff39191b0 00007f6fe9006175
0x00007f6ff3919130:   00000000e11678a0 00007f6fe900ecd7
0x00007f6ff3919140:   00007f6fec13bb50 00007f6fe910302c
0x00007f6ff3919150:   00007f6fe0b78bb5 00000000f6a6d1d8
0x00007f6ff3919160:   00007f6fec468790 00000000d69fba80
0x00007f6ff3919170:   00007f6ff3919170 00000000d7aaaedf
0x00007f6ff3919180:   00007f6ff39191e8 00000000d7ab7138
0x00007f6ff3919190:   00000000d7edf150 00000000d7aaaf20
0x00007f6ff39191a0:   00007f6ff3919140 00007f6ff39191c0
0x00007f6ff39191b0:   00007f6ff3919238 00007f6fe9006175
0x00007f6ff39191c0:   00007f6fec13bb50 00000000f7682148
0x00007f6ff39191d0:   00007f6fe0b78bb5 0000000000000000
0x00007f6ff39191e0:   00000000f7ab2450 00000000e116a1f8
0x00007f6ff39191f0:   00000000f7aa3738 00007f6ff39191f8
0x00007f6ff3919200:   00000000d7ede784 00007f6ff3919280
0x00007f6ff3919210:   00000000d7edebe0 0000000000000000
0x00007f6ff3919220:   00000000d7ede7a8 00007f6ff39191c0
0x00007f6ff3919230:   00007f6ff3919258 00007f6ff39192c8 

Instructions: (pc=0x00007f6fe0b78d8f)
0x00007f6fe0b78d6f:   e8 ec fc ff ff 48 98 48 89 45 d0 48 8d 3d 3d 02
0x00007f6fe0b78d7f:   00 00 b8 00 00 00 00 e8 65 fc ff ff 48 8b 45 d0
0x00007f6fe0b78d8f:   48 8b 40 20 48 8b 50 08 48 8b 45 d0 48 8b 40 20
0x00007f6fe0b78d9f:   48 8b 00 48 89 55 c0 f2 0f 10 4d c0 48 89 45 c0 

Register to memory mapping:

RAX=0xffffffffec13be40 is an unknown value
RBX=0x00000000d79ae078 is an oop
{method} 
 - klass: {other class}
RCX=0x20736f6e656d6554 is an unknown value
RDX=0x0000000000000000 is an unknown value
RSP=0x00007f6ff3919040 is pointing into the stack for thread: 0x00007f6fec00a800
RBP=0x00007f6ff3919080 is pointing into the stack for thread: 0x00007f6fec00a800
RSI=0x0000000000000000 is an unknown value
RDI=0x00007f6ff3918b10 is pointing into the stack for thread: 0x00007f6fec00a800
R8 =0x7369757165206c61 is an unknown value
R9 =0x0000000000000020 is an unknown value
R10=0x00007f6ff3918de0 is pointing into the stack for thread: 0x00007f6fec00a800
R11=0x00007f6ff5587f60: _IO_printf+0 in /lib/x86_64-linux-gnu/libc.so.6 at 0x00007f6ff5534000
R12=0x0000000000000000 is an unknown value
R13=0x00000000d79ae078 is an oop
{method} 
 - klass: {other class}
R14=0x00007f6ff3919168 is pointing into the stack for thread: 0x00007f6fec00a800
R15=0x00007f6fec00a800 is a thread


Stack: [0x00007f6ff371b000,0x00007f6ff391c000],  sp=0x00007f6ff3919040,  free space=2040k
Native frames: (J=compiled Java code, j=interpreted, Vv=VM code, C=native code)
C  [libintersection.so+0xd8f]  find_intersections+0x1da

Java frames: (J=compiled Java code, j=interpreted, Vv=VM code)
j  com.kenai.jffi.Foreign.invokeL1(JJJ)J+0
j  com.kenai.jffi.Invoker.invokeL1(Lcom/kenai/jffi/CallContext;JJ)J+7
j  org.jruby.ext.ffi.jffi.NativeInvoker$ffi$6.call(Lorg/jruby/runtime/ThreadContext;Lorg/jruby/runtime/builtin/IRubyObject;Lorg/jruby/RubyModule;Ljava/lang/String;Lorg/jruby/runtime/builtin/IRubyObject;)Lorg/jruby/runtime/builtin/IRubyObject;+76
j  org.jruby.runtime.callsite.CachingCallSite.cacheAndCall(Lorg/jruby/runtime/builtin/IRubyObject;Lorg/jruby/RubyClass;Lorg/jruby/runtime/ThreadContext;Lorg/jruby/runtime/builtin/IRubyObject;Lorg/jruby/runtime/builtin/IRubyObject;)Lorg/jruby/runtime/builtin/IRubyObject;+57
J  org.jruby.runtime.callsite.CachingCallSite.call(Lorg/jruby/runtime/ThreadContext;Lorg/jruby/runtime/builtin/IRubyObject;Lorg/jruby/runtime/builtin/IRubyObject;Lorg/jruby/runtime/builtin/IRubyObject;)Lorg/jruby/runtime/builtin/IRubyObject;
J  org.jruby.ast.CallOneArgNode.interpret(Lorg/jruby/Ruby;Lorg/jruby/runtime/ThreadContext;Lorg/jruby/runtime/builtin/IRubyObject;Lorg/jruby/runtime/Block;)Lorg/jruby/runtime/builtin/IRubyObject;
j  org.jruby.ast.LocalAsgnNode.interpret(Lorg/jruby/Ruby;Lorg/jruby/runtime/ThreadContext;Lorg/jruby/runtime/builtin/IRubyObject;Lorg/jruby/runtime/Block;)Lorg/jruby/runtime/builtin/IRubyObject;+30
J  org.jruby.ast.BlockNode.interpret(Lorg/jruby/Ruby;Lorg/jruby/runtime/ThreadContext;Lorg/jruby/runtime/builtin/IRubyObject;Lorg/jruby/runtime/Block;)Lorg/jruby/runtime/builtin/IRubyObject;
j  org.jruby.evaluator.ASTInterpreter.INTERPRET_METHOD(Lorg/jruby/Ruby;Lorg/jruby/runtime/ThreadContext;Ljava/lang/String;ILorg/jruby/RubyModule;Lorg/jruby/ast/Node;Ljava/lang/String;Lorg/jruby/runtime/builtin/IRubyObject;Lorg/jruby/runtime/Block;Z)Lorg/jruby/runtime/builtin/IRubyObject;+30
j  org.jruby.internal.runtime.methods.InterpretedMethod.call(Lorg/jruby/runtime/ThreadContext;Lorg/jruby/runtime/builtin/IRubyObject;Lorg/jruby/RubyModule;Ljava/lang/String;)Lorg/jruby/runtime/builtin/IRubyObject;+80
j  org.jruby.internal.runtime.methods.DefaultMethod.call(Lorg/jruby/runtime/ThreadContext;Lorg/jruby/runtime/builtin/IRubyObject;Lorg/jruby/RubyModule;Ljava/lang/String;)Lorg/jruby/runtime/builtin/IRubyObject;+20
J  org.jruby.ast.CallNoArgNode.interpret(Lorg/jruby/Ruby;Lorg/jruby/runtime/ThreadContext;Lorg/jruby/runtime/builtin/IRubyObject;Lorg/jruby/runtime/Block;)Lorg/jruby/runtime/builtin/IRubyObject;
j  org.jruby.ast.FCallTwoArgNode.interpret(Lorg/jruby/Ruby;Lorg/jruby/runtime/ThreadContext;Lorg/jruby/runtime/builtin/IRubyObject;Lorg/jruby/runtime/Block;)Lorg/jruby/runtime/builtin/IRubyObject;+28
J  org.jruby.ast.BlockNode.interpret(Lorg/jruby/Ruby;Lorg/jruby/runtime/ThreadContext;Lorg/jruby/runtime/builtin/IRubyObject;Lorg/jruby/runtime/Block;)Lorg/jruby/runtime/builtin/IRubyObject;
j  org.jruby.evaluator.ASTInterpreter.INTERPRET_METHOD(Lorg/jruby/Ruby;Lorg/jruby/runtime/ThreadContext;Ljava/lang/String;ILorg/jruby/RubyModule;Lorg/jruby/ast/Node;Ljava/lang/String;Lorg/jruby/runtime/builtin/IRubyObject;Lorg/jruby/runtime/Block;Z)Lorg/jruby/runtime/builtin/IRubyObject;+30
j  org.jruby.internal.runtime.methods.InterpretedMethod.call(Lorg/jruby/runtime/ThreadContext;Lorg/jruby/runtime/builtin/IRubyObject;Lorg/jruby/RubyModule;Ljava/lang/String;)Lorg/jruby/runtime/builtin/IRubyObject;+80
j  org.jruby.internal.runtime.methods.DefaultMethod.call(Lorg/jruby/runtime/ThreadContext;Lorg/jruby/runtime/builtin/IRubyObject;Lorg/jruby/RubyModule;Ljava/lang/String;)Lorg/jruby/runtime/builtin/IRubyObject;+20
j  org.jruby.runtime.callsite.CachingCallSite.cacheAndCall(Lorg/jruby/runtime/builtin/IRubyObject;Lorg/jruby/RubyClass;Lorg/jruby/runtime/ThreadContext;Lorg/jruby/runtime/builtin/IRubyObject;)Lorg/jruby/runtime/builtin/IRubyObject;+53
j  org.jruby.runtime.callsite.CachingCallSite.call(Lorg/jruby/runtime/ThreadContext;Lorg/jruby/runtime/builtin/IRubyObject;Lorg/jruby/runtime/builtin/IRubyObject;)Lorg/jruby/runtime/builtin/IRubyObject;+46
j  Makefile.method__3$RUBY$test(LMakefile;Lorg/jruby/runtime/ThreadContext;Lorg/jruby/runtime/builtin/IRubyObject;Lorg/jruby/runtime/Block;)Lorg/jruby/runtime/builtin/IRubyObject;+130
j  Makefile$method__3$RUBY$test.call(Lorg/jruby/runtime/ThreadContext;Lorg/jruby/runtime/builtin/IRubyObject;Lorg/jruby/RubyModule;Ljava/lang/String;Lorg/jruby/runtime/Block;)Lorg/jruby/runtime/builtin/IRubyObject;+17
j  org.jruby.RubyClass.finvoke(Lorg/jruby/runtime/ThreadContext;Lorg/jruby/runtime/builtin/IRubyObject;Ljava/lang/String;Lorg/jruby/runtime/Block;)Lorg/jruby/runtime/builtin/IRubyObject;+41
j  org.jruby.RubyBasicObject.send19(Lorg/jruby/runtime/ThreadContext;Lorg/jruby/runtime/builtin/IRubyObject;Lorg/jruby/runtime/Block;)Lorg/jruby/runtime/builtin/IRubyObject;+15
j  org.jruby.RubyKernel.send19(Lorg/jruby/runtime/ThreadContext;Lorg/jruby/runtime/builtin/IRubyObject;Lorg/jruby/runtime/builtin/IRubyObject;Lorg/jruby/runtime/Block;)Lorg/jruby/runtime/builtin/IRubyObject;+7
j  org.jruby.RubyKernel$INVOKER$s$send19.call(Lorg/jruby/runtime/ThreadContext;Lorg/jruby/runtime/builtin/IRubyObject;Lorg/jruby/RubyModule;Ljava/lang/String;Lorg/jruby/runtime/builtin/IRubyObject;Lorg/jruby/runtime/Block;)Lorg/jruby/runtime/builtin/IRubyObject;+6
j  org.jruby.internal.runtime.methods.JavaMethod$JavaMethodOneOrNBlock.call(Lorg/jruby/runtime/ThreadContext;Lorg/jruby/runtime/builtin/IRubyObject;Lorg/jruby/RubyModule;Ljava/lang/String;Lorg/jruby/runtime/builtin/IRubyObject;)Lorg/jruby/runtime/builtin/IRubyObject;+11
j  org.jruby.runtime.callsite.CachingCallSite.call(Lorg/jruby/runtime/ThreadContext;Lorg/jruby/runtime/builtin/IRubyObject;Lorg/jruby/runtime/builtin/IRubyObject;Lorg/jruby/runtime/builtin/IRubyObject;)Lorg/jruby/runtime/builtin/IRubyObject;+38
j  Makefile.block_7$RUBY$__file__(LMakefile;Lorg/jruby/runtime/ThreadContext;Lorg/jruby/runtime/builtin/IRubyObject;[Lorg/jruby/runtime/builtin/IRubyObject;Lorg/jruby/runtime/Block;)Lorg/jruby/runtime/builtin/IRubyObject;+46
j  Makefile$block_7$RUBY$__file__.call(Lorg/jruby/runtime/ThreadContext;Lorg/jruby/runtime/builtin/IRubyObject;[Lorg/jruby/runtime/builtin/IRubyObject;Lorg/jruby/runtime/Block;)Lorg/jruby/runtime/builtin/IRubyObject;+9
j  org.jruby.runtime.CompiledBlock19.yield(Lorg/jruby/runtime/ThreadContext;Lorg/jruby/runtime/builtin/IRubyObject;Lorg/jruby/runtime/Binding;Lorg/jruby/runtime/Block$Type;)Lorg/jruby/runtime/builtin/IRubyObject;+52
j  org.jruby.runtime.Block.yield(Lorg/jruby/runtime/ThreadContext;Lorg/jruby/runtime/builtin/IRubyObject;)Lorg/jruby/runtime/builtin/IRubyObject;+14
j  org.jruby.RubyArray.eachCommon(Lorg/jruby/runtime/ThreadContext;Lorg/jruby/runtime/Block;)Lorg/jruby/runtime/builtin/IRubyObject;+41
j  org.jruby.RubyArray.each(Lorg/jruby/runtime/ThreadContext;Lorg/jruby/runtime/Block;)Lorg/jruby/runtime/builtin/IRubyObject;+10
j  org.jruby.RubyArray$INVOKER$i$0$0$each.call(Lorg/jruby/runtime/ThreadContext;Lorg/jruby/runtime/builtin/IRubyObject;Lorg/jruby/RubyModule;Ljava/lang/String;Lorg/jruby/runtime/Block;)Lorg/jruby/runtime/builtin/IRubyObject;+7
j  org.jruby.runtime.callsite.CachingCallSite.cacheAndCall(Lorg/jruby/runtime/builtin/IRubyObject;Lorg/jruby/RubyClass;Lorg/jruby/runtime/Block;Lorg/jruby/runtime/ThreadContext;Lorg/jruby/runtime/builtin/IRubyObject;)Lorg/jruby/runtime/builtin/IRubyObject;+57
j  org.jruby.runtime.callsite.CachingCallSite.callBlock(Lorg/jruby/runtime/ThreadContext;Lorg/jruby/runtime/builtin/IRubyObject;Lorg/jruby/runtime/builtin/IRubyObject;Lorg/jruby/runtime/Block;)Lorg/jruby/runtime/builtin/IRubyObject;+50
j  org.jruby.runtime.callsite.CachingCallSite.callIter(Lorg/jruby/runtime/ThreadContext;Lorg/jruby/runtime/builtin/IRubyObject;Lorg/jruby/runtime/builtin/IRubyObject;Lorg/jruby/runtime/Block;)Lorg/jruby/runtime/builtin/IRubyObject;+6
j  Makefile.__file__(LMakefile;Lorg/jruby/runtime/ThreadContext;Lorg/jruby/runtime/builtin/IRubyObject;[Lorg/jruby/runtime/builtin/IRubyObject;Lorg/jruby/runtime/Block;)Lorg/jruby/runtime/builtin/IRubyObject;+938
j  Makefile.load(Lorg/jruby/runtime/ThreadContext;Lorg/jruby/runtime/builtin/IRubyObject;Z)Lorg/jruby/runtime/builtin/IRubyObject;+22
j  org.jruby.Ruby.runScript(Lorg/jruby/ast/executable/Script;Z)Lorg/jruby/runtime/builtin/IRubyObject;+12
j  org.jruby.Ruby.runScript(Lorg/jruby/ast/executable/Script;)Lorg/jruby/runtime/builtin/IRubyObject;+3
j  org.jruby.Ruby.runNormally(Lorg/jruby/ast/Node;)Lorg/jruby/runtime/builtin/IRubyObject;+73
j  org.jruby.Ruby.runFromMain(Ljava/io/InputStream;Ljava/lang/String;)V+320
j  org.jruby.Main.doRunFromMain(Lorg/jruby/Ruby;Ljava/io/InputStream;Ljava/lang/String;)Lorg/jruby/Main$Status;+12
j  org.jruby.Main.internalRun()Lorg/jruby/Main$Status;+234
j  org.jruby.Main.run([Ljava/lang/String;)Lorg/jruby/Main$Status;+9
j  org.jruby.Main.main([Ljava/lang/String;)V+35
v  ~StubRoutines::call_stub

---------------  P R O C E S S  ---------------

Java Threads: ( => current thread )
  0x00007f6fec3b2800 JavaThread "JRubyJIT-2" daemon [_thread_blocked, id=27913, stack(0x00007f6fe1587000,0x00007f6fe1788000)]
  0x00007f6fec328000 JavaThread "process reaper" daemon [_thread_blocked, id=27792, stack(0x00007f6fe8030000,0x00007f6fe8069000)]
  0x00007f6fec470000 JavaThread "JRubyJIT-1" daemon [_thread_blocked, id=27790, stack(0x00007f6fe1b8a000,0x00007f6fe1d8b000)]
  0x00007f6fec0ae000 JavaThread "Service Thread" daemon [_thread_blocked, id=27788, stack(0x00007f6fe3803000,0x00007f6fe3a04000)]
  0x00007f6fec0ab800 JavaThread "C2 CompilerThread1" daemon [_thread_in_native, id=27787, stack(0x00007f6fe3a04000,0x00007f6fe3b05000)]
  0x00007f6fec0a8800 JavaThread "C2 CompilerThread0" daemon [_thread_in_native, id=27786, stack(0x00007f6fe3b05000,0x00007f6fe3c06000)]
  0x00007f6fec0a6800 JavaThread "Signal Dispatcher" daemon [_thread_blocked, id=27785, stack(0x00007f6fe8070000,0x00007f6fe8271000)]
  0x00007f6fec082800 JavaThread "Finalizer" daemon [_thread_blocked, id=27784, stack(0x00007f6fe8271000,0x00007f6fe8472000)]
  0x00007f6fec080800 JavaThread "Reference Handler" daemon [_thread_blocked, id=27783, stack(0x00007f6fe8472000,0x00007f6fe8673000)]
=>0x00007f6fec00a800 JavaThread "main" [_thread_in_native, id=27777, stack(0x00007f6ff371b000,0x00007f6ff391c000)]

Other Threads:
  0x00007f6fec07c800 VMThread [stack: 0x00007f6fe8673000,0x00007f6fe8774000] [id=27782]
  0x00007f6fec0b8800 WatcherThread [stack: 0x00007f6fe3702000,0x00007f6fe3803000] [id=27789]

VM state:not at safepoint (normal execution)

VM Mutex/Monitor currently owned by a thread: None

Heap
 PSYoungGen      total 32768K, used 32541K [0x00000000f5900000, 0x00000000f7b00000, 0x0000000100000000)
  eden space 30720K, 99% used [0x00000000f5900000,0x00000000f76c9ed8,0x00000000f7700000)
  from space 2048K, 99% used [0x00000000f7900000,0x00000000f7afd528,0x00000000f7b00000)
  to   space 2048K, 0% used [0x00000000f7700000,0x00000000f7700000,0x00000000f7900000)
 ParOldGen       total 38400K, used 5856K [0x00000000e0c00000, 0x00000000e3180000, 0x00000000f5900000)
  object space 38400K, 15% used [0x00000000e0c00000,0x00000000e11b83a8,0x00000000e3180000)
 PSPermGen       total 25600K, used 25475K [0x00000000d6600000, 0x00000000d7f00000, 0x00000000e0c00000)
  object space 25600K, 99% used [0x00000000d6600000,0x00000000d7ee0cd8,0x00000000d7f00000)

Card table byte_map: [0x00007f6ff2541000,0x00007f6ff268f000] byte_map_base: 0x00007f6ff1e8e000

Polling page: 0x00007f6ff5d29000

Code Cache  [0x00007f6fe9000000, 0x00007f6fe9270000, 0x00007f6fec000000)
 total_blobs=955 nmethods=476 adapters=433 free_code_cache=47614Kb largest_free_block=48726848

Compilation events (10 events):
Event: 10,442 Thread 0x00007f6fec0a8800 nmethod 508 0x00007f6fe917f310 code [0x00007f6fe917f460, 0x00007f6fe917f558]
Event: 10,442 Thread 0x00007f6fec0a8800  509             org.jruby.ext.ffi.Pointer::<init> (11 bytes)
Event: 10,447 Thread 0x00007f6fec0a8800 nmethod 509 0x00007f6fe91842d0 code [0x00007f6fe9184420, 0x00007f6fe9184518]
Event: 10,447 Thread 0x00007f6fec0a8800  510             org.jruby.ext.ffi.Pointer::getPointerClass (8 bytes)
Event: 10,449 Thread 0x00007f6fec0a8800 nmethod 510 0x00007f6fe9184790 code [0x00007f6fe91848c0, 0x00007f6fe9184938]
Event: 10,449 Thread 0x00007f6fec0a8800  511             org.jruby.RubyClass::getVariableTableManager (5 bytes)
Event: 10,449 Thread 0x00007f6fec0a8800 nmethod 511 0x00007f6fe91849d0 code [0x00007f6fe9184b00, 0x00007f6fe9184b58]
Event: 10,449 Thread 0x00007f6fec0a8800  512             org.jruby.RubyArray::append (113 bytes)
Event: 10,462 Thread 0x00007f6fec0ab800 nmethod 504 0x00007f6fe917fb90 code [0x00007f6fe917fd80, 0x00007f6fe9180aa8]
Event: 10,462 Thread 0x00007f6fec0ab800  513             org.jruby.runtime.callsite.CachingCallSite::callBlock (58 bytes)

GC Heap History (4 events):
Event: 3,264 GC heap before
{Heap before GC invocations=1 (full 0):
 PSYoungGen      total 17408K, used 15360K [0x00000000f5900000, 0x00000000f6c00000, 0x0000000100000000)
  eden space 15360K, 100% used [0x00000000f5900000,0x00000000f6800000,0x00000000f6800000)
  from space 2048K, 0% used [0x00000000f6a00000,0x00000000f6a00000,0x00000000f6c00000)
  to   space 2048K, 0% used [0x00000000f6800000,0x00000000f6800000,0x00000000f6a00000)
 ParOldGen       total 38400K, used 0K [0x00000000e0c00000, 0x00000000e3180000, 0x00000000f5900000)
  object space 38400K, 0% used [0x00000000e0c00000,0x00000000e0c00000,0x00000000e3180000)
 PSPermGen       total 21504K, used 18949K [0x00000000d6600000, 0x00000000d7b00000, 0x00000000e0c00000)
  object space 21504K, 88% used [0x00000000d6600000,0x00000000d7881770,0x00000000d7b00000)
Event: 3,312 GC heap after
Heap after GC invocations=1 (full 0):
 PSYoungGen      total 17408K, used 2037K [0x00000000f5900000, 0x00000000f7b00000, 0x0000000100000000)
  eden space 15360K, 0% used [0x00000000f5900000,0x00000000f5900000,0x00000000f6800000)
  from space 2048K, 99% used [0x00000000f6800000,0x00000000f69fd4d8,0x00000000f6a00000)
  to   space 2048K, 0% used [0x00000000f7900000,0x00000000f7900000,0x00000000f7b00000)
 ParOldGen       total 38400K, used 3781K [0x00000000e0c00000, 0x00000000e3180000, 0x00000000f5900000)
  object space 38400K, 9% used [0x00000000e0c00000,0x00000000e0fb1590,0x00000000e3180000)
 PSPermGen       total 21504K, used 18949K [0x00000000d6600000, 0x00000000d7b00000, 0x00000000e0c00000)
  object space 21504K, 88% used [0x00000000d6600000,0x00000000d7881770,0x00000000d7b00000)
}
Event: 6,080 GC heap before
{Heap before GC invocations=2 (full 0):
 PSYoungGen      total 17408K, used 17397K [0x00000000f5900000, 0x00000000f7b00000, 0x0000000100000000)
  eden space 15360K, 100% used [0x00000000f5900000,0x00000000f6800000,0x00000000f6800000)
  from space 2048K, 99% used [0x00000000f6800000,0x00000000f69fd4d8,0x00000000f6a00000)
  to   space 2048K, 0% used [0x00000000f7900000,0x00000000f7900000,0x00000000f7b00000)
 ParOldGen       total 38400K, used 3781K [0x00000000e0c00000, 0x00000000e3180000, 0x00000000f5900000)
  object space 38400K, 9% used [0x00000000e0c00000,0x00000000e0fb1590,0x00000000e3180000)
 PSPermGen       total 23552K, used 23439K [0x00000000d6600000, 0x00000000d7d00000, 0x00000000e0c00000)
  object space 23552K, 99% used [0x00000000d6600000,0x00000000d7ce3d30,0x00000000d7d00000)
Event: 6,144 GC heap after
Heap after GC invocations=2 (full 0):
 PSYoungGen      total 32768K, used 2037K [0x00000000f5900000, 0x00000000f7b00000, 0x0000000100000000)
  eden space 30720K, 0% used [0x00000000f5900000,0x00000000f5900000,0x00000000f7700000)
  from space 2048K, 99% used [0x00000000f7900000,0x00000000f7afd528,0x00000000f7b00000)
  to   space 2048K, 0% used [0x00000000f7700000,0x00000000f7700000,0x00000000f7900000)
 ParOldGen       total 38400K, used 5856K [0x00000000e0c00000, 0x00000000e3180000, 0x00000000f5900000)
  object space 38400K, 15% used [0x00000000e0c00000,0x00000000e11b83a8,0x00000000e3180000)
 PSPermGen       total 23552K, used 23439K [0x00000000d6600000, 0x00000000d7d00000, 0x00000000e0c00000)
  object space 23552K, 99% used [0x00000000d6600000,0x00000000d7ce3d30,0x00000000d7d00000)
}

Deoptimization events (10 events):
Event: 10,451 Thread 0x00007f6fec00a800 Uncommon trap: reason=class_check action=maybe_recompile pc=0x00007f6fe90e7038 method=org.jruby.RubyArray.compare(Lorg/jruby/runtime/ThreadContext;Lorg/jruby/runtime/invokedynamic/MethodNames;Lorg/jruby/runtime/builtin/IRubyObject;)Lorg/jruby/RubyBoolean;
Event: 10,457 Thread 0x00007f6fec00a800 Uncommon trap: reason=class_check action=maybe_recompile pc=0x00007f6fe916fd04 method=org.jruby.ext.ffi.StructByReference.to_native(Lorg/jruby/runtime/ThreadContext;Lorg/jruby/runtime/builtin/IRubyObject;Lorg/jruby/runtime/builtin/IRubyObject;)Lorg/jruby/
Event: 10,460 Thread 0x00007f6fec00a800 Uncommon trap: reason=bimorphic action=maybe_recompile pc=0x00007f6fe9181808 method=org.jruby.RubyClass.allocate()Lorg/jruby/runtime/builtin/IRubyObject; @ 54
Event: 10,460 Thread 0x00007f6fec00a800 Uncommon trap: reason=bimorphic action=maybe_recompile pc=0x00007f6fe9181808 method=org.jruby.RubyClass.allocate()Lorg/jruby/runtime/builtin/IRubyObject; @ 54
Event: 10,460 Thread 0x00007f6fec00a800 Uncommon trap: reason=class_check action=maybe_recompile pc=0x00007f6fe917ae24 method=org.jruby.runtime.ivars.VariableAccessor.get(Ljava/lang/Object;)Ljava/lang/Object; @ 1
Event: 10,460 Thread 0x00007f6fec00a800 Uncommon trap: reason=class_check action=maybe_recompile pc=0x00007f6fe917ae24 method=org.jruby.runtime.ivars.VariableAccessor.get(Ljava/lang/Object;)Ljava/lang/Object; @ 1
Event: 10,460 Thread 0x00007f6fec00a800 Uncommon trap: reason=class_check action=maybe_recompile pc=0x00007f6fe917ae24 method=org.jruby.runtime.ivars.VariableAccessor.get(Ljava/lang/Object;)Ljava/lang/Object; @ 1
Event: 10,460 Thread 0x00007f6fec00a800 Uncommon trap: reason=class_check action=maybe_recompile pc=0x00007f6fe917ae24 method=org.jruby.runtime.ivars.VariableAccessor.get(Ljava/lang/Object;)Ljava/lang/Object; @ 1
Event: 10,461 Thread 0x00007f6fec00a800 Uncommon trap: reason=bimorphic action=maybe_recompile pc=0x00007f6fe9181808 method=org.jruby.RubyClass.allocate()Lorg/jruby/runtime/builtin/IRubyObject; @ 54
Event: 10,461 Thread 0x00007f6fec00a800 Uncommon trap: reason=bimorphic action=maybe_recompile pc=0x00007f6fe9181808 method=org.jruby.RubyClass.allocate()Lorg/jruby/runtime/builtin/IRubyObject; @ 54

Internal exceptions (10 events):
Event: 9,042 Thread 0x00007f6fec00a800 Threw 0x00000000f6d520f0 at /build/buildd/openjdk-7-7u51-2.4.4/build/openjdk/hotspot/src/share/vm/prims/jvm.cpp:1244
Event: 9,042 Thread 0x00007f6fec00a800 Threw 0x00000000f6d52ba0 at /build/buildd/openjdk-7-7u51-2.4.4/build/openjdk/hotspot/src/share/vm/prims/jvm.cpp:1244
Event: 9,044 Thread 0x00007f6fec00a800 Threw 0x00000000f6d5e710 at /build/buildd/openjdk-7-7u51-2.4.4/build/openjdk/hotspot/src/share/vm/prims/jvm.cpp:1244
Event: 9,045 Thread 0x00007f6fec00a800 Threw 0x00000000f6d607d0 at /build/buildd/openjdk-7-7u51-2.4.4/build/openjdk/hotspot/src/share/vm/prims/jvm.cpp:1244
Event: 9,045 Thread 0x00007f6fec00a800 Threw 0x00000000f6d61280 at /build/buildd/openjdk-7-7u51-2.4.4/build/openjdk/hotspot/src/share/vm/prims/jvm.cpp:1244
Event: 9,045 Thread 0x00007f6fec00a800 Threw 0x00000000f6d63120 at /build/buildd/openjdk-7-7u51-2.4.4/build/openjdk/hotspot/src/share/vm/prims/jvm.cpp:1244
Event: 9,045 Thread 0x00007f6fec00a800 Threw 0x00000000f6d651e0 at /build/buildd/openjdk-7-7u51-2.4.4/build/openjdk/hotspot/src/share/vm/prims/jvm.cpp:1244
Event: 9,045 Thread 0x00007f6fec00a800 Threw 0x00000000f6d65c90 at /build/buildd/openjdk-7-7u51-2.4.4/build/openjdk/hotspot/src/share/vm/prims/jvm.cpp:1244
Event: 10,477 Thread 0x00007f6fec3b2800 Threw 0x00000000f6b1bff8 at /build/buildd/openjdk-7-7u51-2.4.4/build/openjdk/hotspot/src/share/vm/prims/jvm.cpp:1244
Event: 10,478 Thread 0x00007f6fec3b2800 Threw 0x00000000f7697480 at /build/buildd/openjdk-7-7u51-2.4.4/build/openjdk/hotspot/src/share/vm/prims/jvm.cpp:1244

Events (10 events):
Event: 10,460 Thread 0x00007f6fec00a800 DEOPT PACKING pc=0x00007f6fe917ae24 sp=0x00007f6ff3918310
Event: 10,460 Thread 0x00007f6fec00a800 DEOPT UNPACKING pc=0x00007f6fe9039045 sp=0x00007f6ff39182d8 mode 2
Event: 10,461 Thread 0x00007f6fec00a800 Uncommon trap: trap_request=0xffffffc6 fr.pc=0x00007f6fe9181808
Event: 10,461 Thread 0x00007f6fec00a800 DEOPT PACKING pc=0x00007f6fe9181808 sp=0x00007f6ff3918700
Event: 10,461 Thread 0x00007f6fec00a800 DEOPT UNPACKING pc=0x00007f6fe9039045 sp=0x00007f6ff39186f0 mode 2
Event: 10,461 Thread 0x00007f6fec00a800 Uncommon trap: trap_request=0xffffffc6 fr.pc=0x00007f6fe9181808
Event: 10,461 Thread 0x00007f6fec00a800 DEOPT PACKING pc=0x00007f6fe9181808 sp=0x00007f6ff3918700
Event: 10,461 Thread 0x00007f6fec00a800 DEOPT UNPACKING pc=0x00007f6fe9039045 sp=0x00007f6ff39186f0 mode 2
Event: 10,477 loading class 0x00007f6f9c002080
Event: 10,477 loading class 0x00007f6f9c002080 done


Dynamic libraries:
00400000-00401000 r-xp 00000000 08:01 15861394                           /usr/lib/jvm/java-7-openjdk-amd64/jre/bin/java
00600000-00601000 r--p 00000000 08:01 15861394                           /usr/lib/jvm/java-7-openjdk-amd64/jre/bin/java
00601000-00602000 rw-p 00001000 08:01 15861394                           /usr/lib/jvm/java-7-openjdk-amd64/jre/bin/java
017a2000-017c3000 rw-p 00000000 00:00 0                                  [heap]
d6600000-d7f00000 rw-p 00000000 00:00 0 
d7f00000-e0c00000 rw-p 00000000 00:00 0 
e0c00000-e3180000 rw-p 00000000 00:00 0 
e3180000-f5900000 rw-p 00000000 00:00 0 
f5900000-f7b00000 rw-p 00000000 00:00 0 
f7b00000-100000000 rw-p 00000000 00:00 0 
7f6f94000000-7f6f94021000 rw-p 00000000 00:00 0 
7f6f94021000-7f6f98000000 ---p 00000000 00:00 0 
7f6f9c000000-7f6f9c021000 rw-p 00000000 00:00 0 
7f6f9c021000-7f6fa0000000 ---p 00000000 00:00 0 
7f6fa0000000-7f6fa0021000 rw-p 00000000 00:00 0 
7f6fa0021000-7f6fa4000000 ---p 00000000 00:00 0 
7f6fa4000000-7f6fa4027000 rw-p 00000000 00:00 0 
7f6fa4027000-7f6fa8000000 ---p 00000000 00:00 0 
7f6fa8000000-7f6fa8021000 rw-p 00000000 00:00 0 
7f6fa8021000-7f6fac000000 ---p 00000000 00:00 0 
7f6fac000000-7f6fac021000 rw-p 00000000 00:00 0 
7f6fac021000-7f6fb0000000 ---p 00000000 00:00 0 
7f6fb0000000-7f6fb0021000 rw-p 00000000 00:00 0 
7f6fb0021000-7f6fb4000000 ---p 00000000 00:00 0 
7f6fb4000000-7f6fb4e43000 rw-p 00000000 00:00 0 
7f6fb4e43000-7f6fb8000000 ---p 00000000 00:00 0 
7f6fb8000000-7f6fb8c09000 rw-p 00000000 00:00 0 
7f6fb8c09000-7f6fbc000000 ---p 00000000 00:00 0 
7f6fbc000000-7f6fbc021000 rw-p 00000000 00:00 0 
7f6fbc021000-7f6fc0000000 ---p 00000000 00:00 0 
7f6fc0000000-7f6fc0021000 rw-p 00000000 00:00 0 
7f6fc0021000-7f6fc4000000 ---p 00000000 00:00 0 
7f6fc4000000-7f6fc4021000 rw-p 00000000 00:00 0 
7f6fc4021000-7f6fc8000000 ---p 00000000 00:00 0 
7f6fc8000000-7f6fc8021000 rw-p 00000000 00:00 0 
7f6fc8021000-7f6fcc000000 ---p 00000000 00:00 0 
7f6fcc000000-7f6fcc021000 rw-p 00000000 00:00 0 
7f6fcc021000-7f6fd0000000 ---p 00000000 00:00 0 
7f6fd4000000-7f6fd4021000 rw-p 00000000 00:00 0 
7f6fd4021000-7f6fd8000000 ---p 00000000 00:00 0 
7f6fdc000000-7f6fdc021000 rw-p 00000000 00:00 0 
7f6fdc021000-7f6fe0000000 ---p 00000000 00:00 0 
7f6fe0b78000-7f6fe0b7a000 r-xp 00000000 08:01 13893852                   /home/alex/Documents/8vo_Semestre/Geometría Computacional/Lab/practica02p1/src/lib/libintersection.so
7f6fe0b7a000-7f6fe0d79000 ---p 00002000 08:01 13893852                   /home/alex/Documents/8vo_Semestre/Geometría Computacional/Lab/practica02p1/src/lib/libintersection.so
7f6fe0d79000-7f6fe0d7a000 r--p 00001000 08:01 13893852                   /home/alex/Documents/8vo_Semestre/Geometría Computacional/Lab/practica02p1/src/lib/libintersection.so
7f6fe0d7a000-7f6fe0d7b000 rw-p 00002000 08:01 13893852                   /home/alex/Documents/8vo_Semestre/Geometría Computacional/Lab/practica02p1/src/lib/libintersection.so
7f6fe0d7b000-7f6fe0d7e000 r-xp 00000000 08:01 13893851                   /home/alex/Documents/8vo_Semestre/Geometría Computacional/Lab/practica02p1/src/lib/librb_tree.so
7f6fe0d7e000-7f6fe0f7d000 ---p 00003000 08:01 13893851                   /home/alex/Documents/8vo_Semestre/Geometría Computacional/Lab/practica02p1/src/lib/librb_tree.so
7f6fe0f7d000-7f6fe0f7e000 r--p 00002000 08:01 13893851                   /home/alex/Documents/8vo_Semestre/Geometría Computacional/Lab/practica02p1/src/lib/librb_tree.so
7f6fe0f7e000-7f6fe0f7f000 rw-p 00003000 08:01 13893851                   /home/alex/Documents/8vo_Semestre/Geometría Computacional/Lab/practica02p1/src/lib/librb_tree.so
7f6fe0f7f000-7f6fe0f81000 r-xp 00000000 08:01 13893850                   /home/alex/Documents/8vo_Semestre/Geometría Computacional/Lab/practica02p1/src/lib/libdouble_linked_list.so
7f6fe0f81000-7f6fe1180000 ---p 00002000 08:01 13893850                   /home/alex/Documents/8vo_Semestre/Geometría Computacional/Lab/practica02p1/src/lib/libdouble_linked_list.so
7f6fe1180000-7f6fe1181000 r--p 00001000 08:01 13893850                   /home/alex/Documents/8vo_Semestre/Geometría Computacional/Lab/practica02p1/src/lib/libdouble_linked_list.so
7f6fe1181000-7f6fe1182000 rw-p 00002000 08:01 13893850                   /home/alex/Documents/8vo_Semestre/Geometría Computacional/Lab/practica02p1/src/lib/libdouble_linked_list.so
7f6fe1182000-7f6fe1183000 r-xp 00000000 08:01 13893835                   /home/alex/Documents/8vo_Semestre/Geometría Computacional/Lab/practica02p1/src/lib/libhalf_edge.so
7f6fe1183000-7f6fe1383000 ---p 00001000 08:01 13893835                   /home/alex/Documents/8vo_Semestre/Geometría Computacional/Lab/practica02p1/src/lib/libhalf_edge.so
7f6fe1383000-7f6fe1384000 r--p 00001000 08:01 13893835                   /home/alex/Documents/8vo_Semestre/Geometría Computacional/Lab/practica02p1/src/lib/libhalf_edge.so
7f6fe1384000-7f6fe1385000 rw-p 00002000 08:01 13893835                   /home/alex/Documents/8vo_Semestre/Geometría Computacional/Lab/practica02p1/src/lib/libhalf_edge.so
7f6fe1385000-7f6fe1386000 r-xp 00000000 08:01 13893834                   /home/alex/Documents/8vo_Semestre/Geometría Computacional/Lab/practica02p1/src/lib/lib2d_points.so
7f6fe1386000-7f6fe1585000 ---p 00001000 08:01 13893834                   /home/alex/Documents/8vo_Semestre/Geometría Computacional/Lab/practica02p1/src/lib/lib2d_points.so
7f6fe1585000-7f6fe1586000 r--p 00000000 08:01 13893834                   /home/alex/Documents/8vo_Semestre/Geometría Computacional/Lab/practica02p1/src/lib/lib2d_points.so
7f6fe1586000-7f6fe1587000 rw-p 00001000 08:01 13893834                   /home/alex/Documents/8vo_Semestre/Geometría Computacional/Lab/practica02p1/src/lib/lib2d_points.so
7f6fe1587000-7f6fe158a000 ---p 00000000 00:00 0 
7f6fe158a000-7f6fe1788000 rw-p 00000000 00:00 0                          [stack:27913]
7f6fe1788000-7f6fe178b000 ---p 00000000 00:00 0 
7f6fe178b000-7f6fe1989000 rw-p 00000000 00:00 0 
7f6fe1989000-7f6fe198c000 ---p 00000000 00:00 0 
7f6fe198c000-7f6fe1b8a000 rw-p 00000000 00:00 0 
7f6fe1b8a000-7f6fe1b8d000 ---p 00000000 00:00 0 
7f6fe1b8d000-7f6fe1d8b000 rw-p 00000000 00:00 0                          [stack:27790]
7f6fe1d8b000-7f6fe1d9d000 r-xp 00000000 08:01 12059135                   /home/alex/.rbenv/versions/jruby-1.7.10/lib/jni/x86_64-Linux/libjffi-1.2.so
7f6fe1d9d000-7f6fe1f9c000 ---p 00012000 08:01 12059135                   /home/alex/.rbenv/versions/jruby-1.7.10/lib/jni/x86_64-Linux/libjffi-1.2.so
7f6fe1f9c000-7f6fe1f9d000 rw-p 00011000 08:01 12059135                   /home/alex/.rbenv/versions/jruby-1.7.10/lib/jni/x86_64-Linux/libjffi-1.2.so
7f6fe1f9d000-7f6fe1fad000 r-xp 00000000 08:01 15861288                   /usr/lib/jvm/java-7-openjdk-amd64/jre/lib/amd64/libnio.so
7f6fe1fad000-7f6fe21ad000 ---p 00010000 08:01 15861288                   /usr/lib/jvm/java-7-openjdk-amd64/jre/lib/amd64/libnio.so
7f6fe21ad000-7f6fe21ae000 r--p 00010000 08:01 15861288                   /usr/lib/jvm/java-7-openjdk-amd64/jre/lib/amd64/libnio.so
7f6fe21ae000-7f6fe21af000 rw-p 00011000 08:01 15861288                   /usr/lib/jvm/java-7-openjdk-amd64/jre/lib/amd64/libnio.so
7f6fe21af000-7f6fe21ec000 r-xp 00000000 08:01 8130434                    /lib/x86_64-linux-gnu/libpcre.so.3.13.1
7f6fe21ec000-7f6fe23ec000 ---p 0003d000 08:01 8130434                    /lib/x86_64-linux-gnu/libpcre.so.3.13.1
7f6fe23ec000-7f6fe23ed000 r--p 0003d000 08:01 8130434                    /lib/x86_64-linux-gnu/libpcre.so.3.13.1
7f6fe23ed000-7f6fe23ee000 rw-p 0003e000 08:01 8130434                    /lib/x86_64-linux-gnu/libpcre.so.3.13.1
7f6fe23ee000-7f6fe23f5000 r-xp 00000000 08:01 15735894                   /usr/lib/x86_64-linux-gnu/libffi.so.6.0.1
7f6fe23f5000-7f6fe25f4000 ---p 00007000 08:01 15735894                   /usr/lib/x86_64-linux-gnu/libffi.so.6.0.1
7f6fe25f4000-7f6fe25f5000 r--p 00006000 08:01 15735894                   /usr/lib/x86_64-linux-gnu/libffi.so.6.0.1
7f6fe25f5000-7f6fe25f6000 rw-p 00007000 08:01 15735894                   /usr/lib/x86_64-linux-gnu/libffi.so.6.0.1
7f6fe25f6000-7f6fe260c000 r-xp 00000000 08:01 8130457                    /lib/x86_64-linux-gnu/libresolv-2.17.so
7f6fe260c000-7f6fe280c000 ---p 00016000 08:01 8130457                    /lib/x86_64-linux-gnu/libresolv-2.17.so
7f6fe280c000-7f6fe280d000 r--p 00016000 08:01 8130457                    /lib/x86_64-linux-gnu/libresolv-2.17.so
7f6fe280d000-7f6fe280e000 rw-p 00017000 08:01 8130457                    /lib/x86_64-linux-gnu/libresolv-2.17.so
7f6fe280e000-7f6fe2810000 rw-p 00000000 00:00 0 
7f6fe2810000-7f6fe282f000 r-xp 00000000 08:01 8130461                    /lib/x86_64-linux-gnu/libselinux.so.1
7f6fe282f000-7f6fe2a2f000 ---p 0001f000 08:01 8130461                    /lib/x86_64-linux-gnu/libselinux.so.1
7f6fe2a2f000-7f6fe2a30000 r--p 0001f000 08:01 8130461                    /lib/x86_64-linux-gnu/libselinux.so.1
7f6fe2a30000-7f6fe2a31000 rw-p 00020000 08:01 8130461                    /lib/x86_64-linux-gnu/libselinux.so.1
7f6fe2a31000-7f6fe2a32000 rw-p 00000000 00:00 0 
7f6fe2a32000-7f6fe2a35000 r-xp 00000000 08:01 15729078                   /usr/lib/x86_64-linux-gnu/libgmodule-2.0.so.0.3800.1
7f6fe2a35000-7f6fe2c34000 ---p 00003000 08:01 15729078                   /usr/lib/x86_64-linux-gnu/libgmodule-2.0.so.0.3800.1
7f6fe2c34000-7f6fe2c35000 r--p 00002000 08:01 15729078                   /usr/lib/x86_64-linux-gnu/libgmodule-2.0.so.0.3800.1
7f6fe2c35000-7f6fe2c36000 rw-p 00003000 08:01 15729078                   /usr/lib/x86_64-linux-gnu/libgmodule-2.0.so.0.3800.1
7f6fe2c36000-7f6fe2d34000 r-xp 00000000 08:01 8130449                    /lib/x86_64-linux-gnu/libglib-2.0.so.0.3800.1
7f6fe2d34000-7f6fe2f34000 ---p 000fe000 08:01 8130449                    /lib/x86_64-linux-gnu/libglib-2.0.so.0.3800.1
7f6fe2f34000-7f6fe2f35000 r--p 000fe000 08:01 8130449                    /lib/x86_64-linux-gnu/libglib-2.0.so.0.3800.1
7f6fe2f35000-7f6fe2f36000 rw-p 000ff000 08:01 8130449                    /lib/x86_64-linux-gnu/libglib-2.0.so.0.3800.1
7f6fe2f36000-7f6fe2f37000 rw-p 00000000 00:00 0 
7f6fe2f37000-7f6fe2f86000 r-xp 00000000 08:01 15729069                   /usr/lib/x86_64-linux-gnu/libgobject-2.0.so.0.3800.1
7f6fe2f86000-7f6fe3186000 ---p 0004f000 08:01 15729069                   /usr/lib/x86_64-linux-gnu/libgobject-2.0.so.0.3800.1
7f6fe3186000-7f6fe3187000 r--p 0004f000 08:01 15729069                   /usr/lib/x86_64-linux-gnu/libgobject-2.0.so.0.3800.1
7f6fe3187000-7f6fe3188000 rw-p 00050000 08:01 15729069                   /usr/lib/x86_64-linux-gnu/libgobject-2.0.so.0.3800.1
7f6fe3188000-7f6fe32e4000 r-xp 00000000 08:01 15729043                   /usr/lib/x86_64-linux-gnu/libgio-2.0.so.0.3800.1
7f6fe32e4000-7f6fe34e3000 ---p 0015c000 08:01 15729043                   /usr/lib/x86_64-linux-gnu/libgio-2.0.so.0.3800.1
7f6fe34e3000-7f6fe34e7000 r--p 0015b000 08:01 15729043                   /usr/lib/x86_64-linux-gnu/libgio-2.0.so.0.3800.1
7f6fe34e7000-7f6fe34e9000 rw-p 0015f000 08:01 15729043                   /usr/lib/x86_64-linux-gnu/libgio-2.0.so.0.3800.1
7f6fe34e9000-7f6fe34eb000 rw-p 00000000 00:00 0 
7f6fe34eb000-7f6fe3501000 r-xp 00000000 08:01 15861076                   /usr/lib/jvm/java-7-openjdk-amd64/jre/lib/amd64/libnet.so
7f6fe3501000-7f6fe3700000 ---p 00016000 08:01 15861076                   /usr/lib/jvm/java-7-openjdk-amd64/jre/lib/amd64/libnet.so
7f6fe3700000-7f6fe3701000 r--p 00015000 08:01 15861076                   /usr/lib/jvm/java-7-openjdk-amd64/jre/lib/amd64/libnet.so
7f6fe3701000-7f6fe3702000 rw-p 00016000 08:01 15861076                   /usr/lib/jvm/java-7-openjdk-amd64/jre/lib/amd64/libnet.so
7f6fe3702000-7f6fe3703000 ---p 00000000 00:00 0 
7f6fe3703000-7f6fe3803000 rw-p 00000000 00:00 0                          [stack:27789]
7f6fe3803000-7f6fe3806000 ---p 00000000 00:00 0 
7f6fe3806000-7f6fe3a04000 rw-p 00000000 00:00 0                          [stack:27788]
7f6fe3a04000-7f6fe3a07000 ---p 00000000 00:00 0 
7f6fe3a07000-7f6fe3b05000 rw-p 00000000 00:00 0                          [stack:27787]
7f6fe3b05000-7f6fe3b08000 ---p 00000000 00:00 0 
7f6fe3b08000-7f6fe3c06000 rw-p 00000000 00:00 0                          [stack:27786]
7f6fe3c06000-7f6fe4000000 r--p 00000000 08:01 15734328                   /usr/lib/locale/locale-archive
7f6fe4000000-7f6fe4021000 rw-p 00000000 00:00 0 
7f6fe4021000-7f6fe8000000 ---p 00000000 00:00 0 
7f6fe8030000-7f6fe8033000 ---p 00000000 00:00 0 
7f6fe8033000-7f6fe8069000 rw-p 00000000 00:00 0                          [stack:27792]
7f6fe8069000-7f6fe8070000 r--s 00000000 08:01 16127910                   /usr/lib/x86_64-linux-gnu/gconv/gconv-modules.cache
7f6fe8070000-7f6fe8073000 ---p 00000000 00:00 0 
7f6fe8073000-7f6fe8271000 rw-p 00000000 00:00 0                          [stack:27785]
7f6fe8271000-7f6fe8274000 ---p 00000000 00:00 0 
7f6fe8274000-7f6fe8472000 rw-p 00000000 00:00 0                          [stack:27784]
7f6fe8472000-7f6fe8475000 ---p 00000000 00:00 0 
7f6fe8475000-7f6fe8673000 rw-p 00000000 00:00 0                          [stack:27783]
7f6fe8673000-7f6fe8674000 ---p 00000000 00:00 0 
7f6fe8674000-7f6fe9000000 rw-p 00000000 00:00 0                          [stack:27782]
7f6fe9000000-7f6fe9270000 rwxp 00000000 00:00 0 
7f6fe9270000-7f6fec4b0000 rw-p 00000000 00:00 0 
7f6fec4b0000-7f6ff0000000 ---p 00000000 00:00 0 
7f6ff0003000-7f6ff0004000 rw-p 00000000 00:00 0 
7f6ff0004000-7f6ff0005000 r-xp 00000000 00:00 0 
7f6ff0005000-7f6ff0007000 r--s 00012000 08:01 15861308                   /usr/lib/jvm/java-7-openjdk-amd64/jre/lib/ext/zipfs.jar
7f6ff0007000-7f6ff000a000 r--s 00032000 08:01 15861310                   /usr/lib/jvm/java-7-openjdk-amd64/jre/lib/ext/sunjce_provider.jar
7f6ff000a000-7f6ff000e000 r--s 00085000 08:01 15861304                   /usr/lib/jvm/java-7-openjdk-amd64/jre/lib/ext/localedata.jar
7f6ff000e000-7f6ff0010000 r--s 00006000 08:01 16256853                   /usr/share/java/java-atk-wrapper.jar
7f6ff0010000-7f6ff0011000 r--s 00002000 08:01 15861314                   /usr/lib/jvm/java-7-openjdk-amd64/jre/lib/ext/dnsns.jar
7f6ff0011000-7f6ff0014000 r--s 0000f000 08:01 15861306                   /usr/lib/jvm/java-7-openjdk-amd64/jre/lib/ext/pulse-java.jar
7f6ff0014000-7f6ff0018000 r--s 0003b000 08:01 15861316                   /usr/lib/jvm/java-7-openjdk-amd64/jre/lib/ext/sunpkcs11.jar
7f6ff0018000-7f6ff0748000 rw-p 00000000 00:00 0 
7f6ff0748000-7f6ff0831000 r--s 00bb9000 08:01 12059138                   /home/alex/.rbenv/versions/jruby-1.7.10/lib/jruby.jar
7f6ff0831000-7f6ff0879000 rw-p 00000000 00:00 0 
7f6ff0879000-7f6ff0a27000 r--s 01cf4000 08:01 15861374                   /usr/lib/jvm/java-7-openjdk-amd64/jre/lib/rt.jar
7f6ff0a27000-7f6ff213d000 rw-p 00000000 00:00 0 
7f6ff213d000-7f6ff213e000 ---p 00000000 00:00 0 
7f6ff213e000-7f6ff223e000 rw-p 00000000 00:00 0                          [stack:27781]
7f6ff223e000-7f6ff223f000 ---p 00000000 00:00 0 
7f6ff223f000-7f6ff233f000 rw-p 00000000 00:00 0                          [stack:27780]
7f6ff233f000-7f6ff2340000 ---p 00000000 00:00 0 
7f6ff2340000-7f6ff2440000 rw-p 00000000 00:00 0                          [stack:27779]
7f6ff2440000-7f6ff2441000 ---p 00000000 00:00 0 
7f6ff2441000-7f6ff254e000 rw-p 00000000 00:00 0                          [stack:27778]
7f6ff254e000-7f6ff2594000 rw-p 00000000 00:00 0 
7f6ff2594000-7f6ff25a7000 rw-p 00000000 00:00 0 
7f6ff25a7000-7f6ff263a000 rw-p 00000000 00:00 0 
7f6ff263a000-7f6ff264c000 rw-p 00000000 00:00 0 
7f6ff264c000-7f6ff268e000 rw-p 00000000 00:00 0 
7f6ff268e000-7f6ff268f000 rw-p 00000000 00:00 0 
7f6ff268f000-7f6ff2697000 r-xp 00000000 08:01 15861025                   /usr/lib/jvm/java-7-openjdk-amd64/jre/lib/amd64/libzip.so
7f6ff2697000-7f6ff2896000 ---p 00008000 08:01 15861025                   /usr/lib/jvm/java-7-openjdk-amd64/jre/lib/amd64/libzip.so
7f6ff2896000-7f6ff2897000 r--p 00007000 08:01 15861025                   /usr/lib/jvm/java-7-openjdk-amd64/jre/lib/amd64/libzip.so
7f6ff2897000-7f6ff2898000 rw-p 00008000 08:01 15861025                   /usr/lib/jvm/java-7-openjdk-amd64/jre/lib/amd64/libzip.so
7f6ff2898000-7f6ff28a4000 r-xp 00000000 08:01 8130412                    /lib/x86_64-linux-gnu/libnss_files-2.17.so
7f6ff28a4000-7f6ff2aa3000 ---p 0000c000 08:01 8130412                    /lib/x86_64-linux-gnu/libnss_files-2.17.so
7f6ff2aa3000-7f6ff2aa4000 r--p 0000b000 08:01 8130412                    /lib/x86_64-linux-gnu/libnss_files-2.17.so
7f6ff2aa4000-7f6ff2aa5000 rw-p 0000c000 08:01 8130412                    /lib/x86_64-linux-gnu/libnss_files-2.17.so
7f6ff2aa5000-7f6ff2ab0000 r-xp 00000000 08:01 8130416                    /lib/x86_64-linux-gnu/libnss_nis-2.17.so
7f6ff2ab0000-7f6ff2caf000 ---p 0000b000 08:01 8130416                    /lib/x86_64-linux-gnu/libnss_nis-2.17.so
7f6ff2caf000-7f6ff2cb0000 r--p 0000a000 08:01 8130416                    /lib/x86_64-linux-gnu/libnss_nis-2.17.so
7f6ff2cb0000-7f6ff2cb1000 rw-p 0000b000 08:01 8130416                    /lib/x86_64-linux-gnu/libnss_nis-2.17.so
7f6ff2cb1000-7f6ff2cc8000 r-xp 00000000 08:01 8130406                    /lib/x86_64-linux-gnu/libnsl-2.17.so
7f6ff2cc8000-7f6ff2ec7000 ---p 00017000 08:01 8130406                    /lib/x86_64-linux-gnu/libnsl-2.17.so
7f6ff2ec7000-7f6ff2ec8000 r--p 00016000 08:01 8130406                    /lib/x86_64-linux-gnu/libnsl-2.17.so
7f6ff2ec8000-7f6ff2ec9000 rw-p 00017000 08:01 8130406                    /lib/x86_64-linux-gnu/libnsl-2.17.so
7f6ff2ec9000-7f6ff2ecb000 rw-p 00000000 00:00 0 
7f6ff2ecb000-7f6ff2ed3000 r-xp 00000000 08:01 8130408                    /lib/x86_64-linux-gnu/libnss_compat-2.17.so
7f6ff2ed3000-7f6ff30d2000 ---p 00008000 08:01 8130408                    /lib/x86_64-linux-gnu/libnss_compat-2.17.so
7f6ff30d2000-7f6ff30d3000 r--p 00007000 08:01 8130408                    /lib/x86_64-linux-gnu/libnss_compat-2.17.so
7f6ff30d3000-7f6ff30d4000 rw-p 00008000 08:01 8130408                    /lib/x86_64-linux-gnu/libnss_compat-2.17.so
7f6ff30d4000-7f6ff30ff000 r-xp 00000000 08:01 15860951                   /usr/lib/jvm/java-7-openjdk-amd64/jre/lib/amd64/libjava.so
7f6ff30ff000-7f6ff32fe000 ---p 0002b000 08:01 15860951                   /usr/lib/jvm/java-7-openjdk-amd64/jre/lib/amd64/libjava.so
7f6ff32fe000-7f6ff32ff000 r--p 0002a000 08:01 15860951                   /usr/lib/jvm/java-7-openjdk-amd64/jre/lib/amd64/libjava.so
7f6ff32ff000-7f6ff3301000 rw-p 0002b000 08:01 15860951                   /usr/lib/jvm/java-7-openjdk-amd64/jre/lib/amd64/libjava.so
7f6ff3301000-7f6ff3311000 r-xp 00000000 08:01 15861265                   /usr/lib/jvm/java-7-openjdk-amd64/jre/lib/amd64/libverify.so
7f6ff3311000-7f6ff3510000 ---p 00010000 08:01 15861265                   /usr/lib/jvm/java-7-openjdk-amd64/jre/lib/amd64/libverify.so
7f6ff3510000-7f6ff3512000 r--p 0000f000 08:01 15861265                   /usr/lib/jvm/java-7-openjdk-amd64/jre/lib/amd64/libverify.so
7f6ff3512000-7f6ff3513000 rw-p 00011000 08:01 15861265                   /usr/lib/jvm/java-7-openjdk-amd64/jre/lib/amd64/libverify.so
7f6ff3513000-7f6ff351a000 r-xp 00000000 08:01 8130459                    /lib/x86_64-linux-gnu/librt-2.17.so
7f6ff351a000-7f6ff3719000 ---p 00007000 08:01 8130459                    /lib/x86_64-linux-gnu/librt-2.17.so
7f6ff3719000-7f6ff371a000 r--p 00006000 08:01 8130459                    /lib/x86_64-linux-gnu/librt-2.17.so
7f6ff371a000-7f6ff371b000 rw-p 00007000 08:01 8130459                    /lib/x86_64-linux-gnu/librt-2.17.so
7f6ff371b000-7f6ff371e000 ---p 00000000 00:00 0 
7f6ff371e000-7f6ff391c000 rw-p 00000000 00:00 0                          [stack:27777]
7f6ff391c000-7f6ff3931000 r-xp 00000000 08:01 8126477                    /lib/x86_64-linux-gnu/libgcc_s.so.1
7f6ff3931000-7f6ff3b30000 ---p 00015000 08:01 8126477                    /lib/x86_64-linux-gnu/libgcc_s.so.1
7f6ff3b30000-7f6ff3b31000 r--p 00014000 08:01 8126477                    /lib/x86_64-linux-gnu/libgcc_s.so.1
7f6ff3b31000-7f6ff3b32000 rw-p 00015000 08:01 8126477                    /lib/x86_64-linux-gnu/libgcc_s.so.1
7f6ff3b32000-7f6ff3c35000 r-xp 00000000 08:01 8130387                    /lib/x86_64-linux-gnu/libm-2.17.so
7f6ff3c35000-7f6ff3e34000 ---p 00103000 08:01 8130387                    /lib/x86_64-linux-gnu/libm-2.17.so
7f6ff3e34000-7f6ff3e35000 r--p 00102000 08:01 8130387                    /lib/x86_64-linux-gnu/libm-2.17.so
7f6ff3e35000-7f6ff3e36000 rw-p 00103000 08:01 8130387                    /lib/x86_64-linux-gnu/libm-2.17.so
7f6ff3e36000-7f6ff3f1c000 r-xp 00000000 08:01 15729831                   /usr/lib/x86_64-linux-gnu/libstdc++.so.6.0.18
7f6ff3f1c000-7f6ff411b000 ---p 000e6000 08:01 15729831                   /usr/lib/x86_64-linux-gnu/libstdc++.so.6.0.18
7f6ff411b000-7f6ff4123000 r--p 000e5000 08:01 15729831                   /usr/lib/x86_64-linux-gnu/libstdc++.so.6.0.18
7f6ff4123000-7f6ff4125000 rw-p 000ed000 08:01 15729831                   /usr/lib/x86_64-linux-gnu/libstdc++.so.6.0.18
7f6ff4125000-7f6ff413a000 rw-p 00000000 00:00 0 
7f6ff413a000-7f6ff4c19000 r-xp 00000000 08:01 15861284                   /usr/lib/jvm/java-7-openjdk-amd64/jre/lib/amd64/server/libjvm.so
7f6ff4c19000-7f6ff4e18000 ---p 00adf000 08:01 15861284                   /usr/lib/jvm/java-7-openjdk-amd64/jre/lib/amd64/server/libjvm.so
7f6ff4e18000-7f6ff4eaa000 r--p 00ade000 08:01 15861284                   /usr/lib/jvm/java-7-openjdk-amd64/jre/lib/amd64/server/libjvm.so
7f6ff4eaa000-7f6ff4ecd000 rw-p 00b70000 08:01 15861284                   /usr/lib/jvm/java-7-openjdk-amd64/jre/lib/amd64/server/libjvm.so
7f6ff4ecd000-7f6ff4efa000 rw-p 00000000 00:00 0 
7f6ff4efa000-7f6ff4f12000 r-xp 00000000 08:01 8130494                    /lib/x86_64-linux-gnu/libz.so.1.2.8
7f6ff4f12000-7f6ff5111000 ---p 00018000 08:01 8130494                    /lib/x86_64-linux-gnu/libz.so.1.2.8
7f6ff5111000-7f6ff5112000 r--p 00017000 08:01 8130494                    /lib/x86_64-linux-gnu/libz.so.1.2.8
7f6ff5112000-7f6ff5113000 rw-p 00018000 08:01 8130494                    /lib/x86_64-linux-gnu/libz.so.1.2.8
7f6ff5113000-7f6ff512a000 r-xp 00000000 08:01 8130451                    /lib/x86_64-linux-gnu/libpthread-2.17.so
7f6ff512a000-7f6ff532a000 ---p 00017000 08:01 8130451                    /lib/x86_64-linux-gnu/libpthread-2.17.so
7f6ff532a000-7f6ff532b000 r--p 00017000 08:01 8130451                    /lib/x86_64-linux-gnu/libpthread-2.17.so
7f6ff532b000-7f6ff532c000 rw-p 00018000 08:01 8130451                    /lib/x86_64-linux-gnu/libpthread-2.17.so
7f6ff532c000-7f6ff5330000 rw-p 00000000 00:00 0 
7f6ff5330000-7f6ff5333000 r-xp 00000000 08:01 8130351                    /lib/x86_64-linux-gnu/libdl-2.17.so
7f6ff5333000-7f6ff5532000 ---p 00003000 08:01 8130351                    /lib/x86_64-linux-gnu/libdl-2.17.so
7f6ff5532000-7f6ff5533000 r--p 00002000 08:01 8130351                    /lib/x86_64-linux-gnu/libdl-2.17.so
7f6ff5533000-7f6ff5534000 rw-p 00003000 08:01 8130351                    /lib/x86_64-linux-gnu/libdl-2.17.so
7f6ff5534000-7f6ff56f1000 r-xp 00000000 08:01 8130336                    /lib/x86_64-linux-gnu/libc-2.17.so
7f6ff56f1000-7f6ff58f1000 ---p 001bd000 08:01 8130336                    /lib/x86_64-linux-gnu/libc-2.17.so
7f6ff58f1000-7f6ff58f5000 r--p 001bd000 08:01 8130336                    /lib/x86_64-linux-gnu/libc-2.17.so
7f6ff58f5000-7f6ff58f7000 rw-p 001c1000 08:01 8130336                    /lib/x86_64-linux-gnu/libc-2.17.so
7f6ff58f7000-7f6ff58fc000 rw-p 00000000 00:00 0 
7f6ff58fc000-7f6ff5909000 r-xp 00000000 08:01 15861291                   /usr/lib/jvm/java-7-openjdk-amd64/jre/lib/amd64/jli/libjli.so
7f6ff5909000-7f6ff5b08000 ---p 0000d000 08:01 15861291                   /usr/lib/jvm/java-7-openjdk-amd64/jre/lib/amd64/jli/libjli.so
7f6ff5b08000-7f6ff5b09000 r--p 0000c000 08:01 15861291                   /usr/lib/jvm/java-7-openjdk-amd64/jre/lib/amd64/jli/libjli.so
7f6ff5b09000-7f6ff5b0a000 rw-p 0000d000 08:01 15861291                   /usr/lib/jvm/java-7-openjdk-amd64/jre/lib/amd64/jli/libjli.so
7f6ff5b0a000-7f6ff5b2d000 r-xp 00000000 08:01 8130312                    /lib/x86_64-linux-gnu/ld-2.17.so
7f6ff5b2d000-7f6ff5b32000 r--s 0004c000 08:01 15861296                   /usr/lib/jvm/java-7-openjdk-amd64/jre/lib/jsse.jar
7f6ff5b32000-7f6ff5b60000 rw-p 00000000 00:00 0 
7f6ff5b60000-7f6ff5ba6000 rw-p 00000000 00:00 0 
7f6ff5ba6000-7f6ff5bb9000 rw-p 00000000 00:00 0 
7f6ff5bb9000-7f6ff5c4d000 rw-p 00000000 00:00 0 
7f6ff5c4d000-7f6ff5c57000 rw-p 00000000 00:00 0 
7f6ff5c57000-7f6ff5d0d000 rw-p 00000000 00:00 0 
7f6ff5d0d000-7f6ff5d20000 rw-p 00000000 00:00 0 
7f6ff5d20000-7f6ff5d28000 rw-s 00000000 08:01 5767366                    /tmp/hsperfdata_alex/27752
7f6ff5d28000-7f6ff5d29000 rw-p 00000000 00:00 0 
7f6ff5d29000-7f6ff5d2a000 r--p 00000000 00:00 0 
7f6ff5d2a000-7f6ff5d2c000 rw-p 00000000 00:00 0 
7f6ff5d2c000-7f6ff5d2d000 r--p 00022000 08:01 8130312                    /lib/x86_64-linux-gnu/ld-2.17.so
7f6ff5d2d000-7f6ff5d2f000 rw-p 00023000 08:01 8130312                    /lib/x86_64-linux-gnu/ld-2.17.so
7fffd2e25000-7fffd2e46000 rw-p 00000000 00:00 0                          [stack]
7fffd2e80000-7fffd2e82000 r-xp 00000000 00:00 0                          [vdso]
ffffffffff600000-ffffffffff601000 r-xp 00000000 00:00 0                  [vsyscall]

VM Arguments:
jvm_args: -Djdk.home= -Djruby.home=/home/alex/.rbenv/versions/jruby-1.7.10 -Djruby.script=jruby -Djruby.shell=/bin/sh -Djffi.boot.library.path=/home/alex/.rbenv/versions/jruby-1.7.10/lib/jni:/home/alex/.rbenv/versions/jruby-1.7.10/lib/jni/i386-Linux:/home/alex/.rbenv/versions/jruby-1.7.10/lib/jni/arm-Linux:/home/alex/.rbenv/versions/jruby-1.7.10/lib/jni/x86_64-Linux -Xmx500m -Xss2048k -Xbootclasspath/a:/home/alex/.rbenv/versions/jruby-1.7.10/lib/jruby.jar 
java_command: org/jruby/Main Makefile.rb clean compile test clean
Launcher Type: SUN_STANDARD

Environment Variables:
PATH=/home/alex/.rbenv/versions/jruby-1.7.10/bin:/home/alex/.rbenv/libexec:/home/alex/.rbenv/plugins/ruby-build/bin:/home/alex/.rbenv/shims:~/.rbenv/bin:~/.rbenv/bin:/usr/local/sbin:/usr/local/bin:/usr/sbin:/usr/bin:/sbin:/bin:/usr/games:/usr/local/games
USERNAME=alex
SHELL=/bin/bash
DISPLAY=:0

Signal Handlers:
SIGSEGV: [libjvm.so+0x916ea0], sa_mask[0]=0x7ffbfeff, sa_flags=0x10000004
SIGBUS: [libjvm.so+0x916ea0], sa_mask[0]=0x7ffbfeff, sa_flags=0x10000004
SIGFPE: [libjvm.so+0x794800], sa_mask[0]=0x7ffbfeff, sa_flags=0x10000004
SIGPIPE: [libjvm.so+0x794800], sa_mask[0]=0x7ffbfeff, sa_flags=0x10000004
SIGXFSZ: [libjvm.so+0x794800], sa_mask[0]=0x7ffbfeff, sa_flags=0x10000004
SIGILL: [libjvm.so+0x794800], sa_mask[0]=0x7ffbfeff, sa_flags=0x10000004
SIGUSR1: SIG_DFL, sa_mask[0]=0x00000000, sa_flags=0x00000000
SIGUSR2: [libjvm.so+0x7946a0], sa_mask[0]=0x00000000, sa_flags=0x10000004
SIGHUP: [libjvm.so+0x794880], sa_mask[0]=0x7ffbfeff, sa_flags=0x10000004
SIGINT: [libjvm.so+0x794880], sa_mask[0]=0x7ffbfeff, sa_flags=0x10000004
SIGTERM: [libjvm.so+0x794880], sa_mask[0]=0x7ffbfeff, sa_flags=0x10000004
SIGQUIT: [libjvm.so+0x794880], sa_mask[0]=0x7ffbfeff, sa_flags=0x10000004


---------------  S Y S T E M  ---------------

OS:LinuxMint 16 (petra)
uname:Linux 3.11.0-12-generic #19-Ubuntu SMP Wed Oct 9 16:20:46 UTC 2013 x86_64
libc:glibc 2.17 NPTL 2.17 
rlimit: STACK 8192k, CORE 0k, NPROC 28798, NOFILE 4096, AS infinity
load average:1,12 0,77 0,63

/proc/meminfo:
MemTotal:        3715476 kB
MemFree:         1175896 kB
Buffers:          101888 kB
Cached:          1262984 kB
SwapCached:           28 kB
Active:          1471968 kB
Inactive:         870996 kB
Active(anon):     869184 kB
Inactive(anon):   352772 kB
Active(file):     602784 kB
Inactive(file):   518224 kB
Unevictable:          44 kB
Mlocked:              44 kB
SwapTotal:       3856380 kB
SwapFree:        3855740 kB
Dirty:               436 kB
Writeback:             0 kB
AnonPages:        978048 kB
Mapped:           188960 kB
Shmem:            243864 kB
Slab:             115596 kB
SReclaimable:      87100 kB
SUnreclaim:        28496 kB
KernelStack:        3832 kB
PageTables:        29064 kB
NFS_Unstable:          0 kB
Bounce:                0 kB
WritebackTmp:          0 kB
CommitLimit:     5714116 kB
Committed_AS:    3767960 kB
VmallocTotal:   34359738367 kB
VmallocUsed:      414940 kB
VmallocChunk:   34359311484 kB
HardwareCorrupted:     0 kB
AnonHugePages:         0 kB
HugePages_Total:       0
HugePages_Free:        0
HugePages_Rsvd:        0
HugePages_Surp:        0
Hugepagesize:       2048 kB
DirectMap4k:       56528 kB
DirectMap2M:     3801088 kB


CPU:total 4 (2 cores per cpu, 2 threads per core) family 6 model 37 stepping 5, cmov, cx8, fxsr, mmx, sse, sse2, sse3, ssse3, sse4.1, sse4.2, popcnt, ht, tsc, tscinvbit

/proc/cpuinfo:
processor	: 0
vendor_id	: GenuineIntel
cpu family	: 6
model		: 37
model name	: Intel(R) Core(TM) i3 CPU       M 380  @ 2.53GHz
stepping	: 5
microcode	: 0x2
cpu MHz		: 933.000
cache size	: 3072 KB
physical id	: 0
siblings	: 4
core id		: 0
cpu cores	: 2
apicid		: 0
initial apicid	: 0
fpu		: yes
fpu_exception	: yes
cpuid level	: 11
wp		: yes
flags		: fpu vme de pse tsc msr pae mce cx8 apic sep mtrr pge mca cmov pat pse36 clflush dts acpi mmx fxsr sse sse2 ss ht tm pbe syscall nx rdtscp lm constant_tsc arch_perfmon pebs bts rep_good nopl xtopology nonstop_tsc aperfmperf pni dtes64 monitor ds_cpl vmx est tm2 ssse3 cx16 xtpr pdcm pcid sse4_1 sse4_2 popcnt lahf_lm arat dtherm tpr_shadow vnmi flexpriority ept vpid
bogomips	: 5054.41
clflush size	: 64
cache_alignment	: 64
address sizes	: 36 bits physical, 48 bits virtual
power management:

processor	: 1
vendor_id	: GenuineIntel
cpu family	: 6
model		: 37
model name	: Intel(R) Core(TM) i3 CPU       M 380  @ 2.53GHz
stepping	: 5
microcode	: 0x2
cpu MHz		: 933.000
cache size	: 3072 KB
physical id	: 0
siblings	: 4
core id		: 0
cpu cores	: 2
apicid		: 1
initial apicid	: 1
fpu		: yes
fpu_exception	: yes
cpuid level	: 11
wp		: yes
flags		: fpu vme de pse tsc msr pae mce cx8 apic sep mtrr pge mca cmov pat pse36 clflush dts acpi mmx fxsr sse sse2 ss ht tm pbe syscall nx rdtscp lm constant_tsc arch_perfmon pebs bts rep_good nopl xtopology nonstop_tsc aperfmperf pni dtes64 monitor ds_cpl vmx est tm2 ssse3 cx16 xtpr pdcm pcid sse4_1 sse4_2 popcnt lahf_lm arat dtherm tpr_shadow vnmi flexpriority ept vpid
bogomips	: 5054.41
clflush size	: 64
cache_alignment	: 64
address sizes	: 36 bits physical, 48 bits virtual
power management:

processor	: 2
vendor_id	: GenuineIntel
cpu family	: 6
model		: 37
model name	: Intel(R) Core(TM) i3 CPU       M 380  @ 2.53GHz
stepping	: 5
microcode	: 0x2
cpu MHz		: 933.000
cache size	: 3072 KB
physical id	: 0
siblings	: 4
core id		: 2
cpu cores	: 2
apicid		: 4
initial apicid	: 4
fpu		: yes
fpu_exception	: yes
cpuid level	: 11
wp		: yes
flags		: fpu vme de pse tsc msr pae mce cx8 apic sep mtrr pge mca cmov pat pse36 clflush dts acpi mmx fxsr sse sse2 ss ht tm pbe syscall nx rdtscp lm constant_tsc arch_perfmon pebs bts rep_good nopl xtopology nonstop_tsc aperfmperf pni dtes64 monitor ds_cpl vmx est tm2 ssse3 cx16 xtpr pdcm pcid sse4_1 sse4_2 popcnt lahf_lm arat dtherm tpr_shadow vnmi flexpriority ept vpid
bogomips	: 5054.41
clflush size	: 64
cache_alignment	: 64
address sizes	: 36 bits physical, 48 bits virtual
power management:

processor	: 3
vendor_id	: GenuineIntel
cpu family	: 6
model		: 37
model name	: Intel(R) Core(TM) i3 CPU       M 380  @ 2.53GHz
stepping	: 5
microcode	: 0x2
cpu MHz		: 933.000
cache size	: 3072 KB
physical id	: 0
siblings	: 4
core id		: 2
cpu cores	: 2
apicid		: 5
initial apicid	: 5
fpu		: yes
fpu_exception	: yes
cpuid level	: 11
wp		: yes
flags		: fpu vme de pse tsc msr pae mce cx8 apic sep mtrr pge mca cmov pat pse36 clflush dts acpi mmx fxsr sse sse2 ss ht tm pbe syscall nx rdtscp lm constant_tsc arch_perfmon pebs bts rep_good nopl xtopology nonstop_tsc aperfmperf pni dtes64 monitor ds_cpl vmx est tm2 ssse3 cx16 xtpr pdcm pcid sse4_1 sse4_2 popcnt lahf_lm arat dtherm tpr_shadow vnmi flexpriority ept vpid
bogomips	: 5054.41
clflush size	: 64
cache_alignment	: 64
address sizes	: 36 bits physical, 48 bits virtual
power management:



Memory: 4k page, physical 3715476k(1175896k free), swap 3856380k(3855740k free)

vm_info: OpenJDK 64-Bit Server VM (24.45-b08) for linux-amd64 JRE (1.7.0_51-b00), built on Jan 15 2014 22:02:57 by "buildd" with gcc 4.8.1

time: Mon Apr 21 23:45:23 2014
elapsed time: 10 seconds

