#
# A fatal error has been detected by the Java Runtime Environment:
#
#  SIGSEGV (0xb) at pc=0x00007f935bbfaaef, pid=29730, tid=140271261886208
#
# JRE version: OpenJDK Runtime Environment (7.0_51) (build 1.7.0_51-b00)
# Java VM: OpenJDK 64-Bit Server VM (24.45-b08 mixed mode linux-amd64 compressed oops)
# Problematic frame:
# C  [libintersection.so+0xaef]  find_intersections+0x19a
#
# Failed to write core dump. Core dumps have been disabled. To enable core dumping, try "ulimit -c unlimited" before starting Java again
#
# If you would like to submit a bug report, please include
# instructions on how to reproduce the bug and visit:
#   http://icedtea.classpath.org/bugzilla
# The crash happened outside the Java Virtual Machine in native code.
# See problematic frame for where to report the bug.
#

---------------  T H R E A D  ---------------

Current thread (0x00007f936c00a800):  JavaThread "main" [_thread_in_native, id=29755, stack(0x00007f93729ca000,0x00007f9372bcb000)]

siginfo:si_signo=SIGSEGV: si_errno=0, si_code=1 (SEGV_MAPERR), si_addr=0x0000000000000020

Registers:
RAX=0x0000000000000000, RBX=0x00000000d79ae250, RCX=0x00007f936c45a070, RDX=0x00007f9372bc8070
RSP=0x00007f9372bc8050, RBP=0x00007f9372bc8080, RSI=0x00007f936c45a070, RDI=0x0000000000000001
R8 =0x00000000ffffffff, R9 =0x0000000000000000, R10=0x00007f9372bc7df0, R11=0x00007f935bdfd36e
R12=0x0000000000000000, R13=0x00000000d79ae250, R14=0x00007f9372bc8168, R15=0x00007f936c00a800
RIP=0x00007f935bbfaaef, EFLAGS=0x0000000000010246, CSGSFS=0x0000000000000033, ERR=0x0000000000000004
  TRAPNO=0x000000000000000e

Top of Stack: (sp=0x00007f9372bc8050)
0x00007f9372bc8050:   4000000000000000 00007f936c459e10
0x00007f9372bc8060:   00007f936c459f30 00007f936c45a130
0x00007f9372bc8070:   00007f9372bc8070 0000000000000000
0x00007f9372bc8080:   00007f936c3c9150 00007f9360fbfcd9
0x00007f9372bc8090:   00000000d7d330e8 00000000d79ae250
0x00007f9372bc80a0:   00007f9372bc8120 00007f9369012738
0x00007f9372bc80b0:   00007f9372bc8110 00007f9369006233
0x00007f9372bc80c0:   00000000f5a87080 00000000f5ab5d68
0x00007f9372bc80d0:   00007f9372bc80d0 00000000d69ff00f
0x00007f9372bc80e0:   00007f9372bc80e0 0000000000000000
0x00007f9372bc80f0:   00007f9372bc8168 00000000d79b6778
0x00007f9372bc8100:   0000000000000000 00000000d79ae250
0x00007f9372bc8110:   0000000000000000 00007f9372bc8140
0x00007f9372bc8120:   00007f9372bc81b0 00007f9369006175
0x00007f9372bc8130:   00000000e11309d0 00007f936900ecd7
0x00007f9372bc8140:   00007f936c459e10 00007f936916adec
0x00007f9372bc8150:   00007f935bbfa955 00000000f593cc90
0x00007f9372bc8160:   00007f936c3c9150 00000000d69fba80
0x00007f9372bc8170:   00007f9372bc8170 00000000d7aab0b7
0x00007f9372bc8180:   00007f9372bc81e8 00000000d7ab7310
0x00007f9372bc8190:   00000000d7edd380 00000000d7aab0f8
0x00007f9372bc81a0:   00007f9372bc8140 00007f9372bc81c0
0x00007f9372bc81b0:   00007f9372bc8238 00007f9369006175
0x00007f9372bc81c0:   00007f936c459e10 00000000f64dd520
0x00007f9372bc81d0:   00007f935bbfa955 0000000000000000
0x00007f9372bc81e0:   00000000e101c928 00000000e11398d0
0x00007f9372bc81f0:   00000000f69800d8 00007f9372bc81f8
0x00007f9372bc8200:   00000000d7edc0ac 00007f9372bc8280
0x00007f9372bc8210:   00000000d7edc508 0000000000000000
0x00007f9372bc8220:   00000000d7edc0d0 00007f9372bc81c0
0x00007f9372bc8230:   00007f9372bc8258 00007f9372bc82c8
0x00007f9372bc8240:   00007f9369006233 00000000f64dd520 

Instructions: (pc=0x00007f935bbfaaef)
0x00007f935bbfaacf:   55 f0 48 8b 45 e0 48 89 d6 48 89 c7 b8 00 00 00
0x00007f935bbfaadf:   00 e8 5b fd ff ff 48 98 48 89 45 f8 48 8b 45 f8
0x00007f935bbfaaef:   48 8b 40 20 48 89 45 f0 48 8b 45 f0 48 8b 50 08
0x00007f935bbfaaff:   48 8b 45 f0 48 8b 00 48 89 55 d0 f2 0f 10 4d d0 

Register to memory mapping:

RAX=0x0000000000000000 is an unknown value
RBX=0x00000000d79ae250 is an oop
{method} 
 - klass: {other class}
RCX=0x00007f936c45a070 is an unknown value
RDX=0x00007f9372bc8070 is pointing into the stack for thread: 0x00007f936c00a800
RSP=0x00007f9372bc8050 is pointing into the stack for thread: 0x00007f936c00a800
RBP=0x00007f9372bc8080 is pointing into the stack for thread: 0x00007f936c00a800
RSI=0x00007f936c45a070 is an unknown value
RDI=0x0000000000000001 is an unknown value
R8 =0x00000000ffffffff is an unallocated location in the heap
R9 =0x0000000000000000 is an unknown value
R10=0x00007f9372bc7df0 is pointing into the stack for thread: 0x00007f936c00a800
R11=0x00007f935bdfd36e: rb_node_search+0 in lib/librb_tree.so at 0x00007f935bdfc000
R12=0x0000000000000000 is an unknown value
R13=0x00000000d79ae250 is an oop
{method} 
 - klass: {other class}
R14=0x00007f9372bc8168 is pointing into the stack for thread: 0x00007f936c00a800
R15=0x00007f936c00a800 is a thread


Stack: [0x00007f93729ca000,0x00007f9372bcb000],  sp=0x00007f9372bc8050,  free space=2040k
Native frames: (J=compiled Java code, j=interpreted, Vv=VM code, C=native code)
C  [libintersection.so+0xaef]  find_intersections+0x19a

Java frames: (J=compiled Java code, j=interpreted, Vv=VM code)
j  com.kenai.jffi.Foreign.invokeL1(JJJ)J+0
j  com.kenai.jffi.Invoker.invokeL1(Lcom/kenai/jffi/CallContext;JJ)J+7
j  org.jruby.ext.ffi.jffi.NativeInvoker$ffi$6.call(Lorg/jruby/runtime/ThreadContext;Lorg/jruby/runtime/builtin/IRubyObject;Lorg/jruby/RubyModule;Ljava/lang/String;Lorg/jruby/runtime/builtin/IRubyObject;)Lorg/jruby/runtime/builtin/IRubyObject;+76
j  org.jruby.runtime.callsite.CachingCallSite.cacheAndCall(Lorg/jruby/runtime/builtin/IRubyObject;Lorg/jruby/RubyClass;Lorg/jruby/runtime/ThreadContext;Lorg/jruby/runtime/builtin/IRubyObject;Lorg/jruby/runtime/builtin/IRubyObject;)Lorg/jruby/runtime/builtin/IRubyObject;+57
J  org.jruby.runtime.callsite.CachingCallSite.call(Lorg/jruby/runtime/ThreadContext;Lorg/jruby/runtime/builtin/IRubyObject;Lorg/jruby/runtime/builtin/IRubyObject;Lorg/jruby/runtime/builtin/IRubyObject;)Lorg/jruby/runtime/builtin/IRubyObject;
J  org.jruby.ast.CallOneArgNode.interpret(Lorg/jruby/Ruby;Lorg/jruby/runtime/ThreadContext;Lorg/jruby/runtime/builtin/IRubyObject;Lorg/jruby/runtime/Block;)Lorg/jruby/runtime/builtin/IRubyObject;
j  org.jruby.ast.LocalAsgnNode.interpret(Lorg/jruby/Ruby;Lorg/jruby/runtime/ThreadContext;Lorg/jruby/runtime/builtin/IRubyObject;Lorg/jruby/runtime/Block;)Lorg/jruby/runtime/builtin/IRubyObject;+30
J  org.jruby.ast.BlockNode.interpret(Lorg/jruby/Ruby;Lorg/jruby/runtime/ThreadContext;Lorg/jruby/runtime/builtin/IRubyObject;Lorg/jruby/runtime/Block;)Lorg/jruby/runtime/builtin/IRubyObject;
j  org.jruby.evaluator.ASTInterpreter.INTERPRET_METHOD(Lorg/jruby/Ruby;Lorg/jruby/runtime/ThreadContext;Ljava/lang/String;ILorg/jruby/RubyModule;Lorg/jruby/ast/Node;Ljava/lang/String;Lorg/jruby/runtime/builtin/IRubyObject;Lorg/jruby/runtime/Block;Z)Lorg/jruby/runtime/builtin/IRubyObject;+30
j  org.jruby.internal.runtime.methods.InterpretedMethod.call(Lorg/jruby/runtime/ThreadContext;Lorg/jruby/runtime/builtin/IRubyObject;Lorg/jruby/RubyModule;Ljava/lang/String;)Lorg/jruby/runtime/builtin/IRubyObject;+80
j  org.jruby.internal.runtime.methods.DefaultMethod.call(Lorg/jruby/runtime/ThreadContext;Lorg/jruby/runtime/builtin/IRubyObject;Lorg/jruby/RubyModule;Ljava/lang/String;)Lorg/jruby/runtime/builtin/IRubyObject;+20
J  org.jruby.ast.CallNoArgNode.interpret(Lorg/jruby/Ruby;Lorg/jruby/runtime/ThreadContext;Lorg/jruby/runtime/builtin/IRubyObject;Lorg/jruby/runtime/Block;)Lorg/jruby/runtime/builtin/IRubyObject;
j  org.jruby.ast.FCallTwoArgNode.interpret(Lorg/jruby/Ruby;Lorg/jruby/runtime/ThreadContext;Lorg/jruby/runtime/builtin/IRubyObject;Lorg/jruby/runtime/Block;)Lorg/jruby/runtime/builtin/IRubyObject;+28
J  org.jruby.ast.BlockNode.interpret(Lorg/jruby/Ruby;Lorg/jruby/runtime/ThreadContext;Lorg/jruby/runtime/builtin/IRubyObject;Lorg/jruby/runtime/Block;)Lorg/jruby/runtime/builtin/IRubyObject;
j  org.jruby.evaluator.ASTInterpreter.INTERPRET_METHOD(Lorg/jruby/Ruby;Lorg/jruby/runtime/ThreadContext;Ljava/lang/String;ILorg/jruby/RubyModule;Lorg/jruby/ast/Node;Ljava/lang/String;Lorg/jruby/runtime/builtin/IRubyObject;Lorg/jruby/runtime/Block;Z)Lorg/jruby/runtime/builtin/IRubyObject;+30
j  org.jruby.internal.runtime.methods.InterpretedMethod.call(Lorg/jruby/runtime/ThreadContext;Lorg/jruby/runtime/builtin/IRubyObject;Lorg/jruby/RubyModule;Ljava/lang/String;)Lorg/jruby/runtime/builtin/IRubyObject;+80
j  org.jruby.internal.runtime.methods.DefaultMethod.call(Lorg/jruby/runtime/ThreadContext;Lorg/jruby/runtime/builtin/IRubyObject;Lorg/jruby/RubyModule;Ljava/lang/String;)Lorg/jruby/runtime/builtin/IRubyObject;+20
j  org.jruby.runtime.callsite.CachingCallSite.cacheAndCall(Lorg/jruby/runtime/builtin/IRubyObject;Lorg/jruby/RubyClass;Lorg/jruby/runtime/ThreadContext;Lorg/jruby/runtime/builtin/IRubyObject;)Lorg/jruby/runtime/builtin/IRubyObject;+53
j  org.jruby.runtime.callsite.CachingCallSite.call(Lorg/jruby/runtime/ThreadContext;Lorg/jruby/runtime/builtin/IRubyObject;Lorg/jruby/runtime/builtin/IRubyObject;)Lorg/jruby/runtime/builtin/IRubyObject;+46
j  Makefile.method__3$RUBY$test(LMakefile;Lorg/jruby/runtime/ThreadContext;Lorg/jruby/runtime/builtin/IRubyObject;Lorg/jruby/runtime/Block;)Lorg/jruby/runtime/builtin/IRubyObject;+130
j  Makefile$method__3$RUBY$test.call(Lorg/jruby/runtime/ThreadContext;Lorg/jruby/runtime/builtin/IRubyObject;Lorg/jruby/RubyModule;Ljava/lang/String;Lorg/jruby/runtime/Block;)Lorg/jruby/runtime/builtin/IRubyObject;+17
j  org.jruby.RubyClass.finvoke(Lorg/jruby/runtime/ThreadContext;Lorg/jruby/runtime/builtin/IRubyObject;Ljava/lang/String;Lorg/jruby/runtime/Block;)Lorg/jruby/runtime/builtin/IRubyObject;+41
j  org.jruby.RubyBasicObject.send19(Lorg/jruby/runtime/ThreadContext;Lorg/jruby/runtime/builtin/IRubyObject;Lorg/jruby/runtime/Block;)Lorg/jruby/runtime/builtin/IRubyObject;+15
j  org.jruby.RubyKernel.send19(Lorg/jruby/runtime/ThreadContext;Lorg/jruby/runtime/builtin/IRubyObject;Lorg/jruby/runtime/builtin/IRubyObject;Lorg/jruby/runtime/Block;)Lorg/jruby/runtime/builtin/IRubyObject;+7
j  org.jruby.RubyKernel$INVOKER$s$send19.call(Lorg/jruby/runtime/ThreadContext;Lorg/jruby/runtime/builtin/IRubyObject;Lorg/jruby/RubyModule;Ljava/lang/String;Lorg/jruby/runtime/builtin/IRubyObject;Lorg/jruby/runtime/Block;)Lorg/jruby/runtime/builtin/IRubyObject;+6
j  org.jruby.internal.runtime.methods.JavaMethod$JavaMethodOneOrNBlock.call(Lorg/jruby/runtime/ThreadContext;Lorg/jruby/runtime/builtin/IRubyObject;Lorg/jruby/RubyModule;Ljava/lang/String;Lorg/jruby/runtime/builtin/IRubyObject;)Lorg/jruby/runtime/builtin/IRubyObject;+11
j  org.jruby.runtime.callsite.CachingCallSite.call(Lorg/jruby/runtime/ThreadContext;Lorg/jruby/runtime/builtin/IRubyObject;Lorg/jruby/runtime/builtin/IRubyObject;Lorg/jruby/runtime/builtin/IRubyObject;)Lorg/jruby/runtime/builtin/IRubyObject;+38
j  Makefile.block_7$RUBY$__file__(LMakefile;Lorg/jruby/runtime/ThreadContext;Lorg/jruby/runtime/builtin/IRubyObject;[Lorg/jruby/runtime/builtin/IRubyObject;Lorg/jruby/runtime/Block;)Lorg/jruby/runtime/builtin/IRubyObject;+46
j  Makefile$block_7$RUBY$__file__.call(Lorg/jruby/runtime/ThreadContext;Lorg/jruby/runtime/builtin/IRubyObject;[Lorg/jruby/runtime/builtin/IRubyObject;Lorg/jruby/runtime/Block;)Lorg/jruby/runtime/builtin/IRubyObject;+9
j  org.jruby.runtime.CompiledBlock19.yield(Lorg/jruby/runtime/ThreadContext;Lorg/jruby/runtime/builtin/IRubyObject;Lorg/jruby/runtime/Binding;Lorg/jruby/runtime/Block$Type;)Lorg/jruby/runtime/builtin/IRubyObject;+52
j  org.jruby.runtime.Block.yield(Lorg/jruby/runtime/ThreadContext;Lorg/jruby/runtime/builtin/IRubyObject;)Lorg/jruby/runtime/builtin/IRubyObject;+14
j  org.jruby.RubyArray.eachCommon(Lorg/jruby/runtime/ThreadContext;Lorg/jruby/runtime/Block;)Lorg/jruby/runtime/builtin/IRubyObject;+41
j  org.jruby.RubyArray.each(Lorg/jruby/runtime/ThreadContext;Lorg/jruby/runtime/Block;)Lorg/jruby/runtime/builtin/IRubyObject;+10
j  org.jruby.RubyArray$INVOKER$i$0$0$each.call(Lorg/jruby/runtime/ThreadContext;Lorg/jruby/runtime/builtin/IRubyObject;Lorg/jruby/RubyModule;Ljava/lang/String;Lorg/jruby/runtime/Block;)Lorg/jruby/runtime/builtin/IRubyObject;+7
j  org.jruby.runtime.callsite.CachingCallSite.cacheAndCall(Lorg/jruby/runtime/builtin/IRubyObject;Lorg/jruby/RubyClass;Lorg/jruby/runtime/Block;Lorg/jruby/runtime/ThreadContext;Lorg/jruby/runtime/builtin/IRubyObject;)Lorg/jruby/runtime/builtin/IRubyObject;+57
j  org.jruby.runtime.callsite.CachingCallSite.callBlock(Lorg/jruby/runtime/ThreadContext;Lorg/jruby/runtime/builtin/IRubyObject;Lorg/jruby/runtime/builtin/IRubyObject;Lorg/jruby/runtime/Block;)Lorg/jruby/runtime/builtin/IRubyObject;+50
j  org.jruby.runtime.callsite.CachingCallSite.callIter(Lorg/jruby/runtime/ThreadContext;Lorg/jruby/runtime/builtin/IRubyObject;Lorg/jruby/runtime/builtin/IRubyObject;Lorg/jruby/runtime/Block;)Lorg/jruby/runtime/builtin/IRubyObject;+6
j  Makefile.__file__(LMakefile;Lorg/jruby/runtime/ThreadContext;Lorg/jruby/runtime/builtin/IRubyObject;[Lorg/jruby/runtime/builtin/IRubyObject;Lorg/jruby/runtime/Block;)Lorg/jruby/runtime/builtin/IRubyObject;+938
j  Makefile.load(Lorg/jruby/runtime/ThreadContext;Lorg/jruby/runtime/builtin/IRubyObject;Z)Lorg/jruby/runtime/builtin/IRubyObject;+22
j  org.jruby.Ruby.runScript(Lorg/jruby/ast/executable/Script;Z)Lorg/jruby/runtime/builtin/IRubyObject;+12
j  org.jruby.Ruby.runScript(Lorg/jruby/ast/executable/Script;)Lorg/jruby/runtime/builtin/IRubyObject;+3
j  org.jruby.Ruby.runNormally(Lorg/jruby/ast/Node;)Lorg/jruby/runtime/builtin/IRubyObject;+73
j  org.jruby.Ruby.runFromMain(Ljava/io/InputStream;Ljava/lang/String;)V+320
j  org.jruby.Main.doRunFromMain(Lorg/jruby/Ruby;Ljava/io/InputStream;Ljava/lang/String;)Lorg/jruby/Main$Status;+12
j  org.jruby.Main.internalRun()Lorg/jruby/Main$Status;+234
j  org.jruby.Main.run([Ljava/lang/String;)Lorg/jruby/Main$Status;+9
j  org.jruby.Main.main([Ljava/lang/String;)V+35
v  ~StubRoutines::call_stub

---------------  P R O C E S S  ---------------

Java Threads: ( => current thread )
  0x00007f936c410000 JavaThread "JRubyJIT-2" daemon [_thread_blocked, id=29891, stack(0x00007f93607b4000,0x00007f93609b5000)]
  0x00007f936c3f0000 JavaThread "process reaper" daemon [_thread_blocked, id=29771, stack(0x00007f93680b6000,0x00007f93680ef000)]
  0x00007f936c3e3800 JavaThread "JRubyJIT-1" daemon [_thread_blocked, id=29768, stack(0x00007f9360db7000,0x00007f9360fb8000)]
  0x00007f936c0ae000 JavaThread "Service Thread" daemon [_thread_blocked, id=29766, stack(0x00007f936292f000,0x00007f9362b30000)]
  0x00007f936c0ab800 JavaThread "C2 CompilerThread1" daemon [_thread_in_native, id=29765, stack(0x00007f93681ff000,0x00007f9368300000)]
  0x00007f936c0a8800 JavaThread "C2 CompilerThread0" daemon [_thread_blocked, id=29764, stack(0x00007f9368300000,0x00007f9368401000)]
  0x00007f936c0a6800 JavaThread "Signal Dispatcher" daemon [_thread_blocked, id=29763, stack(0x00007f9368401000,0x00007f9368602000)]
  0x00007f936c082800 JavaThread "Finalizer" daemon [_thread_blocked, id=29762, stack(0x00007f93689fc000,0x00007f9368bfd000)]
  0x00007f936c080800 JavaThread "Reference Handler" daemon [_thread_blocked, id=29761, stack(0x00007f9368bfd000,0x00007f9368dfe000)]
=>0x00007f936c00a800 JavaThread "main" [_thread_in_native, id=29755, stack(0x00007f93729ca000,0x00007f9372bcb000)]

Other Threads:
  0x00007f936c07c800 VMThread [stack: 0x00007f9368dfe000,0x00007f9368eff000] [id=29760]
  0x00007f936c0b8800 WatcherThread [stack: 0x00007f93680fe000,0x00007f93681ff000] [id=29767]

VM state:not at safepoint (normal execution)

VM Mutex/Monitor currently owned by a thread: None

Heap
 PSYoungGen      total 17408K, used 14511K [0x00000000f5900000, 0x00000000f7b00000, 0x0000000100000000)
  eden space 15360K, 81% used [0x00000000f5900000,0x00000000f6532720,0x00000000f6800000)
  from space 2048K, 98% used [0x00000000f6800000,0x00000000f69f9518,0x00000000f6a00000)
  to   space 2048K, 0% used [0x00000000f7900000,0x00000000f7900000,0x00000000f7b00000)
 ParOldGen       total 38400K, used 8609K [0x00000000e0c00000, 0x00000000e3180000, 0x00000000f5900000)
  object space 38400K, 22% used [0x00000000e0c00000,0x00000000e14686d0,0x00000000e3180000)
 PSPermGen       total 25600K, used 25465K [0x00000000d6600000, 0x00000000d7f00000, 0x00000000e0c00000)
  object space 25600K, 99% used [0x00000000d6600000,0x00000000d7ede760,0x00000000d7f00000)

Card table byte_map: [0x00007f93717f0000,0x00007f937193e000] byte_map_base: 0x00007f937113d000

Polling page: 0x00007f9374fd8000

Code Cache  [0x00007f9369000000, 0x00007f9369270000, 0x00007f936c000000)
 total_blobs=942 nmethods=463 adapters=433 free_code_cache=47649Kb largest_free_block=48753472

Compilation events (10 events):
Event: 9,406 Thread 0x00007f936c0a8800  494             org.jruby.ext.ffi.Pointer::<init> (11 bytes)
Event: 9,409 Thread 0x00007f936c0a8800 nmethod 494 0x00007f936917c510 code [0x00007f936917c660, 0x00007f936917c758]
Event: 9,409 Thread 0x00007f936c0a8800  495             org.jruby.ext.ffi.Pointer::getPointerClass (8 bytes)
Event: 9,410 Thread 0x00007f936c0a8800 nmethod 495 0x00007f936917a0d0 code [0x00007f936917a200, 0x00007f936917a278]
Event: 9,410 Thread 0x00007f936c0a8800  496             org.jruby.ext.ffi.jffi.JITRuntime::newPointer64 (19 bytes)
Event: 9,411 Thread 0x00007f936c0ab800 nmethod 489 0x00007f93691806d0 code [0x00007f9369180880, 0x00007f9369180cb8]
Event: 9,411 Thread 0x00007f936c0ab800  497             org.jruby.RubyClass::getVariableTableManager (5 bytes)
Event: 9,412 Thread 0x00007f936c0ab800 nmethod 497 0x00007f936917c310 code [0x00007f936917c440, 0x00007f936917c498]
Event: 9,418 Thread 0x00007f936c0a8800 nmethod 496 0x00007f9369177350 code [0x00007f93691774c0, 0x00007f9369177738]
Event: 9,436 Thread 0x00007f936c0ab800  498             org.jruby.runtime.callsite.CachingCallSite::callBlock (58 bytes)

GC Heap History (6 events):
Event: 3,159 GC heap before
{Heap before GC invocations=1 (full 0):
 PSYoungGen      total 17408K, used 15360K [0x00000000f5900000, 0x00000000f6c00000, 0x0000000100000000)
  eden space 15360K, 100% used [0x00000000f5900000,0x00000000f6800000,0x00000000f6800000)
  from space 2048K, 0% used [0x00000000f6a00000,0x00000000f6a00000,0x00000000f6c00000)
  to   space 2048K, 0% used [0x00000000f6800000,0x00000000f6800000,0x00000000f6a00000)
 ParOldGen       total 38400K, used 0K [0x00000000e0c00000, 0x00000000e3180000, 0x00000000f5900000)
  object space 38400K, 0% used [0x00000000e0c00000,0x00000000e0c00000,0x00000000e3180000)
 PSPermGen       total 21504K, used 18950K [0x00000000d6600000, 0x00000000d7b00000, 0x00000000e0c00000)
  object space 21504K, 88% used [0x00000000d6600000,0x00000000d7881860,0x00000000d7b00000)
Event: 3,189 GC heap after
Heap after GC invocations=1 (full 0):
 PSYoungGen      total 17408K, used 2037K [0x00000000f5900000, 0x00000000f6c00000, 0x0000000100000000)
  eden space 15360K, 0% used [0x00000000f5900000,0x00000000f5900000,0x00000000f6800000)
  from space 2048K, 99% used [0x00000000f6800000,0x00000000f69fd4d8,0x00000000f6a00000)
  to   space 2048K, 0% used [0x00000000f6a00000,0x00000000f6a00000,0x00000000f6c00000)
 ParOldGen       total 38400K, used 3784K [0x00000000e0c00000, 0x00000000e3180000, 0x00000000f5900000)
  object space 38400K, 9% used [0x00000000e0c00000,0x00000000e0fb2120,0x00000000e3180000)
 PSPermGen       total 21504K, used 18950K [0x00000000d6600000, 0x00000000d7b00000, 0x00000000e0c00000)
  object space 21504K, 88% used [0x00000000d6600000,0x00000000d7881860,0x00000000d7b00000)
}
Event: 5,410 GC heap before
{Heap before GC invocations=2 (full 0):
 PSYoungGen      total 17408K, used 17397K [0x00000000f5900000, 0x00000000f6c00000, 0x0000000100000000)
  eden space 15360K, 100% used [0x00000000f5900000,0x00000000f6800000,0x00000000f6800000)
  from space 2048K, 99% used [0x00000000f6800000,0x00000000f69fd4d8,0x00000000f6a00000)
  to   space 2048K, 0% used [0x00000000f6a00000,0x00000000f6a00000,0x00000000f6c00000)
 ParOldGen       total 38400K, used 3784K [0x00000000e0c00000, 0x00000000e3180000, 0x00000000f5900000)
  object space 38400K, 9% used [0x00000000e0c00000,0x00000000e0fb2120,0x00000000e3180000)
 PSPermGen       total 23552K, used 23438K [0x00000000d6600000, 0x00000000d7d00000, 0x00000000e0c00000)
  object space 23552K, 99% used [0x00000000d6600000,0x00000000d7ce3ba8,0x00000000d7d00000)
Event: 5,460 GC heap after
Heap after GC invocations=2 (full 0):
 PSYoungGen      total 17408K, used 2037K [0x00000000f5900000, 0x00000000f7b00000, 0x0000000100000000)
  eden space 15360K, 0% used [0x00000000f5900000,0x00000000f5900000,0x00000000f6800000)
  from space 2048K, 99% used [0x00000000f6a00000,0x00000000f6bfd528,0x00000000f6c00000)
  to   space 2048K, 0% used [0x00000000f6800000,0x00000000f6800000,0x00000000f6a00000)
 ParOldGen       total 38400K, used 5891K [0x00000000e0c00000, 0x00000000e3180000, 0x00000000f5900000)
  object space 38400K, 15% used [0x00000000e0c00000,0x00000000e11c0f18,0x00000000e3180000)
 PSPermGen       total 23552K, used 23438K [0x00000000d6600000, 0x00000000d7d00000, 0x00000000e0c00000)
  object space 23552K, 99% used [0x00000000d6600000,0x00000000d7ce3ba8,0x00000000d7d00000)
}
Event: 7,840 GC heap before
{Heap before GC invocations=3 (full 0):
 PSYoungGen      total 17408K, used 17397K [0x00000000f5900000, 0x00000000f7b00000, 0x0000000100000000)
  eden space 15360K, 100% used [0x00000000f5900000,0x00000000f6800000,0x00000000f6800000)
  from space 2048K, 99% used [0x00000000f6a00000,0x00000000f6bfd528,0x00000000f6c00000)
  to   space 2048K, 0% used [0x00000000f6800000,0x00000000f6800000,0x00000000f6a00000)
 ParOldGen       total 38400K, used 5891K [0x00000000e0c00000, 0x00000000e3180000, 0x00000000f5900000)
  object space 38400K, 15% used [0x00000000e0c00000,0x00000000e11c0f18,0x00000000e3180000)
 PSPermGen       total 25600K, used 25150K [0x00000000d6600000, 0x00000000d7f00000, 0x00000000e0c00000)
  object space 25600K, 98% used [0x00000000d6600000,0x00000000d7e8f838,0x00000000d7f00000)
Event: 7,875 GC heap after
Heap after GC invocations=3 (full 0):
 PSYoungGen      total 17408K, used 2021K [0x00000000f5900000, 0x00000000f7b00000, 0x0000000100000000)
  eden space 15360K, 0% used [0x00000000f5900000,0x00000000f5900000,0x00000000f6800000)
  from space 2048K, 98% used [0x00000000f6800000,0x00000000f69f9518,0x00000000f6a00000)
  to   space 2048K, 0% used [0x00000000f7900000,0x00000000f7900000,0x00000000f7b00000)
 ParOldGen       total 38400K, used 8609K [0x00000000e0c00000, 0x00000000e3180000, 0x00000000f5900000)
  object space 38400K, 22% used [0x00000000e0c00000,0x00000000e14686d0,0x00000000e3180000)
 PSPermGen       total 25600K, used 25150K [0x00000000d6600000, 0x00000000d7f00000, 0x00000000e0c00000)
  object space 25600K, 98% used [0x00000000d6600000,0x00000000d7e8f838,0x00000000d7f00000)
}

Deoptimization events (10 events):
Event: 9,414 Thread 0x00007f936c00a800 Uncommon trap: reason=class_check action=maybe_recompile pc=0x00007f93690d64f8 method=org.jruby.RubyArray.compare(Lorg/jruby/runtime/ThreadContext;Lorg/jruby/runtime/invokedynamic/MethodNames;Lorg/jruby/runtime/builtin/IRubyObject;)Lorg/jruby/RubyBoolean;
Event: 9,420 Thread 0x00007f936c00a800 Uncommon trap: reason=class_check action=maybe_recompile pc=0x00007f936916a6c4 method=org.jruby.ext.ffi.StructByReference.to_native(Lorg/jruby/runtime/ThreadContext;Lorg/jruby/runtime/builtin/IRubyObject;Lorg/jruby/runtime/builtin/IRubyObject;)Lorg/jruby/
Event: 9,421 Thread 0x00007f936c00a800 Uncommon trap: reason=bimorphic action=maybe_recompile pc=0x00007f9369180b48 method=org.jruby.RubyClass.allocate()Lorg/jruby/runtime/builtin/IRubyObject; @ 54
Event: 9,422 Thread 0x00007f936c00a800 Uncommon trap: reason=bimorphic action=maybe_recompile pc=0x00007f9369180b48 method=org.jruby.RubyClass.allocate()Lorg/jruby/runtime/builtin/IRubyObject; @ 54
Event: 9,422 Thread 0x00007f936c00a800 Uncommon trap: reason=class_check action=maybe_recompile pc=0x00007f93690b17e4 method=org.jruby.runtime.ivars.VariableAccessor.get(Ljava/lang/Object;)Ljava/lang/Object; @ 1
Event: 9,422 Thread 0x00007f936c00a800 Uncommon trap: reason=class_check action=maybe_recompile pc=0x00007f93690b17e4 method=org.jruby.runtime.ivars.VariableAccessor.get(Ljava/lang/Object;)Ljava/lang/Object; @ 1
Event: 9,422 Thread 0x00007f936c00a800 Uncommon trap: reason=class_check action=maybe_recompile pc=0x00007f93690b17e4 method=org.jruby.runtime.ivars.VariableAccessor.get(Ljava/lang/Object;)Ljava/lang/Object; @ 1
Event: 9,422 Thread 0x00007f936c00a800 Uncommon trap: reason=class_check action=maybe_recompile pc=0x00007f93690b17e4 method=org.jruby.runtime.ivars.VariableAccessor.get(Ljava/lang/Object;)Ljava/lang/Object; @ 1
Event: 9,422 Thread 0x00007f936c00a800 Uncommon trap: reason=bimorphic action=maybe_recompile pc=0x00007f9369180b48 method=org.jruby.RubyClass.allocate()Lorg/jruby/runtime/builtin/IRubyObject; @ 54
Event: 9,423 Thread 0x00007f936c00a800 Uncommon trap: reason=bimorphic action=maybe_recompile pc=0x00007f9369180b48 method=org.jruby.RubyClass.allocate()Lorg/jruby/runtime/builtin/IRubyObject; @ 54

Internal exceptions (10 events):
Event: 8,263 Thread 0x00007f936c00a800 Threw 0x00000000f5c68030 at /build/buildd/openjdk-7-7u51-2.4.4/build/openjdk/hotspot/src/share/vm/prims/jvm.cpp:1244
Event: 8,263 Thread 0x00007f936c00a800 Threw 0x00000000f5c68ae0 at /build/buildd/openjdk-7-7u51-2.4.4/build/openjdk/hotspot/src/share/vm/prims/jvm.cpp:1244
Event: 8,265 Thread 0x00007f936c00a800 Threw 0x00000000f5c74650 at /build/buildd/openjdk-7-7u51-2.4.4/build/openjdk/hotspot/src/share/vm/prims/jvm.cpp:1244
Event: 8,265 Thread 0x00007f936c00a800 Threw 0x00000000f5c76738 at /build/buildd/openjdk-7-7u51-2.4.4/build/openjdk/hotspot/src/share/vm/prims/jvm.cpp:1244
Event: 8,265 Thread 0x00007f936c00a800 Threw 0x00000000f5c771e8 at /build/buildd/openjdk-7-7u51-2.4.4/build/openjdk/hotspot/src/share/vm/prims/jvm.cpp:1244
Event: 8,266 Thread 0x00007f936c00a800 Threw 0x00000000f5c79088 at /build/buildd/openjdk-7-7u51-2.4.4/build/openjdk/hotspot/src/share/vm/prims/jvm.cpp:1244
Event: 8,266 Thread 0x00007f936c00a800 Threw 0x00000000f5c7b148 at /build/buildd/openjdk-7-7u51-2.4.4/build/openjdk/hotspot/src/share/vm/prims/jvm.cpp:1244
Event: 8,266 Thread 0x00007f936c00a800 Threw 0x00000000f5c7bbf8 at /build/buildd/openjdk-7-7u51-2.4.4/build/openjdk/hotspot/src/share/vm/prims/jvm.cpp:1244
Event: 9,434 Thread 0x00007f936c3e3800 Threw 0x00000000f59fd448 at /build/buildd/openjdk-7-7u51-2.4.4/build/openjdk/hotspot/src/share/vm/prims/jvm.cpp:1244
Event: 9,434 Thread 0x00007f936c3e3800 Threw 0x00000000f65089e0 at /build/buildd/openjdk-7-7u51-2.4.4/build/openjdk/hotspot/src/share/vm/prims/jvm.cpp:1244

Events (10 events):
Event: 9,422 Thread 0x00007f936c00a800 DEOPT PACKING pc=0x00007f93690b17e4 sp=0x00007f9372bc72e0
Event: 9,422 Thread 0x00007f936c00a800 DEOPT UNPACKING pc=0x00007f9369039045 sp=0x00007f9372bc72a8 mode 2
Event: 9,422 Thread 0x00007f936c00a800 Uncommon trap: trap_request=0xffffffc6 fr.pc=0x00007f9369180b48
Event: 9,422 Thread 0x00007f936c00a800 DEOPT PACKING pc=0x00007f9369180b48 sp=0x00007f9372bc7700
Event: 9,422 Thread 0x00007f936c00a800 DEOPT UNPACKING pc=0x00007f9369039045 sp=0x00007f9372bc76f0 mode 2
Event: 9,423 Thread 0x00007f936c00a800 Uncommon trap: trap_request=0xffffffc6 fr.pc=0x00007f9369180b48
Event: 9,423 Thread 0x00007f936c00a800 DEOPT PACKING pc=0x00007f9369180b48 sp=0x00007f9372bc7700
Event: 9,423 Thread 0x00007f936c00a800 DEOPT UNPACKING pc=0x00007f9369039045 sp=0x00007f9372bc76f0 mode 2
Event: 9,433 loading class 0x00007f933000b480
Event: 9,433 loading class 0x00007f933000b480 done


Dynamic libraries:
00400000-00401000 r-xp 00000000 08:01 15861394                           /usr/lib/jvm/java-7-openjdk-amd64/jre/bin/java
00600000-00601000 r--p 00000000 08:01 15861394                           /usr/lib/jvm/java-7-openjdk-amd64/jre/bin/java
00601000-00602000 rw-p 00001000 08:01 15861394                           /usr/lib/jvm/java-7-openjdk-amd64/jre/bin/java
024ad000-024ce000 rw-p 00000000 00:00 0                                  [heap]
d6600000-d7f00000 rw-p 00000000 00:00 0 
d7f00000-e0c00000 rw-p 00000000 00:00 0 
e0c00000-e3180000 rw-p 00000000 00:00 0 
e3180000-f5900000 rw-p 00000000 00:00 0 
f5900000-f7b00000 rw-p 00000000 00:00 0 
f7b00000-100000000 rw-p 00000000 00:00 0 
7f931c000000-7f931c021000 rw-p 00000000 00:00 0 
7f931c021000-7f9320000000 ---p 00000000 00:00 0 
7f9320000000-7f9320021000 rw-p 00000000 00:00 0 
7f9320021000-7f9324000000 ---p 00000000 00:00 0 
7f9324000000-7f9324021000 rw-p 00000000 00:00 0 
7f9324021000-7f9328000000 ---p 00000000 00:00 0 
7f9328000000-7f9328021000 rw-p 00000000 00:00 0 
7f9328021000-7f932c000000 ---p 00000000 00:00 0 
7f932c000000-7f932c021000 rw-p 00000000 00:00 0 
7f932c021000-7f9330000000 ---p 00000000 00:00 0 
7f9330000000-7f9330027000 rw-p 00000000 00:00 0 
7f9330027000-7f9334000000 ---p 00000000 00:00 0 
7f9334000000-7f9334c9d000 rw-p 00000000 00:00 0 
7f9334c9d000-7f9338000000 ---p 00000000 00:00 0 
7f9338000000-7f9338021000 rw-p 00000000 00:00 0 
7f9338021000-7f933c000000 ---p 00000000 00:00 0 
7f933c000000-7f933c021000 rw-p 00000000 00:00 0 
7f933c021000-7f9340000000 ---p 00000000 00:00 0 
7f9340000000-7f9340b7e000 rw-p 00000000 00:00 0 
7f9340b7e000-7f9344000000 ---p 00000000 00:00 0 
7f9344000000-7f9344021000 rw-p 00000000 00:00 0 
7f9344021000-7f9348000000 ---p 00000000 00:00 0 
7f9348000000-7f9348021000 rw-p 00000000 00:00 0 
7f9348021000-7f934c000000 ---p 00000000 00:00 0 
7f934c000000-7f934c021000 rw-p 00000000 00:00 0 
7f934c021000-7f9350000000 ---p 00000000 00:00 0 
7f9350000000-7f9350031000 rw-p 00000000 00:00 0 
7f9350031000-7f9354000000 ---p 00000000 00:00 0 
7f9354000000-7f9354021000 rw-p 00000000 00:00 0 
7f9354021000-7f9358000000 ---p 00000000 00:00 0 
7f935bbfa000-7f935bbfb000 r-xp 00000000 08:01 13893852                   /home/alex/Documents/8vo_Semestre/Geometría Computacional/Lab/practica02p1/src/lib/libintersection.so
7f935bbfb000-7f935bdfa000 ---p 00001000 08:01 13893852                   /home/alex/Documents/8vo_Semestre/Geometría Computacional/Lab/practica02p1/src/lib/libintersection.so
7f935bdfa000-7f935bdfb000 r--p 00000000 08:01 13893852                   /home/alex/Documents/8vo_Semestre/Geometría Computacional/Lab/practica02p1/src/lib/libintersection.so
7f935bdfb000-7f935bdfc000 rw-p 00001000 08:01 13893852                   /home/alex/Documents/8vo_Semestre/Geometría Computacional/Lab/practica02p1/src/lib/libintersection.so
7f935bdfc000-7f935bdff000 r-xp 00000000 08:01 13893851                   /home/alex/Documents/8vo_Semestre/Geometría Computacional/Lab/practica02p1/src/lib/librb_tree.so
7f935bdff000-7f935bffe000 ---p 00003000 08:01 13893851                   /home/alex/Documents/8vo_Semestre/Geometría Computacional/Lab/practica02p1/src/lib/librb_tree.so
7f935bffe000-7f935bfff000 r--p 00002000 08:01 13893851                   /home/alex/Documents/8vo_Semestre/Geometría Computacional/Lab/practica02p1/src/lib/librb_tree.so
7f935bfff000-7f935c000000 rw-p 00003000 08:01 13893851                   /home/alex/Documents/8vo_Semestre/Geometría Computacional/Lab/practica02p1/src/lib/librb_tree.so
7f935c000000-7f935c021000 rw-p 00000000 00:00 0 
7f935c021000-7f9360000000 ---p 00000000 00:00 0 
7f93601ac000-7f93601ae000 r-xp 00000000 08:01 13893850                   /home/alex/Documents/8vo_Semestre/Geometría Computacional/Lab/practica02p1/src/lib/libdouble_linked_list.so
7f93601ae000-7f93603ad000 ---p 00002000 08:01 13893850                   /home/alex/Documents/8vo_Semestre/Geometría Computacional/Lab/practica02p1/src/lib/libdouble_linked_list.so
7f93603ad000-7f93603ae000 r--p 00001000 08:01 13893850                   /home/alex/Documents/8vo_Semestre/Geometría Computacional/Lab/practica02p1/src/lib/libdouble_linked_list.so
7f93603ae000-7f93603af000 rw-p 00002000 08:01 13893850                   /home/alex/Documents/8vo_Semestre/Geometría Computacional/Lab/practica02p1/src/lib/libdouble_linked_list.so
7f93603af000-7f93603b0000 r-xp 00000000 08:01 13893835                   /home/alex/Documents/8vo_Semestre/Geometría Computacional/Lab/practica02p1/src/lib/libhalf_edge.so
7f93603b0000-7f93605b0000 ---p 00001000 08:01 13893835                   /home/alex/Documents/8vo_Semestre/Geometría Computacional/Lab/practica02p1/src/lib/libhalf_edge.so
7f93605b0000-7f93605b1000 r--p 00001000 08:01 13893835                   /home/alex/Documents/8vo_Semestre/Geometría Computacional/Lab/practica02p1/src/lib/libhalf_edge.so
7f93605b1000-7f93605b2000 rw-p 00002000 08:01 13893835                   /home/alex/Documents/8vo_Semestre/Geometría Computacional/Lab/practica02p1/src/lib/libhalf_edge.so
7f93605b2000-7f93605b3000 r-xp 00000000 08:01 13893834                   /home/alex/Documents/8vo_Semestre/Geometría Computacional/Lab/practica02p1/src/lib/lib2d_points.so
7f93605b3000-7f93607b2000 ---p 00001000 08:01 13893834                   /home/alex/Documents/8vo_Semestre/Geometría Computacional/Lab/practica02p1/src/lib/lib2d_points.so
7f93607b2000-7f93607b3000 r--p 00000000 08:01 13893834                   /home/alex/Documents/8vo_Semestre/Geometría Computacional/Lab/practica02p1/src/lib/lib2d_points.so
7f93607b3000-7f93607b4000 rw-p 00001000 08:01 13893834                   /home/alex/Documents/8vo_Semestre/Geometría Computacional/Lab/practica02p1/src/lib/lib2d_points.so
7f93607b4000-7f93607b7000 ---p 00000000 00:00 0 
7f93607b7000-7f93609b5000 rw-p 00000000 00:00 0                          [stack:29891]
7f93609b5000-7f93609b8000 ---p 00000000 00:00 0 
7f93609b8000-7f9360bb6000 rw-p 00000000 00:00 0 
7f9360bb6000-7f9360bb9000 ---p 00000000 00:00 0 
7f9360bb9000-7f9360db7000 rw-p 00000000 00:00 0 
7f9360db7000-7f9360dba000 ---p 00000000 00:00 0 
7f9360dba000-7f9360fb8000 rw-p 00000000 00:00 0                          [stack:29768]
7f9360fb8000-7f9360fca000 r-xp 00000000 08:01 12059135                   /home/alex/.rbenv/versions/jruby-1.7.10/lib/jni/x86_64-Linux/libjffi-1.2.so
7f9360fca000-7f93611c9000 ---p 00012000 08:01 12059135                   /home/alex/.rbenv/versions/jruby-1.7.10/lib/jni/x86_64-Linux/libjffi-1.2.so
7f93611c9000-7f93611ca000 rw-p 00011000 08:01 12059135                   /home/alex/.rbenv/versions/jruby-1.7.10/lib/jni/x86_64-Linux/libjffi-1.2.so
7f93611ca000-7f93611da000 r-xp 00000000 08:01 15861288                   /usr/lib/jvm/java-7-openjdk-amd64/jre/lib/amd64/libnio.so
7f93611da000-7f93613da000 ---p 00010000 08:01 15861288                   /usr/lib/jvm/java-7-openjdk-amd64/jre/lib/amd64/libnio.so
7f93613da000-7f93613db000 r--p 00010000 08:01 15861288                   /usr/lib/jvm/java-7-openjdk-amd64/jre/lib/amd64/libnio.so
7f93613db000-7f93613dc000 rw-p 00011000 08:01 15861288                   /usr/lib/jvm/java-7-openjdk-amd64/jre/lib/amd64/libnio.so
7f93613dc000-7f9361419000 r-xp 00000000 08:01 8130434                    /lib/x86_64-linux-gnu/libpcre.so.3.13.1
7f9361419000-7f9361619000 ---p 0003d000 08:01 8130434                    /lib/x86_64-linux-gnu/libpcre.so.3.13.1
7f9361619000-7f936161a000 r--p 0003d000 08:01 8130434                    /lib/x86_64-linux-gnu/libpcre.so.3.13.1
7f936161a000-7f936161b000 rw-p 0003e000 08:01 8130434                    /lib/x86_64-linux-gnu/libpcre.so.3.13.1
7f936161b000-7f9361622000 r-xp 00000000 08:01 15735894                   /usr/lib/x86_64-linux-gnu/libffi.so.6.0.1
7f9361622000-7f9361821000 ---p 00007000 08:01 15735894                   /usr/lib/x86_64-linux-gnu/libffi.so.6.0.1
7f9361821000-7f9361822000 r--p 00006000 08:01 15735894                   /usr/lib/x86_64-linux-gnu/libffi.so.6.0.1
7f9361822000-7f9361823000 rw-p 00007000 08:01 15735894                   /usr/lib/x86_64-linux-gnu/libffi.so.6.0.1
7f9361823000-7f9361839000 r-xp 00000000 08:01 8130457                    /lib/x86_64-linux-gnu/libresolv-2.17.so
7f9361839000-7f9361a39000 ---p 00016000 08:01 8130457                    /lib/x86_64-linux-gnu/libresolv-2.17.so
7f9361a39000-7f9361a3a000 r--p 00016000 08:01 8130457                    /lib/x86_64-linux-gnu/libresolv-2.17.so
7f9361a3a000-7f9361a3b000 rw-p 00017000 08:01 8130457                    /lib/x86_64-linux-gnu/libresolv-2.17.so
7f9361a3b000-7f9361a3d000 rw-p 00000000 00:00 0 
7f9361a3d000-7f9361a5c000 r-xp 00000000 08:01 8130461                    /lib/x86_64-linux-gnu/libselinux.so.1
7f9361a5c000-7f9361c5c000 ---p 0001f000 08:01 8130461                    /lib/x86_64-linux-gnu/libselinux.so.1
7f9361c5c000-7f9361c5d000 r--p 0001f000 08:01 8130461                    /lib/x86_64-linux-gnu/libselinux.so.1
7f9361c5d000-7f9361c5e000 rw-p 00020000 08:01 8130461                    /lib/x86_64-linux-gnu/libselinux.so.1
7f9361c5e000-7f9361c5f000 rw-p 00000000 00:00 0 
7f9361c5f000-7f9361c62000 r-xp 00000000 08:01 15729078                   /usr/lib/x86_64-linux-gnu/libgmodule-2.0.so.0.3800.1
7f9361c62000-7f9361e61000 ---p 00003000 08:01 15729078                   /usr/lib/x86_64-linux-gnu/libgmodule-2.0.so.0.3800.1
7f9361e61000-7f9361e62000 r--p 00002000 08:01 15729078                   /usr/lib/x86_64-linux-gnu/libgmodule-2.0.so.0.3800.1
7f9361e62000-7f9361e63000 rw-p 00003000 08:01 15729078                   /usr/lib/x86_64-linux-gnu/libgmodule-2.0.so.0.3800.1
7f9361e63000-7f9361f61000 r-xp 00000000 08:01 8130449                    /lib/x86_64-linux-gnu/libglib-2.0.so.0.3800.1
7f9361f61000-7f9362161000 ---p 000fe000 08:01 8130449                    /lib/x86_64-linux-gnu/libglib-2.0.so.0.3800.1
7f9362161000-7f9362162000 r--p 000fe000 08:01 8130449                    /lib/x86_64-linux-gnu/libglib-2.0.so.0.3800.1
7f9362162000-7f9362163000 rw-p 000ff000 08:01 8130449                    /lib/x86_64-linux-gnu/libglib-2.0.so.0.3800.1
7f9362163000-7f9362164000 rw-p 00000000 00:00 0 
7f9362164000-7f93621b3000 r-xp 00000000 08:01 15729069                   /usr/lib/x86_64-linux-gnu/libgobject-2.0.so.0.3800.1
7f93621b3000-7f93623b3000 ---p 0004f000 08:01 15729069                   /usr/lib/x86_64-linux-gnu/libgobject-2.0.so.0.3800.1
7f93623b3000-7f93623b4000 r--p 0004f000 08:01 15729069                   /usr/lib/x86_64-linux-gnu/libgobject-2.0.so.0.3800.1
7f93623b4000-7f93623b5000 rw-p 00050000 08:01 15729069                   /usr/lib/x86_64-linux-gnu/libgobject-2.0.so.0.3800.1
7f93623b5000-7f9362511000 r-xp 00000000 08:01 15729043                   /usr/lib/x86_64-linux-gnu/libgio-2.0.so.0.3800.1
7f9362511000-7f9362710000 ---p 0015c000 08:01 15729043                   /usr/lib/x86_64-linux-gnu/libgio-2.0.so.0.3800.1
7f9362710000-7f9362714000 r--p 0015b000 08:01 15729043                   /usr/lib/x86_64-linux-gnu/libgio-2.0.so.0.3800.1
7f9362714000-7f9362716000 rw-p 0015f000 08:01 15729043                   /usr/lib/x86_64-linux-gnu/libgio-2.0.so.0.3800.1
7f9362716000-7f9362718000 rw-p 00000000 00:00 0 
7f9362718000-7f936272e000 r-xp 00000000 08:01 15861076                   /usr/lib/jvm/java-7-openjdk-amd64/jre/lib/amd64/libnet.so
7f936272e000-7f936292d000 ---p 00016000 08:01 15861076                   /usr/lib/jvm/java-7-openjdk-amd64/jre/lib/amd64/libnet.so
7f936292d000-7f936292e000 r--p 00015000 08:01 15861076                   /usr/lib/jvm/java-7-openjdk-amd64/jre/lib/amd64/libnet.so
7f936292e000-7f936292f000 rw-p 00016000 08:01 15861076                   /usr/lib/jvm/java-7-openjdk-amd64/jre/lib/amd64/libnet.so
7f936292f000-7f9362932000 ---p 00000000 00:00 0 
7f9362932000-7f9364000000 rw-p 00000000 00:00 0                          [stack:29766]
7f9364000000-7f9364021000 rw-p 00000000 00:00 0 
7f9364021000-7f9368000000 ---p 00000000 00:00 0 
7f93680b5000-7f93680b6000 rw-p 00000000 00:00 0 
7f93680b6000-7f93680b9000 ---p 00000000 00:00 0 
7f93680b9000-7f93680ef000 rw-p 00000000 00:00 0                          [stack:29771]
7f93680ef000-7f93680f0000 r-xp 00000000 00:00 0 
7f93680f0000-7f93680f7000 r--s 00000000 08:01 16127910                   /usr/lib/x86_64-linux-gnu/gconv/gconv-modules.cache
7f93680f7000-7f93680fa000 r--s 00032000 08:01 15861310                   /usr/lib/jvm/java-7-openjdk-amd64/jre/lib/ext/sunjce_provider.jar
7f93680fa000-7f93680fe000 r--s 00085000 08:01 15861304                   /usr/lib/jvm/java-7-openjdk-amd64/jre/lib/ext/localedata.jar
7f93680fe000-7f93680ff000 ---p 00000000 00:00 0 
7f93680ff000-7f93681ff000 rw-p 00000000 00:00 0                          [stack:29767]
7f93681ff000-7f9368202000 ---p 00000000 00:00 0 
7f9368202000-7f9368300000 rw-p 00000000 00:00 0                          [stack:29765]
7f9368300000-7f9368303000 ---p 00000000 00:00 0 
7f9368303000-7f9368401000 rw-p 00000000 00:00 0                          [stack:29764]
7f9368401000-7f9368404000 ---p 00000000 00:00 0 
7f9368404000-7f9368602000 rw-p 00000000 00:00 0                          [stack:29763]
7f9368602000-7f93689fc000 r--p 00000000 08:01 15734328                   /usr/lib/locale/locale-archive
7f93689fc000-7f93689ff000 ---p 00000000 00:00 0 
7f93689ff000-7f9368bfd000 rw-p 00000000 00:00 0                          [stack:29762]
7f9368bfd000-7f9368c00000 ---p 00000000 00:00 0 
7f9368c00000-7f9368dfe000 rw-p 00000000 00:00 0                          [stack:29761]
7f9368dfe000-7f9368dff000 ---p 00000000 00:00 0 
7f9368dff000-7f9369000000 rw-p 00000000 00:00 0                          [stack:29760]
7f9369000000-7f9369270000 rwxp 00000000 00:00 0 
7f9369270000-7f936c47b000 rw-p 00000000 00:00 0 
7f936c47b000-7f9370000000 ---p 00000000 00:00 0 
7f9370000000-7f9370002000 r--s 00012000 08:01 15861308                   /usr/lib/jvm/java-7-openjdk-amd64/jre/lib/ext/zipfs.jar
7f9370002000-7f9370004000 r--s 00006000 08:01 16256853                   /usr/share/java/java-atk-wrapper.jar
7f9370004000-7f9370005000 r--s 00002000 08:01 15861314                   /usr/lib/jvm/java-7-openjdk-amd64/jre/lib/ext/dnsns.jar
7f9370005000-7f9370008000 r--s 0000f000 08:01 15861306                   /usr/lib/jvm/java-7-openjdk-amd64/jre/lib/ext/pulse-java.jar
7f9370008000-7f937000c000 r--s 0003b000 08:01 15861316                   /usr/lib/jvm/java-7-openjdk-amd64/jre/lib/ext/sunpkcs11.jar
7f937000c000-7f9370ec7000 rw-p 00000000 00:00 0 
7f9370ec7000-7f9370fb0000 r--s 00bb9000 08:01 12059138                   /home/alex/.rbenv/versions/jruby-1.7.10/lib/jruby.jar
7f9370fb0000-7f9370ff8000 rw-p 00000000 00:00 0 
7f9370ff8000-7f93711a6000 r--s 01cf4000 08:01 15861374                   /usr/lib/jvm/java-7-openjdk-amd64/jre/lib/rt.jar
7f93711a6000-7f93713ec000 rw-p 00000000 00:00 0 
7f93713ec000-7f93713ed000 ---p 00000000 00:00 0 
7f93713ed000-7f93714ed000 rw-p 00000000 00:00 0                          [stack:29759]
7f93714ed000-7f93714ee000 ---p 00000000 00:00 0 
7f93714ee000-7f93715ee000 rw-p 00000000 00:00 0                          [stack:29758]
7f93715ee000-7f93715ef000 ---p 00000000 00:00 0 
7f93715ef000-7f93716ef000 rw-p 00000000 00:00 0                          [stack:29757]
7f93716ef000-7f93716f0000 ---p 00000000 00:00 0 
7f93716f0000-7f93717fd000 rw-p 00000000 00:00 0                          [stack:29756]
7f93717fd000-7f9371843000 rw-p 00000000 00:00 0 
7f9371843000-7f9371856000 rw-p 00000000 00:00 0 
7f9371856000-7f93718e9000 rw-p 00000000 00:00 0 
7f93718e9000-7f93718fb000 rw-p 00000000 00:00 0 
7f93718fb000-7f937193d000 rw-p 00000000 00:00 0 
7f937193d000-7f937193e000 rw-p 00000000 00:00 0 
7f937193e000-7f9371946000 r-xp 00000000 08:01 15861025                   /usr/lib/jvm/java-7-openjdk-amd64/jre/lib/amd64/libzip.so
7f9371946000-7f9371b45000 ---p 00008000 08:01 15861025                   /usr/lib/jvm/java-7-openjdk-amd64/jre/lib/amd64/libzip.so
7f9371b45000-7f9371b46000 r--p 00007000 08:01 15861025                   /usr/lib/jvm/java-7-openjdk-amd64/jre/lib/amd64/libzip.so
7f9371b46000-7f9371b47000 rw-p 00008000 08:01 15861025                   /usr/lib/jvm/java-7-openjdk-amd64/jre/lib/amd64/libzip.so
7f9371b47000-7f9371b53000 r-xp 00000000 08:01 8130412                    /lib/x86_64-linux-gnu/libnss_files-2.17.so
7f9371b53000-7f9371d52000 ---p 0000c000 08:01 8130412                    /lib/x86_64-linux-gnu/libnss_files-2.17.so
7f9371d52000-7f9371d53000 r--p 0000b000 08:01 8130412                    /lib/x86_64-linux-gnu/libnss_files-2.17.so
7f9371d53000-7f9371d54000 rw-p 0000c000 08:01 8130412                    /lib/x86_64-linux-gnu/libnss_files-2.17.so
7f9371d54000-7f9371d5f000 r-xp 00000000 08:01 8130416                    /lib/x86_64-linux-gnu/libnss_nis-2.17.so
7f9371d5f000-7f9371f5e000 ---p 0000b000 08:01 8130416                    /lib/x86_64-linux-gnu/libnss_nis-2.17.so
7f9371f5e000-7f9371f5f000 r--p 0000a000 08:01 8130416                    /lib/x86_64-linux-gnu/libnss_nis-2.17.so
7f9371f5f000-7f9371f60000 rw-p 0000b000 08:01 8130416                    /lib/x86_64-linux-gnu/libnss_nis-2.17.so
7f9371f60000-7f9371f77000 r-xp 00000000 08:01 8130406                    /lib/x86_64-linux-gnu/libnsl-2.17.so
7f9371f77000-7f9372176000 ---p 00017000 08:01 8130406                    /lib/x86_64-linux-gnu/libnsl-2.17.so
7f9372176000-7f9372177000 r--p 00016000 08:01 8130406                    /lib/x86_64-linux-gnu/libnsl-2.17.so
7f9372177000-7f9372178000 rw-p 00017000 08:01 8130406                    /lib/x86_64-linux-gnu/libnsl-2.17.so
7f9372178000-7f937217a000 rw-p 00000000 00:00 0 
7f937217a000-7f9372182000 r-xp 00000000 08:01 8130408                    /lib/x86_64-linux-gnu/libnss_compat-2.17.so
7f9372182000-7f9372381000 ---p 00008000 08:01 8130408                    /lib/x86_64-linux-gnu/libnss_compat-2.17.so
7f9372381000-7f9372382000 r--p 00007000 08:01 8130408                    /lib/x86_64-linux-gnu/libnss_compat-2.17.so
7f9372382000-7f9372383000 rw-p 00008000 08:01 8130408                    /lib/x86_64-linux-gnu/libnss_compat-2.17.so
7f9372383000-7f93723ae000 r-xp 00000000 08:01 15860951                   /usr/lib/jvm/java-7-openjdk-amd64/jre/lib/amd64/libjava.so
7f93723ae000-7f93725ad000 ---p 0002b000 08:01 15860951                   /usr/lib/jvm/java-7-openjdk-amd64/jre/lib/amd64/libjava.so
7f93725ad000-7f93725ae000 r--p 0002a000 08:01 15860951                   /usr/lib/jvm/java-7-openjdk-amd64/jre/lib/amd64/libjava.so
7f93725ae000-7f93725b0000 rw-p 0002b000 08:01 15860951                   /usr/lib/jvm/java-7-openjdk-amd64/jre/lib/amd64/libjava.so
7f93725b0000-7f93725c0000 r-xp 00000000 08:01 15861265                   /usr/lib/jvm/java-7-openjdk-amd64/jre/lib/amd64/libverify.so
7f93725c0000-7f93727bf000 ---p 00010000 08:01 15861265                   /usr/lib/jvm/java-7-openjdk-amd64/jre/lib/amd64/libverify.so
7f93727bf000-7f93727c1000 r--p 0000f000 08:01 15861265                   /usr/lib/jvm/java-7-openjdk-amd64/jre/lib/amd64/libverify.so
7f93727c1000-7f93727c2000 rw-p 00011000 08:01 15861265                   /usr/lib/jvm/java-7-openjdk-amd64/jre/lib/amd64/libverify.so
7f93727c2000-7f93727c9000 r-xp 00000000 08:01 8130459                    /lib/x86_64-linux-gnu/librt-2.17.so
7f93727c9000-7f93729c8000 ---p 00007000 08:01 8130459                    /lib/x86_64-linux-gnu/librt-2.17.so
7f93729c8000-7f93729c9000 r--p 00006000 08:01 8130459                    /lib/x86_64-linux-gnu/librt-2.17.so
7f93729c9000-7f93729ca000 rw-p 00007000 08:01 8130459                    /lib/x86_64-linux-gnu/librt-2.17.so
7f93729ca000-7f93729cd000 ---p 00000000 00:00 0 
7f93729cd000-7f9372bcb000 rw-p 00000000 00:00 0                          [stack:29755]
7f9372bcb000-7f9372be0000 r-xp 00000000 08:01 8126477                    /lib/x86_64-linux-gnu/libgcc_s.so.1
7f9372be0000-7f9372ddf000 ---p 00015000 08:01 8126477                    /lib/x86_64-linux-gnu/libgcc_s.so.1
7f9372ddf000-7f9372de0000 r--p 00014000 08:01 8126477                    /lib/x86_64-linux-gnu/libgcc_s.so.1
7f9372de0000-7f9372de1000 rw-p 00015000 08:01 8126477                    /lib/x86_64-linux-gnu/libgcc_s.so.1
7f9372de1000-7f9372ee4000 r-xp 00000000 08:01 8130387                    /lib/x86_64-linux-gnu/libm-2.17.so
7f9372ee4000-7f93730e3000 ---p 00103000 08:01 8130387                    /lib/x86_64-linux-gnu/libm-2.17.so
7f93730e3000-7f93730e4000 r--p 00102000 08:01 8130387                    /lib/x86_64-linux-gnu/libm-2.17.so
7f93730e4000-7f93730e5000 rw-p 00103000 08:01 8130387                    /lib/x86_64-linux-gnu/libm-2.17.so
7f93730e5000-7f93731cb000 r-xp 00000000 08:01 15729831                   /usr/lib/x86_64-linux-gnu/libstdc++.so.6.0.18
7f93731cb000-7f93733ca000 ---p 000e6000 08:01 15729831                   /usr/lib/x86_64-linux-gnu/libstdc++.so.6.0.18
7f93733ca000-7f93733d2000 r--p 000e5000 08:01 15729831                   /usr/lib/x86_64-linux-gnu/libstdc++.so.6.0.18
7f93733d2000-7f93733d4000 rw-p 000ed000 08:01 15729831                   /usr/lib/x86_64-linux-gnu/libstdc++.so.6.0.18
7f93733d4000-7f93733e9000 rw-p 00000000 00:00 0 
7f93733e9000-7f9373ec8000 r-xp 00000000 08:01 15861284                   /usr/lib/jvm/java-7-openjdk-amd64/jre/lib/amd64/server/libjvm.so
7f9373ec8000-7f93740c7000 ---p 00adf000 08:01 15861284                   /usr/lib/jvm/java-7-openjdk-amd64/jre/lib/amd64/server/libjvm.so
7f93740c7000-7f9374159000 r--p 00ade000 08:01 15861284                   /usr/lib/jvm/java-7-openjdk-amd64/jre/lib/amd64/server/libjvm.so
7f9374159000-7f937417c000 rw-p 00b70000 08:01 15861284                   /usr/lib/jvm/java-7-openjdk-amd64/jre/lib/amd64/server/libjvm.so
7f937417c000-7f93741a9000 rw-p 00000000 00:00 0 
7f93741a9000-7f93741c1000 r-xp 00000000 08:01 8130494                    /lib/x86_64-linux-gnu/libz.so.1.2.8
7f93741c1000-7f93743c0000 ---p 00018000 08:01 8130494                    /lib/x86_64-linux-gnu/libz.so.1.2.8
7f93743c0000-7f93743c1000 r--p 00017000 08:01 8130494                    /lib/x86_64-linux-gnu/libz.so.1.2.8
7f93743c1000-7f93743c2000 rw-p 00018000 08:01 8130494                    /lib/x86_64-linux-gnu/libz.so.1.2.8
7f93743c2000-7f93743d9000 r-xp 00000000 08:01 8130451                    /lib/x86_64-linux-gnu/libpthread-2.17.so
7f93743d9000-7f93745d9000 ---p 00017000 08:01 8130451                    /lib/x86_64-linux-gnu/libpthread-2.17.so
7f93745d9000-7f93745da000 r--p 00017000 08:01 8130451                    /lib/x86_64-linux-gnu/libpthread-2.17.so
7f93745da000-7f93745db000 rw-p 00018000 08:01 8130451                    /lib/x86_64-linux-gnu/libpthread-2.17.so
7f93745db000-7f93745df000 rw-p 00000000 00:00 0 
7f93745df000-7f93745e2000 r-xp 00000000 08:01 8130351                    /lib/x86_64-linux-gnu/libdl-2.17.so
7f93745e2000-7f93747e1000 ---p 00003000 08:01 8130351                    /lib/x86_64-linux-gnu/libdl-2.17.so
7f93747e1000-7f93747e2000 r--p 00002000 08:01 8130351                    /lib/x86_64-linux-gnu/libdl-2.17.so
7f93747e2000-7f93747e3000 rw-p 00003000 08:01 8130351                    /lib/x86_64-linux-gnu/libdl-2.17.so
7f93747e3000-7f93749a0000 r-xp 00000000 08:01 8130336                    /lib/x86_64-linux-gnu/libc-2.17.so
7f93749a0000-7f9374ba0000 ---p 001bd000 08:01 8130336                    /lib/x86_64-linux-gnu/libc-2.17.so
7f9374ba0000-7f9374ba4000 r--p 001bd000 08:01 8130336                    /lib/x86_64-linux-gnu/libc-2.17.so
7f9374ba4000-7f9374ba6000 rw-p 001c1000 08:01 8130336                    /lib/x86_64-linux-gnu/libc-2.17.so
7f9374ba6000-7f9374bab000 rw-p 00000000 00:00 0 
7f9374bab000-7f9374bb8000 r-xp 00000000 08:01 15861291                   /usr/lib/jvm/java-7-openjdk-amd64/jre/lib/amd64/jli/libjli.so
7f9374bb8000-7f9374db7000 ---p 0000d000 08:01 15861291                   /usr/lib/jvm/java-7-openjdk-amd64/jre/lib/amd64/jli/libjli.so
7f9374db7000-7f9374db8000 r--p 0000c000 08:01 15861291                   /usr/lib/jvm/java-7-openjdk-amd64/jre/lib/amd64/jli/libjli.so
7f9374db8000-7f9374db9000 rw-p 0000d000 08:01 15861291                   /usr/lib/jvm/java-7-openjdk-amd64/jre/lib/amd64/jli/libjli.so
7f9374db9000-7f9374ddc000 r-xp 00000000 08:01 8130312                    /lib/x86_64-linux-gnu/ld-2.17.so
7f9374ddc000-7f9374de1000 r--s 0004c000 08:01 15861296                   /usr/lib/jvm/java-7-openjdk-amd64/jre/lib/jsse.jar
7f9374de1000-7f9374e0f000 rw-p 00000000 00:00 0 
7f9374e0f000-7f9374e55000 rw-p 00000000 00:00 0 
7f9374e55000-7f9374e68000 rw-p 00000000 00:00 0 
7f9374e68000-7f9374efc000 rw-p 00000000 00:00 0 
7f9374efc000-7f9374f06000 rw-p 00000000 00:00 0 
7f9374f06000-7f9374fbc000 rw-p 00000000 00:00 0 
7f9374fbc000-7f9374fcf000 rw-p 00000000 00:00 0 
7f9374fcf000-7f9374fd7000 rw-s 00000000 08:01 5767366                    /tmp/hsperfdata_alex/29730
7f9374fd7000-7f9374fd8000 rw-p 00000000 00:00 0 
7f9374fd8000-7f9374fd9000 r--p 00000000 00:00 0 
7f9374fd9000-7f9374fdb000 rw-p 00000000 00:00 0 
7f9374fdb000-7f9374fdc000 r--p 00022000 08:01 8130312                    /lib/x86_64-linux-gnu/ld-2.17.so
7f9374fdc000-7f9374fde000 rw-p 00023000 08:01 8130312                    /lib/x86_64-linux-gnu/ld-2.17.so
7fff3eabe000-7fff3eadf000 rw-p 00000000 00:00 0                          [stack]
7fff3ebc6000-7fff3ebc8000 r-xp 00000000 00:00 0                          [vdso]
ffffffffff600000-ffffffffff601000 r-xp 00000000 00:00 0                  [vsyscall]

VM Arguments:
jvm_args: -Djdk.home= -Djruby.home=/home/alex/.rbenv/versions/jruby-1.7.10 -Djruby.script=jruby -Djruby.shell=/bin/sh -Djffi.boot.library.path=/home/alex/.rbenv/versions/jruby-1.7.10/lib/jni:/home/alex/.rbenv/versions/jruby-1.7.10/lib/jni/i386-Linux:/home/alex/.rbenv/versions/jruby-1.7.10/lib/jni/arm-Linux:/home/alex/.rbenv/versions/jruby-1.7.10/lib/jni/x86_64-Linux -Xmx500m -Xss2048k -Xbootclasspath/a:/home/alex/.rbenv/versions/jruby-1.7.10/lib/jruby.jar 
java_command: org/jruby/Main Makefile.rb clean compile test clean
Launcher Type: SUN_STANDARD

Environment Variables:
PATH=/home/alex/.rbenv/versions/jruby-1.7.10/bin:/home/alex/.rbenv/libexec:/home/alex/.rbenv/plugins/ruby-build/bin:/home/alex/.rbenv/shims:~/.rbenv/bin:~/.rbenv/bin:/usr/local/sbin:/usr/local/bin:/usr/sbin:/usr/bin:/sbin:/bin:/usr/games:/usr/local/games
USERNAME=alex
SHELL=/bin/bash
DISPLAY=:0

Signal Handlers:
SIGSEGV: [libjvm.so+0x916ea0], sa_mask[0]=0x7ffbfeff, sa_flags=0x10000004
SIGBUS: [libjvm.so+0x916ea0], sa_mask[0]=0x7ffbfeff, sa_flags=0x10000004
SIGFPE: [libjvm.so+0x794800], sa_mask[0]=0x7ffbfeff, sa_flags=0x10000004
SIGPIPE: [libjvm.so+0x794800], sa_mask[0]=0x7ffbfeff, sa_flags=0x10000004
SIGXFSZ: [libjvm.so+0x794800], sa_mask[0]=0x7ffbfeff, sa_flags=0x10000004
SIGILL: [libjvm.so+0x794800], sa_mask[0]=0x7ffbfeff, sa_flags=0x10000004
SIGUSR1: SIG_DFL, sa_mask[0]=0x00000000, sa_flags=0x00000000
SIGUSR2: [libjvm.so+0x7946a0], sa_mask[0]=0x00000000, sa_flags=0x10000004
SIGHUP: [libjvm.so+0x794880], sa_mask[0]=0x7ffbfeff, sa_flags=0x10000004
SIGINT: [libjvm.so+0x794880], sa_mask[0]=0x7ffbfeff, sa_flags=0x10000004
SIGTERM: [libjvm.so+0x794880], sa_mask[0]=0x7ffbfeff, sa_flags=0x10000004
SIGQUIT: [libjvm.so+0x794880], sa_mask[0]=0x7ffbfeff, sa_flags=0x10000004


---------------  S Y S T E M  ---------------

OS:LinuxMint 16 (petra)
uname:Linux 3.11.0-12-generic #19-Ubuntu SMP Wed Oct 9 16:20:46 UTC 2013 x86_64
libc:glibc 2.17 NPTL 2.17 
rlimit: STACK 8192k, CORE 0k, NPROC 28798, NOFILE 4096, AS infinity
load average:0,60 0,63 0,64

/proc/meminfo:
MemTotal:        3715476 kB
MemFree:         1190024 kB
Buffers:          103188 kB
Cached:          1258100 kB
SwapCached:           28 kB
Active:          1462916 kB
Inactive:         865528 kB
Active(anon):     858224 kB
Inactive(anon):   343300 kB
Active(file):     604692 kB
Inactive(file):   522228 kB
Unevictable:          44 kB
Mlocked:              44 kB
SwapTotal:       3856380 kB
SwapFree:        3855740 kB
Dirty:               344 kB
Writeback:             0 kB
AnonPages:        967316 kB
Mapped:           191352 kB
Shmem:            234368 kB
Slab:             115608 kB
SReclaimable:      87076 kB
SUnreclaim:        28532 kB
KernelStack:        3872 kB
PageTables:        28836 kB
NFS_Unstable:          0 kB
Bounce:                0 kB
WritebackTmp:          0 kB
CommitLimit:     5714116 kB
Committed_AS:    3743396 kB
VmallocTotal:   34359738367 kB
VmallocUsed:      414940 kB
VmallocChunk:   34359311484 kB
HardwareCorrupted:     0 kB
AnonHugePages:         0 kB
HugePages_Total:       0
HugePages_Free:        0
HugePages_Rsvd:        0
HugePages_Surp:        0
Hugepagesize:       2048 kB
DirectMap4k:       56528 kB
DirectMap2M:     3801088 kB


CPU:total 4 (2 cores per cpu, 2 threads per core) family 6 model 37 stepping 5, cmov, cx8, fxsr, mmx, sse, sse2, sse3, ssse3, sse4.1, sse4.2, popcnt, ht, tsc, tscinvbit

/proc/cpuinfo:
processor	: 0
vendor_id	: GenuineIntel
cpu family	: 6
model		: 37
model name	: Intel(R) Core(TM) i3 CPU       M 380  @ 2.53GHz
stepping	: 5
microcode	: 0x2
cpu MHz		: 933.000
cache size	: 3072 KB
physical id	: 0
siblings	: 4
core id		: 0
cpu cores	: 2
apicid		: 0
initial apicid	: 0
fpu		: yes
fpu_exception	: yes
cpuid level	: 11
wp		: yes
flags		: fpu vme de pse tsc msr pae mce cx8 apic sep mtrr pge mca cmov pat pse36 clflush dts acpi mmx fxsr sse sse2 ss ht tm pbe syscall nx rdtscp lm constant_tsc arch_perfmon pebs bts rep_good nopl xtopology nonstop_tsc aperfmperf pni dtes64 monitor ds_cpl vmx est tm2 ssse3 cx16 xtpr pdcm pcid sse4_1 sse4_2 popcnt lahf_lm arat dtherm tpr_shadow vnmi flexpriority ept vpid
bogomips	: 5054.41
clflush size	: 64
cache_alignment	: 64
address sizes	: 36 bits physical, 48 bits virtual
power management:

processor	: 1
vendor_id	: GenuineIntel
cpu family	: 6
model		: 37
model name	: Intel(R) Core(TM) i3 CPU       M 380  @ 2.53GHz
stepping	: 5
microcode	: 0x2
cpu MHz		: 933.000
cache size	: 3072 KB
physical id	: 0
siblings	: 4
core id		: 0
cpu cores	: 2
apicid		: 1
initial apicid	: 1
fpu		: yes
fpu_exception	: yes
cpuid level	: 11
wp		: yes
flags		: fpu vme de pse tsc msr pae mce cx8 apic sep mtrr pge mca cmov pat pse36 clflush dts acpi mmx fxsr sse sse2 ss ht tm pbe syscall nx rdtscp lm constant_tsc arch_perfmon pebs bts rep_good nopl xtopology nonstop_tsc aperfmperf pni dtes64 monitor ds_cpl vmx est tm2 ssse3 cx16 xtpr pdcm pcid sse4_1 sse4_2 popcnt lahf_lm arat dtherm tpr_shadow vnmi flexpriority ept vpid
bogomips	: 5054.41
clflush size	: 64
cache_alignment	: 64
address sizes	: 36 bits physical, 48 bits virtual
power management:

processor	: 2
vendor_id	: GenuineIntel
cpu family	: 6
model		: 37
model name	: Intel(R) Core(TM) i3 CPU       M 380  @ 2.53GHz
stepping	: 5
microcode	: 0x2
cpu MHz		: 933.000
cache size	: 3072 KB
physical id	: 0
siblings	: 4
core id		: 2
cpu cores	: 2
apicid		: 4
initial apicid	: 4
fpu		: yes
fpu_exception	: yes
cpuid level	: 11
wp		: yes
flags		: fpu vme de pse tsc msr pae mce cx8 apic sep mtrr pge mca cmov pat pse36 clflush dts acpi mmx fxsr sse sse2 ss ht tm pbe syscall nx rdtscp lm constant_tsc arch_perfmon pebs bts rep_good nopl xtopology nonstop_tsc aperfmperf pni dtes64 monitor ds_cpl vmx est tm2 ssse3 cx16 xtpr pdcm pcid sse4_1 sse4_2 popcnt lahf_lm arat dtherm tpr_shadow vnmi flexpriority ept vpid
bogomips	: 5054.41
clflush size	: 64
cache_alignment	: 64
address sizes	: 36 bits physical, 48 bits virtual
power management:

processor	: 3
vendor_id	: GenuineIntel
cpu family	: 6
model		: 37
model name	: Intel(R) Core(TM) i3 CPU       M 380  @ 2.53GHz
stepping	: 5
microcode	: 0x2
cpu MHz		: 933.000
cache size	: 3072 KB
physical id	: 0
siblings	: 4
core id		: 2
cpu cores	: 2
apicid		: 5
initial apicid	: 5
fpu		: yes
fpu_exception	: yes
cpuid level	: 11
wp		: yes
flags		: fpu vme de pse tsc msr pae mce cx8 apic sep mtrr pge mca cmov pat pse36 clflush dts acpi mmx fxsr sse sse2 ss ht tm pbe syscall nx rdtscp lm constant_tsc arch_perfmon pebs bts rep_good nopl xtopology nonstop_tsc aperfmperf pni dtes64 monitor ds_cpl vmx est tm2 ssse3 cx16 xtpr pdcm pcid sse4_1 sse4_2 popcnt lahf_lm arat dtherm tpr_shadow vnmi flexpriority ept vpid
bogomips	: 5054.41
clflush size	: 64
cache_alignment	: 64
address sizes	: 36 bits physical, 48 bits virtual
power management:



Memory: 4k page, physical 3715476k(1190024k free), swap 3856380k(3855740k free)

vm_info: OpenJDK 64-Bit Server VM (24.45-b08) for linux-amd64 JRE (1.7.0_51-b00), built on Jan 15 2014 22:02:57 by "buildd" with gcc 4.8.1

time: Mon Apr 21 23:57:12 2014
elapsed time: 9 seconds

