#
# A fatal error has been detected by the Java Runtime Environment:
#
#  SIGSEGV (0xb) at pc=0x00007fea38071b0d, pid=15490, tid=140644390135552
#
# JRE version: OpenJDK Runtime Environment (7.0_51) (build 1.7.0_51-b00)
# Java VM: OpenJDK 64-Bit Server VM (24.45-b08 mixed mode linux-amd64 compressed oops)
# Problematic frame:
# C  [libintersection.so+0xb0d]  find_intersections+0x198
#
# Failed to write core dump. Core dumps have been disabled. To enable core dumping, try "ulimit -c unlimited" before starting Java again
#
# If you would like to submit a bug report, please include
# instructions on how to reproduce the bug and visit:
#   http://icedtea.classpath.org/bugzilla
# The crash happened outside the Java Virtual Machine in native code.
# See problematic frame for where to report the bug.
#

---------------  T H R E A D  ---------------

Current thread (0x00007fea4c00a800):  JavaThread "main" [_thread_in_native, id=15515, stack(0x00007fea52c9e000,0x00007fea52e9f000)]

siginfo:si_signo=SIGSEGV: si_errno=0, si_code=1 (SEGV_MAPERR), si_addr=0x000000004c497660

Registers:
RAX=0x000000004c497660, RBX=0x00000000d79ae230, RCX=0xffffffffffffffff, RDX=0x00007fea54e7a9f0
RSP=0x00007fea52e9c040, RBP=0x00007fea52e9c080, RSI=0x00007fea50004000, RDI=0x00000000ffffffff
R8 =0x6f6c636963206c65, R9 =0x0000000000000000, R10=0x00007fea52e9bde0, R11=0x0000000000000000
R12=0x0000000000000000, R13=0x00000000d79ae230, R14=0x00007fea52e9c168, R15=0x00007fea4c00a800
RIP=0x00007fea38071b0d, EFLAGS=0x0000000000010246, CSGSFS=0x0000000000000033, ERR=0x0000000000000004
  TRAPNO=0x000000000000000e

Top of Stack: (sp=0x00007fea52e9c040)
0x00007fea52e9c040:   4000000000000000 00007fea4c48fbe0
0x00007fea52e9c050:   00007fea52e9c068 00007fea4c47f730
0x00007fea52e9c060:   00007fea4c4976f0 000000004c497660
0x00007fea52e9c070:   00007fea52e9c070 00000000d69ffdfd
0x00007fea52e9c080:   00007fea4c3e3cc0 00007fea3928acd9
0x00007fea52e9c090:   00000000d7d33378 00000000d79ae230
0x00007fea52e9c0a0:   00007fea52e9c120 00007fea49012738
0x00007fea52e9c0b0:   00007fea4c00a9d8 00007fea52e9da40
0x00007fea52e9c0c0:   00007fea52e9c100 00007fea53fa8d24
0x00007fea52e9c0d0:   00000000f6b99d68 00000000d66fc038
0x00007fea52e9c0e0:   00007fea52e9c0e0 0000000000000000
0x00007fea52e9c0f0:   00007fea52e9c168 00000000d79b6758
0x00007fea52e9c100:   0000000000000000 00000000d79ae230
0x00007fea52e9c110:   0000000000000000 00007fea52e9c140
0x00007fea52e9c120:   00007fea52e9c1b0 00007fea49006175
0x00007fea52e9c130:   00000000e116b2b0 00007fea4900ecd7
0x00007fea52e9c140:   00007fea4c48fbe0 00007fea4910dbac
0x00007fea52e9c150:   00007fea38071975 00000000f6a6a5c8
0x00007fea52e9c160:   00007fea4c3e3cc0 0000000000000000
0x00007fea52e9c170:   00007fea52e9c170 00000000d7aab097
0x00007fea52e9c180:   00007fea52e9c1e8 00000000d7ab72f0
0x00007fea52e9c190:   00000000d7ed4460 00000000d7aab0d8
0x00007fea52e9c1a0:   00007fea52e9c140 00007fea52e9c1c0
0x00007fea52e9c1b0:   00007fea52e9c238 00007fea49006175
0x00007fea52e9c1c0:   00007fea4c48fbe0 00000000f7522dc8
0x00007fea52e9c1d0:   00007fea38071975 0000000000000000
0x00007fea52e9c1e0:   00000000e0fbf9f0 00000000e116dc18
0x00007fea52e9c1f0:   00000000f79f2cf0 00007fea52e9c1f8
0x00007fea52e9c200:   00000000d7edda1c 00007fea52e9c280
0x00007fea52e9c210:   00000000d7edde78 0000000000000000
0x00007fea52e9c220:   00000000d7edda40 00007fea52e9c1c0
0x00007fea52e9c230:   00007fea52e9c258 00007fea52e9c2c8 

Instructions: (pc=0x00007fea38071b0d)
0x00007fea38071aed:   b8 00 00 00 00 e8 49 fd ff ff 48 98 48 89 45 e8
0x00007fea38071afd:   48 8d 3d 92 00 00 00 e8 d7 fc ff ff 48 8b 45 e8
0x00007fea38071b0d:   48 8b 00 48 89 45 f0 48 8b 45 e8 48 8b 40 08 48
0x00007fea38071b1d:   89 45 f8 48 8b 55 f8 48 8b 45 f0 48 89 55 c0 f2 

Register to memory mapping:

RAX=0x000000004c497660 is an unknown value
RBX=0x00000000d79ae230 is an oop
{method} 
 - klass: {other class}
RCX=0xffffffffffffffff is an unknown value
RDX=0x00007fea54e7a9f0: <offset 0x3c39f0> in /lib/x86_64-linux-gnu/libc.so.6 at 0x00007fea54ab7000
RSP=0x00007fea52e9c040 is pointing into the stack for thread: 0x00007fea4c00a800
RBP=0x00007fea52e9c080 is pointing into the stack for thread: 0x00007fea4c00a800
RSI=0x00007fea50004000 is an unknown value
RDI=0x00000000ffffffff is an unallocated location in the heap
R8 =0x6f6c636963206c65 is an unknown value
R9 =0x0000000000000000 is an unknown value
R10=0x00007fea52e9bde0 is pointing into the stack for thread: 0x00007fea4c00a800
R11=0x0000000000000000 is an unknown value
R12=0x0000000000000000 is an unknown value
R13=0x00000000d79ae230 is an oop
{method} 
 - klass: {other class}
R14=0x00007fea52e9c168 is pointing into the stack for thread: 0x00007fea4c00a800
R15=0x00007fea4c00a800 is a thread


Stack: [0x00007fea52c9e000,0x00007fea52e9f000],  sp=0x00007fea52e9c040,  free space=2040k
Native frames: (J=compiled Java code, j=interpreted, Vv=VM code, C=native code)
C  [libintersection.so+0xb0d]  find_intersections+0x198

Java frames: (J=compiled Java code, j=interpreted, Vv=VM code)
j  com.kenai.jffi.Foreign.invokeL1(JJJ)J+0
j  com.kenai.jffi.Invoker.invokeL1(Lcom/kenai/jffi/CallContext;JJ)J+7
j  org.jruby.ext.ffi.jffi.NativeInvoker$ffi$8.call(Lorg/jruby/runtime/ThreadContext;Lorg/jruby/runtime/builtin/IRubyObject;Lorg/jruby/RubyModule;Ljava/lang/String;Lorg/jruby/runtime/builtin/IRubyObject;)Lorg/jruby/runtime/builtin/IRubyObject;+76
j  org.jruby.runtime.callsite.CachingCallSite.cacheAndCall(Lorg/jruby/runtime/builtin/IRubyObject;Lorg/jruby/RubyClass;Lorg/jruby/runtime/ThreadContext;Lorg/jruby/runtime/builtin/IRubyObject;Lorg/jruby/runtime/builtin/IRubyObject;)Lorg/jruby/runtime/builtin/IRubyObject;+57
J  org.jruby.runtime.callsite.CachingCallSite.call(Lorg/jruby/runtime/ThreadContext;Lorg/jruby/runtime/builtin/IRubyObject;Lorg/jruby/runtime/builtin/IRubyObject;Lorg/jruby/runtime/builtin/IRubyObject;)Lorg/jruby/runtime/builtin/IRubyObject;
J  org.jruby.ast.CallOneArgNode.interpret(Lorg/jruby/Ruby;Lorg/jruby/runtime/ThreadContext;Lorg/jruby/runtime/builtin/IRubyObject;Lorg/jruby/runtime/Block;)Lorg/jruby/runtime/builtin/IRubyObject;
j  org.jruby.ast.LocalAsgnNode.interpret(Lorg/jruby/Ruby;Lorg/jruby/runtime/ThreadContext;Lorg/jruby/runtime/builtin/IRubyObject;Lorg/jruby/runtime/Block;)Lorg/jruby/runtime/builtin/IRubyObject;+30
J  org.jruby.ast.BlockNode.interpret(Lorg/jruby/Ruby;Lorg/jruby/runtime/ThreadContext;Lorg/jruby/runtime/builtin/IRubyObject;Lorg/jruby/runtime/Block;)Lorg/jruby/runtime/builtin/IRubyObject;
j  org.jruby.evaluator.ASTInterpreter.INTERPRET_METHOD(Lorg/jruby/Ruby;Lorg/jruby/runtime/ThreadContext;Ljava/lang/String;ILorg/jruby/RubyModule;Lorg/jruby/ast/Node;Ljava/lang/String;Lorg/jruby/runtime/builtin/IRubyObject;Lorg/jruby/runtime/Block;Z)Lorg/jruby/runtime/builtin/IRubyObject;+30
j  org.jruby.internal.runtime.methods.InterpretedMethod.call(Lorg/jruby/runtime/ThreadContext;Lorg/jruby/runtime/builtin/IRubyObject;Lorg/jruby/RubyModule;Ljava/lang/String;)Lorg/jruby/runtime/builtin/IRubyObject;+80
j  org.jruby.internal.runtime.methods.DefaultMethod.call(Lorg/jruby/runtime/ThreadContext;Lorg/jruby/runtime/builtin/IRubyObject;Lorg/jruby/RubyModule;Ljava/lang/String;)Lorg/jruby/runtime/builtin/IRubyObject;+20
J  org.jruby.ast.CallNoArgNode.interpret(Lorg/jruby/Ruby;Lorg/jruby/runtime/ThreadContext;Lorg/jruby/runtime/builtin/IRubyObject;Lorg/jruby/runtime/Block;)Lorg/jruby/runtime/builtin/IRubyObject;
j  org.jruby.ast.FCallTwoArgNode.interpret(Lorg/jruby/Ruby;Lorg/jruby/runtime/ThreadContext;Lorg/jruby/runtime/builtin/IRubyObject;Lorg/jruby/runtime/Block;)Lorg/jruby/runtime/builtin/IRubyObject;+28
J  org.jruby.ast.BlockNode.interpret(Lorg/jruby/Ruby;Lorg/jruby/runtime/ThreadContext;Lorg/jruby/runtime/builtin/IRubyObject;Lorg/jruby/runtime/Block;)Lorg/jruby/runtime/builtin/IRubyObject;
j  org.jruby.evaluator.ASTInterpreter.INTERPRET_METHOD(Lorg/jruby/Ruby;Lorg/jruby/runtime/ThreadContext;Ljava/lang/String;ILorg/jruby/RubyModule;Lorg/jruby/ast/Node;Ljava/lang/String;Lorg/jruby/runtime/builtin/IRubyObject;Lorg/jruby/runtime/Block;Z)Lorg/jruby/runtime/builtin/IRubyObject;+30
j  org.jruby.internal.runtime.methods.InterpretedMethod.call(Lorg/jruby/runtime/ThreadContext;Lorg/jruby/runtime/builtin/IRubyObject;Lorg/jruby/RubyModule;Ljava/lang/String;)Lorg/jruby/runtime/builtin/IRubyObject;+80
j  org.jruby.internal.runtime.methods.DefaultMethod.call(Lorg/jruby/runtime/ThreadContext;Lorg/jruby/runtime/builtin/IRubyObject;Lorg/jruby/RubyModule;Ljava/lang/String;)Lorg/jruby/runtime/builtin/IRubyObject;+20
j  org.jruby.runtime.callsite.CachingCallSite.cacheAndCall(Lorg/jruby/runtime/builtin/IRubyObject;Lorg/jruby/RubyClass;Lorg/jruby/runtime/ThreadContext;Lorg/jruby/runtime/builtin/IRubyObject;)Lorg/jruby/runtime/builtin/IRubyObject;+53
j  org.jruby.runtime.callsite.CachingCallSite.call(Lorg/jruby/runtime/ThreadContext;Lorg/jruby/runtime/builtin/IRubyObject;Lorg/jruby/runtime/builtin/IRubyObject;)Lorg/jruby/runtime/builtin/IRubyObject;+46
j  Makefile.method__3$RUBY$test(LMakefile;Lorg/jruby/runtime/ThreadContext;Lorg/jruby/runtime/builtin/IRubyObject;Lorg/jruby/runtime/Block;)Lorg/jruby/runtime/builtin/IRubyObject;+130
j  Makefile$method__3$RUBY$test.call(Lorg/jruby/runtime/ThreadContext;Lorg/jruby/runtime/builtin/IRubyObject;Lorg/jruby/RubyModule;Ljava/lang/String;Lorg/jruby/runtime/Block;)Lorg/jruby/runtime/builtin/IRubyObject;+17
j  org.jruby.RubyClass.finvoke(Lorg/jruby/runtime/ThreadContext;Lorg/jruby/runtime/builtin/IRubyObject;Ljava/lang/String;Lorg/jruby/runtime/Block;)Lorg/jruby/runtime/builtin/IRubyObject;+41
j  org.jruby.RubyBasicObject.send19(Lorg/jruby/runtime/ThreadContext;Lorg/jruby/runtime/builtin/IRubyObject;Lorg/jruby/runtime/Block;)Lorg/jruby/runtime/builtin/IRubyObject;+15
j  org.jruby.RubyKernel.send19(Lorg/jruby/runtime/ThreadContext;Lorg/jruby/runtime/builtin/IRubyObject;Lorg/jruby/runtime/builtin/IRubyObject;Lorg/jruby/runtime/Block;)Lorg/jruby/runtime/builtin/IRubyObject;+7
j  org.jruby.RubyKernel$INVOKER$s$send19.call(Lorg/jruby/runtime/ThreadContext;Lorg/jruby/runtime/builtin/IRubyObject;Lorg/jruby/RubyModule;Ljava/lang/String;Lorg/jruby/runtime/builtin/IRubyObject;Lorg/jruby/runtime/Block;)Lorg/jruby/runtime/builtin/IRubyObject;+6
j  org.jruby.internal.runtime.methods.JavaMethod$JavaMethodOneOrNBlock.call(Lorg/jruby/runtime/ThreadContext;Lorg/jruby/runtime/builtin/IRubyObject;Lorg/jruby/RubyModule;Ljava/lang/String;Lorg/jruby/runtime/builtin/IRubyObject;)Lorg/jruby/runtime/builtin/IRubyObject;+11
j  org.jruby.runtime.callsite.CachingCallSite.call(Lorg/jruby/runtime/ThreadContext;Lorg/jruby/runtime/builtin/IRubyObject;Lorg/jruby/runtime/builtin/IRubyObject;Lorg/jruby/runtime/builtin/IRubyObject;)Lorg/jruby/runtime/builtin/IRubyObject;+38
j  Makefile.block_7$RUBY$__file__(LMakefile;Lorg/jruby/runtime/ThreadContext;Lorg/jruby/runtime/builtin/IRubyObject;[Lorg/jruby/runtime/builtin/IRubyObject;Lorg/jruby/runtime/Block;)Lorg/jruby/runtime/builtin/IRubyObject;+46
j  Makefile$block_7$RUBY$__file__.call(Lorg/jruby/runtime/ThreadContext;Lorg/jruby/runtime/builtin/IRubyObject;[Lorg/jruby/runtime/builtin/IRubyObject;Lorg/jruby/runtime/Block;)Lorg/jruby/runtime/builtin/IRubyObject;+9
j  org.jruby.runtime.CompiledBlock19.yield(Lorg/jruby/runtime/ThreadContext;Lorg/jruby/runtime/builtin/IRubyObject;Lorg/jruby/runtime/Binding;Lorg/jruby/runtime/Block$Type;)Lorg/jruby/runtime/builtin/IRubyObject;+52
j  org.jruby.runtime.Block.yield(Lorg/jruby/runtime/ThreadContext;Lorg/jruby/runtime/builtin/IRubyObject;)Lorg/jruby/runtime/builtin/IRubyObject;+14
j  org.jruby.RubyArray.eachCommon(Lorg/jruby/runtime/ThreadContext;Lorg/jruby/runtime/Block;)Lorg/jruby/runtime/builtin/IRubyObject;+41
j  org.jruby.RubyArray.each(Lorg/jruby/runtime/ThreadContext;Lorg/jruby/runtime/Block;)Lorg/jruby/runtime/builtin/IRubyObject;+10
j  org.jruby.RubyArray$INVOKER$i$0$0$each.call(Lorg/jruby/runtime/ThreadContext;Lorg/jruby/runtime/builtin/IRubyObject;Lorg/jruby/RubyModule;Ljava/lang/String;Lorg/jruby/runtime/Block;)Lorg/jruby/runtime/builtin/IRubyObject;+7
j  org.jruby.runtime.callsite.CachingCallSite.cacheAndCall(Lorg/jruby/runtime/builtin/IRubyObject;Lorg/jruby/RubyClass;Lorg/jruby/runtime/Block;Lorg/jruby/runtime/ThreadContext;Lorg/jruby/runtime/builtin/IRubyObject;)Lorg/jruby/runtime/builtin/IRubyObject;+57
j  org.jruby.runtime.callsite.CachingCallSite.callBlock(Lorg/jruby/runtime/ThreadContext;Lorg/jruby/runtime/builtin/IRubyObject;Lorg/jruby/runtime/builtin/IRubyObject;Lorg/jruby/runtime/Block;)Lorg/jruby/runtime/builtin/IRubyObject;+50
j  org.jruby.runtime.callsite.CachingCallSite.callIter(Lorg/jruby/runtime/ThreadContext;Lorg/jruby/runtime/builtin/IRubyObject;Lorg/jruby/runtime/builtin/IRubyObject;Lorg/jruby/runtime/Block;)Lorg/jruby/runtime/builtin/IRubyObject;+6
j  Makefile.__file__(LMakefile;Lorg/jruby/runtime/ThreadContext;Lorg/jruby/runtime/builtin/IRubyObject;[Lorg/jruby/runtime/builtin/IRubyObject;Lorg/jruby/runtime/Block;)Lorg/jruby/runtime/builtin/IRubyObject;+938
j  Makefile.load(Lorg/jruby/runtime/ThreadContext;Lorg/jruby/runtime/builtin/IRubyObject;Z)Lorg/jruby/runtime/builtin/IRubyObject;+22
j  org.jruby.Ruby.runScript(Lorg/jruby/ast/executable/Script;Z)Lorg/jruby/runtime/builtin/IRubyObject;+12
j  org.jruby.Ruby.runScript(Lorg/jruby/ast/executable/Script;)Lorg/jruby/runtime/builtin/IRubyObject;+3
j  org.jruby.Ruby.runNormally(Lorg/jruby/ast/Node;)Lorg/jruby/runtime/builtin/IRubyObject;+73
j  org.jruby.Ruby.runFromMain(Ljava/io/InputStream;Ljava/lang/String;)V+320
j  org.jruby.Main.doRunFromMain(Lorg/jruby/Ruby;Ljava/io/InputStream;Ljava/lang/String;)Lorg/jruby/Main$Status;+12
j  org.jruby.Main.internalRun()Lorg/jruby/Main$Status;+234
j  org.jruby.Main.run([Ljava/lang/String;)Lorg/jruby/Main$Status;+9
j  org.jruby.Main.main([Ljava/lang/String;)V+35
v  ~StubRoutines::call_stub

---------------  P R O C E S S  ---------------

Java Threads: ( => current thread )
  0x00007fea4c438800 JavaThread "JRubyJIT-2" daemon [_thread_blocked, id=15651, stack(0x00007fea38c80000,0x00007fea38e81000)]
  0x00007fea4c243000 JavaThread "process reaper" daemon [_thread_blocked, id=15531, stack(0x00007fea480ba000,0x00007fea480f3000)]
  0x00007fea4c428800 JavaThread "JRubyJIT-1" daemon [_thread_blocked, id=15528, stack(0x00007fea39082000,0x00007fea39283000)]
  0x00007fea4c0ae000 JavaThread "Service Thread" daemon [_thread_blocked, id=15526, stack(0x00007fea3acfb000,0x00007fea3aefc000)]
  0x00007fea4c0ab800 JavaThread "C2 CompilerThread1" daemon [_thread_in_native, id=15525, stack(0x00007fea3aefc000,0x00007fea3affd000)]
  0x00007fea4c0a8800 JavaThread "C2 CompilerThread0" daemon [_thread_blocked, id=15524, stack(0x00007fea3affd000,0x00007fea3b0fe000)]
  0x00007fea4c0a6800 JavaThread "Signal Dispatcher" daemon [_thread_blocked, id=15523, stack(0x00007fea3b0fe000,0x00007fea3b2ff000)]
  0x00007fea4c082800 JavaThread "Finalizer" daemon [_thread_blocked, id=15522, stack(0x00007fea3b6f9000,0x00007fea3b8fa000)]
  0x00007fea4c080800 JavaThread "Reference Handler" daemon [_thread_blocked, id=15521, stack(0x00007fea3b8fa000,0x00007fea3bafb000)]
=>0x00007fea4c00a800 JavaThread "main" [_thread_in_native, id=15515, stack(0x00007fea52c9e000,0x00007fea52e9f000)]

Other Threads:
  0x00007fea4c07c800 VMThread [stack: 0x00007fea3bafb000,0x00007fea3bbfc000] [id=15520]
  0x00007fea4c0c0800 WatcherThread [stack: 0x00007fea3abfa000,0x00007fea3acfb000] [id=15527]

VM state:not at safepoint (normal execution)

VM Mutex/Monitor currently owned by a thread: None

Heap
 PSYoungGen      total 32768K, used 31356K [0x00000000f5900000, 0x00000000f7b00000, 0x0000000100000000)
  eden space 30720K, 95% used [0x00000000f5900000,0x00000000f75a1cc8,0x00000000f7700000)
  from space 2048K, 99% used [0x00000000f7900000,0x00000000f7afd528,0x00000000f7b00000)
  to   space 2048K, 0% used [0x00000000f7700000,0x00000000f7700000,0x00000000f7900000)
 ParOldGen       total 38400K, used 5875K [0x00000000e0c00000, 0x00000000e3180000, 0x00000000f5900000)
  object space 38400K, 15% used [0x00000000e0c00000,0x00000000e11bceb0,0x00000000e3180000)
 PSPermGen       total 25600K, used 25468K [0x00000000d6600000, 0x00000000d7f00000, 0x00000000e0c00000)
  object space 25600K, 99% used [0x00000000d6600000,0x00000000d7edf348,0x00000000d7f00000)

Card table byte_map: [0x00007fea51ac4000,0x00007fea51c12000] byte_map_base: 0x00007fea51411000

Polling page: 0x00007fea552ac000

Code Cache  [0x00007fea49000000, 0x00007fea49270000, 0x00007fea4c000000)
 total_blobs=936 nmethods=457 adapters=433 free_code_cache=47669Kb largest_free_block=48783872

Compilation events (10 events):
Event: 9,725 Thread 0x00007fea4c0a8800  488             org.jruby.ext.ffi.Pointer::<init> (11 bytes)
Event: 9,729 Thread 0x00007fea4c0a8800 nmethod 488 0x00007fea49108090 code [0x00007fea491081e0, 0x00007fea491082d8]
Event: 9,729 Thread 0x00007fea4c0a8800  489             org.jruby.ext.ffi.Pointer::getPointerClass (8 bytes)
Event: 9,730 Thread 0x00007fea4c0a8800 nmethod 489 0x00007fea49107e50 code [0x00007fea49107f80, 0x00007fea49107ff8]
Event: 9,730 Thread 0x00007fea4c0a8800  490             org.jruby.RubyClass::allocate (81 bytes)
Event: 9,738 Thread 0x00007fea4c0ab800 nmethod 482 0x00007fea491755d0 code [0x00007fea491757c0, 0x00007fea49176448]
Event: 9,738 Thread 0x00007fea4c0ab800  491             org.jruby.RubyArray::append (113 bytes)
Event: 9,743 Thread 0x00007fea4c0a8800 nmethod 490 0x00007fea49179010 code [0x00007fea491791c0, 0x00007fea491795f8]
Event: 9,743 Thread 0x00007fea4c0a8800  492             org.jruby.runtime.callsite.ShiftLeftCallSite::call (37 bytes)
Event: 9,754 Thread 0x00007fea4c0a8800 nmethod 492 0x00007fea49176d50 code [0x00007fea49176ec0, 0x00007fea49177168]

GC Heap History (4 events):
Event: 3,358 GC heap before
{Heap before GC invocations=1 (full 0):
 PSYoungGen      total 17408K, used 15360K [0x00000000f5900000, 0x00000000f6c00000, 0x0000000100000000)
  eden space 15360K, 100% used [0x00000000f5900000,0x00000000f6800000,0x00000000f6800000)
  from space 2048K, 0% used [0x00000000f6a00000,0x00000000f6a00000,0x00000000f6c00000)
  to   space 2048K, 0% used [0x00000000f6800000,0x00000000f6800000,0x00000000f6a00000)
 ParOldGen       total 38400K, used 0K [0x00000000e0c00000, 0x00000000e3180000, 0x00000000f5900000)
  object space 38400K, 0% used [0x00000000e0c00000,0x00000000e0c00000,0x00000000e3180000)
 PSPermGen       total 21504K, used 18949K [0x00000000d6600000, 0x00000000d7b00000, 0x00000000e0c00000)
  object space 21504K, 88% used [0x00000000d6600000,0x00000000d78816c8,0x00000000d7b00000)
Event: 3,406 GC heap after
Heap after GC invocations=1 (full 0):
 PSYoungGen      total 17408K, used 2037K [0x00000000f5900000, 0x00000000f7b00000, 0x0000000100000000)
  eden space 15360K, 0% used [0x00000000f5900000,0x00000000f5900000,0x00000000f6800000)
  from space 2048K, 99% used [0x00000000f6800000,0x00000000f69fd4b8,0x00000000f6a00000)
  to   space 2048K, 0% used [0x00000000f7900000,0x00000000f7900000,0x00000000f7b00000)
 ParOldGen       total 38400K, used 3808K [0x00000000e0c00000, 0x00000000e3180000, 0x00000000f5900000)
  object space 38400K, 9% used [0x00000000e0c00000,0x00000000e0fb80f8,0x00000000e3180000)
 PSPermGen       total 21504K, used 18949K [0x00000000d6600000, 0x00000000d7b00000, 0x00000000e0c00000)
  object space 21504K, 88% used [0x00000000d6600000,0x00000000d78816c8,0x00000000d7b00000)
}
Event: 5,887 GC heap before
{Heap before GC invocations=2 (full 0):
 PSYoungGen      total 17408K, used 17397K [0x00000000f5900000, 0x00000000f7b00000, 0x0000000100000000)
  eden space 15360K, 100% used [0x00000000f5900000,0x00000000f6800000,0x00000000f6800000)
  from space 2048K, 99% used [0x00000000f6800000,0x00000000f69fd4b8,0x00000000f6a00000)
  to   space 2048K, 0% used [0x00000000f7900000,0x00000000f7900000,0x00000000f7b00000)
 ParOldGen       total 38400K, used 3808K [0x00000000e0c00000, 0x00000000e3180000, 0x00000000f5900000)
  object space 38400K, 9% used [0x00000000e0c00000,0x00000000e0fb80f8,0x00000000e3180000)
 PSPermGen       total 23552K, used 23439K [0x00000000d6600000, 0x00000000d7d00000, 0x00000000e0c00000)
  object space 23552K, 99% used [0x00000000d6600000,0x00000000d7ce3c18,0x00000000d7d00000)
Event: 5,927 GC heap after
Heap after GC invocations=2 (full 0):
 PSYoungGen      total 32768K, used 2037K [0x00000000f5900000, 0x00000000f7b00000, 0x0000000100000000)
  eden space 30720K, 0% used [0x00000000f5900000,0x00000000f5900000,0x00000000f7700000)
  from space 2048K, 99% used [0x00000000f7900000,0x00000000f7afd528,0x00000000f7b00000)
  to   space 2048K, 0% used [0x00000000f7700000,0x00000000f7700000,0x00000000f7900000)
 ParOldGen       total 38400K, used 5875K [0x00000000e0c00000, 0x00000000e3180000, 0x00000000f5900000)
  object space 38400K, 15% used [0x00000000e0c00000,0x00000000e11bceb0,0x00000000e3180000)
 PSPermGen       total 23552K, used 23439K [0x00000000d6600000, 0x00000000d7d00000, 0x00000000e0c00000)
  object space 23552K, 99% used [0x00000000d6600000,0x00000000d7ce3c18,0x00000000d7d00000)
}

Deoptimization events (10 events):
Event: 9,356 Thread 0x00007fea4c00a800 Uncommon trap: reason=bimorphic action=maybe_recompile pc=0x00007fea490cb994 method=org.jruby.RubyHash.internalKeyExist(Lorg/jruby/RubyHash$RubyHashEntry;ILorg/jruby/runtime/builtin/IRubyObject;)Z @ 28
Event: 9,356 Thread 0x00007fea4c00a800 Uncommon trap: reason=bimorphic action=maybe_recompile pc=0x00007fea490cb994 method=org.jruby.RubyHash.internalKeyExist(Lorg/jruby/RubyHash$RubyHashEntry;ILorg/jruby/runtime/builtin/IRubyObject;)Z @ 28
Event: 9,431 Thread 0x00007fea4c00a800 Uncommon trap: reason=class_check action=maybe_recompile pc=0x00007fea490fb1fc method=org.jruby.runtime.scope.TwoVarDynamicScope.getValue(II)Lorg/jruby/runtime/builtin/IRubyObject; @ 12
Event: 9,431 Thread 0x00007fea4c00a800 Uncommon trap: reason=class_check action=maybe_recompile pc=0x00007fea490fb1fc method=org.jruby.runtime.scope.TwoVarDynamicScope.getValue(II)Lorg/jruby/runtime/builtin/IRubyObject; @ 12
Event: 9,431 Thread 0x00007fea4c00a800 Uncommon trap: reason=class_check action=maybe_recompile pc=0x00007fea490fb1fc method=org.jruby.runtime.scope.TwoVarDynamicScope.getValue(II)Lorg/jruby/runtime/builtin/IRubyObject; @ 12
Event: 9,431 Thread 0x00007fea4c00a800 Uncommon trap: reason=class_check action=maybe_recompile pc=0x00007fea490fb1fc method=org.jruby.runtime.scope.TwoVarDynamicScope.getValue(II)Lorg/jruby/runtime/builtin/IRubyObject; @ 12
Event: 9,555 Thread 0x00007fea4c00a800 Uncommon trap: reason=class_check action=maybe_recompile pc=0x00007fea490d74f8 method=org.jruby.RubyArray.compare(Lorg/jruby/runtime/ThreadContext;Lorg/jruby/runtime/invokedynamic/MethodNames;Lorg/jruby/runtime/builtin/IRubyObject;)Lorg/jruby/RubyBoolean;
Event: 9,621 Thread 0x00007fea4c00a800 Uncommon trap: reason=class_check action=maybe_recompile pc=0x00007fea490d74f8 method=org.jruby.RubyArray.compare(Lorg/jruby/runtime/ThreadContext;Lorg/jruby/runtime/invokedynamic/MethodNames;Lorg/jruby/runtime/builtin/IRubyObject;)Lorg/jruby/RubyBoolean;
Event: 9,754 Thread 0x00007fea4c00a800 Uncommon trap: reason=class_check action=maybe_recompile pc=0x00007fea490d74f8 method=org.jruby.RubyArray.compare(Lorg/jruby/runtime/ThreadContext;Lorg/jruby/runtime/invokedynamic/MethodNames;Lorg/jruby/runtime/builtin/IRubyObject;)Lorg/jruby/RubyBoolean;
Event: 9,761 Thread 0x00007fea4c00a800 Uncommon trap: reason=class_check action=maybe_recompile pc=0x00007fea4910d484 method=org.jruby.ext.ffi.StructByReference.to_native(Lorg/jruby/runtime/ThreadContext;Lorg/jruby/runtime/builtin/IRubyObject;Lorg/jruby/runtime/builtin/IRubyObject;)Lorg/jruby/

Internal exceptions (10 events):
Event: 8,546 Thread 0x00007fea4c00a800 Threw 0x00000000f6d75078 at /build/buildd/openjdk-7-7u51-2.4.4/build/openjdk/hotspot/src/share/vm/prims/jvm.cpp:1244
Event: 8,546 Thread 0x00007fea4c00a800 Threw 0x00000000f6d76f18 at /build/buildd/openjdk-7-7u51-2.4.4/build/openjdk/hotspot/src/share/vm/prims/jvm.cpp:1244
Event: 8,547 Thread 0x00007fea4c00a800 Threw 0x00000000f6d78fd8 at /build/buildd/openjdk-7-7u51-2.4.4/build/openjdk/hotspot/src/share/vm/prims/jvm.cpp:1244
Event: 8,547 Thread 0x00007fea4c00a800 Threw 0x00000000f6d79a88 at /build/buildd/openjdk-7-7u51-2.4.4/build/openjdk/hotspot/src/share/vm/prims/jvm.cpp:1244
Event: 8,551 Thread 0x00007fea4c00a800 Threw 0x00000000f6d855f8 at /build/buildd/openjdk-7-7u51-2.4.4/build/openjdk/hotspot/src/share/vm/prims/jvm.cpp:1244
Event: 8,551 Thread 0x00007fea4c00a800 Threw 0x00000000f6d876b8 at /build/buildd/openjdk-7-7u51-2.4.4/build/openjdk/hotspot/src/share/vm/prims/jvm.cpp:1244
Event: 8,551 Thread 0x00007fea4c00a800 Threw 0x00000000f6d88168 at /build/buildd/openjdk-7-7u51-2.4.4/build/openjdk/hotspot/src/share/vm/prims/jvm.cpp:1244
Event: 8,552 Thread 0x00007fea4c00a800 Threw 0x00000000f6d8a008 at /build/buildd/openjdk-7-7u51-2.4.4/build/openjdk/hotspot/src/share/vm/prims/jvm.cpp:1244
Event: 8,552 Thread 0x00007fea4c00a800 Threw 0x00000000f6d8c0c8 at /build/buildd/openjdk-7-7u51-2.4.4/build/openjdk/hotspot/src/share/vm/prims/jvm.cpp:1244
Event: 8,552 Thread 0x00007fea4c00a800 Threw 0x00000000f6d8cb78 at /build/buildd/openjdk-7-7u51-2.4.4/build/openjdk/hotspot/src/share/vm/prims/jvm.cpp:1244

Events (10 events):
Event: 9,555 Thread 0x00007fea4c00a800 DEOPT UNPACKING pc=0x00007fea49039045 sp=0x00007fea52e9bf98 mode 2
Event: 9,621 Thread 0x00007fea4c00a800 Uncommon trap: trap_request=0xffffffde fr.pc=0x00007fea490d74f8
Event: 9,621 Thread 0x00007fea4c00a800 DEOPT PACKING pc=0x00007fea490d74f8 sp=0x00007fea52e9bfc0
Event: 9,621 Thread 0x00007fea4c00a800 DEOPT UNPACKING pc=0x00007fea49039045 sp=0x00007fea52e9bf98 mode 2
Event: 9,754 Thread 0x00007fea4c00a800 Uncommon trap: trap_request=0xffffffde fr.pc=0x00007fea490d74f8
Event: 9,754 Thread 0x00007fea4c00a800 DEOPT PACKING pc=0x00007fea490d74f8 sp=0x00007fea52e9bfc0
Event: 9,754 Thread 0x00007fea4c00a800 DEOPT UNPACKING pc=0x00007fea49039045 sp=0x00007fea52e9bf98 mode 2
Event: 9,760 Thread 0x00007fea4c00a800 Uncommon trap: trap_request=0xffffffde fr.pc=0x00007fea4910d484
Event: 9,761 Thread 0x00007fea4c00a800 DEOPT PACKING pc=0x00007fea4910d484 sp=0x00007fea52e9be50
Event: 9,761 Thread 0x00007fea4c00a800 DEOPT UNPACKING pc=0x00007fea49039045 sp=0x00007fea52e9bd80 mode 2


Dynamic libraries:
00400000-00401000 r-xp 00000000 08:01 15861394                           /usr/lib/jvm/java-7-openjdk-amd64/jre/bin/java
00600000-00601000 r--p 00000000 08:01 15861394                           /usr/lib/jvm/java-7-openjdk-amd64/jre/bin/java
00601000-00602000 rw-p 00001000 08:01 15861394                           /usr/lib/jvm/java-7-openjdk-amd64/jre/bin/java
024de000-024ff000 rw-p 00000000 00:00 0                                  [heap]
d6600000-d7f00000 rw-p 00000000 00:00 0 
d7f00000-e0c00000 rw-p 00000000 00:00 0 
e0c00000-e3180000 rw-p 00000000 00:00 0 
e3180000-f5900000 rw-p 00000000 00:00 0 
f5900000-f7b00000 rw-p 00000000 00:00 0 
f7b00000-100000000 rw-p 00000000 00:00 0 
7fe9fc000000-7fe9fc021000 rw-p 00000000 00:00 0 
7fe9fc021000-7fea00000000 ---p 00000000 00:00 0 
7fea04000000-7fea04021000 rw-p 00000000 00:00 0 
7fea04021000-7fea08000000 ---p 00000000 00:00 0 
7fea08000000-7fea08021000 rw-p 00000000 00:00 0 
7fea08021000-7fea0c000000 ---p 00000000 00:00 0 
7fea0c000000-7fea0c027000 rw-p 00000000 00:00 0 
7fea0c027000-7fea10000000 ---p 00000000 00:00 0 
7fea10000000-7fea10021000 rw-p 00000000 00:00 0 
7fea10021000-7fea14000000 ---p 00000000 00:00 0 
7fea14000000-7fea14021000 rw-p 00000000 00:00 0 
7fea14021000-7fea18000000 ---p 00000000 00:00 0 
7fea18000000-7fea18021000 rw-p 00000000 00:00 0 
7fea18021000-7fea1c000000 ---p 00000000 00:00 0 
7fea1c000000-7fea1cdb4000 rw-p 00000000 00:00 0 
7fea1cdb4000-7fea20000000 ---p 00000000 00:00 0 
7fea20000000-7fea20d65000 rw-p 00000000 00:00 0 
7fea20d65000-7fea24000000 ---p 00000000 00:00 0 
7fea24000000-7fea24021000 rw-p 00000000 00:00 0 
7fea24021000-7fea28000000 ---p 00000000 00:00 0 
7fea28000000-7fea28021000 rw-p 00000000 00:00 0 
7fea28021000-7fea2c000000 ---p 00000000 00:00 0 
7fea2c000000-7fea2c021000 rw-p 00000000 00:00 0 
7fea2c021000-7fea30000000 ---p 00000000 00:00 0 
7fea30000000-7fea30021000 rw-p 00000000 00:00 0 
7fea30021000-7fea34000000 ---p 00000000 00:00 0 
7fea34000000-7fea34021000 rw-p 00000000 00:00 0 
7fea34021000-7fea38000000 ---p 00000000 00:00 0 
7fea38071000-7fea38072000 r-xp 00000000 08:01 13893852                   /home/alex/Documents/8vo_Semestre/Geometría Computacional/Lab/practica02p1/src/lib/libintersection.so
7fea38072000-7fea38271000 ---p 00001000 08:01 13893852                   /home/alex/Documents/8vo_Semestre/Geometría Computacional/Lab/practica02p1/src/lib/libintersection.so
7fea38271000-7fea38272000 r--p 00000000 08:01 13893852                   /home/alex/Documents/8vo_Semestre/Geometría Computacional/Lab/practica02p1/src/lib/libintersection.so
7fea38272000-7fea38273000 rw-p 00001000 08:01 13893852                   /home/alex/Documents/8vo_Semestre/Geometría Computacional/Lab/practica02p1/src/lib/libintersection.so
7fea38273000-7fea38276000 r-xp 00000000 08:01 13893851                   /home/alex/Documents/8vo_Semestre/Geometría Computacional/Lab/practica02p1/src/lib/librb_tree.so
7fea38276000-7fea38475000 ---p 00003000 08:01 13893851                   /home/alex/Documents/8vo_Semestre/Geometría Computacional/Lab/practica02p1/src/lib/librb_tree.so
7fea38475000-7fea38476000 r--p 00002000 08:01 13893851                   /home/alex/Documents/8vo_Semestre/Geometría Computacional/Lab/practica02p1/src/lib/librb_tree.so
7fea38476000-7fea38477000 rw-p 00003000 08:01 13893851                   /home/alex/Documents/8vo_Semestre/Geometría Computacional/Lab/practica02p1/src/lib/librb_tree.so
7fea38477000-7fea38479000 r-xp 00000000 08:01 13893850                   /home/alex/Documents/8vo_Semestre/Geometría Computacional/Lab/practica02p1/src/lib/libdouble_linked_list.so
7fea38479000-7fea38678000 ---p 00002000 08:01 13893850                   /home/alex/Documents/8vo_Semestre/Geometría Computacional/Lab/practica02p1/src/lib/libdouble_linked_list.so
7fea38678000-7fea38679000 r--p 00001000 08:01 13893850                   /home/alex/Documents/8vo_Semestre/Geometría Computacional/Lab/practica02p1/src/lib/libdouble_linked_list.so
7fea38679000-7fea3867a000 rw-p 00002000 08:01 13893850                   /home/alex/Documents/8vo_Semestre/Geometría Computacional/Lab/practica02p1/src/lib/libdouble_linked_list.so
7fea3867a000-7fea3867b000 r-xp 00000000 08:01 13893835                   /home/alex/Documents/8vo_Semestre/Geometría Computacional/Lab/practica02p1/src/lib/libhalf_edge.so
7fea3867b000-7fea3887b000 ---p 00001000 08:01 13893835                   /home/alex/Documents/8vo_Semestre/Geometría Computacional/Lab/practica02p1/src/lib/libhalf_edge.so
7fea3887b000-7fea3887c000 r--p 00001000 08:01 13893835                   /home/alex/Documents/8vo_Semestre/Geometría Computacional/Lab/practica02p1/src/lib/libhalf_edge.so
7fea3887c000-7fea3887d000 rw-p 00002000 08:01 13893835                   /home/alex/Documents/8vo_Semestre/Geometría Computacional/Lab/practica02p1/src/lib/libhalf_edge.so
7fea3887d000-7fea3887e000 r-xp 00000000 08:01 13893834                   /home/alex/Documents/8vo_Semestre/Geometría Computacional/Lab/practica02p1/src/lib/lib2d_points.so
7fea3887e000-7fea38a7d000 ---p 00001000 08:01 13893834                   /home/alex/Documents/8vo_Semestre/Geometría Computacional/Lab/practica02p1/src/lib/lib2d_points.so
7fea38a7d000-7fea38a7e000 r--p 00000000 08:01 13893834                   /home/alex/Documents/8vo_Semestre/Geometría Computacional/Lab/practica02p1/src/lib/lib2d_points.so
7fea38a7e000-7fea38a7f000 rw-p 00001000 08:01 13893834                   /home/alex/Documents/8vo_Semestre/Geometría Computacional/Lab/practica02p1/src/lib/lib2d_points.so
7fea38a7f000-7fea38a82000 ---p 00000000 00:00 0 
7fea38a82000-7fea38c80000 rw-p 00000000 00:00 0 
7fea38c80000-7fea38c83000 ---p 00000000 00:00 0 
7fea38c83000-7fea38e81000 rw-p 00000000 00:00 0                          [stack:15651]
7fea38e81000-7fea38e84000 ---p 00000000 00:00 0 
7fea38e84000-7fea39082000 rw-p 00000000 00:00 0 
7fea39082000-7fea39085000 ---p 00000000 00:00 0 
7fea39085000-7fea39283000 rw-p 00000000 00:00 0                          [stack:15528]
7fea39283000-7fea39295000 r-xp 00000000 08:01 12059135                   /home/alex/.rbenv/versions/jruby-1.7.10/lib/jni/x86_64-Linux/libjffi-1.2.so
7fea39295000-7fea39494000 ---p 00012000 08:01 12059135                   /home/alex/.rbenv/versions/jruby-1.7.10/lib/jni/x86_64-Linux/libjffi-1.2.so
7fea39494000-7fea39495000 rw-p 00011000 08:01 12059135                   /home/alex/.rbenv/versions/jruby-1.7.10/lib/jni/x86_64-Linux/libjffi-1.2.so
7fea39495000-7fea394a5000 r-xp 00000000 08:01 15861288                   /usr/lib/jvm/java-7-openjdk-amd64/jre/lib/amd64/libnio.so
7fea394a5000-7fea396a5000 ---p 00010000 08:01 15861288                   /usr/lib/jvm/java-7-openjdk-amd64/jre/lib/amd64/libnio.so
7fea396a5000-7fea396a6000 r--p 00010000 08:01 15861288                   /usr/lib/jvm/java-7-openjdk-amd64/jre/lib/amd64/libnio.so
7fea396a6000-7fea396a7000 rw-p 00011000 08:01 15861288                   /usr/lib/jvm/java-7-openjdk-amd64/jre/lib/amd64/libnio.so
7fea396a7000-7fea396e4000 r-xp 00000000 08:01 8130434                    /lib/x86_64-linux-gnu/libpcre.so.3.13.1
7fea396e4000-7fea398e4000 ---p 0003d000 08:01 8130434                    /lib/x86_64-linux-gnu/libpcre.so.3.13.1
7fea398e4000-7fea398e5000 r--p 0003d000 08:01 8130434                    /lib/x86_64-linux-gnu/libpcre.so.3.13.1
7fea398e5000-7fea398e6000 rw-p 0003e000 08:01 8130434                    /lib/x86_64-linux-gnu/libpcre.so.3.13.1
7fea398e6000-7fea398ed000 r-xp 00000000 08:01 15735894                   /usr/lib/x86_64-linux-gnu/libffi.so.6.0.1
7fea398ed000-7fea39aec000 ---p 00007000 08:01 15735894                   /usr/lib/x86_64-linux-gnu/libffi.so.6.0.1
7fea39aec000-7fea39aed000 r--p 00006000 08:01 15735894                   /usr/lib/x86_64-linux-gnu/libffi.so.6.0.1
7fea39aed000-7fea39aee000 rw-p 00007000 08:01 15735894                   /usr/lib/x86_64-linux-gnu/libffi.so.6.0.1
7fea39aee000-7fea39b04000 r-xp 00000000 08:01 8130457                    /lib/x86_64-linux-gnu/libresolv-2.17.so
7fea39b04000-7fea39d04000 ---p 00016000 08:01 8130457                    /lib/x86_64-linux-gnu/libresolv-2.17.so
7fea39d04000-7fea39d05000 r--p 00016000 08:01 8130457                    /lib/x86_64-linux-gnu/libresolv-2.17.so
7fea39d05000-7fea39d06000 rw-p 00017000 08:01 8130457                    /lib/x86_64-linux-gnu/libresolv-2.17.so
7fea39d06000-7fea39d08000 rw-p 00000000 00:00 0 
7fea39d08000-7fea39d27000 r-xp 00000000 08:01 8130461                    /lib/x86_64-linux-gnu/libselinux.so.1
7fea39d27000-7fea39f27000 ---p 0001f000 08:01 8130461                    /lib/x86_64-linux-gnu/libselinux.so.1
7fea39f27000-7fea39f28000 r--p 0001f000 08:01 8130461                    /lib/x86_64-linux-gnu/libselinux.so.1
7fea39f28000-7fea39f29000 rw-p 00020000 08:01 8130461                    /lib/x86_64-linux-gnu/libselinux.so.1
7fea39f29000-7fea39f2a000 rw-p 00000000 00:00 0 
7fea39f2a000-7fea39f2d000 r-xp 00000000 08:01 15729078                   /usr/lib/x86_64-linux-gnu/libgmodule-2.0.so.0.3800.1
7fea39f2d000-7fea3a12c000 ---p 00003000 08:01 15729078                   /usr/lib/x86_64-linux-gnu/libgmodule-2.0.so.0.3800.1
7fea3a12c000-7fea3a12d000 r--p 00002000 08:01 15729078                   /usr/lib/x86_64-linux-gnu/libgmodule-2.0.so.0.3800.1
7fea3a12d000-7fea3a12e000 rw-p 00003000 08:01 15729078                   /usr/lib/x86_64-linux-gnu/libgmodule-2.0.so.0.3800.1
7fea3a12e000-7fea3a22c000 r-xp 00000000 08:01 8130449                    /lib/x86_64-linux-gnu/libglib-2.0.so.0.3800.1
7fea3a22c000-7fea3a42c000 ---p 000fe000 08:01 8130449                    /lib/x86_64-linux-gnu/libglib-2.0.so.0.3800.1
7fea3a42c000-7fea3a42d000 r--p 000fe000 08:01 8130449                    /lib/x86_64-linux-gnu/libglib-2.0.so.0.3800.1
7fea3a42d000-7fea3a42e000 rw-p 000ff000 08:01 8130449                    /lib/x86_64-linux-gnu/libglib-2.0.so.0.3800.1
7fea3a42e000-7fea3a42f000 rw-p 00000000 00:00 0 
7fea3a42f000-7fea3a47e000 r-xp 00000000 08:01 15729069                   /usr/lib/x86_64-linux-gnu/libgobject-2.0.so.0.3800.1
7fea3a47e000-7fea3a67e000 ---p 0004f000 08:01 15729069                   /usr/lib/x86_64-linux-gnu/libgobject-2.0.so.0.3800.1
7fea3a67e000-7fea3a67f000 r--p 0004f000 08:01 15729069                   /usr/lib/x86_64-linux-gnu/libgobject-2.0.so.0.3800.1
7fea3a67f000-7fea3a680000 rw-p 00050000 08:01 15729069                   /usr/lib/x86_64-linux-gnu/libgobject-2.0.so.0.3800.1
7fea3a680000-7fea3a7dc000 r-xp 00000000 08:01 15729043                   /usr/lib/x86_64-linux-gnu/libgio-2.0.so.0.3800.1
7fea3a7dc000-7fea3a9db000 ---p 0015c000 08:01 15729043                   /usr/lib/x86_64-linux-gnu/libgio-2.0.so.0.3800.1
7fea3a9db000-7fea3a9df000 r--p 0015b000 08:01 15729043                   /usr/lib/x86_64-linux-gnu/libgio-2.0.so.0.3800.1
7fea3a9df000-7fea3a9e1000 rw-p 0015f000 08:01 15729043                   /usr/lib/x86_64-linux-gnu/libgio-2.0.so.0.3800.1
7fea3a9e1000-7fea3a9e3000 rw-p 00000000 00:00 0 
7fea3a9e3000-7fea3a9f9000 r-xp 00000000 08:01 15861076                   /usr/lib/jvm/java-7-openjdk-amd64/jre/lib/amd64/libnet.so
7fea3a9f9000-7fea3abf8000 ---p 00016000 08:01 15861076                   /usr/lib/jvm/java-7-openjdk-amd64/jre/lib/amd64/libnet.so
7fea3abf8000-7fea3abf9000 r--p 00015000 08:01 15861076                   /usr/lib/jvm/java-7-openjdk-amd64/jre/lib/amd64/libnet.so
7fea3abf9000-7fea3abfa000 rw-p 00016000 08:01 15861076                   /usr/lib/jvm/java-7-openjdk-amd64/jre/lib/amd64/libnet.so
7fea3abfa000-7fea3abfb000 ---p 00000000 00:00 0 
7fea3abfb000-7fea3acfb000 rw-p 00000000 00:00 0                          [stack:15527]
7fea3acfb000-7fea3acfe000 ---p 00000000 00:00 0 
7fea3acfe000-7fea3aefc000 rw-p 00000000 00:00 0                          [stack:15526]
7fea3aefc000-7fea3aeff000 ---p 00000000 00:00 0 
7fea3aeff000-7fea3affd000 rw-p 00000000 00:00 0                          [stack:15525]
7fea3affd000-7fea3b000000 ---p 00000000 00:00 0 
7fea3b000000-7fea3b0fe000 rw-p 00000000 00:00 0                          [stack:15524]
7fea3b0fe000-7fea3b101000 ---p 00000000 00:00 0 
7fea3b101000-7fea3b2ff000 rw-p 00000000 00:00 0                          [stack:15523]
7fea3b2ff000-7fea3b6f9000 r--p 00000000 08:01 15734328                   /usr/lib/locale/locale-archive
7fea3b6f9000-7fea3b6fc000 ---p 00000000 00:00 0 
7fea3b6fc000-7fea3b8fa000 rw-p 00000000 00:00 0                          [stack:15522]
7fea3b8fa000-7fea3b8fd000 ---p 00000000 00:00 0 
7fea3b8fd000-7fea3bafb000 rw-p 00000000 00:00 0                          [stack:15521]
7fea3bafb000-7fea3bafc000 ---p 00000000 00:00 0 
7fea3bafc000-7fea3c000000 rw-p 00000000 00:00 0                          [stack:15520]
7fea3c000000-7fea3c021000 rw-p 00000000 00:00 0 
7fea3c021000-7fea40000000 ---p 00000000 00:00 0 
7fea40000000-7fea40021000 rw-p 00000000 00:00 0 
7fea40021000-7fea44000000 ---p 00000000 00:00 0 
7fea44000000-7fea44021000 rw-p 00000000 00:00 0 
7fea44021000-7fea48000000 ---p 00000000 00:00 0 
7fea480ba000-7fea480bd000 ---p 00000000 00:00 0 
7fea480bd000-7fea48cab000 rw-p 00000000 00:00 0                          [stack:15531]
7fea48cab000-7fea48d94000 r--s 00bb9000 08:01 12059138                   /home/alex/.rbenv/versions/jruby-1.7.10/lib/jruby.jar
7fea48d94000-7fea48ddc000 rw-p 00000000 00:00 0 
7fea48ddc000-7fea48f8a000 r--s 01cf4000 08:01 15861374                   /usr/lib/jvm/java-7-openjdk-amd64/jre/lib/rt.jar
7fea48f8a000-7fea49000000 rw-p 00000000 00:00 0 
7fea49000000-7fea49270000 rwxp 00000000 00:00 0 
7fea49270000-7fea4c4b4000 rw-p 00000000 00:00 0 
7fea4c4b4000-7fea50000000 ---p 00000000 00:00 0 
7fea50004000-7fea50005000 rw-p 00000000 00:00 0 
7fea50005000-7fea50006000 r-xp 00000000 00:00 0 
7fea50006000-7fea5000d000 r--s 00000000 08:01 16127910                   /usr/lib/x86_64-linux-gnu/gconv/gconv-modules.cache
7fea5000d000-7fea5000f000 r--s 00012000 08:01 15861308                   /usr/lib/jvm/java-7-openjdk-amd64/jre/lib/ext/zipfs.jar
7fea5000f000-7fea50012000 r--s 00032000 08:01 15861310                   /usr/lib/jvm/java-7-openjdk-amd64/jre/lib/ext/sunjce_provider.jar
7fea50012000-7fea50016000 r--s 00085000 08:01 15861304                   /usr/lib/jvm/java-7-openjdk-amd64/jre/lib/ext/localedata.jar
7fea50016000-7fea50018000 r--s 00006000 08:01 16256853                   /usr/share/java/java-atk-wrapper.jar
7fea50018000-7fea50019000 r--s 00002000 08:01 15861314                   /usr/lib/jvm/java-7-openjdk-amd64/jre/lib/ext/dnsns.jar
7fea50019000-7fea5001c000 r--s 0000f000 08:01 15861306                   /usr/lib/jvm/java-7-openjdk-amd64/jre/lib/ext/pulse-java.jar
7fea5001c000-7fea50020000 r--s 0003b000 08:01 15861316                   /usr/lib/jvm/java-7-openjdk-amd64/jre/lib/ext/sunpkcs11.jar
7fea50020000-7fea516c0000 rw-p 00000000 00:00 0 
7fea516c0000-7fea516c1000 ---p 00000000 00:00 0 
7fea516c1000-7fea517c1000 rw-p 00000000 00:00 0                          [stack:15519]
7fea517c1000-7fea517c2000 ---p 00000000 00:00 0 
7fea517c2000-7fea518c2000 rw-p 00000000 00:00 0                          [stack:15518]
7fea518c2000-7fea518c3000 ---p 00000000 00:00 0 
7fea518c3000-7fea519c3000 rw-p 00000000 00:00 0                          [stack:15517]
7fea519c3000-7fea519c4000 ---p 00000000 00:00 0 
7fea519c4000-7fea51ad1000 rw-p 00000000 00:00 0                          [stack:15516]
7fea51ad1000-7fea51b17000 rw-p 00000000 00:00 0 
7fea51b17000-7fea51b2a000 rw-p 00000000 00:00 0 
7fea51b2a000-7fea51bbd000 rw-p 00000000 00:00 0 
7fea51bbd000-7fea51bcf000 rw-p 00000000 00:00 0 
7fea51bcf000-7fea51c11000 rw-p 00000000 00:00 0 
7fea51c11000-7fea51c12000 rw-p 00000000 00:00 0 
7fea51c12000-7fea51c1a000 r-xp 00000000 08:01 15861025                   /usr/lib/jvm/java-7-openjdk-amd64/jre/lib/amd64/libzip.so
7fea51c1a000-7fea51e19000 ---p 00008000 08:01 15861025                   /usr/lib/jvm/java-7-openjdk-amd64/jre/lib/amd64/libzip.so
7fea51e19000-7fea51e1a000 r--p 00007000 08:01 15861025                   /usr/lib/jvm/java-7-openjdk-amd64/jre/lib/amd64/libzip.so
7fea51e1a000-7fea51e1b000 rw-p 00008000 08:01 15861025                   /usr/lib/jvm/java-7-openjdk-amd64/jre/lib/amd64/libzip.so
7fea51e1b000-7fea51e27000 r-xp 00000000 08:01 8130412                    /lib/x86_64-linux-gnu/libnss_files-2.17.so
7fea51e27000-7fea52026000 ---p 0000c000 08:01 8130412                    /lib/x86_64-linux-gnu/libnss_files-2.17.so
7fea52026000-7fea52027000 r--p 0000b000 08:01 8130412                    /lib/x86_64-linux-gnu/libnss_files-2.17.so
7fea52027000-7fea52028000 rw-p 0000c000 08:01 8130412                    /lib/x86_64-linux-gnu/libnss_files-2.17.so
7fea52028000-7fea52033000 r-xp 00000000 08:01 8130416                    /lib/x86_64-linux-gnu/libnss_nis-2.17.so
7fea52033000-7fea52232000 ---p 0000b000 08:01 8130416                    /lib/x86_64-linux-gnu/libnss_nis-2.17.so
7fea52232000-7fea52233000 r--p 0000a000 08:01 8130416                    /lib/x86_64-linux-gnu/libnss_nis-2.17.so
7fea52233000-7fea52234000 rw-p 0000b000 08:01 8130416                    /lib/x86_64-linux-gnu/libnss_nis-2.17.so
7fea52234000-7fea5224b000 r-xp 00000000 08:01 8130406                    /lib/x86_64-linux-gnu/libnsl-2.17.so
7fea5224b000-7fea5244a000 ---p 00017000 08:01 8130406                    /lib/x86_64-linux-gnu/libnsl-2.17.so
7fea5244a000-7fea5244b000 r--p 00016000 08:01 8130406                    /lib/x86_64-linux-gnu/libnsl-2.17.so
7fea5244b000-7fea5244c000 rw-p 00017000 08:01 8130406                    /lib/x86_64-linux-gnu/libnsl-2.17.so
7fea5244c000-7fea5244e000 rw-p 00000000 00:00 0 
7fea5244e000-7fea52456000 r-xp 00000000 08:01 8130408                    /lib/x86_64-linux-gnu/libnss_compat-2.17.so
7fea52456000-7fea52655000 ---p 00008000 08:01 8130408                    /lib/x86_64-linux-gnu/libnss_compat-2.17.so
7fea52655000-7fea52656000 r--p 00007000 08:01 8130408                    /lib/x86_64-linux-gnu/libnss_compat-2.17.so
7fea52656000-7fea52657000 rw-p 00008000 08:01 8130408                    /lib/x86_64-linux-gnu/libnss_compat-2.17.so
7fea52657000-7fea52682000 r-xp 00000000 08:01 15860951                   /usr/lib/jvm/java-7-openjdk-amd64/jre/lib/amd64/libjava.so
7fea52682000-7fea52881000 ---p 0002b000 08:01 15860951                   /usr/lib/jvm/java-7-openjdk-amd64/jre/lib/amd64/libjava.so
7fea52881000-7fea52882000 r--p 0002a000 08:01 15860951                   /usr/lib/jvm/java-7-openjdk-amd64/jre/lib/amd64/libjava.so
7fea52882000-7fea52884000 rw-p 0002b000 08:01 15860951                   /usr/lib/jvm/java-7-openjdk-amd64/jre/lib/amd64/libjava.so
7fea52884000-7fea52894000 r-xp 00000000 08:01 15861265                   /usr/lib/jvm/java-7-openjdk-amd64/jre/lib/amd64/libverify.so
7fea52894000-7fea52a93000 ---p 00010000 08:01 15861265                   /usr/lib/jvm/java-7-openjdk-amd64/jre/lib/amd64/libverify.so
7fea52a93000-7fea52a95000 r--p 0000f000 08:01 15861265                   /usr/lib/jvm/java-7-openjdk-amd64/jre/lib/amd64/libverify.so
7fea52a95000-7fea52a96000 rw-p 00011000 08:01 15861265                   /usr/lib/jvm/java-7-openjdk-amd64/jre/lib/amd64/libverify.so
7fea52a96000-7fea52a9d000 r-xp 00000000 08:01 8130459                    /lib/x86_64-linux-gnu/librt-2.17.so
7fea52a9d000-7fea52c9c000 ---p 00007000 08:01 8130459                    /lib/x86_64-linux-gnu/librt-2.17.so
7fea52c9c000-7fea52c9d000 r--p 00006000 08:01 8130459                    /lib/x86_64-linux-gnu/librt-2.17.so
7fea52c9d000-7fea52c9e000 rw-p 00007000 08:01 8130459                    /lib/x86_64-linux-gnu/librt-2.17.so
7fea52c9e000-7fea52ca1000 ---p 00000000 00:00 0 
7fea52ca1000-7fea52e9f000 rw-p 00000000 00:00 0                          [stack:15515]
7fea52e9f000-7fea52eb4000 r-xp 00000000 08:01 8126477                    /lib/x86_64-linux-gnu/libgcc_s.so.1
7fea52eb4000-7fea530b3000 ---p 00015000 08:01 8126477                    /lib/x86_64-linux-gnu/libgcc_s.so.1
7fea530b3000-7fea530b4000 r--p 00014000 08:01 8126477                    /lib/x86_64-linux-gnu/libgcc_s.so.1
7fea530b4000-7fea530b5000 rw-p 00015000 08:01 8126477                    /lib/x86_64-linux-gnu/libgcc_s.so.1
7fea530b5000-7fea531b8000 r-xp 00000000 08:01 8130387                    /lib/x86_64-linux-gnu/libm-2.17.so
7fea531b8000-7fea533b7000 ---p 00103000 08:01 8130387                    /lib/x86_64-linux-gnu/libm-2.17.so
7fea533b7000-7fea533b8000 r--p 00102000 08:01 8130387                    /lib/x86_64-linux-gnu/libm-2.17.so
7fea533b8000-7fea533b9000 rw-p 00103000 08:01 8130387                    /lib/x86_64-linux-gnu/libm-2.17.so
7fea533b9000-7fea5349f000 r-xp 00000000 08:01 15729831                   /usr/lib/x86_64-linux-gnu/libstdc++.so.6.0.18
7fea5349f000-7fea5369e000 ---p 000e6000 08:01 15729831                   /usr/lib/x86_64-linux-gnu/libstdc++.so.6.0.18
7fea5369e000-7fea536a6000 r--p 000e5000 08:01 15729831                   /usr/lib/x86_64-linux-gnu/libstdc++.so.6.0.18
7fea536a6000-7fea536a8000 rw-p 000ed000 08:01 15729831                   /usr/lib/x86_64-linux-gnu/libstdc++.so.6.0.18
7fea536a8000-7fea536bd000 rw-p 00000000 00:00 0 
7fea536bd000-7fea5419c000 r-xp 00000000 08:01 15861284                   /usr/lib/jvm/java-7-openjdk-amd64/jre/lib/amd64/server/libjvm.so
7fea5419c000-7fea5439b000 ---p 00adf000 08:01 15861284                   /usr/lib/jvm/java-7-openjdk-amd64/jre/lib/amd64/server/libjvm.so
7fea5439b000-7fea5442d000 r--p 00ade000 08:01 15861284                   /usr/lib/jvm/java-7-openjdk-amd64/jre/lib/amd64/server/libjvm.so
7fea5442d000-7fea54450000 rw-p 00b70000 08:01 15861284                   /usr/lib/jvm/java-7-openjdk-amd64/jre/lib/amd64/server/libjvm.so
7fea54450000-7fea5447d000 rw-p 00000000 00:00 0 
7fea5447d000-7fea54495000 r-xp 00000000 08:01 8130494                    /lib/x86_64-linux-gnu/libz.so.1.2.8
7fea54495000-7fea54694000 ---p 00018000 08:01 8130494                    /lib/x86_64-linux-gnu/libz.so.1.2.8
7fea54694000-7fea54695000 r--p 00017000 08:01 8130494                    /lib/x86_64-linux-gnu/libz.so.1.2.8
7fea54695000-7fea54696000 rw-p 00018000 08:01 8130494                    /lib/x86_64-linux-gnu/libz.so.1.2.8
7fea54696000-7fea546ad000 r-xp 00000000 08:01 8130451                    /lib/x86_64-linux-gnu/libpthread-2.17.so
7fea546ad000-7fea548ad000 ---p 00017000 08:01 8130451                    /lib/x86_64-linux-gnu/libpthread-2.17.so
7fea548ad000-7fea548ae000 r--p 00017000 08:01 8130451                    /lib/x86_64-linux-gnu/libpthread-2.17.so
7fea548ae000-7fea548af000 rw-p 00018000 08:01 8130451                    /lib/x86_64-linux-gnu/libpthread-2.17.so
7fea548af000-7fea548b3000 rw-p 00000000 00:00 0 
7fea548b3000-7fea548b6000 r-xp 00000000 08:01 8130351                    /lib/x86_64-linux-gnu/libdl-2.17.so
7fea548b6000-7fea54ab5000 ---p 00003000 08:01 8130351                    /lib/x86_64-linux-gnu/libdl-2.17.so
7fea54ab5000-7fea54ab6000 r--p 00002000 08:01 8130351                    /lib/x86_64-linux-gnu/libdl-2.17.so
7fea54ab6000-7fea54ab7000 rw-p 00003000 08:01 8130351                    /lib/x86_64-linux-gnu/libdl-2.17.so
7fea54ab7000-7fea54c74000 r-xp 00000000 08:01 8130336                    /lib/x86_64-linux-gnu/libc-2.17.so
7fea54c74000-7fea54e74000 ---p 001bd000 08:01 8130336                    /lib/x86_64-linux-gnu/libc-2.17.so
7fea54e74000-7fea54e78000 r--p 001bd000 08:01 8130336                    /lib/x86_64-linux-gnu/libc-2.17.so
7fea54e78000-7fea54e7a000 rw-p 001c1000 08:01 8130336                    /lib/x86_64-linux-gnu/libc-2.17.so
7fea54e7a000-7fea54e7f000 rw-p 00000000 00:00 0 
7fea54e7f000-7fea54e8c000 r-xp 00000000 08:01 15861291                   /usr/lib/jvm/java-7-openjdk-amd64/jre/lib/amd64/jli/libjli.so
7fea54e8c000-7fea5508b000 ---p 0000d000 08:01 15861291                   /usr/lib/jvm/java-7-openjdk-amd64/jre/lib/amd64/jli/libjli.so
7fea5508b000-7fea5508c000 r--p 0000c000 08:01 15861291                   /usr/lib/jvm/java-7-openjdk-amd64/jre/lib/amd64/jli/libjli.so
7fea5508c000-7fea5508d000 rw-p 0000d000 08:01 15861291                   /usr/lib/jvm/java-7-openjdk-amd64/jre/lib/amd64/jli/libjli.so
7fea5508d000-7fea550b0000 r-xp 00000000 08:01 8130312                    /lib/x86_64-linux-gnu/ld-2.17.so
7fea550b0000-7fea550b5000 r--s 0004c000 08:01 15861296                   /usr/lib/jvm/java-7-openjdk-amd64/jre/lib/jsse.jar
7fea550b5000-7fea550e3000 rw-p 00000000 00:00 0 
7fea550e3000-7fea55129000 rw-p 00000000 00:00 0 
7fea55129000-7fea5513c000 rw-p 00000000 00:00 0 
7fea5513c000-7fea551d0000 rw-p 00000000 00:00 0 
7fea551d0000-7fea551da000 rw-p 00000000 00:00 0 
7fea551da000-7fea55290000 rw-p 00000000 00:00 0 
7fea55290000-7fea552a3000 rw-p 00000000 00:00 0 
7fea552a3000-7fea552ab000 rw-s 00000000 08:01 5767459                    /tmp/hsperfdata_alex/15490
7fea552ab000-7fea552ac000 rw-p 00000000 00:00 0 
7fea552ac000-7fea552ad000 r--p 00000000 00:00 0 
7fea552ad000-7fea552af000 rw-p 00000000 00:00 0 
7fea552af000-7fea552b0000 r--p 00022000 08:01 8130312                    /lib/x86_64-linux-gnu/ld-2.17.so
7fea552b0000-7fea552b2000 rw-p 00023000 08:01 8130312                    /lib/x86_64-linux-gnu/ld-2.17.so
7ffff6e39000-7ffff6e5a000 rw-p 00000000 00:00 0                          [stack]
7ffff6fab000-7ffff6fad000 r-xp 00000000 00:00 0                          [vdso]
ffffffffff600000-ffffffffff601000 r-xp 00000000 00:00 0                  [vsyscall]

VM Arguments:
jvm_args: -Djdk.home= -Djruby.home=/home/alex/.rbenv/versions/jruby-1.7.10 -Djruby.script=jruby -Djruby.shell=/bin/sh -Djffi.boot.library.path=/home/alex/.rbenv/versions/jruby-1.7.10/lib/jni:/home/alex/.rbenv/versions/jruby-1.7.10/lib/jni/i386-Linux:/home/alex/.rbenv/versions/jruby-1.7.10/lib/jni/arm-Linux:/home/alex/.rbenv/versions/jruby-1.7.10/lib/jni/x86_64-Linux -Xmx500m -Xss2048k -Xbootclasspath/a:/home/alex/.rbenv/versions/jruby-1.7.10/lib/jruby.jar 
java_command: org/jruby/Main Makefile.rb clean compile test clean
Launcher Type: SUN_STANDARD

Environment Variables:
PATH=/home/alex/.rbenv/versions/jruby-1.7.10/bin:/home/alex/.rbenv/libexec:/home/alex/.rbenv/plugins/ruby-build/bin:/home/alex/.rbenv/shims:~/.rbenv/bin:~/.rbenv/bin:/usr/local/sbin:/usr/local/bin:/usr/sbin:/usr/bin:/sbin:/bin:/usr/games:/usr/local/games
USERNAME=alex
SHELL=/bin/bash
DISPLAY=:0

Signal Handlers:
SIGSEGV: [libjvm.so+0x916ea0], sa_mask[0]=0x7ffbfeff, sa_flags=0x10000004
SIGBUS: [libjvm.so+0x916ea0], sa_mask[0]=0x7ffbfeff, sa_flags=0x10000004
SIGFPE: [libjvm.so+0x794800], sa_mask[0]=0x7ffbfeff, sa_flags=0x10000004
SIGPIPE: [libjvm.so+0x794800], sa_mask[0]=0x7ffbfeff, sa_flags=0x10000004
SIGXFSZ: [libjvm.so+0x794800], sa_mask[0]=0x7ffbfeff, sa_flags=0x10000004
SIGILL: [libjvm.so+0x794800], sa_mask[0]=0x7ffbfeff, sa_flags=0x10000004
SIGUSR1: SIG_DFL, sa_mask[0]=0x00000000, sa_flags=0x00000000
SIGUSR2: [libjvm.so+0x7946a0], sa_mask[0]=0x00000000, sa_flags=0x10000004
SIGHUP: [libjvm.so+0x794880], sa_mask[0]=0x7ffbfeff, sa_flags=0x10000004
SIGINT: [libjvm.so+0x794880], sa_mask[0]=0x7ffbfeff, sa_flags=0x10000004
SIGTERM: [libjvm.so+0x794880], sa_mask[0]=0x7ffbfeff, sa_flags=0x10000004
SIGQUIT: [libjvm.so+0x794880], sa_mask[0]=0x7ffbfeff, sa_flags=0x10000004


---------------  S Y S T E M  ---------------

OS:LinuxMint 16 (petra)
uname:Linux 3.11.0-12-generic #19-Ubuntu SMP Wed Oct 9 16:20:46 UTC 2013 x86_64
libc:glibc 2.17 NPTL 2.17 
rlimit: STACK 8192k, CORE 0k, NPROC 28798, NOFILE 4096, AS infinity
load average:0,93 0,57 0,46

/proc/meminfo:
MemTotal:        3715476 kB
MemFree:         1633576 kB
Buffers:           68404 kB
Cached:          1109452 kB
SwapCached:           28 kB
Active:          1154280 kB
Inactive:         741588 kB
Active(anon):     608024 kB
Inactive(anon):   315564 kB
Active(file):     546256 kB
Inactive(file):   426024 kB
Unevictable:          44 kB
Mlocked:              44 kB
SwapTotal:       3856380 kB
SwapFree:        3855740 kB
Dirty:               484 kB
Writeback:             0 kB
AnonPages:        718200 kB
Mapped:           182356 kB
Shmem:            205576 kB
Slab:             109576 kB
SReclaimable:      82360 kB
SUnreclaim:        27216 kB
KernelStack:        3616 kB
PageTables:        25460 kB
NFS_Unstable:          0 kB
Bounce:                0 kB
WritebackTmp:          0 kB
CommitLimit:     5714116 kB
Committed_AS:    3058160 kB
VmallocTotal:   34359738367 kB
VmallocUsed:      414940 kB
VmallocChunk:   34359311484 kB
HardwareCorrupted:     0 kB
AnonHugePages:         0 kB
HugePages_Total:       0
HugePages_Free:        0
HugePages_Rsvd:        0
HugePages_Surp:        0
Hugepagesize:       2048 kB
DirectMap4k:       56528 kB
DirectMap2M:     3801088 kB


CPU:total 4 (2 cores per cpu, 2 threads per core) family 6 model 37 stepping 5, cmov, cx8, fxsr, mmx, sse, sse2, sse3, ssse3, sse4.1, sse4.2, popcnt, ht, tsc, tscinvbit

/proc/cpuinfo:
processor	: 0
vendor_id	: GenuineIntel
cpu family	: 6
model		: 37
model name	: Intel(R) Core(TM) i3 CPU       M 380  @ 2.53GHz
stepping	: 5
microcode	: 0x2
cpu MHz		: 933.000
cache size	: 3072 KB
physical id	: 0
siblings	: 4
core id		: 0
cpu cores	: 2
apicid		: 0
initial apicid	: 0
fpu		: yes
fpu_exception	: yes
cpuid level	: 11
wp		: yes
flags		: fpu vme de pse tsc msr pae mce cx8 apic sep mtrr pge mca cmov pat pse36 clflush dts acpi mmx fxsr sse sse2 ss ht tm pbe syscall nx rdtscp lm constant_tsc arch_perfmon pebs bts rep_good nopl xtopology nonstop_tsc aperfmperf pni dtes64 monitor ds_cpl vmx est tm2 ssse3 cx16 xtpr pdcm pcid sse4_1 sse4_2 popcnt lahf_lm arat dtherm tpr_shadow vnmi flexpriority ept vpid
bogomips	: 5054.41
clflush size	: 64
cache_alignment	: 64
address sizes	: 36 bits physical, 48 bits virtual
power management:

processor	: 1
vendor_id	: GenuineIntel
cpu family	: 6
model		: 37
model name	: Intel(R) Core(TM) i3 CPU       M 380  @ 2.53GHz
stepping	: 5
microcode	: 0x2
cpu MHz		: 933.000
cache size	: 3072 KB
physical id	: 0
siblings	: 4
core id		: 0
cpu cores	: 2
apicid		: 1
initial apicid	: 1
fpu		: yes
fpu_exception	: yes
cpuid level	: 11
wp		: yes
flags		: fpu vme de pse tsc msr pae mce cx8 apic sep mtrr pge mca cmov pat pse36 clflush dts acpi mmx fxsr sse sse2 ss ht tm pbe syscall nx rdtscp lm constant_tsc arch_perfmon pebs bts rep_good nopl xtopology nonstop_tsc aperfmperf pni dtes64 monitor ds_cpl vmx est tm2 ssse3 cx16 xtpr pdcm pcid sse4_1 sse4_2 popcnt lahf_lm arat dtherm tpr_shadow vnmi flexpriority ept vpid
bogomips	: 5054.41
clflush size	: 64
cache_alignment	: 64
address sizes	: 36 bits physical, 48 bits virtual
power management:

processor	: 2
vendor_id	: GenuineIntel
cpu family	: 6
model		: 37
model name	: Intel(R) Core(TM) i3 CPU       M 380  @ 2.53GHz
stepping	: 5
microcode	: 0x2
cpu MHz		: 933.000
cache size	: 3072 KB
physical id	: 0
siblings	: 4
core id		: 2
cpu cores	: 2
apicid		: 4
initial apicid	: 4
fpu		: yes
fpu_exception	: yes
cpuid level	: 11
wp		: yes
flags		: fpu vme de pse tsc msr pae mce cx8 apic sep mtrr pge mca cmov pat pse36 clflush dts acpi mmx fxsr sse sse2 ss ht tm pbe syscall nx rdtscp lm constant_tsc arch_perfmon pebs bts rep_good nopl xtopology nonstop_tsc aperfmperf pni dtes64 monitor ds_cpl vmx est tm2 ssse3 cx16 xtpr pdcm pcid sse4_1 sse4_2 popcnt lahf_lm arat dtherm tpr_shadow vnmi flexpriority ept vpid
bogomips	: 5054.41
clflush size	: 64
cache_alignment	: 64
address sizes	: 36 bits physical, 48 bits virtual
power management:

processor	: 3
vendor_id	: GenuineIntel
cpu family	: 6
model		: 37
model name	: Intel(R) Core(TM) i3 CPU       M 380  @ 2.53GHz
stepping	: 5
microcode	: 0x2
cpu MHz		: 933.000
cache size	: 3072 KB
physical id	: 0
siblings	: 4
core id		: 2
cpu cores	: 2
apicid		: 5
initial apicid	: 5
fpu		: yes
fpu_exception	: yes
cpuid level	: 11
wp		: yes
flags		: fpu vme de pse tsc msr pae mce cx8 apic sep mtrr pge mca cmov pat pse36 clflush dts acpi mmx fxsr sse sse2 ss ht tm pbe syscall nx rdtscp lm constant_tsc arch_perfmon pebs bts rep_good nopl xtopology nonstop_tsc aperfmperf pni dtes64 monitor ds_cpl vmx est tm2 ssse3 cx16 xtpr pdcm pcid sse4_1 sse4_2 popcnt lahf_lm arat dtherm tpr_shadow vnmi flexpriority ept vpid
bogomips	: 5054.41
clflush size	: 64
cache_alignment	: 64
address sizes	: 36 bits physical, 48 bits virtual
power management:



Memory: 4k page, physical 3715476k(1633576k free), swap 3856380k(3855740k free)

vm_info: OpenJDK 64-Bit Server VM (24.45-b08) for linux-amd64 JRE (1.7.0_51-b00), built on Jan 15 2014 22:02:57 by "buildd" with gcc 4.8.1

time: Mon Apr 21 20:33:54 2014
elapsed time: 9 seconds

