#
# A fatal error has been detected by the Java Runtime Environment:
#
#  SIGSEGV (0xb) at pc=0x00007f84b75f8a2c, pid=8930, tid=140208367060736
#
# JRE version: OpenJDK Runtime Environment (7.0_51) (build 1.7.0_51-b00)
# Java VM: OpenJDK 64-Bit Server VM (24.45-b08 mixed mode linux-amd64 compressed oops)
# Problematic frame:
# C  [libhalf_edge.so+0xa2c]  he_intersection+0x14
#
# Failed to write core dump. Core dumps have been disabled. To enable core dumping, try "ulimit -c unlimited" before starting Java again
#
# If you would like to submit a bug report, please include
# instructions on how to reproduce the bug and visit:
#   http://icedtea.classpath.org/bugzilla
# The crash happened outside the Java Virtual Machine in native code.
# See problematic frame for where to report the bug.
#

---------------  T H R E A D  ---------------

Current thread (0x00007f84c800a800):  JavaThread "main" [_thread_in_native, id=8955, stack(0x00007f84cdc9c000,0x00007f84cde9d000)]

siginfo:si_signo=SIGSEGV: si_errno=0, si_code=1 (SEGV_MAPERR), si_addr=0x0000000000000000

Registers:
RAX=0x0000000000000000, RBX=0x00000000d79ae250, RCX=0x00007f84c8000020, RDX=0x00007f84c84ed0d0
RSP=0x00007f84cde99e90, RBP=0x00007f84cde99f10, RSI=0x00007f84c84ed0d0, RDI=0x0000000000000000
R8 =0x00007f84c84ed300, R9 =0x0000000000000020, R10=0x0000000000000003, R11=0x00007f84c8000078
R12=0x0000000000000000, R13=0x00000000d79ae250, R14=0x00007f84cde9a168, R15=0x00007f84c800a800
RIP=0x00007f84b75f8a2c, EFLAGS=0x0000000000010207, CSGSFS=0x0000000000000033, ERR=0x0000000000000004
  TRAPNO=0x000000000000000e

Top of Stack: (sp=0x00007f84cde99e90)
0x00007f84cde99e90:   00007f8400000005 3fea5a5a5a5a5a5a
0x00007f84cde99ea0:   00007f84c84ed0d0 0000000000000000
0x00007f84cde99eb0:   0000000000000000 0000000000000000
0x00007f84cde99ec0:   3ff0000000000000 4018000000000000
0x00007f84cde99ed0:   4000000000000000 4000000000000000
0x00007f84cde99ee0:   0000000000000000 401c000000000000
0x00007f84cde99ef0:   4031000000000000 3fea5a5a5a5a5a5a
0x00007f84cde99f00:   4013c3c3c3c3c3c4 00007f84c84ed360
0x00007f84cde99f10:   00007f84cde99f80 00007f84b6fee723
0x00007f84cde99f20:   00000000f77100d0 00007f84c84ed300
0x00007f84cde99f30:   00007f84c84ecd60 00007f84c84ecd00
0x00007f84cde99f40:   00007f84c84ec810 00007f84c84ecd20
0x00007f84cde99f50:   00007f84c84ed0d0 00007f84c84fd550
0x00007f84cde99f60:   00007f84c84ddb10 0000000000000000
0x00007f84cde99f70:   00007f84c84ed360 00007f84c84ed330
0x00007f84cde99f80:   00007f84cde99ff0 00007f84b6fee8c8
0x00007f84cde99f90:   00007f84c84ecd60 0000000000000000
0x00007f84cde99fa0:   00007f84c84ecd60 00007f84c84ecd00
0x00007f84cde99fb0:   00007f84c84ec810 00007f84c84ecd20
0x00007f84cde99fc0:   00007f84cde99ff0 00007f84c84ed330
0x00007f84cde99fd0:   00007f84c84ed0d0 00007f84c84ed300
0x00007f84cde99fe0:   00007f84c84ecd80 00007f84c84ece10
0x00007f84cde99ff0:   00007f84cde9a030 00007f84b6fee95d
0x00007f84cde9a000:   00007f84cfe789f0 00007f84c84ecd60
0x00007f84cde9a010:   00007f84c84ecd60 00007f84c84ecd20
0x00007f84cde9a020:   00007f84c84ecd00 00007f84c84ec810
0x00007f84cde9a030:   00007f84cde9a080 00007f84b6feea20
0x00007f84cde9a040:   00000000d6b35ab0 00007f84c84ecb00
0x00007f84cde9a050:   00000000d69fb970 00007f84c84ecc20
0x00007f84cde9a060:   00007f84c84ecd40 00007f84c84ecd60
0x00007f84cde9a070:   00007f84c5006233 00000000f7746640
0x00007f84cde9a080:   00007f84c8429250 00007f84bc2bfcd9 

Instructions: (pc=0x00007f84b75f8a2c)
0x00007f84b75f8a0c:   45 f8 48 89 c7 e8 ca fd ff ff c9 c3 55 48 89 e5
0x00007f84b75f8a1c:   48 83 c4 80 48 89 7d 98 48 89 75 90 48 8b 45 98
0x00007f84b75f8a2c:   48 8b 00 48 8b 00 48 89 45 a0 48 8b 45 98 48 8b
0x00007f84b75f8a3c:   00 48 8b 40 08 48 89 45 a8 48 8b 45 98 48 8b 40 

Register to memory mapping:

RAX=0x0000000000000000 is an unknown value
RBX=0x00000000d79ae250 is an oop
{method} 
 - klass: {other class}
RCX=0x00007f84c8000020 is an unknown value
RDX=0x00007f84c84ed0d0 is an unknown value
RSP=0x00007f84cde99e90 is pointing into the stack for thread: 0x00007f84c800a800
RBP=0x00007f84cde99f10 is pointing into the stack for thread: 0x00007f84c800a800
RSI=0x00007f84c84ed0d0 is an unknown value
RDI=0x0000000000000000 is an unknown value
R8 =0x00007f84c84ed300 is an unknown value
R9 =0x0000000000000020 is an unknown value
R10=0x0000000000000003 is an unknown value
R11=0x00007f84c8000078 is an unknown value
R12=0x0000000000000000 is an unknown value
R13=0x00000000d79ae250 is an oop
{method} 
 - klass: {other class}
R14=0x00007f84cde9a168 is pointing into the stack for thread: 0x00007f84c800a800
R15=0x00007f84c800a800 is a thread


Stack: [0x00007f84cdc9c000,0x00007f84cde9d000],  sp=0x00007f84cde99e90,  free space=2039k
Native frames: (J=compiled Java code, j=interpreted, Vv=VM code, C=native code)
C  [libhalf_edge.so+0xa2c]  he_intersection+0x14
C  [libintersection.so+0x2723]  addIntersections+0x81
C  [libintersection.so+0x28c8]  update_intersections+0xbb
C  [libintersection.so+0x295d]  sweep+0x52
C  [libintersection.so+0x2a20]  find_intersections+0x82

Java frames: (J=compiled Java code, j=interpreted, Vv=VM code)
j  com.kenai.jffi.Foreign.invokeL1(JJJ)J+0
j  com.kenai.jffi.Invoker.invokeL1(Lcom/kenai/jffi/CallContext;JJ)J+7
j  org.jruby.ext.ffi.jffi.NativeInvoker$ffi$8.call(Lorg/jruby/runtime/ThreadContext;Lorg/jruby/runtime/builtin/IRubyObject;Lorg/jruby/RubyModule;Ljava/lang/String;Lorg/jruby/runtime/builtin/IRubyObject;)Lorg/jruby/runtime/builtin/IRubyObject;+76
j  org.jruby.runtime.callsite.CachingCallSite.cacheAndCall(Lorg/jruby/runtime/builtin/IRubyObject;Lorg/jruby/RubyClass;Lorg/jruby/runtime/ThreadContext;Lorg/jruby/runtime/builtin/IRubyObject;Lorg/jruby/runtime/builtin/IRubyObject;)Lorg/jruby/runtime/builtin/IRubyObject;+57
J  org.jruby.runtime.callsite.CachingCallSite.call(Lorg/jruby/runtime/ThreadContext;Lorg/jruby/runtime/builtin/IRubyObject;Lorg/jruby/runtime/builtin/IRubyObject;Lorg/jruby/runtime/builtin/IRubyObject;)Lorg/jruby/runtime/builtin/IRubyObject;
J  org.jruby.ast.CallOneArgNode.interpret(Lorg/jruby/Ruby;Lorg/jruby/runtime/ThreadContext;Lorg/jruby/runtime/builtin/IRubyObject;Lorg/jruby/runtime/Block;)Lorg/jruby/runtime/builtin/IRubyObject;
j  org.jruby.ast.LocalAsgnNode.interpret(Lorg/jruby/Ruby;Lorg/jruby/runtime/ThreadContext;Lorg/jruby/runtime/builtin/IRubyObject;Lorg/jruby/runtime/Block;)Lorg/jruby/runtime/builtin/IRubyObject;+30
J  org.jruby.ast.BlockNode.interpret(Lorg/jruby/Ruby;Lorg/jruby/runtime/ThreadContext;Lorg/jruby/runtime/builtin/IRubyObject;Lorg/jruby/runtime/Block;)Lorg/jruby/runtime/builtin/IRubyObject;
j  org.jruby.evaluator.ASTInterpreter.INTERPRET_METHOD(Lorg/jruby/Ruby;Lorg/jruby/runtime/ThreadContext;Ljava/lang/String;ILorg/jruby/RubyModule;Lorg/jruby/ast/Node;Ljava/lang/String;Lorg/jruby/runtime/builtin/IRubyObject;Lorg/jruby/runtime/Block;Z)Lorg/jruby/runtime/builtin/IRubyObject;+30
j  org.jruby.internal.runtime.methods.InterpretedMethod.call(Lorg/jruby/runtime/ThreadContext;Lorg/jruby/runtime/builtin/IRubyObject;Lorg/jruby/RubyModule;Ljava/lang/String;)Lorg/jruby/runtime/builtin/IRubyObject;+80
j  org.jruby.internal.runtime.methods.DefaultMethod.call(Lorg/jruby/runtime/ThreadContext;Lorg/jruby/runtime/builtin/IRubyObject;Lorg/jruby/RubyModule;Ljava/lang/String;)Lorg/jruby/runtime/builtin/IRubyObject;+20
J  org.jruby.ast.CallNoArgNode.interpret(Lorg/jruby/Ruby;Lorg/jruby/runtime/ThreadContext;Lorg/jruby/runtime/builtin/IRubyObject;Lorg/jruby/runtime/Block;)Lorg/jruby/runtime/builtin/IRubyObject;
j  org.jruby.ast.FCallTwoArgNode.interpret(Lorg/jruby/Ruby;Lorg/jruby/runtime/ThreadContext;Lorg/jruby/runtime/builtin/IRubyObject;Lorg/jruby/runtime/Block;)Lorg/jruby/runtime/builtin/IRubyObject;+28
J  org.jruby.ast.BlockNode.interpret(Lorg/jruby/Ruby;Lorg/jruby/runtime/ThreadContext;Lorg/jruby/runtime/builtin/IRubyObject;Lorg/jruby/runtime/Block;)Lorg/jruby/runtime/builtin/IRubyObject;
j  org.jruby.evaluator.ASTInterpreter.INTERPRET_METHOD(Lorg/jruby/Ruby;Lorg/jruby/runtime/ThreadContext;Ljava/lang/String;ILorg/jruby/RubyModule;Lorg/jruby/ast/Node;Ljava/lang/String;Lorg/jruby/runtime/builtin/IRubyObject;Lorg/jruby/runtime/Block;Z)Lorg/jruby/runtime/builtin/IRubyObject;+30
j  org.jruby.internal.runtime.methods.InterpretedMethod.call(Lorg/jruby/runtime/ThreadContext;Lorg/jruby/runtime/builtin/IRubyObject;Lorg/jruby/RubyModule;Ljava/lang/String;)Lorg/jruby/runtime/builtin/IRubyObject;+80
j  org.jruby.internal.runtime.methods.DefaultMethod.call(Lorg/jruby/runtime/ThreadContext;Lorg/jruby/runtime/builtin/IRubyObject;Lorg/jruby/RubyModule;Ljava/lang/String;)Lorg/jruby/runtime/builtin/IRubyObject;+20
j  org.jruby.runtime.callsite.CachingCallSite.cacheAndCall(Lorg/jruby/runtime/builtin/IRubyObject;Lorg/jruby/RubyClass;Lorg/jruby/runtime/ThreadContext;Lorg/jruby/runtime/builtin/IRubyObject;)Lorg/jruby/runtime/builtin/IRubyObject;+53
j  org.jruby.runtime.callsite.CachingCallSite.call(Lorg/jruby/runtime/ThreadContext;Lorg/jruby/runtime/builtin/IRubyObject;Lorg/jruby/runtime/builtin/IRubyObject;)Lorg/jruby/runtime/builtin/IRubyObject;+46
j  Makefile.method__3$RUBY$test(LMakefile;Lorg/jruby/runtime/ThreadContext;Lorg/jruby/runtime/builtin/IRubyObject;Lorg/jruby/runtime/Block;)Lorg/jruby/runtime/builtin/IRubyObject;+130
j  Makefile$method__3$RUBY$test.call(Lorg/jruby/runtime/ThreadContext;Lorg/jruby/runtime/builtin/IRubyObject;Lorg/jruby/RubyModule;Ljava/lang/String;Lorg/jruby/runtime/Block;)Lorg/jruby/runtime/builtin/IRubyObject;+17
j  org.jruby.RubyClass.finvoke(Lorg/jruby/runtime/ThreadContext;Lorg/jruby/runtime/builtin/IRubyObject;Ljava/lang/String;Lorg/jruby/runtime/Block;)Lorg/jruby/runtime/builtin/IRubyObject;+41
j  org.jruby.RubyBasicObject.send19(Lorg/jruby/runtime/ThreadContext;Lorg/jruby/runtime/builtin/IRubyObject;Lorg/jruby/runtime/Block;)Lorg/jruby/runtime/builtin/IRubyObject;+15
j  org.jruby.RubyKernel.send19(Lorg/jruby/runtime/ThreadContext;Lorg/jruby/runtime/builtin/IRubyObject;Lorg/jruby/runtime/builtin/IRubyObject;Lorg/jruby/runtime/Block;)Lorg/jruby/runtime/builtin/IRubyObject;+7
j  org.jruby.RubyKernel$INVOKER$s$send19.call(Lorg/jruby/runtime/ThreadContext;Lorg/jruby/runtime/builtin/IRubyObject;Lorg/jruby/RubyModule;Ljava/lang/String;Lorg/jruby/runtime/builtin/IRubyObject;Lorg/jruby/runtime/Block;)Lorg/jruby/runtime/builtin/IRubyObject;+6
j  org.jruby.internal.runtime.methods.JavaMethod$JavaMethodOneOrNBlock.call(Lorg/jruby/runtime/ThreadContext;Lorg/jruby/runtime/builtin/IRubyObject;Lorg/jruby/RubyModule;Ljava/lang/String;Lorg/jruby/runtime/builtin/IRubyObject;)Lorg/jruby/runtime/builtin/IRubyObject;+11
j  org.jruby.runtime.callsite.CachingCallSite.call(Lorg/jruby/runtime/ThreadContext;Lorg/jruby/runtime/builtin/IRubyObject;Lorg/jruby/runtime/builtin/IRubyObject;Lorg/jruby/runtime/builtin/IRubyObject;)Lorg/jruby/runtime/builtin/IRubyObject;+38
j  Makefile.block_7$RUBY$__file__(LMakefile;Lorg/jruby/runtime/ThreadContext;Lorg/jruby/runtime/builtin/IRubyObject;[Lorg/jruby/runtime/builtin/IRubyObject;Lorg/jruby/runtime/Block;)Lorg/jruby/runtime/builtin/IRubyObject;+46
j  Makefile$block_7$RUBY$__file__.call(Lorg/jruby/runtime/ThreadContext;Lorg/jruby/runtime/builtin/IRubyObject;[Lorg/jruby/runtime/builtin/IRubyObject;Lorg/jruby/runtime/Block;)Lorg/jruby/runtime/builtin/IRubyObject;+9
j  org.jruby.runtime.CompiledBlock19.yield(Lorg/jruby/runtime/ThreadContext;Lorg/jruby/runtime/builtin/IRubyObject;Lorg/jruby/runtime/Binding;Lorg/jruby/runtime/Block$Type;)Lorg/jruby/runtime/builtin/IRubyObject;+52
j  org.jruby.runtime.Block.yield(Lorg/jruby/runtime/ThreadContext;Lorg/jruby/runtime/builtin/IRubyObject;)Lorg/jruby/runtime/builtin/IRubyObject;+14
j  org.jruby.RubyArray.eachCommon(Lorg/jruby/runtime/ThreadContext;Lorg/jruby/runtime/Block;)Lorg/jruby/runtime/builtin/IRubyObject;+41
j  org.jruby.RubyArray.each(Lorg/jruby/runtime/ThreadContext;Lorg/jruby/runtime/Block;)Lorg/jruby/runtime/builtin/IRubyObject;+10
j  org.jruby.RubyArray$INVOKER$i$0$0$each.call(Lorg/jruby/runtime/ThreadContext;Lorg/jruby/runtime/builtin/IRubyObject;Lorg/jruby/RubyModule;Ljava/lang/String;Lorg/jruby/runtime/Block;)Lorg/jruby/runtime/builtin/IRubyObject;+7
j  org.jruby.runtime.callsite.CachingCallSite.cacheAndCall(Lorg/jruby/runtime/builtin/IRubyObject;Lorg/jruby/RubyClass;Lorg/jruby/runtime/Block;Lorg/jruby/runtime/ThreadContext;Lorg/jruby/runtime/builtin/IRubyObject;)Lorg/jruby/runtime/builtin/IRubyObject;+57
j  org.jruby.runtime.callsite.CachingCallSite.callBlock(Lorg/jruby/runtime/ThreadContext;Lorg/jruby/runtime/builtin/IRubyObject;Lorg/jruby/runtime/builtin/IRubyObject;Lorg/jruby/runtime/Block;)Lorg/jruby/runtime/builtin/IRubyObject;+50
j  org.jruby.runtime.callsite.CachingCallSite.callIter(Lorg/jruby/runtime/ThreadContext;Lorg/jruby/runtime/builtin/IRubyObject;Lorg/jruby/runtime/builtin/IRubyObject;Lorg/jruby/runtime/Block;)Lorg/jruby/runtime/builtin/IRubyObject;+6
j  Makefile.__file__(LMakefile;Lorg/jruby/runtime/ThreadContext;Lorg/jruby/runtime/builtin/IRubyObject;[Lorg/jruby/runtime/builtin/IRubyObject;Lorg/jruby/runtime/Block;)Lorg/jruby/runtime/builtin/IRubyObject;+938
j  Makefile.load(Lorg/jruby/runtime/ThreadContext;Lorg/jruby/runtime/builtin/IRubyObject;Z)Lorg/jruby/runtime/builtin/IRubyObject;+22
j  org.jruby.Ruby.runScript(Lorg/jruby/ast/executable/Script;Z)Lorg/jruby/runtime/builtin/IRubyObject;+12
j  org.jruby.Ruby.runScript(Lorg/jruby/ast/executable/Script;)Lorg/jruby/runtime/builtin/IRubyObject;+3
j  org.jruby.Ruby.runNormally(Lorg/jruby/ast/Node;)Lorg/jruby/runtime/builtin/IRubyObject;+73
j  org.jruby.Ruby.runFromMain(Ljava/io/InputStream;Ljava/lang/String;)V+320
j  org.jruby.Main.doRunFromMain(Lorg/jruby/Ruby;Ljava/io/InputStream;Ljava/lang/String;)Lorg/jruby/Main$Status;+12
j  org.jruby.Main.internalRun()Lorg/jruby/Main$Status;+234
j  org.jruby.Main.run([Ljava/lang/String;)Lorg/jruby/Main$Status;+9
j  org.jruby.Main.main([Ljava/lang/String;)V+35
v  ~StubRoutines::call_stub

---------------  P R O C E S S  ---------------

Java Threads: ( => current thread )
  0x00007f84c849e000 JavaThread "JRubyJIT-2" daemon [_thread_blocked, id=9091, stack(0x00007f84b79fd000,0x00007f84b7bfe000)]
  0x00007f84c8450000 JavaThread "process reaper" daemon [_thread_blocked, id=8971, stack(0x00007f84c4088000,0x00007f84c40c1000)]
  0x00007f84c8443800 JavaThread "JRubyJIT-1" daemon [_thread_blocked, id=8968, stack(0x00007f84bc0b7000,0x00007f84bc2b8000)]
  0x00007f84c80ae000 JavaThread "Service Thread" daemon [_thread_blocked, id=8966, stack(0x00007f84bdd30000,0x00007f84bdf31000)]
  0x00007f84c80ab800 JavaThread "C2 CompilerThread1" daemon [_thread_in_native, id=8965, stack(0x00007f84bdf31000,0x00007f84be032000)]
  0x00007f84c80a8800 JavaThread "C2 CompilerThread0" daemon [_thread_in_native, id=8964, stack(0x00007f84be032000,0x00007f84be133000)]
  0x00007f84c80a6800 JavaThread "Signal Dispatcher" daemon [_thread_blocked, id=8963, stack(0x00007f84be133000,0x00007f84be334000)]
  0x00007f84c8082800 JavaThread "Finalizer" daemon [_thread_blocked, id=8962, stack(0x00007f84be72e000,0x00007f84be92f000)]
  0x00007f84c8080800 JavaThread "Reference Handler" daemon [_thread_blocked, id=8961, stack(0x00007f84be92f000,0x00007f84beb30000)]
=>0x00007f84c800a800 JavaThread "main" [_thread_in_native, id=8955, stack(0x00007f84cdc9c000,0x00007f84cde9d000)]

Other Threads:
  0x00007f84c807c800 VMThread [stack: 0x00007f84c40d0000,0x00007f84c41d1000] [id=8960]
  0x00007f84c80b8800 WatcherThread [stack: 0x00007f84bdc2f000,0x00007f84bdd30000] [id=8967]

VM state:not at safepoint (normal execution)

VM Mutex/Monitor currently owned by a thread: None

Heap
 PSYoungGen      total 32768K, used 6538K [0x00000000f5900000, 0x00000000f9900000, 0x0000000100000000)
  eden space 30720K, 14% used [0x00000000f5900000,0x00000000f5d69548,0x00000000f7700000)
  from space 2048K, 98% used [0x00000000f7700000,0x00000000f78f9538,0x00000000f7900000)
  to   space 2048K, 0% used [0x00000000f9700000,0x00000000f9700000,0x00000000f9900000)
 ParOldGen       total 38400K, used 8900K [0x00000000e0c00000, 0x00000000e3180000, 0x00000000f5900000)
  object space 38400K, 23% used [0x00000000e0c00000,0x00000000e14b1198,0x00000000e3180000)
 PSPermGen       total 25600K, used 25483K [0x00000000d6600000, 0x00000000d7f00000, 0x00000000e0c00000)
  object space 25600K, 99% used [0x00000000d6600000,0x00000000d7ee2c38,0x00000000d7f00000)

Card table byte_map: [0x00007f84ccac2000,0x00007f84ccc10000] byte_map_base: 0x00007f84cc40f000

Polling page: 0x00007f84d02aa000

Code Cache  [0x00007f84c5000000, 0x00007f84c5270000, 0x00007f84c8000000)
 total_blobs=981 nmethods=502 adapters=433 free_code_cache=47649Kb largest_free_block=48662720

Compilation events (10 events):
Event: 4,369 Thread 0x00007f84c80ab800 nmethod 530 0x00007f84c510ff10 code [0x00007f84c51100c0, 0x00007f84c5110538]
Event: 4,369 Thread 0x00007f84c80ab800  533             org.jruby.ext.ffi.MappedType::fromNative (22 bytes)
Event: 4,370 Thread 0x00007f84c80a8800 nmethod 532 0x00007f84c50a6cd0 code [0x00007f84c50a6e40, 0x00007f84c50a6fd8]
Event: 4,370 Thread 0x00007f84c80a8800  534             org.jruby.ext.ffi.StructByReference$INVOKER$i$2$0$from_native::call (13 bytes)
Event: 4,372 Thread 0x00007f84c80a8800 nmethod 534 0x00007f84c50a8e50 code [0x00007f84c50a8fc0, 0x00007f84c50a90e8]
Event: 4,372 Thread 0x00007f84c80a8800  535             org.jruby.ext.ffi.StructByReference::from_native (67 bytes)
Event: 4,373 Thread 0x00007f84c80a8800 nmethod 535 0x00007f84c5111090 code [0x00007f84c51111e0, 0x00007f84c51112c8]
Event: 4,373 Thread 0x00007f84c80a8800  536             org.jruby.ext.ffi.StructByReference::getStructClass (5 bytes)
Event: 4,373 Thread 0x00007f84c80a8800 nmethod 536 0x00007f84c50a8c50 code [0x00007f84c50a8d80, 0x00007f84c50a8dd8]
Event: 4,373 Thread 0x00007f84c80a8800  537             org.jruby.ext.ffi.Struct$Allocator::allocate (10 bytes)

GC Heap History (6 events):
Event: 1,341 GC heap before
{Heap before GC invocations=1 (full 0):
 PSYoungGen      total 17408K, used 15360K [0x00000000f5900000, 0x00000000f6c00000, 0x0000000100000000)
  eden space 15360K, 100% used [0x00000000f5900000,0x00000000f6800000,0x00000000f6800000)
  from space 2048K, 0% used [0x00000000f6a00000,0x00000000f6a00000,0x00000000f6c00000)
  to   space 2048K, 0% used [0x00000000f6800000,0x00000000f6800000,0x00000000f6a00000)
 ParOldGen       total 38400K, used 0K [0x00000000e0c00000, 0x00000000e3180000, 0x00000000f5900000)
  object space 38400K, 0% used [0x00000000e0c00000,0x00000000e0c00000,0x00000000e3180000)
 PSPermGen       total 21504K, used 18949K [0x00000000d6600000, 0x00000000d7b00000, 0x00000000e0c00000)
  object space 21504K, 88% used [0x00000000d6600000,0x00000000d78816c8,0x00000000d7b00000)
Event: 1,356 GC heap after
Heap after GC invocations=1 (full 0):
 PSYoungGen      total 17408K, used 2037K [0x00000000f5900000, 0x00000000f7b00000, 0x0000000100000000)
  eden space 15360K, 0% used [0x00000000f5900000,0x00000000f5900000,0x00000000f6800000)
  from space 2048K, 99% used [0x00000000f6800000,0x00000000f69fd4d8,0x00000000f6a00000)
  to   space 2048K, 0% used [0x00000000f7900000,0x00000000f7900000,0x00000000f7b00000)
 ParOldGen       total 38400K, used 3776K [0x00000000e0c00000, 0x00000000e3180000, 0x00000000f5900000)
  object space 38400K, 9% used [0x00000000e0c00000,0x00000000e0fb0100,0x00000000e3180000)
 PSPermGen       total 21504K, used 18949K [0x00000000d6600000, 0x00000000d7b00000, 0x00000000e0c00000)
  object space 21504K, 88% used [0x00000000d6600000,0x00000000d78816c8,0x00000000d7b00000)
}
Event: 2,378 GC heap before
{Heap before GC invocations=2 (full 0):
 PSYoungGen      total 17408K, used 17397K [0x00000000f5900000, 0x00000000f7b00000, 0x0000000100000000)
  eden space 15360K, 100% used [0x00000000f5900000,0x00000000f6800000,0x00000000f6800000)
  from space 2048K, 99% used [0x00000000f6800000,0x00000000f69fd4d8,0x00000000f6a00000)
  to   space 2048K, 0% used [0x00000000f7900000,0x00000000f7900000,0x00000000f7b00000)
 ParOldGen       total 38400K, used 3776K [0x00000000e0c00000, 0x00000000e3180000, 0x00000000f5900000)
  object space 38400K, 9% used [0x00000000e0c00000,0x00000000e0fb0100,0x00000000e3180000)
 PSPermGen       total 23552K, used 23439K [0x00000000d6600000, 0x00000000d7d00000, 0x00000000e0c00000)
  object space 23552K, 99% used [0x00000000d6600000,0x00000000d7ce3ed8,0x00000000d7d00000)
Event: 2,396 GC heap after
Heap after GC invocations=2 (full 0):
 PSYoungGen      total 32768K, used 2037K [0x00000000f5900000, 0x00000000f7b00000, 0x0000000100000000)
  eden space 30720K, 0% used [0x00000000f5900000,0x00000000f5900000,0x00000000f7700000)
  from space 2048K, 99% used [0x00000000f7900000,0x00000000f7afd528,0x00000000f7b00000)
  to   space 2048K, 0% used [0x00000000f7700000,0x00000000f7700000,0x00000000f7900000)
 ParOldGen       total 38400K, used 5899K [0x00000000e0c00000, 0x00000000e3180000, 0x00000000f5900000)
  object space 38400K, 15% used [0x00000000e0c00000,0x00000000e11c2ee8,0x00000000e3180000)
 PSPermGen       total 23552K, used 23439K [0x00000000d6600000, 0x00000000d7d00000, 0x00000000e0c00000)
  object space 23552K, 99% used [0x00000000d6600000,0x00000000d7ce3ed8,0x00000000d7d00000)
}
Event: 4,192 GC heap before
{Heap before GC invocations=3 (full 0):
 PSYoungGen      total 32768K, used 32757K [0x00000000f5900000, 0x00000000f7b00000, 0x0000000100000000)
  eden space 30720K, 100% used [0x00000000f5900000,0x00000000f7700000,0x00000000f7700000)
  from space 2048K, 99% used [0x00000000f7900000,0x00000000f7afd528,0x00000000f7b00000)
  to   space 2048K, 0% used [0x00000000f7700000,0x00000000f7700000,0x00000000f7900000)
 ParOldGen       total 38400K, used 5899K [0x00000000e0c00000, 0x00000000e3180000, 0x00000000f5900000)
  object space 38400K, 15% used [0x00000000e0c00000,0x00000000e11c2ee8,0x00000000e3180000)
 PSPermGen       total 25600K, used 25458K [0x00000000d6600000, 0x00000000d7f00000, 0x00000000e0c00000)
  object space 25600K, 99% used [0x00000000d6600000,0x00000000d7edcbd0,0x00000000d7f00000)
Event: 4,208 GC heap after
Heap after GC invocations=3 (full 0):
 PSYoungGen      total 32768K, used 2021K [0x00000000f5900000, 0x00000000f9900000, 0x0000000100000000)
  eden space 30720K, 0% used [0x00000000f5900000,0x00000000f5900000,0x00000000f7700000)
  from space 2048K, 98% used [0x00000000f7700000,0x00000000f78f9538,0x00000000f7900000)
  to   space 2048K, 0% used [0x00000000f9700000,0x00000000f9700000,0x00000000f9900000)
 ParOldGen       total 38400K, used 8900K [0x00000000e0c00000, 0x00000000e3180000, 0x00000000f5900000)
  object space 38400K, 23% used [0x00000000e0c00000,0x00000000e14b1198,0x00000000e3180000)
 PSPermGen       total 25600K, used 25458K [0x00000000d6600000, 0x00000000d7f00000, 0x00000000e0c00000)
  object space 25600K, 99% used [0x00000000d6600000,0x00000000d7edcbd0,0x00000000d7f00000)
}

Deoptimization events (10 events):
Event: 4,369 Thread 0x00007f84c800a800 Uncommon trap: reason=class_check action=maybe_recompile pc=0x00007f84c5195598 method=org.jruby.RubyArray.collect(Lorg/jruby/runtime/ThreadContext;Lorg/jruby/runtime/Block;)Lorg/jruby/runtime/builtin/IRubyObject; @ 71
Event: 4,369 Thread 0x00007f84c800a800 Uncommon trap: reason=class_check action=maybe_recompile pc=0x00007f84c5195598 method=org.jruby.RubyArray.collect(Lorg/jruby/runtime/ThreadContext;Lorg/jruby/runtime/Block;)Lorg/jruby/runtime/builtin/IRubyObject; @ 71
Event: 4,369 Thread 0x00007f84c800a800 Uncommon trap: reason=bimorphic action=maybe_recompile pc=0x00007f84c50ac008 method=org.jruby.RubyClass.allocate()Lorg/jruby/runtime/builtin/IRubyObject; @ 54
Event: 4,369 Thread 0x00007f84c800a800 Uncommon trap: reason=bimorphic action=maybe_recompile pc=0x00007f84c50ac008 method=org.jruby.RubyClass.allocate()Lorg/jruby/runtime/builtin/IRubyObject; @ 54
Event: 4,369 Thread 0x00007f84c800a800 Uncommon trap: reason=class_check action=maybe_recompile pc=0x00007f84c5070de4 method=org.jruby.runtime.ivars.VariableAccessor.get(Ljava/lang/Object;)Ljava/lang/Object; @ 1
Event: 4,369 Thread 0x00007f84c800a800 Uncommon trap: reason=class_check action=maybe_recompile pc=0x00007f84c5070de4 method=org.jruby.runtime.ivars.VariableAccessor.get(Ljava/lang/Object;)Ljava/lang/Object; @ 1
Event: 4,369 Thread 0x00007f84c800a800 Uncommon trap: reason=class_check action=maybe_recompile pc=0x00007f84c5070de4 method=org.jruby.runtime.ivars.VariableAccessor.get(Ljava/lang/Object;)Ljava/lang/Object; @ 1
Event: 4,369 Thread 0x00007f84c800a800 Uncommon trap: reason=class_check action=maybe_recompile pc=0x00007f84c5070de4 method=org.jruby.runtime.ivars.VariableAccessor.get(Ljava/lang/Object;)Ljava/lang/Object; @ 1
Event: 4,369 Thread 0x00007f84c800a800 Uncommon trap: reason=bimorphic action=maybe_recompile pc=0x00007f84c50ac008 method=org.jruby.RubyClass.allocate()Lorg/jruby/runtime/builtin/IRubyObject; @ 54
Event: 4,370 Thread 0x00007f84c800a800 Uncommon trap: reason=bimorphic action=maybe_recompile pc=0x00007f84c50ac008 method=org.jruby.RubyClass.allocate()Lorg/jruby/runtime/builtin/IRubyObject; @ 54

Internal exceptions (10 events):
Event: 3,835 Thread 0x00007f84c800a800 Threw 0x00000000f7171f18 at /build/buildd/openjdk-7-7u51-2.4.4/build/openjdk/hotspot/src/share/vm/prims/jvm.cpp:1244
Event: 3,835 Thread 0x00007f84c800a800 Threw 0x00000000f71729c8 at /build/buildd/openjdk-7-7u51-2.4.4/build/openjdk/hotspot/src/share/vm/prims/jvm.cpp:1244
Event: 3,836 Thread 0x00007f84c800a800 Threw 0x00000000f717e538 at /build/buildd/openjdk-7-7u51-2.4.4/build/openjdk/hotspot/src/share/vm/prims/jvm.cpp:1244
Event: 3,836 Thread 0x00007f84c800a800 Threw 0x00000000f71805f8 at /build/buildd/openjdk-7-7u51-2.4.4/build/openjdk/hotspot/src/share/vm/prims/jvm.cpp:1244
Event: 3,837 Thread 0x00007f84c800a800 Threw 0x00000000f71810a8 at /build/buildd/openjdk-7-7u51-2.4.4/build/openjdk/hotspot/src/share/vm/prims/jvm.cpp:1244
Event: 3,837 Thread 0x00007f84c800a800 Threw 0x00000000f7182f48 at /build/buildd/openjdk-7-7u51-2.4.4/build/openjdk/hotspot/src/share/vm/prims/jvm.cpp:1244
Event: 3,837 Thread 0x00007f84c800a800 Threw 0x00000000f7185008 at /build/buildd/openjdk-7-7u51-2.4.4/build/openjdk/hotspot/src/share/vm/prims/jvm.cpp:1244
Event: 3,837 Thread 0x00007f84c800a800 Threw 0x00000000f7185ab8 at /build/buildd/openjdk-7-7u51-2.4.4/build/openjdk/hotspot/src/share/vm/prims/jvm.cpp:1244
Event: 4,374 Thread 0x00007f84c849e000 Threw 0x00000000f5d43cd0 at /build/buildd/openjdk-7-7u51-2.4.4/build/openjdk/hotspot/src/share/vm/prims/jvm.cpp:1244
Event: 4,374 Thread 0x00007f84c849e000 Threw 0x00000000f5d456e8 at /build/buildd/openjdk-7-7u51-2.4.4/build/openjdk/hotspot/src/share/vm/prims/jvm.cpp:1244

Events (10 events):
Event: 4,369 Thread 0x00007f84c800a800 DEOPT PACKING pc=0x00007f84c5070de4 sp=0x00007f84cde99310
Event: 4,369 Thread 0x00007f84c800a800 DEOPT UNPACKING pc=0x00007f84c5039045 sp=0x00007f84cde992d8 mode 2
Event: 4,369 Thread 0x00007f84c800a800 Uncommon trap: trap_request=0xffffffc6 fr.pc=0x00007f84c50ac008
Event: 4,369 Thread 0x00007f84c800a800 DEOPT PACKING pc=0x00007f84c50ac008 sp=0x00007f84cde99700
Event: 4,369 Thread 0x00007f84c800a800 DEOPT UNPACKING pc=0x00007f84c5039045 sp=0x00007f84cde996f0 mode 2
Event: 4,370 Thread 0x00007f84c800a800 Uncommon trap: trap_request=0xffffffc6 fr.pc=0x00007f84c50ac008
Event: 4,370 Thread 0x00007f84c800a800 DEOPT PACKING pc=0x00007f84c50ac008 sp=0x00007f84cde99700
Event: 4,370 Thread 0x00007f84c800a800 DEOPT UNPACKING pc=0x00007f84c5039045 sp=0x00007f84cde996f0 mode 2
Event: 4,374 loading class 0x00007f8478002060
Event: 4,374 loading class 0x00007f8478002060 done


Dynamic libraries:
00400000-00401000 r-xp 00000000 08:01 15861394                           /usr/lib/jvm/java-7-openjdk-amd64/jre/bin/java
00600000-00601000 r--p 00000000 08:01 15861394                           /usr/lib/jvm/java-7-openjdk-amd64/jre/bin/java
00601000-00602000 rw-p 00001000 08:01 15861394                           /usr/lib/jvm/java-7-openjdk-amd64/jre/bin/java
0257b000-0259c000 rw-p 00000000 00:00 0                                  [heap]
d6600000-d7f00000 rw-p 00000000 00:00 0 
d7f00000-e0c00000 rw-p 00000000 00:00 0 
e0c00000-e3180000 rw-p 00000000 00:00 0 
e3180000-f5900000 rw-p 00000000 00:00 0 
f5900000-f9900000 rw-p 00000000 00:00 0 
f9900000-100000000 rw-p 00000000 00:00 0 
7f8478000000-7f8478021000 rw-p 00000000 00:00 0 
7f8478021000-7f847c000000 ---p 00000000 00:00 0 
7f847c000000-7f847c021000 rw-p 00000000 00:00 0 
7f847c021000-7f8480000000 ---p 00000000 00:00 0 
7f8480000000-7f8480021000 rw-p 00000000 00:00 0 
7f8480021000-7f8484000000 ---p 00000000 00:00 0 
7f8484000000-7f8484021000 rw-p 00000000 00:00 0 
7f8484021000-7f8488000000 ---p 00000000 00:00 0 
7f8488000000-7f8488021000 rw-p 00000000 00:00 0 
7f8488021000-7f848c000000 ---p 00000000 00:00 0 
7f848c000000-7f848c027000 rw-p 00000000 00:00 0 
7f848c027000-7f8490000000 ---p 00000000 00:00 0 
7f8490000000-7f8490bb1000 rw-p 00000000 00:00 0 
7f8490bb1000-7f8494000000 ---p 00000000 00:00 0 
7f8494000000-7f8494021000 rw-p 00000000 00:00 0 
7f8494021000-7f8498000000 ---p 00000000 00:00 0 
7f8498000000-7f8498021000 rw-p 00000000 00:00 0 
7f8498021000-7f849c000000 ---p 00000000 00:00 0 
7f849c000000-7f849cd03000 rw-p 00000000 00:00 0 
7f849cd03000-7f84a0000000 ---p 00000000 00:00 0 
7f84a0000000-7f84a0021000 rw-p 00000000 00:00 0 
7f84a0021000-7f84a4000000 ---p 00000000 00:00 0 
7f84a4000000-7f84a4021000 rw-p 00000000 00:00 0 
7f84a4021000-7f84a8000000 ---p 00000000 00:00 0 
7f84a8000000-7f84a8021000 rw-p 00000000 00:00 0 
7f84a8021000-7f84ac000000 ---p 00000000 00:00 0 
7f84ac000000-7f84ac021000 rw-p 00000000 00:00 0 
7f84ac021000-7f84b0000000 ---p 00000000 00:00 0 
7f84b0000000-7f84b0021000 rw-p 00000000 00:00 0 
7f84b0021000-7f84b4000000 ---p 00000000 00:00 0 
7f84b6fec000-7f84b6ff0000 r-xp 00000000 08:01 13894671                   /home/alex/Documents/8vo_Semestre/Geometría Computacional/Lab/practica02p1/src/lib/libintersection.so
7f84b6ff0000-7f84b71ef000 ---p 00004000 08:01 13894671                   /home/alex/Documents/8vo_Semestre/Geometría Computacional/Lab/practica02p1/src/lib/libintersection.so
7f84b71ef000-7f84b71f0000 r--p 00003000 08:01 13894671                   /home/alex/Documents/8vo_Semestre/Geometría Computacional/Lab/practica02p1/src/lib/libintersection.so
7f84b71f0000-7f84b71f1000 rw-p 00004000 08:01 13894671                   /home/alex/Documents/8vo_Semestre/Geometría Computacional/Lab/practica02p1/src/lib/libintersection.so
7f84b71f1000-7f84b71f4000 r-xp 00000000 08:01 13894670                   /home/alex/Documents/8vo_Semestre/Geometría Computacional/Lab/practica02p1/src/lib/librb_tree.so
7f84b71f4000-7f84b73f3000 ---p 00003000 08:01 13894670                   /home/alex/Documents/8vo_Semestre/Geometría Computacional/Lab/practica02p1/src/lib/librb_tree.so
7f84b73f3000-7f84b73f4000 r--p 00002000 08:01 13894670                   /home/alex/Documents/8vo_Semestre/Geometría Computacional/Lab/practica02p1/src/lib/librb_tree.so
7f84b73f4000-7f84b73f5000 rw-p 00003000 08:01 13894670                   /home/alex/Documents/8vo_Semestre/Geometría Computacional/Lab/practica02p1/src/lib/librb_tree.so
7f84b73f5000-7f84b73f7000 r-xp 00000000 08:01 13894669                   /home/alex/Documents/8vo_Semestre/Geometría Computacional/Lab/practica02p1/src/lib/libdouble_linked_list.so
7f84b73f7000-7f84b75f6000 ---p 00002000 08:01 13894669                   /home/alex/Documents/8vo_Semestre/Geometría Computacional/Lab/practica02p1/src/lib/libdouble_linked_list.so
7f84b75f6000-7f84b75f7000 r--p 00001000 08:01 13894669                   /home/alex/Documents/8vo_Semestre/Geometría Computacional/Lab/practica02p1/src/lib/libdouble_linked_list.so
7f84b75f7000-7f84b75f8000 rw-p 00002000 08:01 13894669                   /home/alex/Documents/8vo_Semestre/Geometría Computacional/Lab/practica02p1/src/lib/libdouble_linked_list.so
7f84b75f8000-7f84b75f9000 r-xp 00000000 08:01 13893852                   /home/alex/Documents/8vo_Semestre/Geometría Computacional/Lab/practica02p1/src/lib/libhalf_edge.so
7f84b75f9000-7f84b77f9000 ---p 00001000 08:01 13893852                   /home/alex/Documents/8vo_Semestre/Geometría Computacional/Lab/practica02p1/src/lib/libhalf_edge.so
7f84b77f9000-7f84b77fa000 r--p 00001000 08:01 13893852                   /home/alex/Documents/8vo_Semestre/Geometría Computacional/Lab/practica02p1/src/lib/libhalf_edge.so
7f84b77fa000-7f84b77fb000 rw-p 00002000 08:01 13893852                   /home/alex/Documents/8vo_Semestre/Geometría Computacional/Lab/practica02p1/src/lib/libhalf_edge.so
7f84b77fb000-7f84b77fc000 r-xp 00000000 08:01 13893851                   /home/alex/Documents/8vo_Semestre/Geometría Computacional/Lab/practica02p1/src/lib/lib2d_points.so
7f84b77fc000-7f84b79fb000 ---p 00001000 08:01 13893851                   /home/alex/Documents/8vo_Semestre/Geometría Computacional/Lab/practica02p1/src/lib/lib2d_points.so
7f84b79fb000-7f84b79fc000 r--p 00000000 08:01 13893851                   /home/alex/Documents/8vo_Semestre/Geometría Computacional/Lab/practica02p1/src/lib/lib2d_points.so
7f84b79fc000-7f84b79fd000 rw-p 00001000 08:01 13893851                   /home/alex/Documents/8vo_Semestre/Geometría Computacional/Lab/practica02p1/src/lib/lib2d_points.so
7f84b79fd000-7f84b7a00000 ---p 00000000 00:00 0 
7f84b7a00000-7f84b7bfe000 rw-p 00000000 00:00 0                          [stack:9091]
7f84b7bfe000-7f84b7c01000 ---p 00000000 00:00 0 
7f84b7c01000-7f84b7dff000 rw-p 00000000 00:00 0 
7f84b7dff000-7f84b7e02000 ---p 00000000 00:00 0 
7f84b7e02000-7f84b8000000 rw-p 00000000 00:00 0 
7f84b8000000-7f84b8021000 rw-p 00000000 00:00 0 
7f84b8021000-7f84bc000000 ---p 00000000 00:00 0 
7f84bc0b7000-7f84bc0ba000 ---p 00000000 00:00 0 
7f84bc0ba000-7f84bc2b8000 rw-p 00000000 00:00 0                          [stack:8968]
7f84bc2b8000-7f84bc2ca000 r-xp 00000000 08:01 12059135                   /home/alex/.rbenv/versions/jruby-1.7.10/lib/jni/x86_64-Linux/libjffi-1.2.so
7f84bc2ca000-7f84bc4c9000 ---p 00012000 08:01 12059135                   /home/alex/.rbenv/versions/jruby-1.7.10/lib/jni/x86_64-Linux/libjffi-1.2.so
7f84bc4c9000-7f84bc4ca000 rw-p 00011000 08:01 12059135                   /home/alex/.rbenv/versions/jruby-1.7.10/lib/jni/x86_64-Linux/libjffi-1.2.so
7f84bc4ca000-7f84bc4da000 r-xp 00000000 08:01 15861288                   /usr/lib/jvm/java-7-openjdk-amd64/jre/lib/amd64/libnio.so
7f84bc4da000-7f84bc6da000 ---p 00010000 08:01 15861288                   /usr/lib/jvm/java-7-openjdk-amd64/jre/lib/amd64/libnio.so
7f84bc6da000-7f84bc6db000 r--p 00010000 08:01 15861288                   /usr/lib/jvm/java-7-openjdk-amd64/jre/lib/amd64/libnio.so
7f84bc6db000-7f84bc6dc000 rw-p 00011000 08:01 15861288                   /usr/lib/jvm/java-7-openjdk-amd64/jre/lib/amd64/libnio.so
7f84bc6dc000-7f84bc719000 r-xp 00000000 08:01 8130434                    /lib/x86_64-linux-gnu/libpcre.so.3.13.1
7f84bc719000-7f84bc919000 ---p 0003d000 08:01 8130434                    /lib/x86_64-linux-gnu/libpcre.so.3.13.1
7f84bc919000-7f84bc91a000 r--p 0003d000 08:01 8130434                    /lib/x86_64-linux-gnu/libpcre.so.3.13.1
7f84bc91a000-7f84bc91b000 rw-p 0003e000 08:01 8130434                    /lib/x86_64-linux-gnu/libpcre.so.3.13.1
7f84bc91b000-7f84bc922000 r-xp 00000000 08:01 15735894                   /usr/lib/x86_64-linux-gnu/libffi.so.6.0.1
7f84bc922000-7f84bcb21000 ---p 00007000 08:01 15735894                   /usr/lib/x86_64-linux-gnu/libffi.so.6.0.1
7f84bcb21000-7f84bcb22000 r--p 00006000 08:01 15735894                   /usr/lib/x86_64-linux-gnu/libffi.so.6.0.1
7f84bcb22000-7f84bcb23000 rw-p 00007000 08:01 15735894                   /usr/lib/x86_64-linux-gnu/libffi.so.6.0.1
7f84bcb23000-7f84bcb39000 r-xp 00000000 08:01 8130457                    /lib/x86_64-linux-gnu/libresolv-2.17.so
7f84bcb39000-7f84bcd39000 ---p 00016000 08:01 8130457                    /lib/x86_64-linux-gnu/libresolv-2.17.so
7f84bcd39000-7f84bcd3a000 r--p 00016000 08:01 8130457                    /lib/x86_64-linux-gnu/libresolv-2.17.so
7f84bcd3a000-7f84bcd3b000 rw-p 00017000 08:01 8130457                    /lib/x86_64-linux-gnu/libresolv-2.17.so
7f84bcd3b000-7f84bcd3d000 rw-p 00000000 00:00 0 
7f84bcd3d000-7f84bcd5c000 r-xp 00000000 08:01 8130461                    /lib/x86_64-linux-gnu/libselinux.so.1
7f84bcd5c000-7f84bcf5c000 ---p 0001f000 08:01 8130461                    /lib/x86_64-linux-gnu/libselinux.so.1
7f84bcf5c000-7f84bcf5d000 r--p 0001f000 08:01 8130461                    /lib/x86_64-linux-gnu/libselinux.so.1
7f84bcf5d000-7f84bcf5e000 rw-p 00020000 08:01 8130461                    /lib/x86_64-linux-gnu/libselinux.so.1
7f84bcf5e000-7f84bcf5f000 rw-p 00000000 00:00 0 
7f84bcf5f000-7f84bcf62000 r-xp 00000000 08:01 15729078                   /usr/lib/x86_64-linux-gnu/libgmodule-2.0.so.0.3800.1
7f84bcf62000-7f84bd161000 ---p 00003000 08:01 15729078                   /usr/lib/x86_64-linux-gnu/libgmodule-2.0.so.0.3800.1
7f84bd161000-7f84bd162000 r--p 00002000 08:01 15729078                   /usr/lib/x86_64-linux-gnu/libgmodule-2.0.so.0.3800.1
7f84bd162000-7f84bd163000 rw-p 00003000 08:01 15729078                   /usr/lib/x86_64-linux-gnu/libgmodule-2.0.so.0.3800.1
7f84bd163000-7f84bd261000 r-xp 00000000 08:01 8130449                    /lib/x86_64-linux-gnu/libglib-2.0.so.0.3800.1
7f84bd261000-7f84bd461000 ---p 000fe000 08:01 8130449                    /lib/x86_64-linux-gnu/libglib-2.0.so.0.3800.1
7f84bd461000-7f84bd462000 r--p 000fe000 08:01 8130449                    /lib/x86_64-linux-gnu/libglib-2.0.so.0.3800.1
7f84bd462000-7f84bd463000 rw-p 000ff000 08:01 8130449                    /lib/x86_64-linux-gnu/libglib-2.0.so.0.3800.1
7f84bd463000-7f84bd464000 rw-p 00000000 00:00 0 
7f84bd464000-7f84bd4b3000 r-xp 00000000 08:01 15729069                   /usr/lib/x86_64-linux-gnu/libgobject-2.0.so.0.3800.1
7f84bd4b3000-7f84bd6b3000 ---p 0004f000 08:01 15729069                   /usr/lib/x86_64-linux-gnu/libgobject-2.0.so.0.3800.1
7f84bd6b3000-7f84bd6b4000 r--p 0004f000 08:01 15729069                   /usr/lib/x86_64-linux-gnu/libgobject-2.0.so.0.3800.1
7f84bd6b4000-7f84bd6b5000 rw-p 00050000 08:01 15729069                   /usr/lib/x86_64-linux-gnu/libgobject-2.0.so.0.3800.1
7f84bd6b5000-7f84bd811000 r-xp 00000000 08:01 15729043                   /usr/lib/x86_64-linux-gnu/libgio-2.0.so.0.3800.1
7f84bd811000-7f84bda10000 ---p 0015c000 08:01 15729043                   /usr/lib/x86_64-linux-gnu/libgio-2.0.so.0.3800.1
7f84bda10000-7f84bda14000 r--p 0015b000 08:01 15729043                   /usr/lib/x86_64-linux-gnu/libgio-2.0.so.0.3800.1
7f84bda14000-7f84bda16000 rw-p 0015f000 08:01 15729043                   /usr/lib/x86_64-linux-gnu/libgio-2.0.so.0.3800.1
7f84bda16000-7f84bda18000 rw-p 00000000 00:00 0 
7f84bda18000-7f84bda2e000 r-xp 00000000 08:01 15861076                   /usr/lib/jvm/java-7-openjdk-amd64/jre/lib/amd64/libnet.so
7f84bda2e000-7f84bdc2d000 ---p 00016000 08:01 15861076                   /usr/lib/jvm/java-7-openjdk-amd64/jre/lib/amd64/libnet.so
7f84bdc2d000-7f84bdc2e000 r--p 00015000 08:01 15861076                   /usr/lib/jvm/java-7-openjdk-amd64/jre/lib/amd64/libnet.so
7f84bdc2e000-7f84bdc2f000 rw-p 00016000 08:01 15861076                   /usr/lib/jvm/java-7-openjdk-amd64/jre/lib/amd64/libnet.so
7f84bdc2f000-7f84bdc30000 ---p 00000000 00:00 0 
7f84bdc30000-7f84bdd30000 rw-p 00000000 00:00 0                          [stack:8967]
7f84bdd30000-7f84bdd33000 ---p 00000000 00:00 0 
7f84bdd33000-7f84bdf31000 rw-p 00000000 00:00 0                          [stack:8966]
7f84bdf31000-7f84bdf34000 ---p 00000000 00:00 0 
7f84bdf34000-7f84be032000 rw-p 00000000 00:00 0                          [stack:8965]
7f84be032000-7f84be035000 ---p 00000000 00:00 0 
7f84be035000-7f84be133000 rw-p 00000000 00:00 0                          [stack:8964]
7f84be133000-7f84be136000 ---p 00000000 00:00 0 
7f84be136000-7f84be334000 rw-p 00000000 00:00 0                          [stack:8963]
7f84be334000-7f84be72e000 r--p 00000000 08:01 15734328                   /usr/lib/locale/locale-archive
7f84be72e000-7f84be731000 ---p 00000000 00:00 0 
7f84be731000-7f84be92f000 rw-p 00000000 00:00 0                          [stack:8962]
7f84be92f000-7f84be932000 ---p 00000000 00:00 0 
7f84be932000-7f84c0000000 rw-p 00000000 00:00 0                          [stack:8961]
7f84c0000000-7f84c0021000 rw-p 00000000 00:00 0 
7f84c0021000-7f84c4000000 ---p 00000000 00:00 0 
7f84c4087000-7f84c4088000 rw-p 00000000 00:00 0 
7f84c4088000-7f84c408b000 ---p 00000000 00:00 0 
7f84c408b000-7f84c40c1000 rw-p 00000000 00:00 0                          [stack:8971]
7f84c40c1000-7f84c40c2000 r-xp 00000000 00:00 0 
7f84c40c2000-7f84c40c9000 r--s 00000000 08:01 16127910                   /usr/lib/x86_64-linux-gnu/gconv/gconv-modules.cache
7f84c40c9000-7f84c40cc000 r--s 00032000 08:01 15861310                   /usr/lib/jvm/java-7-openjdk-amd64/jre/lib/ext/sunjce_provider.jar
7f84c40cc000-7f84c40d0000 r--s 00085000 08:01 15861304                   /usr/lib/jvm/java-7-openjdk-amd64/jre/lib/ext/localedata.jar
7f84c40d0000-7f84c40d1000 ---p 00000000 00:00 0 
7f84c40d1000-7f84c5000000 rw-p 00000000 00:00 0                          [stack:8960]
7f84c5000000-7f84c5270000 rwxp 00000000 00:00 0 
7f84c5270000-7f84c8501000 rw-p 00000000 00:00 0 
7f84c8501000-7f84cc000000 ---p 00000000 00:00 0 
7f84cc000000-7f84cc002000 r--s 00012000 08:01 15861308                   /usr/lib/jvm/java-7-openjdk-amd64/jre/lib/ext/zipfs.jar
7f84cc002000-7f84cc004000 r--s 00006000 08:01 16256853                   /usr/share/java/java-atk-wrapper.jar
7f84cc004000-7f84cc005000 r--s 00002000 08:01 15861314                   /usr/lib/jvm/java-7-openjdk-amd64/jre/lib/ext/dnsns.jar
7f84cc005000-7f84cc008000 r--s 0000f000 08:01 15861306                   /usr/lib/jvm/java-7-openjdk-amd64/jre/lib/ext/pulse-java.jar
7f84cc008000-7f84cc00c000 r--s 0003b000 08:01 15861316                   /usr/lib/jvm/java-7-openjdk-amd64/jre/lib/ext/sunpkcs11.jar
7f84cc00c000-7f84cc199000 rw-p 00000000 00:00 0 
7f84cc199000-7f84cc282000 r--s 00bb9000 08:01 12059138                   /home/alex/.rbenv/versions/jruby-1.7.10/lib/jruby.jar
7f84cc282000-7f84cc2ca000 rw-p 00000000 00:00 0 
7f84cc2ca000-7f84cc478000 r--s 01cf4000 08:01 15861374                   /usr/lib/jvm/java-7-openjdk-amd64/jre/lib/rt.jar
7f84cc478000-7f84cc6be000 rw-p 00000000 00:00 0 
7f84cc6be000-7f84cc6bf000 ---p 00000000 00:00 0 
7f84cc6bf000-7f84cc7bf000 rw-p 00000000 00:00 0                          [stack:8959]
7f84cc7bf000-7f84cc7c0000 ---p 00000000 00:00 0 
7f84cc7c0000-7f84cc8c0000 rw-p 00000000 00:00 0                          [stack:8958]
7f84cc8c0000-7f84cc8c1000 ---p 00000000 00:00 0 
7f84cc8c1000-7f84cc9c1000 rw-p 00000000 00:00 0                          [stack:8957]
7f84cc9c1000-7f84cc9c2000 ---p 00000000 00:00 0 
7f84cc9c2000-7f84ccacf000 rw-p 00000000 00:00 0                          [stack:8956]
7f84ccacf000-7f84ccb15000 rw-p 00000000 00:00 0 
7f84ccb15000-7f84ccb28000 rw-p 00000000 00:00 0 
7f84ccb28000-7f84ccbbb000 rw-p 00000000 00:00 0 
7f84ccbbb000-7f84ccbdc000 rw-p 00000000 00:00 0 
7f84ccbdc000-7f84ccc0f000 rw-p 00000000 00:00 0 
7f84ccc0f000-7f84ccc10000 rw-p 00000000 00:00 0 
7f84ccc10000-7f84ccc18000 r-xp 00000000 08:01 15861025                   /usr/lib/jvm/java-7-openjdk-amd64/jre/lib/amd64/libzip.so
7f84ccc18000-7f84cce17000 ---p 00008000 08:01 15861025                   /usr/lib/jvm/java-7-openjdk-amd64/jre/lib/amd64/libzip.so
7f84cce17000-7f84cce18000 r--p 00007000 08:01 15861025                   /usr/lib/jvm/java-7-openjdk-amd64/jre/lib/amd64/libzip.so
7f84cce18000-7f84cce19000 rw-p 00008000 08:01 15861025                   /usr/lib/jvm/java-7-openjdk-amd64/jre/lib/amd64/libzip.so
7f84cce19000-7f84cce25000 r-xp 00000000 08:01 8130412                    /lib/x86_64-linux-gnu/libnss_files-2.17.so
7f84cce25000-7f84cd024000 ---p 0000c000 08:01 8130412                    /lib/x86_64-linux-gnu/libnss_files-2.17.so
7f84cd024000-7f84cd025000 r--p 0000b000 08:01 8130412                    /lib/x86_64-linux-gnu/libnss_files-2.17.so
7f84cd025000-7f84cd026000 rw-p 0000c000 08:01 8130412                    /lib/x86_64-linux-gnu/libnss_files-2.17.so
7f84cd026000-7f84cd031000 r-xp 00000000 08:01 8130416                    /lib/x86_64-linux-gnu/libnss_nis-2.17.so
7f84cd031000-7f84cd230000 ---p 0000b000 08:01 8130416                    /lib/x86_64-linux-gnu/libnss_nis-2.17.so
7f84cd230000-7f84cd231000 r--p 0000a000 08:01 8130416                    /lib/x86_64-linux-gnu/libnss_nis-2.17.so
7f84cd231000-7f84cd232000 rw-p 0000b000 08:01 8130416                    /lib/x86_64-linux-gnu/libnss_nis-2.17.so
7f84cd232000-7f84cd249000 r-xp 00000000 08:01 8130406                    /lib/x86_64-linux-gnu/libnsl-2.17.so
7f84cd249000-7f84cd448000 ---p 00017000 08:01 8130406                    /lib/x86_64-linux-gnu/libnsl-2.17.so
7f84cd448000-7f84cd449000 r--p 00016000 08:01 8130406                    /lib/x86_64-linux-gnu/libnsl-2.17.so
7f84cd449000-7f84cd44a000 rw-p 00017000 08:01 8130406                    /lib/x86_64-linux-gnu/libnsl-2.17.so
7f84cd44a000-7f84cd44c000 rw-p 00000000 00:00 0 
7f84cd44c000-7f84cd454000 r-xp 00000000 08:01 8130408                    /lib/x86_64-linux-gnu/libnss_compat-2.17.so
7f84cd454000-7f84cd653000 ---p 00008000 08:01 8130408                    /lib/x86_64-linux-gnu/libnss_compat-2.17.so
7f84cd653000-7f84cd654000 r--p 00007000 08:01 8130408                    /lib/x86_64-linux-gnu/libnss_compat-2.17.so
7f84cd654000-7f84cd655000 rw-p 00008000 08:01 8130408                    /lib/x86_64-linux-gnu/libnss_compat-2.17.so
7f84cd655000-7f84cd680000 r-xp 00000000 08:01 15860951                   /usr/lib/jvm/java-7-openjdk-amd64/jre/lib/amd64/libjava.so
7f84cd680000-7f84cd87f000 ---p 0002b000 08:01 15860951                   /usr/lib/jvm/java-7-openjdk-amd64/jre/lib/amd64/libjava.so
7f84cd87f000-7f84cd880000 r--p 0002a000 08:01 15860951                   /usr/lib/jvm/java-7-openjdk-amd64/jre/lib/amd64/libjava.so
7f84cd880000-7f84cd882000 rw-p 0002b000 08:01 15860951                   /usr/lib/jvm/java-7-openjdk-amd64/jre/lib/amd64/libjava.so
7f84cd882000-7f84cd892000 r-xp 00000000 08:01 15861265                   /usr/lib/jvm/java-7-openjdk-amd64/jre/lib/amd64/libverify.so
7f84cd892000-7f84cda91000 ---p 00010000 08:01 15861265                   /usr/lib/jvm/java-7-openjdk-amd64/jre/lib/amd64/libverify.so
7f84cda91000-7f84cda93000 r--p 0000f000 08:01 15861265                   /usr/lib/jvm/java-7-openjdk-amd64/jre/lib/amd64/libverify.so
7f84cda93000-7f84cda94000 rw-p 00011000 08:01 15861265                   /usr/lib/jvm/java-7-openjdk-amd64/jre/lib/amd64/libverify.so
7f84cda94000-7f84cda9b000 r-xp 00000000 08:01 8130459                    /lib/x86_64-linux-gnu/librt-2.17.so
7f84cda9b000-7f84cdc9a000 ---p 00007000 08:01 8130459                    /lib/x86_64-linux-gnu/librt-2.17.so
7f84cdc9a000-7f84cdc9b000 r--p 00006000 08:01 8130459                    /lib/x86_64-linux-gnu/librt-2.17.so
7f84cdc9b000-7f84cdc9c000 rw-p 00007000 08:01 8130459                    /lib/x86_64-linux-gnu/librt-2.17.so
7f84cdc9c000-7f84cdc9f000 ---p 00000000 00:00 0 
7f84cdc9f000-7f84cde9d000 rw-p 00000000 00:00 0                          [stack:8955]
7f84cde9d000-7f84cdeb2000 r-xp 00000000 08:01 8126477                    /lib/x86_64-linux-gnu/libgcc_s.so.1
7f84cdeb2000-7f84ce0b1000 ---p 00015000 08:01 8126477                    /lib/x86_64-linux-gnu/libgcc_s.so.1
7f84ce0b1000-7f84ce0b2000 r--p 00014000 08:01 8126477                    /lib/x86_64-linux-gnu/libgcc_s.so.1
7f84ce0b2000-7f84ce0b3000 rw-p 00015000 08:01 8126477                    /lib/x86_64-linux-gnu/libgcc_s.so.1
7f84ce0b3000-7f84ce1b6000 r-xp 00000000 08:01 8130387                    /lib/x86_64-linux-gnu/libm-2.17.so
7f84ce1b6000-7f84ce3b5000 ---p 00103000 08:01 8130387                    /lib/x86_64-linux-gnu/libm-2.17.so
7f84ce3b5000-7f84ce3b6000 r--p 00102000 08:01 8130387                    /lib/x86_64-linux-gnu/libm-2.17.so
7f84ce3b6000-7f84ce3b7000 rw-p 00103000 08:01 8130387                    /lib/x86_64-linux-gnu/libm-2.17.so
7f84ce3b7000-7f84ce49d000 r-xp 00000000 08:01 15729831                   /usr/lib/x86_64-linux-gnu/libstdc++.so.6.0.18
7f84ce49d000-7f84ce69c000 ---p 000e6000 08:01 15729831                   /usr/lib/x86_64-linux-gnu/libstdc++.so.6.0.18
7f84ce69c000-7f84ce6a4000 r--p 000e5000 08:01 15729831                   /usr/lib/x86_64-linux-gnu/libstdc++.so.6.0.18
7f84ce6a4000-7f84ce6a6000 rw-p 000ed000 08:01 15729831                   /usr/lib/x86_64-linux-gnu/libstdc++.so.6.0.18
7f84ce6a6000-7f84ce6bb000 rw-p 00000000 00:00 0 
7f84ce6bb000-7f84cf19a000 r-xp 00000000 08:01 15861284                   /usr/lib/jvm/java-7-openjdk-amd64/jre/lib/amd64/server/libjvm.so
7f84cf19a000-7f84cf399000 ---p 00adf000 08:01 15861284                   /usr/lib/jvm/java-7-openjdk-amd64/jre/lib/amd64/server/libjvm.so
7f84cf399000-7f84cf42b000 r--p 00ade000 08:01 15861284                   /usr/lib/jvm/java-7-openjdk-amd64/jre/lib/amd64/server/libjvm.so
7f84cf42b000-7f84cf44e000 rw-p 00b70000 08:01 15861284                   /usr/lib/jvm/java-7-openjdk-amd64/jre/lib/amd64/server/libjvm.so
7f84cf44e000-7f84cf47b000 rw-p 00000000 00:00 0 
7f84cf47b000-7f84cf493000 r-xp 00000000 08:01 8130494                    /lib/x86_64-linux-gnu/libz.so.1.2.8
7f84cf493000-7f84cf692000 ---p 00018000 08:01 8130494                    /lib/x86_64-linux-gnu/libz.so.1.2.8
7f84cf692000-7f84cf693000 r--p 00017000 08:01 8130494                    /lib/x86_64-linux-gnu/libz.so.1.2.8
7f84cf693000-7f84cf694000 rw-p 00018000 08:01 8130494                    /lib/x86_64-linux-gnu/libz.so.1.2.8
7f84cf694000-7f84cf6ab000 r-xp 00000000 08:01 8130451                    /lib/x86_64-linux-gnu/libpthread-2.17.so
7f84cf6ab000-7f84cf8ab000 ---p 00017000 08:01 8130451                    /lib/x86_64-linux-gnu/libpthread-2.17.so
7f84cf8ab000-7f84cf8ac000 r--p 00017000 08:01 8130451                    /lib/x86_64-linux-gnu/libpthread-2.17.so
7f84cf8ac000-7f84cf8ad000 rw-p 00018000 08:01 8130451                    /lib/x86_64-linux-gnu/libpthread-2.17.so
7f84cf8ad000-7f84cf8b1000 rw-p 00000000 00:00 0 
7f84cf8b1000-7f84cf8b4000 r-xp 00000000 08:01 8130351                    /lib/x86_64-linux-gnu/libdl-2.17.so
7f84cf8b4000-7f84cfab3000 ---p 00003000 08:01 8130351                    /lib/x86_64-linux-gnu/libdl-2.17.so
7f84cfab3000-7f84cfab4000 r--p 00002000 08:01 8130351                    /lib/x86_64-linux-gnu/libdl-2.17.so
7f84cfab4000-7f84cfab5000 rw-p 00003000 08:01 8130351                    /lib/x86_64-linux-gnu/libdl-2.17.so
7f84cfab5000-7f84cfc72000 r-xp 00000000 08:01 8130336                    /lib/x86_64-linux-gnu/libc-2.17.so
7f84cfc72000-7f84cfe72000 ---p 001bd000 08:01 8130336                    /lib/x86_64-linux-gnu/libc-2.17.so
7f84cfe72000-7f84cfe76000 r--p 001bd000 08:01 8130336                    /lib/x86_64-linux-gnu/libc-2.17.so
7f84cfe76000-7f84cfe78000 rw-p 001c1000 08:01 8130336                    /lib/x86_64-linux-gnu/libc-2.17.so
7f84cfe78000-7f84cfe7d000 rw-p 00000000 00:00 0 
7f84cfe7d000-7f84cfe8a000 r-xp 00000000 08:01 15861291                   /usr/lib/jvm/java-7-openjdk-amd64/jre/lib/amd64/jli/libjli.so
7f84cfe8a000-7f84d0089000 ---p 0000d000 08:01 15861291                   /usr/lib/jvm/java-7-openjdk-amd64/jre/lib/amd64/jli/libjli.so
7f84d0089000-7f84d008a000 r--p 0000c000 08:01 15861291                   /usr/lib/jvm/java-7-openjdk-amd64/jre/lib/amd64/jli/libjli.so
7f84d008a000-7f84d008b000 rw-p 0000d000 08:01 15861291                   /usr/lib/jvm/java-7-openjdk-amd64/jre/lib/amd64/jli/libjli.so
7f84d008b000-7f84d00ae000 r-xp 00000000 08:01 8130312                    /lib/x86_64-linux-gnu/ld-2.17.so
7f84d00ae000-7f84d00b3000 r--s 0004c000 08:01 15861296                   /usr/lib/jvm/java-7-openjdk-amd64/jre/lib/jsse.jar
7f84d00b3000-7f84d00e1000 rw-p 00000000 00:00 0 
7f84d00e1000-7f84d0127000 rw-p 00000000 00:00 0 
7f84d0127000-7f84d013a000 rw-p 00000000 00:00 0 
7f84d013a000-7f84d01ce000 rw-p 00000000 00:00 0 
7f84d01ce000-7f84d01d8000 rw-p 00000000 00:00 0 
7f84d01d8000-7f84d028e000 rw-p 00000000 00:00 0 
7f84d028e000-7f84d02a1000 rw-p 00000000 00:00 0 
7f84d02a1000-7f84d02a9000 rw-s 00000000 08:01 5767186                    /tmp/hsperfdata_alex/8930
7f84d02a9000-7f84d02aa000 rw-p 00000000 00:00 0 
7f84d02aa000-7f84d02ab000 r--p 00000000 00:00 0 
7f84d02ab000-7f84d02ad000 rw-p 00000000 00:00 0 
7f84d02ad000-7f84d02ae000 r--p 00022000 08:01 8130312                    /lib/x86_64-linux-gnu/ld-2.17.so
7f84d02ae000-7f84d02b0000 rw-p 00023000 08:01 8130312                    /lib/x86_64-linux-gnu/ld-2.17.so
7fff659ae000-7fff659cf000 rw-p 00000000 00:00 0                          [stack]
7fff659fe000-7fff65a00000 r-xp 00000000 00:00 0                          [vdso]
ffffffffff600000-ffffffffff601000 r-xp 00000000 00:00 0                  [vsyscall]

VM Arguments:
jvm_args: -Djdk.home= -Djruby.home=/home/alex/.rbenv/versions/jruby-1.7.10 -Djruby.script=jruby -Djruby.shell=/bin/sh -Djffi.boot.library.path=/home/alex/.rbenv/versions/jruby-1.7.10/lib/jni:/home/alex/.rbenv/versions/jruby-1.7.10/lib/jni/i386-Linux:/home/alex/.rbenv/versions/jruby-1.7.10/lib/jni/arm-Linux:/home/alex/.rbenv/versions/jruby-1.7.10/lib/jni/x86_64-Linux -Xmx500m -Xss2048k -Xbootclasspath/a:/home/alex/.rbenv/versions/jruby-1.7.10/lib/jruby.jar 
java_command: org/jruby/Main Makefile.rb clean compile test clean
Launcher Type: SUN_STANDARD

Environment Variables:
PATH=/home/alex/.rbenv/versions/jruby-1.7.10/bin:/home/alex/.rbenv/libexec:/home/alex/.rbenv/plugins/ruby-build/bin:/home/alex/.rbenv/shims:~/.rbenv/bin:~/.rbenv/bin:/usr/local/sbin:/usr/local/bin:/usr/sbin:/usr/bin:/sbin:/bin:/usr/games:/usr/local/games
USERNAME=alex
SHELL=/bin/bash
DISPLAY=:0

Signal Handlers:
SIGSEGV: [libjvm.so+0x916ea0], sa_mask[0]=0x7ffbfeff, sa_flags=0x10000004
SIGBUS: [libjvm.so+0x916ea0], sa_mask[0]=0x7ffbfeff, sa_flags=0x10000004
SIGFPE: [libjvm.so+0x794800], sa_mask[0]=0x7ffbfeff, sa_flags=0x10000004
SIGPIPE: [libjvm.so+0x794800], sa_mask[0]=0x7ffbfeff, sa_flags=0x10000004
SIGXFSZ: [libjvm.so+0x794800], sa_mask[0]=0x7ffbfeff, sa_flags=0x10000004
SIGILL: [libjvm.so+0x794800], sa_mask[0]=0x7ffbfeff, sa_flags=0x10000004
SIGUSR1: SIG_DFL, sa_mask[0]=0x00000000, sa_flags=0x00000000
SIGUSR2: [libjvm.so+0x7946a0], sa_mask[0]=0x00000000, sa_flags=0x10000004
SIGHUP: [libjvm.so+0x794880], sa_mask[0]=0x7ffbfeff, sa_flags=0x10000004
SIGINT: [libjvm.so+0x794880], sa_mask[0]=0x7ffbfeff, sa_flags=0x10000004
SIGTERM: [libjvm.so+0x794880], sa_mask[0]=0x7ffbfeff, sa_flags=0x10000004
SIGQUIT: [libjvm.so+0x794880], sa_mask[0]=0x7ffbfeff, sa_flags=0x10000004


---------------  S Y S T E M  ---------------

OS:LinuxMint 16 (petra)
uname:Linux 3.11.0-12-generic #19-Ubuntu SMP Wed Oct 9 16:20:46 UTC 2013 x86_64
libc:glibc 2.17 NPTL 2.17 
rlimit: STACK 8192k, CORE 0k, NPROC 28798, NOFILE 4096, AS infinity
load average:0,31 0,14 0,12

/proc/meminfo:
MemTotal:        3715476 kB
MemFree:         2330032 kB
Buffers:          115072 kB
Cached:           771504 kB
SwapCached:            0 kB
Active:           695320 kB
Inactive:         524512 kB
Active(anon):     334284 kB
Inactive(anon):   117092 kB
Active(file):     361036 kB
Inactive(file):   407420 kB
Unevictable:          28 kB
Mlocked:              28 kB
SwapTotal:       3856380 kB
SwapFree:        3856380 kB
Dirty:               192 kB
Writeback:             0 kB
AnonPages:        333684 kB
Mapped:           144204 kB
Shmem:            118124 kB
Slab:             103740 kB
SReclaimable:      81456 kB
SUnreclaim:        22284 kB
KernelStack:        2848 kB
PageTables:        16064 kB
NFS_Unstable:          0 kB
Bounce:                0 kB
WritebackTmp:          0 kB
CommitLimit:     5714116 kB
Committed_AS:    1616812 kB
VmallocTotal:   34359738367 kB
VmallocUsed:      414316 kB
VmallocChunk:   34359319164 kB
HardwareCorrupted:     0 kB
AnonHugePages:         0 kB
HugePages_Total:       0
HugePages_Free:        0
HugePages_Rsvd:        0
HugePages_Surp:        0
Hugepagesize:       2048 kB
DirectMap4k:       62672 kB
DirectMap2M:     3794944 kB


CPU:total 4 (2 cores per cpu, 2 threads per core) family 6 model 37 stepping 5, cmov, cx8, fxsr, mmx, sse, sse2, sse3, ssse3, sse4.1, sse4.2, popcnt, ht, tsc, tscinvbit

/proc/cpuinfo:
processor	: 0
vendor_id	: GenuineIntel
cpu family	: 6
model		: 37
model name	: Intel(R) Core(TM) i3 CPU       M 380  @ 2.53GHz
stepping	: 5
microcode	: 0x2
cpu MHz		: 2533.000
cache size	: 3072 KB
physical id	: 0
siblings	: 4
core id		: 0
cpu cores	: 2
apicid		: 0
initial apicid	: 0
fpu		: yes
fpu_exception	: yes
cpuid level	: 11
wp		: yes
flags		: fpu vme de pse tsc msr pae mce cx8 apic sep mtrr pge mca cmov pat pse36 clflush dts acpi mmx fxsr sse sse2 ss ht tm pbe syscall nx rdtscp lm constant_tsc arch_perfmon pebs bts rep_good nopl xtopology nonstop_tsc aperfmperf pni dtes64 monitor ds_cpl vmx est tm2 ssse3 cx16 xtpr pdcm pcid sse4_1 sse4_2 popcnt lahf_lm arat dtherm tpr_shadow vnmi flexpriority ept vpid
bogomips	: 5054.09
clflush size	: 64
cache_alignment	: 64
address sizes	: 36 bits physical, 48 bits virtual
power management:

processor	: 1
vendor_id	: GenuineIntel
cpu family	: 6
model		: 37
model name	: Intel(R) Core(TM) i3 CPU       M 380  @ 2.53GHz
stepping	: 5
microcode	: 0x2
cpu MHz		: 1866.000
cache size	: 3072 KB
physical id	: 0
siblings	: 4
core id		: 0
cpu cores	: 2
apicid		: 1
initial apicid	: 1
fpu		: yes
fpu_exception	: yes
cpuid level	: 11
wp		: yes
flags		: fpu vme de pse tsc msr pae mce cx8 apic sep mtrr pge mca cmov pat pse36 clflush dts acpi mmx fxsr sse sse2 ss ht tm pbe syscall nx rdtscp lm constant_tsc arch_perfmon pebs bts rep_good nopl xtopology nonstop_tsc aperfmperf pni dtes64 monitor ds_cpl vmx est tm2 ssse3 cx16 xtpr pdcm pcid sse4_1 sse4_2 popcnt lahf_lm arat dtherm tpr_shadow vnmi flexpriority ept vpid
bogomips	: 5054.09
clflush size	: 64
cache_alignment	: 64
address sizes	: 36 bits physical, 48 bits virtual
power management:

processor	: 2
vendor_id	: GenuineIntel
cpu family	: 6
model		: 37
model name	: Intel(R) Core(TM) i3 CPU       M 380  @ 2.53GHz
stepping	: 5
microcode	: 0x2
cpu MHz		: 2533.000
cache size	: 3072 KB
physical id	: 0
siblings	: 4
core id		: 2
cpu cores	: 2
apicid		: 4
initial apicid	: 4
fpu		: yes
fpu_exception	: yes
cpuid level	: 11
wp		: yes
flags		: fpu vme de pse tsc msr pae mce cx8 apic sep mtrr pge mca cmov pat pse36 clflush dts acpi mmx fxsr sse sse2 ss ht tm pbe syscall nx rdtscp lm constant_tsc arch_perfmon pebs bts rep_good nopl xtopology nonstop_tsc aperfmperf pni dtes64 monitor ds_cpl vmx est tm2 ssse3 cx16 xtpr pdcm pcid sse4_1 sse4_2 popcnt lahf_lm arat dtherm tpr_shadow vnmi flexpriority ept vpid
bogomips	: 5054.09
clflush size	: 64
cache_alignment	: 64
address sizes	: 36 bits physical, 48 bits virtual
power management:

processor	: 3
vendor_id	: GenuineIntel
cpu family	: 6
model		: 37
model name	: Intel(R) Core(TM) i3 CPU       M 380  @ 2.53GHz
stepping	: 5
microcode	: 0x2
cpu MHz		: 2533.000
cache size	: 3072 KB
physical id	: 0
siblings	: 4
core id		: 2
cpu cores	: 2
apicid		: 5
initial apicid	: 5
fpu		: yes
fpu_exception	: yes
cpuid level	: 11
wp		: yes
flags		: fpu vme de pse tsc msr pae mce cx8 apic sep mtrr pge mca cmov pat pse36 clflush dts acpi mmx fxsr sse sse2 ss ht tm pbe syscall nx rdtscp lm constant_tsc arch_perfmon pebs bts rep_good nopl xtopology nonstop_tsc aperfmperf pni dtes64 monitor ds_cpl vmx est tm2 ssse3 cx16 xtpr pdcm pcid sse4_1 sse4_2 popcnt lahf_lm arat dtherm tpr_shadow vnmi flexpriority ept vpid
bogomips	: 5054.09
clflush size	: 64
cache_alignment	: 64
address sizes	: 36 bits physical, 48 bits virtual
power management:



Memory: 4k page, physical 3715476k(2330032k free), swap 3856380k(3856380k free)

vm_info: OpenJDK 64-Bit Server VM (24.45-b08) for linux-amd64 JRE (1.7.0_51-b00), built on Jan 15 2014 22:02:57 by "buildd" with gcc 4.8.1

time: Fri Apr 25 12:31:28 2014
elapsed time: 4 seconds

