#
# A fatal error has been detected by the Java Runtime Environment:
#
#  SIGSEGV (0xb) at pc=0x00007f8ac597fa6b, pid=12111, tid=140234441979648
#
# JRE version: OpenJDK Runtime Environment (7.0_51) (build 1.7.0_51-b00)
# Java VM: OpenJDK 64-Bit Server VM (24.45-b08 mixed mode linux-amd64 compressed oops)
# Problematic frame:
# C  [libhalf_edge.so+0xa6b]  he_intersection+0x53
#
# Failed to write core dump. Core dumps have been disabled. To enable core dumping, try "ulimit -c unlimited" before starting Java again
#
# If you would like to submit a bug report, please include
# instructions on how to reproduce the bug and visit:
#   http://icedtea.classpath.org/bugzilla
# The crash happened outside the Java Virtual Machine in native code.
# See problematic frame for where to report the bug.
#

---------------  T H R E A D  ---------------

Current thread (0x00007f8ad800a800):  JavaThread "main" [_thread_in_native, id=12136, stack(0x00007f8adff97000,0x00007f8ae0198000)]

siginfo:si_signo=SIGSEGV: si_errno=0, si_code=128 (), si_addr=0x0000000000000000

Registers:
RAX=0xb8058b48f8458948, RBX=0x00000000d79ae270, RCX=0x00007f8ad84b5460, RDX=0x00007f8ac537511d
RSP=0x00007f8ae0194ef0, RBP=0x00007f8ae0194f70, RSI=0x00007f8ac537511d, RDI=0x00007f8ad8482500
R8 =0x00007f8ae21706a0, R9 =0x00007f8ae1dfe134, R10=0x00007f8ae0194d20, R11=0x00007f8ac597fa18
R12=0x0000000000000000, R13=0x00000000d79ae270, R14=0x00007f8ae0195168, R15=0x00007f8ad800a800
RIP=0x00007f8ac597fa6b, EFLAGS=0x0000000000010207, CSGSFS=0x0000000000000033, ERR=0x0000000000000000
  TRAPNO=0x000000000000000d

Top of Stack: (sp=0x00007f8ae0194ef0)
0x00007f8ae0194ef0:   0000000000000005 0000000000000000
0x00007f8ae0194f00:   00007f8ac537511d 00007f8ad8482500
0x00007f8ae0194f10:   0000000000000000 0000000000000000
0x00007f8ae0194f20:   3ff0000000000000 4018000000000000
0x00007f8ae0194f30:   00007f8ad8482500 00007f8ad84b5460
0x00007f8ae0194f40:   00007f8ac537511d 00007f8ac537511d
0x00007f8ae0194f50:   00007f8ad8482500 00007f8ae21706a0
0x00007f8ae0194f60:   00007f8ae1dfe134 00007f8ad8474590
0x00007f8ae0194f70:   00007f8ae0194ff0 00007f8ac53754e0
0x00007f8ae0194f80:   0000000000000000 00007f8ad84ab410
0x00007f8ae0194f90:   00007f8ad84aaf20 00007f8ad84ab430
0x00007f8ae0194fa0:   00007f8ad84ab490 00007f8ad84a9bf0
0x00007f8ae0194fb0:   00007f8ad84a9bc0 00007f8ad84b5460
0x00007f8ae0194fc0:   00007f8ad8482500 00007f8ac537511d
0x00007f8ae0194fd0:   00000001d84ab470 00007f8ad84ab470
0x00007f8ae0194fe0:   00007f8ad84ab490 00007f8ad84ab520
0x00007f8ae0194ff0:   00007f8ae0195030 00007f8ac537574c
0x00007f8ae0195000:   00007f8ae21739f0 00007f8ad84ab470
0x00007f8ae0195010:   00007f8ad84ab470 00007f8ad84ab430
0x00007f8ae0195020:   00007f8ad84ab410 00007f8ad84aaf20
0x00007f8ae0195030:   00007f8ae0195080 00007f8ac537580f
0x00007f8ae0195040:   00000000d6b35ab0 00007f8ad84ab210
0x00007f8ae0195050:   00000000d69fb970 00007f8ad84ab450
0x00007f8ae0195060:   00007f8ad84ab330 00007f8ad84ab470
0x00007f8ae0195070:   00007f8ad5006233 00000000f778e480
0x00007f8ae0195080:   00007f8ad8413330 00007f8ac658fcd9
0x00007f8ae0195090:   00000000d69fc4a3 00000000d79ae270
0x00007f8ae01950a0:   00007f8ae0195120 00007f8ad5012738
0x00007f8ae01950b0:   00000000d69fc528 0000000000000000
0x00007f8ae01950c0:   00007f8ae01950e8 00007f8ae0195148
0x00007f8ae01950d0:   00007f8ad5006233 00000000e1268978
0x00007f8ae01950e0:   00007f8ae01950e0 0000000000000000 

Instructions: (pc=0x00007f8ac597fa6b)
0x00007f8ac597fa4b:   40 08 48 8b 00 48 89 45 b0 48 8b 45 98 48 8b 40
0x00007f8ac597fa5b:   08 48 8b 40 08 48 89 45 b8 48 8b 45 90 48 8b 00
0x00007f8ac597fa6b:   48 8b 00 48 89 45 c0 48 8b 45 90 48 8b 00 48 8b
0x00007f8ac597fa7b:   40 08 48 89 45 c8 48 8b 45 90 48 8b 40 08 48 8b 

Register to memory mapping:

RAX=0xb8058b48f8458948 is an unknown value
RBX=0x00000000d79ae270 is an oop
{method} 
 - klass: {other class}
RCX=0x00007f8ad84b5460 is an unknown value
RDX=0x00007f8ac537511d: rb_min+0x32 in lib/libintersection.so at 0x00007f8ac5373000
RSP=0x00007f8ae0194ef0 is pointing into the stack for thread: 0x00007f8ad800a800
RBP=0x00007f8ae0194f70 is pointing into the stack for thread: 0x00007f8ad800a800
RSI=0x00007f8ac537511d: rb_min+0x32 in lib/libintersection.so at 0x00007f8ac5373000
RDI=0x00007f8ad8482500 is an unknown value
R8 =0x00007f8ae21706a0: _IO_file_jumps+0 in /lib/x86_64-linux-gnu/libc.so.6 at 0x00007f8ae1db0000
R9 =0x00007f8ae1dfe134: _IO_vfprintf+0x49b4 in /lib/x86_64-linux-gnu/libc.so.6 at 0x00007f8ae1db0000
R10=0x00007f8ae0194d20 is pointing into the stack for thread: 0x00007f8ad800a800
R11=0x00007f8ac597fa18: he_intersection+0 in lib/libhalf_edge.so at 0x00007f8ac597f000
R12=0x0000000000000000 is an unknown value
R13=0x00000000d79ae270 is an oop
{method} 
 - klass: {other class}
R14=0x00007f8ae0195168 is pointing into the stack for thread: 0x00007f8ad800a800
R15=0x00007f8ad800a800 is a thread


Stack: [0x00007f8adff97000,0x00007f8ae0198000],  sp=0x00007f8ae0194ef0,  free space=2039k
Native frames: (J=compiled Java code, j=interpreted, Vv=VM code, C=native code)
C  [libhalf_edge.so+0xa6b]  he_intersection+0x53
C  [libintersection.so+0x24e0]  update_intersections+0xbb
C  [libintersection.so+0x274c]  sweep+0x51
C  [libintersection.so+0x280f]  find_intersections+0x82

Java frames: (J=compiled Java code, j=interpreted, Vv=VM code)
j  com.kenai.jffi.Foreign.invokeL1(JJJ)J+0
j  com.kenai.jffi.Invoker.invokeL1(Lcom/kenai/jffi/CallContext;JJ)J+7
j  org.jruby.ext.ffi.jffi.NativeInvoker$ffi$7.call(Lorg/jruby/runtime/ThreadContext;Lorg/jruby/runtime/builtin/IRubyObject;Lorg/jruby/RubyModule;Ljava/lang/String;Lorg/jruby/runtime/builtin/IRubyObject;)Lorg/jruby/runtime/builtin/IRubyObject;+76
j  org.jruby.runtime.callsite.CachingCallSite.cacheAndCall(Lorg/jruby/runtime/builtin/IRubyObject;Lorg/jruby/RubyClass;Lorg/jruby/runtime/ThreadContext;Lorg/jruby/runtime/builtin/IRubyObject;Lorg/jruby/runtime/builtin/IRubyObject;)Lorg/jruby/runtime/builtin/IRubyObject;+57
J  org.jruby.runtime.callsite.CachingCallSite.call(Lorg/jruby/runtime/ThreadContext;Lorg/jruby/runtime/builtin/IRubyObject;Lorg/jruby/runtime/builtin/IRubyObject;Lorg/jruby/runtime/builtin/IRubyObject;)Lorg/jruby/runtime/builtin/IRubyObject;
J  org.jruby.ast.CallOneArgNode.interpret(Lorg/jruby/Ruby;Lorg/jruby/runtime/ThreadContext;Lorg/jruby/runtime/builtin/IRubyObject;Lorg/jruby/runtime/Block;)Lorg/jruby/runtime/builtin/IRubyObject;
j  org.jruby.ast.LocalAsgnNode.interpret(Lorg/jruby/Ruby;Lorg/jruby/runtime/ThreadContext;Lorg/jruby/runtime/builtin/IRubyObject;Lorg/jruby/runtime/Block;)Lorg/jruby/runtime/builtin/IRubyObject;+30
J  org.jruby.ast.BlockNode.interpret(Lorg/jruby/Ruby;Lorg/jruby/runtime/ThreadContext;Lorg/jruby/runtime/builtin/IRubyObject;Lorg/jruby/runtime/Block;)Lorg/jruby/runtime/builtin/IRubyObject;
j  org.jruby.evaluator.ASTInterpreter.INTERPRET_METHOD(Lorg/jruby/Ruby;Lorg/jruby/runtime/ThreadContext;Ljava/lang/String;ILorg/jruby/RubyModule;Lorg/jruby/ast/Node;Ljava/lang/String;Lorg/jruby/runtime/builtin/IRubyObject;Lorg/jruby/runtime/Block;Z)Lorg/jruby/runtime/builtin/IRubyObject;+30
j  org.jruby.internal.runtime.methods.InterpretedMethod.call(Lorg/jruby/runtime/ThreadContext;Lorg/jruby/runtime/builtin/IRubyObject;Lorg/jruby/RubyModule;Ljava/lang/String;)Lorg/jruby/runtime/builtin/IRubyObject;+80
j  org.jruby.internal.runtime.methods.DefaultMethod.call(Lorg/jruby/runtime/ThreadContext;Lorg/jruby/runtime/builtin/IRubyObject;Lorg/jruby/RubyModule;Ljava/lang/String;)Lorg/jruby/runtime/builtin/IRubyObject;+20
J  org.jruby.ast.CallNoArgNode.interpret(Lorg/jruby/Ruby;Lorg/jruby/runtime/ThreadContext;Lorg/jruby/runtime/builtin/IRubyObject;Lorg/jruby/runtime/Block;)Lorg/jruby/runtime/builtin/IRubyObject;
j  org.jruby.ast.FCallTwoArgNode.interpret(Lorg/jruby/Ruby;Lorg/jruby/runtime/ThreadContext;Lorg/jruby/runtime/builtin/IRubyObject;Lorg/jruby/runtime/Block;)Lorg/jruby/runtime/builtin/IRubyObject;+28
J  org.jruby.ast.BlockNode.interpret(Lorg/jruby/Ruby;Lorg/jruby/runtime/ThreadContext;Lorg/jruby/runtime/builtin/IRubyObject;Lorg/jruby/runtime/Block;)Lorg/jruby/runtime/builtin/IRubyObject;
j  org.jruby.evaluator.ASTInterpreter.INTERPRET_METHOD(Lorg/jruby/Ruby;Lorg/jruby/runtime/ThreadContext;Ljava/lang/String;ILorg/jruby/RubyModule;Lorg/jruby/ast/Node;Ljava/lang/String;Lorg/jruby/runtime/builtin/IRubyObject;Lorg/jruby/runtime/Block;Z)Lorg/jruby/runtime/builtin/IRubyObject;+30
j  org.jruby.internal.runtime.methods.InterpretedMethod.call(Lorg/jruby/runtime/ThreadContext;Lorg/jruby/runtime/builtin/IRubyObject;Lorg/jruby/RubyModule;Ljava/lang/String;)Lorg/jruby/runtime/builtin/IRubyObject;+80
j  org.jruby.internal.runtime.methods.DefaultMethod.call(Lorg/jruby/runtime/ThreadContext;Lorg/jruby/runtime/builtin/IRubyObject;Lorg/jruby/RubyModule;Ljava/lang/String;)Lorg/jruby/runtime/builtin/IRubyObject;+20
j  org.jruby.runtime.callsite.CachingCallSite.cacheAndCall(Lorg/jruby/runtime/builtin/IRubyObject;Lorg/jruby/RubyClass;Lorg/jruby/runtime/ThreadContext;Lorg/jruby/runtime/builtin/IRubyObject;)Lorg/jruby/runtime/builtin/IRubyObject;+53
j  org.jruby.runtime.callsite.CachingCallSite.call(Lorg/jruby/runtime/ThreadContext;Lorg/jruby/runtime/builtin/IRubyObject;Lorg/jruby/runtime/builtin/IRubyObject;)Lorg/jruby/runtime/builtin/IRubyObject;+46
j  Makefile.method__3$RUBY$test(LMakefile;Lorg/jruby/runtime/ThreadContext;Lorg/jruby/runtime/builtin/IRubyObject;Lorg/jruby/runtime/Block;)Lorg/jruby/runtime/builtin/IRubyObject;+130
j  Makefile$method__3$RUBY$test.call(Lorg/jruby/runtime/ThreadContext;Lorg/jruby/runtime/builtin/IRubyObject;Lorg/jruby/RubyModule;Ljava/lang/String;Lorg/jruby/runtime/Block;)Lorg/jruby/runtime/builtin/IRubyObject;+17
j  org.jruby.RubyClass.finvoke(Lorg/jruby/runtime/ThreadContext;Lorg/jruby/runtime/builtin/IRubyObject;Ljava/lang/String;Lorg/jruby/runtime/Block;)Lorg/jruby/runtime/builtin/IRubyObject;+41
j  org.jruby.RubyBasicObject.send19(Lorg/jruby/runtime/ThreadContext;Lorg/jruby/runtime/builtin/IRubyObject;Lorg/jruby/runtime/Block;)Lorg/jruby/runtime/builtin/IRubyObject;+15
j  org.jruby.RubyKernel.send19(Lorg/jruby/runtime/ThreadContext;Lorg/jruby/runtime/builtin/IRubyObject;Lorg/jruby/runtime/builtin/IRubyObject;Lorg/jruby/runtime/Block;)Lorg/jruby/runtime/builtin/IRubyObject;+7
j  org.jruby.RubyKernel$INVOKER$s$send19.call(Lorg/jruby/runtime/ThreadContext;Lorg/jruby/runtime/builtin/IRubyObject;Lorg/jruby/RubyModule;Ljava/lang/String;Lorg/jruby/runtime/builtin/IRubyObject;Lorg/jruby/runtime/Block;)Lorg/jruby/runtime/builtin/IRubyObject;+6
j  org.jruby.internal.runtime.methods.JavaMethod$JavaMethodOneOrNBlock.call(Lorg/jruby/runtime/ThreadContext;Lorg/jruby/runtime/builtin/IRubyObject;Lorg/jruby/RubyModule;Ljava/lang/String;Lorg/jruby/runtime/builtin/IRubyObject;)Lorg/jruby/runtime/builtin/IRubyObject;+11
j  org.jruby.runtime.callsite.CachingCallSite.call(Lorg/jruby/runtime/ThreadContext;Lorg/jruby/runtime/builtin/IRubyObject;Lorg/jruby/runtime/builtin/IRubyObject;Lorg/jruby/runtime/builtin/IRubyObject;)Lorg/jruby/runtime/builtin/IRubyObject;+38
j  Makefile.block_7$RUBY$__file__(LMakefile;Lorg/jruby/runtime/ThreadContext;Lorg/jruby/runtime/builtin/IRubyObject;[Lorg/jruby/runtime/builtin/IRubyObject;Lorg/jruby/runtime/Block;)Lorg/jruby/runtime/builtin/IRubyObject;+46
j  Makefile$block_7$RUBY$__file__.call(Lorg/jruby/runtime/ThreadContext;Lorg/jruby/runtime/builtin/IRubyObject;[Lorg/jruby/runtime/builtin/IRubyObject;Lorg/jruby/runtime/Block;)Lorg/jruby/runtime/builtin/IRubyObject;+9
j  org.jruby.runtime.CompiledBlock19.yield(Lorg/jruby/runtime/ThreadContext;Lorg/jruby/runtime/builtin/IRubyObject;Lorg/jruby/runtime/Binding;Lorg/jruby/runtime/Block$Type;)Lorg/jruby/runtime/builtin/IRubyObject;+52
j  org.jruby.runtime.Block.yield(Lorg/jruby/runtime/ThreadContext;Lorg/jruby/runtime/builtin/IRubyObject;)Lorg/jruby/runtime/builtin/IRubyObject;+14
j  org.jruby.RubyArray.eachCommon(Lorg/jruby/runtime/ThreadContext;Lorg/jruby/runtime/Block;)Lorg/jruby/runtime/builtin/IRubyObject;+41
j  org.jruby.RubyArray.each(Lorg/jruby/runtime/ThreadContext;Lorg/jruby/runtime/Block;)Lorg/jruby/runtime/builtin/IRubyObject;+10
j  org.jruby.RubyArray$INVOKER$i$0$0$each.call(Lorg/jruby/runtime/ThreadContext;Lorg/jruby/runtime/builtin/IRubyObject;Lorg/jruby/RubyModule;Ljava/lang/String;Lorg/jruby/runtime/Block;)Lorg/jruby/runtime/builtin/IRubyObject;+7
j  org.jruby.runtime.callsite.CachingCallSite.cacheAndCall(Lorg/jruby/runtime/builtin/IRubyObject;Lorg/jruby/RubyClass;Lorg/jruby/runtime/Block;Lorg/jruby/runtime/ThreadContext;Lorg/jruby/runtime/builtin/IRubyObject;)Lorg/jruby/runtime/builtin/IRubyObject;+57
j  org.jruby.runtime.callsite.CachingCallSite.callBlock(Lorg/jruby/runtime/ThreadContext;Lorg/jruby/runtime/builtin/IRubyObject;Lorg/jruby/runtime/builtin/IRubyObject;Lorg/jruby/runtime/Block;)Lorg/jruby/runtime/builtin/IRubyObject;+50
j  org.jruby.runtime.callsite.CachingCallSite.callIter(Lorg/jruby/runtime/ThreadContext;Lorg/jruby/runtime/builtin/IRubyObject;Lorg/jruby/runtime/builtin/IRubyObject;Lorg/jruby/runtime/Block;)Lorg/jruby/runtime/builtin/IRubyObject;+6
j  Makefile.__file__(LMakefile;Lorg/jruby/runtime/ThreadContext;Lorg/jruby/runtime/builtin/IRubyObject;[Lorg/jruby/runtime/builtin/IRubyObject;Lorg/jruby/runtime/Block;)Lorg/jruby/runtime/builtin/IRubyObject;+938
j  Makefile.load(Lorg/jruby/runtime/ThreadContext;Lorg/jruby/runtime/builtin/IRubyObject;Z)Lorg/jruby/runtime/builtin/IRubyObject;+22
j  org.jruby.Ruby.runScript(Lorg/jruby/ast/executable/Script;Z)Lorg/jruby/runtime/builtin/IRubyObject;+12
j  org.jruby.Ruby.runScript(Lorg/jruby/ast/executable/Script;)Lorg/jruby/runtime/builtin/IRubyObject;+3
j  org.jruby.Ruby.runNormally(Lorg/jruby/ast/Node;)Lorg/jruby/runtime/builtin/IRubyObject;+73
j  org.jruby.Ruby.runFromMain(Ljava/io/InputStream;Ljava/lang/String;)V+320
j  org.jruby.Main.doRunFromMain(Lorg/jruby/Ruby;Ljava/io/InputStream;Ljava/lang/String;)Lorg/jruby/Main$Status;+12
j  org.jruby.Main.internalRun()Lorg/jruby/Main$Status;+234
j  org.jruby.Main.run([Ljava/lang/String;)Lorg/jruby/Main$Status;+9
j  org.jruby.Main.main([Ljava/lang/String;)V+35
v  ~StubRoutines::call_stub

---------------  P R O C E S S  ---------------

Java Threads: ( => current thread )
  0x00007f8ad8458000 JavaThread "JRubyJIT-2" daemon [_thread_blocked, id=12274, stack(0x00007f8ac6186000,0x00007f8ac6387000)]
  0x00007f8ad8438000 JavaThread "process reaper" daemon [_thread_blocked, id=12152, stack(0x00007f8ad40b3000,0x00007f8ad40ec000)]
  0x00007f8ad842b800 JavaThread "JRubyJIT-1" daemon [_thread_blocked, id=12149, stack(0x00007f8ac6387000,0x00007f8ac6588000)]
  0x00007f8ad80ae000 JavaThread "Service Thread" daemon [_thread_blocked, id=12147, stack(0x00007f8ad40ff000,0x00007f8ad4300000)]
  0x00007f8ad80ab800 JavaThread "C2 CompilerThread1" daemon [_thread_in_native, id=12146, stack(0x00007f8ad4300000,0x00007f8ad4401000)]
  0x00007f8ad80a8800 JavaThread "C2 CompilerThread0" daemon [_thread_in_native, id=12145, stack(0x00007f8ad4401000,0x00007f8ad4502000)]
  0x00007f8ad80a6800 JavaThread "Signal Dispatcher" daemon [_thread_blocked, id=12144, stack(0x00007f8ad4502000,0x00007f8ad4703000)]
  0x00007f8ad8082800 JavaThread "Finalizer" daemon [_thread_blocked, id=12143, stack(0x00007f8ad4afd000,0x00007f8ad4cfe000)]
  0x00007f8ad8080800 JavaThread "Reference Handler" daemon [_thread_blocked, id=12142, stack(0x00007f8ad4cfe000,0x00007f8ad4eff000)]
=>0x00007f8ad800a800 JavaThread "main" [_thread_in_native, id=12136, stack(0x00007f8adff97000,0x00007f8ae0198000)]

Other Threads:
  0x00007f8ad807c800 VMThread [stack: 0x00007f8ad4eff000,0x00007f8ad5000000] [id=12141]
  0x00007f8ad80b8800 WatcherThread [stack: 0x00007f8ac7eff000,0x00007f8ac8000000] [id=12148]

VM state:not at safepoint (normal execution)

VM Mutex/Monitor currently owned by a thread: None

Heap
 PSYoungGen      total 32768K, used 2769K [0x00000000f5900000, 0x00000000f9900000, 0x0000000100000000)
  eden space 30720K, 2% used [0x00000000f5900000,0x00000000f59b71f8,0x00000000f7700000)
  from space 2048K, 99% used [0x00000000f7700000,0x00000000f78fd528,0x00000000f7900000)
  to   space 2048K, 0% used [0x00000000f9700000,0x00000000f9700000,0x00000000f9900000)
 ParOldGen       total 38400K, used 8900K [0x00000000e0c00000, 0x00000000e3180000, 0x00000000f5900000)
  object space 38400K, 23% used [0x00000000e0c00000,0x00000000e14b1090,0x00000000e3180000)
 PSPermGen       total 25600K, used 25479K [0x00000000d6600000, 0x00000000d7f00000, 0x00000000e0c00000)
  object space 25600K, 99% used [0x00000000d6600000,0x00000000d7ee1e88,0x00000000d7f00000)

Card table byte_map: [0x00007f8adedbd000,0x00007f8adef0b000] byte_map_base: 0x00007f8ade70a000

Polling page: 0x00007f8ae25a5000

Code Cache  [0x00007f8ad5000000, 0x00007f8ad5270000, 0x00007f8ad8000000)
 total_blobs=981 nmethods=502 adapters=433 free_code_cache=47638Kb largest_free_block=48598976

Compilation events (10 events):
Event: 4,557 Thread 0x00007f8ad80a8800  533             org.jruby.ext.ffi.Struct::initialize (136 bytes)
Event: 4,557 Thread 0x00007f8ad80ab800 nmethod 531 0x00007f8ad50b8810 code [0x00007f8ad50b8980, 0x00007f8ad50b8b38]
Event: 4,558 Thread 0x00007f8ad80ab800  534             org.jruby.ext.ffi.AbstractMemory::getSize (5 bytes)
Event: 4,558 Thread 0x00007f8ad80ab800 nmethod 534 0x00007f8ad519b710 code [0x00007f8ad519b840, 0x00007f8ad519b898]
Event: 4,558 Thread 0x00007f8ad80ab800  535             org.jruby.ext.ffi.StructLayout::getSize (5 bytes)
Event: 4,558 Thread 0x00007f8ad80ab800 nmethod 535 0x00007f8ad519b510 code [0x00007f8ad519b640, 0x00007f8ad519b698]
Event: 4,558 Thread 0x00007f8ad80ab800  536             org.jruby.ext.ffi.jffi.DataConverters$MappedDataConverter::fromNative (10 bytes)
Event: 4,559 Thread 0x00007f8ad80a8800 nmethod 533 0x00007f8ad50782d0 code [0x00007f8ad5078420, 0x00007f8ad5078558]
Event: 4,559 Thread 0x00007f8ad80a8800  537             org.jruby.ast.DAsgnNode::interpret (28 bytes)
Event: 4,560 Thread 0x00007f8ad80a8800 nmethod 537 0x00007f8ad5090a90 code [0x00007f8ad5090be0, 0x00007f8ad5090cf8]

GC Heap History (6 events):
Event: 1,374 GC heap before
{Heap before GC invocations=1 (full 0):
 PSYoungGen      total 17408K, used 15360K [0x00000000f5900000, 0x00000000f6c00000, 0x0000000100000000)
  eden space 15360K, 100% used [0x00000000f5900000,0x00000000f6800000,0x00000000f6800000)
  from space 2048K, 0% used [0x00000000f6a00000,0x00000000f6a00000,0x00000000f6c00000)
  to   space 2048K, 0% used [0x00000000f6800000,0x00000000f6800000,0x00000000f6a00000)
 ParOldGen       total 38400K, used 0K [0x00000000e0c00000, 0x00000000e3180000, 0x00000000f5900000)
  object space 38400K, 0% used [0x00000000e0c00000,0x00000000e0c00000,0x00000000e3180000)
 PSPermGen       total 21504K, used 18949K [0x00000000d6600000, 0x00000000d7b00000, 0x00000000e0c00000)
  object space 21504K, 88% used [0x00000000d6600000,0x00000000d78816e8,0x00000000d7b00000)
Event: 1,389 GC heap after
Heap after GC invocations=1 (full 0):
 PSYoungGen      total 17408K, used 2037K [0x00000000f5900000, 0x00000000f7b00000, 0x0000000100000000)
  eden space 15360K, 0% used [0x00000000f5900000,0x00000000f5900000,0x00000000f6800000)
  from space 2048K, 99% used [0x00000000f6800000,0x00000000f69fd4d8,0x00000000f6a00000)
  to   space 2048K, 0% used [0x00000000f7900000,0x00000000f7900000,0x00000000f7b00000)
 ParOldGen       total 38400K, used 3780K [0x00000000e0c00000, 0x00000000e3180000, 0x00000000f5900000)
  object space 38400K, 9% used [0x00000000e0c00000,0x00000000e0fb1028,0x00000000e3180000)
 PSPermGen       total 21504K, used 18949K [0x00000000d6600000, 0x00000000d7b00000, 0x00000000e0c00000)
  object space 21504K, 88% used [0x00000000d6600000,0x00000000d78816e8,0x00000000d7b00000)
}
Event: 2,405 GC heap before
{Heap before GC invocations=2 (full 0):
 PSYoungGen      total 17408K, used 17397K [0x00000000f5900000, 0x00000000f7b00000, 0x0000000100000000)
  eden space 15360K, 100% used [0x00000000f5900000,0x00000000f6800000,0x00000000f6800000)
  from space 2048K, 99% used [0x00000000f6800000,0x00000000f69fd4d8,0x00000000f6a00000)
  to   space 2048K, 0% used [0x00000000f7900000,0x00000000f7900000,0x00000000f7b00000)
 ParOldGen       total 38400K, used 3780K [0x00000000e0c00000, 0x00000000e3180000, 0x00000000f5900000)
  object space 38400K, 9% used [0x00000000e0c00000,0x00000000e0fb1028,0x00000000e3180000)
 PSPermGen       total 23552K, used 23439K [0x00000000d6600000, 0x00000000d7d00000, 0x00000000e0c00000)
  object space 23552K, 99% used [0x00000000d6600000,0x00000000d7ce3ef8,0x00000000d7d00000)
Event: 2,434 GC heap after
Heap after GC invocations=2 (full 0):
 PSYoungGen      total 32768K, used 2037K [0x00000000f5900000, 0x00000000f7b00000, 0x0000000100000000)
  eden space 30720K, 0% used [0x00000000f5900000,0x00000000f5900000,0x00000000f7700000)
  from space 2048K, 99% used [0x00000000f7900000,0x00000000f7afd528,0x00000000f7b00000)
  to   space 2048K, 0% used [0x00000000f7700000,0x00000000f7700000,0x00000000f7900000)
 ParOldGen       total 38400K, used 5903K [0x00000000e0c00000, 0x00000000e3180000, 0x00000000f5900000)
  object space 38400K, 15% used [0x00000000e0c00000,0x00000000e11c3e20,0x00000000e3180000)
 PSPermGen       total 23552K, used 23439K [0x00000000d6600000, 0x00000000d7d00000, 0x00000000e0c00000)
  object space 23552K, 99% used [0x00000000d6600000,0x00000000d7ce3ef8,0x00000000d7d00000)
}
Event: 4,524 GC heap before
{Heap before GC invocations=3 (full 0):
 PSYoungGen      total 32768K, used 32757K [0x00000000f5900000, 0x00000000f7b00000, 0x0000000100000000)
  eden space 30720K, 100% used [0x00000000f5900000,0x00000000f7700000,0x00000000f7700000)
  from space 2048K, 99% used [0x00000000f7900000,0x00000000f7afd528,0x00000000f7b00000)
  to   space 2048K, 0% used [0x00000000f7700000,0x00000000f7700000,0x00000000f7900000)
 ParOldGen       total 38400K, used 5903K [0x00000000e0c00000, 0x00000000e3180000, 0x00000000f5900000)
  object space 38400K, 15% used [0x00000000e0c00000,0x00000000e11c3e20,0x00000000e3180000)
 PSPermGen       total 25600K, used 25475K [0x00000000d6600000, 0x00000000d7f00000, 0x00000000e0c00000)
  object space 25600K, 99% used [0x00000000d6600000,0x00000000d7ee0d28,0x00000000d7f00000)
Event: 4,542 GC heap after
Heap after GC invocations=3 (full 0):
 PSYoungGen      total 32768K, used 2037K [0x00000000f5900000, 0x00000000f9900000, 0x0000000100000000)
  eden space 30720K, 0% used [0x00000000f5900000,0x00000000f5900000,0x00000000f7700000)
  from space 2048K, 99% used [0x00000000f7700000,0x00000000f78fd528,0x00000000f7900000)
  to   space 2048K, 0% used [0x00000000f9700000,0x00000000f9700000,0x00000000f9900000)
 ParOldGen       total 38400K, used 8900K [0x00000000e0c00000, 0x00000000e3180000, 0x00000000f5900000)
  object space 38400K, 23% used [0x00000000e0c00000,0x00000000e14b1090,0x00000000e3180000)
 PSPermGen       total 25600K, used 25475K [0x00000000d6600000, 0x00000000d7f00000, 0x00000000e0c00000)
  object space 25600K, 99% used [0x00000000d6600000,0x00000000d7ee0d28,0x00000000d7f00000)
}

Deoptimization events (10 events):
Event: 4,550 Thread 0x00007f8ad800a800 Uncommon trap: reason=class_check action=maybe_recompile pc=0x00007f8ad5164978 method=org.jruby.RubyArray.compare(Lorg/jruby/runtime/ThreadContext;Lorg/jruby/runtime/invokedynamic/MethodNames;Lorg/jruby/runtime/builtin/IRubyObject;)Lorg/jruby/RubyBoolean;
Event: 4,551 Thread 0x00007f8ad800a800 Uncommon trap: reason=class_check action=maybe_recompile pc=0x00007f8ad50ac544 method=org.jruby.ext.ffi.StructByReference.to_native(Lorg/jruby/runtime/ThreadContext;Lorg/jruby/runtime/builtin/IRubyObject;Lorg/jruby/runtime/builtin/IRubyObject;)Lorg/jruby/
Event: 4,553 Thread 0x00007f8ad800a800 Uncommon trap: reason=bimorphic action=maybe_recompile pc=0x00007f8ad5195a08 method=org.jruby.RubyClass.allocate()Lorg/jruby/runtime/builtin/IRubyObject; @ 54
Event: 4,553 Thread 0x00007f8ad800a800 Uncommon trap: reason=bimorphic action=maybe_recompile pc=0x00007f8ad5195a08 method=org.jruby.RubyClass.allocate()Lorg/jruby/runtime/builtin/IRubyObject; @ 54
Event: 4,553 Thread 0x00007f8ad800a800 Uncommon trap: reason=class_check action=maybe_recompile pc=0x00007f8ad50c72e4 method=org.jruby.runtime.ivars.VariableAccessor.get(Ljava/lang/Object;)Ljava/lang/Object; @ 1
Event: 4,553 Thread 0x00007f8ad800a800 Uncommon trap: reason=class_check action=maybe_recompile pc=0x00007f8ad50c72e4 method=org.jruby.runtime.ivars.VariableAccessor.get(Ljava/lang/Object;)Ljava/lang/Object; @ 1
Event: 4,553 Thread 0x00007f8ad800a800 Uncommon trap: reason=class_check action=maybe_recompile pc=0x00007f8ad50c72e4 method=org.jruby.runtime.ivars.VariableAccessor.get(Ljava/lang/Object;)Ljava/lang/Object; @ 1
Event: 4,553 Thread 0x00007f8ad800a800 Uncommon trap: reason=class_check action=maybe_recompile pc=0x00007f8ad50c72e4 method=org.jruby.runtime.ivars.VariableAccessor.get(Ljava/lang/Object;)Ljava/lang/Object; @ 1
Event: 4,554 Thread 0x00007f8ad800a800 Uncommon trap: reason=bimorphic action=maybe_recompile pc=0x00007f8ad5195a08 method=org.jruby.RubyClass.allocate()Lorg/jruby/runtime/builtin/IRubyObject; @ 54
Event: 4,554 Thread 0x00007f8ad800a800 Uncommon trap: reason=bimorphic action=maybe_recompile pc=0x00007f8ad5195a08 method=org.jruby.RubyClass.allocate()Lorg/jruby/runtime/builtin/IRubyObject; @ 54

Internal exceptions (10 events):
Event: 3,968 Thread 0x00007f8ad800a800 Threw 0x00000000f6d49f30 at /build/buildd/openjdk-7-7u51-2.4.4/build/openjdk/hotspot/src/share/vm/prims/jvm.cpp:1244
Event: 3,968 Thread 0x00007f8ad800a800 Threw 0x00000000f6d4a9e0 at /build/buildd/openjdk-7-7u51-2.4.4/build/openjdk/hotspot/src/share/vm/prims/jvm.cpp:1244
Event: 3,969 Thread 0x00007f8ad800a800 Threw 0x00000000f6d56550 at /build/buildd/openjdk-7-7u51-2.4.4/build/openjdk/hotspot/src/share/vm/prims/jvm.cpp:1244
Event: 3,969 Thread 0x00007f8ad800a800 Threw 0x00000000f6d58610 at /build/buildd/openjdk-7-7u51-2.4.4/build/openjdk/hotspot/src/share/vm/prims/jvm.cpp:1244
Event: 3,969 Thread 0x00007f8ad800a800 Threw 0x00000000f6d590c0 at /build/buildd/openjdk-7-7u51-2.4.4/build/openjdk/hotspot/src/share/vm/prims/jvm.cpp:1244
Event: 3,969 Thread 0x00007f8ad800a800 Threw 0x00000000f6d5af60 at /build/buildd/openjdk-7-7u51-2.4.4/build/openjdk/hotspot/src/share/vm/prims/jvm.cpp:1244
Event: 3,970 Thread 0x00007f8ad800a800 Threw 0x00000000f6d5d020 at /build/buildd/openjdk-7-7u51-2.4.4/build/openjdk/hotspot/src/share/vm/prims/jvm.cpp:1244
Event: 3,970 Thread 0x00007f8ad800a800 Threw 0x00000000f6d5dad0 at /build/buildd/openjdk-7-7u51-2.4.4/build/openjdk/hotspot/src/share/vm/prims/jvm.cpp:1244
Event: 4,560 Thread 0x00007f8ad842b800 Threw 0x00000000f5983c68 at /build/buildd/openjdk-7-7u51-2.4.4/build/openjdk/hotspot/src/share/vm/prims/jvm.cpp:1244
Event: 4,560 Thread 0x00007f8ad842b800 Threw 0x00000000f5985680 at /build/buildd/openjdk-7-7u51-2.4.4/build/openjdk/hotspot/src/share/vm/prims/jvm.cpp:1244

Events (10 events):
Event: 4,554 Thread 0x00007f8ad80a8800 flushing nmethod 0x00007f8ad50a1690
Event: 4,554 Thread 0x00007f8ad80ab800 flushing nmethod 0x00007f8ad50ae390
Event: 4,554 Thread 0x00007f8ad80a8800 flushing nmethod 0x00007f8ad50b8710
Event: 4,557 Thread 0x00007f8ad80a8800 flushing nmethod 0x00007f8ad50c95d0
Event: 4,557 Thread 0x00007f8ad80a8800 flushing nmethod 0x00007f8ad50da090
Event: 4,558 Thread 0x00007f8ad80ab800 flushing nmethod 0x00007f8ad50f1e50
Event: 4,558 Thread 0x00007f8ad80ab800 flushing nmethod 0x00007f8ad510b050
Event: 4,558 Thread 0x00007f8ad80ab800 flushing nmethod 0x00007f8ad5113550
Event: 4,559 loading class 0x00007f8a9800b4d0
Event: 4,560 loading class 0x00007f8a9800b4d0 done


Dynamic libraries:
00400000-00401000 r-xp 00000000 08:01 15861394                           /usr/lib/jvm/java-7-openjdk-amd64/jre/bin/java
00600000-00601000 r--p 00000000 08:01 15861394                           /usr/lib/jvm/java-7-openjdk-amd64/jre/bin/java
00601000-00602000 rw-p 00001000 08:01 15861394                           /usr/lib/jvm/java-7-openjdk-amd64/jre/bin/java
02460000-02481000 rw-p 00000000 00:00 0                                  [heap]
d6600000-d7f00000 rw-p 00000000 00:00 0 
d7f00000-e0c00000 rw-p 00000000 00:00 0 
e0c00000-e3180000 rw-p 00000000 00:00 0 
e3180000-f5900000 rw-p 00000000 00:00 0 
f5900000-f9900000 rw-p 00000000 00:00 0 
f9900000-100000000 rw-p 00000000 00:00 0 
7f8a88000000-7f8a88021000 rw-p 00000000 00:00 0 
7f8a88021000-7f8a8c000000 ---p 00000000 00:00 0 
7f8a90000000-7f8a90021000 rw-p 00000000 00:00 0 
7f8a90021000-7f8a94000000 ---p 00000000 00:00 0 
7f8a94000000-7f8a94021000 rw-p 00000000 00:00 0 
7f8a94021000-7f8a98000000 ---p 00000000 00:00 0 
7f8a98000000-7f8a98027000 rw-p 00000000 00:00 0 
7f8a98027000-7f8a9c000000 ---p 00000000 00:00 0 
7f8a9c000000-7f8a9c021000 rw-p 00000000 00:00 0 
7f8a9c021000-7f8aa0000000 ---p 00000000 00:00 0 
7f8aa0000000-7f8aa0021000 rw-p 00000000 00:00 0 
7f8aa0021000-7f8aa4000000 ---p 00000000 00:00 0 
7f8aa4000000-7f8aa4021000 rw-p 00000000 00:00 0 
7f8aa4021000-7f8aa8000000 ---p 00000000 00:00 0 
7f8aa8000000-7f8aa8f3e000 rw-p 00000000 00:00 0 
7f8aa8f3e000-7f8aac000000 ---p 00000000 00:00 0 
7f8aac000000-7f8aacacd000 rw-p 00000000 00:00 0 
7f8aacacd000-7f8ab0000000 ---p 00000000 00:00 0 
7f8ab0000000-7f8ab0021000 rw-p 00000000 00:00 0 
7f8ab0021000-7f8ab4000000 ---p 00000000 00:00 0 
7f8ab4000000-7f8ab4021000 rw-p 00000000 00:00 0 
7f8ab4021000-7f8ab8000000 ---p 00000000 00:00 0 
7f8ab8000000-7f8ab8021000 rw-p 00000000 00:00 0 
7f8ab8021000-7f8abc000000 ---p 00000000 00:00 0 
7f8abc000000-7f8abc021000 rw-p 00000000 00:00 0 
7f8abc021000-7f8ac0000000 ---p 00000000 00:00 0 
7f8ac0000000-7f8ac0021000 rw-p 00000000 00:00 0 
7f8ac0021000-7f8ac4000000 ---p 00000000 00:00 0 
7f8ac5373000-7f8ac5376000 r-xp 00000000 08:01 13894539                   /home/alex/Documents/8vo_Semestre/Geometría Computacional/Lab/practica02p1/src/lib/libintersection.so
7f8ac5376000-7f8ac5576000 ---p 00003000 08:01 13894539                   /home/alex/Documents/8vo_Semestre/Geometría Computacional/Lab/practica02p1/src/lib/libintersection.so
7f8ac5576000-7f8ac5577000 r--p 00003000 08:01 13894539                   /home/alex/Documents/8vo_Semestre/Geometría Computacional/Lab/practica02p1/src/lib/libintersection.so
7f8ac5577000-7f8ac5578000 rw-p 00004000 08:01 13894539                   /home/alex/Documents/8vo_Semestre/Geometría Computacional/Lab/practica02p1/src/lib/libintersection.so
7f8ac5578000-7f8ac557b000 r-xp 00000000 08:01 13893852                   /home/alex/Documents/8vo_Semestre/Geometría Computacional/Lab/practica02p1/src/lib/librb_tree.so
7f8ac557b000-7f8ac577a000 ---p 00003000 08:01 13893852                   /home/alex/Documents/8vo_Semestre/Geometría Computacional/Lab/practica02p1/src/lib/librb_tree.so
7f8ac577a000-7f8ac577b000 r--p 00002000 08:01 13893852                   /home/alex/Documents/8vo_Semestre/Geometría Computacional/Lab/practica02p1/src/lib/librb_tree.so
7f8ac577b000-7f8ac577c000 rw-p 00003000 08:01 13893852                   /home/alex/Documents/8vo_Semestre/Geometría Computacional/Lab/practica02p1/src/lib/librb_tree.so
7f8ac577c000-7f8ac577e000 r-xp 00000000 08:01 13893851                   /home/alex/Documents/8vo_Semestre/Geometría Computacional/Lab/practica02p1/src/lib/libdouble_linked_list.so
7f8ac577e000-7f8ac597d000 ---p 00002000 08:01 13893851                   /home/alex/Documents/8vo_Semestre/Geometría Computacional/Lab/practica02p1/src/lib/libdouble_linked_list.so
7f8ac597d000-7f8ac597e000 r--p 00001000 08:01 13893851                   /home/alex/Documents/8vo_Semestre/Geometría Computacional/Lab/practica02p1/src/lib/libdouble_linked_list.so
7f8ac597e000-7f8ac597f000 rw-p 00002000 08:01 13893851                   /home/alex/Documents/8vo_Semestre/Geometría Computacional/Lab/practica02p1/src/lib/libdouble_linked_list.so
7f8ac597f000-7f8ac5980000 r-xp 00000000 08:01 13893849                   /home/alex/Documents/8vo_Semestre/Geometría Computacional/Lab/practica02p1/src/lib/libhalf_edge.so
7f8ac5980000-7f8ac5b80000 ---p 00001000 08:01 13893849                   /home/alex/Documents/8vo_Semestre/Geometría Computacional/Lab/practica02p1/src/lib/libhalf_edge.so
7f8ac5b80000-7f8ac5b81000 r--p 00001000 08:01 13893849                   /home/alex/Documents/8vo_Semestre/Geometría Computacional/Lab/practica02p1/src/lib/libhalf_edge.so
7f8ac5b81000-7f8ac5b82000 rw-p 00002000 08:01 13893849                   /home/alex/Documents/8vo_Semestre/Geometría Computacional/Lab/practica02p1/src/lib/libhalf_edge.so
7f8ac5b82000-7f8ac5b83000 r-xp 00000000 08:01 13893835                   /home/alex/Documents/8vo_Semestre/Geometría Computacional/Lab/practica02p1/src/lib/lib2d_points.so
7f8ac5b83000-7f8ac5d82000 ---p 00001000 08:01 13893835                   /home/alex/Documents/8vo_Semestre/Geometría Computacional/Lab/practica02p1/src/lib/lib2d_points.so
7f8ac5d82000-7f8ac5d83000 r--p 00000000 08:01 13893835                   /home/alex/Documents/8vo_Semestre/Geometría Computacional/Lab/practica02p1/src/lib/lib2d_points.so
7f8ac5d83000-7f8ac5d84000 rw-p 00001000 08:01 13893835                   /home/alex/Documents/8vo_Semestre/Geometría Computacional/Lab/practica02p1/src/lib/lib2d_points.so
7f8ac5d84000-7f8ac5d87000 ---p 00000000 00:00 0 
7f8ac5d87000-7f8ac5f85000 rw-p 00000000 00:00 0 
7f8ac5f85000-7f8ac5f88000 ---p 00000000 00:00 0 
7f8ac5f88000-7f8ac6186000 rw-p 00000000 00:00 0 
7f8ac6186000-7f8ac6189000 ---p 00000000 00:00 0 
7f8ac6189000-7f8ac6387000 rw-p 00000000 00:00 0                          [stack:12274]
7f8ac6387000-7f8ac638a000 ---p 00000000 00:00 0 
7f8ac638a000-7f8ac6588000 rw-p 00000000 00:00 0                          [stack:12149]
7f8ac6588000-7f8ac659a000 r-xp 00000000 08:01 12059135                   /home/alex/.rbenv/versions/jruby-1.7.10/lib/jni/x86_64-Linux/libjffi-1.2.so
7f8ac659a000-7f8ac6799000 ---p 00012000 08:01 12059135                   /home/alex/.rbenv/versions/jruby-1.7.10/lib/jni/x86_64-Linux/libjffi-1.2.so
7f8ac6799000-7f8ac679a000 rw-p 00011000 08:01 12059135                   /home/alex/.rbenv/versions/jruby-1.7.10/lib/jni/x86_64-Linux/libjffi-1.2.so
7f8ac679a000-7f8ac67aa000 r-xp 00000000 08:01 15861288                   /usr/lib/jvm/java-7-openjdk-amd64/jre/lib/amd64/libnio.so
7f8ac67aa000-7f8ac69aa000 ---p 00010000 08:01 15861288                   /usr/lib/jvm/java-7-openjdk-amd64/jre/lib/amd64/libnio.so
7f8ac69aa000-7f8ac69ab000 r--p 00010000 08:01 15861288                   /usr/lib/jvm/java-7-openjdk-amd64/jre/lib/amd64/libnio.so
7f8ac69ab000-7f8ac69ac000 rw-p 00011000 08:01 15861288                   /usr/lib/jvm/java-7-openjdk-amd64/jre/lib/amd64/libnio.so
7f8ac69ac000-7f8ac69e9000 r-xp 00000000 08:01 8130434                    /lib/x86_64-linux-gnu/libpcre.so.3.13.1
7f8ac69e9000-7f8ac6be9000 ---p 0003d000 08:01 8130434                    /lib/x86_64-linux-gnu/libpcre.so.3.13.1
7f8ac6be9000-7f8ac6bea000 r--p 0003d000 08:01 8130434                    /lib/x86_64-linux-gnu/libpcre.so.3.13.1
7f8ac6bea000-7f8ac6beb000 rw-p 0003e000 08:01 8130434                    /lib/x86_64-linux-gnu/libpcre.so.3.13.1
7f8ac6beb000-7f8ac6bf2000 r-xp 00000000 08:01 15735894                   /usr/lib/x86_64-linux-gnu/libffi.so.6.0.1
7f8ac6bf2000-7f8ac6df1000 ---p 00007000 08:01 15735894                   /usr/lib/x86_64-linux-gnu/libffi.so.6.0.1
7f8ac6df1000-7f8ac6df2000 r--p 00006000 08:01 15735894                   /usr/lib/x86_64-linux-gnu/libffi.so.6.0.1
7f8ac6df2000-7f8ac6df3000 rw-p 00007000 08:01 15735894                   /usr/lib/x86_64-linux-gnu/libffi.so.6.0.1
7f8ac6df3000-7f8ac6e09000 r-xp 00000000 08:01 8130457                    /lib/x86_64-linux-gnu/libresolv-2.17.so
7f8ac6e09000-7f8ac7009000 ---p 00016000 08:01 8130457                    /lib/x86_64-linux-gnu/libresolv-2.17.so
7f8ac7009000-7f8ac700a000 r--p 00016000 08:01 8130457                    /lib/x86_64-linux-gnu/libresolv-2.17.so
7f8ac700a000-7f8ac700b000 rw-p 00017000 08:01 8130457                    /lib/x86_64-linux-gnu/libresolv-2.17.so
7f8ac700b000-7f8ac700d000 rw-p 00000000 00:00 0 
7f8ac700d000-7f8ac702c000 r-xp 00000000 08:01 8130461                    /lib/x86_64-linux-gnu/libselinux.so.1
7f8ac702c000-7f8ac722c000 ---p 0001f000 08:01 8130461                    /lib/x86_64-linux-gnu/libselinux.so.1
7f8ac722c000-7f8ac722d000 r--p 0001f000 08:01 8130461                    /lib/x86_64-linux-gnu/libselinux.so.1
7f8ac722d000-7f8ac722e000 rw-p 00020000 08:01 8130461                    /lib/x86_64-linux-gnu/libselinux.so.1
7f8ac722e000-7f8ac722f000 rw-p 00000000 00:00 0 
7f8ac722f000-7f8ac7232000 r-xp 00000000 08:01 15729078                   /usr/lib/x86_64-linux-gnu/libgmodule-2.0.so.0.3800.1
7f8ac7232000-7f8ac7431000 ---p 00003000 08:01 15729078                   /usr/lib/x86_64-linux-gnu/libgmodule-2.0.so.0.3800.1
7f8ac7431000-7f8ac7432000 r--p 00002000 08:01 15729078                   /usr/lib/x86_64-linux-gnu/libgmodule-2.0.so.0.3800.1
7f8ac7432000-7f8ac7433000 rw-p 00003000 08:01 15729078                   /usr/lib/x86_64-linux-gnu/libgmodule-2.0.so.0.3800.1
7f8ac7433000-7f8ac7531000 r-xp 00000000 08:01 8130449                    /lib/x86_64-linux-gnu/libglib-2.0.so.0.3800.1
7f8ac7531000-7f8ac7731000 ---p 000fe000 08:01 8130449                    /lib/x86_64-linux-gnu/libglib-2.0.so.0.3800.1
7f8ac7731000-7f8ac7732000 r--p 000fe000 08:01 8130449                    /lib/x86_64-linux-gnu/libglib-2.0.so.0.3800.1
7f8ac7732000-7f8ac7733000 rw-p 000ff000 08:01 8130449                    /lib/x86_64-linux-gnu/libglib-2.0.so.0.3800.1
7f8ac7733000-7f8ac7734000 rw-p 00000000 00:00 0 
7f8ac7734000-7f8ac7783000 r-xp 00000000 08:01 15729069                   /usr/lib/x86_64-linux-gnu/libgobject-2.0.so.0.3800.1
7f8ac7783000-7f8ac7983000 ---p 0004f000 08:01 15729069                   /usr/lib/x86_64-linux-gnu/libgobject-2.0.so.0.3800.1
7f8ac7983000-7f8ac7984000 r--p 0004f000 08:01 15729069                   /usr/lib/x86_64-linux-gnu/libgobject-2.0.so.0.3800.1
7f8ac7984000-7f8ac7985000 rw-p 00050000 08:01 15729069                   /usr/lib/x86_64-linux-gnu/libgobject-2.0.so.0.3800.1
7f8ac7985000-7f8ac7ae1000 r-xp 00000000 08:01 15729043                   /usr/lib/x86_64-linux-gnu/libgio-2.0.so.0.3800.1
7f8ac7ae1000-7f8ac7ce0000 ---p 0015c000 08:01 15729043                   /usr/lib/x86_64-linux-gnu/libgio-2.0.so.0.3800.1
7f8ac7ce0000-7f8ac7ce4000 r--p 0015b000 08:01 15729043                   /usr/lib/x86_64-linux-gnu/libgio-2.0.so.0.3800.1
7f8ac7ce4000-7f8ac7ce6000 rw-p 0015f000 08:01 15729043                   /usr/lib/x86_64-linux-gnu/libgio-2.0.so.0.3800.1
7f8ac7ce6000-7f8ac7ce8000 rw-p 00000000 00:00 0 
7f8ac7ce8000-7f8ac7cfe000 r-xp 00000000 08:01 15861076                   /usr/lib/jvm/java-7-openjdk-amd64/jre/lib/amd64/libnet.so
7f8ac7cfe000-7f8ac7efd000 ---p 00016000 08:01 15861076                   /usr/lib/jvm/java-7-openjdk-amd64/jre/lib/amd64/libnet.so
7f8ac7efd000-7f8ac7efe000 r--p 00015000 08:01 15861076                   /usr/lib/jvm/java-7-openjdk-amd64/jre/lib/amd64/libnet.so
7f8ac7efe000-7f8ac7eff000 rw-p 00016000 08:01 15861076                   /usr/lib/jvm/java-7-openjdk-amd64/jre/lib/amd64/libnet.so
7f8ac7eff000-7f8ac7f00000 ---p 00000000 00:00 0 
7f8ac7f00000-7f8ac8000000 rw-p 00000000 00:00 0                          [stack:12148]
7f8ac8000000-7f8ac8021000 rw-p 00000000 00:00 0 
7f8ac8021000-7f8acc000000 ---p 00000000 00:00 0 
7f8acc000000-7f8acc021000 rw-p 00000000 00:00 0 
7f8acc021000-7f8ad0000000 ---p 00000000 00:00 0 
7f8ad0000000-7f8ad0021000 rw-p 00000000 00:00 0 
7f8ad0021000-7f8ad4000000 ---p 00000000 00:00 0 
7f8ad40b2000-7f8ad40b3000 rw-p 00000000 00:00 0 
7f8ad40b3000-7f8ad40b6000 ---p 00000000 00:00 0 
7f8ad40b6000-7f8ad40ec000 rw-p 00000000 00:00 0                          [stack:12152]
7f8ad40ec000-7f8ad40ed000 r-xp 00000000 00:00 0 
7f8ad40ed000-7f8ad40f4000 r--s 00000000 08:01 16127910                   /usr/lib/x86_64-linux-gnu/gconv/gconv-modules.cache
7f8ad40f4000-7f8ad40f6000 r--s 00012000 08:01 15861308                   /usr/lib/jvm/java-7-openjdk-amd64/jre/lib/ext/zipfs.jar
7f8ad40f6000-7f8ad40f9000 r--s 00032000 08:01 15861310                   /usr/lib/jvm/java-7-openjdk-amd64/jre/lib/ext/sunjce_provider.jar
7f8ad40f9000-7f8ad40fd000 r--s 00085000 08:01 15861304                   /usr/lib/jvm/java-7-openjdk-amd64/jre/lib/ext/localedata.jar
7f8ad40fd000-7f8ad40ff000 r--s 00006000 08:01 16256853                   /usr/share/java/java-atk-wrapper.jar
7f8ad40ff000-7f8ad4102000 ---p 00000000 00:00 0 
7f8ad4102000-7f8ad4300000 rw-p 00000000 00:00 0                          [stack:12147]
7f8ad4300000-7f8ad4303000 ---p 00000000 00:00 0 
7f8ad4303000-7f8ad4401000 rw-p 00000000 00:00 0                          [stack:12146]
7f8ad4401000-7f8ad4404000 ---p 00000000 00:00 0 
7f8ad4404000-7f8ad4502000 rw-p 00000000 00:00 0                          [stack:12145]
7f8ad4502000-7f8ad4505000 ---p 00000000 00:00 0 
7f8ad4505000-7f8ad4703000 rw-p 00000000 00:00 0                          [stack:12144]
7f8ad4703000-7f8ad4afd000 r--p 00000000 08:01 15734328                   /usr/lib/locale/locale-archive
7f8ad4afd000-7f8ad4b00000 ---p 00000000 00:00 0 
7f8ad4b00000-7f8ad4cfe000 rw-p 00000000 00:00 0                          [stack:12143]
7f8ad4cfe000-7f8ad4d01000 ---p 00000000 00:00 0 
7f8ad4d01000-7f8ad4eff000 rw-p 00000000 00:00 0                          [stack:12142]
7f8ad4eff000-7f8ad4f00000 ---p 00000000 00:00 0 
7f8ad4f00000-7f8ad5000000 rw-p 00000000 00:00 0                          [stack:12141]
7f8ad5000000-7f8ad5270000 rwxp 00000000 00:00 0 
7f8ad5270000-7f8ad84b9000 rw-p 00000000 00:00 0 
7f8ad84b9000-7f8adc000000 ---p 00000000 00:00 0 
7f8adc000000-7f8adc001000 r--s 00002000 08:01 15861314                   /usr/lib/jvm/java-7-openjdk-amd64/jre/lib/ext/dnsns.jar
7f8adc001000-7f8adc004000 r--s 0000f000 08:01 15861306                   /usr/lib/jvm/java-7-openjdk-amd64/jre/lib/ext/pulse-java.jar
7f8adc004000-7f8adc008000 r--s 0003b000 08:01 15861316                   /usr/lib/jvm/java-7-openjdk-amd64/jre/lib/ext/sunpkcs11.jar
7f8adc008000-7f8adcfc4000 rw-p 00000000 00:00 0 
7f8adcfc4000-7f8add0ad000 r--s 00bb9000 08:01 12059138                   /home/alex/.rbenv/versions/jruby-1.7.10/lib/jruby.jar
7f8add0ad000-7f8add0f5000 rw-p 00000000 00:00 0 
7f8add0f5000-7f8add2a3000 r--s 01cf4000 08:01 15861374                   /usr/lib/jvm/java-7-openjdk-amd64/jre/lib/rt.jar
7f8add2a3000-7f8ade9b9000 rw-p 00000000 00:00 0 
7f8ade9b9000-7f8ade9ba000 ---p 00000000 00:00 0 
7f8ade9ba000-7f8adeaba000 rw-p 00000000 00:00 0                          [stack:12140]
7f8adeaba000-7f8adeabb000 ---p 00000000 00:00 0 
7f8adeabb000-7f8adebbb000 rw-p 00000000 00:00 0                          [stack:12139]
7f8adebbb000-7f8adebbc000 ---p 00000000 00:00 0 
7f8adebbc000-7f8adecbc000 rw-p 00000000 00:00 0                          [stack:12138]
7f8adecbc000-7f8adecbd000 ---p 00000000 00:00 0 
7f8adecbd000-7f8adedca000 rw-p 00000000 00:00 0                          [stack:12137]
7f8adedca000-7f8adee10000 rw-p 00000000 00:00 0 
7f8adee10000-7f8adee23000 rw-p 00000000 00:00 0 
7f8adee23000-7f8adeeb6000 rw-p 00000000 00:00 0 
7f8adeeb6000-7f8adeed7000 rw-p 00000000 00:00 0 
7f8adeed7000-7f8adef0a000 rw-p 00000000 00:00 0 
7f8adef0a000-7f8adef0b000 rw-p 00000000 00:00 0 
7f8adef0b000-7f8adef13000 r-xp 00000000 08:01 15861025                   /usr/lib/jvm/java-7-openjdk-amd64/jre/lib/amd64/libzip.so
7f8adef13000-7f8adf112000 ---p 00008000 08:01 15861025                   /usr/lib/jvm/java-7-openjdk-amd64/jre/lib/amd64/libzip.so
7f8adf112000-7f8adf113000 r--p 00007000 08:01 15861025                   /usr/lib/jvm/java-7-openjdk-amd64/jre/lib/amd64/libzip.so
7f8adf113000-7f8adf114000 rw-p 00008000 08:01 15861025                   /usr/lib/jvm/java-7-openjdk-amd64/jre/lib/amd64/libzip.so
7f8adf114000-7f8adf120000 r-xp 00000000 08:01 8130412                    /lib/x86_64-linux-gnu/libnss_files-2.17.so
7f8adf120000-7f8adf31f000 ---p 0000c000 08:01 8130412                    /lib/x86_64-linux-gnu/libnss_files-2.17.so
7f8adf31f000-7f8adf320000 r--p 0000b000 08:01 8130412                    /lib/x86_64-linux-gnu/libnss_files-2.17.so
7f8adf320000-7f8adf321000 rw-p 0000c000 08:01 8130412                    /lib/x86_64-linux-gnu/libnss_files-2.17.so
7f8adf321000-7f8adf32c000 r-xp 00000000 08:01 8130416                    /lib/x86_64-linux-gnu/libnss_nis-2.17.so
7f8adf32c000-7f8adf52b000 ---p 0000b000 08:01 8130416                    /lib/x86_64-linux-gnu/libnss_nis-2.17.so
7f8adf52b000-7f8adf52c000 r--p 0000a000 08:01 8130416                    /lib/x86_64-linux-gnu/libnss_nis-2.17.so
7f8adf52c000-7f8adf52d000 rw-p 0000b000 08:01 8130416                    /lib/x86_64-linux-gnu/libnss_nis-2.17.so
7f8adf52d000-7f8adf544000 r-xp 00000000 08:01 8130406                    /lib/x86_64-linux-gnu/libnsl-2.17.so
7f8adf544000-7f8adf743000 ---p 00017000 08:01 8130406                    /lib/x86_64-linux-gnu/libnsl-2.17.so
7f8adf743000-7f8adf744000 r--p 00016000 08:01 8130406                    /lib/x86_64-linux-gnu/libnsl-2.17.so
7f8adf744000-7f8adf745000 rw-p 00017000 08:01 8130406                    /lib/x86_64-linux-gnu/libnsl-2.17.so
7f8adf745000-7f8adf747000 rw-p 00000000 00:00 0 
7f8adf747000-7f8adf74f000 r-xp 00000000 08:01 8130408                    /lib/x86_64-linux-gnu/libnss_compat-2.17.so
7f8adf74f000-7f8adf94e000 ---p 00008000 08:01 8130408                    /lib/x86_64-linux-gnu/libnss_compat-2.17.so
7f8adf94e000-7f8adf94f000 r--p 00007000 08:01 8130408                    /lib/x86_64-linux-gnu/libnss_compat-2.17.so
7f8adf94f000-7f8adf950000 rw-p 00008000 08:01 8130408                    /lib/x86_64-linux-gnu/libnss_compat-2.17.so
7f8adf950000-7f8adf97b000 r-xp 00000000 08:01 15860951                   /usr/lib/jvm/java-7-openjdk-amd64/jre/lib/amd64/libjava.so
7f8adf97b000-7f8adfb7a000 ---p 0002b000 08:01 15860951                   /usr/lib/jvm/java-7-openjdk-amd64/jre/lib/amd64/libjava.so
7f8adfb7a000-7f8adfb7b000 r--p 0002a000 08:01 15860951                   /usr/lib/jvm/java-7-openjdk-amd64/jre/lib/amd64/libjava.so
7f8adfb7b000-7f8adfb7d000 rw-p 0002b000 08:01 15860951                   /usr/lib/jvm/java-7-openjdk-amd64/jre/lib/amd64/libjava.so
7f8adfb7d000-7f8adfb8d000 r-xp 00000000 08:01 15861265                   /usr/lib/jvm/java-7-openjdk-amd64/jre/lib/amd64/libverify.so
7f8adfb8d000-7f8adfd8c000 ---p 00010000 08:01 15861265                   /usr/lib/jvm/java-7-openjdk-amd64/jre/lib/amd64/libverify.so
7f8adfd8c000-7f8adfd8e000 r--p 0000f000 08:01 15861265                   /usr/lib/jvm/java-7-openjdk-amd64/jre/lib/amd64/libverify.so
7f8adfd8e000-7f8adfd8f000 rw-p 00011000 08:01 15861265                   /usr/lib/jvm/java-7-openjdk-amd64/jre/lib/amd64/libverify.so
7f8adfd8f000-7f8adfd96000 r-xp 00000000 08:01 8130459                    /lib/x86_64-linux-gnu/librt-2.17.so
7f8adfd96000-7f8adff95000 ---p 00007000 08:01 8130459                    /lib/x86_64-linux-gnu/librt-2.17.so
7f8adff95000-7f8adff96000 r--p 00006000 08:01 8130459                    /lib/x86_64-linux-gnu/librt-2.17.so
7f8adff96000-7f8adff97000 rw-p 00007000 08:01 8130459                    /lib/x86_64-linux-gnu/librt-2.17.so
7f8adff97000-7f8adff9a000 ---p 00000000 00:00 0 
7f8adff9a000-7f8ae0198000 rw-p 00000000 00:00 0                          [stack:12136]
7f8ae0198000-7f8ae01ad000 r-xp 00000000 08:01 8126477                    /lib/x86_64-linux-gnu/libgcc_s.so.1
7f8ae01ad000-7f8ae03ac000 ---p 00015000 08:01 8126477                    /lib/x86_64-linux-gnu/libgcc_s.so.1
7f8ae03ac000-7f8ae03ad000 r--p 00014000 08:01 8126477                    /lib/x86_64-linux-gnu/libgcc_s.so.1
7f8ae03ad000-7f8ae03ae000 rw-p 00015000 08:01 8126477                    /lib/x86_64-linux-gnu/libgcc_s.so.1
7f8ae03ae000-7f8ae04b1000 r-xp 00000000 08:01 8130387                    /lib/x86_64-linux-gnu/libm-2.17.so
7f8ae04b1000-7f8ae06b0000 ---p 00103000 08:01 8130387                    /lib/x86_64-linux-gnu/libm-2.17.so
7f8ae06b0000-7f8ae06b1000 r--p 00102000 08:01 8130387                    /lib/x86_64-linux-gnu/libm-2.17.so
7f8ae06b1000-7f8ae06b2000 rw-p 00103000 08:01 8130387                    /lib/x86_64-linux-gnu/libm-2.17.so
7f8ae06b2000-7f8ae0798000 r-xp 00000000 08:01 15729831                   /usr/lib/x86_64-linux-gnu/libstdc++.so.6.0.18
7f8ae0798000-7f8ae0997000 ---p 000e6000 08:01 15729831                   /usr/lib/x86_64-linux-gnu/libstdc++.so.6.0.18
7f8ae0997000-7f8ae099f000 r--p 000e5000 08:01 15729831                   /usr/lib/x86_64-linux-gnu/libstdc++.so.6.0.18
7f8ae099f000-7f8ae09a1000 rw-p 000ed000 08:01 15729831                   /usr/lib/x86_64-linux-gnu/libstdc++.so.6.0.18
7f8ae09a1000-7f8ae09b6000 rw-p 00000000 00:00 0 
7f8ae09b6000-7f8ae1495000 r-xp 00000000 08:01 15861284                   /usr/lib/jvm/java-7-openjdk-amd64/jre/lib/amd64/server/libjvm.so
7f8ae1495000-7f8ae1694000 ---p 00adf000 08:01 15861284                   /usr/lib/jvm/java-7-openjdk-amd64/jre/lib/amd64/server/libjvm.so
7f8ae1694000-7f8ae1726000 r--p 00ade000 08:01 15861284                   /usr/lib/jvm/java-7-openjdk-amd64/jre/lib/amd64/server/libjvm.so
7f8ae1726000-7f8ae1749000 rw-p 00b70000 08:01 15861284                   /usr/lib/jvm/java-7-openjdk-amd64/jre/lib/amd64/server/libjvm.so
7f8ae1749000-7f8ae1776000 rw-p 00000000 00:00 0 
7f8ae1776000-7f8ae178e000 r-xp 00000000 08:01 8130494                    /lib/x86_64-linux-gnu/libz.so.1.2.8
7f8ae178e000-7f8ae198d000 ---p 00018000 08:01 8130494                    /lib/x86_64-linux-gnu/libz.so.1.2.8
7f8ae198d000-7f8ae198e000 r--p 00017000 08:01 8130494                    /lib/x86_64-linux-gnu/libz.so.1.2.8
7f8ae198e000-7f8ae198f000 rw-p 00018000 08:01 8130494                    /lib/x86_64-linux-gnu/libz.so.1.2.8
7f8ae198f000-7f8ae19a6000 r-xp 00000000 08:01 8130451                    /lib/x86_64-linux-gnu/libpthread-2.17.so
7f8ae19a6000-7f8ae1ba6000 ---p 00017000 08:01 8130451                    /lib/x86_64-linux-gnu/libpthread-2.17.so
7f8ae1ba6000-7f8ae1ba7000 r--p 00017000 08:01 8130451                    /lib/x86_64-linux-gnu/libpthread-2.17.so
7f8ae1ba7000-7f8ae1ba8000 rw-p 00018000 08:01 8130451                    /lib/x86_64-linux-gnu/libpthread-2.17.so
7f8ae1ba8000-7f8ae1bac000 rw-p 00000000 00:00 0 
7f8ae1bac000-7f8ae1baf000 r-xp 00000000 08:01 8130351                    /lib/x86_64-linux-gnu/libdl-2.17.so
7f8ae1baf000-7f8ae1dae000 ---p 00003000 08:01 8130351                    /lib/x86_64-linux-gnu/libdl-2.17.so
7f8ae1dae000-7f8ae1daf000 r--p 00002000 08:01 8130351                    /lib/x86_64-linux-gnu/libdl-2.17.so
7f8ae1daf000-7f8ae1db0000 rw-p 00003000 08:01 8130351                    /lib/x86_64-linux-gnu/libdl-2.17.so
7f8ae1db0000-7f8ae1f6d000 r-xp 00000000 08:01 8130336                    /lib/x86_64-linux-gnu/libc-2.17.so
7f8ae1f6d000-7f8ae216d000 ---p 001bd000 08:01 8130336                    /lib/x86_64-linux-gnu/libc-2.17.so
7f8ae216d000-7f8ae2171000 r--p 001bd000 08:01 8130336                    /lib/x86_64-linux-gnu/libc-2.17.so
7f8ae2171000-7f8ae2173000 rw-p 001c1000 08:01 8130336                    /lib/x86_64-linux-gnu/libc-2.17.so
7f8ae2173000-7f8ae2178000 rw-p 00000000 00:00 0 
7f8ae2178000-7f8ae2185000 r-xp 00000000 08:01 15861291                   /usr/lib/jvm/java-7-openjdk-amd64/jre/lib/amd64/jli/libjli.so
7f8ae2185000-7f8ae2384000 ---p 0000d000 08:01 15861291                   /usr/lib/jvm/java-7-openjdk-amd64/jre/lib/amd64/jli/libjli.so
7f8ae2384000-7f8ae2385000 r--p 0000c000 08:01 15861291                   /usr/lib/jvm/java-7-openjdk-amd64/jre/lib/amd64/jli/libjli.so
7f8ae2385000-7f8ae2386000 rw-p 0000d000 08:01 15861291                   /usr/lib/jvm/java-7-openjdk-amd64/jre/lib/amd64/jli/libjli.so
7f8ae2386000-7f8ae23a9000 r-xp 00000000 08:01 8130312                    /lib/x86_64-linux-gnu/ld-2.17.so
7f8ae23a9000-7f8ae23ae000 r--s 0004c000 08:01 15861296                   /usr/lib/jvm/java-7-openjdk-amd64/jre/lib/jsse.jar
7f8ae23ae000-7f8ae23dc000 rw-p 00000000 00:00 0 
7f8ae23dc000-7f8ae2422000 rw-p 00000000 00:00 0 
7f8ae2422000-7f8ae2435000 rw-p 00000000 00:00 0 
7f8ae2435000-7f8ae24c9000 rw-p 00000000 00:00 0 
7f8ae24c9000-7f8ae24d3000 rw-p 00000000 00:00 0 
7f8ae24d3000-7f8ae2589000 rw-p 00000000 00:00 0 
7f8ae2589000-7f8ae259c000 rw-p 00000000 00:00 0 
7f8ae259c000-7f8ae25a4000 rw-s 00000000 08:01 5767366                    /tmp/hsperfdata_alex/12111
7f8ae25a4000-7f8ae25a5000 rw-p 00000000 00:00 0 
7f8ae25a5000-7f8ae25a6000 r--p 00000000 00:00 0 
7f8ae25a6000-7f8ae25a8000 rw-p 00000000 00:00 0 
7f8ae25a8000-7f8ae25a9000 r--p 00022000 08:01 8130312                    /lib/x86_64-linux-gnu/ld-2.17.so
7f8ae25a9000-7f8ae25ab000 rw-p 00023000 08:01 8130312                    /lib/x86_64-linux-gnu/ld-2.17.so
7fffd9118000-7fffd9139000 rw-p 00000000 00:00 0                          [stack]
7fffd91d2000-7fffd91d4000 r-xp 00000000 00:00 0                          [vdso]
ffffffffff600000-ffffffffff601000 r-xp 00000000 00:00 0                  [vsyscall]

VM Arguments:
jvm_args: -Djdk.home= -Djruby.home=/home/alex/.rbenv/versions/jruby-1.7.10 -Djruby.script=jruby -Djruby.shell=/bin/sh -Djffi.boot.library.path=/home/alex/.rbenv/versions/jruby-1.7.10/lib/jni:/home/alex/.rbenv/versions/jruby-1.7.10/lib/jni/i386-Linux:/home/alex/.rbenv/versions/jruby-1.7.10/lib/jni/arm-Linux:/home/alex/.rbenv/versions/jruby-1.7.10/lib/jni/x86_64-Linux -Xmx500m -Xss2048k -Xbootclasspath/a:/home/alex/.rbenv/versions/jruby-1.7.10/lib/jruby.jar 
java_command: org/jruby/Main Makefile.rb clean compile test clean
Launcher Type: SUN_STANDARD

Environment Variables:
PATH=/home/alex/.rbenv/versions/jruby-1.7.10/bin:/home/alex/.rbenv/libexec:/home/alex/.rbenv/plugins/ruby-build/bin:/home/alex/.rbenv/shims:~/.rbenv/bin:~/.rbenv/bin:/usr/local/sbin:/usr/local/bin:/usr/sbin:/usr/bin:/sbin:/bin:/usr/games:/usr/local/games
USERNAME=alex
SHELL=/bin/bash
DISPLAY=:0

Signal Handlers:
SIGSEGV: [libjvm.so+0x916ea0], sa_mask[0]=0x7ffbfeff, sa_flags=0x10000004
SIGBUS: [libjvm.so+0x916ea0], sa_mask[0]=0x7ffbfeff, sa_flags=0x10000004
SIGFPE: [libjvm.so+0x794800], sa_mask[0]=0x7ffbfeff, sa_flags=0x10000004
SIGPIPE: [libjvm.so+0x794800], sa_mask[0]=0x7ffbfeff, sa_flags=0x10000004
SIGXFSZ: [libjvm.so+0x794800], sa_mask[0]=0x7ffbfeff, sa_flags=0x10000004
SIGILL: [libjvm.so+0x794800], sa_mask[0]=0x7ffbfeff, sa_flags=0x10000004
SIGUSR1: SIG_DFL, sa_mask[0]=0x00000000, sa_flags=0x00000000
SIGUSR2: [libjvm.so+0x7946a0], sa_mask[0]=0x00000000, sa_flags=0x10000004
SIGHUP: [libjvm.so+0x794880], sa_mask[0]=0x7ffbfeff, sa_flags=0x10000004
SIGINT: [libjvm.so+0x794880], sa_mask[0]=0x7ffbfeff, sa_flags=0x10000004
SIGTERM: [libjvm.so+0x794880], sa_mask[0]=0x7ffbfeff, sa_flags=0x10000004
SIGQUIT: [libjvm.so+0x794880], sa_mask[0]=0x7ffbfeff, sa_flags=0x10000004


---------------  S Y S T E M  ---------------

OS:LinuxMint 16 (petra)
uname:Linux 3.11.0-12-generic #19-Ubuntu SMP Wed Oct 9 16:20:46 UTC 2013 x86_64
libc:glibc 2.17 NPTL 2.17 
rlimit: STACK 8192k, CORE 0k, NPROC 28798, NOFILE 4096, AS infinity
load average:0,31 0,18 0,20

/proc/meminfo:
MemTotal:        3715476 kB
MemFree:         1992756 kB
Buffers:           72636 kB
Cached:           871392 kB
SwapCached:            0 kB
Active:           959604 kB
Inactive:         616504 kB
Active(anon):     633064 kB
Inactive(anon):   206984 kB
Active(file):     326540 kB
Inactive(file):   409520 kB
Unevictable:          44 kB
Mlocked:              44 kB
SwapTotal:       3856380 kB
SwapFree:        3856380 kB
Dirty:               200 kB
Writeback:             0 kB
AnonPages:        632252 kB
Mapped:           188532 kB
Shmem:            207972 kB
Slab:              71436 kB
SReclaimable:      46152 kB
SUnreclaim:        25284 kB
KernelStack:        3688 kB
PageTables:        25620 kB
NFS_Unstable:          0 kB
Bounce:                0 kB
WritebackTmp:          0 kB
CommitLimit:     5714116 kB
Committed_AS:    3017408 kB
VmallocTotal:   34359738367 kB
VmallocUsed:      414316 kB
VmallocChunk:   34359319420 kB
HardwareCorrupted:     0 kB
AnonHugePages:         0 kB
HugePages_Total:       0
HugePages_Free:        0
HugePages_Rsvd:        0
HugePages_Surp:        0
Hugepagesize:       2048 kB
DirectMap4k:       68816 kB
DirectMap2M:     3788800 kB


CPU:total 4 (2 cores per cpu, 2 threads per core) family 6 model 37 stepping 5, cmov, cx8, fxsr, mmx, sse, sse2, sse3, ssse3, sse4.1, sse4.2, popcnt, ht, tsc, tscinvbit

/proc/cpuinfo:
processor	: 0
vendor_id	: GenuineIntel
cpu family	: 6
model		: 37
model name	: Intel(R) Core(TM) i3 CPU       M 380  @ 2.53GHz
stepping	: 5
microcode	: 0x2
cpu MHz		: 2533.000
cache size	: 3072 KB
physical id	: 0
siblings	: 4
core id		: 0
cpu cores	: 2
apicid		: 0
initial apicid	: 0
fpu		: yes
fpu_exception	: yes
cpuid level	: 11
wp		: yes
flags		: fpu vme de pse tsc msr pae mce cx8 apic sep mtrr pge mca cmov pat pse36 clflush dts acpi mmx fxsr sse sse2 ss ht tm pbe syscall nx rdtscp lm constant_tsc arch_perfmon pebs bts rep_good nopl xtopology nonstop_tsc aperfmperf pni dtes64 monitor ds_cpl vmx est tm2 ssse3 cx16 xtpr pdcm pcid sse4_1 sse4_2 popcnt lahf_lm arat dtherm tpr_shadow vnmi flexpriority ept vpid
bogomips	: 5054.19
clflush size	: 64
cache_alignment	: 64
address sizes	: 36 bits physical, 48 bits virtual
power management:

processor	: 1
vendor_id	: GenuineIntel
cpu family	: 6
model		: 37
model name	: Intel(R) Core(TM) i3 CPU       M 380  @ 2.53GHz
stepping	: 5
microcode	: 0x2
cpu MHz		: 2533.000
cache size	: 3072 KB
physical id	: 0
siblings	: 4
core id		: 0
cpu cores	: 2
apicid		: 1
initial apicid	: 1
fpu		: yes
fpu_exception	: yes
cpuid level	: 11
wp		: yes
flags		: fpu vme de pse tsc msr pae mce cx8 apic sep mtrr pge mca cmov pat pse36 clflush dts acpi mmx fxsr sse sse2 ss ht tm pbe syscall nx rdtscp lm constant_tsc arch_perfmon pebs bts rep_good nopl xtopology nonstop_tsc aperfmperf pni dtes64 monitor ds_cpl vmx est tm2 ssse3 cx16 xtpr pdcm pcid sse4_1 sse4_2 popcnt lahf_lm arat dtherm tpr_shadow vnmi flexpriority ept vpid
bogomips	: 5054.19
clflush size	: 64
cache_alignment	: 64
address sizes	: 36 bits physical, 48 bits virtual
power management:

processor	: 2
vendor_id	: GenuineIntel
cpu family	: 6
model		: 37
model name	: Intel(R) Core(TM) i3 CPU       M 380  @ 2.53GHz
stepping	: 5
microcode	: 0x2
cpu MHz		: 2533.000
cache size	: 3072 KB
physical id	: 0
siblings	: 4
core id		: 2
cpu cores	: 2
apicid		: 4
initial apicid	: 4
fpu		: yes
fpu_exception	: yes
cpuid level	: 11
wp		: yes
flags		: fpu vme de pse tsc msr pae mce cx8 apic sep mtrr pge mca cmov pat pse36 clflush dts acpi mmx fxsr sse sse2 ss ht tm pbe syscall nx rdtscp lm constant_tsc arch_perfmon pebs bts rep_good nopl xtopology nonstop_tsc aperfmperf pni dtes64 monitor ds_cpl vmx est tm2 ssse3 cx16 xtpr pdcm pcid sse4_1 sse4_2 popcnt lahf_lm arat dtherm tpr_shadow vnmi flexpriority ept vpid
bogomips	: 5054.19
clflush size	: 64
cache_alignment	: 64
address sizes	: 36 bits physical, 48 bits virtual
power management:

processor	: 3
vendor_id	: GenuineIntel
cpu family	: 6
model		: 37
model name	: Intel(R) Core(TM) i3 CPU       M 380  @ 2.53GHz
stepping	: 5
microcode	: 0x2
cpu MHz		: 2533.000
cache size	: 3072 KB
physical id	: 0
siblings	: 4
core id		: 2
cpu cores	: 2
apicid		: 5
initial apicid	: 5
fpu		: yes
fpu_exception	: yes
cpuid level	: 11
wp		: yes
flags		: fpu vme de pse tsc msr pae mce cx8 apic sep mtrr pge mca cmov pat pse36 clflush dts acpi mmx fxsr sse sse2 ss ht tm pbe syscall nx rdtscp lm constant_tsc arch_perfmon pebs bts rep_good nopl xtopology nonstop_tsc aperfmperf pni dtes64 monitor ds_cpl vmx est tm2 ssse3 cx16 xtpr pdcm pcid sse4_1 sse4_2 popcnt lahf_lm arat dtherm tpr_shadow vnmi flexpriority ept vpid
bogomips	: 5054.19
clflush size	: 64
cache_alignment	: 64
address sizes	: 36 bits physical, 48 bits virtual
power management:



Memory: 4k page, physical 3715476k(1992756k free), swap 3856380k(3856380k free)

vm_info: OpenJDK 64-Bit Server VM (24.45-b08) for linux-amd64 JRE (1.7.0_51-b00), built on Jan 15 2014 22:02:57 by "buildd" with gcc 4.8.1

time: Tue Apr 22 12:00:08 2014
elapsed time: 4 seconds

