#
# A fatal error has been detected by the Java Runtime Environment:
#
#  SIGSEGV (0xb) at pc=0x00007f8adafeedab, pid=28107, tid=140234876696320
#
# JRE version: OpenJDK Runtime Environment (7.0_51) (build 1.7.0_51-b00)
# Java VM: OpenJDK 64-Bit Server VM (24.45-b08 mixed mode linux-amd64 compressed oops)
# Problematic frame:
# C  [libintersection.so+0xdab]  find_intersections+0x1f6
#
# Failed to write core dump. Core dumps have been disabled. To enable core dumping, try "ulimit -c unlimited" before starting Java again
#
# If you would like to submit a bug report, please include
# instructions on how to reproduce the bug and visit:
#   http://icedtea.classpath.org/bugzilla
# The crash happened outside the Java Virtual Machine in native code.
# See problematic frame for where to report the bug.
#

---------------  T H R E A D  ---------------

Current thread (0x00007f8af400a800):  JavaThread "main" [_thread_in_native, id=28132, stack(0x00007f8af9e2b000,0x00007f8afa02c000)]

siginfo:si_signo=SIGSEGV: si_errno=0, si_code=1 (SEGV_MAPERR), si_addr=0xfffffffff4349660

Registers:
RAX=0xfffffffff4349640, RBX=0x00000000d79ae0f0, RCX=0x65646f6e20627220, RDX=0x00007f8adb3f40e0
RSP=0x00007f8afa029030, RBP=0x00007f8afa029080, RSI=0x0000000000000000, RDI=0x00007f8af43495f0
R8 =0x00007f8afa02b700, R9 =0x0000000000000020, R10=0x00007f8afa028dd0, R11=0x00007f8adb1f26d2
R12=0x0000000000000000, R13=0x00000000d79ae0f0, R14=0x00007f8afa029168, R15=0x00007f8af400a800
RIP=0x00007f8adafeedab, EFLAGS=0x0000000000010246, CSGSFS=0x0000000000000033, ERR=0x0000000000000005
  TRAPNO=0x000000000000000e

Top of Stack: (sp=0x00007f8afa029030)
0x00007f8afa029030:   4000000000000000 00007f8af43494d0
0x00007f8afa029040:   fffffffff4349640 00007f8af43495f0
0x00007f8afa029050:   00007f8af43497f0 00007f8af4349850
0x00007f8afa029060:   00007f8afa029078 00007f8afa0290c8
0x00007f8afa029070:   00007f8af1006233 00000000f682a558
0x00007f8afa029080:   00007f8af445b340 00007f8ae83c0cd9
0x00007f8afa029090:   00000000d69fc4a3 00000000d79ae0f0
0x00007f8afa0290a0:   00007f8afa029120 00007f8af1012738
0x00007f8afa0290b0:   00000000d69fc528 0000000000000000
0x00007f8afa0290c0:   00007f8afa0290e8 00007f8afa029148
0x00007f8afa0290d0:   00007f8af1006233 00000000f5ab43a8
0x00007f8afa0290e0:   00007f8afa0290e0 0000000000000000
0x00007f8afa0290f0:   00007f8afa029168 00000000d79b6618
0x00007f8afa029100:   0000000000000000 00000000d79ae0f0
0x00007f8afa029110:   0000000000000000 00007f8afa029140
0x00007f8afa029120:   00007f8afa0291b0 00007f8af1006175
0x00007f8afa029130:   00000000e1171100 00007f8af100ecd7
0x00007f8afa029140:   00007f8af43494d0 00007f8af112ac6c
0x00007f8afa029150:   00007f8adafeebb5 00000000f593b128
0x00007f8afa029160:   00007f8af445b340 0000000000000001
0x00007f8afa029170:   00007f8afa029170 00000000d7aaaf57
0x00007f8afa029180:   00007f8afa0291e8 00000000d7ab71b0
0x00007f8afa029190:   00000000d7eddd80 00000000d7aaaf98
0x00007f8afa0291a0:   00007f8afa029140 00007f8afa0291c0
0x00007f8afa0291b0:   00007f8afa029238 00007f8af1006175
0x00007f8afa0291c0:   00007f8af43494d0 00000000f6539cd8
0x00007f8afa0291d0:   00007f8adafeebb5 0000000000000000
0x00007f8afa0291e0:   00000000e1043ed8 00000000e1173aa0
0x00007f8afa0291f0:   00000000e0ff0a08 00007f8afa0291f8
0x00007f8afa029200:   00000000d7edf9d4 00007f8afa029280
0x00007f8afa029210:   00000000d7edfe30 0000000000000000
0x00007f8afa029220:   00000000d7edf9f8 00007f8afa0291c0 

Instructions: (pc=0x00007f8adafeedab)
0x00007f8adafeed8b:   e8 60 fc ff ff 48 8b 45 c8 48 89 c7 b8 00 00 00
0x00007f8adafeed9b:   00 e8 8f fc ff ff 48 98 48 89 45 c0 48 8b 45 c0
0x00007f8adafeedab:   48 8b 40 20 48 89 45 d8 48 8d 3d 3c 01 00 00 b8
0x00007f8adafeedbb:   00 00 00 00 e8 5c fc ff ff 48 8b 45 c0 48 89 c7 

Register to memory mapping:

RAX=0xfffffffff4349640 is an unknown value
RBX=0x00000000d79ae0f0 is an oop
{method} 
 - klass: {other class}
RCX=0x65646f6e20627220 is an unknown value
RDX=0x00007f8adb3f40e0: sentinel+0 in lib/librb_tree.so at 0x00007f8adb1f1000
RSP=0x00007f8afa029030 is pointing into the stack for thread: 0x00007f8af400a800
RBP=0x00007f8afa029080 is pointing into the stack for thread: 0x00007f8af400a800
RSI=0x0000000000000000 is an unknown value
RDI=0x00007f8af43495f0 is an unknown value
R8 =0x00007f8afa02b700 is pointing into the stack for thread: 0x00007f8af400a800
R9 =0x0000000000000020 is an unknown value
R10=0x00007f8afa028dd0 is pointing into the stack for thread: 0x00007f8af400a800
R11=0x00007f8adb1f26d2: rb_min_node+0 in lib/librb_tree.so at 0x00007f8adb1f1000
R12=0x0000000000000000 is an unknown value
R13=0x00000000d79ae0f0 is an oop
{method} 
 - klass: {other class}
R14=0x00007f8afa029168 is pointing into the stack for thread: 0x00007f8af400a800
R15=0x00007f8af400a800 is a thread


Stack: [0x00007f8af9e2b000,0x00007f8afa02c000],  sp=0x00007f8afa029030,  free space=2040k
Native frames: (J=compiled Java code, j=interpreted, Vv=VM code, C=native code)
C  [libintersection.so+0xdab]  find_intersections+0x1f6

Java frames: (J=compiled Java code, j=interpreted, Vv=VM code)
j  com.kenai.jffi.Foreign.invokeL1(JJJ)J+0
j  com.kenai.jffi.Invoker.invokeL1(Lcom/kenai/jffi/CallContext;JJ)J+7
j  org.jruby.ext.ffi.jffi.NativeInvoker$ffi$8.call(Lorg/jruby/runtime/ThreadContext;Lorg/jruby/runtime/builtin/IRubyObject;Lorg/jruby/RubyModule;Ljava/lang/String;Lorg/jruby/runtime/builtin/IRubyObject;)Lorg/jruby/runtime/builtin/IRubyObject;+76
j  org.jruby.runtime.callsite.CachingCallSite.cacheAndCall(Lorg/jruby/runtime/builtin/IRubyObject;Lorg/jruby/RubyClass;Lorg/jruby/runtime/ThreadContext;Lorg/jruby/runtime/builtin/IRubyObject;Lorg/jruby/runtime/builtin/IRubyObject;)Lorg/jruby/runtime/builtin/IRubyObject;+57
J  org.jruby.runtime.callsite.CachingCallSite.call(Lorg/jruby/runtime/ThreadContext;Lorg/jruby/runtime/builtin/IRubyObject;Lorg/jruby/runtime/builtin/IRubyObject;Lorg/jruby/runtime/builtin/IRubyObject;)Lorg/jruby/runtime/builtin/IRubyObject;
J  org.jruby.ast.CallOneArgNode.interpret(Lorg/jruby/Ruby;Lorg/jruby/runtime/ThreadContext;Lorg/jruby/runtime/builtin/IRubyObject;Lorg/jruby/runtime/Block;)Lorg/jruby/runtime/builtin/IRubyObject;
j  org.jruby.ast.LocalAsgnNode.interpret(Lorg/jruby/Ruby;Lorg/jruby/runtime/ThreadContext;Lorg/jruby/runtime/builtin/IRubyObject;Lorg/jruby/runtime/Block;)Lorg/jruby/runtime/builtin/IRubyObject;+30
J  org.jruby.ast.BlockNode.interpret(Lorg/jruby/Ruby;Lorg/jruby/runtime/ThreadContext;Lorg/jruby/runtime/builtin/IRubyObject;Lorg/jruby/runtime/Block;)Lorg/jruby/runtime/builtin/IRubyObject;
j  org.jruby.evaluator.ASTInterpreter.INTERPRET_METHOD(Lorg/jruby/Ruby;Lorg/jruby/runtime/ThreadContext;Ljava/lang/String;ILorg/jruby/RubyModule;Lorg/jruby/ast/Node;Ljava/lang/String;Lorg/jruby/runtime/builtin/IRubyObject;Lorg/jruby/runtime/Block;Z)Lorg/jruby/runtime/builtin/IRubyObject;+30
j  org.jruby.internal.runtime.methods.InterpretedMethod.call(Lorg/jruby/runtime/ThreadContext;Lorg/jruby/runtime/builtin/IRubyObject;Lorg/jruby/RubyModule;Ljava/lang/String;)Lorg/jruby/runtime/builtin/IRubyObject;+80
j  org.jruby.internal.runtime.methods.DefaultMethod.call(Lorg/jruby/runtime/ThreadContext;Lorg/jruby/runtime/builtin/IRubyObject;Lorg/jruby/RubyModule;Ljava/lang/String;)Lorg/jruby/runtime/builtin/IRubyObject;+20
J  org.jruby.ast.CallNoArgNode.interpret(Lorg/jruby/Ruby;Lorg/jruby/runtime/ThreadContext;Lorg/jruby/runtime/builtin/IRubyObject;Lorg/jruby/runtime/Block;)Lorg/jruby/runtime/builtin/IRubyObject;
j  org.jruby.ast.FCallTwoArgNode.interpret(Lorg/jruby/Ruby;Lorg/jruby/runtime/ThreadContext;Lorg/jruby/runtime/builtin/IRubyObject;Lorg/jruby/runtime/Block;)Lorg/jruby/runtime/builtin/IRubyObject;+28
J  org.jruby.ast.BlockNode.interpret(Lorg/jruby/Ruby;Lorg/jruby/runtime/ThreadContext;Lorg/jruby/runtime/builtin/IRubyObject;Lorg/jruby/runtime/Block;)Lorg/jruby/runtime/builtin/IRubyObject;
j  org.jruby.evaluator.ASTInterpreter.INTERPRET_METHOD(Lorg/jruby/Ruby;Lorg/jruby/runtime/ThreadContext;Ljava/lang/String;ILorg/jruby/RubyModule;Lorg/jruby/ast/Node;Ljava/lang/String;Lorg/jruby/runtime/builtin/IRubyObject;Lorg/jruby/runtime/Block;Z)Lorg/jruby/runtime/builtin/IRubyObject;+30
j  org.jruby.internal.runtime.methods.InterpretedMethod.call(Lorg/jruby/runtime/ThreadContext;Lorg/jruby/runtime/builtin/IRubyObject;Lorg/jruby/RubyModule;Ljava/lang/String;)Lorg/jruby/runtime/builtin/IRubyObject;+80
j  org.jruby.internal.runtime.methods.DefaultMethod.call(Lorg/jruby/runtime/ThreadContext;Lorg/jruby/runtime/builtin/IRubyObject;Lorg/jruby/RubyModule;Ljava/lang/String;)Lorg/jruby/runtime/builtin/IRubyObject;+20
j  org.jruby.runtime.callsite.CachingCallSite.cacheAndCall(Lorg/jruby/runtime/builtin/IRubyObject;Lorg/jruby/RubyClass;Lorg/jruby/runtime/ThreadContext;Lorg/jruby/runtime/builtin/IRubyObject;)Lorg/jruby/runtime/builtin/IRubyObject;+53
j  org.jruby.runtime.callsite.CachingCallSite.call(Lorg/jruby/runtime/ThreadContext;Lorg/jruby/runtime/builtin/IRubyObject;Lorg/jruby/runtime/builtin/IRubyObject;)Lorg/jruby/runtime/builtin/IRubyObject;+46
j  Makefile.method__3$RUBY$test(LMakefile;Lorg/jruby/runtime/ThreadContext;Lorg/jruby/runtime/builtin/IRubyObject;Lorg/jruby/runtime/Block;)Lorg/jruby/runtime/builtin/IRubyObject;+130
j  Makefile$method__3$RUBY$test.call(Lorg/jruby/runtime/ThreadContext;Lorg/jruby/runtime/builtin/IRubyObject;Lorg/jruby/RubyModule;Ljava/lang/String;Lorg/jruby/runtime/Block;)Lorg/jruby/runtime/builtin/IRubyObject;+17
j  org.jruby.RubyClass.finvoke(Lorg/jruby/runtime/ThreadContext;Lorg/jruby/runtime/builtin/IRubyObject;Ljava/lang/String;Lorg/jruby/runtime/Block;)Lorg/jruby/runtime/builtin/IRubyObject;+41
j  org.jruby.RubyBasicObject.send19(Lorg/jruby/runtime/ThreadContext;Lorg/jruby/runtime/builtin/IRubyObject;Lorg/jruby/runtime/Block;)Lorg/jruby/runtime/builtin/IRubyObject;+15
j  org.jruby.RubyKernel.send19(Lorg/jruby/runtime/ThreadContext;Lorg/jruby/runtime/builtin/IRubyObject;Lorg/jruby/runtime/builtin/IRubyObject;Lorg/jruby/runtime/Block;)Lorg/jruby/runtime/builtin/IRubyObject;+7
j  org.jruby.RubyKernel$INVOKER$s$send19.call(Lorg/jruby/runtime/ThreadContext;Lorg/jruby/runtime/builtin/IRubyObject;Lorg/jruby/RubyModule;Ljava/lang/String;Lorg/jruby/runtime/builtin/IRubyObject;Lorg/jruby/runtime/Block;)Lorg/jruby/runtime/builtin/IRubyObject;+6
j  org.jruby.internal.runtime.methods.JavaMethod$JavaMethodOneOrNBlock.call(Lorg/jruby/runtime/ThreadContext;Lorg/jruby/runtime/builtin/IRubyObject;Lorg/jruby/RubyModule;Ljava/lang/String;Lorg/jruby/runtime/builtin/IRubyObject;)Lorg/jruby/runtime/builtin/IRubyObject;+11
j  org.jruby.runtime.callsite.CachingCallSite.call(Lorg/jruby/runtime/ThreadContext;Lorg/jruby/runtime/builtin/IRubyObject;Lorg/jruby/runtime/builtin/IRubyObject;Lorg/jruby/runtime/builtin/IRubyObject;)Lorg/jruby/runtime/builtin/IRubyObject;+38
j  Makefile.block_7$RUBY$__file__(LMakefile;Lorg/jruby/runtime/ThreadContext;Lorg/jruby/runtime/builtin/IRubyObject;[Lorg/jruby/runtime/builtin/IRubyObject;Lorg/jruby/runtime/Block;)Lorg/jruby/runtime/builtin/IRubyObject;+46
j  Makefile$block_7$RUBY$__file__.call(Lorg/jruby/runtime/ThreadContext;Lorg/jruby/runtime/builtin/IRubyObject;[Lorg/jruby/runtime/builtin/IRubyObject;Lorg/jruby/runtime/Block;)Lorg/jruby/runtime/builtin/IRubyObject;+9
j  org.jruby.runtime.CompiledBlock19.yield(Lorg/jruby/runtime/ThreadContext;Lorg/jruby/runtime/builtin/IRubyObject;Lorg/jruby/runtime/Binding;Lorg/jruby/runtime/Block$Type;)Lorg/jruby/runtime/builtin/IRubyObject;+52
j  org.jruby.runtime.Block.yield(Lorg/jruby/runtime/ThreadContext;Lorg/jruby/runtime/builtin/IRubyObject;)Lorg/jruby/runtime/builtin/IRubyObject;+14
j  org.jruby.RubyArray.eachCommon(Lorg/jruby/runtime/ThreadContext;Lorg/jruby/runtime/Block;)Lorg/jruby/runtime/builtin/IRubyObject;+41
j  org.jruby.RubyArray.each(Lorg/jruby/runtime/ThreadContext;Lorg/jruby/runtime/Block;)Lorg/jruby/runtime/builtin/IRubyObject;+10
j  org.jruby.RubyArray$INVOKER$i$0$0$each.call(Lorg/jruby/runtime/ThreadContext;Lorg/jruby/runtime/builtin/IRubyObject;Lorg/jruby/RubyModule;Ljava/lang/String;Lorg/jruby/runtime/Block;)Lorg/jruby/runtime/builtin/IRubyObject;+7
j  org.jruby.runtime.callsite.CachingCallSite.cacheAndCall(Lorg/jruby/runtime/builtin/IRubyObject;Lorg/jruby/RubyClass;Lorg/jruby/runtime/Block;Lorg/jruby/runtime/ThreadContext;Lorg/jruby/runtime/builtin/IRubyObject;)Lorg/jruby/runtime/builtin/IRubyObject;+57
j  org.jruby.runtime.callsite.CachingCallSite.callBlock(Lorg/jruby/runtime/ThreadContext;Lorg/jruby/runtime/builtin/IRubyObject;Lorg/jruby/runtime/builtin/IRubyObject;Lorg/jruby/runtime/Block;)Lorg/jruby/runtime/builtin/IRubyObject;+50
j  org.jruby.runtime.callsite.CachingCallSite.callIter(Lorg/jruby/runtime/ThreadContext;Lorg/jruby/runtime/builtin/IRubyObject;Lorg/jruby/runtime/builtin/IRubyObject;Lorg/jruby/runtime/Block;)Lorg/jruby/runtime/builtin/IRubyObject;+6
j  Makefile.__file__(LMakefile;Lorg/jruby/runtime/ThreadContext;Lorg/jruby/runtime/builtin/IRubyObject;[Lorg/jruby/runtime/builtin/IRubyObject;Lorg/jruby/runtime/Block;)Lorg/jruby/runtime/builtin/IRubyObject;+938
j  Makefile.load(Lorg/jruby/runtime/ThreadContext;Lorg/jruby/runtime/builtin/IRubyObject;Z)Lorg/jruby/runtime/builtin/IRubyObject;+22
j  org.jruby.Ruby.runScript(Lorg/jruby/ast/executable/Script;Z)Lorg/jruby/runtime/builtin/IRubyObject;+12
j  org.jruby.Ruby.runScript(Lorg/jruby/ast/executable/Script;)Lorg/jruby/runtime/builtin/IRubyObject;+3
j  org.jruby.Ruby.runNormally(Lorg/jruby/ast/Node;)Lorg/jruby/runtime/builtin/IRubyObject;+73
j  org.jruby.Ruby.runFromMain(Ljava/io/InputStream;Ljava/lang/String;)V+320
j  org.jruby.Main.doRunFromMain(Lorg/jruby/Ruby;Ljava/io/InputStream;Ljava/lang/String;)Lorg/jruby/Main$Status;+12
j  org.jruby.Main.internalRun()Lorg/jruby/Main$Status;+234
j  org.jruby.Main.run([Ljava/lang/String;)Lorg/jruby/Main$Status;+9
j  org.jruby.Main.main([Ljava/lang/String;)V+35
v  ~StubRoutines::call_stub

---------------  P R O C E S S  ---------------

Java Threads: ( => current thread )
  0x00007f8af4449800 JavaThread "JRubyJIT-2" daemon [_thread_blocked, id=28268, stack(0x00007f8adbbfe000,0x00007f8adbdff000)]
  0x00007f8af43bc000 JavaThread "process reaper" daemon [_thread_blocked, id=28148, stack(0x00007f8af8025000,0x00007f8af805e000)]
  0x00007f8af44d1800 JavaThread "JRubyJIT-1" daemon [_thread_blocked, id=28145, stack(0x00007f8ae81b8000,0x00007f8ae83b9000)]
  0x00007f8af40ae000 JavaThread "Service Thread" daemon [_thread_blocked, id=28143, stack(0x00007f8ae9e31000,0x00007f8aea032000)]
  0x00007f8af40ab800 JavaThread "C2 CompilerThread1" daemon [_thread_in_native, id=28142, stack(0x00007f8aea032000,0x00007f8aea133000)]
  0x00007f8af40a8800 JavaThread "C2 CompilerThread0" daemon [_thread_in_vm, id=28141, stack(0x00007f8af00f1000,0x00007f8af01f2000)]
  0x00007f8af40a6800 JavaThread "Signal Dispatcher" daemon [_thread_blocked, id=28140, stack(0x00007f8aea133000,0x00007f8aea334000)]
  0x00007f8af4082800 JavaThread "Finalizer" daemon [_thread_blocked, id=28139, stack(0x00007f8aea72e000,0x00007f8aea92f000)]
  0x00007f8af4080800 JavaThread "Reference Handler" daemon [_thread_blocked, id=28138, stack(0x00007f8aea92f000,0x00007f8aeab30000)]
=>0x00007f8af400a800 JavaThread "main" [_thread_in_native, id=28132, stack(0x00007f8af9e2b000,0x00007f8afa02c000)]

Other Threads:
  0x00007f8af407c800 VMThread [stack: 0x00007f8af01f2000,0x00007f8af02f3000] [id=28137]
  0x00007f8af40b8800 WatcherThread [stack: 0x00007f8ae9d30000,0x00007f8ae9e31000] [id=28144]

VM state:not at safepoint (normal execution)

VM Mutex/Monitor currently owned by a thread: None

Heap
 PSYoungGen      total 17408K, used 14753K [0x00000000f5900000, 0x00000000f7b00000, 0x0000000100000000)
  eden space 15360K, 82% used [0x00000000f5900000,0x00000000f656b0d0,0x00000000f6800000)
  from space 2048K, 99% used [0x00000000f6800000,0x00000000f69fd528,0x00000000f6a00000)
  to   space 2048K, 0% used [0x00000000f7900000,0x00000000f7900000,0x00000000f7b00000)
 ParOldGen       total 38400K, used 8413K [0x00000000e0c00000, 0x00000000e3180000, 0x00000000f5900000)
  object space 38400K, 21% used [0x00000000e0c00000,0x00000000e1437620,0x00000000e3180000)
 PSPermGen       total 25600K, used 25478K [0x00000000d6600000, 0x00000000d7f00000, 0x00000000e0c00000)
  object space 25600K, 99% used [0x00000000d6600000,0x00000000d7ee1b40,0x00000000d7f00000)

Card table byte_map: [0x00007f8af8c51000,0x00007f8af8d9f000] byte_map_base: 0x00007f8af859e000

Polling page: 0x00007f8afc439000

Code Cache  [0x00007f8af1000000, 0x00007f8af1270000, 0x00007f8af4000000)
 total_blobs=963 nmethods=484 adapters=433 free_code_cache=47602Kb largest_free_block=48702464

Compilation events (10 events):
Event: 10,384 Thread 0x00007f8af40a8800 nmethod 510 0x00007f8af117e710 code [0x00007f8af117e8c0, 0x00007f8af117ecf8]
Event: 10,384 Thread 0x00007f8af40a8800  513             org.jruby.ext.ffi.jffi.JITRuntime::f64Value64 (23 bytes)
Event: 10,384 Thread 0x00007f8af40ab800 nmethod 512 0x00007f8af1184e90 code [0x00007f8af1185000, 0x00007f8af1185278]
Event: 10,387 Thread 0x00007f8af40a8800 nmethod 513 0x00007f8af117d010 code [0x00007f8af117d160, 0x00007f8af117d208]
Event: 10,390 Thread 0x00007f8af40ab800  514             org.jruby.util.Qsort::partition (273 bytes)
Event: 10,399 Thread 0x00007f8af40a8800  515             org.jruby.runtime.callsite.CachingCallSite::callBlock (58 bytes)
Event: 10,416 Thread 0x00007f8af40a8800 nmethod 515 0x00007f8af1184190 code [0x00007f8af1184320, 0x00007f8af1184708]
Event: 10,416 Thread 0x00007f8af40a8800  516             org.jruby.runtime.callsite.CachingCallSite::call (12 bytes)
Event: 10,433 Thread 0x00007f8af40a8800 nmethod 516 0x00007f8af1185bd0 code [0x00007f8af1185d60, 0x00007f8af1186148]
Event: 10,433 Thread 0x00007f8af40a8800  517             org.jruby.RubyClass::newInstance (26 bytes)

GC Heap History (6 events):
Event: 3,517 GC heap before
{Heap before GC invocations=1 (full 0):
 PSYoungGen      total 17408K, used 15360K [0x00000000f5900000, 0x00000000f6c00000, 0x0000000100000000)
  eden space 15360K, 100% used [0x00000000f5900000,0x00000000f6800000,0x00000000f6800000)
  from space 2048K, 0% used [0x00000000f6a00000,0x00000000f6a00000,0x00000000f6c00000)
  to   space 2048K, 0% used [0x00000000f6800000,0x00000000f6800000,0x00000000f6a00000)
 ParOldGen       total 38400K, used 0K [0x00000000e0c00000, 0x00000000e3180000, 0x00000000f5900000)
  object space 38400K, 0% used [0x00000000e0c00000,0x00000000e0c00000,0x00000000e3180000)
 PSPermGen       total 21504K, used 18949K [0x00000000d6600000, 0x00000000d7b00000, 0x00000000e0c00000)
  object space 21504K, 88% used [0x00000000d6600000,0x00000000d78816c8,0x00000000d7b00000)
Event: 3,550 GC heap after
Heap after GC invocations=1 (full 0):
 PSYoungGen      total 17408K, used 2037K [0x00000000f5900000, 0x00000000f6c00000, 0x0000000100000000)
  eden space 15360K, 0% used [0x00000000f5900000,0x00000000f5900000,0x00000000f6800000)
  from space 2048K, 99% used [0x00000000f6800000,0x00000000f69fd4b8,0x00000000f6a00000)
  to   space 2048K, 0% used [0x00000000f6a00000,0x00000000f6a00000,0x00000000f6c00000)
 ParOldGen       total 38400K, used 3800K [0x00000000e0c00000, 0x00000000e3180000, 0x00000000f5900000)
  object space 38400K, 9% used [0x00000000e0c00000,0x00000000e0fb6110,0x00000000e3180000)
 PSPermGen       total 21504K, used 18949K [0x00000000d6600000, 0x00000000d7b00000, 0x00000000e0c00000)
  object space 21504K, 88% used [0x00000000d6600000,0x00000000d78816c8,0x00000000d7b00000)
}
Event: 6,096 GC heap before
{Heap before GC invocations=2 (full 0):
 PSYoungGen      total 17408K, used 17397K [0x00000000f5900000, 0x00000000f6c00000, 0x0000000100000000)
  eden space 15360K, 100% used [0x00000000f5900000,0x00000000f6800000,0x00000000f6800000)
  from space 2048K, 99% used [0x00000000f6800000,0x00000000f69fd4b8,0x00000000f6a00000)
  to   space 2048K, 0% used [0x00000000f6a00000,0x00000000f6a00000,0x00000000f6c00000)
 ParOldGen       total 38400K, used 3800K [0x00000000e0c00000, 0x00000000e3180000, 0x00000000f5900000)
  object space 38400K, 9% used [0x00000000e0c00000,0x00000000e0fb6110,0x00000000e3180000)
 PSPermGen       total 23552K, used 23438K [0x00000000d6600000, 0x00000000d7d00000, 0x00000000e0c00000)
  object space 23552K, 99% used [0x00000000d6600000,0x00000000d7ce3b70,0x00000000d7d00000)
Event: 6,158 GC heap after
Heap after GC invocations=2 (full 0):
 PSYoungGen      total 17408K, used 2037K [0x00000000f5900000, 0x00000000f7b00000, 0x0000000100000000)
  eden space 15360K, 0% used [0x00000000f5900000,0x00000000f5900000,0x00000000f6800000)
  from space 2048K, 99% used [0x00000000f6a00000,0x00000000f6bfd528,0x00000000f6c00000)
  to   space 2048K, 0% used [0x00000000f6800000,0x00000000f6800000,0x00000000f6a00000)
 ParOldGen       total 38400K, used 5895K [0x00000000e0c00000, 0x00000000e3180000, 0x00000000f5900000)
  object space 38400K, 15% used [0x00000000e0c00000,0x00000000e11c1f88,0x00000000e3180000)
 PSPermGen       total 23552K, used 23438K [0x00000000d6600000, 0x00000000d7d00000, 0x00000000e0c00000)
  object space 23552K, 99% used [0x00000000d6600000,0x00000000d7ce3b70,0x00000000d7d00000)
}
Event: 8,626 GC heap before
{Heap before GC invocations=3 (full 0):
 PSYoungGen      total 17408K, used 17397K [0x00000000f5900000, 0x00000000f7b00000, 0x0000000100000000)
  eden space 15360K, 100% used [0x00000000f5900000,0x00000000f6800000,0x00000000f6800000)
  from space 2048K, 99% used [0x00000000f6a00000,0x00000000f6bfd528,0x00000000f6c00000)
  to   space 2048K, 0% used [0x00000000f6800000,0x00000000f6800000,0x00000000f6a00000)
 ParOldGen       total 38400K, used 5895K [0x00000000e0c00000, 0x00000000e3180000, 0x00000000f5900000)
  object space 38400K, 15% used [0x00000000e0c00000,0x00000000e11c1f88,0x00000000e3180000)
 PSPermGen       total 25600K, used 25152K [0x00000000d6600000, 0x00000000d7f00000, 0x00000000e0c00000)
  object space 25600K, 98% used [0x00000000d6600000,0x00000000d7e900e8,0x00000000d7f00000)
Event: 8,660 GC heap after
Heap after GC invocations=3 (full 0):
 PSYoungGen      total 17408K, used 2037K [0x00000000f5900000, 0x00000000f7b00000, 0x0000000100000000)
  eden space 15360K, 0% used [0x00000000f5900000,0x00000000f5900000,0x00000000f6800000)
  from space 2048K, 99% used [0x00000000f6800000,0x00000000f69fd528,0x00000000f6a00000)
  to   space 2048K, 0% used [0x00000000f7900000,0x00000000f7900000,0x00000000f7b00000)
 ParOldGen       total 38400K, used 8413K [0x00000000e0c00000, 0x00000000e3180000, 0x00000000f5900000)
  object space 38400K, 21% used [0x00000000e0c00000,0x00000000e1437620,0x00000000e3180000)
 PSPermGen       total 25600K, used 25152K [0x00000000d6600000, 0x00000000d7f00000, 0x00000000e0c00000)
  object space 25600K, 98% used [0x00000000d6600000,0x00000000d7e900e8,0x00000000d7f00000)
}

Deoptimization events (10 events):
Event: 10,425 Thread 0x00007f8af400a800 Uncommon trap: reason=class_check action=maybe_recompile pc=0x00007f8af11502b8 method=org.jruby.RubyArray.compare(Lorg/jruby/runtime/ThreadContext;Lorg/jruby/runtime/invokedynamic/MethodNames;Lorg/jruby/runtime/builtin/IRubyObject;)Lorg/jruby/RubyBoolean;
Event: 10,430 Thread 0x00007f8af400a800 Uncommon trap: reason=class_check action=maybe_recompile pc=0x00007f8af1114684 method=org.jruby.ext.ffi.StructByReference.to_native(Lorg/jruby/runtime/ThreadContext;Lorg/jruby/runtime/builtin/IRubyObject;Lorg/jruby/runtime/builtin/IRubyObject;)Lorg/jruby/
Event: 10,432 Thread 0x00007f8af400a800 Uncommon trap: reason=bimorphic action=maybe_recompile pc=0x00007f8af117eb88 method=org.jruby.RubyClass.allocate()Lorg/jruby/runtime/builtin/IRubyObject; @ 54
Event: 10,433 Thread 0x00007f8af400a800 Uncommon trap: reason=bimorphic action=maybe_recompile pc=0x00007f8af117eb88 method=org.jruby.RubyClass.allocate()Lorg/jruby/runtime/builtin/IRubyObject; @ 54
Event: 10,433 Thread 0x00007f8af400a800 Uncommon trap: reason=class_check action=maybe_recompile pc=0x00007f8af1175464 method=org.jruby.runtime.ivars.VariableAccessor.get(Ljava/lang/Object;)Ljava/lang/Object; @ 1
Event: 10,433 Thread 0x00007f8af400a800 Uncommon trap: reason=class_check action=maybe_recompile pc=0x00007f8af1175464 method=org.jruby.runtime.ivars.VariableAccessor.get(Ljava/lang/Object;)Ljava/lang/Object; @ 1
Event: 10,433 Thread 0x00007f8af400a800 Uncommon trap: reason=class_check action=maybe_recompile pc=0x00007f8af1175464 method=org.jruby.runtime.ivars.VariableAccessor.get(Ljava/lang/Object;)Ljava/lang/Object; @ 1
Event: 10,433 Thread 0x00007f8af400a800 Uncommon trap: reason=class_check action=maybe_recompile pc=0x00007f8af1175464 method=org.jruby.runtime.ivars.VariableAccessor.get(Ljava/lang/Object;)Ljava/lang/Object; @ 1
Event: 10,434 Thread 0x00007f8af400a800 Uncommon trap: reason=bimorphic action=maybe_recompile pc=0x00007f8af117eb88 method=org.jruby.RubyClass.allocate()Lorg/jruby/runtime/builtin/IRubyObject; @ 54
Event: 10,434 Thread 0x00007f8af400a800 Uncommon trap: reason=bimorphic action=maybe_recompile pc=0x00007f8af117eb88 method=org.jruby.RubyClass.allocate()Lorg/jruby/runtime/builtin/IRubyObject; @ 54

Internal exceptions (10 events):
Event: 8,988 Thread 0x00007f8af400a800 Threw 0x00000000f5c7b868 at /build/buildd/openjdk-7-7u51-2.4.4/build/openjdk/hotspot/src/share/vm/prims/jvm.cpp:1244
Event: 8,988 Thread 0x00007f8af400a800 Threw 0x00000000f5c7c318 at /build/buildd/openjdk-7-7u51-2.4.4/build/openjdk/hotspot/src/share/vm/prims/jvm.cpp:1244
Event: 8,991 Thread 0x00007f8af400a800 Threw 0x00000000f5c87f20 at /build/buildd/openjdk-7-7u51-2.4.4/build/openjdk/hotspot/src/share/vm/prims/jvm.cpp:1244
Event: 8,991 Thread 0x00007f8af400a800 Threw 0x00000000f5c89fe0 at /build/buildd/openjdk-7-7u51-2.4.4/build/openjdk/hotspot/src/share/vm/prims/jvm.cpp:1244
Event: 8,991 Thread 0x00007f8af400a800 Threw 0x00000000f5c8aa90 at /build/buildd/openjdk-7-7u51-2.4.4/build/openjdk/hotspot/src/share/vm/prims/jvm.cpp:1244
Event: 8,991 Thread 0x00007f8af400a800 Threw 0x00000000f5c8c930 at /build/buildd/openjdk-7-7u51-2.4.4/build/openjdk/hotspot/src/share/vm/prims/jvm.cpp:1244
Event: 8,991 Thread 0x00007f8af400a800 Threw 0x00000000f5c8e9f0 at /build/buildd/openjdk-7-7u51-2.4.4/build/openjdk/hotspot/src/share/vm/prims/jvm.cpp:1244
Event: 8,992 Thread 0x00007f8af400a800 Threw 0x00000000f5c8f4a0 at /build/buildd/openjdk-7-7u51-2.4.4/build/openjdk/hotspot/src/share/vm/prims/jvm.cpp:1244
Event: 10,449 Thread 0x00007f8af4449800 Threw 0x00000000f5a2bf30 at /build/buildd/openjdk-7-7u51-2.4.4/build/openjdk/hotspot/src/share/vm/prims/jvm.cpp:1244
Event: 10,449 Thread 0x00007f8af4449800 Threw 0x00000000f5a2d948 at /build/buildd/openjdk-7-7u51-2.4.4/build/openjdk/hotspot/src/share/vm/prims/jvm.cpp:1244

Events (10 events):
Event: 10,433 Thread 0x00007f8af400a800 DEOPT PACKING pc=0x00007f8af1175464 sp=0x00007f8afa028270
Event: 10,433 Thread 0x00007f8af400a800 DEOPT UNPACKING pc=0x00007f8af1039045 sp=0x00007f8afa028238 mode 2
Event: 10,434 Thread 0x00007f8af400a800 Uncommon trap: trap_request=0xffffffc6 fr.pc=0x00007f8af117eb88
Event: 10,434 Thread 0x00007f8af400a800 DEOPT PACKING pc=0x00007f8af117eb88 sp=0x00007f8afa028660
Event: 10,434 Thread 0x00007f8af400a800 DEOPT UNPACKING pc=0x00007f8af1039045 sp=0x00007f8afa028650 mode 2
Event: 10,434 Thread 0x00007f8af400a800 Uncommon trap: trap_request=0xffffffc6 fr.pc=0x00007f8af117eb88
Event: 10,434 Thread 0x00007f8af400a800 DEOPT PACKING pc=0x00007f8af117eb88 sp=0x00007f8afa028660
Event: 10,434 Thread 0x00007f8af400a800 DEOPT UNPACKING pc=0x00007f8af1039045 sp=0x00007f8afa028650 mode 2
Event: 10,448 loading class 0x00007f8aa4001890
Event: 10,448 loading class 0x00007f8aa4001890 done


Dynamic libraries:
00400000-00401000 r-xp 00000000 08:01 15861394                           /usr/lib/jvm/java-7-openjdk-amd64/jre/bin/java
00600000-00601000 r--p 00000000 08:01 15861394                           /usr/lib/jvm/java-7-openjdk-amd64/jre/bin/java
00601000-00602000 rw-p 00001000 08:01 15861394                           /usr/lib/jvm/java-7-openjdk-amd64/jre/bin/java
006b0000-006d1000 rw-p 00000000 00:00 0                                  [heap]
d6600000-d7f00000 rw-p 00000000 00:00 0 
d7f00000-e0c00000 rw-p 00000000 00:00 0 
e0c00000-e3180000 rw-p 00000000 00:00 0 
e3180000-f5900000 rw-p 00000000 00:00 0 
f5900000-f7b00000 rw-p 00000000 00:00 0 
f7b00000-100000000 rw-p 00000000 00:00 0 
7f8aa4000000-7f8aa4021000 rw-p 00000000 00:00 0 
7f8aa4021000-7f8aa8000000 ---p 00000000 00:00 0 
7f8aa8000000-7f8aa8021000 rw-p 00000000 00:00 0 
7f8aa8021000-7f8aac000000 ---p 00000000 00:00 0 
7f8aac000000-7f8aac021000 rw-p 00000000 00:00 0 
7f8aac021000-7f8ab0000000 ---p 00000000 00:00 0 
7f8ab0000000-7f8ab0021000 rw-p 00000000 00:00 0 
7f8ab0021000-7f8ab4000000 ---p 00000000 00:00 0 
7f8ab4000000-7f8ab4021000 rw-p 00000000 00:00 0 
7f8ab4021000-7f8ab8000000 ---p 00000000 00:00 0 
7f8ab8000000-7f8ab8027000 rw-p 00000000 00:00 0 
7f8ab8027000-7f8abc000000 ---p 00000000 00:00 0 
7f8abc000000-7f8abcd16000 rw-p 00000000 00:00 0 
7f8abcd16000-7f8ac0000000 ---p 00000000 00:00 0 
7f8ac0000000-7f8ac0021000 rw-p 00000000 00:00 0 
7f8ac0021000-7f8ac4000000 ---p 00000000 00:00 0 
7f8ac4000000-7f8ac4021000 rw-p 00000000 00:00 0 
7f8ac4021000-7f8ac8000000 ---p 00000000 00:00 0 
7f8ac8000000-7f8ac8e87000 rw-p 00000000 00:00 0 
7f8ac8e87000-7f8acc000000 ---p 00000000 00:00 0 
7f8acc000000-7f8acc021000 rw-p 00000000 00:00 0 
7f8acc021000-7f8ad0000000 ---p 00000000 00:00 0 
7f8ad0000000-7f8ad0021000 rw-p 00000000 00:00 0 
7f8ad0021000-7f8ad4000000 ---p 00000000 00:00 0 
7f8ad4000000-7f8ad4021000 rw-p 00000000 00:00 0 
7f8ad4021000-7f8ad8000000 ---p 00000000 00:00 0 
7f8adafee000-7f8adafef000 r-xp 00000000 08:01 13893852                   /home/alex/Documents/8vo_Semestre/Geometría Computacional/Lab/practica02p1/src/lib/libintersection.so
7f8adafef000-7f8adb1ef000 ---p 00001000 08:01 13893852                   /home/alex/Documents/8vo_Semestre/Geometría Computacional/Lab/practica02p1/src/lib/libintersection.so
7f8adb1ef000-7f8adb1f0000 r--p 00001000 08:01 13893852                   /home/alex/Documents/8vo_Semestre/Geometría Computacional/Lab/practica02p1/src/lib/libintersection.so
7f8adb1f0000-7f8adb1f1000 rw-p 00002000 08:01 13893852                   /home/alex/Documents/8vo_Semestre/Geometría Computacional/Lab/practica02p1/src/lib/libintersection.so
7f8adb1f1000-7f8adb1f4000 r-xp 00000000 08:01 13893851                   /home/alex/Documents/8vo_Semestre/Geometría Computacional/Lab/practica02p1/src/lib/librb_tree.so
7f8adb1f4000-7f8adb3f3000 ---p 00003000 08:01 13893851                   /home/alex/Documents/8vo_Semestre/Geometría Computacional/Lab/practica02p1/src/lib/librb_tree.so
7f8adb3f3000-7f8adb3f4000 r--p 00002000 08:01 13893851                   /home/alex/Documents/8vo_Semestre/Geometría Computacional/Lab/practica02p1/src/lib/librb_tree.so
7f8adb3f4000-7f8adb3f5000 rw-p 00003000 08:01 13893851                   /home/alex/Documents/8vo_Semestre/Geometría Computacional/Lab/practica02p1/src/lib/librb_tree.so
7f8adb3f5000-7f8adb3f7000 r-xp 00000000 08:01 13893850                   /home/alex/Documents/8vo_Semestre/Geometría Computacional/Lab/practica02p1/src/lib/libdouble_linked_list.so
7f8adb3f7000-7f8adb5f6000 ---p 00002000 08:01 13893850                   /home/alex/Documents/8vo_Semestre/Geometría Computacional/Lab/practica02p1/src/lib/libdouble_linked_list.so
7f8adb5f6000-7f8adb5f7000 r--p 00001000 08:01 13893850                   /home/alex/Documents/8vo_Semestre/Geometría Computacional/Lab/practica02p1/src/lib/libdouble_linked_list.so
7f8adb5f7000-7f8adb5f8000 rw-p 00002000 08:01 13893850                   /home/alex/Documents/8vo_Semestre/Geometría Computacional/Lab/practica02p1/src/lib/libdouble_linked_list.so
7f8adb5f8000-7f8adb5f9000 r-xp 00000000 08:01 13893835                   /home/alex/Documents/8vo_Semestre/Geometría Computacional/Lab/practica02p1/src/lib/libhalf_edge.so
7f8adb5f9000-7f8adb7f9000 ---p 00001000 08:01 13893835                   /home/alex/Documents/8vo_Semestre/Geometría Computacional/Lab/practica02p1/src/lib/libhalf_edge.so
7f8adb7f9000-7f8adb7fa000 r--p 00001000 08:01 13893835                   /home/alex/Documents/8vo_Semestre/Geometría Computacional/Lab/practica02p1/src/lib/libhalf_edge.so
7f8adb7fa000-7f8adb7fb000 rw-p 00002000 08:01 13893835                   /home/alex/Documents/8vo_Semestre/Geometría Computacional/Lab/practica02p1/src/lib/libhalf_edge.so
7f8adb7fb000-7f8adb7fc000 r-xp 00000000 08:01 13893834                   /home/alex/Documents/8vo_Semestre/Geometría Computacional/Lab/practica02p1/src/lib/lib2d_points.so
7f8adb7fc000-7f8adb9fb000 ---p 00001000 08:01 13893834                   /home/alex/Documents/8vo_Semestre/Geometría Computacional/Lab/practica02p1/src/lib/lib2d_points.so
7f8adb9fb000-7f8adb9fc000 r--p 00000000 08:01 13893834                   /home/alex/Documents/8vo_Semestre/Geometría Computacional/Lab/practica02p1/src/lib/lib2d_points.so
7f8adb9fc000-7f8adb9fd000 rw-p 00001000 08:01 13893834                   /home/alex/Documents/8vo_Semestre/Geometría Computacional/Lab/practica02p1/src/lib/lib2d_points.so
7f8adb9fd000-7f8adba00000 ---p 00000000 00:00 0 
7f8adba00000-7f8adbbfe000 rw-p 00000000 00:00 0 
7f8adbbfe000-7f8adbc01000 ---p 00000000 00:00 0 
7f8adbc01000-7f8adbdff000 rw-p 00000000 00:00 0                          [stack:28268]
7f8adbdff000-7f8adbe02000 ---p 00000000 00:00 0 
7f8adbe02000-7f8adc000000 rw-p 00000000 00:00 0 
7f8adc000000-7f8adc021000 rw-p 00000000 00:00 0 
7f8adc021000-7f8ae0000000 ---p 00000000 00:00 0 
7f8ae0000000-7f8ae0031000 rw-p 00000000 00:00 0 
7f8ae0031000-7f8ae4000000 ---p 00000000 00:00 0 
7f8ae4000000-7f8ae4021000 rw-p 00000000 00:00 0 
7f8ae4021000-7f8ae8000000 ---p 00000000 00:00 0 
7f8ae81b8000-7f8ae81bb000 ---p 00000000 00:00 0 
7f8ae81bb000-7f8ae83b9000 rw-p 00000000 00:00 0                          [stack:28145]
7f8ae83b9000-7f8ae83cb000 r-xp 00000000 08:01 12059135                   /home/alex/.rbenv/versions/jruby-1.7.10/lib/jni/x86_64-Linux/libjffi-1.2.so
7f8ae83cb000-7f8ae85ca000 ---p 00012000 08:01 12059135                   /home/alex/.rbenv/versions/jruby-1.7.10/lib/jni/x86_64-Linux/libjffi-1.2.so
7f8ae85ca000-7f8ae85cb000 rw-p 00011000 08:01 12059135                   /home/alex/.rbenv/versions/jruby-1.7.10/lib/jni/x86_64-Linux/libjffi-1.2.so
7f8ae85cb000-7f8ae85db000 r-xp 00000000 08:01 15861288                   /usr/lib/jvm/java-7-openjdk-amd64/jre/lib/amd64/libnio.so
7f8ae85db000-7f8ae87db000 ---p 00010000 08:01 15861288                   /usr/lib/jvm/java-7-openjdk-amd64/jre/lib/amd64/libnio.so
7f8ae87db000-7f8ae87dc000 r--p 00010000 08:01 15861288                   /usr/lib/jvm/java-7-openjdk-amd64/jre/lib/amd64/libnio.so
7f8ae87dc000-7f8ae87dd000 rw-p 00011000 08:01 15861288                   /usr/lib/jvm/java-7-openjdk-amd64/jre/lib/amd64/libnio.so
7f8ae87dd000-7f8ae881a000 r-xp 00000000 08:01 8130434                    /lib/x86_64-linux-gnu/libpcre.so.3.13.1
7f8ae881a000-7f8ae8a1a000 ---p 0003d000 08:01 8130434                    /lib/x86_64-linux-gnu/libpcre.so.3.13.1
7f8ae8a1a000-7f8ae8a1b000 r--p 0003d000 08:01 8130434                    /lib/x86_64-linux-gnu/libpcre.so.3.13.1
7f8ae8a1b000-7f8ae8a1c000 rw-p 0003e000 08:01 8130434                    /lib/x86_64-linux-gnu/libpcre.so.3.13.1
7f8ae8a1c000-7f8ae8a23000 r-xp 00000000 08:01 15735894                   /usr/lib/x86_64-linux-gnu/libffi.so.6.0.1
7f8ae8a23000-7f8ae8c22000 ---p 00007000 08:01 15735894                   /usr/lib/x86_64-linux-gnu/libffi.so.6.0.1
7f8ae8c22000-7f8ae8c23000 r--p 00006000 08:01 15735894                   /usr/lib/x86_64-linux-gnu/libffi.so.6.0.1
7f8ae8c23000-7f8ae8c24000 rw-p 00007000 08:01 15735894                   /usr/lib/x86_64-linux-gnu/libffi.so.6.0.1
7f8ae8c24000-7f8ae8c3a000 r-xp 00000000 08:01 8130457                    /lib/x86_64-linux-gnu/libresolv-2.17.so
7f8ae8c3a000-7f8ae8e3a000 ---p 00016000 08:01 8130457                    /lib/x86_64-linux-gnu/libresolv-2.17.so
7f8ae8e3a000-7f8ae8e3b000 r--p 00016000 08:01 8130457                    /lib/x86_64-linux-gnu/libresolv-2.17.so
7f8ae8e3b000-7f8ae8e3c000 rw-p 00017000 08:01 8130457                    /lib/x86_64-linux-gnu/libresolv-2.17.so
7f8ae8e3c000-7f8ae8e3e000 rw-p 00000000 00:00 0 
7f8ae8e3e000-7f8ae8e5d000 r-xp 00000000 08:01 8130461                    /lib/x86_64-linux-gnu/libselinux.so.1
7f8ae8e5d000-7f8ae905d000 ---p 0001f000 08:01 8130461                    /lib/x86_64-linux-gnu/libselinux.so.1
7f8ae905d000-7f8ae905e000 r--p 0001f000 08:01 8130461                    /lib/x86_64-linux-gnu/libselinux.so.1
7f8ae905e000-7f8ae905f000 rw-p 00020000 08:01 8130461                    /lib/x86_64-linux-gnu/libselinux.so.1
7f8ae905f000-7f8ae9060000 rw-p 00000000 00:00 0 
7f8ae9060000-7f8ae9063000 r-xp 00000000 08:01 15729078                   /usr/lib/x86_64-linux-gnu/libgmodule-2.0.so.0.3800.1
7f8ae9063000-7f8ae9262000 ---p 00003000 08:01 15729078                   /usr/lib/x86_64-linux-gnu/libgmodule-2.0.so.0.3800.1
7f8ae9262000-7f8ae9263000 r--p 00002000 08:01 15729078                   /usr/lib/x86_64-linux-gnu/libgmodule-2.0.so.0.3800.1
7f8ae9263000-7f8ae9264000 rw-p 00003000 08:01 15729078                   /usr/lib/x86_64-linux-gnu/libgmodule-2.0.so.0.3800.1
7f8ae9264000-7f8ae9362000 r-xp 00000000 08:01 8130449                    /lib/x86_64-linux-gnu/libglib-2.0.so.0.3800.1
7f8ae9362000-7f8ae9562000 ---p 000fe000 08:01 8130449                    /lib/x86_64-linux-gnu/libglib-2.0.so.0.3800.1
7f8ae9562000-7f8ae9563000 r--p 000fe000 08:01 8130449                    /lib/x86_64-linux-gnu/libglib-2.0.so.0.3800.1
7f8ae9563000-7f8ae9564000 rw-p 000ff000 08:01 8130449                    /lib/x86_64-linux-gnu/libglib-2.0.so.0.3800.1
7f8ae9564000-7f8ae9565000 rw-p 00000000 00:00 0 
7f8ae9565000-7f8ae95b4000 r-xp 00000000 08:01 15729069                   /usr/lib/x86_64-linux-gnu/libgobject-2.0.so.0.3800.1
7f8ae95b4000-7f8ae97b4000 ---p 0004f000 08:01 15729069                   /usr/lib/x86_64-linux-gnu/libgobject-2.0.so.0.3800.1
7f8ae97b4000-7f8ae97b5000 r--p 0004f000 08:01 15729069                   /usr/lib/x86_64-linux-gnu/libgobject-2.0.so.0.3800.1
7f8ae97b5000-7f8ae97b6000 rw-p 00050000 08:01 15729069                   /usr/lib/x86_64-linux-gnu/libgobject-2.0.so.0.3800.1
7f8ae97b6000-7f8ae9912000 r-xp 00000000 08:01 15729043                   /usr/lib/x86_64-linux-gnu/libgio-2.0.so.0.3800.1
7f8ae9912000-7f8ae9b11000 ---p 0015c000 08:01 15729043                   /usr/lib/x86_64-linux-gnu/libgio-2.0.so.0.3800.1
7f8ae9b11000-7f8ae9b15000 r--p 0015b000 08:01 15729043                   /usr/lib/x86_64-linux-gnu/libgio-2.0.so.0.3800.1
7f8ae9b15000-7f8ae9b17000 rw-p 0015f000 08:01 15729043                   /usr/lib/x86_64-linux-gnu/libgio-2.0.so.0.3800.1
7f8ae9b17000-7f8ae9b19000 rw-p 00000000 00:00 0 
7f8ae9b19000-7f8ae9b2f000 r-xp 00000000 08:01 15861076                   /usr/lib/jvm/java-7-openjdk-amd64/jre/lib/amd64/libnet.so
7f8ae9b2f000-7f8ae9d2e000 ---p 00016000 08:01 15861076                   /usr/lib/jvm/java-7-openjdk-amd64/jre/lib/amd64/libnet.so
7f8ae9d2e000-7f8ae9d2f000 r--p 00015000 08:01 15861076                   /usr/lib/jvm/java-7-openjdk-amd64/jre/lib/amd64/libnet.so
7f8ae9d2f000-7f8ae9d30000 rw-p 00016000 08:01 15861076                   /usr/lib/jvm/java-7-openjdk-amd64/jre/lib/amd64/libnet.so
7f8ae9d30000-7f8ae9d31000 ---p 00000000 00:00 0 
7f8ae9d31000-7f8ae9e31000 rw-p 00000000 00:00 0                          [stack:28144]
7f8ae9e31000-7f8ae9e34000 ---p 00000000 00:00 0 
7f8ae9e34000-7f8aea032000 rw-p 00000000 00:00 0                          [stack:28143]
7f8aea032000-7f8aea035000 ---p 00000000 00:00 0 
7f8aea035000-7f8aea133000 rw-p 00000000 00:00 0                          [stack:28142]
7f8aea133000-7f8aea136000 ---p 00000000 00:00 0 
7f8aea136000-7f8aea334000 rw-p 00000000 00:00 0                          [stack:28140]
7f8aea334000-7f8aea72e000 r--p 00000000 08:01 15734328                   /usr/lib/locale/locale-archive
7f8aea72e000-7f8aea731000 ---p 00000000 00:00 0 
7f8aea731000-7f8aea92f000 rw-p 00000000 00:00 0                          [stack:28139]
7f8aea92f000-7f8aea932000 ---p 00000000 00:00 0 
7f8aea932000-7f8aec000000 rw-p 00000000 00:00 0                          [stack:28138]
7f8aec000000-7f8aec021000 rw-p 00000000 00:00 0 
7f8aec021000-7f8af0000000 ---p 00000000 00:00 0 
7f8af00f1000-7f8af00f4000 ---p 00000000 00:00 0 
7f8af00f4000-7f8af01f2000 rw-p 00000000 00:00 0                          [stack:28141]
7f8af01f2000-7f8af01f3000 ---p 00000000 00:00 0 
7f8af01f3000-7f8af1000000 rw-p 00000000 00:00 0                          [stack:28137]
7f8af1000000-7f8af1270000 rwxp 00000000 00:00 0 
7f8af1270000-7f8af44df000 rw-p 00000000 00:00 0 
7f8af44df000-7f8af8000000 ---p 00000000 00:00 0 
7f8af8024000-7f8af8025000 rw-p 00000000 00:00 0 
7f8af8025000-7f8af8028000 ---p 00000000 00:00 0 
7f8af8028000-7f8af805e000 rw-p 00000000 00:00 0                          [stack:28148]
7f8af805e000-7f8af805f000 r-xp 00000000 00:00 0 
7f8af805f000-7f8af8066000 r--s 00000000 08:01 16127910                   /usr/lib/x86_64-linux-gnu/gconv/gconv-modules.cache
7f8af8066000-7f8af8068000 r--s 00012000 08:01 15861308                   /usr/lib/jvm/java-7-openjdk-amd64/jre/lib/ext/zipfs.jar
7f8af8068000-7f8af806b000 r--s 00032000 08:01 15861310                   /usr/lib/jvm/java-7-openjdk-amd64/jre/lib/ext/sunjce_provider.jar
7f8af806b000-7f8af806f000 r--s 00085000 08:01 15861304                   /usr/lib/jvm/java-7-openjdk-amd64/jre/lib/ext/localedata.jar
7f8af806f000-7f8af8071000 r--s 00006000 08:01 16256853                   /usr/share/java/java-atk-wrapper.jar
7f8af8071000-7f8af8072000 r--s 00002000 08:01 15861314                   /usr/lib/jvm/java-7-openjdk-amd64/jre/lib/ext/dnsns.jar
7f8af8072000-7f8af8075000 r--s 0000f000 08:01 15861306                   /usr/lib/jvm/java-7-openjdk-amd64/jre/lib/ext/pulse-java.jar
7f8af8075000-7f8af8079000 r--s 0003b000 08:01 15861316                   /usr/lib/jvm/java-7-openjdk-amd64/jre/lib/ext/sunpkcs11.jar
7f8af8079000-7f8af8328000 rw-p 00000000 00:00 0 
7f8af8328000-7f8af8411000 r--s 00bb9000 08:01 12059138                   /home/alex/.rbenv/versions/jruby-1.7.10/lib/jruby.jar
7f8af8411000-7f8af8459000 rw-p 00000000 00:00 0 
7f8af8459000-7f8af8607000 r--s 01cf4000 08:01 15861374                   /usr/lib/jvm/java-7-openjdk-amd64/jre/lib/rt.jar
7f8af8607000-7f8af884d000 rw-p 00000000 00:00 0 
7f8af884d000-7f8af884e000 ---p 00000000 00:00 0 
7f8af884e000-7f8af894e000 rw-p 00000000 00:00 0                          [stack:28136]
7f8af894e000-7f8af894f000 ---p 00000000 00:00 0 
7f8af894f000-7f8af8a4f000 rw-p 00000000 00:00 0                          [stack:28135]
7f8af8a4f000-7f8af8a50000 ---p 00000000 00:00 0 
7f8af8a50000-7f8af8b50000 rw-p 00000000 00:00 0                          [stack:28134]
7f8af8b50000-7f8af8b51000 ---p 00000000 00:00 0 
7f8af8b51000-7f8af8c5e000 rw-p 00000000 00:00 0                          [stack:28133]
7f8af8c5e000-7f8af8ca4000 rw-p 00000000 00:00 0 
7f8af8ca4000-7f8af8cb7000 rw-p 00000000 00:00 0 
7f8af8cb7000-7f8af8d4a000 rw-p 00000000 00:00 0 
7f8af8d4a000-7f8af8d5c000 rw-p 00000000 00:00 0 
7f8af8d5c000-7f8af8d9e000 rw-p 00000000 00:00 0 
7f8af8d9e000-7f8af8d9f000 rw-p 00000000 00:00 0 
7f8af8d9f000-7f8af8da7000 r-xp 00000000 08:01 15861025                   /usr/lib/jvm/java-7-openjdk-amd64/jre/lib/amd64/libzip.so
7f8af8da7000-7f8af8fa6000 ---p 00008000 08:01 15861025                   /usr/lib/jvm/java-7-openjdk-amd64/jre/lib/amd64/libzip.so
7f8af8fa6000-7f8af8fa7000 r--p 00007000 08:01 15861025                   /usr/lib/jvm/java-7-openjdk-amd64/jre/lib/amd64/libzip.so
7f8af8fa7000-7f8af8fa8000 rw-p 00008000 08:01 15861025                   /usr/lib/jvm/java-7-openjdk-amd64/jre/lib/amd64/libzip.so
7f8af8fa8000-7f8af8fb4000 r-xp 00000000 08:01 8130412                    /lib/x86_64-linux-gnu/libnss_files-2.17.so
7f8af8fb4000-7f8af91b3000 ---p 0000c000 08:01 8130412                    /lib/x86_64-linux-gnu/libnss_files-2.17.so
7f8af91b3000-7f8af91b4000 r--p 0000b000 08:01 8130412                    /lib/x86_64-linux-gnu/libnss_files-2.17.so
7f8af91b4000-7f8af91b5000 rw-p 0000c000 08:01 8130412                    /lib/x86_64-linux-gnu/libnss_files-2.17.so
7f8af91b5000-7f8af91c0000 r-xp 00000000 08:01 8130416                    /lib/x86_64-linux-gnu/libnss_nis-2.17.so
7f8af91c0000-7f8af93bf000 ---p 0000b000 08:01 8130416                    /lib/x86_64-linux-gnu/libnss_nis-2.17.so
7f8af93bf000-7f8af93c0000 r--p 0000a000 08:01 8130416                    /lib/x86_64-linux-gnu/libnss_nis-2.17.so
7f8af93c0000-7f8af93c1000 rw-p 0000b000 08:01 8130416                    /lib/x86_64-linux-gnu/libnss_nis-2.17.so
7f8af93c1000-7f8af93d8000 r-xp 00000000 08:01 8130406                    /lib/x86_64-linux-gnu/libnsl-2.17.so
7f8af93d8000-7f8af95d7000 ---p 00017000 08:01 8130406                    /lib/x86_64-linux-gnu/libnsl-2.17.so
7f8af95d7000-7f8af95d8000 r--p 00016000 08:01 8130406                    /lib/x86_64-linux-gnu/libnsl-2.17.so
7f8af95d8000-7f8af95d9000 rw-p 00017000 08:01 8130406                    /lib/x86_64-linux-gnu/libnsl-2.17.so
7f8af95d9000-7f8af95db000 rw-p 00000000 00:00 0 
7f8af95db000-7f8af95e3000 r-xp 00000000 08:01 8130408                    /lib/x86_64-linux-gnu/libnss_compat-2.17.so
7f8af95e3000-7f8af97e2000 ---p 00008000 08:01 8130408                    /lib/x86_64-linux-gnu/libnss_compat-2.17.so
7f8af97e2000-7f8af97e3000 r--p 00007000 08:01 8130408                    /lib/x86_64-linux-gnu/libnss_compat-2.17.so
7f8af97e3000-7f8af97e4000 rw-p 00008000 08:01 8130408                    /lib/x86_64-linux-gnu/libnss_compat-2.17.so
7f8af97e4000-7f8af980f000 r-xp 00000000 08:01 15860951                   /usr/lib/jvm/java-7-openjdk-amd64/jre/lib/amd64/libjava.so
7f8af980f000-7f8af9a0e000 ---p 0002b000 08:01 15860951                   /usr/lib/jvm/java-7-openjdk-amd64/jre/lib/amd64/libjava.so
7f8af9a0e000-7f8af9a0f000 r--p 0002a000 08:01 15860951                   /usr/lib/jvm/java-7-openjdk-amd64/jre/lib/amd64/libjava.so
7f8af9a0f000-7f8af9a11000 rw-p 0002b000 08:01 15860951                   /usr/lib/jvm/java-7-openjdk-amd64/jre/lib/amd64/libjava.so
7f8af9a11000-7f8af9a21000 r-xp 00000000 08:01 15861265                   /usr/lib/jvm/java-7-openjdk-amd64/jre/lib/amd64/libverify.so
7f8af9a21000-7f8af9c20000 ---p 00010000 08:01 15861265                   /usr/lib/jvm/java-7-openjdk-amd64/jre/lib/amd64/libverify.so
7f8af9c20000-7f8af9c22000 r--p 0000f000 08:01 15861265                   /usr/lib/jvm/java-7-openjdk-amd64/jre/lib/amd64/libverify.so
7f8af9c22000-7f8af9c23000 rw-p 00011000 08:01 15861265                   /usr/lib/jvm/java-7-openjdk-amd64/jre/lib/amd64/libverify.so
7f8af9c23000-7f8af9c2a000 r-xp 00000000 08:01 8130459                    /lib/x86_64-linux-gnu/librt-2.17.so
7f8af9c2a000-7f8af9e29000 ---p 00007000 08:01 8130459                    /lib/x86_64-linux-gnu/librt-2.17.so
7f8af9e29000-7f8af9e2a000 r--p 00006000 08:01 8130459                    /lib/x86_64-linux-gnu/librt-2.17.so
7f8af9e2a000-7f8af9e2b000 rw-p 00007000 08:01 8130459                    /lib/x86_64-linux-gnu/librt-2.17.so
7f8af9e2b000-7f8af9e2e000 ---p 00000000 00:00 0 
7f8af9e2e000-7f8afa02c000 rw-p 00000000 00:00 0                          [stack:28132]
7f8afa02c000-7f8afa041000 r-xp 00000000 08:01 8126477                    /lib/x86_64-linux-gnu/libgcc_s.so.1
7f8afa041000-7f8afa240000 ---p 00015000 08:01 8126477                    /lib/x86_64-linux-gnu/libgcc_s.so.1
7f8afa240000-7f8afa241000 r--p 00014000 08:01 8126477                    /lib/x86_64-linux-gnu/libgcc_s.so.1
7f8afa241000-7f8afa242000 rw-p 00015000 08:01 8126477                    /lib/x86_64-linux-gnu/libgcc_s.so.1
7f8afa242000-7f8afa345000 r-xp 00000000 08:01 8130387                    /lib/x86_64-linux-gnu/libm-2.17.so
7f8afa345000-7f8afa544000 ---p 00103000 08:01 8130387                    /lib/x86_64-linux-gnu/libm-2.17.so
7f8afa544000-7f8afa545000 r--p 00102000 08:01 8130387                    /lib/x86_64-linux-gnu/libm-2.17.so
7f8afa545000-7f8afa546000 rw-p 00103000 08:01 8130387                    /lib/x86_64-linux-gnu/libm-2.17.so
7f8afa546000-7f8afa62c000 r-xp 00000000 08:01 15729831                   /usr/lib/x86_64-linux-gnu/libstdc++.so.6.0.18
7f8afa62c000-7f8afa82b000 ---p 000e6000 08:01 15729831                   /usr/lib/x86_64-linux-gnu/libstdc++.so.6.0.18
7f8afa82b000-7f8afa833000 r--p 000e5000 08:01 15729831                   /usr/lib/x86_64-linux-gnu/libstdc++.so.6.0.18
7f8afa833000-7f8afa835000 rw-p 000ed000 08:01 15729831                   /usr/lib/x86_64-linux-gnu/libstdc++.so.6.0.18
7f8afa835000-7f8afa84a000 rw-p 00000000 00:00 0 
7f8afa84a000-7f8afb329000 r-xp 00000000 08:01 15861284                   /usr/lib/jvm/java-7-openjdk-amd64/jre/lib/amd64/server/libjvm.so
7f8afb329000-7f8afb528000 ---p 00adf000 08:01 15861284                   /usr/lib/jvm/java-7-openjdk-amd64/jre/lib/amd64/server/libjvm.so
7f8afb528000-7f8afb5ba000 r--p 00ade000 08:01 15861284                   /usr/lib/jvm/java-7-openjdk-amd64/jre/lib/amd64/server/libjvm.so
7f8afb5ba000-7f8afb5dd000 rw-p 00b70000 08:01 15861284                   /usr/lib/jvm/java-7-openjdk-amd64/jre/lib/amd64/server/libjvm.so
7f8afb5dd000-7f8afb60a000 rw-p 00000000 00:00 0 
7f8afb60a000-7f8afb622000 r-xp 00000000 08:01 8130494                    /lib/x86_64-linux-gnu/libz.so.1.2.8
7f8afb622000-7f8afb821000 ---p 00018000 08:01 8130494                    /lib/x86_64-linux-gnu/libz.so.1.2.8
7f8afb821000-7f8afb822000 r--p 00017000 08:01 8130494                    /lib/x86_64-linux-gnu/libz.so.1.2.8
7f8afb822000-7f8afb823000 rw-p 00018000 08:01 8130494                    /lib/x86_64-linux-gnu/libz.so.1.2.8
7f8afb823000-7f8afb83a000 r-xp 00000000 08:01 8130451                    /lib/x86_64-linux-gnu/libpthread-2.17.so
7f8afb83a000-7f8afba3a000 ---p 00017000 08:01 8130451                    /lib/x86_64-linux-gnu/libpthread-2.17.so
7f8afba3a000-7f8afba3b000 r--p 00017000 08:01 8130451                    /lib/x86_64-linux-gnu/libpthread-2.17.so
7f8afba3b000-7f8afba3c000 rw-p 00018000 08:01 8130451                    /lib/x86_64-linux-gnu/libpthread-2.17.so
7f8afba3c000-7f8afba40000 rw-p 00000000 00:00 0 
7f8afba40000-7f8afba43000 r-xp 00000000 08:01 8130351                    /lib/x86_64-linux-gnu/libdl-2.17.so
7f8afba43000-7f8afbc42000 ---p 00003000 08:01 8130351                    /lib/x86_64-linux-gnu/libdl-2.17.so
7f8afbc42000-7f8afbc43000 r--p 00002000 08:01 8130351                    /lib/x86_64-linux-gnu/libdl-2.17.so
7f8afbc43000-7f8afbc44000 rw-p 00003000 08:01 8130351                    /lib/x86_64-linux-gnu/libdl-2.17.so
7f8afbc44000-7f8afbe01000 r-xp 00000000 08:01 8130336                    /lib/x86_64-linux-gnu/libc-2.17.so
7f8afbe01000-7f8afc001000 ---p 001bd000 08:01 8130336                    /lib/x86_64-linux-gnu/libc-2.17.so
7f8afc001000-7f8afc005000 r--p 001bd000 08:01 8130336                    /lib/x86_64-linux-gnu/libc-2.17.so
7f8afc005000-7f8afc007000 rw-p 001c1000 08:01 8130336                    /lib/x86_64-linux-gnu/libc-2.17.so
7f8afc007000-7f8afc00c000 rw-p 00000000 00:00 0 
7f8afc00c000-7f8afc019000 r-xp 00000000 08:01 15861291                   /usr/lib/jvm/java-7-openjdk-amd64/jre/lib/amd64/jli/libjli.so
7f8afc019000-7f8afc218000 ---p 0000d000 08:01 15861291                   /usr/lib/jvm/java-7-openjdk-amd64/jre/lib/amd64/jli/libjli.so
7f8afc218000-7f8afc219000 r--p 0000c000 08:01 15861291                   /usr/lib/jvm/java-7-openjdk-amd64/jre/lib/amd64/jli/libjli.so
7f8afc219000-7f8afc21a000 rw-p 0000d000 08:01 15861291                   /usr/lib/jvm/java-7-openjdk-amd64/jre/lib/amd64/jli/libjli.so
7f8afc21a000-7f8afc23d000 r-xp 00000000 08:01 8130312                    /lib/x86_64-linux-gnu/ld-2.17.so
7f8afc23d000-7f8afc242000 r--s 0004c000 08:01 15861296                   /usr/lib/jvm/java-7-openjdk-amd64/jre/lib/jsse.jar
7f8afc242000-7f8afc270000 rw-p 00000000 00:00 0 
7f8afc270000-7f8afc2b6000 rw-p 00000000 00:00 0 
7f8afc2b6000-7f8afc2c9000 rw-p 00000000 00:00 0 
7f8afc2c9000-7f8afc35d000 rw-p 00000000 00:00 0 
7f8afc35d000-7f8afc367000 rw-p 00000000 00:00 0 
7f8afc367000-7f8afc41d000 rw-p 00000000 00:00 0 
7f8afc41d000-7f8afc430000 rw-p 00000000 00:00 0 
7f8afc430000-7f8afc438000 rw-s 00000000 08:01 5767366                    /tmp/hsperfdata_alex/28107
7f8afc438000-7f8afc439000 rw-p 00000000 00:00 0 
7f8afc439000-7f8afc43a000 r--p 00000000 00:00 0 
7f8afc43a000-7f8afc43c000 rw-p 00000000 00:00 0 
7f8afc43c000-7f8afc43d000 r--p 00022000 08:01 8130312                    /lib/x86_64-linux-gnu/ld-2.17.so
7f8afc43d000-7f8afc43f000 rw-p 00023000 08:01 8130312                    /lib/x86_64-linux-gnu/ld-2.17.so
7fff2660e000-7fff2662f000 rw-p 00000000 00:00 0                          [stack]
7fff2668f000-7fff26691000 r-xp 00000000 00:00 0                          [vdso]
ffffffffff600000-ffffffffff601000 r-xp 00000000 00:00 0                  [vsyscall]

VM Arguments:
jvm_args: -Djdk.home= -Djruby.home=/home/alex/.rbenv/versions/jruby-1.7.10 -Djruby.script=jruby -Djruby.shell=/bin/sh -Djffi.boot.library.path=/home/alex/.rbenv/versions/jruby-1.7.10/lib/jni:/home/alex/.rbenv/versions/jruby-1.7.10/lib/jni/i386-Linux:/home/alex/.rbenv/versions/jruby-1.7.10/lib/jni/arm-Linux:/home/alex/.rbenv/versions/jruby-1.7.10/lib/jni/x86_64-Linux -Xmx500m -Xss2048k -Xbootclasspath/a:/home/alex/.rbenv/versions/jruby-1.7.10/lib/jruby.jar 
java_command: org/jruby/Main Makefile.rb clean compile test clean
Launcher Type: SUN_STANDARD

Environment Variables:
PATH=/home/alex/.rbenv/versions/jruby-1.7.10/bin:/home/alex/.rbenv/libexec:/home/alex/.rbenv/plugins/ruby-build/bin:/home/alex/.rbenv/shims:~/.rbenv/bin:~/.rbenv/bin:/usr/local/sbin:/usr/local/bin:/usr/sbin:/usr/bin:/sbin:/bin:/usr/games:/usr/local/games
USERNAME=alex
SHELL=/bin/bash
DISPLAY=:0

Signal Handlers:
SIGSEGV: [libjvm.so+0x916ea0], sa_mask[0]=0x7ffbfeff, sa_flags=0x10000004
SIGBUS: [libjvm.so+0x916ea0], sa_mask[0]=0x7ffbfeff, sa_flags=0x10000004
SIGFPE: [libjvm.so+0x794800], sa_mask[0]=0x7ffbfeff, sa_flags=0x10000004
SIGPIPE: [libjvm.so+0x794800], sa_mask[0]=0x7ffbfeff, sa_flags=0x10000004
SIGXFSZ: [libjvm.so+0x794800], sa_mask[0]=0x7ffbfeff, sa_flags=0x10000004
SIGILL: [libjvm.so+0x794800], sa_mask[0]=0x7ffbfeff, sa_flags=0x10000004
SIGUSR1: SIG_DFL, sa_mask[0]=0x00000000, sa_flags=0x00000000
SIGUSR2: [libjvm.so+0x7946a0], sa_mask[0]=0x00000000, sa_flags=0x10000004
SIGHUP: [libjvm.so+0x794880], sa_mask[0]=0x7ffbfeff, sa_flags=0x10000004
SIGINT: [libjvm.so+0x794880], sa_mask[0]=0x7ffbfeff, sa_flags=0x10000004
SIGTERM: [libjvm.so+0x794880], sa_mask[0]=0x7ffbfeff, sa_flags=0x10000004
SIGQUIT: [libjvm.so+0x794880], sa_mask[0]=0x7ffbfeff, sa_flags=0x10000004


---------------  S Y S T E M  ---------------

OS:LinuxMint 16 (petra)
uname:Linux 3.11.0-12-generic #19-Ubuntu SMP Wed Oct 9 16:20:46 UTC 2013 x86_64
libc:glibc 2.17 NPTL 2.17 
rlimit: STACK 8192k, CORE 0k, NPROC 28798, NOFILE 4096, AS infinity
load average:1,23 0,74 0,63

/proc/meminfo:
MemTotal:        3715476 kB
MemFree:         1076660 kB
Buffers:          102280 kB
Cached:          1261720 kB
SwapCached:           28 kB
Active:          1574240 kB
Inactive:         869060 kB
Active(anon):     970388 kB
Inactive(anon):   347708 kB
Active(file):     603852 kB
Inactive(file):   521352 kB
Unevictable:          44 kB
Mlocked:              44 kB
SwapTotal:       3856380 kB
SwapFree:        3855740 kB
Dirty:               792 kB
Writeback:             0 kB
AnonPages:       1079344 kB
Mapped:           194244 kB
Shmem:            238796 kB
Slab:             115380 kB
SReclaimable:      87012 kB
SUnreclaim:        28368 kB
KernelStack:        3872 kB
PageTables:        28984 kB
NFS_Unstable:          0 kB
Bounce:                0 kB
WritebackTmp:          0 kB
CommitLimit:     5714116 kB
Committed_AS:    3826636 kB
VmallocTotal:   34359738367 kB
VmallocUsed:      414940 kB
VmallocChunk:   34359311484 kB
HardwareCorrupted:     0 kB
AnonHugePages:         0 kB
HugePages_Total:       0
HugePages_Free:        0
HugePages_Rsvd:        0
HugePages_Surp:        0
Hugepagesize:       2048 kB
DirectMap4k:       56528 kB
DirectMap2M:     3801088 kB


CPU:total 4 (2 cores per cpu, 2 threads per core) family 6 model 37 stepping 5, cmov, cx8, fxsr, mmx, sse, sse2, sse3, ssse3, sse4.1, sse4.2, popcnt, ht, tsc, tscinvbit

/proc/cpuinfo:
processor	: 0
vendor_id	: GenuineIntel
cpu family	: 6
model		: 37
model name	: Intel(R) Core(TM) i3 CPU       M 380  @ 2.53GHz
stepping	: 5
microcode	: 0x2
cpu MHz		: 933.000
cache size	: 3072 KB
physical id	: 0
siblings	: 4
core id		: 0
cpu cores	: 2
apicid		: 0
initial apicid	: 0
fpu		: yes
fpu_exception	: yes
cpuid level	: 11
wp		: yes
flags		: fpu vme de pse tsc msr pae mce cx8 apic sep mtrr pge mca cmov pat pse36 clflush dts acpi mmx fxsr sse sse2 ss ht tm pbe syscall nx rdtscp lm constant_tsc arch_perfmon pebs bts rep_good nopl xtopology nonstop_tsc aperfmperf pni dtes64 monitor ds_cpl vmx est tm2 ssse3 cx16 xtpr pdcm pcid sse4_1 sse4_2 popcnt lahf_lm arat dtherm tpr_shadow vnmi flexpriority ept vpid
bogomips	: 5054.41
clflush size	: 64
cache_alignment	: 64
address sizes	: 36 bits physical, 48 bits virtual
power management:

processor	: 1
vendor_id	: GenuineIntel
cpu family	: 6
model		: 37
model name	: Intel(R) Core(TM) i3 CPU       M 380  @ 2.53GHz
stepping	: 5
microcode	: 0x2
cpu MHz		: 933.000
cache size	: 3072 KB
physical id	: 0
siblings	: 4
core id		: 0
cpu cores	: 2
apicid		: 1
initial apicid	: 1
fpu		: yes
fpu_exception	: yes
cpuid level	: 11
wp		: yes
flags		: fpu vme de pse tsc msr pae mce cx8 apic sep mtrr pge mca cmov pat pse36 clflush dts acpi mmx fxsr sse sse2 ss ht tm pbe syscall nx rdtscp lm constant_tsc arch_perfmon pebs bts rep_good nopl xtopology nonstop_tsc aperfmperf pni dtes64 monitor ds_cpl vmx est tm2 ssse3 cx16 xtpr pdcm pcid sse4_1 sse4_2 popcnt lahf_lm arat dtherm tpr_shadow vnmi flexpriority ept vpid
bogomips	: 5054.41
clflush size	: 64
cache_alignment	: 64
address sizes	: 36 bits physical, 48 bits virtual
power management:

processor	: 2
vendor_id	: GenuineIntel
cpu family	: 6
model		: 37
model name	: Intel(R) Core(TM) i3 CPU       M 380  @ 2.53GHz
stepping	: 5
microcode	: 0x2
cpu MHz		: 933.000
cache size	: 3072 KB
physical id	: 0
siblings	: 4
core id		: 2
cpu cores	: 2
apicid		: 4
initial apicid	: 4
fpu		: yes
fpu_exception	: yes
cpuid level	: 11
wp		: yes
flags		: fpu vme de pse tsc msr pae mce cx8 apic sep mtrr pge mca cmov pat pse36 clflush dts acpi mmx fxsr sse sse2 ss ht tm pbe syscall nx rdtscp lm constant_tsc arch_perfmon pebs bts rep_good nopl xtopology nonstop_tsc aperfmperf pni dtes64 monitor ds_cpl vmx est tm2 ssse3 cx16 xtpr pdcm pcid sse4_1 sse4_2 popcnt lahf_lm arat dtherm tpr_shadow vnmi flexpriority ept vpid
bogomips	: 5054.41
clflush size	: 64
cache_alignment	: 64
address sizes	: 36 bits physical, 48 bits virtual
power management:

processor	: 3
vendor_id	: GenuineIntel
cpu family	: 6
model		: 37
model name	: Intel(R) Core(TM) i3 CPU       M 380  @ 2.53GHz
stepping	: 5
microcode	: 0x2
cpu MHz		: 933.000
cache size	: 3072 KB
physical id	: 0
siblings	: 4
core id		: 2
cpu cores	: 2
apicid		: 5
initial apicid	: 5
fpu		: yes
fpu_exception	: yes
cpuid level	: 11
wp		: yes
flags		: fpu vme de pse tsc msr pae mce cx8 apic sep mtrr pge mca cmov pat pse36 clflush dts acpi mmx fxsr sse sse2 ss ht tm pbe syscall nx rdtscp lm constant_tsc arch_perfmon pebs bts rep_good nopl xtopology nonstop_tsc aperfmperf pni dtes64 monitor ds_cpl vmx est tm2 ssse3 cx16 xtpr pdcm pcid sse4_1 sse4_2 popcnt lahf_lm arat dtherm tpr_shadow vnmi flexpriority ept vpid
bogomips	: 5054.41
clflush size	: 64
cache_alignment	: 64
address sizes	: 36 bits physical, 48 bits virtual
power management:



Memory: 4k page, physical 3715476k(1076660k free), swap 3856380k(3855740k free)

vm_info: OpenJDK 64-Bit Server VM (24.45-b08) for linux-amd64 JRE (1.7.0_51-b00), built on Jan 15 2014 22:02:57 by "buildd" with gcc 4.8.1

time: Mon Apr 21 23:48:54 2014
elapsed time: 10 seconds

