#
# A fatal error has been detected by the Java Runtime Environment:
#
#  SIGSEGV (0xb) at pc=0x00007fda1cb79a3f, pid=15135, tid=140575078504192
#
# JRE version: OpenJDK Runtime Environment (7.0_51) (build 1.7.0_51-b00)
# Java VM: OpenJDK 64-Bit Server VM (24.45-b08 mixed mode linux-amd64 compressed oops)
# Problematic frame:
# C  [libintersection.so+0xa3f]  find_intersections+0xaa
#
# Failed to write core dump. Core dumps have been disabled. To enable core dumping, try "ulimit -c unlimited" before starting Java again
#
# If you would like to submit a bug report, please include
# instructions on how to reproduce the bug and visit:
#   http://icedtea.classpath.org/bugzilla
# The crash happened outside the Java Virtual Machine in native code.
# See problematic frame for where to report the bug.
#

---------------  T H R E A D  ---------------

Current thread (0x00007fda2800a800):  JavaThread "main" [_thread_in_native, id=15160, stack(0x00007fda2f7e5000,0x00007fda2f9e6000)]

siginfo:si_signo=SIGSEGV: si_errno=0, si_code=1 (SEGV_MAPERR), si_addr=0x0000000000000008

Registers:
RAX=0x0000000000000000, RBX=0x00000000d79ae110, RCX=0xffffffffffffffff, RDX=0x00007fda319c19f0
RSP=0x00007fda2f9e3030, RBP=0x00007fda2f9e3080, RSI=0x00007fda2c009000, RDI=0x00000000ffffffff
R8 =0x6174736972612061, R9 =0x0000000000000000, R10=0x0000000000000022, R11=0x0000000000000000
R12=0x0000000000000000, R13=0x00000000d79ae110, R14=0x00007fda2f9e3168, R15=0x00007fda2800a800
RIP=0x00007fda1cb79a3f, EFLAGS=0x0000000000010246, CSGSFS=0x0000000000000033, ERR=0x0000000000000004
  TRAPNO=0x000000000000000e

Top of Stack: (sp=0x00007fda2f9e3030)
0x00007fda2f9e3030:   00000000d6b35ab0 00007fda28522810
0x00007fda2f9e3040:   00007fda2f9e30b0 00007fda28522930
0x00007fda2f9e3050:   00007fda28522a50 00007fda28522a70
0x00007fda2f9e3060:   00007fda284ca160 00007fda285279e0
0x00007fda2f9e3070:   0000000000000000 0000000000000000
0x00007fda2f9e3080:   00007fda284b3130 00007fda1dd92cd9
0x00007fda2f9e3090:   00000000d7d32ba0 00000000d79ae110
0x00007fda2f9e30a0:   00007fda2f9e3120 00007fda25012738
0x00007fda2f9e30b0:   00007fda2f9e3110 00007fda25006233
0x00007fda2f9e30c0:   00000000e12e50a0 00000000e12e50e0
0x00007fda2f9e30d0:   00007fda2f9e30d0 00000000d69ff00f
0x00007fda2f9e30e0:   00007fda2f9e30e0 0000000000000000
0x00007fda2f9e30f0:   00007fda2f9e3168 00000000d79b6638
0x00007fda2f9e3100:   0000000000000000 00000000d79ae110
0x00007fda2f9e3110:   0000000000000000 00007fda2f9e3140
0x00007fda2f9e3120:   00007fda2f9e31b0 00007fda25006175
0x00007fda2f9e3130:   00000000e112bc08 00007fda2500ecd7
0x00007fda2f9e3140:   00007fda28522810 00007fda251a356c
0x00007fda2f9e3150:   00007fda1cb79995 00000000e1229ec0
0x00007fda2f9e3160:   00007fda284b3130 00000000d69fba80
0x00007fda2f9e3170:   00007fda2f9e3170 00000000d7aaaf77
0x00007fda2f9e3180:   00007fda2f9e31e8 00000000d7ab71d0
0x00007fda2f9e3190:   00000000d7eda6f0 00000000d7aaafb8
0x00007fda2f9e31a0:   00007fda2f9e3140 00007fda2f9e31c0
0x00007fda2f9e31b0:   00007fda2f9e3238 00007fda25006175
0x00007fda2f9e31c0:   00007fda28522810 00000000f5927358
0x00007fda2f9e31d0:   00007fda1cb79995 0000000000000000
0x00007fda2f9e31e0:   00000000e10a6ea8 00000000e1172818
0x00007fda2f9e31f0:   00000000f78f1cf0 00007fda2f9e31f8
0x00007fda2f9e3200:   00000000d7edd85c 00007fda2f9e3280
0x00007fda2f9e3210:   00000000d7eddcb8 0000000000000000
0x00007fda2f9e3220:   00000000d7edd880 00007fda2f9e31c0 

Instructions: (pc=0x00007fda1cb79a3f)
0x00007fda1cb79a1f:   e8 ec fd ff ff 48 8b 45 e8 48 8b 00 48 89 45 f0
0x00007fda1cb79a2f:   48 8b 45 e8 48 8b 40 08 48 89 45 f8 48 8b 45 f0
0x00007fda1cb79a3f:   48 8b 50 08 48 8b 45 f0 48 8b 00 48 89 55 b0 f2
0x00007fda1cb79a4f:   0f 10 4d b0 48 89 45 b0 f2 0f 10 45 b0 48 8d 3d 

Register to memory mapping:

RAX=0x0000000000000000 is an unknown value
RBX=0x00000000d79ae110 is an oop
{method} 
 - klass: {other class}
RCX=0xffffffffffffffff is an unknown value
RDX=0x00007fda319c19f0: <offset 0x3c39f0> in /lib/x86_64-linux-gnu/libc.so.6 at 0x00007fda315fe000
RSP=0x00007fda2f9e3030 is pointing into the stack for thread: 0x00007fda2800a800
RBP=0x00007fda2f9e3080 is pointing into the stack for thread: 0x00007fda2800a800
RSI=0x00007fda2c009000 is an unknown value
RDI=0x00000000ffffffff is an unallocated location in the heap
R8 =0x6174736972612061 is an unknown value
R9 =0x0000000000000000 is an unknown value
R10=0x0000000000000022 is an unknown value
R11=0x0000000000000000 is an unknown value
R12=0x0000000000000000 is an unknown value
R13=0x00000000d79ae110 is an oop
{method} 
 - klass: {other class}
R14=0x00007fda2f9e3168 is pointing into the stack for thread: 0x00007fda2800a800
R15=0x00007fda2800a800 is a thread


Stack: [0x00007fda2f7e5000,0x00007fda2f9e6000],  sp=0x00007fda2f9e3030,  free space=2040k
Native frames: (J=compiled Java code, j=interpreted, Vv=VM code, C=native code)
C  [libintersection.so+0xa3f]  find_intersections+0xaa

Java frames: (J=compiled Java code, j=interpreted, Vv=VM code)
j  com.kenai.jffi.Foreign.invokeL1(JJJ)J+0
j  com.kenai.jffi.Invoker.invokeL1(Lcom/kenai/jffi/CallContext;JJ)J+7
j  org.jruby.ext.ffi.jffi.NativeInvoker$ffi$8.call(Lorg/jruby/runtime/ThreadContext;Lorg/jruby/runtime/builtin/IRubyObject;Lorg/jruby/RubyModule;Ljava/lang/String;Lorg/jruby/runtime/builtin/IRubyObject;)Lorg/jruby/runtime/builtin/IRubyObject;+76
j  org.jruby.runtime.callsite.CachingCallSite.cacheAndCall(Lorg/jruby/runtime/builtin/IRubyObject;Lorg/jruby/RubyClass;Lorg/jruby/runtime/ThreadContext;Lorg/jruby/runtime/builtin/IRubyObject;Lorg/jruby/runtime/builtin/IRubyObject;)Lorg/jruby/runtime/builtin/IRubyObject;+57
J  org.jruby.runtime.callsite.CachingCallSite.call(Lorg/jruby/runtime/ThreadContext;Lorg/jruby/runtime/builtin/IRubyObject;Lorg/jruby/runtime/builtin/IRubyObject;Lorg/jruby/runtime/builtin/IRubyObject;)Lorg/jruby/runtime/builtin/IRubyObject;
J  org.jruby.ast.CallOneArgNode.interpret(Lorg/jruby/Ruby;Lorg/jruby/runtime/ThreadContext;Lorg/jruby/runtime/builtin/IRubyObject;Lorg/jruby/runtime/Block;)Lorg/jruby/runtime/builtin/IRubyObject;
j  org.jruby.ast.LocalAsgnNode.interpret(Lorg/jruby/Ruby;Lorg/jruby/runtime/ThreadContext;Lorg/jruby/runtime/builtin/IRubyObject;Lorg/jruby/runtime/Block;)Lorg/jruby/runtime/builtin/IRubyObject;+30
J  org.jruby.ast.BlockNode.interpret(Lorg/jruby/Ruby;Lorg/jruby/runtime/ThreadContext;Lorg/jruby/runtime/builtin/IRubyObject;Lorg/jruby/runtime/Block;)Lorg/jruby/runtime/builtin/IRubyObject;
j  org.jruby.evaluator.ASTInterpreter.INTERPRET_METHOD(Lorg/jruby/Ruby;Lorg/jruby/runtime/ThreadContext;Ljava/lang/String;ILorg/jruby/RubyModule;Lorg/jruby/ast/Node;Ljava/lang/String;Lorg/jruby/runtime/builtin/IRubyObject;Lorg/jruby/runtime/Block;Z)Lorg/jruby/runtime/builtin/IRubyObject;+30
j  org.jruby.internal.runtime.methods.InterpretedMethod.call(Lorg/jruby/runtime/ThreadContext;Lorg/jruby/runtime/builtin/IRubyObject;Lorg/jruby/RubyModule;Ljava/lang/String;)Lorg/jruby/runtime/builtin/IRubyObject;+80
j  org.jruby.internal.runtime.methods.DefaultMethod.call(Lorg/jruby/runtime/ThreadContext;Lorg/jruby/runtime/builtin/IRubyObject;Lorg/jruby/RubyModule;Ljava/lang/String;)Lorg/jruby/runtime/builtin/IRubyObject;+20
J  org.jruby.ast.CallNoArgNode.interpret(Lorg/jruby/Ruby;Lorg/jruby/runtime/ThreadContext;Lorg/jruby/runtime/builtin/IRubyObject;Lorg/jruby/runtime/Block;)Lorg/jruby/runtime/builtin/IRubyObject;
j  org.jruby.ast.FCallTwoArgNode.interpret(Lorg/jruby/Ruby;Lorg/jruby/runtime/ThreadContext;Lorg/jruby/runtime/builtin/IRubyObject;Lorg/jruby/runtime/Block;)Lorg/jruby/runtime/builtin/IRubyObject;+28
J  org.jruby.ast.BlockNode.interpret(Lorg/jruby/Ruby;Lorg/jruby/runtime/ThreadContext;Lorg/jruby/runtime/builtin/IRubyObject;Lorg/jruby/runtime/Block;)Lorg/jruby/runtime/builtin/IRubyObject;
j  org.jruby.evaluator.ASTInterpreter.INTERPRET_METHOD(Lorg/jruby/Ruby;Lorg/jruby/runtime/ThreadContext;Ljava/lang/String;ILorg/jruby/RubyModule;Lorg/jruby/ast/Node;Ljava/lang/String;Lorg/jruby/runtime/builtin/IRubyObject;Lorg/jruby/runtime/Block;Z)Lorg/jruby/runtime/builtin/IRubyObject;+30
j  org.jruby.internal.runtime.methods.InterpretedMethod.call(Lorg/jruby/runtime/ThreadContext;Lorg/jruby/runtime/builtin/IRubyObject;Lorg/jruby/RubyModule;Ljava/lang/String;)Lorg/jruby/runtime/builtin/IRubyObject;+80
j  org.jruby.internal.runtime.methods.DefaultMethod.call(Lorg/jruby/runtime/ThreadContext;Lorg/jruby/runtime/builtin/IRubyObject;Lorg/jruby/RubyModule;Ljava/lang/String;)Lorg/jruby/runtime/builtin/IRubyObject;+20
j  org.jruby.runtime.callsite.CachingCallSite.cacheAndCall(Lorg/jruby/runtime/builtin/IRubyObject;Lorg/jruby/RubyClass;Lorg/jruby/runtime/ThreadContext;Lorg/jruby/runtime/builtin/IRubyObject;)Lorg/jruby/runtime/builtin/IRubyObject;+53
j  org.jruby.runtime.callsite.CachingCallSite.call(Lorg/jruby/runtime/ThreadContext;Lorg/jruby/runtime/builtin/IRubyObject;Lorg/jruby/runtime/builtin/IRubyObject;)Lorg/jruby/runtime/builtin/IRubyObject;+46
j  Makefile.method__3$RUBY$test(LMakefile;Lorg/jruby/runtime/ThreadContext;Lorg/jruby/runtime/builtin/IRubyObject;Lorg/jruby/runtime/Block;)Lorg/jruby/runtime/builtin/IRubyObject;+130
j  Makefile$method__3$RUBY$test.call(Lorg/jruby/runtime/ThreadContext;Lorg/jruby/runtime/builtin/IRubyObject;Lorg/jruby/RubyModule;Ljava/lang/String;Lorg/jruby/runtime/Block;)Lorg/jruby/runtime/builtin/IRubyObject;+17
j  org.jruby.RubyClass.finvoke(Lorg/jruby/runtime/ThreadContext;Lorg/jruby/runtime/builtin/IRubyObject;Ljava/lang/String;Lorg/jruby/runtime/Block;)Lorg/jruby/runtime/builtin/IRubyObject;+41
j  org.jruby.RubyBasicObject.send19(Lorg/jruby/runtime/ThreadContext;Lorg/jruby/runtime/builtin/IRubyObject;Lorg/jruby/runtime/Block;)Lorg/jruby/runtime/builtin/IRubyObject;+15
j  org.jruby.RubyKernel.send19(Lorg/jruby/runtime/ThreadContext;Lorg/jruby/runtime/builtin/IRubyObject;Lorg/jruby/runtime/builtin/IRubyObject;Lorg/jruby/runtime/Block;)Lorg/jruby/runtime/builtin/IRubyObject;+7
j  org.jruby.RubyKernel$INVOKER$s$send19.call(Lorg/jruby/runtime/ThreadContext;Lorg/jruby/runtime/builtin/IRubyObject;Lorg/jruby/RubyModule;Ljava/lang/String;Lorg/jruby/runtime/builtin/IRubyObject;Lorg/jruby/runtime/Block;)Lorg/jruby/runtime/builtin/IRubyObject;+6
j  org.jruby.internal.runtime.methods.JavaMethod$JavaMethodOneOrNBlock.call(Lorg/jruby/runtime/ThreadContext;Lorg/jruby/runtime/builtin/IRubyObject;Lorg/jruby/RubyModule;Ljava/lang/String;Lorg/jruby/runtime/builtin/IRubyObject;)Lorg/jruby/runtime/builtin/IRubyObject;+11
j  org.jruby.runtime.callsite.CachingCallSite.call(Lorg/jruby/runtime/ThreadContext;Lorg/jruby/runtime/builtin/IRubyObject;Lorg/jruby/runtime/builtin/IRubyObject;Lorg/jruby/runtime/builtin/IRubyObject;)Lorg/jruby/runtime/builtin/IRubyObject;+38
j  Makefile.block_7$RUBY$__file__(LMakefile;Lorg/jruby/runtime/ThreadContext;Lorg/jruby/runtime/builtin/IRubyObject;[Lorg/jruby/runtime/builtin/IRubyObject;Lorg/jruby/runtime/Block;)Lorg/jruby/runtime/builtin/IRubyObject;+46
j  Makefile$block_7$RUBY$__file__.call(Lorg/jruby/runtime/ThreadContext;Lorg/jruby/runtime/builtin/IRubyObject;[Lorg/jruby/runtime/builtin/IRubyObject;Lorg/jruby/runtime/Block;)Lorg/jruby/runtime/builtin/IRubyObject;+9
j  org.jruby.runtime.CompiledBlock19.yield(Lorg/jruby/runtime/ThreadContext;Lorg/jruby/runtime/builtin/IRubyObject;Lorg/jruby/runtime/Binding;Lorg/jruby/runtime/Block$Type;)Lorg/jruby/runtime/builtin/IRubyObject;+52
j  org.jruby.runtime.Block.yield(Lorg/jruby/runtime/ThreadContext;Lorg/jruby/runtime/builtin/IRubyObject;)Lorg/jruby/runtime/builtin/IRubyObject;+14
j  org.jruby.RubyArray.eachCommon(Lorg/jruby/runtime/ThreadContext;Lorg/jruby/runtime/Block;)Lorg/jruby/runtime/builtin/IRubyObject;+41
j  org.jruby.RubyArray.each(Lorg/jruby/runtime/ThreadContext;Lorg/jruby/runtime/Block;)Lorg/jruby/runtime/builtin/IRubyObject;+10
j  org.jruby.RubyArray$INVOKER$i$0$0$each.call(Lorg/jruby/runtime/ThreadContext;Lorg/jruby/runtime/builtin/IRubyObject;Lorg/jruby/RubyModule;Ljava/lang/String;Lorg/jruby/runtime/Block;)Lorg/jruby/runtime/builtin/IRubyObject;+7
j  org.jruby.runtime.callsite.CachingCallSite.cacheAndCall(Lorg/jruby/runtime/builtin/IRubyObject;Lorg/jruby/RubyClass;Lorg/jruby/runtime/Block;Lorg/jruby/runtime/ThreadContext;Lorg/jruby/runtime/builtin/IRubyObject;)Lorg/jruby/runtime/builtin/IRubyObject;+57
j  org.jruby.runtime.callsite.CachingCallSite.callBlock(Lorg/jruby/runtime/ThreadContext;Lorg/jruby/runtime/builtin/IRubyObject;Lorg/jruby/runtime/builtin/IRubyObject;Lorg/jruby/runtime/Block;)Lorg/jruby/runtime/builtin/IRubyObject;+50
j  org.jruby.runtime.callsite.CachingCallSite.callIter(Lorg/jruby/runtime/ThreadContext;Lorg/jruby/runtime/builtin/IRubyObject;Lorg/jruby/runtime/builtin/IRubyObject;Lorg/jruby/runtime/Block;)Lorg/jruby/runtime/builtin/IRubyObject;+6
j  Makefile.__file__(LMakefile;Lorg/jruby/runtime/ThreadContext;Lorg/jruby/runtime/builtin/IRubyObject;[Lorg/jruby/runtime/builtin/IRubyObject;Lorg/jruby/runtime/Block;)Lorg/jruby/runtime/builtin/IRubyObject;+938
j  Makefile.load(Lorg/jruby/runtime/ThreadContext;Lorg/jruby/runtime/builtin/IRubyObject;Z)Lorg/jruby/runtime/builtin/IRubyObject;+22
j  org.jruby.Ruby.runScript(Lorg/jruby/ast/executable/Script;Z)Lorg/jruby/runtime/builtin/IRubyObject;+12
j  org.jruby.Ruby.runScript(Lorg/jruby/ast/executable/Script;)Lorg/jruby/runtime/builtin/IRubyObject;+3
j  org.jruby.Ruby.runNormally(Lorg/jruby/ast/Node;)Lorg/jruby/runtime/builtin/IRubyObject;+73
j  org.jruby.Ruby.runFromMain(Ljava/io/InputStream;Ljava/lang/String;)V+320
j  org.jruby.Main.doRunFromMain(Lorg/jruby/Ruby;Ljava/io/InputStream;Ljava/lang/String;)Lorg/jruby/Main$Status;+12
j  org.jruby.Main.internalRun()Lorg/jruby/Main$Status;+234
j  org.jruby.Main.run([Ljava/lang/String;)Lorg/jruby/Main$Status;+9
j  org.jruby.Main.main([Ljava/lang/String;)V+35
v  ~StubRoutines::call_stub

---------------  P R O C E S S  ---------------

Java Threads: ( => current thread )
  0x00007fda284e5800 JavaThread "JRubyJIT-2" daemon [_thread_blocked, id=15296, stack(0x00007fda1d587000,0x00007fda1d788000)]
  0x00007fda284d9000 JavaThread "process reaper" daemon [_thread_blocked, id=15176, stack(0x00007fda2c00a000,0x00007fda2c043000)]
  0x00007fda284c9000 JavaThread "JRubyJIT-1" daemon [_thread_blocked, id=15173, stack(0x00007fda1db8a000,0x00007fda1dd8b000)]
  0x00007fda280ae000 JavaThread "Service Thread" daemon [_thread_blocked, id=15171, stack(0x00007fda1f803000,0x00007fda1fa04000)]
  0x00007fda280ab800 JavaThread "C2 CompilerThread1" daemon [_thread_blocked, id=15170, stack(0x00007fda1fa04000,0x00007fda1fb05000)]
  0x00007fda280a8800 JavaThread "C2 CompilerThread0" daemon [_thread_blocked, id=15169, stack(0x00007fda1fb05000,0x00007fda1fc06000)]
  0x00007fda280a6800 JavaThread "Signal Dispatcher" daemon [_thread_blocked, id=15168, stack(0x00007fda240f4000,0x00007fda242f5000)]
  0x00007fda28082800 JavaThread "Finalizer" daemon [_thread_blocked, id=15167, stack(0x00007fda242f5000,0x00007fda244f6000)]
  0x00007fda28080800 JavaThread "Reference Handler" daemon [_thread_blocked, id=15166, stack(0x00007fda244f6000,0x00007fda246f7000)]
=>0x00007fda2800a800 JavaThread "main" [_thread_in_native, id=15160, stack(0x00007fda2f7e5000,0x00007fda2f9e6000)]

Other Threads:
  0x00007fda2807c800 VMThread [stack: 0x00007fda246f7000,0x00007fda247f8000] [id=15165]
  0x00007fda280b8800 WatcherThread [stack: 0x00007fda1f702000,0x00007fda1f803000] [id=15172]

VM state:not at safepoint (normal execution)

VM Mutex/Monitor currently owned by a thread: None

Heap
 PSYoungGen      total 32768K, used 2683K [0x00000000f5900000, 0x00000000f9900000, 0x0000000100000000)
  eden space 30720K, 2% used [0x00000000f5900000,0x00000000f59a19f0,0x00000000f7700000)
  from space 2048K, 99% used [0x00000000f7700000,0x00000000f78fd528,0x00000000f7900000)
  to   space 2048K, 0% used [0x00000000f9700000,0x00000000f9700000,0x00000000f9900000)
 ParOldGen       total 38400K, used 8876K [0x00000000e0c00000, 0x00000000e3180000, 0x00000000f5900000)
  object space 38400K, 23% used [0x00000000e0c00000,0x00000000e14ab140,0x00000000e3180000)
 PSPermGen       total 25600K, used 25470K [0x00000000d6600000, 0x00000000d7f00000, 0x00000000e0c00000)
  object space 25600K, 99% used [0x00000000d6600000,0x00000000d7edf848,0x00000000d7f00000)

Card table byte_map: [0x00007fda2e60b000,0x00007fda2e759000] byte_map_base: 0x00007fda2df58000

Polling page: 0x00007fda31df3000

Code Cache  [0x00007fda25000000, 0x00007fda25270000, 0x00007fda28000000)
 total_blobs=950 nmethods=471 adapters=433 free_code_cache=47594Kb largest_free_block=48573376

Compilation events (10 events):
Event: 4,146 Thread 0x00007fda280a8800 nmethod 484 0x00007fda25086110 code [0x00007fda25086260, 0x00007fda250863d8]
Event: 4,146 Thread 0x00007fda280a8800  485             org.jruby.ast.DAsgnNode::interpret (28 bytes)
Event: 4,146 Thread 0x00007fda280ab800 nmethod 483 0x00007fda25187910 code [0x00007fda25187bc0, 0x00007fda25188160]
Event: 4,147 Thread 0x00007fda280ab800  486             org.jruby.Ruby::getFFI (5 bytes)
Event: 4,147 Thread 0x00007fda280ab800 nmethod 486 0x00007fda2506ff10 code [0x00007fda25070040, 0x00007fda25070098]
Event: 4,148 Thread 0x00007fda280a8800 nmethod 485 0x00007fda251a4390 code [0x00007fda251a44e0, 0x00007fda251a45f8]
Event: 4,149 Thread 0x00007fda280ab800  487             org.jruby.runtime.ivars.VariableAccessor::get (12 bytes)
Event: 4,149 Thread 0x00007fda280a8800  488             org.jruby.runtime.ivars.VariableAccessor::getVariable (27 bytes)
Event: 4,150 Thread 0x00007fda280a8800 nmethod 488 0x00007fda251a9150 code [0x00007fda251a92a0, 0x00007fda251a9338]
Event: 4,150 Thread 0x00007fda280ab800 nmethod 487 0x00007fda25090490 code [0x00007fda250905e0, 0x00007fda250906b8]

GC Heap History (6 events):
Event: 1,395 GC heap before
{Heap before GC invocations=1 (full 0):
 PSYoungGen      total 17408K, used 15360K [0x00000000f5900000, 0x00000000f6c00000, 0x0000000100000000)
  eden space 15360K, 100% used [0x00000000f5900000,0x00000000f6800000,0x00000000f6800000)
  from space 2048K, 0% used [0x00000000f6a00000,0x00000000f6a00000,0x00000000f6c00000)
  to   space 2048K, 0% used [0x00000000f6800000,0x00000000f6800000,0x00000000f6a00000)
 ParOldGen       total 38400K, used 0K [0x00000000e0c00000, 0x00000000e3180000, 0x00000000f5900000)
  object space 38400K, 0% used [0x00000000e0c00000,0x00000000e0c00000,0x00000000e3180000)
 PSPermGen       total 21504K, used 18949K [0x00000000d6600000, 0x00000000d7b00000, 0x00000000e0c00000)
  object space 21504K, 88% used [0x00000000d6600000,0x00000000d7881790,0x00000000d7b00000)
Event: 1,410 GC heap after
Heap after GC invocations=1 (full 0):
 PSYoungGen      total 17408K, used 2037K [0x00000000f5900000, 0x00000000f7b00000, 0x0000000100000000)
  eden space 15360K, 0% used [0x00000000f5900000,0x00000000f5900000,0x00000000f6800000)
  from space 2048K, 99% used [0x00000000f6800000,0x00000000f69fd4b8,0x00000000f6a00000)
  to   space 2048K, 0% used [0x00000000f7900000,0x00000000f7900000,0x00000000f7b00000)
 ParOldGen       total 38400K, used 3788K [0x00000000e0c00000, 0x00000000e3180000, 0x00000000f5900000)
  object space 38400K, 9% used [0x00000000e0c00000,0x00000000e0fb30c8,0x00000000e3180000)
 PSPermGen       total 21504K, used 18949K [0x00000000d6600000, 0x00000000d7b00000, 0x00000000e0c00000)
  object space 21504K, 88% used [0x00000000d6600000,0x00000000d7881790,0x00000000d7b00000)
}
Event: 2,386 GC heap before
{Heap before GC invocations=2 (full 0):
 PSYoungGen      total 17408K, used 17397K [0x00000000f5900000, 0x00000000f7b00000, 0x0000000100000000)
  eden space 15360K, 100% used [0x00000000f5900000,0x00000000f6800000,0x00000000f6800000)
  from space 2048K, 99% used [0x00000000f6800000,0x00000000f69fd4b8,0x00000000f6a00000)
  to   space 2048K, 0% used [0x00000000f7900000,0x00000000f7900000,0x00000000f7b00000)
 ParOldGen       total 38400K, used 3788K [0x00000000e0c00000, 0x00000000e3180000, 0x00000000f5900000)
  object space 38400K, 9% used [0x00000000e0c00000,0x00000000e0fb30c8,0x00000000e3180000)
 PSPermGen       total 23552K, used 23439K [0x00000000d6600000, 0x00000000d7d00000, 0x00000000e0c00000)
  object space 23552K, 99% used [0x00000000d6600000,0x00000000d7ce3ca0,0x00000000d7d00000)
Event: 2,409 GC heap after
Heap after GC invocations=2 (full 0):
 PSYoungGen      total 32768K, used 2037K [0x00000000f5900000, 0x00000000f7b00000, 0x0000000100000000)
  eden space 30720K, 0% used [0x00000000f5900000,0x00000000f5900000,0x00000000f7700000)
  from space 2048K, 99% used [0x00000000f7900000,0x00000000f7afd528,0x00000000f7b00000)
  to   space 2048K, 0% used [0x00000000f7700000,0x00000000f7700000,0x00000000f7900000)
 ParOldGen       total 38400K, used 5887K [0x00000000e0c00000, 0x00000000e3180000, 0x00000000f5900000)
  object space 38400K, 15% used [0x00000000e0c00000,0x00000000e11bfec0,0x00000000e3180000)
 PSPermGen       total 23552K, used 23439K [0x00000000d6600000, 0x00000000d7d00000, 0x00000000e0c00000)
  object space 23552K, 99% used [0x00000000d6600000,0x00000000d7ce3ca0,0x00000000d7d00000)
}
Event: 4,126 GC heap before
{Heap before GC invocations=3 (full 0):
 PSYoungGen      total 32768K, used 32757K [0x00000000f5900000, 0x00000000f7b00000, 0x0000000100000000)
  eden space 30720K, 100% used [0x00000000f5900000,0x00000000f7700000,0x00000000f7700000)
  from space 2048K, 99% used [0x00000000f7900000,0x00000000f7afd528,0x00000000f7b00000)
  to   space 2048K, 0% used [0x00000000f7700000,0x00000000f7700000,0x00000000f7900000)
 ParOldGen       total 38400K, used 5887K [0x00000000e0c00000, 0x00000000e3180000, 0x00000000f5900000)
  object space 38400K, 15% used [0x00000000e0c00000,0x00000000e11bfec0,0x00000000e3180000)
 PSPermGen       total 25600K, used 25465K [0x00000000d6600000, 0x00000000d7f00000, 0x00000000e0c00000)
  object space 25600K, 99% used [0x00000000d6600000,0x00000000d7ede568,0x00000000d7f00000)
Event: 4,146 GC heap after
Heap after GC invocations=3 (full 0):
 PSYoungGen      total 32768K, used 2037K [0x00000000f5900000, 0x00000000f9900000, 0x0000000100000000)
  eden space 30720K, 0% used [0x00000000f5900000,0x00000000f5900000,0x00000000f7700000)
  from space 2048K, 99% used [0x00000000f7700000,0x00000000f78fd528,0x00000000f7900000)
  to   space 2048K, 0% used [0x00000000f9700000,0x00000000f9700000,0x00000000f9900000)
 ParOldGen       total 38400K, used 8876K [0x00000000e0c00000, 0x00000000e3180000, 0x00000000f5900000)
  object space 38400K, 23% used [0x00000000e0c00000,0x00000000e14ab140,0x00000000e3180000)
 PSPermGen       total 25600K, used 25465K [0x00000000d6600000, 0x00000000d7f00000, 0x00000000e0c00000)
  object space 25600K, 99% used [0x00000000d6600000,0x00000000d7ede568,0x00000000d7f00000)
}

Deoptimization events (10 events):
Event: 4,063 Thread 0x00007fda2800a800 Uncommon trap: reason=class_check action=maybe_recompile pc=0x00007fda251a317c method=org.jruby.runtime.scope.TwoVarDynamicScope.getValue(II)Lorg/jruby/runtime/builtin/IRubyObject; @ 12
Event: 4,063 Thread 0x00007fda2800a800 Uncommon trap: reason=class_check action=maybe_recompile pc=0x00007fda251a317c method=org.jruby.runtime.scope.TwoVarDynamicScope.getValue(II)Lorg/jruby/runtime/builtin/IRubyObject; @ 12
Event: 4,095 Thread 0x00007fda2800a800 Uncommon trap: reason=class_check action=maybe_recompile pc=0x00007fda251607b8 method=org.jruby.RubyArray.compare(Lorg/jruby/runtime/ThreadContext;Lorg/jruby/runtime/invokedynamic/MethodNames;Lorg/jruby/runtime/builtin/IRubyObject;)Lorg/jruby/RubyBoolean;
Event: 4,116 Thread 0x00007fda2800a800 Uncommon trap: reason=class_check action=maybe_recompile pc=0x00007fda251607b8 method=org.jruby.RubyArray.compare(Lorg/jruby/runtime/ThreadContext;Lorg/jruby/runtime/invokedynamic/MethodNames;Lorg/jruby/runtime/builtin/IRubyObject;)Lorg/jruby/RubyBoolean;
Event: 4,150 Thread 0x00007fda2800a800 Uncommon trap: reason=class_check action=maybe_recompile pc=0x00007fda251607b8 method=org.jruby.RubyArray.compare(Lorg/jruby/runtime/ThreadContext;Lorg/jruby/runtime/invokedynamic/MethodNames;Lorg/jruby/runtime/builtin/IRubyObject;)Lorg/jruby/RubyBoolean;
Event: 4,151 Thread 0x00007fda2800a800 Uncommon trap: reason=class_check action=maybe_recompile pc=0x00007fda2519f904 method=org.jruby.ext.ffi.StructByReference.to_native(Lorg/jruby/runtime/ThreadContext;Lorg/jruby/runtime/builtin/IRubyObject;Lorg/jruby/runtime/builtin/IRubyObject;)Lorg/jruby/
Event: 4,152 Thread 0x00007fda2800a800 Uncommon trap: reason=class_check action=maybe_recompile pc=0x00007fda25090664 method=org.jruby.runtime.ivars.VariableAccessor.get(Ljava/lang/Object;)Ljava/lang/Object; @ 1
Event: 4,152 Thread 0x00007fda2800a800 Uncommon trap: reason=class_check action=maybe_recompile pc=0x00007fda25090664 method=org.jruby.runtime.ivars.VariableAccessor.get(Ljava/lang/Object;)Ljava/lang/Object; @ 1
Event: 4,152 Thread 0x00007fda2800a800 Uncommon trap: reason=class_check action=maybe_recompile pc=0x00007fda25090664 method=org.jruby.runtime.ivars.VariableAccessor.get(Ljava/lang/Object;)Ljava/lang/Object; @ 1
Event: 4,152 Thread 0x00007fda2800a800 Uncommon trap: reason=class_check action=maybe_recompile pc=0x00007fda25090664 method=org.jruby.runtime.ivars.VariableAccessor.get(Ljava/lang/Object;)Ljava/lang/Object; @ 1

Internal exceptions (10 events):
Event: 3,720 Thread 0x00007fda2800a800 Threw 0x00000000f715b900 at /build/buildd/openjdk-7-7u51-2.4.4/build/openjdk/hotspot/src/share/vm/prims/jvm.cpp:1244
Event: 3,720 Thread 0x00007fda2800a800 Threw 0x00000000f715c3b0 at /build/buildd/openjdk-7-7u51-2.4.4/build/openjdk/hotspot/src/share/vm/prims/jvm.cpp:1244
Event: 3,721 Thread 0x00007fda2800a800 Threw 0x00000000f7167f20 at /build/buildd/openjdk-7-7u51-2.4.4/build/openjdk/hotspot/src/share/vm/prims/jvm.cpp:1244
Event: 3,721 Thread 0x00007fda2800a800 Threw 0x00000000f7169fe0 at /build/buildd/openjdk-7-7u51-2.4.4/build/openjdk/hotspot/src/share/vm/prims/jvm.cpp:1244
Event: 3,721 Thread 0x00007fda2800a800 Threw 0x00000000f716aa90 at /build/buildd/openjdk-7-7u51-2.4.4/build/openjdk/hotspot/src/share/vm/prims/jvm.cpp:1244
Event: 3,721 Thread 0x00007fda2800a800 Threw 0x00000000f716c930 at /build/buildd/openjdk-7-7u51-2.4.4/build/openjdk/hotspot/src/share/vm/prims/jvm.cpp:1244
Event: 3,721 Thread 0x00007fda2800a800 Threw 0x00000000f716e9f0 at /build/buildd/openjdk-7-7u51-2.4.4/build/openjdk/hotspot/src/share/vm/prims/jvm.cpp:1244
Event: 3,721 Thread 0x00007fda2800a800 Threw 0x00000000f716f4a0 at /build/buildd/openjdk-7-7u51-2.4.4/build/openjdk/hotspot/src/share/vm/prims/jvm.cpp:1244
Event: 4,156 Thread 0x00007fda284e5800 Threw 0x00000000f597cdc0 at /build/buildd/openjdk-7-7u51-2.4.4/build/openjdk/hotspot/src/share/vm/prims/jvm.cpp:1244
Event: 4,156 Thread 0x00007fda284e5800 Threw 0x00000000f597e7d8 at /build/buildd/openjdk-7-7u51-2.4.4/build/openjdk/hotspot/src/share/vm/prims/jvm.cpp:1244

Events (10 events):
Event: 4,152 Thread 0x00007fda2800a800 DEOPT PACKING pc=0x00007fda25090664 sp=0x00007fda2f9e2240
Event: 4,152 Thread 0x00007fda2800a800 DEOPT UNPACKING pc=0x00007fda25039045 sp=0x00007fda2f9e2208 mode 2
Event: 4,152 Thread 0x00007fda2800a800 Uncommon trap: trap_request=0xffffffde fr.pc=0x00007fda25090664
Event: 4,152 Thread 0x00007fda2800a800 DEOPT PACKING pc=0x00007fda25090664 sp=0x00007fda2f9e22d0
Event: 4,152 Thread 0x00007fda2800a800 DEOPT UNPACKING pc=0x00007fda25039045 sp=0x00007fda2f9e2298 mode 2
Event: 4,152 Thread 0x00007fda2800a800 Uncommon trap: trap_request=0xffffffde fr.pc=0x00007fda25090664
Event: 4,152 Thread 0x00007fda2800a800 DEOPT PACKING pc=0x00007fda25090664 sp=0x00007fda2f9e22d0
Event: 4,152 Thread 0x00007fda2800a800 DEOPT UNPACKING pc=0x00007fda25039045 sp=0x00007fda2f9e2298 mode 2
Event: 4,156 loading class 0x00007fd9d8001560
Event: 4,156 loading class 0x00007fd9d8001560 done


Dynamic libraries:
00400000-00401000 r-xp 00000000 08:01 15861394                           /usr/lib/jvm/java-7-openjdk-amd64/jre/bin/java
00600000-00601000 r--p 00000000 08:01 15861394                           /usr/lib/jvm/java-7-openjdk-amd64/jre/bin/java
00601000-00602000 rw-p 00001000 08:01 15861394                           /usr/lib/jvm/java-7-openjdk-amd64/jre/bin/java
01590000-015b1000 rw-p 00000000 00:00 0                                  [heap]
d6600000-d7f00000 rw-p 00000000 00:00 0 
d7f00000-e0c00000 rw-p 00000000 00:00 0 
e0c00000-e3180000 rw-p 00000000 00:00 0 
e3180000-f5900000 rw-p 00000000 00:00 0 
f5900000-f9900000 rw-p 00000000 00:00 0 
f9900000-100000000 rw-p 00000000 00:00 0 
7fd9d8000000-7fd9d8021000 rw-p 00000000 00:00 0 
7fd9d8021000-7fd9dc000000 ---p 00000000 00:00 0 
7fd9dc000000-7fd9dc021000 rw-p 00000000 00:00 0 
7fd9dc021000-7fd9e0000000 ---p 00000000 00:00 0 
7fd9e0000000-7fd9e0021000 rw-p 00000000 00:00 0 
7fd9e0021000-7fd9e4000000 ---p 00000000 00:00 0 
7fd9e4000000-7fd9e4021000 rw-p 00000000 00:00 0 
7fd9e4021000-7fd9e8000000 ---p 00000000 00:00 0 
7fd9e8000000-7fd9e8021000 rw-p 00000000 00:00 0 
7fd9e8021000-7fd9ec000000 ---p 00000000 00:00 0 
7fd9ec000000-7fd9ec027000 rw-p 00000000 00:00 0 
7fd9ec027000-7fd9f0000000 ---p 00000000 00:00 0 
7fd9f0000000-7fd9f0c53000 rw-p 00000000 00:00 0 
7fd9f0c53000-7fd9f4000000 ---p 00000000 00:00 0 
7fd9f4000000-7fd9f4021000 rw-p 00000000 00:00 0 
7fd9f4021000-7fd9f8000000 ---p 00000000 00:00 0 
7fd9f8000000-7fd9f8021000 rw-p 00000000 00:00 0 
7fd9f8021000-7fd9fc000000 ---p 00000000 00:00 0 
7fd9fc000000-7fd9fcc62000 rw-p 00000000 00:00 0 
7fd9fcc62000-7fda00000000 ---p 00000000 00:00 0 
7fda00000000-7fda00021000 rw-p 00000000 00:00 0 
7fda00021000-7fda04000000 ---p 00000000 00:00 0 
7fda04000000-7fda04021000 rw-p 00000000 00:00 0 
7fda04021000-7fda08000000 ---p 00000000 00:00 0 
7fda08000000-7fda08021000 rw-p 00000000 00:00 0 
7fda08021000-7fda0c000000 ---p 00000000 00:00 0 
7fda0c000000-7fda0c021000 rw-p 00000000 00:00 0 
7fda0c021000-7fda10000000 ---p 00000000 00:00 0 
7fda10000000-7fda10021000 rw-p 00000000 00:00 0 
7fda10021000-7fda14000000 ---p 00000000 00:00 0 
7fda18000000-7fda18021000 rw-p 00000000 00:00 0 
7fda18021000-7fda1c000000 ---p 00000000 00:00 0 
7fda1cb79000-7fda1cb7a000 r-xp 00000000 08:01 13893867                   /home/alex/Documents/8vo_Semestre/Geometría Computacional/Lab/practica02p1/src/lib/libintersection.so
7fda1cb7a000-7fda1cd79000 ---p 00001000 08:01 13893867                   /home/alex/Documents/8vo_Semestre/Geometría Computacional/Lab/practica02p1/src/lib/libintersection.so
7fda1cd79000-7fda1cd7a000 r--p 00000000 08:01 13893867                   /home/alex/Documents/8vo_Semestre/Geometría Computacional/Lab/practica02p1/src/lib/libintersection.so
7fda1cd7a000-7fda1cd7b000 rw-p 00001000 08:01 13893867                   /home/alex/Documents/8vo_Semestre/Geometría Computacional/Lab/practica02p1/src/lib/libintersection.so
7fda1cd7b000-7fda1cd7d000 r-xp 00000000 08:01 13893853                   /home/alex/Documents/8vo_Semestre/Geometría Computacional/Lab/practica02p1/src/lib/librb_tree.so
7fda1cd7d000-7fda1cf7d000 ---p 00002000 08:01 13893853                   /home/alex/Documents/8vo_Semestre/Geometría Computacional/Lab/practica02p1/src/lib/librb_tree.so
7fda1cf7d000-7fda1cf7e000 r--p 00002000 08:01 13893853                   /home/alex/Documents/8vo_Semestre/Geometría Computacional/Lab/practica02p1/src/lib/librb_tree.so
7fda1cf7e000-7fda1cf7f000 rw-p 00003000 08:01 13893853                   /home/alex/Documents/8vo_Semestre/Geometría Computacional/Lab/practica02p1/src/lib/librb_tree.so
7fda1cf7f000-7fda1cf81000 r-xp 00000000 08:01 13893852                   /home/alex/Documents/8vo_Semestre/Geometría Computacional/Lab/practica02p1/src/lib/libdouble_linked_list.so
7fda1cf81000-7fda1d180000 ---p 00002000 08:01 13893852                   /home/alex/Documents/8vo_Semestre/Geometría Computacional/Lab/practica02p1/src/lib/libdouble_linked_list.so
7fda1d180000-7fda1d181000 r--p 00001000 08:01 13893852                   /home/alex/Documents/8vo_Semestre/Geometría Computacional/Lab/practica02p1/src/lib/libdouble_linked_list.so
7fda1d181000-7fda1d182000 rw-p 00002000 08:01 13893852                   /home/alex/Documents/8vo_Semestre/Geometría Computacional/Lab/practica02p1/src/lib/libdouble_linked_list.so
7fda1d182000-7fda1d183000 r-xp 00000000 08:01 13893850                   /home/alex/Documents/8vo_Semestre/Geometría Computacional/Lab/practica02p1/src/lib/libhalf_edge.so
7fda1d183000-7fda1d383000 ---p 00001000 08:01 13893850                   /home/alex/Documents/8vo_Semestre/Geometría Computacional/Lab/practica02p1/src/lib/libhalf_edge.so
7fda1d383000-7fda1d384000 r--p 00001000 08:01 13893850                   /home/alex/Documents/8vo_Semestre/Geometría Computacional/Lab/practica02p1/src/lib/libhalf_edge.so
7fda1d384000-7fda1d385000 rw-p 00002000 08:01 13893850                   /home/alex/Documents/8vo_Semestre/Geometría Computacional/Lab/practica02p1/src/lib/libhalf_edge.so
7fda1d385000-7fda1d386000 r-xp 00000000 08:01 13893849                   /home/alex/Documents/8vo_Semestre/Geometría Computacional/Lab/practica02p1/src/lib/lib2d_points.so
7fda1d386000-7fda1d585000 ---p 00001000 08:01 13893849                   /home/alex/Documents/8vo_Semestre/Geometría Computacional/Lab/practica02p1/src/lib/lib2d_points.so
7fda1d585000-7fda1d586000 r--p 00000000 08:01 13893849                   /home/alex/Documents/8vo_Semestre/Geometría Computacional/Lab/practica02p1/src/lib/lib2d_points.so
7fda1d586000-7fda1d587000 rw-p 00001000 08:01 13893849                   /home/alex/Documents/8vo_Semestre/Geometría Computacional/Lab/practica02p1/src/lib/lib2d_points.so
7fda1d587000-7fda1d58a000 ---p 00000000 00:00 0 
7fda1d58a000-7fda1d788000 rw-p 00000000 00:00 0                          [stack:15296]
7fda1d788000-7fda1d78b000 ---p 00000000 00:00 0 
7fda1d78b000-7fda1d989000 rw-p 00000000 00:00 0 
7fda1d989000-7fda1d98c000 ---p 00000000 00:00 0 
7fda1d98c000-7fda1db8a000 rw-p 00000000 00:00 0 
7fda1db8a000-7fda1db8d000 ---p 00000000 00:00 0 
7fda1db8d000-7fda1dd8b000 rw-p 00000000 00:00 0                          [stack:15173]
7fda1dd8b000-7fda1dd9d000 r-xp 00000000 08:01 12059135                   /home/alex/.rbenv/versions/jruby-1.7.10/lib/jni/x86_64-Linux/libjffi-1.2.so
7fda1dd9d000-7fda1df9c000 ---p 00012000 08:01 12059135                   /home/alex/.rbenv/versions/jruby-1.7.10/lib/jni/x86_64-Linux/libjffi-1.2.so
7fda1df9c000-7fda1df9d000 rw-p 00011000 08:01 12059135                   /home/alex/.rbenv/versions/jruby-1.7.10/lib/jni/x86_64-Linux/libjffi-1.2.so
7fda1df9d000-7fda1dfad000 r-xp 00000000 08:01 15861288                   /usr/lib/jvm/java-7-openjdk-amd64/jre/lib/amd64/libnio.so
7fda1dfad000-7fda1e1ad000 ---p 00010000 08:01 15861288                   /usr/lib/jvm/java-7-openjdk-amd64/jre/lib/amd64/libnio.so
7fda1e1ad000-7fda1e1ae000 r--p 00010000 08:01 15861288                   /usr/lib/jvm/java-7-openjdk-amd64/jre/lib/amd64/libnio.so
7fda1e1ae000-7fda1e1af000 rw-p 00011000 08:01 15861288                   /usr/lib/jvm/java-7-openjdk-amd64/jre/lib/amd64/libnio.so
7fda1e1af000-7fda1e1ec000 r-xp 00000000 08:01 8130434                    /lib/x86_64-linux-gnu/libpcre.so.3.13.1
7fda1e1ec000-7fda1e3ec000 ---p 0003d000 08:01 8130434                    /lib/x86_64-linux-gnu/libpcre.so.3.13.1
7fda1e3ec000-7fda1e3ed000 r--p 0003d000 08:01 8130434                    /lib/x86_64-linux-gnu/libpcre.so.3.13.1
7fda1e3ed000-7fda1e3ee000 rw-p 0003e000 08:01 8130434                    /lib/x86_64-linux-gnu/libpcre.so.3.13.1
7fda1e3ee000-7fda1e3f5000 r-xp 00000000 08:01 15735894                   /usr/lib/x86_64-linux-gnu/libffi.so.6.0.1
7fda1e3f5000-7fda1e5f4000 ---p 00007000 08:01 15735894                   /usr/lib/x86_64-linux-gnu/libffi.so.6.0.1
7fda1e5f4000-7fda1e5f5000 r--p 00006000 08:01 15735894                   /usr/lib/x86_64-linux-gnu/libffi.so.6.0.1
7fda1e5f5000-7fda1e5f6000 rw-p 00007000 08:01 15735894                   /usr/lib/x86_64-linux-gnu/libffi.so.6.0.1
7fda1e5f6000-7fda1e60c000 r-xp 00000000 08:01 8130457                    /lib/x86_64-linux-gnu/libresolv-2.17.so
7fda1e60c000-7fda1e80c000 ---p 00016000 08:01 8130457                    /lib/x86_64-linux-gnu/libresolv-2.17.so
7fda1e80c000-7fda1e80d000 r--p 00016000 08:01 8130457                    /lib/x86_64-linux-gnu/libresolv-2.17.so
7fda1e80d000-7fda1e80e000 rw-p 00017000 08:01 8130457                    /lib/x86_64-linux-gnu/libresolv-2.17.so
7fda1e80e000-7fda1e810000 rw-p 00000000 00:00 0 
7fda1e810000-7fda1e82f000 r-xp 00000000 08:01 8130461                    /lib/x86_64-linux-gnu/libselinux.so.1
7fda1e82f000-7fda1ea2f000 ---p 0001f000 08:01 8130461                    /lib/x86_64-linux-gnu/libselinux.so.1
7fda1ea2f000-7fda1ea30000 r--p 0001f000 08:01 8130461                    /lib/x86_64-linux-gnu/libselinux.so.1
7fda1ea30000-7fda1ea31000 rw-p 00020000 08:01 8130461                    /lib/x86_64-linux-gnu/libselinux.so.1
7fda1ea31000-7fda1ea32000 rw-p 00000000 00:00 0 
7fda1ea32000-7fda1ea35000 r-xp 00000000 08:01 15729078                   /usr/lib/x86_64-linux-gnu/libgmodule-2.0.so.0.3800.1
7fda1ea35000-7fda1ec34000 ---p 00003000 08:01 15729078                   /usr/lib/x86_64-linux-gnu/libgmodule-2.0.so.0.3800.1
7fda1ec34000-7fda1ec35000 r--p 00002000 08:01 15729078                   /usr/lib/x86_64-linux-gnu/libgmodule-2.0.so.0.3800.1
7fda1ec35000-7fda1ec36000 rw-p 00003000 08:01 15729078                   /usr/lib/x86_64-linux-gnu/libgmodule-2.0.so.0.3800.1
7fda1ec36000-7fda1ed34000 r-xp 00000000 08:01 8130449                    /lib/x86_64-linux-gnu/libglib-2.0.so.0.3800.1
7fda1ed34000-7fda1ef34000 ---p 000fe000 08:01 8130449                    /lib/x86_64-linux-gnu/libglib-2.0.so.0.3800.1
7fda1ef34000-7fda1ef35000 r--p 000fe000 08:01 8130449                    /lib/x86_64-linux-gnu/libglib-2.0.so.0.3800.1
7fda1ef35000-7fda1ef36000 rw-p 000ff000 08:01 8130449                    /lib/x86_64-linux-gnu/libglib-2.0.so.0.3800.1
7fda1ef36000-7fda1ef37000 rw-p 00000000 00:00 0 
7fda1ef37000-7fda1ef86000 r-xp 00000000 08:01 15729069                   /usr/lib/x86_64-linux-gnu/libgobject-2.0.so.0.3800.1
7fda1ef86000-7fda1f186000 ---p 0004f000 08:01 15729069                   /usr/lib/x86_64-linux-gnu/libgobject-2.0.so.0.3800.1
7fda1f186000-7fda1f187000 r--p 0004f000 08:01 15729069                   /usr/lib/x86_64-linux-gnu/libgobject-2.0.so.0.3800.1
7fda1f187000-7fda1f188000 rw-p 00050000 08:01 15729069                   /usr/lib/x86_64-linux-gnu/libgobject-2.0.so.0.3800.1
7fda1f188000-7fda1f2e4000 r-xp 00000000 08:01 15729043                   /usr/lib/x86_64-linux-gnu/libgio-2.0.so.0.3800.1
7fda1f2e4000-7fda1f4e3000 ---p 0015c000 08:01 15729043                   /usr/lib/x86_64-linux-gnu/libgio-2.0.so.0.3800.1
7fda1f4e3000-7fda1f4e7000 r--p 0015b000 08:01 15729043                   /usr/lib/x86_64-linux-gnu/libgio-2.0.so.0.3800.1
7fda1f4e7000-7fda1f4e9000 rw-p 0015f000 08:01 15729043                   /usr/lib/x86_64-linux-gnu/libgio-2.0.so.0.3800.1
7fda1f4e9000-7fda1f4eb000 rw-p 00000000 00:00 0 
7fda1f4eb000-7fda1f501000 r-xp 00000000 08:01 15861076                   /usr/lib/jvm/java-7-openjdk-amd64/jre/lib/amd64/libnet.so
7fda1f501000-7fda1f700000 ---p 00016000 08:01 15861076                   /usr/lib/jvm/java-7-openjdk-amd64/jre/lib/amd64/libnet.so
7fda1f700000-7fda1f701000 r--p 00015000 08:01 15861076                   /usr/lib/jvm/java-7-openjdk-amd64/jre/lib/amd64/libnet.so
7fda1f701000-7fda1f702000 rw-p 00016000 08:01 15861076                   /usr/lib/jvm/java-7-openjdk-amd64/jre/lib/amd64/libnet.so
7fda1f702000-7fda1f703000 ---p 00000000 00:00 0 
7fda1f703000-7fda1f803000 rw-p 00000000 00:00 0                          [stack:15172]
7fda1f803000-7fda1f806000 ---p 00000000 00:00 0 
7fda1f806000-7fda1fa04000 rw-p 00000000 00:00 0                          [stack:15171]
7fda1fa04000-7fda1fa07000 ---p 00000000 00:00 0 
7fda1fa07000-7fda1fb05000 rw-p 00000000 00:00 0                          [stack:15170]
7fda1fb05000-7fda1fb08000 ---p 00000000 00:00 0 
7fda1fb08000-7fda1fc06000 rw-p 00000000 00:00 0                          [stack:15169]
7fda1fc06000-7fda20000000 r--p 00000000 08:01 15734328                   /usr/lib/locale/locale-archive
7fda20000000-7fda20021000 rw-p 00000000 00:00 0 
7fda20021000-7fda24000000 ---p 00000000 00:00 0 
7fda240f4000-7fda240f7000 ---p 00000000 00:00 0 
7fda240f7000-7fda242f5000 rw-p 00000000 00:00 0                          [stack:15168]
7fda242f5000-7fda242f8000 ---p 00000000 00:00 0 
7fda242f8000-7fda244f6000 rw-p 00000000 00:00 0                          [stack:15167]
7fda244f6000-7fda244f9000 ---p 00000000 00:00 0 
7fda244f9000-7fda246f7000 rw-p 00000000 00:00 0                          [stack:15166]
7fda246f7000-7fda246f8000 ---p 00000000 00:00 0 
7fda246f8000-7fda25000000 rw-p 00000000 00:00 0                          [stack:15165]
7fda25000000-7fda25270000 rwxp 00000000 00:00 0 
7fda25270000-7fda2852b000 rw-p 00000000 00:00 0 
7fda2852b000-7fda2c000000 ---p 00000000 00:00 0 
7fda2c009000-7fda2c00a000 rw-p 00000000 00:00 0 
7fda2c00a000-7fda2c00d000 ---p 00000000 00:00 0 
7fda2c00d000-7fda2c043000 rw-p 00000000 00:00 0                          [stack:15176]
7fda2c043000-7fda2c044000 r-xp 00000000 00:00 0 
7fda2c044000-7fda2c04b000 r--s 00000000 08:01 16127910                   /usr/lib/x86_64-linux-gnu/gconv/gconv-modules.cache
7fda2c04b000-7fda2c04d000 r--s 00012000 08:01 15861308                   /usr/lib/jvm/java-7-openjdk-amd64/jre/lib/ext/zipfs.jar
7fda2c04d000-7fda2c050000 r--s 00032000 08:01 15861310                   /usr/lib/jvm/java-7-openjdk-amd64/jre/lib/ext/sunjce_provider.jar
7fda2c050000-7fda2c054000 r--s 00085000 08:01 15861304                   /usr/lib/jvm/java-7-openjdk-amd64/jre/lib/ext/localedata.jar
7fda2c054000-7fda2c056000 r--s 00006000 08:01 16256853                   /usr/share/java/java-atk-wrapper.jar
7fda2c056000-7fda2c057000 r--s 00002000 08:01 15861314                   /usr/lib/jvm/java-7-openjdk-amd64/jre/lib/ext/dnsns.jar
7fda2c057000-7fda2c05a000 r--s 0000f000 08:01 15861306                   /usr/lib/jvm/java-7-openjdk-amd64/jre/lib/ext/pulse-java.jar
7fda2c05a000-7fda2c05e000 r--s 0003b000 08:01 15861316                   /usr/lib/jvm/java-7-openjdk-amd64/jre/lib/ext/sunpkcs11.jar
7fda2c05e000-7fda2c812000 rw-p 00000000 00:00 0 
7fda2c812000-7fda2c8fb000 r--s 00bb9000 08:01 12059138                   /home/alex/.rbenv/versions/jruby-1.7.10/lib/jruby.jar
7fda2c8fb000-7fda2c943000 rw-p 00000000 00:00 0 
7fda2c943000-7fda2caf1000 r--s 01cf4000 08:01 15861374                   /usr/lib/jvm/java-7-openjdk-amd64/jre/lib/rt.jar
7fda2caf1000-7fda2e207000 rw-p 00000000 00:00 0 
7fda2e207000-7fda2e208000 ---p 00000000 00:00 0 
7fda2e208000-7fda2e308000 rw-p 00000000 00:00 0                          [stack:15164]
7fda2e308000-7fda2e309000 ---p 00000000 00:00 0 
7fda2e309000-7fda2e409000 rw-p 00000000 00:00 0                          [stack:15163]
7fda2e409000-7fda2e40a000 ---p 00000000 00:00 0 
7fda2e40a000-7fda2e50a000 rw-p 00000000 00:00 0                          [stack:15162]
7fda2e50a000-7fda2e50b000 ---p 00000000 00:00 0 
7fda2e50b000-7fda2e618000 rw-p 00000000 00:00 0                          [stack:15161]
7fda2e618000-7fda2e65e000 rw-p 00000000 00:00 0 
7fda2e65e000-7fda2e671000 rw-p 00000000 00:00 0 
7fda2e671000-7fda2e704000 rw-p 00000000 00:00 0 
7fda2e704000-7fda2e725000 rw-p 00000000 00:00 0 
7fda2e725000-7fda2e758000 rw-p 00000000 00:00 0 
7fda2e758000-7fda2e759000 rw-p 00000000 00:00 0 
7fda2e759000-7fda2e761000 r-xp 00000000 08:01 15861025                   /usr/lib/jvm/java-7-openjdk-amd64/jre/lib/amd64/libzip.so
7fda2e761000-7fda2e960000 ---p 00008000 08:01 15861025                   /usr/lib/jvm/java-7-openjdk-amd64/jre/lib/amd64/libzip.so
7fda2e960000-7fda2e961000 r--p 00007000 08:01 15861025                   /usr/lib/jvm/java-7-openjdk-amd64/jre/lib/amd64/libzip.so
7fda2e961000-7fda2e962000 rw-p 00008000 08:01 15861025                   /usr/lib/jvm/java-7-openjdk-amd64/jre/lib/amd64/libzip.so
7fda2e962000-7fda2e96e000 r-xp 00000000 08:01 8130412                    /lib/x86_64-linux-gnu/libnss_files-2.17.so
7fda2e96e000-7fda2eb6d000 ---p 0000c000 08:01 8130412                    /lib/x86_64-linux-gnu/libnss_files-2.17.so
7fda2eb6d000-7fda2eb6e000 r--p 0000b000 08:01 8130412                    /lib/x86_64-linux-gnu/libnss_files-2.17.so
7fda2eb6e000-7fda2eb6f000 rw-p 0000c000 08:01 8130412                    /lib/x86_64-linux-gnu/libnss_files-2.17.so
7fda2eb6f000-7fda2eb7a000 r-xp 00000000 08:01 8130416                    /lib/x86_64-linux-gnu/libnss_nis-2.17.so
7fda2eb7a000-7fda2ed79000 ---p 0000b000 08:01 8130416                    /lib/x86_64-linux-gnu/libnss_nis-2.17.so
7fda2ed79000-7fda2ed7a000 r--p 0000a000 08:01 8130416                    /lib/x86_64-linux-gnu/libnss_nis-2.17.so
7fda2ed7a000-7fda2ed7b000 rw-p 0000b000 08:01 8130416                    /lib/x86_64-linux-gnu/libnss_nis-2.17.so
7fda2ed7b000-7fda2ed92000 r-xp 00000000 08:01 8130406                    /lib/x86_64-linux-gnu/libnsl-2.17.so
7fda2ed92000-7fda2ef91000 ---p 00017000 08:01 8130406                    /lib/x86_64-linux-gnu/libnsl-2.17.so
7fda2ef91000-7fda2ef92000 r--p 00016000 08:01 8130406                    /lib/x86_64-linux-gnu/libnsl-2.17.so
7fda2ef92000-7fda2ef93000 rw-p 00017000 08:01 8130406                    /lib/x86_64-linux-gnu/libnsl-2.17.so
7fda2ef93000-7fda2ef95000 rw-p 00000000 00:00 0 
7fda2ef95000-7fda2ef9d000 r-xp 00000000 08:01 8130408                    /lib/x86_64-linux-gnu/libnss_compat-2.17.so
7fda2ef9d000-7fda2f19c000 ---p 00008000 08:01 8130408                    /lib/x86_64-linux-gnu/libnss_compat-2.17.so
7fda2f19c000-7fda2f19d000 r--p 00007000 08:01 8130408                    /lib/x86_64-linux-gnu/libnss_compat-2.17.so
7fda2f19d000-7fda2f19e000 rw-p 00008000 08:01 8130408                    /lib/x86_64-linux-gnu/libnss_compat-2.17.so
7fda2f19e000-7fda2f1c9000 r-xp 00000000 08:01 15860951                   /usr/lib/jvm/java-7-openjdk-amd64/jre/lib/amd64/libjava.so
7fda2f1c9000-7fda2f3c8000 ---p 0002b000 08:01 15860951                   /usr/lib/jvm/java-7-openjdk-amd64/jre/lib/amd64/libjava.so
7fda2f3c8000-7fda2f3c9000 r--p 0002a000 08:01 15860951                   /usr/lib/jvm/java-7-openjdk-amd64/jre/lib/amd64/libjava.so
7fda2f3c9000-7fda2f3cb000 rw-p 0002b000 08:01 15860951                   /usr/lib/jvm/java-7-openjdk-amd64/jre/lib/amd64/libjava.so
7fda2f3cb000-7fda2f3db000 r-xp 00000000 08:01 15861265                   /usr/lib/jvm/java-7-openjdk-amd64/jre/lib/amd64/libverify.so
7fda2f3db000-7fda2f5da000 ---p 00010000 08:01 15861265                   /usr/lib/jvm/java-7-openjdk-amd64/jre/lib/amd64/libverify.so
7fda2f5da000-7fda2f5dc000 r--p 0000f000 08:01 15861265                   /usr/lib/jvm/java-7-openjdk-amd64/jre/lib/amd64/libverify.so
7fda2f5dc000-7fda2f5dd000 rw-p 00011000 08:01 15861265                   /usr/lib/jvm/java-7-openjdk-amd64/jre/lib/amd64/libverify.so
7fda2f5dd000-7fda2f5e4000 r-xp 00000000 08:01 8130459                    /lib/x86_64-linux-gnu/librt-2.17.so
7fda2f5e4000-7fda2f7e3000 ---p 00007000 08:01 8130459                    /lib/x86_64-linux-gnu/librt-2.17.so
7fda2f7e3000-7fda2f7e4000 r--p 00006000 08:01 8130459                    /lib/x86_64-linux-gnu/librt-2.17.so
7fda2f7e4000-7fda2f7e5000 rw-p 00007000 08:01 8130459                    /lib/x86_64-linux-gnu/librt-2.17.so
7fda2f7e5000-7fda2f7e8000 ---p 00000000 00:00 0 
7fda2f7e8000-7fda2f9e6000 rw-p 00000000 00:00 0                          [stack:15160]
7fda2f9e6000-7fda2f9fb000 r-xp 00000000 08:01 8126477                    /lib/x86_64-linux-gnu/libgcc_s.so.1
7fda2f9fb000-7fda2fbfa000 ---p 00015000 08:01 8126477                    /lib/x86_64-linux-gnu/libgcc_s.so.1
7fda2fbfa000-7fda2fbfb000 r--p 00014000 08:01 8126477                    /lib/x86_64-linux-gnu/libgcc_s.so.1
7fda2fbfb000-7fda2fbfc000 rw-p 00015000 08:01 8126477                    /lib/x86_64-linux-gnu/libgcc_s.so.1
7fda2fbfc000-7fda2fcff000 r-xp 00000000 08:01 8130387                    /lib/x86_64-linux-gnu/libm-2.17.so
7fda2fcff000-7fda2fefe000 ---p 00103000 08:01 8130387                    /lib/x86_64-linux-gnu/libm-2.17.so
7fda2fefe000-7fda2feff000 r--p 00102000 08:01 8130387                    /lib/x86_64-linux-gnu/libm-2.17.so
7fda2feff000-7fda2ff00000 rw-p 00103000 08:01 8130387                    /lib/x86_64-linux-gnu/libm-2.17.so
7fda2ff00000-7fda2ffe6000 r-xp 00000000 08:01 15729831                   /usr/lib/x86_64-linux-gnu/libstdc++.so.6.0.18
7fda2ffe6000-7fda301e5000 ---p 000e6000 08:01 15729831                   /usr/lib/x86_64-linux-gnu/libstdc++.so.6.0.18
7fda301e5000-7fda301ed000 r--p 000e5000 08:01 15729831                   /usr/lib/x86_64-linux-gnu/libstdc++.so.6.0.18
7fda301ed000-7fda301ef000 rw-p 000ed000 08:01 15729831                   /usr/lib/x86_64-linux-gnu/libstdc++.so.6.0.18
7fda301ef000-7fda30204000 rw-p 00000000 00:00 0 
7fda30204000-7fda30ce3000 r-xp 00000000 08:01 15861284                   /usr/lib/jvm/java-7-openjdk-amd64/jre/lib/amd64/server/libjvm.so
7fda30ce3000-7fda30ee2000 ---p 00adf000 08:01 15861284                   /usr/lib/jvm/java-7-openjdk-amd64/jre/lib/amd64/server/libjvm.so
7fda30ee2000-7fda30f74000 r--p 00ade000 08:01 15861284                   /usr/lib/jvm/java-7-openjdk-amd64/jre/lib/amd64/server/libjvm.so
7fda30f74000-7fda30f97000 rw-p 00b70000 08:01 15861284                   /usr/lib/jvm/java-7-openjdk-amd64/jre/lib/amd64/server/libjvm.so
7fda30f97000-7fda30fc4000 rw-p 00000000 00:00 0 
7fda30fc4000-7fda30fdc000 r-xp 00000000 08:01 8130494                    /lib/x86_64-linux-gnu/libz.so.1.2.8
7fda30fdc000-7fda311db000 ---p 00018000 08:01 8130494                    /lib/x86_64-linux-gnu/libz.so.1.2.8
7fda311db000-7fda311dc000 r--p 00017000 08:01 8130494                    /lib/x86_64-linux-gnu/libz.so.1.2.8
7fda311dc000-7fda311dd000 rw-p 00018000 08:01 8130494                    /lib/x86_64-linux-gnu/libz.so.1.2.8
7fda311dd000-7fda311f4000 r-xp 00000000 08:01 8130451                    /lib/x86_64-linux-gnu/libpthread-2.17.so
7fda311f4000-7fda313f4000 ---p 00017000 08:01 8130451                    /lib/x86_64-linux-gnu/libpthread-2.17.so
7fda313f4000-7fda313f5000 r--p 00017000 08:01 8130451                    /lib/x86_64-linux-gnu/libpthread-2.17.so
7fda313f5000-7fda313f6000 rw-p 00018000 08:01 8130451                    /lib/x86_64-linux-gnu/libpthread-2.17.so
7fda313f6000-7fda313fa000 rw-p 00000000 00:00 0 
7fda313fa000-7fda313fd000 r-xp 00000000 08:01 8130351                    /lib/x86_64-linux-gnu/libdl-2.17.so
7fda313fd000-7fda315fc000 ---p 00003000 08:01 8130351                    /lib/x86_64-linux-gnu/libdl-2.17.so
7fda315fc000-7fda315fd000 r--p 00002000 08:01 8130351                    /lib/x86_64-linux-gnu/libdl-2.17.so
7fda315fd000-7fda315fe000 rw-p 00003000 08:01 8130351                    /lib/x86_64-linux-gnu/libdl-2.17.so
7fda315fe000-7fda317bb000 r-xp 00000000 08:01 8130336                    /lib/x86_64-linux-gnu/libc-2.17.so
7fda317bb000-7fda319bb000 ---p 001bd000 08:01 8130336                    /lib/x86_64-linux-gnu/libc-2.17.so
7fda319bb000-7fda319bf000 r--p 001bd000 08:01 8130336                    /lib/x86_64-linux-gnu/libc-2.17.so
7fda319bf000-7fda319c1000 rw-p 001c1000 08:01 8130336                    /lib/x86_64-linux-gnu/libc-2.17.so
7fda319c1000-7fda319c6000 rw-p 00000000 00:00 0 
7fda319c6000-7fda319d3000 r-xp 00000000 08:01 15861291                   /usr/lib/jvm/java-7-openjdk-amd64/jre/lib/amd64/jli/libjli.so
7fda319d3000-7fda31bd2000 ---p 0000d000 08:01 15861291                   /usr/lib/jvm/java-7-openjdk-amd64/jre/lib/amd64/jli/libjli.so
7fda31bd2000-7fda31bd3000 r--p 0000c000 08:01 15861291                   /usr/lib/jvm/java-7-openjdk-amd64/jre/lib/amd64/jli/libjli.so
7fda31bd3000-7fda31bd4000 rw-p 0000d000 08:01 15861291                   /usr/lib/jvm/java-7-openjdk-amd64/jre/lib/amd64/jli/libjli.so
7fda31bd4000-7fda31bf7000 r-xp 00000000 08:01 8130312                    /lib/x86_64-linux-gnu/ld-2.17.so
7fda31bf7000-7fda31bfc000 r--s 0004c000 08:01 15861296                   /usr/lib/jvm/java-7-openjdk-amd64/jre/lib/jsse.jar
7fda31bfc000-7fda31c2a000 rw-p 00000000 00:00 0 
7fda31c2a000-7fda31c70000 rw-p 00000000 00:00 0 
7fda31c70000-7fda31c83000 rw-p 00000000 00:00 0 
7fda31c83000-7fda31d17000 rw-p 00000000 00:00 0 
7fda31d17000-7fda31d21000 rw-p 00000000 00:00 0 
7fda31d21000-7fda31dd7000 rw-p 00000000 00:00 0 
7fda31dd7000-7fda31dea000 rw-p 00000000 00:00 0 
7fda31dea000-7fda31df2000 rw-s 00000000 08:01 5767371                    /tmp/hsperfdata_alex/15135
7fda31df2000-7fda31df3000 rw-p 00000000 00:00 0 
7fda31df3000-7fda31df4000 r--p 00000000 00:00 0 
7fda31df4000-7fda31df6000 rw-p 00000000 00:00 0 
7fda31df6000-7fda31df7000 r--p 00022000 08:01 8130312                    /lib/x86_64-linux-gnu/ld-2.17.so
7fda31df7000-7fda31df9000 rw-p 00023000 08:01 8130312                    /lib/x86_64-linux-gnu/ld-2.17.so
7ffff9f85000-7ffff9fa6000 rw-p 00000000 00:00 0                          [stack]
7ffff9ffe000-7ffffa000000 r-xp 00000000 00:00 0                          [vdso]
ffffffffff600000-ffffffffff601000 r-xp 00000000 00:00 0                  [vsyscall]

VM Arguments:
jvm_args: -Djdk.home= -Djruby.home=/home/alex/.rbenv/versions/jruby-1.7.10 -Djruby.script=jruby -Djruby.shell=/bin/sh -Djffi.boot.library.path=/home/alex/.rbenv/versions/jruby-1.7.10/lib/jni:/home/alex/.rbenv/versions/jruby-1.7.10/lib/jni/i386-Linux:/home/alex/.rbenv/versions/jruby-1.7.10/lib/jni/arm-Linux:/home/alex/.rbenv/versions/jruby-1.7.10/lib/jni/x86_64-Linux -Xmx500m -Xss2048k -Xbootclasspath/a:/home/alex/.rbenv/versions/jruby-1.7.10/lib/jruby.jar 
java_command: org/jruby/Main Makefile.rb clean compile test clean
Launcher Type: SUN_STANDARD

Environment Variables:
PATH=/home/alex/.rbenv/versions/jruby-1.7.10/bin:/home/alex/.rbenv/libexec:/home/alex/.rbenv/plugins/ruby-build/bin:/home/alex/.rbenv/shims:~/.rbenv/bin:~/.rbenv/bin:/usr/local/sbin:/usr/local/bin:/usr/sbin:/usr/bin:/sbin:/bin:/usr/games:/usr/local/games
USERNAME=alex
SHELL=/bin/bash
DISPLAY=:0

Signal Handlers:
SIGSEGV: [libjvm.so+0x916ea0], sa_mask[0]=0x7ffbfeff, sa_flags=0x10000004
SIGBUS: [libjvm.so+0x916ea0], sa_mask[0]=0x7ffbfeff, sa_flags=0x10000004
SIGFPE: [libjvm.so+0x794800], sa_mask[0]=0x7ffbfeff, sa_flags=0x10000004
SIGPIPE: [libjvm.so+0x794800], sa_mask[0]=0x7ffbfeff, sa_flags=0x10000004
SIGXFSZ: [libjvm.so+0x794800], sa_mask[0]=0x7ffbfeff, sa_flags=0x10000004
SIGILL: [libjvm.so+0x794800], sa_mask[0]=0x7ffbfeff, sa_flags=0x10000004
SIGUSR1: SIG_DFL, sa_mask[0]=0x00000000, sa_flags=0x00000000
SIGUSR2: [libjvm.so+0x7946a0], sa_mask[0]=0x00000000, sa_flags=0x10000004
SIGHUP: [libjvm.so+0x794880], sa_mask[0]=0x7ffbfeff, sa_flags=0x10000004
SIGINT: [libjvm.so+0x794880], sa_mask[0]=0x7ffbfeff, sa_flags=0x10000004
SIGTERM: [libjvm.so+0x794880], sa_mask[0]=0x7ffbfeff, sa_flags=0x10000004
SIGQUIT: [libjvm.so+0x794880], sa_mask[0]=0x7ffbfeff, sa_flags=0x10000004


---------------  S Y S T E M  ---------------

OS:LinuxMint 16 (petra)
uname:Linux 3.11.0-12-generic #19-Ubuntu SMP Wed Oct 9 16:20:46 UTC 2013 x86_64
libc:glibc 2.17 NPTL 2.17 
rlimit: STACK 8192k, CORE 0k, NPROC 28798, NOFILE 4096, AS infinity
load average:0,67 0,58 0,48

/proc/meminfo:
MemTotal:        3715476 kB
MemFree:         1850352 kB
Buffers:           75260 kB
Cached:           949200 kB
SwapCached:            0 kB
Active:          1060116 kB
Inactive:         648764 kB
Active(anon):     686108 kB
Inactive(anon):   184248 kB
Active(file):     374008 kB
Inactive(file):   464516 kB
Unevictable:          16 kB
Mlocked:              16 kB
SwapTotal:       3856380 kB
SwapFree:        3856380 kB
Dirty:               380 kB
Writeback:             0 kB
AnonPages:        684996 kB
Mapped:           181616 kB
Shmem:            185940 kB
Slab:              77972 kB
SReclaimable:      52296 kB
SUnreclaim:        25676 kB
KernelStack:        3448 kB
PageTables:        24000 kB
NFS_Unstable:          0 kB
Bounce:                0 kB
WritebackTmp:          0 kB
CommitLimit:     5714116 kB
Committed_AS:    2925948 kB
VmallocTotal:   34359738367 kB
VmallocUsed:      414316 kB
VmallocChunk:   34359320060 kB
HardwareCorrupted:     0 kB
AnonHugePages:         0 kB
HugePages_Total:       0
HugePages_Free:        0
HugePages_Rsvd:        0
HugePages_Surp:        0
Hugepagesize:       2048 kB
DirectMap4k:       66768 kB
DirectMap2M:     3790848 kB


CPU:total 4 (2 cores per cpu, 2 threads per core) family 6 model 37 stepping 5, cmov, cx8, fxsr, mmx, sse, sse2, sse3, ssse3, sse4.1, sse4.2, popcnt, ht, tsc, tscinvbit

/proc/cpuinfo:
processor	: 0
vendor_id	: GenuineIntel
cpu family	: 6
model		: 37
model name	: Intel(R) Core(TM) i3 CPU       M 380  @ 2.53GHz
stepping	: 5
microcode	: 0x2
cpu MHz		: 1733.000
cache size	: 3072 KB
physical id	: 0
siblings	: 4
core id		: 0
cpu cores	: 2
apicid		: 0
initial apicid	: 0
fpu		: yes
fpu_exception	: yes
cpuid level	: 11
wp		: yes
flags		: fpu vme de pse tsc msr pae mce cx8 apic sep mtrr pge mca cmov pat pse36 clflush dts acpi mmx fxsr sse sse2 ss ht tm pbe syscall nx rdtscp lm constant_tsc arch_perfmon pebs bts rep_good nopl xtopology nonstop_tsc aperfmperf pni dtes64 monitor ds_cpl vmx est tm2 ssse3 cx16 xtpr pdcm pcid sse4_1 sse4_2 popcnt lahf_lm arat dtherm tpr_shadow vnmi flexpriority ept vpid
bogomips	: 5054.08
clflush size	: 64
cache_alignment	: 64
address sizes	: 36 bits physical, 48 bits virtual
power management:

processor	: 1
vendor_id	: GenuineIntel
cpu family	: 6
model		: 37
model name	: Intel(R) Core(TM) i3 CPU       M 380  @ 2.53GHz
stepping	: 5
microcode	: 0x2
cpu MHz		: 2533.000
cache size	: 3072 KB
physical id	: 0
siblings	: 4
core id		: 0
cpu cores	: 2
apicid		: 1
initial apicid	: 1
fpu		: yes
fpu_exception	: yes
cpuid level	: 11
wp		: yes
flags		: fpu vme de pse tsc msr pae mce cx8 apic sep mtrr pge mca cmov pat pse36 clflush dts acpi mmx fxsr sse sse2 ss ht tm pbe syscall nx rdtscp lm constant_tsc arch_perfmon pebs bts rep_good nopl xtopology nonstop_tsc aperfmperf pni dtes64 monitor ds_cpl vmx est tm2 ssse3 cx16 xtpr pdcm pcid sse4_1 sse4_2 popcnt lahf_lm arat dtherm tpr_shadow vnmi flexpriority ept vpid
bogomips	: 5054.08
clflush size	: 64
cache_alignment	: 64
address sizes	: 36 bits physical, 48 bits virtual
power management:

processor	: 2
vendor_id	: GenuineIntel
cpu family	: 6
model		: 37
model name	: Intel(R) Core(TM) i3 CPU       M 380  @ 2.53GHz
stepping	: 5
microcode	: 0x2
cpu MHz		: 1199.000
cache size	: 3072 KB
physical id	: 0
siblings	: 4
core id		: 2
cpu cores	: 2
apicid		: 4
initial apicid	: 4
fpu		: yes
fpu_exception	: yes
cpuid level	: 11
wp		: yes
flags		: fpu vme de pse tsc msr pae mce cx8 apic sep mtrr pge mca cmov pat pse36 clflush dts acpi mmx fxsr sse sse2 ss ht tm pbe syscall nx rdtscp lm constant_tsc arch_perfmon pebs bts rep_good nopl xtopology nonstop_tsc aperfmperf pni dtes64 monitor ds_cpl vmx est tm2 ssse3 cx16 xtpr pdcm pcid sse4_1 sse4_2 popcnt lahf_lm arat dtherm tpr_shadow vnmi flexpriority ept vpid
bogomips	: 5054.08
clflush size	: 64
cache_alignment	: 64
address sizes	: 36 bits physical, 48 bits virtual
power management:

processor	: 3
vendor_id	: GenuineIntel
cpu family	: 6
model		: 37
model name	: Intel(R) Core(TM) i3 CPU       M 380  @ 2.53GHz
stepping	: 5
microcode	: 0x2
cpu MHz		: 2533.000
cache size	: 3072 KB
physical id	: 0
siblings	: 4
core id		: 2
cpu cores	: 2
apicid		: 5
initial apicid	: 5
fpu		: yes
fpu_exception	: yes
cpuid level	: 11
wp		: yes
flags		: fpu vme de pse tsc msr pae mce cx8 apic sep mtrr pge mca cmov pat pse36 clflush dts acpi mmx fxsr sse sse2 ss ht tm pbe syscall nx rdtscp lm constant_tsc arch_perfmon pebs bts rep_good nopl xtopology nonstop_tsc aperfmperf pni dtes64 monitor ds_cpl vmx est tm2 ssse3 cx16 xtpr pdcm pcid sse4_1 sse4_2 popcnt lahf_lm arat dtherm tpr_shadow vnmi flexpriority ept vpid
bogomips	: 5054.08
clflush size	: 64
cache_alignment	: 64
address sizes	: 36 bits physical, 48 bits virtual
power management:



Memory: 4k page, physical 3715476k(1850352k free), swap 3856380k(3856380k free)

vm_info: OpenJDK 64-Bit Server VM (24.45-b08) for linux-amd64 JRE (1.7.0_51-b00), built on Jan 15 2014 22:02:57 by "buildd" with gcc 4.8.1

time: Fri Apr 18 15:34:10 2014
elapsed time: 4 seconds

