#
# A fatal error has been detected by the Java Runtime Environment:
#
#  SIGSEGV (0xb) at pc=0x00007f6f60581dd6, pid=29142, tid=140116651796224
#
# JRE version: OpenJDK Runtime Environment (7.0_51) (build 1.7.0_51-b00)
# Java VM: OpenJDK 64-Bit Server VM (24.45-b08 mixed mode linux-amd64 compressed oops)
# Problematic frame:
# C  [libintersection.so+0xdd6]  find_intersections+0x221
#
# Failed to write core dump. Core dumps have been disabled. To enable core dumping, try "ulimit -c unlimited" before starting Java again
#
# If you would like to submit a bug report, please include
# instructions on how to reproduce the bug and visit:
#   http://icedtea.classpath.org/bugzilla
# The crash happened outside the Java Virtual Machine in native code.
# See problematic frame for where to report the bug.
#

---------------  T H R E A D  ---------------

Current thread (0x00007f6f6c00a800):  JavaThread "main" [_thread_in_native, id=29167, stack(0x00007f6f7321e000,0x00007f6f7341f000)]

siginfo:si_signo=SIGSEGV: si_errno=0, si_code=1 (SEGV_MAPERR), si_addr=0x000000006c4e6bd0

Registers:
RAX=0x000000006c4e6bb0, RBX=0x00000000d79ae270, RCX=0xffffffffffffffff, RDX=0x00007f6f753fa9f0
RSP=0x00007f6f7341c030, RBP=0x00007f6f7341c080, RSI=0x00007f6f70004000, RDI=0x00000000ffffffff
R8 =0x6464646464646464, R9 =0x0000000000000020, R10=0x00007f6f7341bdd0, R11=0x0000000000000000
R12=0x0000000000000000, R13=0x00000000d79ae270, R14=0x00007f6f7341c168, R15=0x00007f6f6c00a800
RIP=0x00007f6f60581dd6, EFLAGS=0x0000000000010246, CSGSFS=0x0000000000000033, ERR=0x0000000000000004
  TRAPNO=0x000000000000000e

Top of Stack: (sp=0x00007f6f7341c030)
0x00007f6f7341c030:   4000000000000000 00007f6f6c4e6a40
0x00007f6f7341c040:   000000006c4e6bb0 00007f6f6c4e6b60
0x00007f6f7341c050:   00007f6f6c4e6d60 000000006c4e6bd0
0x00007f6f7341c060:   00007f6f7341c078 00007f6f7341c0c8
0x00007f6f7341c070:   00007f6f69006233 00000000f6828ee0
0x00007f6f7341c080:   00007f6f6c4824a0 00007f6f6179bcd9
0x00007f6f7341c090:   00000000d69fc4a3 00000000d79ae270
0x00007f6f7341c0a0:   00007f6f7341c120 00007f6f69012738
0x00007f6f7341c0b0:   00000000d69fc528 0000000000000000
0x00007f6f7341c0c0:   00007f6f7341c0e8 00007f6f7341c148
0x00007f6f7341c0d0:   00007f6f69006233 00000000f5ab3b38
0x00007f6f7341c0e0:   00007f6f7341c0e0 0000000000000000
0x00007f6f7341c0f0:   00007f6f7341c168 00000000d79b6798
0x00007f6f7341c100:   0000000000000000 00000000d79ae270
0x00007f6f7341c110:   0000000000000000 00007f6f7341c140
0x00007f6f7341c120:   00007f6f7341c1b0 00007f6f69006175
0x00007f6f7341c130:   00000000e115c040 00007f6f6900ecd7
0x00007f6f7341c140:   00007f6f6c4e6a40 00007f6f6916606c
0x00007f6f7341c150:   00007f6f60581bb5 00000000f593c288
0x00007f6f7341c160:   00007f6f6c4824a0 0000000000000001
0x00007f6f7341c170:   00007f6f7341c170 00000000d7aab0d7
0x00007f6f7341c180:   00007f6f7341c1e8 00000000d7ab7330
0x00007f6f7341c190:   00000000d7ed9080 00000000d7aab118
0x00007f6f7341c1a0:   00007f6f7341c140 00007f6f7341c1c0
0x00007f6f7341c1b0:   00007f6f7341c238 00007f6f69006175
0x00007f6f7341c1c0:   00007f6f6c4e6a40 00000000f670eeb8
0x00007f6f7341c1d0:   00007f6f60581bb5 0000000000000000
0x00007f6f7341c1e0:   00000000e0fe8340 00000000e11617e8
0x00007f6f7341c1f0:   00000000f6982b48 00007f6f7341c1f8
0x00007f6f7341c200:   00000000d7ee09ec 00007f6f7341c280
0x00007f6f7341c210:   00000000d7ee0e48 0000000000000000
0x00007f6f7341c220:   00000000d7ee0a10 00007f6f7341c1c0 

Instructions: (pc=0x00007f6f60581dd6)
0x00007f6f60581db6:   06 fc ff ff 48 8d 3d f5 01 00 00 e8 fa fb ff ff
0x00007f6f60581dc6:   48 8d 3d e9 01 00 00 e8 ee fb ff ff 48 8b 45 c0
0x00007f6f60581dd6:   48 8b 40 20 48 8b 50 08 48 8b 45 c0 48 8b 40 20
0x00007f6f60581de6:   48 8b 00 48 89 55 b0 f2 0f 10 4d b0 48 89 45 b0 

Register to memory mapping:

RAX=0x000000006c4e6bb0 is an unknown value
RBX=0x00000000d79ae270 is an oop
{method} 
 - klass: {other class}
RCX=0xffffffffffffffff is an unknown value
RDX=0x00007f6f753fa9f0: <offset 0x3c39f0> in /lib/x86_64-linux-gnu/libc.so.6 at 0x00007f6f75037000
RSP=0x00007f6f7341c030 is pointing into the stack for thread: 0x00007f6f6c00a800
RBP=0x00007f6f7341c080 is pointing into the stack for thread: 0x00007f6f6c00a800
RSI=0x00007f6f70004000 is an unknown value
RDI=0x00000000ffffffff is an unallocated location in the heap
R8 =0x6464646464646464 is an unknown value
R9 =0x0000000000000020 is an unknown value
R10=0x00007f6f7341bdd0 is pointing into the stack for thread: 0x00007f6f6c00a800
R11=0x0000000000000000 is an unknown value
R12=0x0000000000000000 is an unknown value
R13=0x00000000d79ae270 is an oop
{method} 
 - klass: {other class}
R14=0x00007f6f7341c168 is pointing into the stack for thread: 0x00007f6f6c00a800
R15=0x00007f6f6c00a800 is a thread


Stack: [0x00007f6f7321e000,0x00007f6f7341f000],  sp=0x00007f6f7341c030,  free space=2040k
Native frames: (J=compiled Java code, j=interpreted, Vv=VM code, C=native code)
C  [libintersection.so+0xdd6]  find_intersections+0x221

Java frames: (J=compiled Java code, j=interpreted, Vv=VM code)
j  com.kenai.jffi.Foreign.invokeL1(JJJ)J+0
j  com.kenai.jffi.Invoker.invokeL1(Lcom/kenai/jffi/CallContext;JJ)J+7
j  org.jruby.ext.ffi.jffi.NativeInvoker$ffi$8.call(Lorg/jruby/runtime/ThreadContext;Lorg/jruby/runtime/builtin/IRubyObject;Lorg/jruby/RubyModule;Ljava/lang/String;Lorg/jruby/runtime/builtin/IRubyObject;)Lorg/jruby/runtime/builtin/IRubyObject;+76
j  org.jruby.runtime.callsite.CachingCallSite.cacheAndCall(Lorg/jruby/runtime/builtin/IRubyObject;Lorg/jruby/RubyClass;Lorg/jruby/runtime/ThreadContext;Lorg/jruby/runtime/builtin/IRubyObject;Lorg/jruby/runtime/builtin/IRubyObject;)Lorg/jruby/runtime/builtin/IRubyObject;+57
J  org.jruby.runtime.callsite.CachingCallSite.call(Lorg/jruby/runtime/ThreadContext;Lorg/jruby/runtime/builtin/IRubyObject;Lorg/jruby/runtime/builtin/IRubyObject;Lorg/jruby/runtime/builtin/IRubyObject;)Lorg/jruby/runtime/builtin/IRubyObject;
J  org.jruby.ast.CallOneArgNode.interpret(Lorg/jruby/Ruby;Lorg/jruby/runtime/ThreadContext;Lorg/jruby/runtime/builtin/IRubyObject;Lorg/jruby/runtime/Block;)Lorg/jruby/runtime/builtin/IRubyObject;
j  org.jruby.ast.LocalAsgnNode.interpret(Lorg/jruby/Ruby;Lorg/jruby/runtime/ThreadContext;Lorg/jruby/runtime/builtin/IRubyObject;Lorg/jruby/runtime/Block;)Lorg/jruby/runtime/builtin/IRubyObject;+30
J  org.jruby.ast.BlockNode.interpret(Lorg/jruby/Ruby;Lorg/jruby/runtime/ThreadContext;Lorg/jruby/runtime/builtin/IRubyObject;Lorg/jruby/runtime/Block;)Lorg/jruby/runtime/builtin/IRubyObject;
j  org.jruby.evaluator.ASTInterpreter.INTERPRET_METHOD(Lorg/jruby/Ruby;Lorg/jruby/runtime/ThreadContext;Ljava/lang/String;ILorg/jruby/RubyModule;Lorg/jruby/ast/Node;Ljava/lang/String;Lorg/jruby/runtime/builtin/IRubyObject;Lorg/jruby/runtime/Block;Z)Lorg/jruby/runtime/builtin/IRubyObject;+30
j  org.jruby.internal.runtime.methods.InterpretedMethod.call(Lorg/jruby/runtime/ThreadContext;Lorg/jruby/runtime/builtin/IRubyObject;Lorg/jruby/RubyModule;Ljava/lang/String;)Lorg/jruby/runtime/builtin/IRubyObject;+80
j  org.jruby.internal.runtime.methods.DefaultMethod.call(Lorg/jruby/runtime/ThreadContext;Lorg/jruby/runtime/builtin/IRubyObject;Lorg/jruby/RubyModule;Ljava/lang/String;)Lorg/jruby/runtime/builtin/IRubyObject;+20
J  org.jruby.ast.CallNoArgNode.interpret(Lorg/jruby/Ruby;Lorg/jruby/runtime/ThreadContext;Lorg/jruby/runtime/builtin/IRubyObject;Lorg/jruby/runtime/Block;)Lorg/jruby/runtime/builtin/IRubyObject;
j  org.jruby.ast.FCallTwoArgNode.interpret(Lorg/jruby/Ruby;Lorg/jruby/runtime/ThreadContext;Lorg/jruby/runtime/builtin/IRubyObject;Lorg/jruby/runtime/Block;)Lorg/jruby/runtime/builtin/IRubyObject;+28
J  org.jruby.ast.BlockNode.interpret(Lorg/jruby/Ruby;Lorg/jruby/runtime/ThreadContext;Lorg/jruby/runtime/builtin/IRubyObject;Lorg/jruby/runtime/Block;)Lorg/jruby/runtime/builtin/IRubyObject;
j  org.jruby.evaluator.ASTInterpreter.INTERPRET_METHOD(Lorg/jruby/Ruby;Lorg/jruby/runtime/ThreadContext;Ljava/lang/String;ILorg/jruby/RubyModule;Lorg/jruby/ast/Node;Ljava/lang/String;Lorg/jruby/runtime/builtin/IRubyObject;Lorg/jruby/runtime/Block;Z)Lorg/jruby/runtime/builtin/IRubyObject;+30
j  org.jruby.internal.runtime.methods.InterpretedMethod.call(Lorg/jruby/runtime/ThreadContext;Lorg/jruby/runtime/builtin/IRubyObject;Lorg/jruby/RubyModule;Ljava/lang/String;)Lorg/jruby/runtime/builtin/IRubyObject;+80
j  org.jruby.internal.runtime.methods.DefaultMethod.call(Lorg/jruby/runtime/ThreadContext;Lorg/jruby/runtime/builtin/IRubyObject;Lorg/jruby/RubyModule;Ljava/lang/String;)Lorg/jruby/runtime/builtin/IRubyObject;+20
j  org.jruby.runtime.callsite.CachingCallSite.cacheAndCall(Lorg/jruby/runtime/builtin/IRubyObject;Lorg/jruby/RubyClass;Lorg/jruby/runtime/ThreadContext;Lorg/jruby/runtime/builtin/IRubyObject;)Lorg/jruby/runtime/builtin/IRubyObject;+53
j  org.jruby.runtime.callsite.CachingCallSite.call(Lorg/jruby/runtime/ThreadContext;Lorg/jruby/runtime/builtin/IRubyObject;Lorg/jruby/runtime/builtin/IRubyObject;)Lorg/jruby/runtime/builtin/IRubyObject;+46
j  Makefile.method__3$RUBY$test(LMakefile;Lorg/jruby/runtime/ThreadContext;Lorg/jruby/runtime/builtin/IRubyObject;Lorg/jruby/runtime/Block;)Lorg/jruby/runtime/builtin/IRubyObject;+130
j  Makefile$method__3$RUBY$test.call(Lorg/jruby/runtime/ThreadContext;Lorg/jruby/runtime/builtin/IRubyObject;Lorg/jruby/RubyModule;Ljava/lang/String;Lorg/jruby/runtime/Block;)Lorg/jruby/runtime/builtin/IRubyObject;+17
j  org.jruby.RubyClass.finvoke(Lorg/jruby/runtime/ThreadContext;Lorg/jruby/runtime/builtin/IRubyObject;Ljava/lang/String;Lorg/jruby/runtime/Block;)Lorg/jruby/runtime/builtin/IRubyObject;+41
j  org.jruby.RubyBasicObject.send19(Lorg/jruby/runtime/ThreadContext;Lorg/jruby/runtime/builtin/IRubyObject;Lorg/jruby/runtime/Block;)Lorg/jruby/runtime/builtin/IRubyObject;+15
j  org.jruby.RubyKernel.send19(Lorg/jruby/runtime/ThreadContext;Lorg/jruby/runtime/builtin/IRubyObject;Lorg/jruby/runtime/builtin/IRubyObject;Lorg/jruby/runtime/Block;)Lorg/jruby/runtime/builtin/IRubyObject;+7
j  org.jruby.RubyKernel$INVOKER$s$send19.call(Lorg/jruby/runtime/ThreadContext;Lorg/jruby/runtime/builtin/IRubyObject;Lorg/jruby/RubyModule;Ljava/lang/String;Lorg/jruby/runtime/builtin/IRubyObject;Lorg/jruby/runtime/Block;)Lorg/jruby/runtime/builtin/IRubyObject;+6
j  org.jruby.internal.runtime.methods.JavaMethod$JavaMethodOneOrNBlock.call(Lorg/jruby/runtime/ThreadContext;Lorg/jruby/runtime/builtin/IRubyObject;Lorg/jruby/RubyModule;Ljava/lang/String;Lorg/jruby/runtime/builtin/IRubyObject;)Lorg/jruby/runtime/builtin/IRubyObject;+11
j  org.jruby.runtime.callsite.CachingCallSite.call(Lorg/jruby/runtime/ThreadContext;Lorg/jruby/runtime/builtin/IRubyObject;Lorg/jruby/runtime/builtin/IRubyObject;Lorg/jruby/runtime/builtin/IRubyObject;)Lorg/jruby/runtime/builtin/IRubyObject;+38
j  Makefile.block_7$RUBY$__file__(LMakefile;Lorg/jruby/runtime/ThreadContext;Lorg/jruby/runtime/builtin/IRubyObject;[Lorg/jruby/runtime/builtin/IRubyObject;Lorg/jruby/runtime/Block;)Lorg/jruby/runtime/builtin/IRubyObject;+46
j  Makefile$block_7$RUBY$__file__.call(Lorg/jruby/runtime/ThreadContext;Lorg/jruby/runtime/builtin/IRubyObject;[Lorg/jruby/runtime/builtin/IRubyObject;Lorg/jruby/runtime/Block;)Lorg/jruby/runtime/builtin/IRubyObject;+9
j  org.jruby.runtime.CompiledBlock19.yield(Lorg/jruby/runtime/ThreadContext;Lorg/jruby/runtime/builtin/IRubyObject;Lorg/jruby/runtime/Binding;Lorg/jruby/runtime/Block$Type;)Lorg/jruby/runtime/builtin/IRubyObject;+52
j  org.jruby.runtime.Block.yield(Lorg/jruby/runtime/ThreadContext;Lorg/jruby/runtime/builtin/IRubyObject;)Lorg/jruby/runtime/builtin/IRubyObject;+14
j  org.jruby.RubyArray.eachCommon(Lorg/jruby/runtime/ThreadContext;Lorg/jruby/runtime/Block;)Lorg/jruby/runtime/builtin/IRubyObject;+41
j  org.jruby.RubyArray.each(Lorg/jruby/runtime/ThreadContext;Lorg/jruby/runtime/Block;)Lorg/jruby/runtime/builtin/IRubyObject;+10
j  org.jruby.RubyArray$INVOKER$i$0$0$each.call(Lorg/jruby/runtime/ThreadContext;Lorg/jruby/runtime/builtin/IRubyObject;Lorg/jruby/RubyModule;Ljava/lang/String;Lorg/jruby/runtime/Block;)Lorg/jruby/runtime/builtin/IRubyObject;+7
j  org.jruby.runtime.callsite.CachingCallSite.cacheAndCall(Lorg/jruby/runtime/builtin/IRubyObject;Lorg/jruby/RubyClass;Lorg/jruby/runtime/Block;Lorg/jruby/runtime/ThreadContext;Lorg/jruby/runtime/builtin/IRubyObject;)Lorg/jruby/runtime/builtin/IRubyObject;+57
j  org.jruby.runtime.callsite.CachingCallSite.callBlock(Lorg/jruby/runtime/ThreadContext;Lorg/jruby/runtime/builtin/IRubyObject;Lorg/jruby/runtime/builtin/IRubyObject;Lorg/jruby/runtime/Block;)Lorg/jruby/runtime/builtin/IRubyObject;+50
j  org.jruby.runtime.callsite.CachingCallSite.callIter(Lorg/jruby/runtime/ThreadContext;Lorg/jruby/runtime/builtin/IRubyObject;Lorg/jruby/runtime/builtin/IRubyObject;Lorg/jruby/runtime/Block;)Lorg/jruby/runtime/builtin/IRubyObject;+6
j  Makefile.__file__(LMakefile;Lorg/jruby/runtime/ThreadContext;Lorg/jruby/runtime/builtin/IRubyObject;[Lorg/jruby/runtime/builtin/IRubyObject;Lorg/jruby/runtime/Block;)Lorg/jruby/runtime/builtin/IRubyObject;+938
j  Makefile.load(Lorg/jruby/runtime/ThreadContext;Lorg/jruby/runtime/builtin/IRubyObject;Z)Lorg/jruby/runtime/builtin/IRubyObject;+22
j  org.jruby.Ruby.runScript(Lorg/jruby/ast/executable/Script;Z)Lorg/jruby/runtime/builtin/IRubyObject;+12
j  org.jruby.Ruby.runScript(Lorg/jruby/ast/executable/Script;)Lorg/jruby/runtime/builtin/IRubyObject;+3
j  org.jruby.Ruby.runNormally(Lorg/jruby/ast/Node;)Lorg/jruby/runtime/builtin/IRubyObject;+73
j  org.jruby.Ruby.runFromMain(Ljava/io/InputStream;Ljava/lang/String;)V+320
j  org.jruby.Main.doRunFromMain(Lorg/jruby/Ruby;Ljava/io/InputStream;Ljava/lang/String;)Lorg/jruby/Main$Status;+12
j  org.jruby.Main.internalRun()Lorg/jruby/Main$Status;+234
j  org.jruby.Main.run([Ljava/lang/String;)Lorg/jruby/Main$Status;+9
j  org.jruby.Main.main([Ljava/lang/String;)V+35
v  ~StubRoutines::call_stub

---------------  P R O C E S S  ---------------

Java Threads: ( => current thread )
  0x00007f6f6c404800 JavaThread "JRubyJIT-2" daemon [_thread_blocked, id=29303, stack(0x00007f6f60f90000,0x00007f6f61191000)]
  0x00007f6f6c340000 JavaThread "process reaper" daemon [_thread_blocked, id=29182, stack(0x00007f6f68034000,0x00007f6f6806d000)]
  0x00007f6f6c48b800 JavaThread "JRubyJIT-1" daemon [_thread_blocked, id=29180, stack(0x00007f6f61593000,0x00007f6f61794000)]
  0x00007f6f6c0ae000 JavaThread "Service Thread" daemon [_thread_blocked, id=29178, stack(0x00007f6f63301000,0x00007f6f63502000)]
  0x00007f6f6c0ab800 JavaThread "C2 CompilerThread1" daemon [_thread_blocked, id=29177, stack(0x00007f6f63502000,0x00007f6f63603000)]
  0x00007f6f6c0a8800 JavaThread "C2 CompilerThread0" daemon [_thread_in_native, id=29176, stack(0x00007f6f6806d000,0x00007f6f6816e000)]
  0x00007f6f6c0a6800 JavaThread "Signal Dispatcher" daemon [_thread_blocked, id=29175, stack(0x00007f6f63603000,0x00007f6f63804000)]
  0x00007f6f6c082800 JavaThread "Finalizer" daemon [_thread_blocked, id=29174, stack(0x00007f6f63bfe000,0x00007f6f63dff000)]
  0x00007f6f6c080800 JavaThread "Reference Handler" daemon [_thread_blocked, id=29173, stack(0x00007f6f63dff000,0x00007f6f64000000)]
=>0x00007f6f6c00a800 JavaThread "main" [_thread_in_native, id=29167, stack(0x00007f6f7321e000,0x00007f6f7341f000)]

Other Threads:
  0x00007f6f6c07c800 VMThread [stack: 0x00007f6f6816e000,0x00007f6f6826f000] [id=29172]
  0x00007f6f6c0b8800 WatcherThread [stack: 0x00007f6f63200000,0x00007f6f63301000] [id=29179]

VM state:not at safepoint (normal execution)

VM Mutex/Monitor currently owned by a thread: None

Heap
 PSYoungGen      total 17408K, used 16695K [0x00000000f5900000, 0x00000000f7b00000, 0x0000000100000000)
  eden space 15360K, 95% used [0x00000000f5900000,0x00000000f67546f8,0x00000000f6800000)
  from space 2048K, 98% used [0x00000000f6800000,0x00000000f69f9518,0x00000000f6a00000)
  to   space 2048K, 0% used [0x00000000f7900000,0x00000000f7900000,0x00000000f7b00000)
 ParOldGen       total 38400K, used 8499K [0x00000000e0c00000, 0x00000000e3180000, 0x00000000f5900000)
  object space 38400K, 22% used [0x00000000e0c00000,0x00000000e144cc10,0x00000000e3180000)
 PSPermGen       total 25600K, used 25484K [0x00000000d6600000, 0x00000000d7f00000, 0x00000000e0c00000)
  object space 25600K, 99% used [0x00000000d6600000,0x00000000d7ee3160,0x00000000d7f00000)

Card table byte_map: [0x00007f6f72044000,0x00007f6f72192000] byte_map_base: 0x00007f6f71991000

Polling page: 0x00007f6f7582c000

Code Cache  [0x00007f6f69000000, 0x00007f6f69270000, 0x00007f6f6c000000)
 total_blobs=993 nmethods=512 adapters=433 free_code_cache=47555Kb largest_free_block=48671744

Compilation events (10 events):
Event: 10,050 Thread 0x00007f6f6c0a8800  544             org.jruby.util.Qsort::partition (273 bytes)
Event: 10,050 Thread 0x00007f6f6c0ab800 nmethod 543 0x00007f6f69190890 code [0x00007f6f691909e0, 0x00007f6f69190a78]
Event: 10,050 Thread 0x00007f6f6c0ab800  545             org.jruby.runtime.scope.OneVarDynamicScope::setArgValues (13 bytes)
Event: 10,051 Thread 0x00007f6f6c0ab800 nmethod 545 0x00007f6f6918c450 code [0x00007f6f6918c5a0, 0x00007f6f6918c638]
Event: 10,051 Thread 0x00007f6f6c0ab800  546             org.jruby.RubyArray::append (113 bytes)
Event: 10,076 Thread 0x00007f6f6c0ab800 nmethod 546 0x00007f6f69193ad0 code [0x00007f6f69193ce0, 0x00007f6f69194620]
Event: 10,076 Thread 0x00007f6f6c0ab800  547             org.jruby.runtime.callsite.ShiftLeftCallSite::call (37 bytes)
Event: 10,088 Thread 0x00007f6f6c0ab800 nmethod 547 0x00007f6f6918f650 code [0x00007f6f6918f7c0, 0x00007f6f6918fa68]
Event: 10,092 Thread 0x00007f6f6c0ab800  548             org.jruby.runtime.ThreadContext::getCurrentFrame (10 bytes)
Event: 10,094 Thread 0x00007f6f6c0ab800 nmethod 548 0x00007f6f6918f3d0 code [0x00007f6f6918f520, 0x00007f6f6918f5b8]

GC Heap History (6 events):
Event: 3,392 GC heap before
{Heap before GC invocations=1 (full 0):
 PSYoungGen      total 17408K, used 15360K [0x00000000f5900000, 0x00000000f6c00000, 0x0000000100000000)
  eden space 15360K, 100% used [0x00000000f5900000,0x00000000f6800000,0x00000000f6800000)
  from space 2048K, 0% used [0x00000000f6a00000,0x00000000f6a00000,0x00000000f6c00000)
  to   space 2048K, 0% used [0x00000000f6800000,0x00000000f6800000,0x00000000f6a00000)
 ParOldGen       total 38400K, used 0K [0x00000000e0c00000, 0x00000000e3180000, 0x00000000f5900000)
  object space 38400K, 0% used [0x00000000e0c00000,0x00000000e0c00000,0x00000000e3180000)
 PSPermGen       total 21504K, used 18949K [0x00000000d6600000, 0x00000000d7b00000, 0x00000000e0c00000)
  object space 21504K, 88% used [0x00000000d6600000,0x00000000d78816e8,0x00000000d7b00000)
Event: 3,423 GC heap after
Heap after GC invocations=1 (full 0):
 PSYoungGen      total 17408K, used 2037K [0x00000000f5900000, 0x00000000f6c00000, 0x0000000100000000)
  eden space 15360K, 0% used [0x00000000f5900000,0x00000000f5900000,0x00000000f6800000)
  from space 2048K, 99% used [0x00000000f6800000,0x00000000f69fd4b8,0x00000000f6a00000)
  to   space 2048K, 0% used [0x00000000f6a00000,0x00000000f6a00000,0x00000000f6c00000)
 ParOldGen       total 38400K, used 3788K [0x00000000e0c00000, 0x00000000e3180000, 0x00000000f5900000)
  object space 38400K, 9% used [0x00000000e0c00000,0x00000000e0fb3100,0x00000000e3180000)
 PSPermGen       total 21504K, used 18949K [0x00000000d6600000, 0x00000000d7b00000, 0x00000000e0c00000)
  object space 21504K, 88% used [0x00000000d6600000,0x00000000d78816e8,0x00000000d7b00000)
}
Event: 5,851 GC heap before
{Heap before GC invocations=2 (full 0):
 PSYoungGen      total 17408K, used 17397K [0x00000000f5900000, 0x00000000f6c00000, 0x0000000100000000)
  eden space 15360K, 100% used [0x00000000f5900000,0x00000000f6800000,0x00000000f6800000)
  from space 2048K, 99% used [0x00000000f6800000,0x00000000f69fd4b8,0x00000000f6a00000)
  to   space 2048K, 0% used [0x00000000f6a00000,0x00000000f6a00000,0x00000000f6c00000)
 ParOldGen       total 38400K, used 3788K [0x00000000e0c00000, 0x00000000e3180000, 0x00000000f5900000)
  object space 38400K, 9% used [0x00000000e0c00000,0x00000000e0fb3100,0x00000000e3180000)
 PSPermGen       total 23552K, used 23439K [0x00000000d6600000, 0x00000000d7d00000, 0x00000000e0c00000)
  object space 23552K, 99% used [0x00000000d6600000,0x00000000d7ce3c90,0x00000000d7d00000)
Event: 5,918 GC heap after
Heap after GC invocations=2 (full 0):
 PSYoungGen      total 17408K, used 2021K [0x00000000f5900000, 0x00000000f7b00000, 0x0000000100000000)
  eden space 15360K, 0% used [0x00000000f5900000,0x00000000f5900000,0x00000000f6800000)
  from space 2048K, 98% used [0x00000000f6a00000,0x00000000f6bf9518,0x00000000f6c00000)
  to   space 2048K, 0% used [0x00000000f6800000,0x00000000f6800000,0x00000000f6a00000)
 ParOldGen       total 38400K, used 5821K [0x00000000e0c00000, 0x00000000e3180000, 0x00000000f5900000)
  object space 38400K, 15% used [0x00000000e0c00000,0x00000000e11af478,0x00000000e3180000)
 PSPermGen       total 23552K, used 23439K [0x00000000d6600000, 0x00000000d7d00000, 0x00000000e0c00000)
  object space 23552K, 99% used [0x00000000d6600000,0x00000000d7ce3c90,0x00000000d7d00000)
}
Event: 8,255 GC heap before
{Heap before GC invocations=3 (full 0):
 PSYoungGen      total 17408K, used 17381K [0x00000000f5900000, 0x00000000f7b00000, 0x0000000100000000)
  eden space 15360K, 100% used [0x00000000f5900000,0x00000000f6800000,0x00000000f6800000)
  from space 2048K, 98% used [0x00000000f6a00000,0x00000000f6bf9518,0x00000000f6c00000)
  to   space 2048K, 0% used [0x00000000f6800000,0x00000000f6800000,0x00000000f6a00000)
 ParOldGen       total 38400K, used 5821K [0x00000000e0c00000, 0x00000000e3180000, 0x00000000f5900000)
  object space 38400K, 15% used [0x00000000e0c00000,0x00000000e11af478,0x00000000e3180000)
 PSPermGen       total 25600K, used 25153K [0x00000000d6600000, 0x00000000d7f00000, 0x00000000e0c00000)
  object space 25600K, 98% used [0x00000000d6600000,0x00000000d7e90470,0x00000000d7f00000)
Event: 8,291 GC heap after
Heap after GC invocations=3 (full 0):
 PSYoungGen      total 17408K, used 2021K [0x00000000f5900000, 0x00000000f7b00000, 0x0000000100000000)
  eden space 15360K, 0% used [0x00000000f5900000,0x00000000f5900000,0x00000000f6800000)
  from space 2048K, 98% used [0x00000000f6800000,0x00000000f69f9518,0x00000000f6a00000)
  to   space 2048K, 0% used [0x00000000f7900000,0x00000000f7900000,0x00000000f7b00000)
 ParOldGen       total 38400K, used 8499K [0x00000000e0c00000, 0x00000000e3180000, 0x00000000f5900000)
  object space 38400K, 22% used [0x00000000e0c00000,0x00000000e144cc10,0x00000000e3180000)
 PSPermGen       total 25600K, used 25153K [0x00000000d6600000, 0x00000000d7f00000, 0x00000000e0c00000)
  object space 25600K, 98% used [0x00000000d6600000,0x00000000d7e90470,0x00000000d7f00000)
}

Deoptimization events (10 events):
Event: 10,087 Thread 0x00007f6f6c00a800 Uncommon trap: reason=class_check action=maybe_recompile pc=0x00007f6f69161498 method=org.jruby.RubyArray.collect(Lorg/jruby/runtime/ThreadContext;Lorg/jruby/runtime/Block;)Lorg/jruby/runtime/builtin/IRubyObject; @ 71
Event: 10,088 Thread 0x00007f6f6c00a800 Uncommon trap: reason=class_check action=maybe_recompile pc=0x00007f6f69161498 method=org.jruby.RubyArray.collect(Lorg/jruby/runtime/ThreadContext;Lorg/jruby/runtime/Block;)Lorg/jruby/runtime/builtin/IRubyObject; @ 71
Event: 10,088 Thread 0x00007f6f6c00a800 Uncommon trap: reason=bimorphic action=maybe_recompile pc=0x00007f6f6917d2c8 method=org.jruby.RubyClass.allocate()Lorg/jruby/runtime/builtin/IRubyObject; @ 54
Event: 10,089 Thread 0x00007f6f6c00a800 Uncommon trap: reason=bimorphic action=maybe_recompile pc=0x00007f6f6917d2c8 method=org.jruby.RubyClass.allocate()Lorg/jruby/runtime/builtin/IRubyObject; @ 54
Event: 10,089 Thread 0x00007f6f6c00a800 Uncommon trap: reason=class_check action=maybe_recompile pc=0x00007f6f69163c24 method=org.jruby.runtime.ivars.VariableAccessor.get(Ljava/lang/Object;)Ljava/lang/Object; @ 1
Event: 10,089 Thread 0x00007f6f6c00a800 Uncommon trap: reason=class_check action=maybe_recompile pc=0x00007f6f69163c24 method=org.jruby.runtime.ivars.VariableAccessor.get(Ljava/lang/Object;)Ljava/lang/Object; @ 1
Event: 10,089 Thread 0x00007f6f6c00a800 Uncommon trap: reason=class_check action=maybe_recompile pc=0x00007f6f69163c24 method=org.jruby.runtime.ivars.VariableAccessor.get(Ljava/lang/Object;)Ljava/lang/Object; @ 1
Event: 10,089 Thread 0x00007f6f6c00a800 Uncommon trap: reason=class_check action=maybe_recompile pc=0x00007f6f69163c24 method=org.jruby.runtime.ivars.VariableAccessor.get(Ljava/lang/Object;)Ljava/lang/Object; @ 1
Event: 10,090 Thread 0x00007f6f6c00a800 Uncommon trap: reason=bimorphic action=maybe_recompile pc=0x00007f6f6917d2c8 method=org.jruby.RubyClass.allocate()Lorg/jruby/runtime/builtin/IRubyObject; @ 54
Event: 10,090 Thread 0x00007f6f6c00a800 Uncommon trap: reason=bimorphic action=maybe_recompile pc=0x00007f6f6917d2c8 method=org.jruby.RubyClass.allocate()Lorg/jruby/runtime/builtin/IRubyObject; @ 54

Internal exceptions (10 events):
Event: 8,618 Thread 0x00007f6f6c00a800 Threw 0x00000000f5c64ea0 at /build/buildd/openjdk-7-7u51-2.4.4/build/openjdk/hotspot/src/share/vm/prims/jvm.cpp:1244
Event: 8,618 Thread 0x00007f6f6c00a800 Threw 0x00000000f5c65950 at /build/buildd/openjdk-7-7u51-2.4.4/build/openjdk/hotspot/src/share/vm/prims/jvm.cpp:1244
Event: 8,622 Thread 0x00007f6f6c00a800 Threw 0x00000000f5c714c0 at /build/buildd/openjdk-7-7u51-2.4.4/build/openjdk/hotspot/src/share/vm/prims/jvm.cpp:1244
Event: 8,622 Thread 0x00007f6f6c00a800 Threw 0x00000000f5c73628 at /build/buildd/openjdk-7-7u51-2.4.4/build/openjdk/hotspot/src/share/vm/prims/jvm.cpp:1244
Event: 8,623 Thread 0x00007f6f6c00a800 Threw 0x00000000f5c740d8 at /build/buildd/openjdk-7-7u51-2.4.4/build/openjdk/hotspot/src/share/vm/prims/jvm.cpp:1244
Event: 8,623 Thread 0x00007f6f6c00a800 Threw 0x00000000f5c75f78 at /build/buildd/openjdk-7-7u51-2.4.4/build/openjdk/hotspot/src/share/vm/prims/jvm.cpp:1244
Event: 8,623 Thread 0x00007f6f6c00a800 Threw 0x00000000f5c78038 at /build/buildd/openjdk-7-7u51-2.4.4/build/openjdk/hotspot/src/share/vm/prims/jvm.cpp:1244
Event: 8,623 Thread 0x00007f6f6c00a800 Threw 0x00000000f5c78ae8 at /build/buildd/openjdk-7-7u51-2.4.4/build/openjdk/hotspot/src/share/vm/prims/jvm.cpp:1244
Event: 10,105 Thread 0x00007f6f6c48b800 Threw 0x00000000f59fbd70 at /build/buildd/openjdk-7-7u51-2.4.4/build/openjdk/hotspot/src/share/vm/prims/jvm.cpp:1244
Event: 10,105 Thread 0x00007f6f6c48b800 Threw 0x00000000f672a9a0 at /build/buildd/openjdk-7-7u51-2.4.4/build/openjdk/hotspot/src/share/vm/prims/jvm.cpp:1244

Events (10 events):
Event: 10,089 Thread 0x00007f6f6c00a800 DEOPT PACKING pc=0x00007f6f69163c24 sp=0x00007f6f7341b380
Event: 10,089 Thread 0x00007f6f6c00a800 DEOPT UNPACKING pc=0x00007f6f69039045 sp=0x00007f6f7341b348 mode 2
Event: 10,090 Thread 0x00007f6f6c00a800 Uncommon trap: trap_request=0xffffffc6 fr.pc=0x00007f6f6917d2c8
Event: 10,090 Thread 0x00007f6f6c00a800 DEOPT PACKING pc=0x00007f6f6917d2c8 sp=0x00007f6f7341b770
Event: 10,090 Thread 0x00007f6f6c00a800 DEOPT UNPACKING pc=0x00007f6f69039045 sp=0x00007f6f7341b760 mode 2
Event: 10,090 Thread 0x00007f6f6c00a800 Uncommon trap: trap_request=0xffffffc6 fr.pc=0x00007f6f6917d2c8
Event: 10,090 Thread 0x00007f6f6c00a800 DEOPT PACKING pc=0x00007f6f6917d2c8 sp=0x00007f6f7341b770
Event: 10,090 Thread 0x00007f6f6c00a800 DEOPT UNPACKING pc=0x00007f6f69039045 sp=0x00007f6f7341b760 mode 2
Event: 10,105 loading class 0x00007f6f3000b0f0
Event: 10,105 loading class 0x00007f6f3000b0f0 done


Dynamic libraries:
00400000-00401000 r-xp 00000000 08:01 15861394                           /usr/lib/jvm/java-7-openjdk-amd64/jre/bin/java
00600000-00601000 r--p 00000000 08:01 15861394                           /usr/lib/jvm/java-7-openjdk-amd64/jre/bin/java
00601000-00602000 rw-p 00001000 08:01 15861394                           /usr/lib/jvm/java-7-openjdk-amd64/jre/bin/java
011fd000-0121e000 rw-p 00000000 00:00 0                                  [heap]
d6600000-d7f00000 rw-p 00000000 00:00 0 
d7f00000-e0c00000 rw-p 00000000 00:00 0 
e0c00000-e3180000 rw-p 00000000 00:00 0 
e3180000-f5900000 rw-p 00000000 00:00 0 
f5900000-f7b00000 rw-p 00000000 00:00 0 
f7b00000-100000000 rw-p 00000000 00:00 0 
7f6f1c000000-7f6f1c021000 rw-p 00000000 00:00 0 
7f6f1c021000-7f6f20000000 ---p 00000000 00:00 0 
7f6f20000000-7f6f20021000 rw-p 00000000 00:00 0 
7f6f20021000-7f6f24000000 ---p 00000000 00:00 0 
7f6f24000000-7f6f24021000 rw-p 00000000 00:00 0 
7f6f24021000-7f6f28000000 ---p 00000000 00:00 0 
7f6f28000000-7f6f28021000 rw-p 00000000 00:00 0 
7f6f28021000-7f6f2c000000 ---p 00000000 00:00 0 
7f6f2c000000-7f6f2c021000 rw-p 00000000 00:00 0 
7f6f2c021000-7f6f30000000 ---p 00000000 00:00 0 
7f6f30000000-7f6f30027000 rw-p 00000000 00:00 0 
7f6f30027000-7f6f34000000 ---p 00000000 00:00 0 
7f6f34000000-7f6f34d38000 rw-p 00000000 00:00 0 
7f6f34d38000-7f6f38000000 ---p 00000000 00:00 0 
7f6f38000000-7f6f38021000 rw-p 00000000 00:00 0 
7f6f38021000-7f6f3c000000 ---p 00000000 00:00 0 
7f6f3c000000-7f6f3c021000 rw-p 00000000 00:00 0 
7f6f3c021000-7f6f40000000 ---p 00000000 00:00 0 
7f6f40000000-7f6f40d0f000 rw-p 00000000 00:00 0 
7f6f40d0f000-7f6f44000000 ---p 00000000 00:00 0 
7f6f44000000-7f6f44021000 rw-p 00000000 00:00 0 
7f6f44021000-7f6f48000000 ---p 00000000 00:00 0 
7f6f48000000-7f6f48021000 rw-p 00000000 00:00 0 
7f6f48021000-7f6f4c000000 ---p 00000000 00:00 0 
7f6f4c000000-7f6f4c021000 rw-p 00000000 00:00 0 
7f6f4c021000-7f6f50000000 ---p 00000000 00:00 0 
7f6f50000000-7f6f50021000 rw-p 00000000 00:00 0 
7f6f50021000-7f6f54000000 ---p 00000000 00:00 0 
7f6f54000000-7f6f54021000 rw-p 00000000 00:00 0 
7f6f54021000-7f6f58000000 ---p 00000000 00:00 0 
7f6f5c000000-7f6f5c021000 rw-p 00000000 00:00 0 
7f6f5c021000-7f6f60000000 ---p 00000000 00:00 0 
7f6f60581000-7f6f60583000 r-xp 00000000 08:01 13893852                   /home/alex/Documents/8vo_Semestre/Geometría Computacional/Lab/practica02p1/src/lib/libintersection.so
7f6f60583000-7f6f60782000 ---p 00002000 08:01 13893852                   /home/alex/Documents/8vo_Semestre/Geometría Computacional/Lab/practica02p1/src/lib/libintersection.so
7f6f60782000-7f6f60783000 r--p 00001000 08:01 13893852                   /home/alex/Documents/8vo_Semestre/Geometría Computacional/Lab/practica02p1/src/lib/libintersection.so
7f6f60783000-7f6f60784000 rw-p 00002000 08:01 13893852                   /home/alex/Documents/8vo_Semestre/Geometría Computacional/Lab/practica02p1/src/lib/libintersection.so
7f6f60784000-7f6f60787000 r-xp 00000000 08:01 13893851                   /home/alex/Documents/8vo_Semestre/Geometría Computacional/Lab/practica02p1/src/lib/librb_tree.so
7f6f60787000-7f6f60986000 ---p 00003000 08:01 13893851                   /home/alex/Documents/8vo_Semestre/Geometría Computacional/Lab/practica02p1/src/lib/librb_tree.so
7f6f60986000-7f6f60987000 r--p 00002000 08:01 13893851                   /home/alex/Documents/8vo_Semestre/Geometría Computacional/Lab/practica02p1/src/lib/librb_tree.so
7f6f60987000-7f6f60988000 rw-p 00003000 08:01 13893851                   /home/alex/Documents/8vo_Semestre/Geometría Computacional/Lab/practica02p1/src/lib/librb_tree.so
7f6f60988000-7f6f6098a000 r-xp 00000000 08:01 13893850                   /home/alex/Documents/8vo_Semestre/Geometría Computacional/Lab/practica02p1/src/lib/libdouble_linked_list.so
7f6f6098a000-7f6f60b89000 ---p 00002000 08:01 13893850                   /home/alex/Documents/8vo_Semestre/Geometría Computacional/Lab/practica02p1/src/lib/libdouble_linked_list.so
7f6f60b89000-7f6f60b8a000 r--p 00001000 08:01 13893850                   /home/alex/Documents/8vo_Semestre/Geometría Computacional/Lab/practica02p1/src/lib/libdouble_linked_list.so
7f6f60b8a000-7f6f60b8b000 rw-p 00002000 08:01 13893850                   /home/alex/Documents/8vo_Semestre/Geometría Computacional/Lab/practica02p1/src/lib/libdouble_linked_list.so
7f6f60b8b000-7f6f60b8c000 r-xp 00000000 08:01 13893835                   /home/alex/Documents/8vo_Semestre/Geometría Computacional/Lab/practica02p1/src/lib/libhalf_edge.so
7f6f60b8c000-7f6f60d8c000 ---p 00001000 08:01 13893835                   /home/alex/Documents/8vo_Semestre/Geometría Computacional/Lab/practica02p1/src/lib/libhalf_edge.so
7f6f60d8c000-7f6f60d8d000 r--p 00001000 08:01 13893835                   /home/alex/Documents/8vo_Semestre/Geometría Computacional/Lab/practica02p1/src/lib/libhalf_edge.so
7f6f60d8d000-7f6f60d8e000 rw-p 00002000 08:01 13893835                   /home/alex/Documents/8vo_Semestre/Geometría Computacional/Lab/practica02p1/src/lib/libhalf_edge.so
7f6f60d8e000-7f6f60d8f000 r-xp 00000000 08:01 13893834                   /home/alex/Documents/8vo_Semestre/Geometría Computacional/Lab/practica02p1/src/lib/lib2d_points.so
7f6f60d8f000-7f6f60f8e000 ---p 00001000 08:01 13893834                   /home/alex/Documents/8vo_Semestre/Geometría Computacional/Lab/practica02p1/src/lib/lib2d_points.so
7f6f60f8e000-7f6f60f8f000 r--p 00000000 08:01 13893834                   /home/alex/Documents/8vo_Semestre/Geometría Computacional/Lab/practica02p1/src/lib/lib2d_points.so
7f6f60f8f000-7f6f60f90000 rw-p 00001000 08:01 13893834                   /home/alex/Documents/8vo_Semestre/Geometría Computacional/Lab/practica02p1/src/lib/lib2d_points.so
7f6f60f90000-7f6f60f93000 ---p 00000000 00:00 0 
7f6f60f93000-7f6f61191000 rw-p 00000000 00:00 0                          [stack:29303]
7f6f61191000-7f6f61194000 ---p 00000000 00:00 0 
7f6f61194000-7f6f61392000 rw-p 00000000 00:00 0 
7f6f61392000-7f6f61395000 ---p 00000000 00:00 0 
7f6f61395000-7f6f61593000 rw-p 00000000 00:00 0 
7f6f61593000-7f6f61596000 ---p 00000000 00:00 0 
7f6f61596000-7f6f61794000 rw-p 00000000 00:00 0                          [stack:29180]
7f6f61794000-7f6f617a6000 r-xp 00000000 08:01 12059135                   /home/alex/.rbenv/versions/jruby-1.7.10/lib/jni/x86_64-Linux/libjffi-1.2.so
7f6f617a6000-7f6f619a5000 ---p 00012000 08:01 12059135                   /home/alex/.rbenv/versions/jruby-1.7.10/lib/jni/x86_64-Linux/libjffi-1.2.so
7f6f619a5000-7f6f619a6000 rw-p 00011000 08:01 12059135                   /home/alex/.rbenv/versions/jruby-1.7.10/lib/jni/x86_64-Linux/libjffi-1.2.so
7f6f61a9b000-7f6f61aab000 r-xp 00000000 08:01 15861288                   /usr/lib/jvm/java-7-openjdk-amd64/jre/lib/amd64/libnio.so
7f6f61aab000-7f6f61cab000 ---p 00010000 08:01 15861288                   /usr/lib/jvm/java-7-openjdk-amd64/jre/lib/amd64/libnio.so
7f6f61cab000-7f6f61cac000 r--p 00010000 08:01 15861288                   /usr/lib/jvm/java-7-openjdk-amd64/jre/lib/amd64/libnio.so
7f6f61cac000-7f6f61cad000 rw-p 00011000 08:01 15861288                   /usr/lib/jvm/java-7-openjdk-amd64/jre/lib/amd64/libnio.so
7f6f61cad000-7f6f61cea000 r-xp 00000000 08:01 8130434                    /lib/x86_64-linux-gnu/libpcre.so.3.13.1
7f6f61cea000-7f6f61eea000 ---p 0003d000 08:01 8130434                    /lib/x86_64-linux-gnu/libpcre.so.3.13.1
7f6f61eea000-7f6f61eeb000 r--p 0003d000 08:01 8130434                    /lib/x86_64-linux-gnu/libpcre.so.3.13.1
7f6f61eeb000-7f6f61eec000 rw-p 0003e000 08:01 8130434                    /lib/x86_64-linux-gnu/libpcre.so.3.13.1
7f6f61eec000-7f6f61ef3000 r-xp 00000000 08:01 15735894                   /usr/lib/x86_64-linux-gnu/libffi.so.6.0.1
7f6f61ef3000-7f6f620f2000 ---p 00007000 08:01 15735894                   /usr/lib/x86_64-linux-gnu/libffi.so.6.0.1
7f6f620f2000-7f6f620f3000 r--p 00006000 08:01 15735894                   /usr/lib/x86_64-linux-gnu/libffi.so.6.0.1
7f6f620f3000-7f6f620f4000 rw-p 00007000 08:01 15735894                   /usr/lib/x86_64-linux-gnu/libffi.so.6.0.1
7f6f620f4000-7f6f6210a000 r-xp 00000000 08:01 8130457                    /lib/x86_64-linux-gnu/libresolv-2.17.so
7f6f6210a000-7f6f6230a000 ---p 00016000 08:01 8130457                    /lib/x86_64-linux-gnu/libresolv-2.17.so
7f6f6230a000-7f6f6230b000 r--p 00016000 08:01 8130457                    /lib/x86_64-linux-gnu/libresolv-2.17.so
7f6f6230b000-7f6f6230c000 rw-p 00017000 08:01 8130457                    /lib/x86_64-linux-gnu/libresolv-2.17.so
7f6f6230c000-7f6f6230e000 rw-p 00000000 00:00 0 
7f6f6230e000-7f6f6232d000 r-xp 00000000 08:01 8130461                    /lib/x86_64-linux-gnu/libselinux.so.1
7f6f6232d000-7f6f6252d000 ---p 0001f000 08:01 8130461                    /lib/x86_64-linux-gnu/libselinux.so.1
7f6f6252d000-7f6f6252e000 r--p 0001f000 08:01 8130461                    /lib/x86_64-linux-gnu/libselinux.so.1
7f6f6252e000-7f6f6252f000 rw-p 00020000 08:01 8130461                    /lib/x86_64-linux-gnu/libselinux.so.1
7f6f6252f000-7f6f62530000 rw-p 00000000 00:00 0 
7f6f62530000-7f6f62533000 r-xp 00000000 08:01 15729078                   /usr/lib/x86_64-linux-gnu/libgmodule-2.0.so.0.3800.1
7f6f62533000-7f6f62732000 ---p 00003000 08:01 15729078                   /usr/lib/x86_64-linux-gnu/libgmodule-2.0.so.0.3800.1
7f6f62732000-7f6f62733000 r--p 00002000 08:01 15729078                   /usr/lib/x86_64-linux-gnu/libgmodule-2.0.so.0.3800.1
7f6f62733000-7f6f62734000 rw-p 00003000 08:01 15729078                   /usr/lib/x86_64-linux-gnu/libgmodule-2.0.so.0.3800.1
7f6f62734000-7f6f62832000 r-xp 00000000 08:01 8130449                    /lib/x86_64-linux-gnu/libglib-2.0.so.0.3800.1
7f6f62832000-7f6f62a32000 ---p 000fe000 08:01 8130449                    /lib/x86_64-linux-gnu/libglib-2.0.so.0.3800.1
7f6f62a32000-7f6f62a33000 r--p 000fe000 08:01 8130449                    /lib/x86_64-linux-gnu/libglib-2.0.so.0.3800.1
7f6f62a33000-7f6f62a34000 rw-p 000ff000 08:01 8130449                    /lib/x86_64-linux-gnu/libglib-2.0.so.0.3800.1
7f6f62a34000-7f6f62a35000 rw-p 00000000 00:00 0 
7f6f62a35000-7f6f62a84000 r-xp 00000000 08:01 15729069                   /usr/lib/x86_64-linux-gnu/libgobject-2.0.so.0.3800.1
7f6f62a84000-7f6f62c84000 ---p 0004f000 08:01 15729069                   /usr/lib/x86_64-linux-gnu/libgobject-2.0.so.0.3800.1
7f6f62c84000-7f6f62c85000 r--p 0004f000 08:01 15729069                   /usr/lib/x86_64-linux-gnu/libgobject-2.0.so.0.3800.1
7f6f62c85000-7f6f62c86000 rw-p 00050000 08:01 15729069                   /usr/lib/x86_64-linux-gnu/libgobject-2.0.so.0.3800.1
7f6f62c86000-7f6f62de2000 r-xp 00000000 08:01 15729043                   /usr/lib/x86_64-linux-gnu/libgio-2.0.so.0.3800.1
7f6f62de2000-7f6f62fe1000 ---p 0015c000 08:01 15729043                   /usr/lib/x86_64-linux-gnu/libgio-2.0.so.0.3800.1
7f6f62fe1000-7f6f62fe5000 r--p 0015b000 08:01 15729043                   /usr/lib/x86_64-linux-gnu/libgio-2.0.so.0.3800.1
7f6f62fe5000-7f6f62fe7000 rw-p 0015f000 08:01 15729043                   /usr/lib/x86_64-linux-gnu/libgio-2.0.so.0.3800.1
7f6f62fe7000-7f6f62fe9000 rw-p 00000000 00:00 0 
7f6f62fe9000-7f6f62fff000 r-xp 00000000 08:01 15861076                   /usr/lib/jvm/java-7-openjdk-amd64/jre/lib/amd64/libnet.so
7f6f62fff000-7f6f631fe000 ---p 00016000 08:01 15861076                   /usr/lib/jvm/java-7-openjdk-amd64/jre/lib/amd64/libnet.so
7f6f631fe000-7f6f631ff000 r--p 00015000 08:01 15861076                   /usr/lib/jvm/java-7-openjdk-amd64/jre/lib/amd64/libnet.so
7f6f631ff000-7f6f63200000 rw-p 00016000 08:01 15861076                   /usr/lib/jvm/java-7-openjdk-amd64/jre/lib/amd64/libnet.so
7f6f63200000-7f6f63201000 ---p 00000000 00:00 0 
7f6f63201000-7f6f63301000 rw-p 00000000 00:00 0                          [stack:29179]
7f6f63301000-7f6f63304000 ---p 00000000 00:00 0 
7f6f63304000-7f6f63502000 rw-p 00000000 00:00 0                          [stack:29178]
7f6f63502000-7f6f63505000 ---p 00000000 00:00 0 
7f6f63505000-7f6f63603000 rw-p 00000000 00:00 0                          [stack:29177]
7f6f63603000-7f6f63606000 ---p 00000000 00:00 0 
7f6f63606000-7f6f63804000 rw-p 00000000 00:00 0                          [stack:29175]
7f6f63804000-7f6f63bfe000 r--p 00000000 08:01 15734328                   /usr/lib/locale/locale-archive
7f6f63bfe000-7f6f63c01000 ---p 00000000 00:00 0 
7f6f63c01000-7f6f63dff000 rw-p 00000000 00:00 0                          [stack:29174]
7f6f63dff000-7f6f63e02000 ---p 00000000 00:00 0 
7f6f63e02000-7f6f64000000 rw-p 00000000 00:00 0                          [stack:29173]
7f6f64000000-7f6f64021000 rw-p 00000000 00:00 0 
7f6f64021000-7f6f68000000 ---p 00000000 00:00 0 
7f6f68034000-7f6f68037000 ---p 00000000 00:00 0 
7f6f68037000-7f6f6806d000 rw-p 00000000 00:00 0                          [stack:29182]
7f6f6806d000-7f6f68070000 ---p 00000000 00:00 0 
7f6f68070000-7f6f6816e000 rw-p 00000000 00:00 0                          [stack:29176]
7f6f6816e000-7f6f6816f000 ---p 00000000 00:00 0 
7f6f6816f000-7f6f69000000 rw-p 00000000 00:00 0                          [stack:29172]
7f6f69000000-7f6f69270000 rwxp 00000000 00:00 0 
7f6f69270000-7f6f6c50a000 rw-p 00000000 00:00 0 
7f6f6c50a000-7f6f70000000 ---p 00000000 00:00 0 
7f6f70004000-7f6f70005000 rw-p 00000000 00:00 0 
7f6f70005000-7f6f70006000 r-xp 00000000 00:00 0 
7f6f70006000-7f6f7000d000 r--s 00000000 08:01 16127910                   /usr/lib/x86_64-linux-gnu/gconv/gconv-modules.cache
7f6f7000d000-7f6f7000f000 r--s 00012000 08:01 15861308                   /usr/lib/jvm/java-7-openjdk-amd64/jre/lib/ext/zipfs.jar
7f6f7000f000-7f6f70012000 r--s 00032000 08:01 15861310                   /usr/lib/jvm/java-7-openjdk-amd64/jre/lib/ext/sunjce_provider.jar
7f6f70012000-7f6f70016000 r--s 00085000 08:01 15861304                   /usr/lib/jvm/java-7-openjdk-amd64/jre/lib/ext/localedata.jar
7f6f70016000-7f6f70018000 r--s 00006000 08:01 16256853                   /usr/share/java/java-atk-wrapper.jar
7f6f70018000-7f6f70019000 r--s 00002000 08:01 15861314                   /usr/lib/jvm/java-7-openjdk-amd64/jre/lib/ext/dnsns.jar
7f6f70019000-7f6f7001c000 r--s 0000f000 08:01 15861306                   /usr/lib/jvm/java-7-openjdk-amd64/jre/lib/ext/pulse-java.jar
7f6f7001c000-7f6f70020000 r--s 0003b000 08:01 15861316                   /usr/lib/jvm/java-7-openjdk-amd64/jre/lib/ext/sunpkcs11.jar
7f6f70020000-7f6f7024b000 rw-p 00000000 00:00 0 
7f6f7024b000-7f6f70334000 r--s 00bb9000 08:01 12059138                   /home/alex/.rbenv/versions/jruby-1.7.10/lib/jruby.jar
7f6f70334000-7f6f7037c000 rw-p 00000000 00:00 0 
7f6f7037c000-7f6f7052a000 r--s 01cf4000 08:01 15861374                   /usr/lib/jvm/java-7-openjdk-amd64/jre/lib/rt.jar
7f6f7052a000-7f6f71c40000 rw-p 00000000 00:00 0 
7f6f71c40000-7f6f71c41000 ---p 00000000 00:00 0 
7f6f71c41000-7f6f71d41000 rw-p 00000000 00:00 0                          [stack:29171]
7f6f71d41000-7f6f71d42000 ---p 00000000 00:00 0 
7f6f71d42000-7f6f71e42000 rw-p 00000000 00:00 0                          [stack:29170]
7f6f71e42000-7f6f71e43000 ---p 00000000 00:00 0 
7f6f71e43000-7f6f71f43000 rw-p 00000000 00:00 0                          [stack:29169]
7f6f71f43000-7f6f71f44000 ---p 00000000 00:00 0 
7f6f71f44000-7f6f72051000 rw-p 00000000 00:00 0                          [stack:29168]
7f6f72051000-7f6f72097000 rw-p 00000000 00:00 0 
7f6f72097000-7f6f720aa000 rw-p 00000000 00:00 0 
7f6f720aa000-7f6f7213d000 rw-p 00000000 00:00 0 
7f6f7213d000-7f6f7214f000 rw-p 00000000 00:00 0 
7f6f7214f000-7f6f72191000 rw-p 00000000 00:00 0 
7f6f72191000-7f6f72192000 rw-p 00000000 00:00 0 
7f6f72192000-7f6f7219a000 r-xp 00000000 08:01 15861025                   /usr/lib/jvm/java-7-openjdk-amd64/jre/lib/amd64/libzip.so
7f6f7219a000-7f6f72399000 ---p 00008000 08:01 15861025                   /usr/lib/jvm/java-7-openjdk-amd64/jre/lib/amd64/libzip.so
7f6f72399000-7f6f7239a000 r--p 00007000 08:01 15861025                   /usr/lib/jvm/java-7-openjdk-amd64/jre/lib/amd64/libzip.so
7f6f7239a000-7f6f7239b000 rw-p 00008000 08:01 15861025                   /usr/lib/jvm/java-7-openjdk-amd64/jre/lib/amd64/libzip.so
7f6f7239b000-7f6f723a7000 r-xp 00000000 08:01 8130412                    /lib/x86_64-linux-gnu/libnss_files-2.17.so
7f6f723a7000-7f6f725a6000 ---p 0000c000 08:01 8130412                    /lib/x86_64-linux-gnu/libnss_files-2.17.so
7f6f725a6000-7f6f725a7000 r--p 0000b000 08:01 8130412                    /lib/x86_64-linux-gnu/libnss_files-2.17.so
7f6f725a7000-7f6f725a8000 rw-p 0000c000 08:01 8130412                    /lib/x86_64-linux-gnu/libnss_files-2.17.so
7f6f725a8000-7f6f725b3000 r-xp 00000000 08:01 8130416                    /lib/x86_64-linux-gnu/libnss_nis-2.17.so
7f6f725b3000-7f6f727b2000 ---p 0000b000 08:01 8130416                    /lib/x86_64-linux-gnu/libnss_nis-2.17.so
7f6f727b2000-7f6f727b3000 r--p 0000a000 08:01 8130416                    /lib/x86_64-linux-gnu/libnss_nis-2.17.so
7f6f727b3000-7f6f727b4000 rw-p 0000b000 08:01 8130416                    /lib/x86_64-linux-gnu/libnss_nis-2.17.so
7f6f727b4000-7f6f727cb000 r-xp 00000000 08:01 8130406                    /lib/x86_64-linux-gnu/libnsl-2.17.so
7f6f727cb000-7f6f729ca000 ---p 00017000 08:01 8130406                    /lib/x86_64-linux-gnu/libnsl-2.17.so
7f6f729ca000-7f6f729cb000 r--p 00016000 08:01 8130406                    /lib/x86_64-linux-gnu/libnsl-2.17.so
7f6f729cb000-7f6f729cc000 rw-p 00017000 08:01 8130406                    /lib/x86_64-linux-gnu/libnsl-2.17.so
7f6f729cc000-7f6f729ce000 rw-p 00000000 00:00 0 
7f6f729ce000-7f6f729d6000 r-xp 00000000 08:01 8130408                    /lib/x86_64-linux-gnu/libnss_compat-2.17.so
7f6f729d6000-7f6f72bd5000 ---p 00008000 08:01 8130408                    /lib/x86_64-linux-gnu/libnss_compat-2.17.so
7f6f72bd5000-7f6f72bd6000 r--p 00007000 08:01 8130408                    /lib/x86_64-linux-gnu/libnss_compat-2.17.so
7f6f72bd6000-7f6f72bd7000 rw-p 00008000 08:01 8130408                    /lib/x86_64-linux-gnu/libnss_compat-2.17.so
7f6f72bd7000-7f6f72c02000 r-xp 00000000 08:01 15860951                   /usr/lib/jvm/java-7-openjdk-amd64/jre/lib/amd64/libjava.so
7f6f72c02000-7f6f72e01000 ---p 0002b000 08:01 15860951                   /usr/lib/jvm/java-7-openjdk-amd64/jre/lib/amd64/libjava.so
7f6f72e01000-7f6f72e02000 r--p 0002a000 08:01 15860951                   /usr/lib/jvm/java-7-openjdk-amd64/jre/lib/amd64/libjava.so
7f6f72e02000-7f6f72e04000 rw-p 0002b000 08:01 15860951                   /usr/lib/jvm/java-7-openjdk-amd64/jre/lib/amd64/libjava.so
7f6f72e04000-7f6f72e14000 r-xp 00000000 08:01 15861265                   /usr/lib/jvm/java-7-openjdk-amd64/jre/lib/amd64/libverify.so
7f6f72e14000-7f6f73013000 ---p 00010000 08:01 15861265                   /usr/lib/jvm/java-7-openjdk-amd64/jre/lib/amd64/libverify.so
7f6f73013000-7f6f73015000 r--p 0000f000 08:01 15861265                   /usr/lib/jvm/java-7-openjdk-amd64/jre/lib/amd64/libverify.so
7f6f73015000-7f6f73016000 rw-p 00011000 08:01 15861265                   /usr/lib/jvm/java-7-openjdk-amd64/jre/lib/amd64/libverify.so
7f6f73016000-7f6f7301d000 r-xp 00000000 08:01 8130459                    /lib/x86_64-linux-gnu/librt-2.17.so
7f6f7301d000-7f6f7321c000 ---p 00007000 08:01 8130459                    /lib/x86_64-linux-gnu/librt-2.17.so
7f6f7321c000-7f6f7321d000 r--p 00006000 08:01 8130459                    /lib/x86_64-linux-gnu/librt-2.17.so
7f6f7321d000-7f6f7321e000 rw-p 00007000 08:01 8130459                    /lib/x86_64-linux-gnu/librt-2.17.so
7f6f7321e000-7f6f73221000 ---p 00000000 00:00 0 
7f6f73221000-7f6f7341f000 rw-p 00000000 00:00 0                          [stack:29167]
7f6f7341f000-7f6f73434000 r-xp 00000000 08:01 8126477                    /lib/x86_64-linux-gnu/libgcc_s.so.1
7f6f73434000-7f6f73633000 ---p 00015000 08:01 8126477                    /lib/x86_64-linux-gnu/libgcc_s.so.1
7f6f73633000-7f6f73634000 r--p 00014000 08:01 8126477                    /lib/x86_64-linux-gnu/libgcc_s.so.1
7f6f73634000-7f6f73635000 rw-p 00015000 08:01 8126477                    /lib/x86_64-linux-gnu/libgcc_s.so.1
7f6f73635000-7f6f73738000 r-xp 00000000 08:01 8130387                    /lib/x86_64-linux-gnu/libm-2.17.so
7f6f73738000-7f6f73937000 ---p 00103000 08:01 8130387                    /lib/x86_64-linux-gnu/libm-2.17.so
7f6f73937000-7f6f73938000 r--p 00102000 08:01 8130387                    /lib/x86_64-linux-gnu/libm-2.17.so
7f6f73938000-7f6f73939000 rw-p 00103000 08:01 8130387                    /lib/x86_64-linux-gnu/libm-2.17.so
7f6f73939000-7f6f73a1f000 r-xp 00000000 08:01 15729831                   /usr/lib/x86_64-linux-gnu/libstdc++.so.6.0.18
7f6f73a1f000-7f6f73c1e000 ---p 000e6000 08:01 15729831                   /usr/lib/x86_64-linux-gnu/libstdc++.so.6.0.18
7f6f73c1e000-7f6f73c26000 r--p 000e5000 08:01 15729831                   /usr/lib/x86_64-linux-gnu/libstdc++.so.6.0.18
7f6f73c26000-7f6f73c28000 rw-p 000ed000 08:01 15729831                   /usr/lib/x86_64-linux-gnu/libstdc++.so.6.0.18
7f6f73c28000-7f6f73c3d000 rw-p 00000000 00:00 0 
7f6f73c3d000-7f6f7471c000 r-xp 00000000 08:01 15861284                   /usr/lib/jvm/java-7-openjdk-amd64/jre/lib/amd64/server/libjvm.so
7f6f7471c000-7f6f7491b000 ---p 00adf000 08:01 15861284                   /usr/lib/jvm/java-7-openjdk-amd64/jre/lib/amd64/server/libjvm.so
7f6f7491b000-7f6f749ad000 r--p 00ade000 08:01 15861284                   /usr/lib/jvm/java-7-openjdk-amd64/jre/lib/amd64/server/libjvm.so
7f6f749ad000-7f6f749d0000 rw-p 00b70000 08:01 15861284                   /usr/lib/jvm/java-7-openjdk-amd64/jre/lib/amd64/server/libjvm.so
7f6f749d0000-7f6f749fd000 rw-p 00000000 00:00 0 
7f6f749fd000-7f6f74a15000 r-xp 00000000 08:01 8130494                    /lib/x86_64-linux-gnu/libz.so.1.2.8
7f6f74a15000-7f6f74c14000 ---p 00018000 08:01 8130494                    /lib/x86_64-linux-gnu/libz.so.1.2.8
7f6f74c14000-7f6f74c15000 r--p 00017000 08:01 8130494                    /lib/x86_64-linux-gnu/libz.so.1.2.8
7f6f74c15000-7f6f74c16000 rw-p 00018000 08:01 8130494                    /lib/x86_64-linux-gnu/libz.so.1.2.8
7f6f74c16000-7f6f74c2d000 r-xp 00000000 08:01 8130451                    /lib/x86_64-linux-gnu/libpthread-2.17.so
7f6f74c2d000-7f6f74e2d000 ---p 00017000 08:01 8130451                    /lib/x86_64-linux-gnu/libpthread-2.17.so
7f6f74e2d000-7f6f74e2e000 r--p 00017000 08:01 8130451                    /lib/x86_64-linux-gnu/libpthread-2.17.so
7f6f74e2e000-7f6f74e2f000 rw-p 00018000 08:01 8130451                    /lib/x86_64-linux-gnu/libpthread-2.17.so
7f6f74e2f000-7f6f74e33000 rw-p 00000000 00:00 0 
7f6f74e33000-7f6f74e36000 r-xp 00000000 08:01 8130351                    /lib/x86_64-linux-gnu/libdl-2.17.so
7f6f74e36000-7f6f75035000 ---p 00003000 08:01 8130351                    /lib/x86_64-linux-gnu/libdl-2.17.so
7f6f75035000-7f6f75036000 r--p 00002000 08:01 8130351                    /lib/x86_64-linux-gnu/libdl-2.17.so
7f6f75036000-7f6f75037000 rw-p 00003000 08:01 8130351                    /lib/x86_64-linux-gnu/libdl-2.17.so
7f6f75037000-7f6f751f4000 r-xp 00000000 08:01 8130336                    /lib/x86_64-linux-gnu/libc-2.17.so
7f6f751f4000-7f6f753f4000 ---p 001bd000 08:01 8130336                    /lib/x86_64-linux-gnu/libc-2.17.so
7f6f753f4000-7f6f753f8000 r--p 001bd000 08:01 8130336                    /lib/x86_64-linux-gnu/libc-2.17.so
7f6f753f8000-7f6f753fa000 rw-p 001c1000 08:01 8130336                    /lib/x86_64-linux-gnu/libc-2.17.so
7f6f753fa000-7f6f753ff000 rw-p 00000000 00:00 0 
7f6f753ff000-7f6f7540c000 r-xp 00000000 08:01 15861291                   /usr/lib/jvm/java-7-openjdk-amd64/jre/lib/amd64/jli/libjli.so
7f6f7540c000-7f6f7560b000 ---p 0000d000 08:01 15861291                   /usr/lib/jvm/java-7-openjdk-amd64/jre/lib/amd64/jli/libjli.so
7f6f7560b000-7f6f7560c000 r--p 0000c000 08:01 15861291                   /usr/lib/jvm/java-7-openjdk-amd64/jre/lib/amd64/jli/libjli.so
7f6f7560c000-7f6f7560d000 rw-p 0000d000 08:01 15861291                   /usr/lib/jvm/java-7-openjdk-amd64/jre/lib/amd64/jli/libjli.so
7f6f7560d000-7f6f75630000 r-xp 00000000 08:01 8130312                    /lib/x86_64-linux-gnu/ld-2.17.so
7f6f75630000-7f6f75635000 r--s 0004c000 08:01 15861296                   /usr/lib/jvm/java-7-openjdk-amd64/jre/lib/jsse.jar
7f6f75635000-7f6f75663000 rw-p 00000000 00:00 0 
7f6f75663000-7f6f756a9000 rw-p 00000000 00:00 0 
7f6f756a9000-7f6f756bc000 rw-p 00000000 00:00 0 
7f6f756bc000-7f6f75750000 rw-p 00000000 00:00 0 
7f6f75750000-7f6f7575a000 rw-p 00000000 00:00 0 
7f6f7575a000-7f6f75810000 rw-p 00000000 00:00 0 
7f6f75810000-7f6f75823000 rw-p 00000000 00:00 0 
7f6f75823000-7f6f7582b000 rw-s 00000000 08:01 5767366                    /tmp/hsperfdata_alex/29142
7f6f7582b000-7f6f7582c000 rw-p 00000000 00:00 0 
7f6f7582c000-7f6f7582d000 r--p 00000000 00:00 0 
7f6f7582d000-7f6f7582f000 rw-p 00000000 00:00 0 
7f6f7582f000-7f6f75830000 r--p 00022000 08:01 8130312                    /lib/x86_64-linux-gnu/ld-2.17.so
7f6f75830000-7f6f75832000 rw-p 00023000 08:01 8130312                    /lib/x86_64-linux-gnu/ld-2.17.so
7fff0e2b7000-7fff0e2d8000 rw-p 00000000 00:00 0                          [stack]
7fff0e32a000-7fff0e32c000 r-xp 00000000 00:00 0                          [vdso]
ffffffffff600000-ffffffffff601000 r-xp 00000000 00:00 0                  [vsyscall]

VM Arguments:
jvm_args: -Djdk.home= -Djruby.home=/home/alex/.rbenv/versions/jruby-1.7.10 -Djruby.script=jruby -Djruby.shell=/bin/sh -Djffi.boot.library.path=/home/alex/.rbenv/versions/jruby-1.7.10/lib/jni:/home/alex/.rbenv/versions/jruby-1.7.10/lib/jni/i386-Linux:/home/alex/.rbenv/versions/jruby-1.7.10/lib/jni/arm-Linux:/home/alex/.rbenv/versions/jruby-1.7.10/lib/jni/x86_64-Linux -Xmx500m -Xss2048k -Xbootclasspath/a:/home/alex/.rbenv/versions/jruby-1.7.10/lib/jruby.jar 
java_command: org/jruby/Main Makefile.rb clean compile test clean
Launcher Type: SUN_STANDARD

Environment Variables:
PATH=/home/alex/.rbenv/versions/jruby-1.7.10/bin:/home/alex/.rbenv/libexec:/home/alex/.rbenv/plugins/ruby-build/bin:/home/alex/.rbenv/shims:~/.rbenv/bin:~/.rbenv/bin:/usr/local/sbin:/usr/local/bin:/usr/sbin:/usr/bin:/sbin:/bin:/usr/games:/usr/local/games
USERNAME=alex
SHELL=/bin/bash
DISPLAY=:0

Signal Handlers:
SIGSEGV: [libjvm.so+0x916ea0], sa_mask[0]=0x7ffbfeff, sa_flags=0x10000004
SIGBUS: [libjvm.so+0x916ea0], sa_mask[0]=0x7ffbfeff, sa_flags=0x10000004
SIGFPE: [libjvm.so+0x794800], sa_mask[0]=0x7ffbfeff, sa_flags=0x10000004
SIGPIPE: [libjvm.so+0x794800], sa_mask[0]=0x7ffbfeff, sa_flags=0x10000004
SIGXFSZ: [libjvm.so+0x794800], sa_mask[0]=0x7ffbfeff, sa_flags=0x10000004
SIGILL: [libjvm.so+0x794800], sa_mask[0]=0x7ffbfeff, sa_flags=0x10000004
SIGUSR1: SIG_DFL, sa_mask[0]=0x00000000, sa_flags=0x00000000
SIGUSR2: [libjvm.so+0x7946a0], sa_mask[0]=0x00000000, sa_flags=0x10000004
SIGHUP: [libjvm.so+0x794880], sa_mask[0]=0x7ffbfeff, sa_flags=0x10000004
SIGINT: [libjvm.so+0x794880], sa_mask[0]=0x7ffbfeff, sa_flags=0x10000004
SIGTERM: [libjvm.so+0x794880], sa_mask[0]=0x7ffbfeff, sa_flags=0x10000004
SIGQUIT: [libjvm.so+0x794880], sa_mask[0]=0x7ffbfeff, sa_flags=0x10000004


---------------  S Y S T E M  ---------------

OS:LinuxMint 16 (petra)
uname:Linux 3.11.0-12-generic #19-Ubuntu SMP Wed Oct 9 16:20:46 UTC 2013 x86_64
libc:glibc 2.17 NPTL 2.17 
rlimit: STACK 8192k, CORE 0k, NPROC 28798, NOFILE 4096, AS infinity
load average:0,93 0,80 0,68

/proc/meminfo:
MemTotal:        3715476 kB
MemFree:         1179616 kB
Buffers:          102688 kB
Cached:          1264896 kB
SwapCached:           28 kB
Active:          1467064 kB
Inactive:         872140 kB
Active(anon):     862692 kB
Inactive(anon):   350464 kB
Active(file):     604372 kB
Inactive(file):   521676 kB
Unevictable:          44 kB
Mlocked:              44 kB
SwapTotal:       3856380 kB
SwapFree:        3855740 kB
Dirty:               140 kB
Writeback:             0 kB
AnonPages:        971852 kB
Mapped:           198528 kB
Shmem:            241536 kB
Slab:             115640 kB
SReclaimable:      87068 kB
SUnreclaim:        28572 kB
KernelStack:        3872 kB
PageTables:        28852 kB
NFS_Unstable:          0 kB
Bounce:                0 kB
WritebackTmp:          0 kB
CommitLimit:     5714116 kB
Committed_AS:    3757140 kB
VmallocTotal:   34359738367 kB
VmallocUsed:      414940 kB
VmallocChunk:   34359311484 kB
HardwareCorrupted:     0 kB
AnonHugePages:         0 kB
HugePages_Total:       0
HugePages_Free:        0
HugePages_Rsvd:        0
HugePages_Surp:        0
Hugepagesize:       2048 kB
DirectMap4k:       56528 kB
DirectMap2M:     3801088 kB


CPU:total 4 (2 cores per cpu, 2 threads per core) family 6 model 37 stepping 5, cmov, cx8, fxsr, mmx, sse, sse2, sse3, ssse3, sse4.1, sse4.2, popcnt, ht, tsc, tscinvbit

/proc/cpuinfo:
processor	: 0
vendor_id	: GenuineIntel
cpu family	: 6
model		: 37
model name	: Intel(R) Core(TM) i3 CPU       M 380  @ 2.53GHz
stepping	: 5
microcode	: 0x2
cpu MHz		: 933.000
cache size	: 3072 KB
physical id	: 0
siblings	: 4
core id		: 0
cpu cores	: 2
apicid		: 0
initial apicid	: 0
fpu		: yes
fpu_exception	: yes
cpuid level	: 11
wp		: yes
flags		: fpu vme de pse tsc msr pae mce cx8 apic sep mtrr pge mca cmov pat pse36 clflush dts acpi mmx fxsr sse sse2 ss ht tm pbe syscall nx rdtscp lm constant_tsc arch_perfmon pebs bts rep_good nopl xtopology nonstop_tsc aperfmperf pni dtes64 monitor ds_cpl vmx est tm2 ssse3 cx16 xtpr pdcm pcid sse4_1 sse4_2 popcnt lahf_lm arat dtherm tpr_shadow vnmi flexpriority ept vpid
bogomips	: 5054.41
clflush size	: 64
cache_alignment	: 64
address sizes	: 36 bits physical, 48 bits virtual
power management:

processor	: 1
vendor_id	: GenuineIntel
cpu family	: 6
model		: 37
model name	: Intel(R) Core(TM) i3 CPU       M 380  @ 2.53GHz
stepping	: 5
microcode	: 0x2
cpu MHz		: 933.000
cache size	: 3072 KB
physical id	: 0
siblings	: 4
core id		: 0
cpu cores	: 2
apicid		: 1
initial apicid	: 1
fpu		: yes
fpu_exception	: yes
cpuid level	: 11
wp		: yes
flags		: fpu vme de pse tsc msr pae mce cx8 apic sep mtrr pge mca cmov pat pse36 clflush dts acpi mmx fxsr sse sse2 ss ht tm pbe syscall nx rdtscp lm constant_tsc arch_perfmon pebs bts rep_good nopl xtopology nonstop_tsc aperfmperf pni dtes64 monitor ds_cpl vmx est tm2 ssse3 cx16 xtpr pdcm pcid sse4_1 sse4_2 popcnt lahf_lm arat dtherm tpr_shadow vnmi flexpriority ept vpid
bogomips	: 5054.41
clflush size	: 64
cache_alignment	: 64
address sizes	: 36 bits physical, 48 bits virtual
power management:

processor	: 2
vendor_id	: GenuineIntel
cpu family	: 6
model		: 37
model name	: Intel(R) Core(TM) i3 CPU       M 380  @ 2.53GHz
stepping	: 5
microcode	: 0x2
cpu MHz		: 933.000
cache size	: 3072 KB
physical id	: 0
siblings	: 4
core id		: 2
cpu cores	: 2
apicid		: 4
initial apicid	: 4
fpu		: yes
fpu_exception	: yes
cpuid level	: 11
wp		: yes
flags		: fpu vme de pse tsc msr pae mce cx8 apic sep mtrr pge mca cmov pat pse36 clflush dts acpi mmx fxsr sse sse2 ss ht tm pbe syscall nx rdtscp lm constant_tsc arch_perfmon pebs bts rep_good nopl xtopology nonstop_tsc aperfmperf pni dtes64 monitor ds_cpl vmx est tm2 ssse3 cx16 xtpr pdcm pcid sse4_1 sse4_2 popcnt lahf_lm arat dtherm tpr_shadow vnmi flexpriority ept vpid
bogomips	: 5054.41
clflush size	: 64
cache_alignment	: 64
address sizes	: 36 bits physical, 48 bits virtual
power management:

processor	: 3
vendor_id	: GenuineIntel
cpu family	: 6
model		: 37
model name	: Intel(R) Core(TM) i3 CPU       M 380  @ 2.53GHz
stepping	: 5
microcode	: 0x2
cpu MHz		: 933.000
cache size	: 3072 KB
physical id	: 0
siblings	: 4
core id		: 2
cpu cores	: 2
apicid		: 5
initial apicid	: 5
fpu		: yes
fpu_exception	: yes
cpuid level	: 11
wp		: yes
flags		: fpu vme de pse tsc msr pae mce cx8 apic sep mtrr pge mca cmov pat pse36 clflush dts acpi mmx fxsr sse sse2 ss ht tm pbe syscall nx rdtscp lm constant_tsc arch_perfmon pebs bts rep_good nopl xtopology nonstop_tsc aperfmperf pni dtes64 monitor ds_cpl vmx est tm2 ssse3 cx16 xtpr pdcm pcid sse4_1 sse4_2 popcnt lahf_lm arat dtherm tpr_shadow vnmi flexpriority ept vpid
bogomips	: 5054.41
clflush size	: 64
cache_alignment	: 64
address sizes	: 36 bits physical, 48 bits virtual
power management:



Memory: 4k page, physical 3715476k(1179616k free), swap 3856380k(3855740k free)

vm_info: OpenJDK 64-Bit Server VM (24.45-b08) for linux-amd64 JRE (1.7.0_51-b00), built on Jan 15 2014 22:02:57 by "buildd" with gcc 4.8.1

time: Mon Apr 21 23:52:48 2014
elapsed time: 10 seconds

