#
# A fatal error has been detected by the Java Runtime Environment:
#
#  SIGSEGV (0xb) at pc=0x00007f9eea939a6b, pid=8024, tid=140320894084864
#
# JRE version: OpenJDK Runtime Environment (7.0_51) (build 1.7.0_51-b00)
# Java VM: OpenJDK 64-Bit Server VM (24.45-b08 mixed mode linux-amd64 compressed oops)
# Problematic frame:
# C  [libhalf_edge.so+0xa6b]  he_intersection+0x53
#
# Failed to write core dump. Core dumps have been disabled. To enable core dumping, try "ulimit -c unlimited" before starting Java again
#
# If you would like to submit a bug report, please include
# instructions on how to reproduce the bug and visit:
#   http://icedtea.classpath.org/bugzilla
# The crash happened outside the Java Virtual Machine in native code.
# See problematic frame for where to report the bug.
#

---------------  T H R E A D  ---------------

Current thread (0x00007f9efc00a800):  JavaThread "main" [_thread_in_native, id=8049, stack(0x00007f9f00ebe000,0x00007f9f010bf000)]

siginfo:si_signo=SIGSEGV: si_errno=0, si_code=128 (), si_addr=0x0000000000000000

Registers:
RAX=0x60058b48f8458948, RBX=0x00000000d79ae110, RCX=0x0000000000000031, RDX=0x00007f9eea32f075
RSP=0x00007f9f010bbef0, RBP=0x00007f9f010bbf70, RSI=0x00007f9eea32f075, RDI=0x00007f9efc4e6580
R8 =0x00007f9f030976a0, R9 =0x00007f9f02d25134, R10=0x00007f9f010bbd20, R11=0x00007f9eea939a18
R12=0x0000000000000000, R13=0x00000000d79ae110, R14=0x00007f9f010bc168, R15=0x00007f9efc00a800
RIP=0x00007f9eea939a6b, EFLAGS=0x0000000000010207, CSGSFS=0x0000000000000033, ERR=0x0000000000000000
  TRAPNO=0x000000000000000d

Top of Stack: (sp=0x00007f9f010bbef0)
0x00007f9f010bbef0:   3ff0000000000005 0000000000000000
0x00007f9f010bbf00:   00007f9eea32f075 00007f9efc4e6580
0x00007f9f010bbf10:   0000000000000000 0000000000000000
0x00007f9f010bbf20:   3ff0000000000000 4018000000000000
0x00007f9f010bbf30:   00007f9efc4e6580 0000000000000031
0x00007f9f010bbf40:   00007f9eea32f075 00007f9eea32f075
0x00007f9f010bbf50:   00007f9efc4e6580 00007f9f030976a0
0x00007f9f010bbf60:   00007f9f02d25134 00007f9efc4e6e90
0x00007f9f010bbf70:   00007f9f010bbff0 00007f9eea32f40e
0x00007f9f010bbf80:   3ff0000000000000 00007f9efc50fd10
0x00007f9f010bbf90:   00007f9efc50f7c0 00007f9efc50fd30
0x00007f9f010bbfa0:   00007f9efc50ff70 00007f9efc510120
0x00007f9f010bbfb0:   00007f9efc510090 00007f9efc524600
0x00007f9f010bbfc0:   00007f9efc4e6580 00007f9eea32f075
0x00007f9f010bbfd0:   00000002fc50fd70 00007f9efc50fd70
0x00007f9f010bbfe0:   00007f9efc50fe50 00007f9efc50fdc0
0x00007f9f010bbff0:   00007f9f010bc030 00007f9eea32f675
0x00007f9f010bc000:   00007f9f0309a9f0 00007f9efc50fd70
0x00007f9f010bc010:   00007f9efc50fd70 00007f9efc50fd30
0x00007f9f010bc020:   00007f9efc50fd10 00007f9efc50f7c0
0x00007f9f010bc030:   00007f9f010bc080 00007f9eea32f738
0x00007f9f010bc040:   00000000d6b35ab0 00007f9efc50fb10
0x00007f9f010bc050:   00000000d69fb970 00007f9efc50fd50
0x00007f9f010bc060:   00007f9efc50fc30 00007f9efc50fd70
0x00007f9f010bc070:   00007f9ef8dfd233 00000000f771a6c8
0x00007f9f010bc080:   00007f9efc453ae0 00007f9eeb582cd9
0x00007f9f010bc090:   00000000d69fc4a3 00000000d79ae110
0x00007f9f010bc0a0:   00007f9f010bc120 00007f9ef8e09738
0x00007f9f010bc0b0:   00000000d69fc528 0000000000000000
0x00007f9f010bc0c0:   00007f9f010bc0e8 00007f9f010bc148
0x00007f9f010bc0d0:   00007f9ef8dfd233 00000000e129ae98
0x00007f9f010bc0e0:   00007f9f010bc0e0 0000000000000000 

Instructions: (pc=0x00007f9eea939a6b)
0x00007f9eea939a4b:   40 08 48 8b 00 48 89 45 b0 48 8b 45 98 48 8b 40
0x00007f9eea939a5b:   08 48 8b 40 08 48 89 45 b8 48 8b 45 90 48 8b 00
0x00007f9eea939a6b:   48 8b 00 48 89 45 c0 48 8b 45 90 48 8b 00 48 8b
0x00007f9eea939a7b:   40 08 48 89 45 c8 48 8b 45 90 48 8b 40 08 48 8b 

Register to memory mapping:

RAX=0x60058b48f8458948 is an unknown value
RBX=0x00000000d79ae110 is an oop
{method} 
 - klass: {other class}
RCX=0x0000000000000031 is an unknown value
RDX=0x00007f9eea32f075: rb_min+0x32 in lib/libintersection.so at 0x00007f9eea32d000
RSP=0x00007f9f010bbef0 is pointing into the stack for thread: 0x00007f9efc00a800
RBP=0x00007f9f010bbf70 is pointing into the stack for thread: 0x00007f9efc00a800
RSI=0x00007f9eea32f075: rb_min+0x32 in lib/libintersection.so at 0x00007f9eea32d000
RDI=0x00007f9efc4e6580 is an unknown value
R8 =0x00007f9f030976a0: _IO_file_jumps+0 in /lib/x86_64-linux-gnu/libc.so.6 at 0x00007f9f02cd7000
R9 =0x00007f9f02d25134: _IO_vfprintf+0x49b4 in /lib/x86_64-linux-gnu/libc.so.6 at 0x00007f9f02cd7000
R10=0x00007f9f010bbd20 is pointing into the stack for thread: 0x00007f9efc00a800
R11=0x00007f9eea939a18: he_intersection+0 in lib/libhalf_edge.so at 0x00007f9eea939000
R12=0x0000000000000000 is an unknown value
R13=0x00000000d79ae110 is an oop
{method} 
 - klass: {other class}
R14=0x00007f9f010bc168 is pointing into the stack for thread: 0x00007f9efc00a800
R15=0x00007f9efc00a800 is a thread


Stack: [0x00007f9f00ebe000,0x00007f9f010bf000],  sp=0x00007f9f010bbef0,  free space=2039k
Native frames: (J=compiled Java code, j=interpreted, Vv=VM code, C=native code)
C  [libhalf_edge.so+0xa6b]  he_intersection+0x53
C  [libintersection.so+0x240e]  update_intersections+0xb6
C  [libintersection.so+0x2675]  sweep+0x51
C  [libintersection.so+0x2738]  find_intersections+0x82

Java frames: (J=compiled Java code, j=interpreted, Vv=VM code)
j  com.kenai.jffi.Foreign.invokeL1(JJJ)J+0
j  com.kenai.jffi.Invoker.invokeL1(Lcom/kenai/jffi/CallContext;JJ)J+7
j  org.jruby.ext.ffi.jffi.NativeInvoker$ffi$7.call(Lorg/jruby/runtime/ThreadContext;Lorg/jruby/runtime/builtin/IRubyObject;Lorg/jruby/RubyModule;Ljava/lang/String;Lorg/jruby/runtime/builtin/IRubyObject;)Lorg/jruby/runtime/builtin/IRubyObject;+76
j  org.jruby.runtime.callsite.CachingCallSite.cacheAndCall(Lorg/jruby/runtime/builtin/IRubyObject;Lorg/jruby/RubyClass;Lorg/jruby/runtime/ThreadContext;Lorg/jruby/runtime/builtin/IRubyObject;Lorg/jruby/runtime/builtin/IRubyObject;)Lorg/jruby/runtime/builtin/IRubyObject;+57
J  org.jruby.runtime.callsite.CachingCallSite.call(Lorg/jruby/runtime/ThreadContext;Lorg/jruby/runtime/builtin/IRubyObject;Lorg/jruby/runtime/builtin/IRubyObject;Lorg/jruby/runtime/builtin/IRubyObject;)Lorg/jruby/runtime/builtin/IRubyObject;
J  org.jruby.ast.CallOneArgNode.interpret(Lorg/jruby/Ruby;Lorg/jruby/runtime/ThreadContext;Lorg/jruby/runtime/builtin/IRubyObject;Lorg/jruby/runtime/Block;)Lorg/jruby/runtime/builtin/IRubyObject;
j  org.jruby.ast.LocalAsgnNode.interpret(Lorg/jruby/Ruby;Lorg/jruby/runtime/ThreadContext;Lorg/jruby/runtime/builtin/IRubyObject;Lorg/jruby/runtime/Block;)Lorg/jruby/runtime/builtin/IRubyObject;+30
J  org.jruby.ast.BlockNode.interpret(Lorg/jruby/Ruby;Lorg/jruby/runtime/ThreadContext;Lorg/jruby/runtime/builtin/IRubyObject;Lorg/jruby/runtime/Block;)Lorg/jruby/runtime/builtin/IRubyObject;
j  org.jruby.evaluator.ASTInterpreter.INTERPRET_METHOD(Lorg/jruby/Ruby;Lorg/jruby/runtime/ThreadContext;Ljava/lang/String;ILorg/jruby/RubyModule;Lorg/jruby/ast/Node;Ljava/lang/String;Lorg/jruby/runtime/builtin/IRubyObject;Lorg/jruby/runtime/Block;Z)Lorg/jruby/runtime/builtin/IRubyObject;+30
j  org.jruby.internal.runtime.methods.InterpretedMethod.call(Lorg/jruby/runtime/ThreadContext;Lorg/jruby/runtime/builtin/IRubyObject;Lorg/jruby/RubyModule;Ljava/lang/String;)Lorg/jruby/runtime/builtin/IRubyObject;+80
j  org.jruby.internal.runtime.methods.DefaultMethod.call(Lorg/jruby/runtime/ThreadContext;Lorg/jruby/runtime/builtin/IRubyObject;Lorg/jruby/RubyModule;Ljava/lang/String;)Lorg/jruby/runtime/builtin/IRubyObject;+20
J  org.jruby.ast.CallNoArgNode.interpret(Lorg/jruby/Ruby;Lorg/jruby/runtime/ThreadContext;Lorg/jruby/runtime/builtin/IRubyObject;Lorg/jruby/runtime/Block;)Lorg/jruby/runtime/builtin/IRubyObject;
j  org.jruby.ast.FCallTwoArgNode.interpret(Lorg/jruby/Ruby;Lorg/jruby/runtime/ThreadContext;Lorg/jruby/runtime/builtin/IRubyObject;Lorg/jruby/runtime/Block;)Lorg/jruby/runtime/builtin/IRubyObject;+28
J  org.jruby.ast.BlockNode.interpret(Lorg/jruby/Ruby;Lorg/jruby/runtime/ThreadContext;Lorg/jruby/runtime/builtin/IRubyObject;Lorg/jruby/runtime/Block;)Lorg/jruby/runtime/builtin/IRubyObject;
j  org.jruby.evaluator.ASTInterpreter.INTERPRET_METHOD(Lorg/jruby/Ruby;Lorg/jruby/runtime/ThreadContext;Ljava/lang/String;ILorg/jruby/RubyModule;Lorg/jruby/ast/Node;Ljava/lang/String;Lorg/jruby/runtime/builtin/IRubyObject;Lorg/jruby/runtime/Block;Z)Lorg/jruby/runtime/builtin/IRubyObject;+30
j  org.jruby.internal.runtime.methods.InterpretedMethod.call(Lorg/jruby/runtime/ThreadContext;Lorg/jruby/runtime/builtin/IRubyObject;Lorg/jruby/RubyModule;Ljava/lang/String;)Lorg/jruby/runtime/builtin/IRubyObject;+80
j  org.jruby.internal.runtime.methods.DefaultMethod.call(Lorg/jruby/runtime/ThreadContext;Lorg/jruby/runtime/builtin/IRubyObject;Lorg/jruby/RubyModule;Ljava/lang/String;)Lorg/jruby/runtime/builtin/IRubyObject;+20
j  org.jruby.runtime.callsite.CachingCallSite.cacheAndCall(Lorg/jruby/runtime/builtin/IRubyObject;Lorg/jruby/RubyClass;Lorg/jruby/runtime/ThreadContext;Lorg/jruby/runtime/builtin/IRubyObject;)Lorg/jruby/runtime/builtin/IRubyObject;+53
j  org.jruby.runtime.callsite.CachingCallSite.call(Lorg/jruby/runtime/ThreadContext;Lorg/jruby/runtime/builtin/IRubyObject;Lorg/jruby/runtime/builtin/IRubyObject;)Lorg/jruby/runtime/builtin/IRubyObject;+46
j  Makefile.method__3$RUBY$test(LMakefile;Lorg/jruby/runtime/ThreadContext;Lorg/jruby/runtime/builtin/IRubyObject;Lorg/jruby/runtime/Block;)Lorg/jruby/runtime/builtin/IRubyObject;+130
j  Makefile$method__3$RUBY$test.call(Lorg/jruby/runtime/ThreadContext;Lorg/jruby/runtime/builtin/IRubyObject;Lorg/jruby/RubyModule;Ljava/lang/String;Lorg/jruby/runtime/Block;)Lorg/jruby/runtime/builtin/IRubyObject;+17
j  org.jruby.RubyClass.finvoke(Lorg/jruby/runtime/ThreadContext;Lorg/jruby/runtime/builtin/IRubyObject;Ljava/lang/String;Lorg/jruby/runtime/Block;)Lorg/jruby/runtime/builtin/IRubyObject;+41
j  org.jruby.RubyBasicObject.send19(Lorg/jruby/runtime/ThreadContext;Lorg/jruby/runtime/builtin/IRubyObject;Lorg/jruby/runtime/Block;)Lorg/jruby/runtime/builtin/IRubyObject;+15
j  org.jruby.RubyKernel.send19(Lorg/jruby/runtime/ThreadContext;Lorg/jruby/runtime/builtin/IRubyObject;Lorg/jruby/runtime/builtin/IRubyObject;Lorg/jruby/runtime/Block;)Lorg/jruby/runtime/builtin/IRubyObject;+7
j  org.jruby.RubyKernel$INVOKER$s$send19.call(Lorg/jruby/runtime/ThreadContext;Lorg/jruby/runtime/builtin/IRubyObject;Lorg/jruby/RubyModule;Ljava/lang/String;Lorg/jruby/runtime/builtin/IRubyObject;Lorg/jruby/runtime/Block;)Lorg/jruby/runtime/builtin/IRubyObject;+6
j  org.jruby.internal.runtime.methods.JavaMethod$JavaMethodOneOrNBlock.call(Lorg/jruby/runtime/ThreadContext;Lorg/jruby/runtime/builtin/IRubyObject;Lorg/jruby/RubyModule;Ljava/lang/String;Lorg/jruby/runtime/builtin/IRubyObject;)Lorg/jruby/runtime/builtin/IRubyObject;+11
j  org.jruby.runtime.callsite.CachingCallSite.call(Lorg/jruby/runtime/ThreadContext;Lorg/jruby/runtime/builtin/IRubyObject;Lorg/jruby/runtime/builtin/IRubyObject;Lorg/jruby/runtime/builtin/IRubyObject;)Lorg/jruby/runtime/builtin/IRubyObject;+38
j  Makefile.block_7$RUBY$__file__(LMakefile;Lorg/jruby/runtime/ThreadContext;Lorg/jruby/runtime/builtin/IRubyObject;[Lorg/jruby/runtime/builtin/IRubyObject;Lorg/jruby/runtime/Block;)Lorg/jruby/runtime/builtin/IRubyObject;+46
j  Makefile$block_7$RUBY$__file__.call(Lorg/jruby/runtime/ThreadContext;Lorg/jruby/runtime/builtin/IRubyObject;[Lorg/jruby/runtime/builtin/IRubyObject;Lorg/jruby/runtime/Block;)Lorg/jruby/runtime/builtin/IRubyObject;+9
j  org.jruby.runtime.CompiledBlock19.yield(Lorg/jruby/runtime/ThreadContext;Lorg/jruby/runtime/builtin/IRubyObject;Lorg/jruby/runtime/Binding;Lorg/jruby/runtime/Block$Type;)Lorg/jruby/runtime/builtin/IRubyObject;+52
j  org.jruby.runtime.Block.yield(Lorg/jruby/runtime/ThreadContext;Lorg/jruby/runtime/builtin/IRubyObject;)Lorg/jruby/runtime/builtin/IRubyObject;+14
j  org.jruby.RubyArray.eachCommon(Lorg/jruby/runtime/ThreadContext;Lorg/jruby/runtime/Block;)Lorg/jruby/runtime/builtin/IRubyObject;+41
j  org.jruby.RubyArray.each(Lorg/jruby/runtime/ThreadContext;Lorg/jruby/runtime/Block;)Lorg/jruby/runtime/builtin/IRubyObject;+10
j  org.jruby.RubyArray$INVOKER$i$0$0$each.call(Lorg/jruby/runtime/ThreadContext;Lorg/jruby/runtime/builtin/IRubyObject;Lorg/jruby/RubyModule;Ljava/lang/String;Lorg/jruby/runtime/Block;)Lorg/jruby/runtime/builtin/IRubyObject;+7
j  org.jruby.runtime.callsite.CachingCallSite.cacheAndCall(Lorg/jruby/runtime/builtin/IRubyObject;Lorg/jruby/RubyClass;Lorg/jruby/runtime/Block;Lorg/jruby/runtime/ThreadContext;Lorg/jruby/runtime/builtin/IRubyObject;)Lorg/jruby/runtime/builtin/IRubyObject;+57
j  org.jruby.runtime.callsite.CachingCallSite.callBlock(Lorg/jruby/runtime/ThreadContext;Lorg/jruby/runtime/builtin/IRubyObject;Lorg/jruby/runtime/builtin/IRubyObject;Lorg/jruby/runtime/Block;)Lorg/jruby/runtime/builtin/IRubyObject;+50
j  org.jruby.runtime.callsite.CachingCallSite.callIter(Lorg/jruby/runtime/ThreadContext;Lorg/jruby/runtime/builtin/IRubyObject;Lorg/jruby/runtime/builtin/IRubyObject;Lorg/jruby/runtime/Block;)Lorg/jruby/runtime/builtin/IRubyObject;+6
j  Makefile.__file__(LMakefile;Lorg/jruby/runtime/ThreadContext;Lorg/jruby/runtime/builtin/IRubyObject;[Lorg/jruby/runtime/builtin/IRubyObject;Lorg/jruby/runtime/Block;)Lorg/jruby/runtime/builtin/IRubyObject;+938
j  Makefile.load(Lorg/jruby/runtime/ThreadContext;Lorg/jruby/runtime/builtin/IRubyObject;Z)Lorg/jruby/runtime/builtin/IRubyObject;+22
j  org.jruby.Ruby.runScript(Lorg/jruby/ast/executable/Script;Z)Lorg/jruby/runtime/builtin/IRubyObject;+12
j  org.jruby.Ruby.runScript(Lorg/jruby/ast/executable/Script;)Lorg/jruby/runtime/builtin/IRubyObject;+3
j  org.jruby.Ruby.runNormally(Lorg/jruby/ast/Node;)Lorg/jruby/runtime/builtin/IRubyObject;+73
j  org.jruby.Ruby.runFromMain(Ljava/io/InputStream;Ljava/lang/String;)V+320
j  org.jruby.Main.doRunFromMain(Lorg/jruby/Ruby;Ljava/io/InputStream;Ljava/lang/String;)Lorg/jruby/Main$Status;+12
j  org.jruby.Main.internalRun()Lorg/jruby/Main$Status;+234
j  org.jruby.Main.run([Ljava/lang/String;)Lorg/jruby/Main$Status;+9
j  org.jruby.Main.main([Ljava/lang/String;)V+35
v  ~StubRoutines::call_stub

---------------  P R O C E S S  ---------------

Java Threads: ( => current thread )
  0x00007f9efc4d1800 JavaThread "JRubyJIT-2" daemon [_thread_blocked, id=8194, stack(0x00007f9eeb140000,0x00007f9eeb341000)]
  0x00007f9efc4c1800 JavaThread "process reaper" daemon [_thread_blocked, id=8072, stack(0x00007f9eeb341000,0x00007f9eeb37a000)]
  0x00007f9efc4b1000 JavaThread "JRubyJIT-1" daemon [_thread_blocked, id=8066, stack(0x00007f9eeb37a000,0x00007f9eeb57b000)]
  0x00007f9efc0ae000 JavaThread "Service Thread" daemon [_thread_blocked, id=8060, stack(0x00007f9ef1002000,0x00007f9ef1203000)]
  0x00007f9efc0ab800 JavaThread "C2 CompilerThread1" daemon [_thread_in_native, id=8059, stack(0x00007f9ef1203000,0x00007f9ef1304000)]
  0x00007f9efc0a8800 JavaThread "C2 CompilerThread0" daemon [_thread_in_native, id=8058, stack(0x00007f9ef1304000,0x00007f9ef1405000)]
  0x00007f9efc0a6800 JavaThread "Signal Dispatcher" daemon [_thread_blocked, id=8057, stack(0x00007f9ef1405000,0x00007f9ef1606000)]
  0x00007f9efc082800 JavaThread "Finalizer" daemon [_thread_blocked, id=8056, stack(0x00007f9ef1a00000,0x00007f9ef1c01000)]
  0x00007f9efc080800 JavaThread "Reference Handler" daemon [_thread_blocked, id=8055, stack(0x00007f9ef1c01000,0x00007f9ef1e02000)]
=>0x00007f9efc00a800 JavaThread "main" [_thread_in_native, id=8049, stack(0x00007f9f00ebe000,0x00007f9f010bf000)]

Other Threads:
  0x00007f9efc07c800 VMThread [stack: 0x00007f9ef1e02000,0x00007f9ef1f03000] [id=8054]
  0x00007f9efc0b8800 WatcherThread [stack: 0x00007f9ef0f01000,0x00007f9ef1002000] [id=8061]

VM state:not at safepoint (normal execution)

VM Mutex/Monitor currently owned by a thread: None

Heap
 PSYoungGen      total 32768K, used 7035K [0x00000000f5900000, 0x00000000f9900000, 0x0000000100000000)
  eden space 30720K, 16% used [0x00000000f5900000,0x00000000f5de1728,0x00000000f7700000)
  from space 2048K, 99% used [0x00000000f7700000,0x00000000f78fd528,0x00000000f7900000)
  to   space 2048K, 0% used [0x00000000f9700000,0x00000000f9700000,0x00000000f9900000)
 ParOldGen       total 38400K, used 8970K [0x00000000e0c00000, 0x00000000e3180000, 0x00000000f5900000)
  object space 38400K, 23% used [0x00000000e0c00000,0x00000000e14c2b98,0x00000000e3180000)
 PSPermGen       total 25600K, used 25483K [0x00000000d6600000, 0x00000000d7f00000, 0x00000000e0c00000)
  object space 25600K, 99% used [0x00000000d6600000,0x00000000d7ee2d08,0x00000000d7f00000)

Card table byte_map: [0x00007f9ef8ca9000,0x00007f9ef8df7000] byte_map_base: 0x00007f9ef85f6000

Polling page: 0x00007f9f034cc000

Code Cache  [0x00007f9ef8df7000, 0x00007f9ef9067000, 0x00007f9efbdf7000)
 total_blobs=1005 nmethods=524 adapters=433 free_code_cache=47378Kb largest_free_block=48488512

Compilation events (10 events):
Event: 4,297 Thread 0x00007f9efc0a8800 nmethod 535 0x00007f9ef8eb76d0 code [0x00007f9ef8eb7820, 0x00007f9ef8eb7918]
Event: 4,297 Thread 0x00007f9efc0a8800  536             org.jruby.ext.ffi.AbstractMemory::<init> (11 bytes)
Event: 4,299 Thread 0x00007f9efc0a8800 nmethod 536 0x00007f9ef8eb7290 code [0x00007f9ef8eb73e0, 0x00007f9ef8eb74d8]
Event: 4,299 Thread 0x00007f9efc0a8800  537             org.jruby.ext.ffi.AbstractMemory::<init> (25 bytes)
Event: 4,301 Thread 0x00007f9efc0a8800 nmethod 537 0x00007f9ef8eb6e90 code [0x00007f9ef8eb6fe0, 0x00007f9ef8eb70d8]
Event: 4,301 Thread 0x00007f9efc0a8800  538             org.jruby.ext.ffi.Pointer::<init> (11 bytes)
Event: 4,302 Thread 0x00007f9efc0a8800 nmethod 538 0x00007f9ef8eb6a10 code [0x00007f9ef8eb6b60, 0x00007f9ef8eb6c58]
Event: 4,302 Thread 0x00007f9efc0a8800  539             org.jruby.ext.ffi.Pointer::<init> (11 bytes)
Event: 4,305 Thread 0x00007f9efc0a8800 nmethod 539 0x00007f9ef8eb6550 code [0x00007f9ef8eb66a0, 0x00007f9ef8eb6798]
Event: 4,305 Thread 0x00007f9efc0a8800  540             org.jruby.ext.ffi.Pointer::getPointerClass (8 bytes)

GC Heap History (6 events):
Event: 1,380 GC heap before
{Heap before GC invocations=1 (full 0):
 PSYoungGen      total 17408K, used 15360K [0x00000000f5900000, 0x00000000f6c00000, 0x0000000100000000)
  eden space 15360K, 100% used [0x00000000f5900000,0x00000000f6800000,0x00000000f6800000)
  from space 2048K, 0% used [0x00000000f6a00000,0x00000000f6a00000,0x00000000f6c00000)
  to   space 2048K, 0% used [0x00000000f6800000,0x00000000f6800000,0x00000000f6a00000)
 ParOldGen       total 38400K, used 0K [0x00000000e0c00000, 0x00000000e3180000, 0x00000000f5900000)
  object space 38400K, 0% used [0x00000000e0c00000,0x00000000e0c00000,0x00000000e3180000)
 PSPermGen       total 21504K, used 18949K [0x00000000d6600000, 0x00000000d7b00000, 0x00000000e0c00000)
  object space 21504K, 88% used [0x00000000d6600000,0x00000000d78816e8,0x00000000d7b00000)
Event: 1,394 GC heap after
Heap after GC invocations=1 (full 0):
 PSYoungGen      total 17408K, used 2037K [0x00000000f5900000, 0x00000000f7b00000, 0x0000000100000000)
  eden space 15360K, 0% used [0x00000000f5900000,0x00000000f5900000,0x00000000f6800000)
  from space 2048K, 99% used [0x00000000f6800000,0x00000000f69fd4d8,0x00000000f6a00000)
  to   space 2048K, 0% used [0x00000000f7900000,0x00000000f7900000,0x00000000f7b00000)
 ParOldGen       total 38400K, used 3777K [0x00000000e0c00000, 0x00000000e3180000, 0x00000000f5900000)
  object space 38400K, 9% used [0x00000000e0c00000,0x00000000e0fb05c8,0x00000000e3180000)
 PSPermGen       total 21504K, used 18949K [0x00000000d6600000, 0x00000000d7b00000, 0x00000000e0c00000)
  object space 21504K, 88% used [0x00000000d6600000,0x00000000d78816e8,0x00000000d7b00000)
}
Event: 2,337 GC heap before
{Heap before GC invocations=2 (full 0):
 PSYoungGen      total 17408K, used 17397K [0x00000000f5900000, 0x00000000f7b00000, 0x0000000100000000)
  eden space 15360K, 100% used [0x00000000f5900000,0x00000000f6800000,0x00000000f6800000)
  from space 2048K, 99% used [0x00000000f6800000,0x00000000f69fd4d8,0x00000000f6a00000)
  to   space 2048K, 0% used [0x00000000f7900000,0x00000000f7900000,0x00000000f7b00000)
 ParOldGen       total 38400K, used 3777K [0x00000000e0c00000, 0x00000000e3180000, 0x00000000f5900000)
  object space 38400K, 9% used [0x00000000e0c00000,0x00000000e0fb05c8,0x00000000e3180000)
 PSPermGen       total 23552K, used 23439K [0x00000000d6600000, 0x00000000d7d00000, 0x00000000e0c00000)
  object space 23552K, 99% used [0x00000000d6600000,0x00000000d7ce3eb8,0x00000000d7d00000)
Event: 2,358 GC heap after
Heap after GC invocations=2 (full 0):
 PSYoungGen      total 32768K, used 2021K [0x00000000f5900000, 0x00000000f7b00000, 0x0000000100000000)
  eden space 30720K, 0% used [0x00000000f5900000,0x00000000f5900000,0x00000000f7700000)
  from space 2048K, 98% used [0x00000000f7900000,0x00000000f7af9538,0x00000000f7b00000)
  to   space 2048K, 0% used [0x00000000f7700000,0x00000000f7700000,0x00000000f7900000)
 ParOldGen       total 38400K, used 5904K [0x00000000e0c00000, 0x00000000e3180000, 0x00000000f5900000)
  object space 38400K, 15% used [0x00000000e0c00000,0x00000000e11c43d0,0x00000000e3180000)
 PSPermGen       total 23552K, used 23439K [0x00000000d6600000, 0x00000000d7d00000, 0x00000000e0c00000)
  object space 23552K, 99% used [0x00000000d6600000,0x00000000d7ce3eb8,0x00000000d7d00000)
}
Event: 4,125 GC heap before
{Heap before GC invocations=3 (full 0):
 PSYoungGen      total 32768K, used 32741K [0x00000000f5900000, 0x00000000f7b00000, 0x0000000100000000)
  eden space 30720K, 100% used [0x00000000f5900000,0x00000000f7700000,0x00000000f7700000)
  from space 2048K, 98% used [0x00000000f7900000,0x00000000f7af9538,0x00000000f7b00000)
  to   space 2048K, 0% used [0x00000000f7700000,0x00000000f7700000,0x00000000f7900000)
 ParOldGen       total 38400K, used 5904K [0x00000000e0c00000, 0x00000000e3180000, 0x00000000f5900000)
  object space 38400K, 15% used [0x00000000e0c00000,0x00000000e11c43d0,0x00000000e3180000)
 PSPermGen       total 25600K, used 25467K [0x00000000d6600000, 0x00000000d7f00000, 0x00000000e0c00000)
  object space 25600K, 99% used [0x00000000d6600000,0x00000000d7edec48,0x00000000d7f00000)
Event: 4,141 GC heap after
Heap after GC invocations=3 (full 0):
 PSYoungGen      total 32768K, used 2037K [0x00000000f5900000, 0x00000000f9900000, 0x0000000100000000)
  eden space 30720K, 0% used [0x00000000f5900000,0x00000000f5900000,0x00000000f7700000)
  from space 2048K, 99% used [0x00000000f7700000,0x00000000f78fd528,0x00000000f7900000)
  to   space 2048K, 0% used [0x00000000f9700000,0x00000000f9700000,0x00000000f9900000)
 ParOldGen       total 38400K, used 8970K [0x00000000e0c00000, 0x00000000e3180000, 0x00000000f5900000)
  object space 38400K, 23% used [0x00000000e0c00000,0x00000000e14c2b98,0x00000000e3180000)
 PSPermGen       total 25600K, used 25467K [0x00000000d6600000, 0x00000000d7f00000, 0x00000000e0c00000)
  object space 25600K, 99% used [0x00000000d6600000,0x00000000d7edec48,0x00000000d7f00000)
}

Deoptimization events (10 events):
Event: 4,298 Thread 0x00007f9efc00a800 Uncommon trap: reason=class_check action=maybe_recompile pc=0x00007f9ef8faadd8 method=org.jruby.RubyArray.collect(Lorg/jruby/runtime/ThreadContext;Lorg/jruby/runtime/Block;)Lorg/jruby/runtime/builtin/IRubyObject; @ 71
Event: 4,298 Thread 0x00007f9efc00a800 Uncommon trap: reason=class_check action=maybe_recompile pc=0x00007f9ef8faadd8 method=org.jruby.RubyArray.collect(Lorg/jruby/runtime/ThreadContext;Lorg/jruby/runtime/Block;)Lorg/jruby/runtime/builtin/IRubyObject; @ 71
Event: 4,298 Thread 0x00007f9efc00a800 Uncommon trap: reason=bimorphic action=maybe_recompile pc=0x00007f9ef8ec0808 method=org.jruby.RubyClass.allocate()Lorg/jruby/runtime/builtin/IRubyObject; @ 54
Event: 4,299 Thread 0x00007f9efc00a800 Uncommon trap: reason=bimorphic action=maybe_recompile pc=0x00007f9ef8ec0808 method=org.jruby.RubyClass.allocate()Lorg/jruby/runtime/builtin/IRubyObject; @ 54
Event: 4,299 Thread 0x00007f9efc00a800 Uncommon trap: reason=class_check action=maybe_recompile pc=0x00007f9ef8fac2a4 method=org.jruby.runtime.ivars.VariableAccessor.get(Ljava/lang/Object;)Ljava/lang/Object; @ 1
Event: 4,299 Thread 0x00007f9efc00a800 Uncommon trap: reason=class_check action=maybe_recompile pc=0x00007f9ef8fac2a4 method=org.jruby.runtime.ivars.VariableAccessor.get(Ljava/lang/Object;)Ljava/lang/Object; @ 1
Event: 4,299 Thread 0x00007f9efc00a800 Uncommon trap: reason=class_check action=maybe_recompile pc=0x00007f9ef8fac2a4 method=org.jruby.runtime.ivars.VariableAccessor.get(Ljava/lang/Object;)Ljava/lang/Object; @ 1
Event: 4,299 Thread 0x00007f9efc00a800 Uncommon trap: reason=class_check action=maybe_recompile pc=0x00007f9ef8fac2a4 method=org.jruby.runtime.ivars.VariableAccessor.get(Ljava/lang/Object;)Ljava/lang/Object; @ 1
Event: 4,299 Thread 0x00007f9efc00a800 Uncommon trap: reason=bimorphic action=maybe_recompile pc=0x00007f9ef8ec0808 method=org.jruby.RubyClass.allocate()Lorg/jruby/runtime/builtin/IRubyObject; @ 54
Event: 4,299 Thread 0x00007f9efc00a800 Uncommon trap: reason=bimorphic action=maybe_recompile pc=0x00007f9ef8ec0808 method=org.jruby.RubyClass.allocate()Lorg/jruby/runtime/builtin/IRubyObject; @ 54

Internal exceptions (10 events):
Event: 3,754 Thread 0x00007f9efc00a800 Threw 0x00000000f714f010 at /build/buildd/openjdk-7-7u51-2.4.4/build/openjdk/hotspot/src/share/vm/prims/jvm.cpp:1244
Event: 3,754 Thread 0x00007f9efc00a800 Threw 0x00000000f714fac0 at /build/buildd/openjdk-7-7u51-2.4.4/build/openjdk/hotspot/src/share/vm/prims/jvm.cpp:1244
Event: 3,755 Thread 0x00007f9efc00a800 Threw 0x00000000f715b630 at /build/buildd/openjdk-7-7u51-2.4.4/build/openjdk/hotspot/src/share/vm/prims/jvm.cpp:1244
Event: 3,756 Thread 0x00007f9efc00a800 Threw 0x00000000f715d6f0 at /build/buildd/openjdk-7-7u51-2.4.4/build/openjdk/hotspot/src/share/vm/prims/jvm.cpp:1244
Event: 3,756 Thread 0x00007f9efc00a800 Threw 0x00000000f715e1a0 at /build/buildd/openjdk-7-7u51-2.4.4/build/openjdk/hotspot/src/share/vm/prims/jvm.cpp:1244
Event: 3,756 Thread 0x00007f9efc00a800 Threw 0x00000000f7160040 at /build/buildd/openjdk-7-7u51-2.4.4/build/openjdk/hotspot/src/share/vm/prims/jvm.cpp:1244
Event: 3,756 Thread 0x00007f9efc00a800 Threw 0x00000000f7162100 at /build/buildd/openjdk-7-7u51-2.4.4/build/openjdk/hotspot/src/share/vm/prims/jvm.cpp:1244
Event: 3,756 Thread 0x00007f9efc00a800 Threw 0x00000000f7162bb0 at /build/buildd/openjdk-7-7u51-2.4.4/build/openjdk/hotspot/src/share/vm/prims/jvm.cpp:1244
Event: 4,303 Thread 0x00007f9efc4d1800 Threw 0x00000000f5dbcaf8 at /build/buildd/openjdk-7-7u51-2.4.4/build/openjdk/hotspot/src/share/vm/prims/jvm.cpp:1244
Event: 4,304 Thread 0x00007f9efc4d1800 Threw 0x00000000f5dbe510 at /build/buildd/openjdk-7-7u51-2.4.4/build/openjdk/hotspot/src/share/vm/prims/jvm.cpp:1244

Events (10 events):
Event: 4,299 Thread 0x00007f9efc00a800 DEOPT PACKING pc=0x00007f9ef8fac2a4 sp=0x00007f9f010bb310
Event: 4,299 Thread 0x00007f9efc00a800 DEOPT UNPACKING pc=0x00007f9ef8e30045 sp=0x00007f9f010bb2d8 mode 2
Event: 4,299 Thread 0x00007f9efc00a800 Uncommon trap: trap_request=0xffffffc6 fr.pc=0x00007f9ef8ec0808
Event: 4,299 Thread 0x00007f9efc00a800 DEOPT PACKING pc=0x00007f9ef8ec0808 sp=0x00007f9f010bb700
Event: 4,299 Thread 0x00007f9efc00a800 DEOPT UNPACKING pc=0x00007f9ef8e30045 sp=0x00007f9f010bb6f0 mode 2
Event: 4,299 Thread 0x00007f9efc00a800 Uncommon trap: trap_request=0xffffffc6 fr.pc=0x00007f9ef8ec0808
Event: 4,299 Thread 0x00007f9efc00a800 DEOPT PACKING pc=0x00007f9ef8ec0808 sp=0x00007f9f010bb700
Event: 4,299 Thread 0x00007f9efc00a800 DEOPT UNPACKING pc=0x00007f9ef8e30045 sp=0x00007f9f010bb6f0 mode 2
Event: 4,303 loading class 0x00007f9eb8001bd0
Event: 4,303 loading class 0x00007f9eb8001bd0 done


Dynamic libraries:
00400000-00401000 r-xp 00000000 08:01 15861394                           /usr/lib/jvm/java-7-openjdk-amd64/jre/bin/java
00600000-00601000 r--p 00000000 08:01 15861394                           /usr/lib/jvm/java-7-openjdk-amd64/jre/bin/java
00601000-00602000 rw-p 00001000 08:01 15861394                           /usr/lib/jvm/java-7-openjdk-amd64/jre/bin/java
01287000-012a8000 rw-p 00000000 00:00 0                                  [heap]
d6600000-d7f00000 rw-p 00000000 00:00 0 
d7f00000-e0c00000 rw-p 00000000 00:00 0 
e0c00000-e3180000 rw-p 00000000 00:00 0 
e3180000-f5900000 rw-p 00000000 00:00 0 
f5900000-f9900000 rw-p 00000000 00:00 0 
f9900000-100000000 rw-p 00000000 00:00 0 
7f9eac000000-7f9eac021000 rw-p 00000000 00:00 0 
7f9eac021000-7f9eb0000000 ---p 00000000 00:00 0 
7f9eb0000000-7f9eb0021000 rw-p 00000000 00:00 0 
7f9eb0021000-7f9eb4000000 ---p 00000000 00:00 0 
7f9eb4000000-7f9eb4021000 rw-p 00000000 00:00 0 
7f9eb4021000-7f9eb8000000 ---p 00000000 00:00 0 
7f9eb8000000-7f9eb8021000 rw-p 00000000 00:00 0 
7f9eb8021000-7f9ebc000000 ---p 00000000 00:00 0 
7f9ebc000000-7f9ebc021000 rw-p 00000000 00:00 0 
7f9ebc021000-7f9ec0000000 ---p 00000000 00:00 0 
7f9ec0000000-7f9ec0027000 rw-p 00000000 00:00 0 
7f9ec0027000-7f9ec4000000 ---p 00000000 00:00 0 
7f9ec4000000-7f9ec4e62000 rw-p 00000000 00:00 0 
7f9ec4e62000-7f9ec8000000 ---p 00000000 00:00 0 
7f9ec8000000-7f9ec8021000 rw-p 00000000 00:00 0 
7f9ec8021000-7f9ecc000000 ---p 00000000 00:00 0 
7f9ecc000000-7f9ecc021000 rw-p 00000000 00:00 0 
7f9ecc021000-7f9ed0000000 ---p 00000000 00:00 0 
7f9ed0000000-7f9ed0c31000 rw-p 00000000 00:00 0 
7f9ed0c31000-7f9ed4000000 ---p 00000000 00:00 0 
7f9ed4000000-7f9ed4021000 rw-p 00000000 00:00 0 
7f9ed4021000-7f9ed8000000 ---p 00000000 00:00 0 
7f9ed8000000-7f9ed8021000 rw-p 00000000 00:00 0 
7f9ed8021000-7f9edc000000 ---p 00000000 00:00 0 
7f9edc000000-7f9edc021000 rw-p 00000000 00:00 0 
7f9edc021000-7f9ee0000000 ---p 00000000 00:00 0 
7f9ee0000000-7f9ee0021000 rw-p 00000000 00:00 0 
7f9ee0021000-7f9ee4000000 ---p 00000000 00:00 0 
7f9ee4000000-7f9ee4021000 rw-p 00000000 00:00 0 
7f9ee4021000-7f9ee8000000 ---p 00000000 00:00 0 
7f9eea32d000-7f9eea330000 r-xp 00000000 08:01 13894194                   /home/alex/Documents/8vo_Semestre/Geometría Computacional/Lab/practica02p1/src/lib/libintersection.so
7f9eea330000-7f9eea530000 ---p 00003000 08:01 13894194                   /home/alex/Documents/8vo_Semestre/Geometría Computacional/Lab/practica02p1/src/lib/libintersection.so
7f9eea530000-7f9eea531000 r--p 00003000 08:01 13894194                   /home/alex/Documents/8vo_Semestre/Geometría Computacional/Lab/practica02p1/src/lib/libintersection.so
7f9eea531000-7f9eea532000 rw-p 00004000 08:01 13894194                   /home/alex/Documents/8vo_Semestre/Geometría Computacional/Lab/practica02p1/src/lib/libintersection.so
7f9eea532000-7f9eea535000 r-xp 00000000 08:01 13893852                   /home/alex/Documents/8vo_Semestre/Geometría Computacional/Lab/practica02p1/src/lib/librb_tree.so
7f9eea535000-7f9eea734000 ---p 00003000 08:01 13893852                   /home/alex/Documents/8vo_Semestre/Geometría Computacional/Lab/practica02p1/src/lib/librb_tree.so
7f9eea734000-7f9eea735000 r--p 00002000 08:01 13893852                   /home/alex/Documents/8vo_Semestre/Geometría Computacional/Lab/practica02p1/src/lib/librb_tree.so
7f9eea735000-7f9eea736000 rw-p 00003000 08:01 13893852                   /home/alex/Documents/8vo_Semestre/Geometría Computacional/Lab/practica02p1/src/lib/librb_tree.so
7f9eea736000-7f9eea738000 r-xp 00000000 08:01 13893851                   /home/alex/Documents/8vo_Semestre/Geometría Computacional/Lab/practica02p1/src/lib/libdouble_linked_list.so
7f9eea738000-7f9eea937000 ---p 00002000 08:01 13893851                   /home/alex/Documents/8vo_Semestre/Geometría Computacional/Lab/practica02p1/src/lib/libdouble_linked_list.so
7f9eea937000-7f9eea938000 r--p 00001000 08:01 13893851                   /home/alex/Documents/8vo_Semestre/Geometría Computacional/Lab/practica02p1/src/lib/libdouble_linked_list.so
7f9eea938000-7f9eea939000 rw-p 00002000 08:01 13893851                   /home/alex/Documents/8vo_Semestre/Geometría Computacional/Lab/practica02p1/src/lib/libdouble_linked_list.so
7f9eea939000-7f9eea93a000 r-xp 00000000 08:01 13893849                   /home/alex/Documents/8vo_Semestre/Geometría Computacional/Lab/practica02p1/src/lib/libhalf_edge.so
7f9eea93a000-7f9eeab3a000 ---p 00001000 08:01 13893849                   /home/alex/Documents/8vo_Semestre/Geometría Computacional/Lab/practica02p1/src/lib/libhalf_edge.so
7f9eeab3a000-7f9eeab3b000 r--p 00001000 08:01 13893849                   /home/alex/Documents/8vo_Semestre/Geometría Computacional/Lab/practica02p1/src/lib/libhalf_edge.so
7f9eeab3b000-7f9eeab3c000 rw-p 00002000 08:01 13893849                   /home/alex/Documents/8vo_Semestre/Geometría Computacional/Lab/practica02p1/src/lib/libhalf_edge.so
7f9eeab3c000-7f9eeab3d000 r-xp 00000000 08:01 13893835                   /home/alex/Documents/8vo_Semestre/Geometría Computacional/Lab/practica02p1/src/lib/lib2d_points.so
7f9eeab3d000-7f9eead3c000 ---p 00001000 08:01 13893835                   /home/alex/Documents/8vo_Semestre/Geometría Computacional/Lab/practica02p1/src/lib/lib2d_points.so
7f9eead3c000-7f9eead3d000 r--p 00000000 08:01 13893835                   /home/alex/Documents/8vo_Semestre/Geometría Computacional/Lab/practica02p1/src/lib/lib2d_points.so
7f9eead3d000-7f9eead3e000 rw-p 00001000 08:01 13893835                   /home/alex/Documents/8vo_Semestre/Geometría Computacional/Lab/practica02p1/src/lib/lib2d_points.so
7f9eead3e000-7f9eead41000 ---p 00000000 00:00 0 
7f9eead41000-7f9eeaf3f000 rw-p 00000000 00:00 0 
7f9eeaf3f000-7f9eeaf42000 ---p 00000000 00:00 0 
7f9eeaf42000-7f9eeb140000 rw-p 00000000 00:00 0 
7f9eeb140000-7f9eeb143000 ---p 00000000 00:00 0 
7f9eeb143000-7f9eeb341000 rw-p 00000000 00:00 0                          [stack:8194]
7f9eeb341000-7f9eeb344000 ---p 00000000 00:00 0 
7f9eeb344000-7f9eeb37a000 rw-p 00000000 00:00 0                          [stack:8072]
7f9eeb37a000-7f9eeb37d000 ---p 00000000 00:00 0 
7f9eeb37d000-7f9eeb57b000 rw-p 00000000 00:00 0                          [stack:8066]
7f9eeb57b000-7f9eeb58d000 r-xp 00000000 08:01 12059135                   /home/alex/.rbenv/versions/jruby-1.7.10/lib/jni/x86_64-Linux/libjffi-1.2.so
7f9eeb58d000-7f9eeb78c000 ---p 00012000 08:01 12059135                   /home/alex/.rbenv/versions/jruby-1.7.10/lib/jni/x86_64-Linux/libjffi-1.2.so
7f9eeb78c000-7f9eeb78d000 rw-p 00011000 08:01 12059135                   /home/alex/.rbenv/versions/jruby-1.7.10/lib/jni/x86_64-Linux/libjffi-1.2.so
7f9eeb78d000-7f9eeb79d000 r-xp 00000000 08:01 15861288                   /usr/lib/jvm/java-7-openjdk-amd64/jre/lib/amd64/libnio.so
7f9eeb79d000-7f9eeb99d000 ---p 00010000 08:01 15861288                   /usr/lib/jvm/java-7-openjdk-amd64/jre/lib/amd64/libnio.so
7f9eeb99d000-7f9eeb99e000 r--p 00010000 08:01 15861288                   /usr/lib/jvm/java-7-openjdk-amd64/jre/lib/amd64/libnio.so
7f9eeb99e000-7f9eeb99f000 rw-p 00011000 08:01 15861288                   /usr/lib/jvm/java-7-openjdk-amd64/jre/lib/amd64/libnio.so
7f9eeb99f000-7f9eeb9dc000 r-xp 00000000 08:01 8130434                    /lib/x86_64-linux-gnu/libpcre.so.3.13.1
7f9eeb9dc000-7f9eebbdc000 ---p 0003d000 08:01 8130434                    /lib/x86_64-linux-gnu/libpcre.so.3.13.1
7f9eebbdc000-7f9eebbdd000 r--p 0003d000 08:01 8130434                    /lib/x86_64-linux-gnu/libpcre.so.3.13.1
7f9eebbdd000-7f9eebbde000 rw-p 0003e000 08:01 8130434                    /lib/x86_64-linux-gnu/libpcre.so.3.13.1
7f9eebbde000-7f9eebbe5000 r-xp 00000000 08:01 15735894                   /usr/lib/x86_64-linux-gnu/libffi.so.6.0.1
7f9eebbe5000-7f9eebde4000 ---p 00007000 08:01 15735894                   /usr/lib/x86_64-linux-gnu/libffi.so.6.0.1
7f9eebde4000-7f9eebde5000 r--p 00006000 08:01 15735894                   /usr/lib/x86_64-linux-gnu/libffi.so.6.0.1
7f9eebde5000-7f9eebde6000 rw-p 00007000 08:01 15735894                   /usr/lib/x86_64-linux-gnu/libffi.so.6.0.1
7f9eebde6000-7f9eebdfc000 r-xp 00000000 08:01 8130457                    /lib/x86_64-linux-gnu/libresolv-2.17.so
7f9eebdfc000-7f9eebffc000 ---p 00016000 08:01 8130457                    /lib/x86_64-linux-gnu/libresolv-2.17.so
7f9eebffc000-7f9eebffd000 r--p 00016000 08:01 8130457                    /lib/x86_64-linux-gnu/libresolv-2.17.so
7f9eebffd000-7f9eebffe000 rw-p 00017000 08:01 8130457                    /lib/x86_64-linux-gnu/libresolv-2.17.so
7f9eebffe000-7f9eec000000 rw-p 00000000 00:00 0 
7f9eec000000-7f9eec021000 rw-p 00000000 00:00 0 
7f9eec021000-7f9ef0000000 ---p 00000000 00:00 0 
7f9ef000f000-7f9ef002e000 r-xp 00000000 08:01 8130461                    /lib/x86_64-linux-gnu/libselinux.so.1
7f9ef002e000-7f9ef022e000 ---p 0001f000 08:01 8130461                    /lib/x86_64-linux-gnu/libselinux.so.1
7f9ef022e000-7f9ef022f000 r--p 0001f000 08:01 8130461                    /lib/x86_64-linux-gnu/libselinux.so.1
7f9ef022f000-7f9ef0230000 rw-p 00020000 08:01 8130461                    /lib/x86_64-linux-gnu/libselinux.so.1
7f9ef0230000-7f9ef0231000 rw-p 00000000 00:00 0 
7f9ef0231000-7f9ef0234000 r-xp 00000000 08:01 15729078                   /usr/lib/x86_64-linux-gnu/libgmodule-2.0.so.0.3800.1
7f9ef0234000-7f9ef0433000 ---p 00003000 08:01 15729078                   /usr/lib/x86_64-linux-gnu/libgmodule-2.0.so.0.3800.1
7f9ef0433000-7f9ef0434000 r--p 00002000 08:01 15729078                   /usr/lib/x86_64-linux-gnu/libgmodule-2.0.so.0.3800.1
7f9ef0434000-7f9ef0435000 rw-p 00003000 08:01 15729078                   /usr/lib/x86_64-linux-gnu/libgmodule-2.0.so.0.3800.1
7f9ef0435000-7f9ef0533000 r-xp 00000000 08:01 8130449                    /lib/x86_64-linux-gnu/libglib-2.0.so.0.3800.1
7f9ef0533000-7f9ef0733000 ---p 000fe000 08:01 8130449                    /lib/x86_64-linux-gnu/libglib-2.0.so.0.3800.1
7f9ef0733000-7f9ef0734000 r--p 000fe000 08:01 8130449                    /lib/x86_64-linux-gnu/libglib-2.0.so.0.3800.1
7f9ef0734000-7f9ef0735000 rw-p 000ff000 08:01 8130449                    /lib/x86_64-linux-gnu/libglib-2.0.so.0.3800.1
7f9ef0735000-7f9ef0736000 rw-p 00000000 00:00 0 
7f9ef0736000-7f9ef0785000 r-xp 00000000 08:01 15729069                   /usr/lib/x86_64-linux-gnu/libgobject-2.0.so.0.3800.1
7f9ef0785000-7f9ef0985000 ---p 0004f000 08:01 15729069                   /usr/lib/x86_64-linux-gnu/libgobject-2.0.so.0.3800.1
7f9ef0985000-7f9ef0986000 r--p 0004f000 08:01 15729069                   /usr/lib/x86_64-linux-gnu/libgobject-2.0.so.0.3800.1
7f9ef0986000-7f9ef0987000 rw-p 00050000 08:01 15729069                   /usr/lib/x86_64-linux-gnu/libgobject-2.0.so.0.3800.1
7f9ef0987000-7f9ef0ae3000 r-xp 00000000 08:01 15729043                   /usr/lib/x86_64-linux-gnu/libgio-2.0.so.0.3800.1
7f9ef0ae3000-7f9ef0ce2000 ---p 0015c000 08:01 15729043                   /usr/lib/x86_64-linux-gnu/libgio-2.0.so.0.3800.1
7f9ef0ce2000-7f9ef0ce6000 r--p 0015b000 08:01 15729043                   /usr/lib/x86_64-linux-gnu/libgio-2.0.so.0.3800.1
7f9ef0ce6000-7f9ef0ce8000 rw-p 0015f000 08:01 15729043                   /usr/lib/x86_64-linux-gnu/libgio-2.0.so.0.3800.1
7f9ef0ce8000-7f9ef0cea000 rw-p 00000000 00:00 0 
7f9ef0cea000-7f9ef0d00000 r-xp 00000000 08:01 15861076                   /usr/lib/jvm/java-7-openjdk-amd64/jre/lib/amd64/libnet.so
7f9ef0d00000-7f9ef0eff000 ---p 00016000 08:01 15861076                   /usr/lib/jvm/java-7-openjdk-amd64/jre/lib/amd64/libnet.so
7f9ef0eff000-7f9ef0f00000 r--p 00015000 08:01 15861076                   /usr/lib/jvm/java-7-openjdk-amd64/jre/lib/amd64/libnet.so
7f9ef0f00000-7f9ef0f01000 rw-p 00016000 08:01 15861076                   /usr/lib/jvm/java-7-openjdk-amd64/jre/lib/amd64/libnet.so
7f9ef0f01000-7f9ef0f02000 ---p 00000000 00:00 0 
7f9ef0f02000-7f9ef1002000 rw-p 00000000 00:00 0                          [stack:8061]
7f9ef1002000-7f9ef1005000 ---p 00000000 00:00 0 
7f9ef1005000-7f9ef1203000 rw-p 00000000 00:00 0                          [stack:8060]
7f9ef1203000-7f9ef1206000 ---p 00000000 00:00 0 
7f9ef1206000-7f9ef1304000 rw-p 00000000 00:00 0                          [stack:8059]
7f9ef1304000-7f9ef1307000 ---p 00000000 00:00 0 
7f9ef1307000-7f9ef1405000 rw-p 00000000 00:00 0                          [stack:8058]
7f9ef1405000-7f9ef1408000 ---p 00000000 00:00 0 
7f9ef1408000-7f9ef1606000 rw-p 00000000 00:00 0                          [stack:8057]
7f9ef1606000-7f9ef1a00000 r--p 00000000 08:01 15734328                   /usr/lib/locale/locale-archive
7f9ef1a00000-7f9ef1a03000 ---p 00000000 00:00 0 
7f9ef1a03000-7f9ef1c01000 rw-p 00000000 00:00 0                          [stack:8056]
7f9ef1c01000-7f9ef1c04000 ---p 00000000 00:00 0 
7f9ef1c04000-7f9ef1e02000 rw-p 00000000 00:00 0                          [stack:8055]
7f9ef1e02000-7f9ef1e03000 ---p 00000000 00:00 0 
7f9ef1e03000-7f9ef4000000 rw-p 00000000 00:00 0                          [stack:8054]
7f9ef4000000-7f9ef4021000 rw-p 00000000 00:00 0 
7f9ef4021000-7f9ef8000000 ---p 00000000 00:00 0 
7f9ef8010000-7f9ef8011000 rw-p 00000000 00:00 0 
7f9ef8011000-7f9ef8012000 r-xp 00000000 00:00 0 
7f9ef8012000-7f9ef8019000 r--s 00000000 08:01 16127910                   /usr/lib/x86_64-linux-gnu/gconv/gconv-modules.cache
7f9ef8019000-7f9ef83a8000 rw-p 00000000 00:00 0 
7f9ef83a8000-7f9ef8491000 r--s 00bb9000 08:01 12059138                   /home/alex/.rbenv/versions/jruby-1.7.10/lib/jruby.jar
7f9ef8491000-7f9ef84d9000 rw-p 00000000 00:00 0 
7f9ef84d9000-7f9ef8687000 r--s 01cf4000 08:01 15861374                   /usr/lib/jvm/java-7-openjdk-amd64/jre/lib/rt.jar
7f9ef8687000-7f9ef88a5000 rw-p 00000000 00:00 0 
7f9ef88a5000-7f9ef88a6000 ---p 00000000 00:00 0 
7f9ef88a6000-7f9ef89a6000 rw-p 00000000 00:00 0                          [stack:8053]
7f9ef89a6000-7f9ef89a7000 ---p 00000000 00:00 0 
7f9ef89a7000-7f9ef8aa7000 rw-p 00000000 00:00 0                          [stack:8052]
7f9ef8aa7000-7f9ef8aa8000 ---p 00000000 00:00 0 
7f9ef8aa8000-7f9ef8ba8000 rw-p 00000000 00:00 0                          [stack:8051]
7f9ef8ba8000-7f9ef8ba9000 ---p 00000000 00:00 0 
7f9ef8ba9000-7f9ef8cb6000 rw-p 00000000 00:00 0                          [stack:8050]
7f9ef8cb6000-7f9ef8cfc000 rw-p 00000000 00:00 0 
7f9ef8cfc000-7f9ef8d0f000 rw-p 00000000 00:00 0 
7f9ef8d0f000-7f9ef8da2000 rw-p 00000000 00:00 0 
7f9ef8da2000-7f9ef8dc3000 rw-p 00000000 00:00 0 
7f9ef8dc3000-7f9ef8df6000 rw-p 00000000 00:00 0 
7f9ef8df6000-7f9ef8df7000 rw-p 00000000 00:00 0 
7f9ef8df7000-7f9ef9067000 rwxp 00000000 00:00 0 
7f9ef9067000-7f9efbdf7000 rw-p 00000000 00:00 0 
7f9efbdf7000-7f9efbdff000 r-xp 00000000 08:01 15861025                   /usr/lib/jvm/java-7-openjdk-amd64/jre/lib/amd64/libzip.so
7f9efbdff000-7f9efbffe000 ---p 00008000 08:01 15861025                   /usr/lib/jvm/java-7-openjdk-amd64/jre/lib/amd64/libzip.so
7f9efbffe000-7f9efbfff000 r--p 00007000 08:01 15861025                   /usr/lib/jvm/java-7-openjdk-amd64/jre/lib/amd64/libzip.so
7f9efbfff000-7f9efc000000 rw-p 00008000 08:01 15861025                   /usr/lib/jvm/java-7-openjdk-amd64/jre/lib/amd64/libzip.so
7f9efc000000-7f9efc52c000 rw-p 00000000 00:00 0 
7f9efc52c000-7f9f00000000 ---p 00000000 00:00 0 
7f9f00000000-7f9f00002000 r--s 00012000 08:01 15861308                   /usr/lib/jvm/java-7-openjdk-amd64/jre/lib/ext/zipfs.jar
7f9f00002000-7f9f00005000 r--s 00032000 08:01 15861310                   /usr/lib/jvm/java-7-openjdk-amd64/jre/lib/ext/sunjce_provider.jar
7f9f00005000-7f9f00009000 r--s 00085000 08:01 15861304                   /usr/lib/jvm/java-7-openjdk-amd64/jre/lib/ext/localedata.jar
7f9f00009000-7f9f0000b000 r--s 00006000 08:01 16256853                   /usr/share/java/java-atk-wrapper.jar
7f9f0000b000-7f9f0000c000 r--s 00002000 08:01 15861314                   /usr/lib/jvm/java-7-openjdk-amd64/jre/lib/ext/dnsns.jar
7f9f0000c000-7f9f0000f000 r--s 0000f000 08:01 15861306                   /usr/lib/jvm/java-7-openjdk-amd64/jre/lib/ext/pulse-java.jar
7f9f0000f000-7f9f00013000 r--s 0003b000 08:01 15861316                   /usr/lib/jvm/java-7-openjdk-amd64/jre/lib/ext/sunpkcs11.jar
7f9f00013000-7f9f0003b000 rw-p 00000000 00:00 0 
7f9f0003b000-7f9f00047000 r-xp 00000000 08:01 8130412                    /lib/x86_64-linux-gnu/libnss_files-2.17.so
7f9f00047000-7f9f00246000 ---p 0000c000 08:01 8130412                    /lib/x86_64-linux-gnu/libnss_files-2.17.so
7f9f00246000-7f9f00247000 r--p 0000b000 08:01 8130412                    /lib/x86_64-linux-gnu/libnss_files-2.17.so
7f9f00247000-7f9f00248000 rw-p 0000c000 08:01 8130412                    /lib/x86_64-linux-gnu/libnss_files-2.17.so
7f9f00248000-7f9f00253000 r-xp 00000000 08:01 8130416                    /lib/x86_64-linux-gnu/libnss_nis-2.17.so
7f9f00253000-7f9f00452000 ---p 0000b000 08:01 8130416                    /lib/x86_64-linux-gnu/libnss_nis-2.17.so
7f9f00452000-7f9f00453000 r--p 0000a000 08:01 8130416                    /lib/x86_64-linux-gnu/libnss_nis-2.17.so
7f9f00453000-7f9f00454000 rw-p 0000b000 08:01 8130416                    /lib/x86_64-linux-gnu/libnss_nis-2.17.so
7f9f00454000-7f9f0046b000 r-xp 00000000 08:01 8130406                    /lib/x86_64-linux-gnu/libnsl-2.17.so
7f9f0046b000-7f9f0066a000 ---p 00017000 08:01 8130406                    /lib/x86_64-linux-gnu/libnsl-2.17.so
7f9f0066a000-7f9f0066b000 r--p 00016000 08:01 8130406                    /lib/x86_64-linux-gnu/libnsl-2.17.so
7f9f0066b000-7f9f0066c000 rw-p 00017000 08:01 8130406                    /lib/x86_64-linux-gnu/libnsl-2.17.so
7f9f0066c000-7f9f0066e000 rw-p 00000000 00:00 0 
7f9f0066e000-7f9f00676000 r-xp 00000000 08:01 8130408                    /lib/x86_64-linux-gnu/libnss_compat-2.17.so
7f9f00676000-7f9f00875000 ---p 00008000 08:01 8130408                    /lib/x86_64-linux-gnu/libnss_compat-2.17.so
7f9f00875000-7f9f00876000 r--p 00007000 08:01 8130408                    /lib/x86_64-linux-gnu/libnss_compat-2.17.so
7f9f00876000-7f9f00877000 rw-p 00008000 08:01 8130408                    /lib/x86_64-linux-gnu/libnss_compat-2.17.so
7f9f00877000-7f9f008a2000 r-xp 00000000 08:01 15860951                   /usr/lib/jvm/java-7-openjdk-amd64/jre/lib/amd64/libjava.so
7f9f008a2000-7f9f00aa1000 ---p 0002b000 08:01 15860951                   /usr/lib/jvm/java-7-openjdk-amd64/jre/lib/amd64/libjava.so
7f9f00aa1000-7f9f00aa2000 r--p 0002a000 08:01 15860951                   /usr/lib/jvm/java-7-openjdk-amd64/jre/lib/amd64/libjava.so
7f9f00aa2000-7f9f00aa4000 rw-p 0002b000 08:01 15860951                   /usr/lib/jvm/java-7-openjdk-amd64/jre/lib/amd64/libjava.so
7f9f00aa4000-7f9f00ab4000 r-xp 00000000 08:01 15861265                   /usr/lib/jvm/java-7-openjdk-amd64/jre/lib/amd64/libverify.so
7f9f00ab4000-7f9f00cb3000 ---p 00010000 08:01 15861265                   /usr/lib/jvm/java-7-openjdk-amd64/jre/lib/amd64/libverify.so
7f9f00cb3000-7f9f00cb5000 r--p 0000f000 08:01 15861265                   /usr/lib/jvm/java-7-openjdk-amd64/jre/lib/amd64/libverify.so
7f9f00cb5000-7f9f00cb6000 rw-p 00011000 08:01 15861265                   /usr/lib/jvm/java-7-openjdk-amd64/jre/lib/amd64/libverify.so
7f9f00cb6000-7f9f00cbd000 r-xp 00000000 08:01 8130459                    /lib/x86_64-linux-gnu/librt-2.17.so
7f9f00cbd000-7f9f00ebc000 ---p 00007000 08:01 8130459                    /lib/x86_64-linux-gnu/librt-2.17.so
7f9f00ebc000-7f9f00ebd000 r--p 00006000 08:01 8130459                    /lib/x86_64-linux-gnu/librt-2.17.so
7f9f00ebd000-7f9f00ebe000 rw-p 00007000 08:01 8130459                    /lib/x86_64-linux-gnu/librt-2.17.so
7f9f00ebe000-7f9f00ec1000 ---p 00000000 00:00 0 
7f9f00ec1000-7f9f010bf000 rw-p 00000000 00:00 0                          [stack:8049]
7f9f010bf000-7f9f010d4000 r-xp 00000000 08:01 8126477                    /lib/x86_64-linux-gnu/libgcc_s.so.1
7f9f010d4000-7f9f012d3000 ---p 00015000 08:01 8126477                    /lib/x86_64-linux-gnu/libgcc_s.so.1
7f9f012d3000-7f9f012d4000 r--p 00014000 08:01 8126477                    /lib/x86_64-linux-gnu/libgcc_s.so.1
7f9f012d4000-7f9f012d5000 rw-p 00015000 08:01 8126477                    /lib/x86_64-linux-gnu/libgcc_s.so.1
7f9f012d5000-7f9f013d8000 r-xp 00000000 08:01 8130387                    /lib/x86_64-linux-gnu/libm-2.17.so
7f9f013d8000-7f9f015d7000 ---p 00103000 08:01 8130387                    /lib/x86_64-linux-gnu/libm-2.17.so
7f9f015d7000-7f9f015d8000 r--p 00102000 08:01 8130387                    /lib/x86_64-linux-gnu/libm-2.17.so
7f9f015d8000-7f9f015d9000 rw-p 00103000 08:01 8130387                    /lib/x86_64-linux-gnu/libm-2.17.so
7f9f015d9000-7f9f016bf000 r-xp 00000000 08:01 15729831                   /usr/lib/x86_64-linux-gnu/libstdc++.so.6.0.18
7f9f016bf000-7f9f018be000 ---p 000e6000 08:01 15729831                   /usr/lib/x86_64-linux-gnu/libstdc++.so.6.0.18
7f9f018be000-7f9f018c6000 r--p 000e5000 08:01 15729831                   /usr/lib/x86_64-linux-gnu/libstdc++.so.6.0.18
7f9f018c6000-7f9f018c8000 rw-p 000ed000 08:01 15729831                   /usr/lib/x86_64-linux-gnu/libstdc++.so.6.0.18
7f9f018c8000-7f9f018dd000 rw-p 00000000 00:00 0 
7f9f018dd000-7f9f023bc000 r-xp 00000000 08:01 15861284                   /usr/lib/jvm/java-7-openjdk-amd64/jre/lib/amd64/server/libjvm.so
7f9f023bc000-7f9f025bb000 ---p 00adf000 08:01 15861284                   /usr/lib/jvm/java-7-openjdk-amd64/jre/lib/amd64/server/libjvm.so
7f9f025bb000-7f9f0264d000 r--p 00ade000 08:01 15861284                   /usr/lib/jvm/java-7-openjdk-amd64/jre/lib/amd64/server/libjvm.so
7f9f0264d000-7f9f02670000 rw-p 00b70000 08:01 15861284                   /usr/lib/jvm/java-7-openjdk-amd64/jre/lib/amd64/server/libjvm.so
7f9f02670000-7f9f0269d000 rw-p 00000000 00:00 0 
7f9f0269d000-7f9f026b5000 r-xp 00000000 08:01 8130494                    /lib/x86_64-linux-gnu/libz.so.1.2.8
7f9f026b5000-7f9f028b4000 ---p 00018000 08:01 8130494                    /lib/x86_64-linux-gnu/libz.so.1.2.8
7f9f028b4000-7f9f028b5000 r--p 00017000 08:01 8130494                    /lib/x86_64-linux-gnu/libz.so.1.2.8
7f9f028b5000-7f9f028b6000 rw-p 00018000 08:01 8130494                    /lib/x86_64-linux-gnu/libz.so.1.2.8
7f9f028b6000-7f9f028cd000 r-xp 00000000 08:01 8130451                    /lib/x86_64-linux-gnu/libpthread-2.17.so
7f9f028cd000-7f9f02acd000 ---p 00017000 08:01 8130451                    /lib/x86_64-linux-gnu/libpthread-2.17.so
7f9f02acd000-7f9f02ace000 r--p 00017000 08:01 8130451                    /lib/x86_64-linux-gnu/libpthread-2.17.so
7f9f02ace000-7f9f02acf000 rw-p 00018000 08:01 8130451                    /lib/x86_64-linux-gnu/libpthread-2.17.so
7f9f02acf000-7f9f02ad3000 rw-p 00000000 00:00 0 
7f9f02ad3000-7f9f02ad6000 r-xp 00000000 08:01 8130351                    /lib/x86_64-linux-gnu/libdl-2.17.so
7f9f02ad6000-7f9f02cd5000 ---p 00003000 08:01 8130351                    /lib/x86_64-linux-gnu/libdl-2.17.so
7f9f02cd5000-7f9f02cd6000 r--p 00002000 08:01 8130351                    /lib/x86_64-linux-gnu/libdl-2.17.so
7f9f02cd6000-7f9f02cd7000 rw-p 00003000 08:01 8130351                    /lib/x86_64-linux-gnu/libdl-2.17.so
7f9f02cd7000-7f9f02e94000 r-xp 00000000 08:01 8130336                    /lib/x86_64-linux-gnu/libc-2.17.so
7f9f02e94000-7f9f03094000 ---p 001bd000 08:01 8130336                    /lib/x86_64-linux-gnu/libc-2.17.so
7f9f03094000-7f9f03098000 r--p 001bd000 08:01 8130336                    /lib/x86_64-linux-gnu/libc-2.17.so
7f9f03098000-7f9f0309a000 rw-p 001c1000 08:01 8130336                    /lib/x86_64-linux-gnu/libc-2.17.so
7f9f0309a000-7f9f0309f000 rw-p 00000000 00:00 0 
7f9f0309f000-7f9f030ac000 r-xp 00000000 08:01 15861291                   /usr/lib/jvm/java-7-openjdk-amd64/jre/lib/amd64/jli/libjli.so
7f9f030ac000-7f9f032ab000 ---p 0000d000 08:01 15861291                   /usr/lib/jvm/java-7-openjdk-amd64/jre/lib/amd64/jli/libjli.so
7f9f032ab000-7f9f032ac000 r--p 0000c000 08:01 15861291                   /usr/lib/jvm/java-7-openjdk-amd64/jre/lib/amd64/jli/libjli.so
7f9f032ac000-7f9f032ad000 rw-p 0000d000 08:01 15861291                   /usr/lib/jvm/java-7-openjdk-amd64/jre/lib/amd64/jli/libjli.so
7f9f032ad000-7f9f032d0000 r-xp 00000000 08:01 8130312                    /lib/x86_64-linux-gnu/ld-2.17.so
7f9f032d0000-7f9f032d5000 r--s 0004c000 08:01 15861296                   /usr/lib/jvm/java-7-openjdk-amd64/jre/lib/jsse.jar
7f9f032d5000-7f9f03303000 rw-p 00000000 00:00 0 
7f9f03303000-7f9f03349000 rw-p 00000000 00:00 0 
7f9f03349000-7f9f0335c000 rw-p 00000000 00:00 0 
7f9f0335c000-7f9f033f0000 rw-p 00000000 00:00 0 
7f9f033f0000-7f9f033fa000 rw-p 00000000 00:00 0 
7f9f033fa000-7f9f034b0000 rw-p 00000000 00:00 0 
7f9f034b0000-7f9f034c3000 rw-p 00000000 00:00 0 
7f9f034c3000-7f9f034cb000 rw-s 00000000 08:01 5767366                    /tmp/hsperfdata_alex/8024
7f9f034cb000-7f9f034cc000 rw-p 00000000 00:00 0 
7f9f034cc000-7f9f034cd000 r--p 00000000 00:00 0 
7f9f034cd000-7f9f034cf000 rw-p 00000000 00:00 0 
7f9f034cf000-7f9f034d0000 r--p 00022000 08:01 8130312                    /lib/x86_64-linux-gnu/ld-2.17.so
7f9f034d0000-7f9f034d2000 rw-p 00023000 08:01 8130312                    /lib/x86_64-linux-gnu/ld-2.17.so
7fffce03e000-7fffce05f000 rw-p 00000000 00:00 0                          [stack]
7fffce1fe000-7fffce200000 r-xp 00000000 00:00 0                          [vdso]
ffffffffff600000-ffffffffff601000 r-xp 00000000 00:00 0                  [vsyscall]

VM Arguments:
jvm_args: -Djdk.home= -Djruby.home=/home/alex/.rbenv/versions/jruby-1.7.10 -Djruby.script=jruby -Djruby.shell=/bin/sh -Djffi.boot.library.path=/home/alex/.rbenv/versions/jruby-1.7.10/lib/jni:/home/alex/.rbenv/versions/jruby-1.7.10/lib/jni/i386-Linux:/home/alex/.rbenv/versions/jruby-1.7.10/lib/jni/arm-Linux:/home/alex/.rbenv/versions/jruby-1.7.10/lib/jni/x86_64-Linux -Xmx500m -Xss2048k -Xbootclasspath/a:/home/alex/.rbenv/versions/jruby-1.7.10/lib/jruby.jar 
java_command: org/jruby/Main Makefile.rb clean compile test clean
Launcher Type: SUN_STANDARD

Environment Variables:
PATH=/home/alex/.rbenv/versions/jruby-1.7.10/bin:/home/alex/.rbenv/libexec:/home/alex/.rbenv/plugins/ruby-build/bin:/home/alex/.rbenv/shims:~/.rbenv/bin:~/.rbenv/bin:/usr/local/sbin:/usr/local/bin:/usr/sbin:/usr/bin:/sbin:/bin:/usr/games:/usr/local/games
USERNAME=alex
SHELL=/bin/bash
DISPLAY=:0

Signal Handlers:
SIGSEGV: [libjvm.so+0x916ea0], sa_mask[0]=0x7ffbfeff, sa_flags=0x10000004
SIGBUS: [libjvm.so+0x916ea0], sa_mask[0]=0x7ffbfeff, sa_flags=0x10000004
SIGFPE: [libjvm.so+0x794800], sa_mask[0]=0x7ffbfeff, sa_flags=0x10000004
SIGPIPE: [libjvm.so+0x794800], sa_mask[0]=0x7ffbfeff, sa_flags=0x10000004
SIGXFSZ: [libjvm.so+0x794800], sa_mask[0]=0x7ffbfeff, sa_flags=0x10000004
SIGILL: [libjvm.so+0x794800], sa_mask[0]=0x7ffbfeff, sa_flags=0x10000004
SIGUSR1: SIG_DFL, sa_mask[0]=0x00000000, sa_flags=0x00000000
SIGUSR2: [libjvm.so+0x7946a0], sa_mask[0]=0x00000000, sa_flags=0x10000004
SIGHUP: [libjvm.so+0x794880], sa_mask[0]=0x7ffbfeff, sa_flags=0x10000004
SIGINT: [libjvm.so+0x794880], sa_mask[0]=0x7ffbfeff, sa_flags=0x10000004
SIGTERM: [libjvm.so+0x794880], sa_mask[0]=0x7ffbfeff, sa_flags=0x10000004
SIGQUIT: [libjvm.so+0x794880], sa_mask[0]=0x7ffbfeff, sa_flags=0x10000004


---------------  S Y S T E M  ---------------

OS:LinuxMint 16 (petra)
uname:Linux 3.11.0-12-generic #19-Ubuntu SMP Wed Oct 9 16:20:46 UTC 2013 x86_64
libc:glibc 2.17 NPTL 2.17 
rlimit: STACK 8192k, CORE 0k, NPROC 28798, NOFILE 4096, AS infinity
load average:0,35 0,31 0,32

/proc/meminfo:
MemTotal:        3715476 kB
MemFree:         2000568 kB
Buffers:           66132 kB
Cached:           841500 kB
SwapCached:            0 kB
Active:           976308 kB
Inactive:         589292 kB
Active(anon):     659036 kB
Inactive(anon):   178640 kB
Active(file):     317272 kB
Inactive(file):   410652 kB
Unevictable:          44 kB
Mlocked:              44 kB
SwapTotal:       3856380 kB
SwapFree:        3856380 kB
Dirty:               408 kB
Writeback:             0 kB
AnonPages:        658340 kB
Mapped:           218344 kB
Shmem:            179708 kB
Slab:              71608 kB
SReclaimable:      45800 kB
SUnreclaim:        25808 kB
KernelStack:        4304 kB
PageTables:        26980 kB
NFS_Unstable:          0 kB
Bounce:                0 kB
WritebackTmp:          0 kB
CommitLimit:     5714116 kB
Committed_AS:    3054996 kB
VmallocTotal:   34359738367 kB
VmallocUsed:      414316 kB
VmallocChunk:   34359320060 kB
HardwareCorrupted:     0 kB
AnonHugePages:         0 kB
HugePages_Total:       0
HugePages_Free:        0
HugePages_Rsvd:        0
HugePages_Surp:        0
Hugepagesize:       2048 kB
DirectMap4k:       68816 kB
DirectMap2M:     3788800 kB


CPU:total 4 (2 cores per cpu, 2 threads per core) family 6 model 37 stepping 5, cmov, cx8, fxsr, mmx, sse, sse2, sse3, ssse3, sse4.1, sse4.2, popcnt, ht, tsc, tscinvbit

/proc/cpuinfo:
processor	: 0
vendor_id	: GenuineIntel
cpu family	: 6
model		: 37
model name	: Intel(R) Core(TM) i3 CPU       M 380  @ 2.53GHz
stepping	: 5
microcode	: 0x2
cpu MHz		: 2533.000
cache size	: 3072 KB
physical id	: 0
siblings	: 4
core id		: 0
cpu cores	: 2
apicid		: 0
initial apicid	: 0
fpu		: yes
fpu_exception	: yes
cpuid level	: 11
wp		: yes
flags		: fpu vme de pse tsc msr pae mce cx8 apic sep mtrr pge mca cmov pat pse36 clflush dts acpi mmx fxsr sse sse2 ss ht tm pbe syscall nx rdtscp lm constant_tsc arch_perfmon pebs bts rep_good nopl xtopology nonstop_tsc aperfmperf pni dtes64 monitor ds_cpl vmx est tm2 ssse3 cx16 xtpr pdcm pcid sse4_1 sse4_2 popcnt lahf_lm arat dtherm tpr_shadow vnmi flexpriority ept vpid
bogomips	: 5054.19
clflush size	: 64
cache_alignment	: 64
address sizes	: 36 bits physical, 48 bits virtual
power management:

processor	: 1
vendor_id	: GenuineIntel
cpu family	: 6
model		: 37
model name	: Intel(R) Core(TM) i3 CPU       M 380  @ 2.53GHz
stepping	: 5
microcode	: 0x2
cpu MHz		: 1066.000
cache size	: 3072 KB
physical id	: 0
siblings	: 4
core id		: 0
cpu cores	: 2
apicid		: 1
initial apicid	: 1
fpu		: yes
fpu_exception	: yes
cpuid level	: 11
wp		: yes
flags		: fpu vme de pse tsc msr pae mce cx8 apic sep mtrr pge mca cmov pat pse36 clflush dts acpi mmx fxsr sse sse2 ss ht tm pbe syscall nx rdtscp lm constant_tsc arch_perfmon pebs bts rep_good nopl xtopology nonstop_tsc aperfmperf pni dtes64 monitor ds_cpl vmx est tm2 ssse3 cx16 xtpr pdcm pcid sse4_1 sse4_2 popcnt lahf_lm arat dtherm tpr_shadow vnmi flexpriority ept vpid
bogomips	: 5054.19
clflush size	: 64
cache_alignment	: 64
address sizes	: 36 bits physical, 48 bits virtual
power management:

processor	: 2
vendor_id	: GenuineIntel
cpu family	: 6
model		: 37
model name	: Intel(R) Core(TM) i3 CPU       M 380  @ 2.53GHz
stepping	: 5
microcode	: 0x2
cpu MHz		: 2533.000
cache size	: 3072 KB
physical id	: 0
siblings	: 4
core id		: 2
cpu cores	: 2
apicid		: 4
initial apicid	: 4
fpu		: yes
fpu_exception	: yes
cpuid level	: 11
wp		: yes
flags		: fpu vme de pse tsc msr pae mce cx8 apic sep mtrr pge mca cmov pat pse36 clflush dts acpi mmx fxsr sse sse2 ss ht tm pbe syscall nx rdtscp lm constant_tsc arch_perfmon pebs bts rep_good nopl xtopology nonstop_tsc aperfmperf pni dtes64 monitor ds_cpl vmx est tm2 ssse3 cx16 xtpr pdcm pcid sse4_1 sse4_2 popcnt lahf_lm arat dtherm tpr_shadow vnmi flexpriority ept vpid
bogomips	: 5054.19
clflush size	: 64
cache_alignment	: 64
address sizes	: 36 bits physical, 48 bits virtual
power management:

processor	: 3
vendor_id	: GenuineIntel
cpu family	: 6
model		: 37
model name	: Intel(R) Core(TM) i3 CPU       M 380  @ 2.53GHz
stepping	: 5
microcode	: 0x2
cpu MHz		: 2533.000
cache size	: 3072 KB
physical id	: 0
siblings	: 4
core id		: 2
cpu cores	: 2
apicid		: 5
initial apicid	: 5
fpu		: yes
fpu_exception	: yes
cpuid level	: 11
wp		: yes
flags		: fpu vme de pse tsc msr pae mce cx8 apic sep mtrr pge mca cmov pat pse36 clflush dts acpi mmx fxsr sse sse2 ss ht tm pbe syscall nx rdtscp lm constant_tsc arch_perfmon pebs bts rep_good nopl xtopology nonstop_tsc aperfmperf pni dtes64 monitor ds_cpl vmx est tm2 ssse3 cx16 xtpr pdcm pcid sse4_1 sse4_2 popcnt lahf_lm arat dtherm tpr_shadow vnmi flexpriority ept vpid
bogomips	: 5054.19
clflush size	: 64
cache_alignment	: 64
address sizes	: 36 bits physical, 48 bits virtual
power management:



Memory: 4k page, physical 3715476k(2000568k free), swap 3856380k(3856380k free)

vm_info: OpenJDK 64-Bit Server VM (24.45-b08) for linux-amd64 JRE (1.7.0_51-b00), built on Jan 15 2014 22:02:57 by "buildd" with gcc 4.8.1

time: Tue Apr 22 11:09:15 2014
elapsed time: 4 seconds

