#
# A fatal error has been detected by the Java Runtime Environment:
#
#  SIGSEGV (0xb) at pc=0x00007fa100779c8f, pid=4328, tid=140329789179648
#
# JRE version: OpenJDK Runtime Environment (7.0_51) (build 1.7.0_51-b00)
# Java VM: OpenJDK 64-Bit Server VM (24.45-b08 mixed mode linux-amd64 compressed oops)
# Problematic frame:
# C  [librb_tree.so+0x1c8f]  getPrev+0x14
#
# Failed to write core dump. Core dumps have been disabled. To enable core dumping, try "ulimit -c unlimited" before starting Java again
#
# If you would like to submit a bug report, please include
# instructions on how to reproduce the bug and visit:
#   http://icedtea.classpath.org/bugzilla
# The crash happened outside the Java Virtual Machine in native code.
# See problematic frame for where to report the bug.
#

---------------  T H R E A D  ---------------

Current thread (0x00007fa10c00a800):  JavaThread "main" [_thread_in_native, id=4353, stack(0x00007fa1131c4000,0x00007fa1133c5000)]

siginfo:si_signo=SIGSEGV: si_errno=0, si_code=1 (SEGV_MAPERR), si_addr=0x000000000c5694c0

Registers:
RAX=0x000000000c5694c0, RBX=0x00000000d79ae250, RCX=0x00007fa10c000020, RDX=0x00007fa10c569610
RSP=0x00007fa1133c2030, RBP=0x00007fa1133c2030, RSI=0x00007fa10c569610, RDI=0x000000000c5694c0
R8 =0x00000000ffffffff, R9 =0x0000000000000020, R10=0x00007fa1133c1de0, R11=0x00007fa100779c7b
R12=0x0000000000000000, R13=0x00000000d79ae250, R14=0x00007fa1133c2168, R15=0x00007fa10c00a800
RIP=0x00007fa100779c8f, EFLAGS=0x0000000000010202, CSGSFS=0x0000000000000033, ERR=0x0000000000000004
  TRAPNO=0x000000000000000e

Top of Stack: (sp=0x00007fa1133c2030)
0x00007fa1133c2030:   00007fa1133c2080 00007fa100576b72
0x00007fa1133c2040:   4008000000000000 00007fa10c57e400
0x00007fa1133c2050:   00007fa10c0c06c0 00007fa10c5695b0
0x00007fa1133c2060:   00007fa10c569610 000000000c5694c0
0x00007fa1133c2070:   00007fa1133c2070 00000000d69ffdfd
0x00007fa1133c2080:   00007fa10c489330 00007fa10178fcd9
0x00007fa1133c2090:   00000000d7d32b90 00000000d79ae250
0x00007fa1133c20a0:   00007fa1133c2120 00007fa109012738
0x00007fa1133c20b0:   00007fa1133c2110 00007fa109006233
0x00007fa1133c20c0:   00000000f6b4ac58 00000000f6b79928
0x00007fa1133c20d0:   00007fa1133c20d0 00000000d69ff00f
0x00007fa1133c20e0:   00007fa1133c20e0 0000000000000000
0x00007fa1133c20f0:   00007fa1133c2168 00000000d79b6778
0x00007fa1133c2100:   0000000000000000 00000000d79ae250
0x00007fa1133c2110:   0000000000000000 00007fa1133c2140
0x00007fa1133c2120:   00007fa1133c21b0 00007fa109006175
0x00007fa1133c2130:   00000000e11746d0 00007fa10900ecd7
0x00007fa1133c2140:   00007fa10c57e400 00007fa10917532c
0x00007fa1133c2150:   00007fa1005769d5 00000000f6a6b1c0
0x00007fa1133c2160:   00007fa10c489330 00000000f6b79f70
0x00007fa1133c2170:   00007fa1133c2170 00000000d7aab0b7
0x00007fa1133c2180:   00007fa1133c21e8 00000000d7ab7310
0x00007fa1133c2190:   00000000d7eda178 00000000d7aab0f8
0x00007fa1133c21a0:   00007fa1133c2140 00007fa1133c21c0
0x00007fa1133c21b0:   00007fa1133c2238 00007fa109006175
0x00007fa1133c21c0:   00007fa10c57e400 00000000f75d0150
0x00007fa1133c21d0:   00007fa1005769d5 0000000000000000
0x00007fa1133c21e0:   00000000e1045f00 00000000e1177058
0x00007fa1133c21f0:   00000000f7ab3238 00007fa1133c21f8
0x00007fa1133c2200:   00000000d7eddb84 00007fa1133c2280
0x00007fa1133c2210:   00000000d7eddfe0 0000000000000000
0x00007fa1133c2220:   00000000d7eddba8 00007fa1133c21c0 

Instructions: (pc=0x00007fa100779c8f)
0x00007fa100779c6f:   8b 40 10 eb 05 b8 00 00 00 00 5d c3 55 48 89 e5
0x00007fa100779c7f:   48 89 7d e8 48 8b 45 e8 48 89 45 f8 48 8b 45 f8
0x00007fa100779c8f:   48 8b 00 48 85 c0 74 2c 48 8b 45 f8 48 8b 00 48
0x00007fa100779c9f:   89 45 f8 eb 0c 48 8b 45 f8 48 8b 40 08 48 89 45 

Register to memory mapping:

RAX=0x000000000c5694c0 is an unknown value
RBX=0x00000000d79ae250 is an oop
{method} 
 - klass: {other class}
RCX=0x00007fa10c000020 is an unknown value
RDX=0x00007fa10c569610 is an unknown value
RSP=0x00007fa1133c2030 is pointing into the stack for thread: 0x00007fa10c00a800
RBP=0x00007fa1133c2030 is pointing into the stack for thread: 0x00007fa10c00a800
RSI=0x00007fa10c569610 is an unknown value
RDI=0x000000000c5694c0 is an unknown value
R8 =0x00000000ffffffff is an unallocated location in the heap
R9 =0x0000000000000020 is an unknown value
R10=0x00007fa1133c1de0 is pointing into the stack for thread: 0x00007fa10c00a800
R11=0x00007fa100779c7b: getPrev+0 in lib/librb_tree.so at 0x00007fa100778000
R12=0x0000000000000000 is an unknown value
R13=0x00000000d79ae250 is an oop
{method} 
 - klass: {other class}
R14=0x00007fa1133c2168 is pointing into the stack for thread: 0x00007fa10c00a800
R15=0x00007fa10c00a800 is a thread


Stack: [0x00007fa1131c4000,0x00007fa1133c5000],  sp=0x00007fa1133c2030,  free space=2040k
Native frames: (J=compiled Java code, j=interpreted, Vv=VM code, C=native code)
C  [librb_tree.so+0x1c8f]  getPrev+0x14
C  [libintersection.so+0xb72]  find_intersections+0x19d

Java frames: (J=compiled Java code, j=interpreted, Vv=VM code)
j  com.kenai.jffi.Foreign.invokeL1(JJJ)J+0
j  com.kenai.jffi.Invoker.invokeL1(Lcom/kenai/jffi/CallContext;JJ)J+7
j  org.jruby.ext.ffi.jffi.NativeInvoker$ffi$8.call(Lorg/jruby/runtime/ThreadContext;Lorg/jruby/runtime/builtin/IRubyObject;Lorg/jruby/RubyModule;Ljava/lang/String;Lorg/jruby/runtime/builtin/IRubyObject;)Lorg/jruby/runtime/builtin/IRubyObject;+76
j  org.jruby.runtime.callsite.CachingCallSite.cacheAndCall(Lorg/jruby/runtime/builtin/IRubyObject;Lorg/jruby/RubyClass;Lorg/jruby/runtime/ThreadContext;Lorg/jruby/runtime/builtin/IRubyObject;Lorg/jruby/runtime/builtin/IRubyObject;)Lorg/jruby/runtime/builtin/IRubyObject;+57
J  org.jruby.runtime.callsite.CachingCallSite.call(Lorg/jruby/runtime/ThreadContext;Lorg/jruby/runtime/builtin/IRubyObject;Lorg/jruby/runtime/builtin/IRubyObject;Lorg/jruby/runtime/builtin/IRubyObject;)Lorg/jruby/runtime/builtin/IRubyObject;
J  org.jruby.ast.CallOneArgNode.interpret(Lorg/jruby/Ruby;Lorg/jruby/runtime/ThreadContext;Lorg/jruby/runtime/builtin/IRubyObject;Lorg/jruby/runtime/Block;)Lorg/jruby/runtime/builtin/IRubyObject;
j  org.jruby.ast.LocalAsgnNode.interpret(Lorg/jruby/Ruby;Lorg/jruby/runtime/ThreadContext;Lorg/jruby/runtime/builtin/IRubyObject;Lorg/jruby/runtime/Block;)Lorg/jruby/runtime/builtin/IRubyObject;+30
J  org.jruby.ast.BlockNode.interpret(Lorg/jruby/Ruby;Lorg/jruby/runtime/ThreadContext;Lorg/jruby/runtime/builtin/IRubyObject;Lorg/jruby/runtime/Block;)Lorg/jruby/runtime/builtin/IRubyObject;
j  org.jruby.evaluator.ASTInterpreter.INTERPRET_METHOD(Lorg/jruby/Ruby;Lorg/jruby/runtime/ThreadContext;Ljava/lang/String;ILorg/jruby/RubyModule;Lorg/jruby/ast/Node;Ljava/lang/String;Lorg/jruby/runtime/builtin/IRubyObject;Lorg/jruby/runtime/Block;Z)Lorg/jruby/runtime/builtin/IRubyObject;+30
j  org.jruby.internal.runtime.methods.InterpretedMethod.call(Lorg/jruby/runtime/ThreadContext;Lorg/jruby/runtime/builtin/IRubyObject;Lorg/jruby/RubyModule;Ljava/lang/String;)Lorg/jruby/runtime/builtin/IRubyObject;+80
j  org.jruby.internal.runtime.methods.DefaultMethod.call(Lorg/jruby/runtime/ThreadContext;Lorg/jruby/runtime/builtin/IRubyObject;Lorg/jruby/RubyModule;Ljava/lang/String;)Lorg/jruby/runtime/builtin/IRubyObject;+20
J  org.jruby.ast.CallNoArgNode.interpret(Lorg/jruby/Ruby;Lorg/jruby/runtime/ThreadContext;Lorg/jruby/runtime/builtin/IRubyObject;Lorg/jruby/runtime/Block;)Lorg/jruby/runtime/builtin/IRubyObject;
j  org.jruby.ast.FCallTwoArgNode.interpret(Lorg/jruby/Ruby;Lorg/jruby/runtime/ThreadContext;Lorg/jruby/runtime/builtin/IRubyObject;Lorg/jruby/runtime/Block;)Lorg/jruby/runtime/builtin/IRubyObject;+28
J  org.jruby.ast.BlockNode.interpret(Lorg/jruby/Ruby;Lorg/jruby/runtime/ThreadContext;Lorg/jruby/runtime/builtin/IRubyObject;Lorg/jruby/runtime/Block;)Lorg/jruby/runtime/builtin/IRubyObject;
j  org.jruby.evaluator.ASTInterpreter.INTERPRET_METHOD(Lorg/jruby/Ruby;Lorg/jruby/runtime/ThreadContext;Ljava/lang/String;ILorg/jruby/RubyModule;Lorg/jruby/ast/Node;Ljava/lang/String;Lorg/jruby/runtime/builtin/IRubyObject;Lorg/jruby/runtime/Block;Z)Lorg/jruby/runtime/builtin/IRubyObject;+30
j  org.jruby.internal.runtime.methods.InterpretedMethod.call(Lorg/jruby/runtime/ThreadContext;Lorg/jruby/runtime/builtin/IRubyObject;Lorg/jruby/RubyModule;Ljava/lang/String;)Lorg/jruby/runtime/builtin/IRubyObject;+80
j  org.jruby.internal.runtime.methods.DefaultMethod.call(Lorg/jruby/runtime/ThreadContext;Lorg/jruby/runtime/builtin/IRubyObject;Lorg/jruby/RubyModule;Ljava/lang/String;)Lorg/jruby/runtime/builtin/IRubyObject;+20
j  org.jruby.runtime.callsite.CachingCallSite.cacheAndCall(Lorg/jruby/runtime/builtin/IRubyObject;Lorg/jruby/RubyClass;Lorg/jruby/runtime/ThreadContext;Lorg/jruby/runtime/builtin/IRubyObject;)Lorg/jruby/runtime/builtin/IRubyObject;+53
j  org.jruby.runtime.callsite.CachingCallSite.call(Lorg/jruby/runtime/ThreadContext;Lorg/jruby/runtime/builtin/IRubyObject;Lorg/jruby/runtime/builtin/IRubyObject;)Lorg/jruby/runtime/builtin/IRubyObject;+46
j  Makefile.method__3$RUBY$test(LMakefile;Lorg/jruby/runtime/ThreadContext;Lorg/jruby/runtime/builtin/IRubyObject;Lorg/jruby/runtime/Block;)Lorg/jruby/runtime/builtin/IRubyObject;+130
j  Makefile$method__3$RUBY$test.call(Lorg/jruby/runtime/ThreadContext;Lorg/jruby/runtime/builtin/IRubyObject;Lorg/jruby/RubyModule;Ljava/lang/String;Lorg/jruby/runtime/Block;)Lorg/jruby/runtime/builtin/IRubyObject;+17
j  org.jruby.RubyClass.finvoke(Lorg/jruby/runtime/ThreadContext;Lorg/jruby/runtime/builtin/IRubyObject;Ljava/lang/String;Lorg/jruby/runtime/Block;)Lorg/jruby/runtime/builtin/IRubyObject;+41
j  org.jruby.RubyBasicObject.send19(Lorg/jruby/runtime/ThreadContext;Lorg/jruby/runtime/builtin/IRubyObject;Lorg/jruby/runtime/Block;)Lorg/jruby/runtime/builtin/IRubyObject;+15
j  org.jruby.RubyKernel.send19(Lorg/jruby/runtime/ThreadContext;Lorg/jruby/runtime/builtin/IRubyObject;Lorg/jruby/runtime/builtin/IRubyObject;Lorg/jruby/runtime/Block;)Lorg/jruby/runtime/builtin/IRubyObject;+7
j  org.jruby.RubyKernel$INVOKER$s$send19.call(Lorg/jruby/runtime/ThreadContext;Lorg/jruby/runtime/builtin/IRubyObject;Lorg/jruby/RubyModule;Ljava/lang/String;Lorg/jruby/runtime/builtin/IRubyObject;Lorg/jruby/runtime/Block;)Lorg/jruby/runtime/builtin/IRubyObject;+6
j  org.jruby.internal.runtime.methods.JavaMethod$JavaMethodOneOrNBlock.call(Lorg/jruby/runtime/ThreadContext;Lorg/jruby/runtime/builtin/IRubyObject;Lorg/jruby/RubyModule;Ljava/lang/String;Lorg/jruby/runtime/builtin/IRubyObject;)Lorg/jruby/runtime/builtin/IRubyObject;+11
j  org.jruby.runtime.callsite.CachingCallSite.call(Lorg/jruby/runtime/ThreadContext;Lorg/jruby/runtime/builtin/IRubyObject;Lorg/jruby/runtime/builtin/IRubyObject;Lorg/jruby/runtime/builtin/IRubyObject;)Lorg/jruby/runtime/builtin/IRubyObject;+38
j  Makefile.block_7$RUBY$__file__(LMakefile;Lorg/jruby/runtime/ThreadContext;Lorg/jruby/runtime/builtin/IRubyObject;[Lorg/jruby/runtime/builtin/IRubyObject;Lorg/jruby/runtime/Block;)Lorg/jruby/runtime/builtin/IRubyObject;+46
j  Makefile$block_7$RUBY$__file__.call(Lorg/jruby/runtime/ThreadContext;Lorg/jruby/runtime/builtin/IRubyObject;[Lorg/jruby/runtime/builtin/IRubyObject;Lorg/jruby/runtime/Block;)Lorg/jruby/runtime/builtin/IRubyObject;+9
j  org.jruby.runtime.CompiledBlock19.yield(Lorg/jruby/runtime/ThreadContext;Lorg/jruby/runtime/builtin/IRubyObject;Lorg/jruby/runtime/Binding;Lorg/jruby/runtime/Block$Type;)Lorg/jruby/runtime/builtin/IRubyObject;+52
j  org.jruby.runtime.Block.yield(Lorg/jruby/runtime/ThreadContext;Lorg/jruby/runtime/builtin/IRubyObject;)Lorg/jruby/runtime/builtin/IRubyObject;+14
j  org.jruby.RubyArray.eachCommon(Lorg/jruby/runtime/ThreadContext;Lorg/jruby/runtime/Block;)Lorg/jruby/runtime/builtin/IRubyObject;+41
j  org.jruby.RubyArray.each(Lorg/jruby/runtime/ThreadContext;Lorg/jruby/runtime/Block;)Lorg/jruby/runtime/builtin/IRubyObject;+10
j  org.jruby.RubyArray$INVOKER$i$0$0$each.call(Lorg/jruby/runtime/ThreadContext;Lorg/jruby/runtime/builtin/IRubyObject;Lorg/jruby/RubyModule;Ljava/lang/String;Lorg/jruby/runtime/Block;)Lorg/jruby/runtime/builtin/IRubyObject;+7
j  org.jruby.runtime.callsite.CachingCallSite.cacheAndCall(Lorg/jruby/runtime/builtin/IRubyObject;Lorg/jruby/RubyClass;Lorg/jruby/runtime/Block;Lorg/jruby/runtime/ThreadContext;Lorg/jruby/runtime/builtin/IRubyObject;)Lorg/jruby/runtime/builtin/IRubyObject;+57
j  org.jruby.runtime.callsite.CachingCallSite.callBlock(Lorg/jruby/runtime/ThreadContext;Lorg/jruby/runtime/builtin/IRubyObject;Lorg/jruby/runtime/builtin/IRubyObject;Lorg/jruby/runtime/Block;)Lorg/jruby/runtime/builtin/IRubyObject;+50
j  org.jruby.runtime.callsite.CachingCallSite.callIter(Lorg/jruby/runtime/ThreadContext;Lorg/jruby/runtime/builtin/IRubyObject;Lorg/jruby/runtime/builtin/IRubyObject;Lorg/jruby/runtime/Block;)Lorg/jruby/runtime/builtin/IRubyObject;+6
j  Makefile.__file__(LMakefile;Lorg/jruby/runtime/ThreadContext;Lorg/jruby/runtime/builtin/IRubyObject;[Lorg/jruby/runtime/builtin/IRubyObject;Lorg/jruby/runtime/Block;)Lorg/jruby/runtime/builtin/IRubyObject;+938
j  Makefile.load(Lorg/jruby/runtime/ThreadContext;Lorg/jruby/runtime/builtin/IRubyObject;Z)Lorg/jruby/runtime/builtin/IRubyObject;+22
j  org.jruby.Ruby.runScript(Lorg/jruby/ast/executable/Script;Z)Lorg/jruby/runtime/builtin/IRubyObject;+12
j  org.jruby.Ruby.runScript(Lorg/jruby/ast/executable/Script;)Lorg/jruby/runtime/builtin/IRubyObject;+3
j  org.jruby.Ruby.runNormally(Lorg/jruby/ast/Node;)Lorg/jruby/runtime/builtin/IRubyObject;+73
j  org.jruby.Ruby.runFromMain(Ljava/io/InputStream;Ljava/lang/String;)V+320
j  org.jruby.Main.doRunFromMain(Lorg/jruby/Ruby;Ljava/io/InputStream;Ljava/lang/String;)Lorg/jruby/Main$Status;+12
j  org.jruby.Main.internalRun()Lorg/jruby/Main$Status;+234
j  org.jruby.Main.run([Ljava/lang/String;)Lorg/jruby/Main$Status;+9
j  org.jruby.Main.main([Ljava/lang/String;)V+35
v  ~StubRoutines::call_stub

---------------  P R O C E S S  ---------------

Java Threads: ( => current thread )
  0x00007fa10c528000 JavaThread "JRubyJIT-2" daemon [_thread_blocked, id=4489, stack(0x00007fa101185000,0x00007fa101386000)]
  0x00007fa10c4b8000 JavaThread "process reaper" daemon [_thread_blocked, id=4369, stack(0x00007fa1080b8000,0x00007fa1080f1000)]
  0x00007fa10c4a3800 JavaThread "JRubyJIT-1" daemon [_thread_blocked, id=4366, stack(0x00007fa101587000,0x00007fa101788000)]
  0x00007fa10c0ae000 JavaThread "Service Thread" daemon [_thread_blocked, id=4364, stack(0x00007fa103200000,0x00007fa103401000)]
  0x00007fa10c0ab800 JavaThread "C2 CompilerThread1" daemon [_thread_in_native, id=4363, stack(0x00007fa103401000,0x00007fa103502000)]
  0x00007fa10c0a8800 JavaThread "C2 CompilerThread0" daemon [_thread_in_native, id=4362, stack(0x00007fa103502000,0x00007fa103603000)]
  0x00007fa10c0a6800 JavaThread "Signal Dispatcher" daemon [_thread_blocked, id=4361, stack(0x00007fa103603000,0x00007fa103804000)]
  0x00007fa10c082800 JavaThread "Finalizer" daemon [_thread_blocked, id=4360, stack(0x00007fa103bfe000,0x00007fa103dff000)]
  0x00007fa10c080800 JavaThread "Reference Handler" daemon [_thread_blocked, id=4359, stack(0x00007fa103dff000,0x00007fa104000000)]
=>0x00007fa10c00a800 JavaThread "main" [_thread_in_native, id=4353, stack(0x00007fa1131c4000,0x00007fa1133c5000)]

Other Threads:
  0x00007fa10c07c800 VMThread [stack: 0x00007fa1080f1000,0x00007fa1081f2000] [id=4358]
  0x00007fa10c0c0800 WatcherThread [stack: 0x00007fa1030ff000,0x00007fa103200000] [id=4365]

VM state:not at safepoint (normal execution)

VM Mutex/Monitor currently owned by a thread: None

Heap
 PSYoungGen      total 32768K, used 31747K [0x00000000f5900000, 0x00000000f7b00000, 0x0000000100000000)
  eden space 30720K, 96% used [0x00000000f5900000,0x00000000f76077a8,0x00000000f7700000)
  from space 2048K, 98% used [0x00000000f7900000,0x00000000f7af9518,0x00000000f7b00000)
  to   space 2048K, 0% used [0x00000000f7700000,0x00000000f7700000,0x00000000f7900000)
 ParOldGen       total 38400K, used 5908K [0x00000000e0c00000, 0x00000000e3180000, 0x00000000f5900000)
  object space 38400K, 15% used [0x00000000e0c00000,0x00000000e11c53c8,0x00000000e3180000)
 PSPermGen       total 25600K, used 25469K [0x00000000d6600000, 0x00000000d7f00000, 0x00000000e0c00000)
  object space 25600K, 99% used [0x00000000d6600000,0x00000000d7edf668,0x00000000d7f00000)

Card table byte_map: [0x00007fa111fea000,0x00007fa112138000] byte_map_base: 0x00007fa111937000

Polling page: 0x00007fa1157d2000

Code Cache  [0x00007fa109000000, 0x00007fa109270000, 0x00007fa10c000000)
 total_blobs=956 nmethods=477 adapters=433 free_code_cache=47653Kb largest_free_block=48709824

Compilation events (10 events):
Event: 4,183 Thread 0x00007fa10c0a8800 nmethod 506 0x00007fa109102b10 code [0x00007fa109102cc0, 0x00007fa1091030f8]
Event: 4,183 Thread 0x00007fa10c0a8800  509             org.jruby.runtime.ivars.VariableAccessorField::getVariableAccessorForRead (5 bytes)
Event: 4,183 Thread 0x00007fa10c0a8800 nmethod 509 0x00007fa1090ed9d0 code [0x00007fa1090edb00, 0x00007fa1090edb58]
Event: 4,183 Thread 0x00007fa10c0a8800  510             org.jruby.RubyBasicObject::getFFIHandle (12 bytes)
Event: 4,185 Thread 0x00007fa10c0a8800 nmethod 510 0x00007fa1090ed5d0 code [0x00007fa1090ed720, 0x00007fa1090ed818]
Event: 4,185 Thread 0x00007fa10c0a8800  511             org.jruby.runtime.ivars.VariableTableManager::getFFIHandle (9 bytes)
Event: 4,185 Thread 0x00007fa10c0ab800 nmethod 508 0x00007fa10918aed0 code [0x00007fa10918b060, 0x00007fa10918b448]
Event: 4,185 Thread 0x00007fa10c0ab800  512             org.jruby.runtime.ivars.VariableTableManager::getFFIHandleAccessorForRead (8 bytes)
Event: 4,186 Thread 0x00007fa10c0ab800 nmethod 512 0x00007fa1090ed390 code [0x00007fa1090ed4c0, 0x00007fa1090ed538]
Event: 4,186 Thread 0x00007fa10c0ab800  513             org.jruby.runtime.callsite.CachingCallSite::call (12 bytes)

GC Heap History (4 events):
Event: 1,385 GC heap before
{Heap before GC invocations=1 (full 0):
 PSYoungGen      total 17408K, used 15360K [0x00000000f5900000, 0x00000000f6c00000, 0x0000000100000000)
  eden space 15360K, 100% used [0x00000000f5900000,0x00000000f6800000,0x00000000f6800000)
  from space 2048K, 0% used [0x00000000f6a00000,0x00000000f6a00000,0x00000000f6c00000)
  to   space 2048K, 0% used [0x00000000f6800000,0x00000000f6800000,0x00000000f6a00000)
 ParOldGen       total 38400K, used 0K [0x00000000e0c00000, 0x00000000e3180000, 0x00000000f5900000)
  object space 38400K, 0% used [0x00000000e0c00000,0x00000000e0c00000,0x00000000e3180000)
 PSPermGen       total 21504K, used 18949K [0x00000000d6600000, 0x00000000d7b00000, 0x00000000e0c00000)
  object space 21504K, 88% used [0x00000000d6600000,0x00000000d78816c8,0x00000000d7b00000)
Event: 1,407 GC heap after
Heap after GC invocations=1 (full 0):
 PSYoungGen      total 17408K, used 2037K [0x00000000f5900000, 0x00000000f7b00000, 0x0000000100000000)
  eden space 15360K, 0% used [0x00000000f5900000,0x00000000f5900000,0x00000000f6800000)
  from space 2048K, 99% used [0x00000000f6800000,0x00000000f69fd4d8,0x00000000f6a00000)
  to   space 2048K, 0% used [0x00000000f7900000,0x00000000f7900000,0x00000000f7b00000)
 ParOldGen       total 38400K, used 3777K [0x00000000e0c00000, 0x00000000e3180000, 0x00000000f5900000)
  object space 38400K, 9% used [0x00000000e0c00000,0x00000000e0fb05e0,0x00000000e3180000)
 PSPermGen       total 21504K, used 18949K [0x00000000d6600000, 0x00000000d7b00000, 0x00000000e0c00000)
  object space 21504K, 88% used [0x00000000d6600000,0x00000000d78816c8,0x00000000d7b00000)
}
Event: 2,420 GC heap before
{Heap before GC invocations=2 (full 0):
 PSYoungGen      total 17408K, used 17397K [0x00000000f5900000, 0x00000000f7b00000, 0x0000000100000000)
  eden space 15360K, 100% used [0x00000000f5900000,0x00000000f6800000,0x00000000f6800000)
  from space 2048K, 99% used [0x00000000f6800000,0x00000000f69fd4d8,0x00000000f6a00000)
  to   space 2048K, 0% used [0x00000000f7900000,0x00000000f7900000,0x00000000f7b00000)
 ParOldGen       total 38400K, used 3777K [0x00000000e0c00000, 0x00000000e3180000, 0x00000000f5900000)
  object space 38400K, 9% used [0x00000000e0c00000,0x00000000e0fb05e0,0x00000000e3180000)
 PSPermGen       total 23552K, used 23439K [0x00000000d6600000, 0x00000000d7d00000, 0x00000000e0c00000)
  object space 23552K, 99% used [0x00000000d6600000,0x00000000d7ce3df8,0x00000000d7d00000)
Event: 2,437 GC heap after
Heap after GC invocations=2 (full 0):
 PSYoungGen      total 32768K, used 2021K [0x00000000f5900000, 0x00000000f7b00000, 0x0000000100000000)
  eden space 30720K, 0% used [0x00000000f5900000,0x00000000f5900000,0x00000000f7700000)
  from space 2048K, 98% used [0x00000000f7900000,0x00000000f7af9518,0x00000000f7b00000)
  to   space 2048K, 0% used [0x00000000f7700000,0x00000000f7700000,0x00000000f7900000)
 ParOldGen       total 38400K, used 5908K [0x00000000e0c00000, 0x00000000e3180000, 0x00000000f5900000)
  object space 38400K, 15% used [0x00000000e0c00000,0x00000000e11c53c8,0x00000000e3180000)
 PSPermGen       total 23552K, used 23439K [0x00000000d6600000, 0x00000000d7d00000, 0x00000000e0c00000)
  object space 23552K, 99% used [0x00000000d6600000,0x00000000d7ce3df8,0x00000000d7d00000)
}

Deoptimization events (10 events):
Event: 4,042 Thread 0x00007fa10c00a800 Uncommon trap: reason=class_check action=maybe_recompile pc=0x00007fa10917327c method=org.jruby.runtime.scope.TwoVarDynamicScope.getValue(II)Lorg/jruby/runtime/builtin/IRubyObject; @ 12
Event: 4,042 Thread 0x00007fa10c00a800 Uncommon trap: reason=class_check action=maybe_recompile pc=0x00007fa10917327c method=org.jruby.runtime.scope.TwoVarDynamicScope.getValue(II)Lorg/jruby/runtime/builtin/IRubyObject; @ 12
Event: 4,087 Thread 0x00007fa10c00a800 Uncommon trap: reason=class_check action=maybe_recompile pc=0x00007fa1090d6078 method=org.jruby.RubyArray.compare(Lorg/jruby/runtime/ThreadContext;Lorg/jruby/runtime/invokedynamic/MethodNames;Lorg/jruby/runtime/builtin/IRubyObject;)Lorg/jruby/RubyBoolean;
Event: 4,127 Thread 0x00007fa10c00a800 Uncommon trap: reason=class_check action=maybe_recompile pc=0x00007fa1090d6078 method=org.jruby.RubyArray.compare(Lorg/jruby/runtime/ThreadContext;Lorg/jruby/runtime/invokedynamic/MethodNames;Lorg/jruby/runtime/builtin/IRubyObject;)Lorg/jruby/RubyBoolean;
Event: 4,149 Thread 0x00007fa10c00a800 Uncommon trap: reason=array_check action=maybe_recompile pc=0x00007fa1090b14a8 method=org.jruby.util.Qsort.swap([Ljava/lang/Object;II)V @ 9
Event: 4,149 Thread 0x00007fa10c00a800 Uncommon trap: reason=array_check action=maybe_recompile pc=0x00007fa1090b14a8 method=org.jruby.util.Qsort.swap([Ljava/lang/Object;II)V @ 9
Event: 4,149 Thread 0x00007fa10c00a800 Uncommon trap: reason=array_check action=maybe_recompile pc=0x00007fa1090b14a8 method=org.jruby.util.Qsort.swap([Ljava/lang/Object;II)V @ 9
Event: 4,149 Thread 0x00007fa10c00a800 Uncommon trap: reason=array_check action=maybe_recompile pc=0x00007fa1090b14a8 method=org.jruby.util.Qsort.swap([Ljava/lang/Object;II)V @ 9
Event: 4,182 Thread 0x00007fa10c00a800 Uncommon trap: reason=class_check action=maybe_recompile pc=0x00007fa1090d6078 method=org.jruby.RubyArray.compare(Lorg/jruby/runtime/ThreadContext;Lorg/jruby/runtime/invokedynamic/MethodNames;Lorg/jruby/runtime/builtin/IRubyObject;)Lorg/jruby/RubyBoolean;
Event: 4,186 Thread 0x00007fa10c00a800 Uncommon trap: reason=class_check action=maybe_recompile pc=0x00007fa109180f84 method=org.jruby.ext.ffi.StructByReference.to_native(Lorg/jruby/runtime/ThreadContext;Lorg/jruby/runtime/builtin/IRubyObject;Lorg/jruby/runtime/builtin/IRubyObject;)Lorg/jruby/

Internal exceptions (10 events):
Event: 3,703 Thread 0x00007fa10c00a800 Threw 0x00000000f6d4ed48 at /build/buildd/openjdk-7-7u51-2.4.4/build/openjdk/hotspot/src/share/vm/prims/jvm.cpp:1244
Event: 3,703 Thread 0x00007fa10c00a800 Threw 0x00000000f6d50be8 at /build/buildd/openjdk-7-7u51-2.4.4/build/openjdk/hotspot/src/share/vm/prims/jvm.cpp:1244
Event: 3,704 Thread 0x00007fa10c00a800 Threw 0x00000000f6d52ca8 at /build/buildd/openjdk-7-7u51-2.4.4/build/openjdk/hotspot/src/share/vm/prims/jvm.cpp:1244
Event: 3,704 Thread 0x00007fa10c00a800 Threw 0x00000000f6d53758 at /build/buildd/openjdk-7-7u51-2.4.4/build/openjdk/hotspot/src/share/vm/prims/jvm.cpp:1244
Event: 3,705 Thread 0x00007fa10c00a800 Threw 0x00000000f6d5f2c8 at /build/buildd/openjdk-7-7u51-2.4.4/build/openjdk/hotspot/src/share/vm/prims/jvm.cpp:1244
Event: 3,705 Thread 0x00007fa10c00a800 Threw 0x00000000f6d61388 at /build/buildd/openjdk-7-7u51-2.4.4/build/openjdk/hotspot/src/share/vm/prims/jvm.cpp:1244
Event: 3,705 Thread 0x00007fa10c00a800 Threw 0x00000000f6d61e38 at /build/buildd/openjdk-7-7u51-2.4.4/build/openjdk/hotspot/src/share/vm/prims/jvm.cpp:1244
Event: 3,705 Thread 0x00007fa10c00a800 Threw 0x00000000f6d63cd8 at /build/buildd/openjdk-7-7u51-2.4.4/build/openjdk/hotspot/src/share/vm/prims/jvm.cpp:1244
Event: 3,705 Thread 0x00007fa10c00a800 Threw 0x00000000f6d65d98 at /build/buildd/openjdk-7-7u51-2.4.4/build/openjdk/hotspot/src/share/vm/prims/jvm.cpp:1244
Event: 3,705 Thread 0x00007fa10c00a800 Threw 0x00000000f6d66848 at /build/buildd/openjdk-7-7u51-2.4.4/build/openjdk/hotspot/src/share/vm/prims/jvm.cpp:1244

Events (10 events):
Event: 4,149 Thread 0x00007fa10c00a800 DEOPT UNPACKING pc=0x00007fa109039045 sp=0x00007fa1133c1e98 mode 2
Event: 4,149 Thread 0x00007fa10c00a800 Uncommon trap: trap_request=0xffffffd6 fr.pc=0x00007fa1090b14a8
Event: 4,149 Thread 0x00007fa10c00a800 DEOPT PACKING pc=0x00007fa1090b14a8 sp=0x00007fa1133c1f20
Event: 4,149 Thread 0x00007fa10c00a800 DEOPT UNPACKING pc=0x00007fa109039045 sp=0x00007fa1133c1e98 mode 2
Event: 4,182 Thread 0x00007fa10c00a800 Uncommon trap: trap_request=0xffffffde fr.pc=0x00007fa1090d6078
Event: 4,182 Thread 0x00007fa10c00a800 DEOPT PACKING pc=0x00007fa1090d6078 sp=0x00007fa1133c1fc0
Event: 4,183 Thread 0x00007fa10c00a800 DEOPT UNPACKING pc=0x00007fa109039045 sp=0x00007fa1133c1f98 mode 2
Event: 4,186 Thread 0x00007fa10c00a800 Uncommon trap: trap_request=0xffffffde fr.pc=0x00007fa109180f84
Event: 4,186 Thread 0x00007fa10c00a800 DEOPT PACKING pc=0x00007fa109180f84 sp=0x00007fa1133c1e50
Event: 4,186 Thread 0x00007fa10c00a800 DEOPT UNPACKING pc=0x00007fa109039045 sp=0x00007fa1133c1d80 mode 2


Dynamic libraries:
00400000-00401000 r-xp 00000000 08:01 15861394                           /usr/lib/jvm/java-7-openjdk-amd64/jre/bin/java
00600000-00601000 r--p 00000000 08:01 15861394                           /usr/lib/jvm/java-7-openjdk-amd64/jre/bin/java
00601000-00602000 rw-p 00001000 08:01 15861394                           /usr/lib/jvm/java-7-openjdk-amd64/jre/bin/java
01171000-01192000 rw-p 00000000 00:00 0                                  [heap]
d6600000-d7f00000 rw-p 00000000 00:00 0 
d7f00000-e0c00000 rw-p 00000000 00:00 0 
e0c00000-e3180000 rw-p 00000000 00:00 0 
e3180000-f5900000 rw-p 00000000 00:00 0 
f5900000-f7b00000 rw-p 00000000 00:00 0 
f7b00000-100000000 rw-p 00000000 00:00 0 
7fa0bc000000-7fa0bc021000 rw-p 00000000 00:00 0 
7fa0bc021000-7fa0c0000000 ---p 00000000 00:00 0 
7fa0c0000000-7fa0c0021000 rw-p 00000000 00:00 0 
7fa0c0021000-7fa0c4000000 ---p 00000000 00:00 0 
7fa0c4000000-7fa0c4021000 rw-p 00000000 00:00 0 
7fa0c4021000-7fa0c8000000 ---p 00000000 00:00 0 
7fa0c8000000-7fa0c8021000 rw-p 00000000 00:00 0 
7fa0c8021000-7fa0cc000000 ---p 00000000 00:00 0 
7fa0cc000000-7fa0cc021000 rw-p 00000000 00:00 0 
7fa0cc021000-7fa0d0000000 ---p 00000000 00:00 0 
7fa0d0000000-7fa0d0027000 rw-p 00000000 00:00 0 
7fa0d0027000-7fa0d4000000 ---p 00000000 00:00 0 
7fa0d4000000-7fa0d4b0e000 rw-p 00000000 00:00 0 
7fa0d4b0e000-7fa0d8000000 ---p 00000000 00:00 0 
7fa0d8000000-7fa0d8021000 rw-p 00000000 00:00 0 
7fa0d8021000-7fa0dc000000 ---p 00000000 00:00 0 
7fa0dc000000-7fa0dc021000 rw-p 00000000 00:00 0 
7fa0dc021000-7fa0e0000000 ---p 00000000 00:00 0 
7fa0e0000000-7fa0e0ce5000 rw-p 00000000 00:00 0 
7fa0e0ce5000-7fa0e4000000 ---p 00000000 00:00 0 
7fa0e4000000-7fa0e4021000 rw-p 00000000 00:00 0 
7fa0e4021000-7fa0e8000000 ---p 00000000 00:00 0 
7fa0e8000000-7fa0e8021000 rw-p 00000000 00:00 0 
7fa0e8021000-7fa0ec000000 ---p 00000000 00:00 0 
7fa0ec000000-7fa0ec021000 rw-p 00000000 00:00 0 
7fa0ec021000-7fa0f0000000 ---p 00000000 00:00 0 
7fa0f0000000-7fa0f0021000 rw-p 00000000 00:00 0 
7fa0f0021000-7fa0f4000000 ---p 00000000 00:00 0 
7fa0f4000000-7fa0f4021000 rw-p 00000000 00:00 0 
7fa0f4021000-7fa0f8000000 ---p 00000000 00:00 0 
7fa0fc000000-7fa0fc021000 rw-p 00000000 00:00 0 
7fa0fc021000-7fa100000000 ---p 00000000 00:00 0 
7fa100576000-7fa100577000 r-xp 00000000 08:01 13893885                   /home/alex/Documents/8vo_Semestre/Geometría Computacional/Lab/practica02p1/src/lib/libintersection.so
7fa100577000-7fa100776000 ---p 00001000 08:01 13893885                   /home/alex/Documents/8vo_Semestre/Geometría Computacional/Lab/practica02p1/src/lib/libintersection.so
7fa100776000-7fa100777000 r--p 00000000 08:01 13893885                   /home/alex/Documents/8vo_Semestre/Geometría Computacional/Lab/practica02p1/src/lib/libintersection.so
7fa100777000-7fa100778000 rw-p 00001000 08:01 13893885                   /home/alex/Documents/8vo_Semestre/Geometría Computacional/Lab/practica02p1/src/lib/libintersection.so
7fa100778000-7fa10077b000 r-xp 00000000 08:01 13893853                   /home/alex/Documents/8vo_Semestre/Geometría Computacional/Lab/practica02p1/src/lib/librb_tree.so
7fa10077b000-7fa10097a000 ---p 00003000 08:01 13893853                   /home/alex/Documents/8vo_Semestre/Geometría Computacional/Lab/practica02p1/src/lib/librb_tree.so
7fa10097a000-7fa10097b000 r--p 00002000 08:01 13893853                   /home/alex/Documents/8vo_Semestre/Geometría Computacional/Lab/practica02p1/src/lib/librb_tree.so
7fa10097b000-7fa10097c000 rw-p 00003000 08:01 13893853                   /home/alex/Documents/8vo_Semestre/Geometría Computacional/Lab/practica02p1/src/lib/librb_tree.so
7fa10097c000-7fa10097e000 r-xp 00000000 08:01 13893852                   /home/alex/Documents/8vo_Semestre/Geometría Computacional/Lab/practica02p1/src/lib/libdouble_linked_list.so
7fa10097e000-7fa100b7d000 ---p 00002000 08:01 13893852                   /home/alex/Documents/8vo_Semestre/Geometría Computacional/Lab/practica02p1/src/lib/libdouble_linked_list.so
7fa100b7d000-7fa100b7e000 r--p 00001000 08:01 13893852                   /home/alex/Documents/8vo_Semestre/Geometría Computacional/Lab/practica02p1/src/lib/libdouble_linked_list.so
7fa100b7e000-7fa100b7f000 rw-p 00002000 08:01 13893852                   /home/alex/Documents/8vo_Semestre/Geometría Computacional/Lab/practica02p1/src/lib/libdouble_linked_list.so
7fa100b7f000-7fa100b80000 r-xp 00000000 08:01 13893850                   /home/alex/Documents/8vo_Semestre/Geometría Computacional/Lab/practica02p1/src/lib/libhalf_edge.so
7fa100b80000-7fa100d80000 ---p 00001000 08:01 13893850                   /home/alex/Documents/8vo_Semestre/Geometría Computacional/Lab/practica02p1/src/lib/libhalf_edge.so
7fa100d80000-7fa100d81000 r--p 00001000 08:01 13893850                   /home/alex/Documents/8vo_Semestre/Geometría Computacional/Lab/practica02p1/src/lib/libhalf_edge.so
7fa100d81000-7fa100d82000 rw-p 00002000 08:01 13893850                   /home/alex/Documents/8vo_Semestre/Geometría Computacional/Lab/practica02p1/src/lib/libhalf_edge.so
7fa100d82000-7fa100d83000 r-xp 00000000 08:01 13893849                   /home/alex/Documents/8vo_Semestre/Geometría Computacional/Lab/practica02p1/src/lib/lib2d_points.so
7fa100d83000-7fa100f82000 ---p 00001000 08:01 13893849                   /home/alex/Documents/8vo_Semestre/Geometría Computacional/Lab/practica02p1/src/lib/lib2d_points.so
7fa100f82000-7fa100f83000 r--p 00000000 08:01 13893849                   /home/alex/Documents/8vo_Semestre/Geometría Computacional/Lab/practica02p1/src/lib/lib2d_points.so
7fa100f83000-7fa100f84000 rw-p 00001000 08:01 13893849                   /home/alex/Documents/8vo_Semestre/Geometría Computacional/Lab/practica02p1/src/lib/lib2d_points.so
7fa100f84000-7fa100f87000 ---p 00000000 00:00 0 
7fa100f87000-7fa101185000 rw-p 00000000 00:00 0 
7fa101185000-7fa101188000 ---p 00000000 00:00 0 
7fa101188000-7fa101386000 rw-p 00000000 00:00 0                          [stack:4489]
7fa101386000-7fa101389000 ---p 00000000 00:00 0 
7fa101389000-7fa101587000 rw-p 00000000 00:00 0 
7fa101587000-7fa10158a000 ---p 00000000 00:00 0 
7fa10158a000-7fa101788000 rw-p 00000000 00:00 0                          [stack:4366]
7fa101788000-7fa10179a000 r-xp 00000000 08:01 12059135                   /home/alex/.rbenv/versions/jruby-1.7.10/lib/jni/x86_64-Linux/libjffi-1.2.so
7fa10179a000-7fa101999000 ---p 00012000 08:01 12059135                   /home/alex/.rbenv/versions/jruby-1.7.10/lib/jni/x86_64-Linux/libjffi-1.2.so
7fa101999000-7fa10199a000 rw-p 00011000 08:01 12059135                   /home/alex/.rbenv/versions/jruby-1.7.10/lib/jni/x86_64-Linux/libjffi-1.2.so
7fa10199a000-7fa1019aa000 r-xp 00000000 08:01 15861288                   /usr/lib/jvm/java-7-openjdk-amd64/jre/lib/amd64/libnio.so
7fa1019aa000-7fa101baa000 ---p 00010000 08:01 15861288                   /usr/lib/jvm/java-7-openjdk-amd64/jre/lib/amd64/libnio.so
7fa101baa000-7fa101bab000 r--p 00010000 08:01 15861288                   /usr/lib/jvm/java-7-openjdk-amd64/jre/lib/amd64/libnio.so
7fa101bab000-7fa101bac000 rw-p 00011000 08:01 15861288                   /usr/lib/jvm/java-7-openjdk-amd64/jre/lib/amd64/libnio.so
7fa101bac000-7fa101be9000 r-xp 00000000 08:01 8130434                    /lib/x86_64-linux-gnu/libpcre.so.3.13.1
7fa101be9000-7fa101de9000 ---p 0003d000 08:01 8130434                    /lib/x86_64-linux-gnu/libpcre.so.3.13.1
7fa101de9000-7fa101dea000 r--p 0003d000 08:01 8130434                    /lib/x86_64-linux-gnu/libpcre.so.3.13.1
7fa101dea000-7fa101deb000 rw-p 0003e000 08:01 8130434                    /lib/x86_64-linux-gnu/libpcre.so.3.13.1
7fa101deb000-7fa101df2000 r-xp 00000000 08:01 15735894                   /usr/lib/x86_64-linux-gnu/libffi.so.6.0.1
7fa101df2000-7fa101ff1000 ---p 00007000 08:01 15735894                   /usr/lib/x86_64-linux-gnu/libffi.so.6.0.1
7fa101ff1000-7fa101ff2000 r--p 00006000 08:01 15735894                   /usr/lib/x86_64-linux-gnu/libffi.so.6.0.1
7fa101ff2000-7fa101ff3000 rw-p 00007000 08:01 15735894                   /usr/lib/x86_64-linux-gnu/libffi.so.6.0.1
7fa101ff3000-7fa102009000 r-xp 00000000 08:01 8130457                    /lib/x86_64-linux-gnu/libresolv-2.17.so
7fa102009000-7fa102209000 ---p 00016000 08:01 8130457                    /lib/x86_64-linux-gnu/libresolv-2.17.so
7fa102209000-7fa10220a000 r--p 00016000 08:01 8130457                    /lib/x86_64-linux-gnu/libresolv-2.17.so
7fa10220a000-7fa10220b000 rw-p 00017000 08:01 8130457                    /lib/x86_64-linux-gnu/libresolv-2.17.so
7fa10220b000-7fa10220d000 rw-p 00000000 00:00 0 
7fa10220d000-7fa10222c000 r-xp 00000000 08:01 8130461                    /lib/x86_64-linux-gnu/libselinux.so.1
7fa10222c000-7fa10242c000 ---p 0001f000 08:01 8130461                    /lib/x86_64-linux-gnu/libselinux.so.1
7fa10242c000-7fa10242d000 r--p 0001f000 08:01 8130461                    /lib/x86_64-linux-gnu/libselinux.so.1
7fa10242d000-7fa10242e000 rw-p 00020000 08:01 8130461                    /lib/x86_64-linux-gnu/libselinux.so.1
7fa10242e000-7fa10242f000 rw-p 00000000 00:00 0 
7fa10242f000-7fa102432000 r-xp 00000000 08:01 15729078                   /usr/lib/x86_64-linux-gnu/libgmodule-2.0.so.0.3800.1
7fa102432000-7fa102631000 ---p 00003000 08:01 15729078                   /usr/lib/x86_64-linux-gnu/libgmodule-2.0.so.0.3800.1
7fa102631000-7fa102632000 r--p 00002000 08:01 15729078                   /usr/lib/x86_64-linux-gnu/libgmodule-2.0.so.0.3800.1
7fa102632000-7fa102633000 rw-p 00003000 08:01 15729078                   /usr/lib/x86_64-linux-gnu/libgmodule-2.0.so.0.3800.1
7fa102633000-7fa102731000 r-xp 00000000 08:01 8130449                    /lib/x86_64-linux-gnu/libglib-2.0.so.0.3800.1
7fa102731000-7fa102931000 ---p 000fe000 08:01 8130449                    /lib/x86_64-linux-gnu/libglib-2.0.so.0.3800.1
7fa102931000-7fa102932000 r--p 000fe000 08:01 8130449                    /lib/x86_64-linux-gnu/libglib-2.0.so.0.3800.1
7fa102932000-7fa102933000 rw-p 000ff000 08:01 8130449                    /lib/x86_64-linux-gnu/libglib-2.0.so.0.3800.1
7fa102933000-7fa102934000 rw-p 00000000 00:00 0 
7fa102934000-7fa102983000 r-xp 00000000 08:01 15729069                   /usr/lib/x86_64-linux-gnu/libgobject-2.0.so.0.3800.1
7fa102983000-7fa102b83000 ---p 0004f000 08:01 15729069                   /usr/lib/x86_64-linux-gnu/libgobject-2.0.so.0.3800.1
7fa102b83000-7fa102b84000 r--p 0004f000 08:01 15729069                   /usr/lib/x86_64-linux-gnu/libgobject-2.0.so.0.3800.1
7fa102b84000-7fa102b85000 rw-p 00050000 08:01 15729069                   /usr/lib/x86_64-linux-gnu/libgobject-2.0.so.0.3800.1
7fa102b85000-7fa102ce1000 r-xp 00000000 08:01 15729043                   /usr/lib/x86_64-linux-gnu/libgio-2.0.so.0.3800.1
7fa102ce1000-7fa102ee0000 ---p 0015c000 08:01 15729043                   /usr/lib/x86_64-linux-gnu/libgio-2.0.so.0.3800.1
7fa102ee0000-7fa102ee4000 r--p 0015b000 08:01 15729043                   /usr/lib/x86_64-linux-gnu/libgio-2.0.so.0.3800.1
7fa102ee4000-7fa102ee6000 rw-p 0015f000 08:01 15729043                   /usr/lib/x86_64-linux-gnu/libgio-2.0.so.0.3800.1
7fa102ee6000-7fa102ee8000 rw-p 00000000 00:00 0 
7fa102ee8000-7fa102efe000 r-xp 00000000 08:01 15861076                   /usr/lib/jvm/java-7-openjdk-amd64/jre/lib/amd64/libnet.so
7fa102efe000-7fa1030fd000 ---p 00016000 08:01 15861076                   /usr/lib/jvm/java-7-openjdk-amd64/jre/lib/amd64/libnet.so
7fa1030fd000-7fa1030fe000 r--p 00015000 08:01 15861076                   /usr/lib/jvm/java-7-openjdk-amd64/jre/lib/amd64/libnet.so
7fa1030fe000-7fa1030ff000 rw-p 00016000 08:01 15861076                   /usr/lib/jvm/java-7-openjdk-amd64/jre/lib/amd64/libnet.so
7fa1030ff000-7fa103100000 ---p 00000000 00:00 0 
7fa103100000-7fa103200000 rw-p 00000000 00:00 0                          [stack:4365]
7fa103200000-7fa103203000 ---p 00000000 00:00 0 
7fa103203000-7fa103401000 rw-p 00000000 00:00 0                          [stack:4364]
7fa103401000-7fa103404000 ---p 00000000 00:00 0 
7fa103404000-7fa103502000 rw-p 00000000 00:00 0                          [stack:4363]
7fa103502000-7fa103505000 ---p 00000000 00:00 0 
7fa103505000-7fa103603000 rw-p 00000000 00:00 0                          [stack:4362]
7fa103603000-7fa103606000 ---p 00000000 00:00 0 
7fa103606000-7fa103804000 rw-p 00000000 00:00 0                          [stack:4361]
7fa103804000-7fa103bfe000 r--p 00000000 08:01 15734328                   /usr/lib/locale/locale-archive
7fa103bfe000-7fa103c01000 ---p 00000000 00:00 0 
7fa103c01000-7fa103dff000 rw-p 00000000 00:00 0                          [stack:4360]
7fa103dff000-7fa103e02000 ---p 00000000 00:00 0 
7fa103e02000-7fa104000000 rw-p 00000000 00:00 0                          [stack:4359]
7fa104000000-7fa104021000 rw-p 00000000 00:00 0 
7fa104021000-7fa108000000 ---p 00000000 00:00 0 
7fa1080b8000-7fa1080bb000 ---p 00000000 00:00 0 
7fa1080bb000-7fa1080f1000 rw-p 00000000 00:00 0                          [stack:4369]
7fa1080f1000-7fa1080f2000 ---p 00000000 00:00 0 
7fa1080f2000-7fa109000000 rw-p 00000000 00:00 0                          [stack:4358]
7fa109000000-7fa109270000 rwxp 00000000 00:00 0 
7fa109270000-7fa10c58e000 rw-p 00000000 00:00 0 
7fa10c58e000-7fa110000000 ---p 00000000 00:00 0 
7fa110027000-7fa110028000 rw-p 00000000 00:00 0 
7fa110028000-7fa110029000 r-xp 00000000 00:00 0 
7fa110029000-7fa110030000 r--s 00000000 08:01 16127910                   /usr/lib/x86_64-linux-gnu/gconv/gconv-modules.cache
7fa110030000-7fa110032000 r--s 00012000 08:01 15861308                   /usr/lib/jvm/java-7-openjdk-amd64/jre/lib/ext/zipfs.jar
7fa110032000-7fa110035000 r--s 00032000 08:01 15861310                   /usr/lib/jvm/java-7-openjdk-amd64/jre/lib/ext/sunjce_provider.jar
7fa110035000-7fa110039000 r--s 00085000 08:01 15861304                   /usr/lib/jvm/java-7-openjdk-amd64/jre/lib/ext/localedata.jar
7fa110039000-7fa11003b000 r--s 00006000 08:01 16256853                   /usr/share/java/java-atk-wrapper.jar
7fa11003b000-7fa11003c000 r--s 00002000 08:01 15861314                   /usr/lib/jvm/java-7-openjdk-amd64/jre/lib/ext/dnsns.jar
7fa11003c000-7fa11003f000 r--s 0000f000 08:01 15861306                   /usr/lib/jvm/java-7-openjdk-amd64/jre/lib/ext/pulse-java.jar
7fa11003f000-7fa110043000 r--s 0003b000 08:01 15861316                   /usr/lib/jvm/java-7-openjdk-amd64/jre/lib/ext/sunpkcs11.jar
7fa110043000-7fa1101f1000 rw-p 00000000 00:00 0 
7fa1101f1000-7fa1102da000 r--s 00bb9000 08:01 12059138                   /home/alex/.rbenv/versions/jruby-1.7.10/lib/jruby.jar
7fa1102da000-7fa110322000 rw-p 00000000 00:00 0 
7fa110322000-7fa1104d0000 r--s 01cf4000 08:01 15861374                   /usr/lib/jvm/java-7-openjdk-amd64/jre/lib/rt.jar
7fa1104d0000-7fa111be6000 rw-p 00000000 00:00 0 
7fa111be6000-7fa111be7000 ---p 00000000 00:00 0 
7fa111be7000-7fa111ce7000 rw-p 00000000 00:00 0                          [stack:4357]
7fa111ce7000-7fa111ce8000 ---p 00000000 00:00 0 
7fa111ce8000-7fa111de8000 rw-p 00000000 00:00 0                          [stack:4356]
7fa111de8000-7fa111de9000 ---p 00000000 00:00 0 
7fa111de9000-7fa111ee9000 rw-p 00000000 00:00 0                          [stack:4355]
7fa111ee9000-7fa111eea000 ---p 00000000 00:00 0 
7fa111eea000-7fa111ff7000 rw-p 00000000 00:00 0                          [stack:4354]
7fa111ff7000-7fa11203d000 rw-p 00000000 00:00 0 
7fa11203d000-7fa112050000 rw-p 00000000 00:00 0 
7fa112050000-7fa1120e3000 rw-p 00000000 00:00 0 
7fa1120e3000-7fa1120f5000 rw-p 00000000 00:00 0 
7fa1120f5000-7fa112137000 rw-p 00000000 00:00 0 
7fa112137000-7fa112138000 rw-p 00000000 00:00 0 
7fa112138000-7fa112140000 r-xp 00000000 08:01 15861025                   /usr/lib/jvm/java-7-openjdk-amd64/jre/lib/amd64/libzip.so
7fa112140000-7fa11233f000 ---p 00008000 08:01 15861025                   /usr/lib/jvm/java-7-openjdk-amd64/jre/lib/amd64/libzip.so
7fa11233f000-7fa112340000 r--p 00007000 08:01 15861025                   /usr/lib/jvm/java-7-openjdk-amd64/jre/lib/amd64/libzip.so
7fa112340000-7fa112341000 rw-p 00008000 08:01 15861025                   /usr/lib/jvm/java-7-openjdk-amd64/jre/lib/amd64/libzip.so
7fa112341000-7fa11234d000 r-xp 00000000 08:01 8130412                    /lib/x86_64-linux-gnu/libnss_files-2.17.so
7fa11234d000-7fa11254c000 ---p 0000c000 08:01 8130412                    /lib/x86_64-linux-gnu/libnss_files-2.17.so
7fa11254c000-7fa11254d000 r--p 0000b000 08:01 8130412                    /lib/x86_64-linux-gnu/libnss_files-2.17.so
7fa11254d000-7fa11254e000 rw-p 0000c000 08:01 8130412                    /lib/x86_64-linux-gnu/libnss_files-2.17.so
7fa11254e000-7fa112559000 r-xp 00000000 08:01 8130416                    /lib/x86_64-linux-gnu/libnss_nis-2.17.so
7fa112559000-7fa112758000 ---p 0000b000 08:01 8130416                    /lib/x86_64-linux-gnu/libnss_nis-2.17.so
7fa112758000-7fa112759000 r--p 0000a000 08:01 8130416                    /lib/x86_64-linux-gnu/libnss_nis-2.17.so
7fa112759000-7fa11275a000 rw-p 0000b000 08:01 8130416                    /lib/x86_64-linux-gnu/libnss_nis-2.17.so
7fa11275a000-7fa112771000 r-xp 00000000 08:01 8130406                    /lib/x86_64-linux-gnu/libnsl-2.17.so
7fa112771000-7fa112970000 ---p 00017000 08:01 8130406                    /lib/x86_64-linux-gnu/libnsl-2.17.so
7fa112970000-7fa112971000 r--p 00016000 08:01 8130406                    /lib/x86_64-linux-gnu/libnsl-2.17.so
7fa112971000-7fa112972000 rw-p 00017000 08:01 8130406                    /lib/x86_64-linux-gnu/libnsl-2.17.so
7fa112972000-7fa112974000 rw-p 00000000 00:00 0 
7fa112974000-7fa11297c000 r-xp 00000000 08:01 8130408                    /lib/x86_64-linux-gnu/libnss_compat-2.17.so
7fa11297c000-7fa112b7b000 ---p 00008000 08:01 8130408                    /lib/x86_64-linux-gnu/libnss_compat-2.17.so
7fa112b7b000-7fa112b7c000 r--p 00007000 08:01 8130408                    /lib/x86_64-linux-gnu/libnss_compat-2.17.so
7fa112b7c000-7fa112b7d000 rw-p 00008000 08:01 8130408                    /lib/x86_64-linux-gnu/libnss_compat-2.17.so
7fa112b7d000-7fa112ba8000 r-xp 00000000 08:01 15860951                   /usr/lib/jvm/java-7-openjdk-amd64/jre/lib/amd64/libjava.so
7fa112ba8000-7fa112da7000 ---p 0002b000 08:01 15860951                   /usr/lib/jvm/java-7-openjdk-amd64/jre/lib/amd64/libjava.so
7fa112da7000-7fa112da8000 r--p 0002a000 08:01 15860951                   /usr/lib/jvm/java-7-openjdk-amd64/jre/lib/amd64/libjava.so
7fa112da8000-7fa112daa000 rw-p 0002b000 08:01 15860951                   /usr/lib/jvm/java-7-openjdk-amd64/jre/lib/amd64/libjava.so
7fa112daa000-7fa112dba000 r-xp 00000000 08:01 15861265                   /usr/lib/jvm/java-7-openjdk-amd64/jre/lib/amd64/libverify.so
7fa112dba000-7fa112fb9000 ---p 00010000 08:01 15861265                   /usr/lib/jvm/java-7-openjdk-amd64/jre/lib/amd64/libverify.so
7fa112fb9000-7fa112fbb000 r--p 0000f000 08:01 15861265                   /usr/lib/jvm/java-7-openjdk-amd64/jre/lib/amd64/libverify.so
7fa112fbb000-7fa112fbc000 rw-p 00011000 08:01 15861265                   /usr/lib/jvm/java-7-openjdk-amd64/jre/lib/amd64/libverify.so
7fa112fbc000-7fa112fc3000 r-xp 00000000 08:01 8130459                    /lib/x86_64-linux-gnu/librt-2.17.so
7fa112fc3000-7fa1131c2000 ---p 00007000 08:01 8130459                    /lib/x86_64-linux-gnu/librt-2.17.so
7fa1131c2000-7fa1131c3000 r--p 00006000 08:01 8130459                    /lib/x86_64-linux-gnu/librt-2.17.so
7fa1131c3000-7fa1131c4000 rw-p 00007000 08:01 8130459                    /lib/x86_64-linux-gnu/librt-2.17.so
7fa1131c4000-7fa1131c7000 ---p 00000000 00:00 0 
7fa1131c7000-7fa1133c5000 rw-p 00000000 00:00 0                          [stack:4353]
7fa1133c5000-7fa1133da000 r-xp 00000000 08:01 8126477                    /lib/x86_64-linux-gnu/libgcc_s.so.1
7fa1133da000-7fa1135d9000 ---p 00015000 08:01 8126477                    /lib/x86_64-linux-gnu/libgcc_s.so.1
7fa1135d9000-7fa1135da000 r--p 00014000 08:01 8126477                    /lib/x86_64-linux-gnu/libgcc_s.so.1
7fa1135da000-7fa1135db000 rw-p 00015000 08:01 8126477                    /lib/x86_64-linux-gnu/libgcc_s.so.1
7fa1135db000-7fa1136de000 r-xp 00000000 08:01 8130387                    /lib/x86_64-linux-gnu/libm-2.17.so
7fa1136de000-7fa1138dd000 ---p 00103000 08:01 8130387                    /lib/x86_64-linux-gnu/libm-2.17.so
7fa1138dd000-7fa1138de000 r--p 00102000 08:01 8130387                    /lib/x86_64-linux-gnu/libm-2.17.so
7fa1138de000-7fa1138df000 rw-p 00103000 08:01 8130387                    /lib/x86_64-linux-gnu/libm-2.17.so
7fa1138df000-7fa1139c5000 r-xp 00000000 08:01 15729831                   /usr/lib/x86_64-linux-gnu/libstdc++.so.6.0.18
7fa1139c5000-7fa113bc4000 ---p 000e6000 08:01 15729831                   /usr/lib/x86_64-linux-gnu/libstdc++.so.6.0.18
7fa113bc4000-7fa113bcc000 r--p 000e5000 08:01 15729831                   /usr/lib/x86_64-linux-gnu/libstdc++.so.6.0.18
7fa113bcc000-7fa113bce000 rw-p 000ed000 08:01 15729831                   /usr/lib/x86_64-linux-gnu/libstdc++.so.6.0.18
7fa113bce000-7fa113be3000 rw-p 00000000 00:00 0 
7fa113be3000-7fa1146c2000 r-xp 00000000 08:01 15861284                   /usr/lib/jvm/java-7-openjdk-amd64/jre/lib/amd64/server/libjvm.so
7fa1146c2000-7fa1148c1000 ---p 00adf000 08:01 15861284                   /usr/lib/jvm/java-7-openjdk-amd64/jre/lib/amd64/server/libjvm.so
7fa1148c1000-7fa114953000 r--p 00ade000 08:01 15861284                   /usr/lib/jvm/java-7-openjdk-amd64/jre/lib/amd64/server/libjvm.so
7fa114953000-7fa114976000 rw-p 00b70000 08:01 15861284                   /usr/lib/jvm/java-7-openjdk-amd64/jre/lib/amd64/server/libjvm.so
7fa114976000-7fa1149a3000 rw-p 00000000 00:00 0 
7fa1149a3000-7fa1149bb000 r-xp 00000000 08:01 8130494                    /lib/x86_64-linux-gnu/libz.so.1.2.8
7fa1149bb000-7fa114bba000 ---p 00018000 08:01 8130494                    /lib/x86_64-linux-gnu/libz.so.1.2.8
7fa114bba000-7fa114bbb000 r--p 00017000 08:01 8130494                    /lib/x86_64-linux-gnu/libz.so.1.2.8
7fa114bbb000-7fa114bbc000 rw-p 00018000 08:01 8130494                    /lib/x86_64-linux-gnu/libz.so.1.2.8
7fa114bbc000-7fa114bd3000 r-xp 00000000 08:01 8130451                    /lib/x86_64-linux-gnu/libpthread-2.17.so
7fa114bd3000-7fa114dd3000 ---p 00017000 08:01 8130451                    /lib/x86_64-linux-gnu/libpthread-2.17.so
7fa114dd3000-7fa114dd4000 r--p 00017000 08:01 8130451                    /lib/x86_64-linux-gnu/libpthread-2.17.so
7fa114dd4000-7fa114dd5000 rw-p 00018000 08:01 8130451                    /lib/x86_64-linux-gnu/libpthread-2.17.so
7fa114dd5000-7fa114dd9000 rw-p 00000000 00:00 0 
7fa114dd9000-7fa114ddc000 r-xp 00000000 08:01 8130351                    /lib/x86_64-linux-gnu/libdl-2.17.so
7fa114ddc000-7fa114fdb000 ---p 00003000 08:01 8130351                    /lib/x86_64-linux-gnu/libdl-2.17.so
7fa114fdb000-7fa114fdc000 r--p 00002000 08:01 8130351                    /lib/x86_64-linux-gnu/libdl-2.17.so
7fa114fdc000-7fa114fdd000 rw-p 00003000 08:01 8130351                    /lib/x86_64-linux-gnu/libdl-2.17.so
7fa114fdd000-7fa11519a000 r-xp 00000000 08:01 8130336                    /lib/x86_64-linux-gnu/libc-2.17.so
7fa11519a000-7fa11539a000 ---p 001bd000 08:01 8130336                    /lib/x86_64-linux-gnu/libc-2.17.so
7fa11539a000-7fa11539e000 r--p 001bd000 08:01 8130336                    /lib/x86_64-linux-gnu/libc-2.17.so
7fa11539e000-7fa1153a0000 rw-p 001c1000 08:01 8130336                    /lib/x86_64-linux-gnu/libc-2.17.so
7fa1153a0000-7fa1153a5000 rw-p 00000000 00:00 0 
7fa1153a5000-7fa1153b2000 r-xp 00000000 08:01 15861291                   /usr/lib/jvm/java-7-openjdk-amd64/jre/lib/amd64/jli/libjli.so
7fa1153b2000-7fa1155b1000 ---p 0000d000 08:01 15861291                   /usr/lib/jvm/java-7-openjdk-amd64/jre/lib/amd64/jli/libjli.so
7fa1155b1000-7fa1155b2000 r--p 0000c000 08:01 15861291                   /usr/lib/jvm/java-7-openjdk-amd64/jre/lib/amd64/jli/libjli.so
7fa1155b2000-7fa1155b3000 rw-p 0000d000 08:01 15861291                   /usr/lib/jvm/java-7-openjdk-amd64/jre/lib/amd64/jli/libjli.so
7fa1155b3000-7fa1155d6000 r-xp 00000000 08:01 8130312                    /lib/x86_64-linux-gnu/ld-2.17.so
7fa1155d6000-7fa1155db000 r--s 0004c000 08:01 15861296                   /usr/lib/jvm/java-7-openjdk-amd64/jre/lib/jsse.jar
7fa1155db000-7fa115609000 rw-p 00000000 00:00 0 
7fa115609000-7fa11564f000 rw-p 00000000 00:00 0 
7fa11564f000-7fa115662000 rw-p 00000000 00:00 0 
7fa115662000-7fa1156f6000 rw-p 00000000 00:00 0 
7fa1156f6000-7fa115700000 rw-p 00000000 00:00 0 
7fa115700000-7fa1157b6000 rw-p 00000000 00:00 0 
7fa1157b6000-7fa1157c9000 rw-p 00000000 00:00 0 
7fa1157c9000-7fa1157d1000 rw-s 00000000 08:01 5767462                    /tmp/hsperfdata_alex/4328
7fa1157d1000-7fa1157d2000 rw-p 00000000 00:00 0 
7fa1157d2000-7fa1157d3000 r--p 00000000 00:00 0 
7fa1157d3000-7fa1157d5000 rw-p 00000000 00:00 0 
7fa1157d5000-7fa1157d6000 r--p 00022000 08:01 8130312                    /lib/x86_64-linux-gnu/ld-2.17.so
7fa1157d6000-7fa1157d8000 rw-p 00023000 08:01 8130312                    /lib/x86_64-linux-gnu/ld-2.17.so
7fffa118d000-7fffa11ae000 rw-p 00000000 00:00 0                          [stack]
7fffa11fe000-7fffa1200000 r-xp 00000000 00:00 0                          [vdso]
ffffffffff600000-ffffffffff601000 r-xp 00000000 00:00 0                  [vsyscall]

VM Arguments:
jvm_args: -Djdk.home= -Djruby.home=/home/alex/.rbenv/versions/jruby-1.7.10 -Djruby.script=jruby -Djruby.shell=/bin/sh -Djffi.boot.library.path=/home/alex/.rbenv/versions/jruby-1.7.10/lib/jni:/home/alex/.rbenv/versions/jruby-1.7.10/lib/jni/i386-Linux:/home/alex/.rbenv/versions/jruby-1.7.10/lib/jni/arm-Linux:/home/alex/.rbenv/versions/jruby-1.7.10/lib/jni/x86_64-Linux -Xmx500m -Xss2048k -Xbootclasspath/a:/home/alex/.rbenv/versions/jruby-1.7.10/lib/jruby.jar 
java_command: org/jruby/Main Makefile.rb clean compile test clean
Launcher Type: SUN_STANDARD

Environment Variables:
PATH=/home/alex/.rbenv/versions/jruby-1.7.10/bin:/home/alex/.rbenv/libexec:/home/alex/.rbenv/plugins/ruby-build/bin:/home/alex/.rbenv/shims:~/.rbenv/bin:~/.rbenv/bin:/usr/local/sbin:/usr/local/bin:/usr/sbin:/usr/bin:/sbin:/bin:/usr/games:/usr/local/games
USERNAME=alex
SHELL=/bin/bash
DISPLAY=:0

Signal Handlers:
SIGSEGV: [libjvm.so+0x916ea0], sa_mask[0]=0x7ffbfeff, sa_flags=0x10000004
SIGBUS: [libjvm.so+0x916ea0], sa_mask[0]=0x7ffbfeff, sa_flags=0x10000004
SIGFPE: [libjvm.so+0x794800], sa_mask[0]=0x7ffbfeff, sa_flags=0x10000004
SIGPIPE: [libjvm.so+0x794800], sa_mask[0]=0x7ffbfeff, sa_flags=0x10000004
SIGXFSZ: [libjvm.so+0x794800], sa_mask[0]=0x7ffbfeff, sa_flags=0x10000004
SIGILL: [libjvm.so+0x794800], sa_mask[0]=0x7ffbfeff, sa_flags=0x10000004
SIGUSR1: SIG_DFL, sa_mask[0]=0x00000000, sa_flags=0x00000000
SIGUSR2: [libjvm.so+0x7946a0], sa_mask[0]=0x00000000, sa_flags=0x10000004
SIGHUP: [libjvm.so+0x794880], sa_mask[0]=0x7ffbfeff, sa_flags=0x10000004
SIGINT: [libjvm.so+0x794880], sa_mask[0]=0x7ffbfeff, sa_flags=0x10000004
SIGTERM: [libjvm.so+0x794880], sa_mask[0]=0x7ffbfeff, sa_flags=0x10000004
SIGQUIT: [libjvm.so+0x794880], sa_mask[0]=0x7ffbfeff, sa_flags=0x10000004


---------------  S Y S T E M  ---------------

OS:LinuxMint 16 (petra)
uname:Linux 3.11.0-12-generic #19-Ubuntu SMP Wed Oct 9 16:20:46 UTC 2013 x86_64
libc:glibc 2.17 NPTL 2.17 
rlimit: STACK 8192k, CORE 0k, NPROC 28798, NOFILE 4096, AS infinity
load average:0,34 0,18 0,11

/proc/meminfo:
MemTotal:        3715476 kB
MemFree:         2763392 kB
Buffers:           60464 kB
Cached:           458688 kB
SwapCached:            0 kB
Active:           453388 kB
Inactive:         386424 kB
Active(anon):     321664 kB
Inactive(anon):   126056 kB
Active(file):     131724 kB
Inactive(file):   260368 kB
Unevictable:          28 kB
Mlocked:              28 kB
SwapTotal:       3856380 kB
SwapFree:        3856380 kB
Dirty:               284 kB
Writeback:             0 kB
AnonPages:        320824 kB
Mapped:           107488 kB
Shmem:            127064 kB
Slab:              50732 kB
SReclaimable:      29744 kB
SUnreclaim:        20988 kB
KernelStack:        2768 kB
PageTables:        15728 kB
NFS_Unstable:          0 kB
Bounce:                0 kB
WritebackTmp:          0 kB
CommitLimit:     5714116 kB
Committed_AS:    1600384 kB
VmallocTotal:   34359738367 kB
VmallocUsed:      414316 kB
VmallocChunk:   34359320060 kB
HardwareCorrupted:     0 kB
AnonHugePages:         0 kB
HugePages_Total:       0
HugePages_Free:        0
HugePages_Rsvd:        0
HugePages_Surp:        0
Hugepagesize:       2048 kB
DirectMap4k:       56528 kB
DirectMap2M:     3801088 kB


CPU:total 4 (2 cores per cpu, 2 threads per core) family 6 model 37 stepping 5, cmov, cx8, fxsr, mmx, sse, sse2, sse3, ssse3, sse4.1, sse4.2, popcnt, ht, tsc, tscinvbit

/proc/cpuinfo:
processor	: 0
vendor_id	: GenuineIntel
cpu family	: 6
model		: 37
model name	: Intel(R) Core(TM) i3 CPU       M 380  @ 2.53GHz
stepping	: 5
microcode	: 0x2
cpu MHz		: 2533.000
cache size	: 3072 KB
physical id	: 0
siblings	: 4
core id		: 0
cpu cores	: 2
apicid		: 0
initial apicid	: 0
fpu		: yes
fpu_exception	: yes
cpuid level	: 11
wp		: yes
flags		: fpu vme de pse tsc msr pae mce cx8 apic sep mtrr pge mca cmov pat pse36 clflush dts acpi mmx fxsr sse sse2 ss ht tm pbe syscall nx rdtscp lm constant_tsc arch_perfmon pebs bts rep_good nopl xtopology nonstop_tsc aperfmperf pni dtes64 monitor ds_cpl vmx est tm2 ssse3 cx16 xtpr pdcm pcid sse4_1 sse4_2 popcnt lahf_lm arat dtherm tpr_shadow vnmi flexpriority ept vpid
bogomips	: 5054.41
clflush size	: 64
cache_alignment	: 64
address sizes	: 36 bits physical, 48 bits virtual
power management:

processor	: 1
vendor_id	: GenuineIntel
cpu family	: 6
model		: 37
model name	: Intel(R) Core(TM) i3 CPU       M 380  @ 2.53GHz
stepping	: 5
microcode	: 0x2
cpu MHz		: 2533.000
cache size	: 3072 KB
physical id	: 0
siblings	: 4
core id		: 0
cpu cores	: 2
apicid		: 1
initial apicid	: 1
fpu		: yes
fpu_exception	: yes
cpuid level	: 11
wp		: yes
flags		: fpu vme de pse tsc msr pae mce cx8 apic sep mtrr pge mca cmov pat pse36 clflush dts acpi mmx fxsr sse sse2 ss ht tm pbe syscall nx rdtscp lm constant_tsc arch_perfmon pebs bts rep_good nopl xtopology nonstop_tsc aperfmperf pni dtes64 monitor ds_cpl vmx est tm2 ssse3 cx16 xtpr pdcm pcid sse4_1 sse4_2 popcnt lahf_lm arat dtherm tpr_shadow vnmi flexpriority ept vpid
bogomips	: 5054.41
clflush size	: 64
cache_alignment	: 64
address sizes	: 36 bits physical, 48 bits virtual
power management:

processor	: 2
vendor_id	: GenuineIntel
cpu family	: 6
model		: 37
model name	: Intel(R) Core(TM) i3 CPU       M 380  @ 2.53GHz
stepping	: 5
microcode	: 0x2
cpu MHz		: 2533.000
cache size	: 3072 KB
physical id	: 0
siblings	: 4
core id		: 2
cpu cores	: 2
apicid		: 4
initial apicid	: 4
fpu		: yes
fpu_exception	: yes
cpuid level	: 11
wp		: yes
flags		: fpu vme de pse tsc msr pae mce cx8 apic sep mtrr pge mca cmov pat pse36 clflush dts acpi mmx fxsr sse sse2 ss ht tm pbe syscall nx rdtscp lm constant_tsc arch_perfmon pebs bts rep_good nopl xtopology nonstop_tsc aperfmperf pni dtes64 monitor ds_cpl vmx est tm2 ssse3 cx16 xtpr pdcm pcid sse4_1 sse4_2 popcnt lahf_lm arat dtherm tpr_shadow vnmi flexpriority ept vpid
bogomips	: 5054.41
clflush size	: 64
cache_alignment	: 64
address sizes	: 36 bits physical, 48 bits virtual
power management:

processor	: 3
vendor_id	: GenuineIntel
cpu family	: 6
model		: 37
model name	: Intel(R) Core(TM) i3 CPU       M 380  @ 2.53GHz
stepping	: 5
microcode	: 0x2
cpu MHz		: 933.000
cache size	: 3072 KB
physical id	: 0
siblings	: 4
core id		: 2
cpu cores	: 2
apicid		: 5
initial apicid	: 5
fpu		: yes
fpu_exception	: yes
cpuid level	: 11
wp		: yes
flags		: fpu vme de pse tsc msr pae mce cx8 apic sep mtrr pge mca cmov pat pse36 clflush dts acpi mmx fxsr sse sse2 ss ht tm pbe syscall nx rdtscp lm constant_tsc arch_perfmon pebs bts rep_good nopl xtopology nonstop_tsc aperfmperf pni dtes64 monitor ds_cpl vmx est tm2 ssse3 cx16 xtpr pdcm pcid sse4_1 sse4_2 popcnt lahf_lm arat dtherm tpr_shadow vnmi flexpriority ept vpid
bogomips	: 5054.41
clflush size	: 64
cache_alignment	: 64
address sizes	: 36 bits physical, 48 bits virtual
power management:



Memory: 4k page, physical 3715476k(2763392k free), swap 3856380k(3856380k free)

vm_info: OpenJDK 64-Bit Server VM (24.45-b08) for linux-amd64 JRE (1.7.0_51-b00), built on Jan 15 2014 22:02:57 by "buildd" with gcc 4.8.1

time: Mon Apr 21 11:16:43 2014
elapsed time: 4 seconds

