#
# A fatal error has been detected by the Java Runtime Environment:
#
#  SIGSEGV (0xb) at pc=0x00007f18a2048e80, pid=13966, tid=139744824747776
#
# JRE version: OpenJDK Runtime Environment (7.0_51) (build 1.7.0_51-b00)
# Java VM: OpenJDK 64-Bit Server VM (24.45-b08 mixed mode linux-amd64 compressed oops)
# Problematic frame:
# C  [libdouble_linked_list.so+0xe80]  create_copy_list+0x2f
#
# Failed to write core dump. Core dumps have been disabled. To enable core dumping, try "ulimit -c unlimited" before starting Java again
#
# If you would like to submit a bug report, please include
# instructions on how to reproduce the bug and visit:
#   http://icedtea.classpath.org/bugzilla
# The crash happened outside the Java Virtual Machine in native code.
# See problematic frame for where to report the bug.
#

---------------  T H R E A D  ---------------

Current thread (0x00007f18dc00a800):  JavaThread "main" [_thread_in_native, id=13991, stack(0x00007f18e0836000,0x00007f18e0a37000)]

siginfo:si_signo=SIGSEGV: si_errno=0, si_code=128 (), si_addr=0x0000000000000000

Registers:
RAX=0xf045c748f0658b48, RBX=0x00000000d79ae0f0, RCX=0x00007f18dc000020, RDX=0x00000000007d8041
RSP=0x00007f18e0a34000, RBP=0x00007f18e0a34020, RSI=0x00007f18dc49e810, RDI=0x0000000000000000
R8 =0x0000000000000000, R9 =0x00000000d7dc01a8, R10=0x00007f18e0a33da0, R11=0x00007f18a2048c95
R12=0x0000000000000000, R13=0x00000000d79ae0f0, R14=0x00007f18e0a34168, R15=0x00007f18dc00a800
RIP=0x00007f18a2048e80, EFLAGS=0x0000000000010286, CSGSFS=0x0000000000000033, ERR=0x0000000000000000
  TRAPNO=0x000000000000000d

Top of Stack: (sp=0x00007f18e0a34000)
0x00007f18e0a34000:   00007f18d85c18e1 00007f18d85c18e1
0x00007f18e0a34010:   f045c748f0658b48 00007f18dc49e820
0x00007f18e0a34020:   00007f18e0a34080 00007f18a1c42928
0x00007f18e0a34030:   00000000d6b35ab0 00007f18dc4901e0
0x00007f18e0a34040:   00007f18e0a340b0 00007f18d85c18e1
0x00007f18e0a34050:   00007f18e0a34068 00007f18d85c18e1
0x00007f18e0a34060:   00000000e1219528 00000000e0e13630
0x00007f18e0a34070:   00007f18e0a34070 00000000d69ffdfd
0x00007f18e0a34080:   00007f18dc429c50 00007f18a2e5bcd9
0x00007f18e0a34090:   00000000d7d32b98 00000000d79ae0f0
0x00007f18e0a340a0:   00007f18e0a34120 00007f18d85cd738
0x00007f18e0a340b0:   00007f18e0a34110 00007f18d85c1233
0x00007f18e0a340c0:   00000000e1219528 00000000e13e1878
0x00007f18e0a340d0:   00007f18e0a340d0 00000000d69ff00f
0x00007f18e0a340e0:   00007f18e0a340e0 0000000000000000
0x00007f18e0a340f0:   00007f18e0a34168 00000000d79b6618
0x00007f18e0a34100:   0000000000000000 00000000d79ae0f0
0x00007f18e0a34110:   0000000000000000 00007f18e0a34140
0x00007f18e0a34120:   00007f18e0a341b0 00007f18d85c1175
0x00007f18e0a34130:   00000000e116f438 00007f18d85c9cd7
0x00007f18e0a34140:   00007f18dc4901e0 00007f18d875186c
0x00007f18e0a34150:   00007f18a1c42905 00000000e11fbbd0
0x00007f18e0a34160:   00007f18dc429c50 00000000e12190c0
0x00007f18e0a34170:   00007f18e0a34170 00000000d7aaaf57
0x00007f18e0a34180:   00007f18e0a341e8 00000000d7ab71b0
0x00007f18e0a34190:   00000000d7ed4510 00000000d7aaaf98
0x00007f18e0a341a0:   00007f18e0a34140 00007f18e0a341c0
0x00007f18e0a341b0:   00007f18e0a34238 00007f18d85c1175
0x00007f18e0a341c0:   00007f18dc4901e0 00000000f5b4ecb8
0x00007f18e0a341d0:   00007f18a1c42905 0000000000000000
0x00007f18e0a341e0:   00000000e106b9c8 00000000e116fe90
0x00007f18e0a341f0:   00000000f7825d48 00007f18e0a341f8 

Instructions: (pc=0x00007f18a2048e80)
0x00007f18a2048e60:   e8 8b 40 14 89 c7 e8 75 fc ff ff 48 89 45 f8 48
0x00007f18a2048e70:   8b 45 e8 48 8b 00 48 89 45 f0 eb 22 48 8b 45 f0
0x00007f18a2048e80:   48 8b 10 48 8b 45 f8 48 89 d6 48 89 c7 e8 de fc
0x00007f18a2048e90:   ff ff 48 8b 45 f0 48 8b 40 10 48 89 45 f0 48 83 

Register to memory mapping:

RAX=0xf045c748f0658b48 is an unknown value
RBX=0x00000000d79ae0f0 is an oop
{method} 
 - klass: {other class}
RCX=0x00007f18dc000020 is an unknown value
RDX=0x00000000007d8041 is an unknown value
RSP=0x00007f18e0a34000 is pointing into the stack for thread: 0x00007f18dc00a800
RBP=0x00007f18e0a34020 is pointing into the stack for thread: 0x00007f18dc00a800
RSI=0x00007f18dc49e810 is an unknown value
RDI=0x0000000000000000 is an unknown value
R8 =0x0000000000000000 is an unknown value
R9 =0x00000000d7dc01a8 is an oop
{instance class} 
 - klass: {other class}
R10=0x00007f18e0a33da0 is pointing into the stack for thread: 0x00007f18dc00a800
R11=0x00007f18a2048c95: init_double_linked_list+0 in lib/libdouble_linked_list.so at 0x00007f18a2048000
R12=0x0000000000000000 is an unknown value
R13=0x00000000d79ae0f0 is an oop
{method} 
 - klass: {other class}
R14=0x00007f18e0a34168 is pointing into the stack for thread: 0x00007f18dc00a800
R15=0x00007f18dc00a800 is a thread


Stack: [0x00007f18e0836000,0x00007f18e0a37000],  sp=0x00007f18e0a34000,  free space=2040k
Native frames: (J=compiled Java code, j=interpreted, Vv=VM code, C=native code)
C  [libdouble_linked_list.so+0xe80]  create_copy_list+0x2f
C  [libintersection.so+0x928]  find_intersections+0x23

Java frames: (J=compiled Java code, j=interpreted, Vv=VM code)
j  com.kenai.jffi.Foreign.invokeL1(JJJ)J+0
j  com.kenai.jffi.Invoker.invokeL1(Lcom/kenai/jffi/CallContext;JJ)J+7
j  org.jruby.ext.ffi.jffi.NativeInvoker$ffi$8.call(Lorg/jruby/runtime/ThreadContext;Lorg/jruby/runtime/builtin/IRubyObject;Lorg/jruby/RubyModule;Ljava/lang/String;Lorg/jruby/runtime/builtin/IRubyObject;)Lorg/jruby/runtime/builtin/IRubyObject;+76
j  org.jruby.runtime.callsite.CachingCallSite.cacheAndCall(Lorg/jruby/runtime/builtin/IRubyObject;Lorg/jruby/RubyClass;Lorg/jruby/runtime/ThreadContext;Lorg/jruby/runtime/builtin/IRubyObject;Lorg/jruby/runtime/builtin/IRubyObject;)Lorg/jruby/runtime/builtin/IRubyObject;+57
J  org.jruby.runtime.callsite.CachingCallSite.call(Lorg/jruby/runtime/ThreadContext;Lorg/jruby/runtime/builtin/IRubyObject;Lorg/jruby/runtime/builtin/IRubyObject;Lorg/jruby/runtime/builtin/IRubyObject;)Lorg/jruby/runtime/builtin/IRubyObject;
J  org.jruby.ast.CallOneArgNode.interpret(Lorg/jruby/Ruby;Lorg/jruby/runtime/ThreadContext;Lorg/jruby/runtime/builtin/IRubyObject;Lorg/jruby/runtime/Block;)Lorg/jruby/runtime/builtin/IRubyObject;
j  org.jruby.ast.LocalAsgnNode.interpret(Lorg/jruby/Ruby;Lorg/jruby/runtime/ThreadContext;Lorg/jruby/runtime/builtin/IRubyObject;Lorg/jruby/runtime/Block;)Lorg/jruby/runtime/builtin/IRubyObject;+30
J  org.jruby.ast.BlockNode.interpret(Lorg/jruby/Ruby;Lorg/jruby/runtime/ThreadContext;Lorg/jruby/runtime/builtin/IRubyObject;Lorg/jruby/runtime/Block;)Lorg/jruby/runtime/builtin/IRubyObject;
j  org.jruby.evaluator.ASTInterpreter.INTERPRET_METHOD(Lorg/jruby/Ruby;Lorg/jruby/runtime/ThreadContext;Ljava/lang/String;ILorg/jruby/RubyModule;Lorg/jruby/ast/Node;Ljava/lang/String;Lorg/jruby/runtime/builtin/IRubyObject;Lorg/jruby/runtime/Block;Z)Lorg/jruby/runtime/builtin/IRubyObject;+30
j  org.jruby.internal.runtime.methods.InterpretedMethod.call(Lorg/jruby/runtime/ThreadContext;Lorg/jruby/runtime/builtin/IRubyObject;Lorg/jruby/RubyModule;Ljava/lang/String;)Lorg/jruby/runtime/builtin/IRubyObject;+80
j  org.jruby.internal.runtime.methods.DefaultMethod.call(Lorg/jruby/runtime/ThreadContext;Lorg/jruby/runtime/builtin/IRubyObject;Lorg/jruby/RubyModule;Ljava/lang/String;)Lorg/jruby/runtime/builtin/IRubyObject;+20
J  org.jruby.ast.CallNoArgNode.interpret(Lorg/jruby/Ruby;Lorg/jruby/runtime/ThreadContext;Lorg/jruby/runtime/builtin/IRubyObject;Lorg/jruby/runtime/Block;)Lorg/jruby/runtime/builtin/IRubyObject;
j  org.jruby.ast.FCallTwoArgNode.interpret(Lorg/jruby/Ruby;Lorg/jruby/runtime/ThreadContext;Lorg/jruby/runtime/builtin/IRubyObject;Lorg/jruby/runtime/Block;)Lorg/jruby/runtime/builtin/IRubyObject;+28
J  org.jruby.ast.BlockNode.interpret(Lorg/jruby/Ruby;Lorg/jruby/runtime/ThreadContext;Lorg/jruby/runtime/builtin/IRubyObject;Lorg/jruby/runtime/Block;)Lorg/jruby/runtime/builtin/IRubyObject;
j  org.jruby.evaluator.ASTInterpreter.INTERPRET_METHOD(Lorg/jruby/Ruby;Lorg/jruby/runtime/ThreadContext;Ljava/lang/String;ILorg/jruby/RubyModule;Lorg/jruby/ast/Node;Ljava/lang/String;Lorg/jruby/runtime/builtin/IRubyObject;Lorg/jruby/runtime/Block;Z)Lorg/jruby/runtime/builtin/IRubyObject;+30
j  org.jruby.internal.runtime.methods.InterpretedMethod.call(Lorg/jruby/runtime/ThreadContext;Lorg/jruby/runtime/builtin/IRubyObject;Lorg/jruby/RubyModule;Ljava/lang/String;)Lorg/jruby/runtime/builtin/IRubyObject;+80
j  org.jruby.internal.runtime.methods.DefaultMethod.call(Lorg/jruby/runtime/ThreadContext;Lorg/jruby/runtime/builtin/IRubyObject;Lorg/jruby/RubyModule;Ljava/lang/String;)Lorg/jruby/runtime/builtin/IRubyObject;+20
j  org.jruby.runtime.callsite.CachingCallSite.cacheAndCall(Lorg/jruby/runtime/builtin/IRubyObject;Lorg/jruby/RubyClass;Lorg/jruby/runtime/ThreadContext;Lorg/jruby/runtime/builtin/IRubyObject;)Lorg/jruby/runtime/builtin/IRubyObject;+53
j  org.jruby.runtime.callsite.CachingCallSite.call(Lorg/jruby/runtime/ThreadContext;Lorg/jruby/runtime/builtin/IRubyObject;Lorg/jruby/runtime/builtin/IRubyObject;)Lorg/jruby/runtime/builtin/IRubyObject;+46
j  Makefile.method__3$RUBY$test(LMakefile;Lorg/jruby/runtime/ThreadContext;Lorg/jruby/runtime/builtin/IRubyObject;Lorg/jruby/runtime/Block;)Lorg/jruby/runtime/builtin/IRubyObject;+130
j  Makefile$method__3$RUBY$test.call(Lorg/jruby/runtime/ThreadContext;Lorg/jruby/runtime/builtin/IRubyObject;Lorg/jruby/RubyModule;Ljava/lang/String;Lorg/jruby/runtime/Block;)Lorg/jruby/runtime/builtin/IRubyObject;+17
j  org.jruby.RubyClass.finvoke(Lorg/jruby/runtime/ThreadContext;Lorg/jruby/runtime/builtin/IRubyObject;Ljava/lang/String;Lorg/jruby/runtime/Block;)Lorg/jruby/runtime/builtin/IRubyObject;+41
j  org.jruby.RubyBasicObject.send19(Lorg/jruby/runtime/ThreadContext;Lorg/jruby/runtime/builtin/IRubyObject;Lorg/jruby/runtime/Block;)Lorg/jruby/runtime/builtin/IRubyObject;+15
j  org.jruby.RubyKernel.send19(Lorg/jruby/runtime/ThreadContext;Lorg/jruby/runtime/builtin/IRubyObject;Lorg/jruby/runtime/builtin/IRubyObject;Lorg/jruby/runtime/Block;)Lorg/jruby/runtime/builtin/IRubyObject;+7
j  org.jruby.RubyKernel$INVOKER$s$send19.call(Lorg/jruby/runtime/ThreadContext;Lorg/jruby/runtime/builtin/IRubyObject;Lorg/jruby/RubyModule;Ljava/lang/String;Lorg/jruby/runtime/builtin/IRubyObject;Lorg/jruby/runtime/Block;)Lorg/jruby/runtime/builtin/IRubyObject;+6
j  org.jruby.internal.runtime.methods.JavaMethod$JavaMethodOneOrNBlock.call(Lorg/jruby/runtime/ThreadContext;Lorg/jruby/runtime/builtin/IRubyObject;Lorg/jruby/RubyModule;Ljava/lang/String;Lorg/jruby/runtime/builtin/IRubyObject;)Lorg/jruby/runtime/builtin/IRubyObject;+11
j  org.jruby.runtime.callsite.CachingCallSite.call(Lorg/jruby/runtime/ThreadContext;Lorg/jruby/runtime/builtin/IRubyObject;Lorg/jruby/runtime/builtin/IRubyObject;Lorg/jruby/runtime/builtin/IRubyObject;)Lorg/jruby/runtime/builtin/IRubyObject;+38
j  Makefile.block_7$RUBY$__file__(LMakefile;Lorg/jruby/runtime/ThreadContext;Lorg/jruby/runtime/builtin/IRubyObject;[Lorg/jruby/runtime/builtin/IRubyObject;Lorg/jruby/runtime/Block;)Lorg/jruby/runtime/builtin/IRubyObject;+46
j  Makefile$block_7$RUBY$__file__.call(Lorg/jruby/runtime/ThreadContext;Lorg/jruby/runtime/builtin/IRubyObject;[Lorg/jruby/runtime/builtin/IRubyObject;Lorg/jruby/runtime/Block;)Lorg/jruby/runtime/builtin/IRubyObject;+9
j  org.jruby.runtime.CompiledBlock19.yield(Lorg/jruby/runtime/ThreadContext;Lorg/jruby/runtime/builtin/IRubyObject;Lorg/jruby/runtime/Binding;Lorg/jruby/runtime/Block$Type;)Lorg/jruby/runtime/builtin/IRubyObject;+52
j  org.jruby.runtime.Block.yield(Lorg/jruby/runtime/ThreadContext;Lorg/jruby/runtime/builtin/IRubyObject;)Lorg/jruby/runtime/builtin/IRubyObject;+14
j  org.jruby.RubyArray.eachCommon(Lorg/jruby/runtime/ThreadContext;Lorg/jruby/runtime/Block;)Lorg/jruby/runtime/builtin/IRubyObject;+41
j  org.jruby.RubyArray.each(Lorg/jruby/runtime/ThreadContext;Lorg/jruby/runtime/Block;)Lorg/jruby/runtime/builtin/IRubyObject;+10
j  org.jruby.RubyArray$INVOKER$i$0$0$each.call(Lorg/jruby/runtime/ThreadContext;Lorg/jruby/runtime/builtin/IRubyObject;Lorg/jruby/RubyModule;Ljava/lang/String;Lorg/jruby/runtime/Block;)Lorg/jruby/runtime/builtin/IRubyObject;+7
j  org.jruby.runtime.callsite.CachingCallSite.cacheAndCall(Lorg/jruby/runtime/builtin/IRubyObject;Lorg/jruby/RubyClass;Lorg/jruby/runtime/Block;Lorg/jruby/runtime/ThreadContext;Lorg/jruby/runtime/builtin/IRubyObject;)Lorg/jruby/runtime/builtin/IRubyObject;+57
j  org.jruby.runtime.callsite.CachingCallSite.callBlock(Lorg/jruby/runtime/ThreadContext;Lorg/jruby/runtime/builtin/IRubyObject;Lorg/jruby/runtime/builtin/IRubyObject;Lorg/jruby/runtime/Block;)Lorg/jruby/runtime/builtin/IRubyObject;+50
j  org.jruby.runtime.callsite.CachingCallSite.callIter(Lorg/jruby/runtime/ThreadContext;Lorg/jruby/runtime/builtin/IRubyObject;Lorg/jruby/runtime/builtin/IRubyObject;Lorg/jruby/runtime/Block;)Lorg/jruby/runtime/builtin/IRubyObject;+6
j  Makefile.__file__(LMakefile;Lorg/jruby/runtime/ThreadContext;Lorg/jruby/runtime/builtin/IRubyObject;[Lorg/jruby/runtime/builtin/IRubyObject;Lorg/jruby/runtime/Block;)Lorg/jruby/runtime/builtin/IRubyObject;+938
j  Makefile.load(Lorg/jruby/runtime/ThreadContext;Lorg/jruby/runtime/builtin/IRubyObject;Z)Lorg/jruby/runtime/builtin/IRubyObject;+22
j  org.jruby.Ruby.runScript(Lorg/jruby/ast/executable/Script;Z)Lorg/jruby/runtime/builtin/IRubyObject;+12
j  org.jruby.Ruby.runScript(Lorg/jruby/ast/executable/Script;)Lorg/jruby/runtime/builtin/IRubyObject;+3
j  org.jruby.Ruby.runNormally(Lorg/jruby/ast/Node;)Lorg/jruby/runtime/builtin/IRubyObject;+73
j  org.jruby.Ruby.runFromMain(Ljava/io/InputStream;Ljava/lang/String;)V+320
j  org.jruby.Main.doRunFromMain(Lorg/jruby/Ruby;Ljava/io/InputStream;Ljava/lang/String;)Lorg/jruby/Main$Status;+12
j  org.jruby.Main.internalRun()Lorg/jruby/Main$Status;+234
j  org.jruby.Main.run([Ljava/lang/String;)Lorg/jruby/Main$Status;+9
j  org.jruby.Main.main([Ljava/lang/String;)V+35
v  ~StubRoutines::call_stub

---------------  P R O C E S S  ---------------

Java Threads: ( => current thread )
  0x00007f18dc45e800 JavaThread "JRubyJIT-2" daemon [_thread_blocked, id=14127, stack(0x00007f18a2650000,0x00007f18a2851000)]
  0x00007f18dc450800 JavaThread "process reaper" daemon [_thread_blocked, id=14007, stack(0x00007f18d0082000,0x00007f18d00bb000)]
  0x00007f18dc444800 JavaThread "JRubyJIT-1" daemon [_thread_blocked, id=14004, stack(0x00007f18a2c53000,0x00007f18a2e54000)]
  0x00007f18dc0ae000 JavaThread "Service Thread" daemon [_thread_blocked, id=14002, stack(0x00007f18d0987000,0x00007f18d0b88000)]
  0x00007f18dc0ab800 JavaThread "C2 CompilerThread1" daemon [_thread_in_native, id=14001, stack(0x00007f18d0b88000,0x00007f18d0c89000)]
  0x00007f18dc0a8800 JavaThread "C2 CompilerThread0" daemon [_thread_in_native, id=14000, stack(0x00007f18d0c89000,0x00007f18d0d8a000)]
  0x00007f18dc0a6800 JavaThread "Signal Dispatcher" daemon [_thread_blocked, id=13999, stack(0x00007f18d0d8a000,0x00007f18d0f8b000)]
  0x00007f18dc082800 JavaThread "Finalizer" daemon [_thread_blocked, id=13998, stack(0x00007f18d1385000,0x00007f18d1586000)]
  0x00007f18dc080800 JavaThread "Reference Handler" daemon [_thread_blocked, id=13997, stack(0x00007f18d1586000,0x00007f18d1787000)]
=>0x00007f18dc00a800 JavaThread "main" [_thread_in_native, id=13991, stack(0x00007f18e0836000,0x00007f18e0a37000)]

Other Threads:
  0x00007f18dc07c800 VMThread [stack: 0x00007f18d1787000,0x00007f18d1888000] [id=13996]
  0x00007f18dc0b8800 WatcherThread [stack: 0x00007f18d0886000,0x00007f18d0987000] [id=14003]

VM state:not at safepoint (normal execution)

VM Mutex/Monitor currently owned by a thread: None

Heap
 PSYoungGen      total 32768K, used 4438K [0x00000000f5900000, 0x00000000f9900000, 0x0000000100000000)
  eden space 30720K, 7% used [0x00000000f5900000,0x00000000f5b5c600,0x00000000f7700000)
  from space 2048K, 98% used [0x00000000f7700000,0x00000000f78f9538,0x00000000f7900000)
  to   space 2048K, 0% used [0x00000000f9700000,0x00000000f9700000,0x00000000f9900000)
 ParOldGen       total 38400K, used 8968K [0x00000000e0c00000, 0x00000000e3180000, 0x00000000f5900000)
  object space 38400K, 23% used [0x00000000e0c00000,0x00000000e14c2170,0x00000000e3180000)
 PSPermGen       total 25600K, used 25471K [0x00000000d6600000, 0x00000000d7f00000, 0x00000000e0c00000)
  object space 25600K, 99% used [0x00000000d6600000,0x00000000d7edfd18,0x00000000d7f00000)

Card table byte_map: [0x00007f18e00a1000,0x00007f18e01ef000] byte_map_base: 0x00007f18df9ee000

Polling page: 0x00007f18e2e44000

Code Cache  [0x00007f18d85bb000, 0x00007f18d882b000, 0x00007f18db5bb000)
 total_blobs=962 nmethods=483 adapters=433 free_code_cache=47571Kb largest_free_block=48550336

Compilation events (10 events):
Event: 4,148 Thread 0x00007f18dc0a8800 nmethod 496 0x00007f18d865e990 code [0x00007f18d865eae0, 0x00007f18d865ebd8]
Event: 4,148 Thread 0x00007f18dc0a8800  498             org.jruby.ext.ffi.Pointer::<init> (11 bytes)
Event: 4,149 Thread 0x00007f18dc0ab800 nmethod 497 0x00007f18d8650090 code [0x00007f18d86501e0, 0x00007f18d86502d8]
Event: 4,149 Thread 0x00007f18dc0ab800  499             org.jruby.ext.ffi.Pointer::<init> (11 bytes)
Event: 4,150 Thread 0x00007f18dc0a8800 nmethod 498 0x00007f18d864fb90 code [0x00007f18d864fce0, 0x00007f18d864fdd8]
Event: 4,150 Thread 0x00007f18dc0a8800  500             org.jruby.ext.ffi.Pointer::getPointerClass (8 bytes)
Event: 4,150 Thread 0x00007f18dc0a8800 nmethod 500 0x00007f18d87684d0 code [0x00007f18d8768600, 0x00007f18d8768678]
Event: 4,150 Thread 0x00007f18dc0a8800  501             org.jruby.RubyArray::append (113 bytes)
Event: 4,151 Thread 0x00007f18dc0ab800 nmethod 499 0x00007f18d876c190 code [0x00007f18d876c2e0, 0x00007f18d876c3d8]
Event: 4,151 Thread 0x00007f18dc0ab800  502             org.jruby.ext.ffi.jffi.JITRuntime::newPointer64 (19 bytes)

GC Heap History (6 events):
Event: 1,391 GC heap before
{Heap before GC invocations=1 (full 0):
 PSYoungGen      total 17408K, used 15360K [0x00000000f5900000, 0x00000000f6c00000, 0x0000000100000000)
  eden space 15360K, 100% used [0x00000000f5900000,0x00000000f6800000,0x00000000f6800000)
  from space 2048K, 0% used [0x00000000f6a00000,0x00000000f6a00000,0x00000000f6c00000)
  to   space 2048K, 0% used [0x00000000f6800000,0x00000000f6800000,0x00000000f6a00000)
 ParOldGen       total 38400K, used 0K [0x00000000e0c00000, 0x00000000e3180000, 0x00000000f5900000)
  object space 38400K, 0% used [0x00000000e0c00000,0x00000000e0c00000,0x00000000e3180000)
 PSPermGen       total 21504K, used 18949K [0x00000000d6600000, 0x00000000d7b00000, 0x00000000e0c00000)
  object space 21504K, 88% used [0x00000000d6600000,0x00000000d78816c8,0x00000000d7b00000)
Event: 1,413 GC heap after
Heap after GC invocations=1 (full 0):
 PSYoungGen      total 17408K, used 2037K [0x00000000f5900000, 0x00000000f7b00000, 0x0000000100000000)
  eden space 15360K, 0% used [0x00000000f5900000,0x00000000f5900000,0x00000000f6800000)
  from space 2048K, 99% used [0x00000000f6800000,0x00000000f69fd4d8,0x00000000f6a00000)
  to   space 2048K, 0% used [0x00000000f7900000,0x00000000f7900000,0x00000000f7b00000)
 ParOldGen       total 38400K, used 3780K [0x00000000e0c00000, 0x00000000e3180000, 0x00000000f5900000)
  object space 38400K, 9% used [0x00000000e0c00000,0x00000000e0fb10e8,0x00000000e3180000)
 PSPermGen       total 21504K, used 18949K [0x00000000d6600000, 0x00000000d7b00000, 0x00000000e0c00000)
  object space 21504K, 88% used [0x00000000d6600000,0x00000000d78816c8,0x00000000d7b00000)
}
Event: 2,350 GC heap before
{Heap before GC invocations=2 (full 0):
 PSYoungGen      total 17408K, used 17397K [0x00000000f5900000, 0x00000000f7b00000, 0x0000000100000000)
  eden space 15360K, 100% used [0x00000000f5900000,0x00000000f6800000,0x00000000f6800000)
  from space 2048K, 99% used [0x00000000f6800000,0x00000000f69fd4d8,0x00000000f6a00000)
  to   space 2048K, 0% used [0x00000000f7900000,0x00000000f7900000,0x00000000f7b00000)
 ParOldGen       total 38400K, used 3780K [0x00000000e0c00000, 0x00000000e3180000, 0x00000000f5900000)
  object space 38400K, 9% used [0x00000000e0c00000,0x00000000e0fb10e8,0x00000000e3180000)
 PSPermGen       total 23552K, used 23439K [0x00000000d6600000, 0x00000000d7d00000, 0x00000000e0c00000)
  object space 23552K, 99% used [0x00000000d6600000,0x00000000d7ce3e00,0x00000000d7d00000)
Event: 2,366 GC heap after
Heap after GC invocations=2 (full 0):
 PSYoungGen      total 32768K, used 2037K [0x00000000f5900000, 0x00000000f7b00000, 0x0000000100000000)
  eden space 30720K, 0% used [0x00000000f5900000,0x00000000f5900000,0x00000000f7700000)
  from space 2048K, 99% used [0x00000000f7900000,0x00000000f7afd528,0x00000000f7b00000)
  to   space 2048K, 0% used [0x00000000f7700000,0x00000000f7700000,0x00000000f7900000)
 ParOldGen       total 38400K, used 5895K [0x00000000e0c00000, 0x00000000e3180000, 0x00000000f5900000)
  object space 38400K, 15% used [0x00000000e0c00000,0x00000000e11c1ee0,0x00000000e3180000)
 PSPermGen       total 23552K, used 23439K [0x00000000d6600000, 0x00000000d7d00000, 0x00000000e0c00000)
  object space 23552K, 99% used [0x00000000d6600000,0x00000000d7ce3e00,0x00000000d7d00000)
}
Event: 4,069 GC heap before
{Heap before GC invocations=3 (full 0):
 PSYoungGen      total 32768K, used 32757K [0x00000000f5900000, 0x00000000f7b00000, 0x0000000100000000)
  eden space 30720K, 100% used [0x00000000f5900000,0x00000000f7700000,0x00000000f7700000)
  from space 2048K, 99% used [0x00000000f7900000,0x00000000f7afd528,0x00000000f7b00000)
  to   space 2048K, 0% used [0x00000000f7700000,0x00000000f7700000,0x00000000f7900000)
 ParOldGen       total 38400K, used 5895K [0x00000000e0c00000, 0x00000000e3180000, 0x00000000f5900000)
  object space 38400K, 15% used [0x00000000e0c00000,0x00000000e11c1ee0,0x00000000e3180000)
 PSPermGen       total 25600K, used 25468K [0x00000000d6600000, 0x00000000d7f00000, 0x00000000e0c00000)
  object space 25600K, 99% used [0x00000000d6600000,0x00000000d7edf110,0x00000000d7f00000)
Event: 4,087 GC heap after
Heap after GC invocations=3 (full 0):
 PSYoungGen      total 32768K, used 2021K [0x00000000f5900000, 0x00000000f9900000, 0x0000000100000000)
  eden space 30720K, 0% used [0x00000000f5900000,0x00000000f5900000,0x00000000f7700000)
  from space 2048K, 98% used [0x00000000f7700000,0x00000000f78f9538,0x00000000f7900000)
  to   space 2048K, 0% used [0x00000000f9700000,0x00000000f9700000,0x00000000f9900000)
 ParOldGen       total 38400K, used 8968K [0x00000000e0c00000, 0x00000000e3180000, 0x00000000f5900000)
  object space 38400K, 23% used [0x00000000e0c00000,0x00000000e14c2170,0x00000000e3180000)
 PSPermGen       total 25600K, used 25468K [0x00000000d6600000, 0x00000000d7f00000, 0x00000000e0c00000)
  object space 25600K, 99% used [0x00000000d6600000,0x00000000d7edf110,0x00000000d7f00000)
}

Deoptimization events (10 events):
Event: 4,013 Thread 0x00007f18dc00a800 Uncommon trap: reason=class_check action=maybe_recompile pc=0x00007f18d87534fc method=org.jruby.runtime.scope.TwoVarDynamicScope.getValue(II)Lorg/jruby/runtime/builtin/IRubyObject; @ 12
Event: 4,013 Thread 0x00007f18dc00a800 Uncommon trap: reason=class_check action=maybe_recompile pc=0x00007f18d87534fc method=org.jruby.runtime.scope.TwoVarDynamicScope.getValue(II)Lorg/jruby/runtime/builtin/IRubyObject; @ 12
Event: 4,093 Thread 0x00007f18dc00a800 Uncommon trap: reason=class_check action=maybe_recompile pc=0x00007f18d87159f8 method=org.jruby.RubyArray.compare(Lorg/jruby/runtime/ThreadContext;Lorg/jruby/runtime/invokedynamic/MethodNames;Lorg/jruby/runtime/builtin/IRubyObject;)Lorg/jruby/RubyBoolean;
Event: 4,123 Thread 0x00007f18dc00a800 Uncommon trap: reason=class_check action=maybe_recompile pc=0x00007f18d87159f8 method=org.jruby.RubyArray.compare(Lorg/jruby/runtime/ThreadContext;Lorg/jruby/runtime/invokedynamic/MethodNames;Lorg/jruby/runtime/builtin/IRubyObject;)Lorg/jruby/RubyBoolean;
Event: 4,136 Thread 0x00007f18dc00a800 Uncommon trap: reason=array_check action=maybe_recompile pc=0x00007f18d8699280 method=org.jruby.util.Qsort.swap([Ljava/lang/Object;II)V @ 9
Event: 4,136 Thread 0x00007f18dc00a800 Uncommon trap: reason=array_check action=maybe_recompile pc=0x00007f18d8699280 method=org.jruby.util.Qsort.swap([Ljava/lang/Object;II)V @ 9
Event: 4,136 Thread 0x00007f18dc00a800 Uncommon trap: reason=array_check action=maybe_recompile pc=0x00007f18d8699280 method=org.jruby.util.Qsort.swap([Ljava/lang/Object;II)V @ 9
Event: 4,136 Thread 0x00007f18dc00a800 Uncommon trap: reason=array_check action=maybe_recompile pc=0x00007f18d8699280 method=org.jruby.util.Qsort.swap([Ljava/lang/Object;II)V @ 9
Event: 4,149 Thread 0x00007f18dc00a800 Uncommon trap: reason=class_check action=maybe_recompile pc=0x00007f18d87159f8 method=org.jruby.RubyArray.compare(Lorg/jruby/runtime/ThreadContext;Lorg/jruby/runtime/invokedynamic/MethodNames;Lorg/jruby/runtime/builtin/IRubyObject;)Lorg/jruby/RubyBoolean;
Event: 4,151 Thread 0x00007f18dc00a800 Uncommon trap: reason=class_check action=maybe_recompile pc=0x00007f18d8754b04 method=org.jruby.ext.ffi.StructByReference.to_native(Lorg/jruby/runtime/ThreadContext;Lorg/jruby/runtime/builtin/IRubyObject;Lorg/jruby/runtime/builtin/IRubyObject;)Lorg/jruby/

Internal exceptions (10 events):
Event: 3,665 Thread 0x00007f18dc00a800 Threw 0x00000000f714c5e8 at /build/buildd/openjdk-7-7u51-2.4.4/build/openjdk/hotspot/src/share/vm/prims/jvm.cpp:1244
Event: 3,666 Thread 0x00007f18dc00a800 Threw 0x00000000f714e488 at /build/buildd/openjdk-7-7u51-2.4.4/build/openjdk/hotspot/src/share/vm/prims/jvm.cpp:1244
Event: 3,666 Thread 0x00007f18dc00a800 Threw 0x00000000f7150548 at /build/buildd/openjdk-7-7u51-2.4.4/build/openjdk/hotspot/src/share/vm/prims/jvm.cpp:1244
Event: 3,666 Thread 0x00007f18dc00a800 Threw 0x00000000f7150ff8 at /build/buildd/openjdk-7-7u51-2.4.4/build/openjdk/hotspot/src/share/vm/prims/jvm.cpp:1244
Event: 3,667 Thread 0x00007f18dc00a800 Threw 0x00000000f715cb68 at /build/buildd/openjdk-7-7u51-2.4.4/build/openjdk/hotspot/src/share/vm/prims/jvm.cpp:1244
Event: 3,667 Thread 0x00007f18dc00a800 Threw 0x00000000f715ec28 at /build/buildd/openjdk-7-7u51-2.4.4/build/openjdk/hotspot/src/share/vm/prims/jvm.cpp:1244
Event: 3,667 Thread 0x00007f18dc00a800 Threw 0x00000000f715f6d8 at /build/buildd/openjdk-7-7u51-2.4.4/build/openjdk/hotspot/src/share/vm/prims/jvm.cpp:1244
Event: 3,667 Thread 0x00007f18dc00a800 Threw 0x00000000f7161578 at /build/buildd/openjdk-7-7u51-2.4.4/build/openjdk/hotspot/src/share/vm/prims/jvm.cpp:1244
Event: 3,667 Thread 0x00007f18dc00a800 Threw 0x00000000f7163638 at /build/buildd/openjdk-7-7u51-2.4.4/build/openjdk/hotspot/src/share/vm/prims/jvm.cpp:1244
Event: 3,667 Thread 0x00007f18dc00a800 Threw 0x00000000f71640e8 at /build/buildd/openjdk-7-7u51-2.4.4/build/openjdk/hotspot/src/share/vm/prims/jvm.cpp:1244

Events (10 events):
Event: 4,136 Thread 0x00007f18dc00a800 DEOPT UNPACKING pc=0x00007f18d85f4045 sp=0x00007f18e0a33e98 mode 2
Event: 4,136 Thread 0x00007f18dc00a800 Uncommon trap: trap_request=0xffffffd6 fr.pc=0x00007f18d8699280
Event: 4,136 Thread 0x00007f18dc00a800 DEOPT PACKING pc=0x00007f18d8699280 sp=0x00007f18e0a33f20
Event: 4,136 Thread 0x00007f18dc00a800 DEOPT UNPACKING pc=0x00007f18d85f4045 sp=0x00007f18e0a33e98 mode 2
Event: 4,149 Thread 0x00007f18dc00a800 Uncommon trap: trap_request=0xffffffde fr.pc=0x00007f18d87159f8
Event: 4,149 Thread 0x00007f18dc00a800 DEOPT PACKING pc=0x00007f18d87159f8 sp=0x00007f18e0a33fc0
Event: 4,149 Thread 0x00007f18dc00a800 DEOPT UNPACKING pc=0x00007f18d85f4045 sp=0x00007f18e0a33f98 mode 2
Event: 4,151 Thread 0x00007f18dc00a800 Uncommon trap: trap_request=0xffffffde fr.pc=0x00007f18d8754b04
Event: 4,151 Thread 0x00007f18dc00a800 DEOPT PACKING pc=0x00007f18d8754b04 sp=0x00007f18e0a33e50
Event: 4,151 Thread 0x00007f18dc00a800 DEOPT UNPACKING pc=0x00007f18d85f4045 sp=0x00007f18e0a33d80 mode 2


Dynamic libraries:
00400000-00401000 r-xp 00000000 08:01 15861394                           /usr/lib/jvm/java-7-openjdk-amd64/jre/bin/java
00600000-00601000 r--p 00000000 08:01 15861394                           /usr/lib/jvm/java-7-openjdk-amd64/jre/bin/java
00601000-00602000 rw-p 00001000 08:01 15861394                           /usr/lib/jvm/java-7-openjdk-amd64/jre/bin/java
0249b000-024bc000 rw-p 00000000 00:00 0                                  [heap]
d6600000-d7f00000 rw-p 00000000 00:00 0 
d7f00000-e0c00000 rw-p 00000000 00:00 0 
e0c00000-e3180000 rw-p 00000000 00:00 0 
e3180000-f5900000 rw-p 00000000 00:00 0 
f5900000-f9900000 rw-p 00000000 00:00 0 
f9900000-100000000 rw-p 00000000 00:00 0 
7f188c000000-7f188c021000 rw-p 00000000 00:00 0 
7f188c021000-7f1890000000 ---p 00000000 00:00 0 
7f1890000000-7f1890021000 rw-p 00000000 00:00 0 
7f1890021000-7f1894000000 ---p 00000000 00:00 0 
7f1894000000-7f1894021000 rw-p 00000000 00:00 0 
7f1894021000-7f1898000000 ---p 00000000 00:00 0 
7f1898000000-7f1898021000 rw-p 00000000 00:00 0 
7f1898021000-7f189c000000 ---p 00000000 00:00 0 
7f189c000000-7f189c027000 rw-p 00000000 00:00 0 
7f189c027000-7f18a0000000 ---p 00000000 00:00 0 
7f18a1c42000-7f18a1c43000 r-xp 00000000 08:01 13893863                   /home/alex/Documents/8vo_Semestre/Geometría Computacional/Lab/practica02p1/src/lib/libintersection.so
7f18a1c43000-7f18a1e42000 ---p 00001000 08:01 13893863                   /home/alex/Documents/8vo_Semestre/Geometría Computacional/Lab/practica02p1/src/lib/libintersection.so
7f18a1e42000-7f18a1e43000 r--p 00000000 08:01 13893863                   /home/alex/Documents/8vo_Semestre/Geometría Computacional/Lab/practica02p1/src/lib/libintersection.so
7f18a1e43000-7f18a1e44000 rw-p 00001000 08:01 13893863                   /home/alex/Documents/8vo_Semestre/Geometría Computacional/Lab/practica02p1/src/lib/libintersection.so
7f18a1e44000-7f18a1e46000 r-xp 00000000 08:01 13893853                   /home/alex/Documents/8vo_Semestre/Geometría Computacional/Lab/practica02p1/src/lib/librb_tree.so
7f18a1e46000-7f18a2046000 ---p 00002000 08:01 13893853                   /home/alex/Documents/8vo_Semestre/Geometría Computacional/Lab/practica02p1/src/lib/librb_tree.so
7f18a2046000-7f18a2047000 r--p 00002000 08:01 13893853                   /home/alex/Documents/8vo_Semestre/Geometría Computacional/Lab/practica02p1/src/lib/librb_tree.so
7f18a2047000-7f18a2048000 rw-p 00003000 08:01 13893853                   /home/alex/Documents/8vo_Semestre/Geometría Computacional/Lab/practica02p1/src/lib/librb_tree.so
7f18a2048000-7f18a204a000 r-xp 00000000 08:01 13893852                   /home/alex/Documents/8vo_Semestre/Geometría Computacional/Lab/practica02p1/src/lib/libdouble_linked_list.so
7f18a204a000-7f18a2249000 ---p 00002000 08:01 13893852                   /home/alex/Documents/8vo_Semestre/Geometría Computacional/Lab/practica02p1/src/lib/libdouble_linked_list.so
7f18a2249000-7f18a224a000 r--p 00001000 08:01 13893852                   /home/alex/Documents/8vo_Semestre/Geometría Computacional/Lab/practica02p1/src/lib/libdouble_linked_list.so
7f18a224a000-7f18a224b000 rw-p 00002000 08:01 13893852                   /home/alex/Documents/8vo_Semestre/Geometría Computacional/Lab/practica02p1/src/lib/libdouble_linked_list.so
7f18a224b000-7f18a224c000 r-xp 00000000 08:01 13893850                   /home/alex/Documents/8vo_Semestre/Geometría Computacional/Lab/practica02p1/src/lib/libhalf_edge.so
7f18a224c000-7f18a244c000 ---p 00001000 08:01 13893850                   /home/alex/Documents/8vo_Semestre/Geometría Computacional/Lab/practica02p1/src/lib/libhalf_edge.so
7f18a244c000-7f18a244d000 r--p 00001000 08:01 13893850                   /home/alex/Documents/8vo_Semestre/Geometría Computacional/Lab/practica02p1/src/lib/libhalf_edge.so
7f18a244d000-7f18a244e000 rw-p 00002000 08:01 13893850                   /home/alex/Documents/8vo_Semestre/Geometría Computacional/Lab/practica02p1/src/lib/libhalf_edge.so
7f18a244e000-7f18a244f000 r-xp 00000000 08:01 13893849                   /home/alex/Documents/8vo_Semestre/Geometría Computacional/Lab/practica02p1/src/lib/lib2d_points.so
7f18a244f000-7f18a264e000 ---p 00001000 08:01 13893849                   /home/alex/Documents/8vo_Semestre/Geometría Computacional/Lab/practica02p1/src/lib/lib2d_points.so
7f18a264e000-7f18a264f000 r--p 00000000 08:01 13893849                   /home/alex/Documents/8vo_Semestre/Geometría Computacional/Lab/practica02p1/src/lib/lib2d_points.so
7f18a264f000-7f18a2650000 rw-p 00001000 08:01 13893849                   /home/alex/Documents/8vo_Semestre/Geometría Computacional/Lab/practica02p1/src/lib/lib2d_points.so
7f18a2650000-7f18a2653000 ---p 00000000 00:00 0 
7f18a2653000-7f18a2851000 rw-p 00000000 00:00 0                          [stack:14127]
7f18a2851000-7f18a2854000 ---p 00000000 00:00 0 
7f18a2854000-7f18a2a52000 rw-p 00000000 00:00 0 
7f18a2a52000-7f18a2a55000 ---p 00000000 00:00 0 
7f18a2a55000-7f18a2c53000 rw-p 00000000 00:00 0 
7f18a2c53000-7f18a2c56000 ---p 00000000 00:00 0 
7f18a2c56000-7f18a2e54000 rw-p 00000000 00:00 0                          [stack:14004]
7f18a2e54000-7f18a2e66000 r-xp 00000000 08:01 12059135                   /home/alex/.rbenv/versions/jruby-1.7.10/lib/jni/x86_64-Linux/libjffi-1.2.so
7f18a2e66000-7f18a3065000 ---p 00012000 08:01 12059135                   /home/alex/.rbenv/versions/jruby-1.7.10/lib/jni/x86_64-Linux/libjffi-1.2.so
7f18a3065000-7f18a3066000 rw-p 00011000 08:01 12059135                   /home/alex/.rbenv/versions/jruby-1.7.10/lib/jni/x86_64-Linux/libjffi-1.2.so
7f18a3066000-7f18a3076000 r-xp 00000000 08:01 15861288                   /usr/lib/jvm/java-7-openjdk-amd64/jre/lib/amd64/libnio.so
7f18a3076000-7f18a3276000 ---p 00010000 08:01 15861288                   /usr/lib/jvm/java-7-openjdk-amd64/jre/lib/amd64/libnio.so
7f18a3276000-7f18a3277000 r--p 00010000 08:01 15861288                   /usr/lib/jvm/java-7-openjdk-amd64/jre/lib/amd64/libnio.so
7f18a3277000-7f18a3278000 rw-p 00011000 08:01 15861288                   /usr/lib/jvm/java-7-openjdk-amd64/jre/lib/amd64/libnio.so
7f18a3278000-7f18a32b5000 r-xp 00000000 08:01 8130434                    /lib/x86_64-linux-gnu/libpcre.so.3.13.1
7f18a32b5000-7f18a34b5000 ---p 0003d000 08:01 8130434                    /lib/x86_64-linux-gnu/libpcre.so.3.13.1
7f18a34b5000-7f18a34b6000 r--p 0003d000 08:01 8130434                    /lib/x86_64-linux-gnu/libpcre.so.3.13.1
7f18a34b6000-7f18a34b7000 rw-p 0003e000 08:01 8130434                    /lib/x86_64-linux-gnu/libpcre.so.3.13.1
7f18a34b7000-7f18a34be000 r-xp 00000000 08:01 15735894                   /usr/lib/x86_64-linux-gnu/libffi.so.6.0.1
7f18a34be000-7f18a36bd000 ---p 00007000 08:01 15735894                   /usr/lib/x86_64-linux-gnu/libffi.so.6.0.1
7f18a36bd000-7f18a36be000 r--p 00006000 08:01 15735894                   /usr/lib/x86_64-linux-gnu/libffi.so.6.0.1
7f18a36be000-7f18a36bf000 rw-p 00007000 08:01 15735894                   /usr/lib/x86_64-linux-gnu/libffi.so.6.0.1
7f18a36bf000-7f18a36d5000 r-xp 00000000 08:01 8130457                    /lib/x86_64-linux-gnu/libresolv-2.17.so
7f18a36d5000-7f18a38d5000 ---p 00016000 08:01 8130457                    /lib/x86_64-linux-gnu/libresolv-2.17.so
7f18a38d5000-7f18a38d6000 r--p 00016000 08:01 8130457                    /lib/x86_64-linux-gnu/libresolv-2.17.so
7f18a38d6000-7f18a38d7000 rw-p 00017000 08:01 8130457                    /lib/x86_64-linux-gnu/libresolv-2.17.so
7f18a38d7000-7f18a38d9000 rw-p 00000000 00:00 0 
7f18a38d9000-7f18a38f8000 r-xp 00000000 08:01 8130461                    /lib/x86_64-linux-gnu/libselinux.so.1
7f18a38f8000-7f18a3af8000 ---p 0001f000 08:01 8130461                    /lib/x86_64-linux-gnu/libselinux.so.1
7f18a3af8000-7f18a3af9000 r--p 0001f000 08:01 8130461                    /lib/x86_64-linux-gnu/libselinux.so.1
7f18a3af9000-7f18a3afa000 rw-p 00020000 08:01 8130461                    /lib/x86_64-linux-gnu/libselinux.so.1
7f18a3afa000-7f18a3afb000 rw-p 00000000 00:00 0 
7f18a3afb000-7f18a3afe000 r-xp 00000000 08:01 15729078                   /usr/lib/x86_64-linux-gnu/libgmodule-2.0.so.0.3800.1
7f18a3afe000-7f18a3cfd000 ---p 00003000 08:01 15729078                   /usr/lib/x86_64-linux-gnu/libgmodule-2.0.so.0.3800.1
7f18a3cfd000-7f18a3cfe000 r--p 00002000 08:01 15729078                   /usr/lib/x86_64-linux-gnu/libgmodule-2.0.so.0.3800.1
7f18a3cfe000-7f18a3cff000 rw-p 00003000 08:01 15729078                   /usr/lib/x86_64-linux-gnu/libgmodule-2.0.so.0.3800.1
7f18a3cff000-7f18a3dfd000 r-xp 00000000 08:01 8130449                    /lib/x86_64-linux-gnu/libglib-2.0.so.0.3800.1
7f18a3dfd000-7f18a3ffd000 ---p 000fe000 08:01 8130449                    /lib/x86_64-linux-gnu/libglib-2.0.so.0.3800.1
7f18a3ffd000-7f18a3ffe000 r--p 000fe000 08:01 8130449                    /lib/x86_64-linux-gnu/libglib-2.0.so.0.3800.1
7f18a3ffe000-7f18a3fff000 rw-p 000ff000 08:01 8130449                    /lib/x86_64-linux-gnu/libglib-2.0.so.0.3800.1
7f18a3fff000-7f18a4000000 rw-p 00000000 00:00 0 
7f18a4000000-7f18a4021000 rw-p 00000000 00:00 0 
7f18a4021000-7f18a8000000 ---p 00000000 00:00 0 
7f18a8000000-7f18a8021000 rw-p 00000000 00:00 0 
7f18a8021000-7f18ac000000 ---p 00000000 00:00 0 
7f18ac000000-7f18acbcc000 rw-p 00000000 00:00 0 
7f18acbcc000-7f18b0000000 ---p 00000000 00:00 0 
7f18b0000000-7f18b0c70000 rw-p 00000000 00:00 0 
7f18b0c70000-7f18b4000000 ---p 00000000 00:00 0 
7f18b4000000-7f18b4021000 rw-p 00000000 00:00 0 
7f18b4021000-7f18b8000000 ---p 00000000 00:00 0 
7f18b8000000-7f18b8021000 rw-p 00000000 00:00 0 
7f18b8021000-7f18bc000000 ---p 00000000 00:00 0 
7f18bc000000-7f18bc021000 rw-p 00000000 00:00 0 
7f18bc021000-7f18c0000000 ---p 00000000 00:00 0 
7f18c0000000-7f18c0021000 rw-p 00000000 00:00 0 
7f18c0021000-7f18c4000000 ---p 00000000 00:00 0 
7f18c4000000-7f18c4021000 rw-p 00000000 00:00 0 
7f18c4021000-7f18c8000000 ---p 00000000 00:00 0 
7f18c8000000-7f18c8021000 rw-p 00000000 00:00 0 
7f18c8021000-7f18cc000000 ---p 00000000 00:00 0 
7f18cc000000-7f18cc021000 rw-p 00000000 00:00 0 
7f18cc021000-7f18d0000000 ---p 00000000 00:00 0 
7f18d0082000-7f18d0085000 ---p 00000000 00:00 0 
7f18d0085000-7f18d00bb000 rw-p 00000000 00:00 0                          [stack:14007]
7f18d00bb000-7f18d010a000 r-xp 00000000 08:01 15729069                   /usr/lib/x86_64-linux-gnu/libgobject-2.0.so.0.3800.1
7f18d010a000-7f18d030a000 ---p 0004f000 08:01 15729069                   /usr/lib/x86_64-linux-gnu/libgobject-2.0.so.0.3800.1
7f18d030a000-7f18d030b000 r--p 0004f000 08:01 15729069                   /usr/lib/x86_64-linux-gnu/libgobject-2.0.so.0.3800.1
7f18d030b000-7f18d030c000 rw-p 00050000 08:01 15729069                   /usr/lib/x86_64-linux-gnu/libgobject-2.0.so.0.3800.1
7f18d030c000-7f18d0468000 r-xp 00000000 08:01 15729043                   /usr/lib/x86_64-linux-gnu/libgio-2.0.so.0.3800.1
7f18d0468000-7f18d0667000 ---p 0015c000 08:01 15729043                   /usr/lib/x86_64-linux-gnu/libgio-2.0.so.0.3800.1
7f18d0667000-7f18d066b000 r--p 0015b000 08:01 15729043                   /usr/lib/x86_64-linux-gnu/libgio-2.0.so.0.3800.1
7f18d066b000-7f18d066d000 rw-p 0015f000 08:01 15729043                   /usr/lib/x86_64-linux-gnu/libgio-2.0.so.0.3800.1
7f18d066d000-7f18d066f000 rw-p 00000000 00:00 0 
7f18d066f000-7f18d0685000 r-xp 00000000 08:01 15861076                   /usr/lib/jvm/java-7-openjdk-amd64/jre/lib/amd64/libnet.so
7f18d0685000-7f18d0884000 ---p 00016000 08:01 15861076                   /usr/lib/jvm/java-7-openjdk-amd64/jre/lib/amd64/libnet.so
7f18d0884000-7f18d0885000 r--p 00015000 08:01 15861076                   /usr/lib/jvm/java-7-openjdk-amd64/jre/lib/amd64/libnet.so
7f18d0885000-7f18d0886000 rw-p 00016000 08:01 15861076                   /usr/lib/jvm/java-7-openjdk-amd64/jre/lib/amd64/libnet.so
7f18d0886000-7f18d0887000 ---p 00000000 00:00 0 
7f18d0887000-7f18d0987000 rw-p 00000000 00:00 0                          [stack:14003]
7f18d0987000-7f18d098a000 ---p 00000000 00:00 0 
7f18d098a000-7f18d0b88000 rw-p 00000000 00:00 0                          [stack:14002]
7f18d0b88000-7f18d0b8b000 ---p 00000000 00:00 0 
7f18d0b8b000-7f18d0c89000 rw-p 00000000 00:00 0                          [stack:14001]
7f18d0c89000-7f18d0c8c000 ---p 00000000 00:00 0 
7f18d0c8c000-7f18d0d8a000 rw-p 00000000 00:00 0                          [stack:14000]
7f18d0d8a000-7f18d0d8d000 ---p 00000000 00:00 0 
7f18d0d8d000-7f18d0f8b000 rw-p 00000000 00:00 0                          [stack:13999]
7f18d0f8b000-7f18d1385000 r--p 00000000 08:01 15734328                   /usr/lib/locale/locale-archive
7f18d1385000-7f18d1388000 ---p 00000000 00:00 0 
7f18d1388000-7f18d1586000 rw-p 00000000 00:00 0                          [stack:13998]
7f18d1586000-7f18d1589000 ---p 00000000 00:00 0 
7f18d1589000-7f18d1787000 rw-p 00000000 00:00 0                          [stack:13997]
7f18d1787000-7f18d1788000 ---p 00000000 00:00 0 
7f18d1788000-7f18d2823000 rw-p 00000000 00:00 0                          [stack:13996]
7f18d2823000-7f18d290c000 r--s 00bb9000 08:01 12059138                   /home/alex/.rbenv/versions/jruby-1.7.10/lib/jruby.jar
7f18d290c000-7f18d2aba000 r--s 01cf4000 08:01 15861374                   /usr/lib/jvm/java-7-openjdk-amd64/jre/lib/rt.jar
7f18d2aba000-7f18d4000000 rw-p 00000000 00:00 0 
7f18d4000000-7f18d4021000 rw-p 00000000 00:00 0 
7f18d4021000-7f18d8000000 ---p 00000000 00:00 0 
7f18d8001000-7f18d81b7000 rw-p 00000000 00:00 0 
7f18d81b7000-7f18d81b8000 ---p 00000000 00:00 0 
7f18d81b8000-7f18d82b8000 rw-p 00000000 00:00 0                          [stack:13995]
7f18d82b8000-7f18d82b9000 ---p 00000000 00:00 0 
7f18d82b9000-7f18d83b9000 rw-p 00000000 00:00 0                          [stack:13994]
7f18d83b9000-7f18d83ba000 ---p 00000000 00:00 0 
7f18d83ba000-7f18d84ba000 rw-p 00000000 00:00 0                          [stack:13993]
7f18d84ba000-7f18d84bb000 ---p 00000000 00:00 0 
7f18d84bb000-7f18d85bb000 rw-p 00000000 00:00 0                          [stack:13992]
7f18d85bb000-7f18d882b000 rwxp 00000000 00:00 0 
7f18d882b000-7f18db5bb000 rw-p 00000000 00:00 0 
7f18db5bb000-7f18db5c3000 r-xp 00000000 08:01 15861025                   /usr/lib/jvm/java-7-openjdk-amd64/jre/lib/amd64/libzip.so
7f18db5c3000-7f18db7c2000 ---p 00008000 08:01 15861025                   /usr/lib/jvm/java-7-openjdk-amd64/jre/lib/amd64/libzip.so
7f18db7c2000-7f18db7c3000 r--p 00007000 08:01 15861025                   /usr/lib/jvm/java-7-openjdk-amd64/jre/lib/amd64/libzip.so
7f18db7c3000-7f18db7c4000 rw-p 00008000 08:01 15861025                   /usr/lib/jvm/java-7-openjdk-amd64/jre/lib/amd64/libzip.so
7f18db7c4000-7f18db7d0000 r-xp 00000000 08:01 8130412                    /lib/x86_64-linux-gnu/libnss_files-2.17.so
7f18db7d0000-7f18db9cf000 ---p 0000c000 08:01 8130412                    /lib/x86_64-linux-gnu/libnss_files-2.17.so
7f18db9cf000-7f18db9d0000 r--p 0000b000 08:01 8130412                    /lib/x86_64-linux-gnu/libnss_files-2.17.so
7f18db9d0000-7f18db9d1000 rw-p 0000c000 08:01 8130412                    /lib/x86_64-linux-gnu/libnss_files-2.17.so
7f18db9d1000-7f18db9dc000 r-xp 00000000 08:01 8130416                    /lib/x86_64-linux-gnu/libnss_nis-2.17.so
7f18db9dc000-7f18dbbdb000 ---p 0000b000 08:01 8130416                    /lib/x86_64-linux-gnu/libnss_nis-2.17.so
7f18dbbdb000-7f18dbbdc000 r--p 0000a000 08:01 8130416                    /lib/x86_64-linux-gnu/libnss_nis-2.17.so
7f18dbbdc000-7f18dbbdd000 rw-p 0000b000 08:01 8130416                    /lib/x86_64-linux-gnu/libnss_nis-2.17.so
7f18dbbdd000-7f18dbbf4000 r-xp 00000000 08:01 8130406                    /lib/x86_64-linux-gnu/libnsl-2.17.so
7f18dbbf4000-7f18dbdf3000 ---p 00017000 08:01 8130406                    /lib/x86_64-linux-gnu/libnsl-2.17.so
7f18dbdf3000-7f18dbdf4000 r--p 00016000 08:01 8130406                    /lib/x86_64-linux-gnu/libnsl-2.17.so
7f18dbdf4000-7f18dbdf5000 rw-p 00017000 08:01 8130406                    /lib/x86_64-linux-gnu/libnsl-2.17.so
7f18dbdf5000-7f18dbdf7000 rw-p 00000000 00:00 0 
7f18dbdf7000-7f18dbdff000 r-xp 00000000 08:01 8130408                    /lib/x86_64-linux-gnu/libnss_compat-2.17.so
7f18dbdff000-7f18dbffe000 ---p 00008000 08:01 8130408                    /lib/x86_64-linux-gnu/libnss_compat-2.17.so
7f18dbffe000-7f18dbfff000 r--p 00007000 08:01 8130408                    /lib/x86_64-linux-gnu/libnss_compat-2.17.so
7f18dbfff000-7f18dc000000 rw-p 00008000 08:01 8130408                    /lib/x86_64-linux-gnu/libnss_compat-2.17.so
7f18dc000000-7f18dc4c5000 rw-p 00000000 00:00 0 
7f18dc4c5000-7f18e0000000 ---p 00000000 00:00 0 
7f18e0003000-7f18e0004000 r-xp 00000000 00:00 0 
7f18e0004000-7f18e000b000 r--s 00000000 08:01 16127910                   /usr/lib/x86_64-linux-gnu/gconv/gconv-modules.cache
7f18e000b000-7f18e000d000 r--s 00012000 08:01 15861308                   /usr/lib/jvm/java-7-openjdk-amd64/jre/lib/ext/zipfs.jar
7f18e000d000-7f18e0010000 r--s 00032000 08:01 15861310                   /usr/lib/jvm/java-7-openjdk-amd64/jre/lib/ext/sunjce_provider.jar
7f18e0010000-7f18e0014000 r--s 00085000 08:01 15861304                   /usr/lib/jvm/java-7-openjdk-amd64/jre/lib/ext/localedata.jar
7f18e0014000-7f18e0016000 r--s 00006000 08:01 16256853                   /usr/share/java/java-atk-wrapper.jar
7f18e0016000-7f18e0017000 r--s 00002000 08:01 15861314                   /usr/lib/jvm/java-7-openjdk-amd64/jre/lib/ext/dnsns.jar
7f18e0017000-7f18e001a000 r--s 0000f000 08:01 15861306                   /usr/lib/jvm/java-7-openjdk-amd64/jre/lib/ext/pulse-java.jar
7f18e001a000-7f18e001e000 r--s 0003b000 08:01 15861316                   /usr/lib/jvm/java-7-openjdk-amd64/jre/lib/ext/sunpkcs11.jar
7f18e001e000-7f18e00ae000 rw-p 00000000 00:00 0 
7f18e00ae000-7f18e00f4000 rw-p 00000000 00:00 0 
7f18e00f4000-7f18e0107000 rw-p 00000000 00:00 0 
7f18e0107000-7f18e019a000 rw-p 00000000 00:00 0 
7f18e019a000-7f18e01bb000 rw-p 00000000 00:00 0 
7f18e01bb000-7f18e01ee000 rw-p 00000000 00:00 0 
7f18e01ee000-7f18e01ef000 rw-p 00000000 00:00 0 
7f18e01ef000-7f18e021a000 r-xp 00000000 08:01 15860951                   /usr/lib/jvm/java-7-openjdk-amd64/jre/lib/amd64/libjava.so
7f18e021a000-7f18e0419000 ---p 0002b000 08:01 15860951                   /usr/lib/jvm/java-7-openjdk-amd64/jre/lib/amd64/libjava.so
7f18e0419000-7f18e041a000 r--p 0002a000 08:01 15860951                   /usr/lib/jvm/java-7-openjdk-amd64/jre/lib/amd64/libjava.so
7f18e041a000-7f18e041c000 rw-p 0002b000 08:01 15860951                   /usr/lib/jvm/java-7-openjdk-amd64/jre/lib/amd64/libjava.so
7f18e041c000-7f18e042c000 r-xp 00000000 08:01 15861265                   /usr/lib/jvm/java-7-openjdk-amd64/jre/lib/amd64/libverify.so
7f18e042c000-7f18e062b000 ---p 00010000 08:01 15861265                   /usr/lib/jvm/java-7-openjdk-amd64/jre/lib/amd64/libverify.so
7f18e062b000-7f18e062d000 r--p 0000f000 08:01 15861265                   /usr/lib/jvm/java-7-openjdk-amd64/jre/lib/amd64/libverify.so
7f18e062d000-7f18e062e000 rw-p 00011000 08:01 15861265                   /usr/lib/jvm/java-7-openjdk-amd64/jre/lib/amd64/libverify.so
7f18e062e000-7f18e0635000 r-xp 00000000 08:01 8130459                    /lib/x86_64-linux-gnu/librt-2.17.so
7f18e0635000-7f18e0834000 ---p 00007000 08:01 8130459                    /lib/x86_64-linux-gnu/librt-2.17.so
7f18e0834000-7f18e0835000 r--p 00006000 08:01 8130459                    /lib/x86_64-linux-gnu/librt-2.17.so
7f18e0835000-7f18e0836000 rw-p 00007000 08:01 8130459                    /lib/x86_64-linux-gnu/librt-2.17.so
7f18e0836000-7f18e0839000 ---p 00000000 00:00 0 
7f18e0839000-7f18e0a37000 rw-p 00000000 00:00 0                          [stack:13991]
7f18e0a37000-7f18e0a4c000 r-xp 00000000 08:01 8126477                    /lib/x86_64-linux-gnu/libgcc_s.so.1
7f18e0a4c000-7f18e0c4b000 ---p 00015000 08:01 8126477                    /lib/x86_64-linux-gnu/libgcc_s.so.1
7f18e0c4b000-7f18e0c4c000 r--p 00014000 08:01 8126477                    /lib/x86_64-linux-gnu/libgcc_s.so.1
7f18e0c4c000-7f18e0c4d000 rw-p 00015000 08:01 8126477                    /lib/x86_64-linux-gnu/libgcc_s.so.1
7f18e0c4d000-7f18e0d50000 r-xp 00000000 08:01 8130387                    /lib/x86_64-linux-gnu/libm-2.17.so
7f18e0d50000-7f18e0f4f000 ---p 00103000 08:01 8130387                    /lib/x86_64-linux-gnu/libm-2.17.so
7f18e0f4f000-7f18e0f50000 r--p 00102000 08:01 8130387                    /lib/x86_64-linux-gnu/libm-2.17.so
7f18e0f50000-7f18e0f51000 rw-p 00103000 08:01 8130387                    /lib/x86_64-linux-gnu/libm-2.17.so
7f18e0f51000-7f18e1037000 r-xp 00000000 08:01 15729831                   /usr/lib/x86_64-linux-gnu/libstdc++.so.6.0.18
7f18e1037000-7f18e1236000 ---p 000e6000 08:01 15729831                   /usr/lib/x86_64-linux-gnu/libstdc++.so.6.0.18
7f18e1236000-7f18e123e000 r--p 000e5000 08:01 15729831                   /usr/lib/x86_64-linux-gnu/libstdc++.so.6.0.18
7f18e123e000-7f18e1240000 rw-p 000ed000 08:01 15729831                   /usr/lib/x86_64-linux-gnu/libstdc++.so.6.0.18
7f18e1240000-7f18e1255000 rw-p 00000000 00:00 0 
7f18e1255000-7f18e1d34000 r-xp 00000000 08:01 15861284                   /usr/lib/jvm/java-7-openjdk-amd64/jre/lib/amd64/server/libjvm.so
7f18e1d34000-7f18e1f33000 ---p 00adf000 08:01 15861284                   /usr/lib/jvm/java-7-openjdk-amd64/jre/lib/amd64/server/libjvm.so
7f18e1f33000-7f18e1fc5000 r--p 00ade000 08:01 15861284                   /usr/lib/jvm/java-7-openjdk-amd64/jre/lib/amd64/server/libjvm.so
7f18e1fc5000-7f18e1fe8000 rw-p 00b70000 08:01 15861284                   /usr/lib/jvm/java-7-openjdk-amd64/jre/lib/amd64/server/libjvm.so
7f18e1fe8000-7f18e2015000 rw-p 00000000 00:00 0 
7f18e2015000-7f18e202d000 r-xp 00000000 08:01 8130494                    /lib/x86_64-linux-gnu/libz.so.1.2.8
7f18e202d000-7f18e222c000 ---p 00018000 08:01 8130494                    /lib/x86_64-linux-gnu/libz.so.1.2.8
7f18e222c000-7f18e222d000 r--p 00017000 08:01 8130494                    /lib/x86_64-linux-gnu/libz.so.1.2.8
7f18e222d000-7f18e222e000 rw-p 00018000 08:01 8130494                    /lib/x86_64-linux-gnu/libz.so.1.2.8
7f18e222e000-7f18e2245000 r-xp 00000000 08:01 8130451                    /lib/x86_64-linux-gnu/libpthread-2.17.so
7f18e2245000-7f18e2445000 ---p 00017000 08:01 8130451                    /lib/x86_64-linux-gnu/libpthread-2.17.so
7f18e2445000-7f18e2446000 r--p 00017000 08:01 8130451                    /lib/x86_64-linux-gnu/libpthread-2.17.so
7f18e2446000-7f18e2447000 rw-p 00018000 08:01 8130451                    /lib/x86_64-linux-gnu/libpthread-2.17.so
7f18e2447000-7f18e244b000 rw-p 00000000 00:00 0 
7f18e244b000-7f18e244e000 r-xp 00000000 08:01 8130351                    /lib/x86_64-linux-gnu/libdl-2.17.so
7f18e244e000-7f18e264d000 ---p 00003000 08:01 8130351                    /lib/x86_64-linux-gnu/libdl-2.17.so
7f18e264d000-7f18e264e000 r--p 00002000 08:01 8130351                    /lib/x86_64-linux-gnu/libdl-2.17.so
7f18e264e000-7f18e264f000 rw-p 00003000 08:01 8130351                    /lib/x86_64-linux-gnu/libdl-2.17.so
7f18e264f000-7f18e280c000 r-xp 00000000 08:01 8130336                    /lib/x86_64-linux-gnu/libc-2.17.so
7f18e280c000-7f18e2a0c000 ---p 001bd000 08:01 8130336                    /lib/x86_64-linux-gnu/libc-2.17.so
7f18e2a0c000-7f18e2a10000 r--p 001bd000 08:01 8130336                    /lib/x86_64-linux-gnu/libc-2.17.so
7f18e2a10000-7f18e2a12000 rw-p 001c1000 08:01 8130336                    /lib/x86_64-linux-gnu/libc-2.17.so
7f18e2a12000-7f18e2a17000 rw-p 00000000 00:00 0 
7f18e2a17000-7f18e2a24000 r-xp 00000000 08:01 15861291                   /usr/lib/jvm/java-7-openjdk-amd64/jre/lib/amd64/jli/libjli.so
7f18e2a24000-7f18e2c23000 ---p 0000d000 08:01 15861291                   /usr/lib/jvm/java-7-openjdk-amd64/jre/lib/amd64/jli/libjli.so
7f18e2c23000-7f18e2c24000 r--p 0000c000 08:01 15861291                   /usr/lib/jvm/java-7-openjdk-amd64/jre/lib/amd64/jli/libjli.so
7f18e2c24000-7f18e2c25000 rw-p 0000d000 08:01 15861291                   /usr/lib/jvm/java-7-openjdk-amd64/jre/lib/amd64/jli/libjli.so
7f18e2c25000-7f18e2c48000 r-xp 00000000 08:01 8130312                    /lib/x86_64-linux-gnu/ld-2.17.so
7f18e2c48000-7f18e2c4d000 r--s 0004c000 08:01 15861296                   /usr/lib/jvm/java-7-openjdk-amd64/jre/lib/jsse.jar
7f18e2c4d000-7f18e2c7b000 rw-p 00000000 00:00 0 
7f18e2c7b000-7f18e2cc1000 rw-p 00000000 00:00 0 
7f18e2cc1000-7f18e2cd4000 rw-p 00000000 00:00 0 
7f18e2cd4000-7f18e2d68000 rw-p 00000000 00:00 0 
7f18e2d68000-7f18e2d72000 rw-p 00000000 00:00 0 
7f18e2d72000-7f18e2e28000 rw-p 00000000 00:00 0 
7f18e2e28000-7f18e2e3b000 rw-p 00000000 00:00 0 
7f18e2e3b000-7f18e2e43000 rw-s 00000000 08:01 5767371                    /tmp/hsperfdata_alex/13966
7f18e2e43000-7f18e2e44000 rw-p 00000000 00:00 0 
7f18e2e44000-7f18e2e45000 r--p 00000000 00:00 0 
7f18e2e45000-7f18e2e47000 rw-p 00000000 00:00 0 
7f18e2e47000-7f18e2e48000 r--p 00022000 08:01 8130312                    /lib/x86_64-linux-gnu/ld-2.17.so
7f18e2e48000-7f18e2e4a000 rw-p 00023000 08:01 8130312                    /lib/x86_64-linux-gnu/ld-2.17.so
7ffff67f5000-7ffff6816000 rw-p 00000000 00:00 0                          [stack]
7ffff68e3000-7ffff68e5000 r-xp 00000000 00:00 0                          [vdso]
ffffffffff600000-ffffffffff601000 r-xp 00000000 00:00 0                  [vsyscall]

VM Arguments:
jvm_args: -Djdk.home= -Djruby.home=/home/alex/.rbenv/versions/jruby-1.7.10 -Djruby.script=jruby -Djruby.shell=/bin/sh -Djffi.boot.library.path=/home/alex/.rbenv/versions/jruby-1.7.10/lib/jni:/home/alex/.rbenv/versions/jruby-1.7.10/lib/jni/i386-Linux:/home/alex/.rbenv/versions/jruby-1.7.10/lib/jni/arm-Linux:/home/alex/.rbenv/versions/jruby-1.7.10/lib/jni/x86_64-Linux -Xmx500m -Xss2048k -Xbootclasspath/a:/home/alex/.rbenv/versions/jruby-1.7.10/lib/jruby.jar 
java_command: org/jruby/Main Makefile.rb clean compile test clean
Launcher Type: SUN_STANDARD

Environment Variables:
PATH=/home/alex/.rbenv/versions/jruby-1.7.10/bin:/home/alex/.rbenv/libexec:/home/alex/.rbenv/plugins/ruby-build/bin:/home/alex/.rbenv/shims:~/.rbenv/bin:~/.rbenv/bin:/usr/local/sbin:/usr/local/bin:/usr/sbin:/usr/bin:/sbin:/bin:/usr/games:/usr/local/games
USERNAME=alex
SHELL=/bin/bash
DISPLAY=:0

Signal Handlers:
SIGSEGV: [libjvm.so+0x916ea0], sa_mask[0]=0x7ffbfeff, sa_flags=0x10000004
SIGBUS: [libjvm.so+0x916ea0], sa_mask[0]=0x7ffbfeff, sa_flags=0x10000004
SIGFPE: [libjvm.so+0x794800], sa_mask[0]=0x7ffbfeff, sa_flags=0x10000004
SIGPIPE: [libjvm.so+0x794800], sa_mask[0]=0x7ffbfeff, sa_flags=0x10000004
SIGXFSZ: [libjvm.so+0x794800], sa_mask[0]=0x7ffbfeff, sa_flags=0x10000004
SIGILL: [libjvm.so+0x794800], sa_mask[0]=0x7ffbfeff, sa_flags=0x10000004
SIGUSR1: SIG_DFL, sa_mask[0]=0x00000000, sa_flags=0x00000000
SIGUSR2: [libjvm.so+0x7946a0], sa_mask[0]=0x00000000, sa_flags=0x10000004
SIGHUP: [libjvm.so+0x794880], sa_mask[0]=0x7ffbfeff, sa_flags=0x10000004
SIGINT: [libjvm.so+0x794880], sa_mask[0]=0x7ffbfeff, sa_flags=0x10000004
SIGTERM: [libjvm.so+0x794880], sa_mask[0]=0x7ffbfeff, sa_flags=0x10000004
SIGQUIT: [libjvm.so+0x794880], sa_mask[0]=0x7ffbfeff, sa_flags=0x10000004


---------------  S Y S T E M  ---------------

OS:LinuxMint 16 (petra)
uname:Linux 3.11.0-12-generic #19-Ubuntu SMP Wed Oct 9 16:20:46 UTC 2013 x86_64
libc:glibc 2.17 NPTL 2.17 
rlimit: STACK 8192k, CORE 0k, NPROC 28798, NOFILE 4096, AS infinity
load average:0,77 0,53 0,43

/proc/meminfo:
MemTotal:        3715476 kB
MemFree:         1880228 kB
Buffers:           74572 kB
Cached:           942932 kB
SwapCached:            0 kB
Active:          1037364 kB
Inactive:         642168 kB
Active(anon):     663708 kB
Inactive(anon):   178620 kB
Active(file):     373656 kB
Inactive(file):   463548 kB
Unevictable:          16 kB
Mlocked:              16 kB
SwapTotal:       3856380 kB
SwapFree:        3856380 kB
Dirty:               296 kB
Writeback:             0 kB
AnonPages:        662292 kB
Mapped:           180068 kB
Shmem:            180304 kB
Slab:              77760 kB
SReclaimable:      52088 kB
SUnreclaim:        25672 kB
KernelStack:        3440 kB
PageTables:        23952 kB
NFS_Unstable:          0 kB
Bounce:                0 kB
WritebackTmp:          0 kB
CommitLimit:     5714116 kB
Committed_AS:    2883624 kB
VmallocTotal:   34359738367 kB
VmallocUsed:      414316 kB
VmallocChunk:   34359320060 kB
HardwareCorrupted:     0 kB
AnonHugePages:         0 kB
HugePages_Total:       0
HugePages_Free:        0
HugePages_Rsvd:        0
HugePages_Surp:        0
Hugepagesize:       2048 kB
DirectMap4k:       66768 kB
DirectMap2M:     3790848 kB


CPU:total 4 (2 cores per cpu, 2 threads per core) family 6 model 37 stepping 5, cmov, cx8, fxsr, mmx, sse, sse2, sse3, ssse3, sse4.1, sse4.2, popcnt, ht, tsc, tscinvbit

/proc/cpuinfo:
processor	: 0
vendor_id	: GenuineIntel
cpu family	: 6
model		: 37
model name	: Intel(R) Core(TM) i3 CPU       M 380  @ 2.53GHz
stepping	: 5
microcode	: 0x2
cpu MHz		: 2533.000
cache size	: 3072 KB
physical id	: 0
siblings	: 4
core id		: 0
cpu cores	: 2
apicid		: 0
initial apicid	: 0
fpu		: yes
fpu_exception	: yes
cpuid level	: 11
wp		: yes
flags		: fpu vme de pse tsc msr pae mce cx8 apic sep mtrr pge mca cmov pat pse36 clflush dts acpi mmx fxsr sse sse2 ss ht tm pbe syscall nx rdtscp lm constant_tsc arch_perfmon pebs bts rep_good nopl xtopology nonstop_tsc aperfmperf pni dtes64 monitor ds_cpl vmx est tm2 ssse3 cx16 xtpr pdcm pcid sse4_1 sse4_2 popcnt lahf_lm arat dtherm tpr_shadow vnmi flexpriority ept vpid
bogomips	: 5054.08
clflush size	: 64
cache_alignment	: 64
address sizes	: 36 bits physical, 48 bits virtual
power management:

processor	: 1
vendor_id	: GenuineIntel
cpu family	: 6
model		: 37
model name	: Intel(R) Core(TM) i3 CPU       M 380  @ 2.53GHz
stepping	: 5
microcode	: 0x2
cpu MHz		: 2533.000
cache size	: 3072 KB
physical id	: 0
siblings	: 4
core id		: 0
cpu cores	: 2
apicid		: 1
initial apicid	: 1
fpu		: yes
fpu_exception	: yes
cpuid level	: 11
wp		: yes
flags		: fpu vme de pse tsc msr pae mce cx8 apic sep mtrr pge mca cmov pat pse36 clflush dts acpi mmx fxsr sse sse2 ss ht tm pbe syscall nx rdtscp lm constant_tsc arch_perfmon pebs bts rep_good nopl xtopology nonstop_tsc aperfmperf pni dtes64 monitor ds_cpl vmx est tm2 ssse3 cx16 xtpr pdcm pcid sse4_1 sse4_2 popcnt lahf_lm arat dtherm tpr_shadow vnmi flexpriority ept vpid
bogomips	: 5054.08
clflush size	: 64
cache_alignment	: 64
address sizes	: 36 bits physical, 48 bits virtual
power management:

processor	: 2
vendor_id	: GenuineIntel
cpu family	: 6
model		: 37
model name	: Intel(R) Core(TM) i3 CPU       M 380  @ 2.53GHz
stepping	: 5
microcode	: 0x2
cpu MHz		: 933.000
cache size	: 3072 KB
physical id	: 0
siblings	: 4
core id		: 2
cpu cores	: 2
apicid		: 4
initial apicid	: 4
fpu		: yes
fpu_exception	: yes
cpuid level	: 11
wp		: yes
flags		: fpu vme de pse tsc msr pae mce cx8 apic sep mtrr pge mca cmov pat pse36 clflush dts acpi mmx fxsr sse sse2 ss ht tm pbe syscall nx rdtscp lm constant_tsc arch_perfmon pebs bts rep_good nopl xtopology nonstop_tsc aperfmperf pni dtes64 monitor ds_cpl vmx est tm2 ssse3 cx16 xtpr pdcm pcid sse4_1 sse4_2 popcnt lahf_lm arat dtherm tpr_shadow vnmi flexpriority ept vpid
bogomips	: 5054.08
clflush size	: 64
cache_alignment	: 64
address sizes	: 36 bits physical, 48 bits virtual
power management:

processor	: 3
vendor_id	: GenuineIntel
cpu family	: 6
model		: 37
model name	: Intel(R) Core(TM) i3 CPU       M 380  @ 2.53GHz
stepping	: 5
microcode	: 0x2
cpu MHz		: 2533.000
cache size	: 3072 KB
physical id	: 0
siblings	: 4
core id		: 2
cpu cores	: 2
apicid		: 5
initial apicid	: 5
fpu		: yes
fpu_exception	: yes
cpuid level	: 11
wp		: yes
flags		: fpu vme de pse tsc msr pae mce cx8 apic sep mtrr pge mca cmov pat pse36 clflush dts acpi mmx fxsr sse sse2 ss ht tm pbe syscall nx rdtscp lm constant_tsc arch_perfmon pebs bts rep_good nopl xtopology nonstop_tsc aperfmperf pni dtes64 monitor ds_cpl vmx est tm2 ssse3 cx16 xtpr pdcm pcid sse4_1 sse4_2 popcnt lahf_lm arat dtherm tpr_shadow vnmi flexpriority ept vpid
bogomips	: 5054.08
clflush size	: 64
cache_alignment	: 64
address sizes	: 36 bits physical, 48 bits virtual
power management:



Memory: 4k page, physical 3715476k(1880228k free), swap 3856380k(3856380k free)

vm_info: OpenJDK 64-Bit Server VM (24.45-b08) for linux-amd64 JRE (1.7.0_51-b00), built on Jan 15 2014 22:02:57 by "buildd" with gcc 4.8.1

time: Fri Apr 18 15:29:45 2014
elapsed time: 4 seconds

