#
# A fatal error has been detected by the Java Runtime Environment:
#
#  SIGSEGV (0xb) at pc=0x00007f5e4699cd94, pid=27428, tid=140043271419648
#
# JRE version: OpenJDK Runtime Environment (7.0_51) (build 1.7.0_51-b00)
# Java VM: OpenJDK 64-Bit Server VM (24.45-b08 mixed mode linux-amd64 compressed oops)
# Problematic frame:
# C  [libintersection.so+0xd94]  find_intersections+0x1df
#
# Failed to write core dump. Core dumps have been disabled. To enable core dumping, try "ulimit -c unlimited" before starting Java again
#
# If you would like to submit a bug report, please include
# instructions on how to reproduce the bug and visit:
#   http://icedtea.classpath.org/bugzilla
# The crash happened outside the Java Virtual Machine in native code.
# See problematic frame for where to report the bug.
#

---------------  T H R E A D  ---------------

Current thread (0x00007f5e5800a800):  JavaThread "main" [_thread_in_native, id=27453, stack(0x00007f5e5d523000,0x00007f5e5d724000)]

siginfo:si_signo=SIGSEGV: si_errno=0, si_code=1 (SEGV_MAPERR), si_addr=0x00000000584e9b50

Registers:
RAX=0x00000000584e9b30, RBX=0x00000000d79ae170, RCX=0x65646f6e20627220, RDX=0x0000000000000000
RSP=0x00007f5e5d721040, RBP=0x00007f5e5d721080, RSI=0x0000000000000000, RDI=0x00007f5e5d720b10
R8 =0x00007f5e5d723700, R9 =0x0000000000000020, R10=0x00007f5e5d720de0, R11=0x00007f5e5f38ff60
R12=0x0000000000000000, R13=0x00000000d79ae170, R14=0x00007f5e5d721168, R15=0x00007f5e5800a800
RIP=0x00007f5e4699cd94, EFLAGS=0x0000000000010202, CSGSFS=0x0000000000000033, ERR=0x0000000000000004
  TRAPNO=0x000000000000000e

Top of Stack: (sp=0x00007f5e5d721040)
0x00007f5e5d721040:   4000000000000000 00007f5e584e9840
0x00007f5e5d721050:   00000000584e9b30 00007f5e584e9960
0x00007f5e5d721060:   00007f5e584e9b60 00007f5e584e9bc0
0x00007f5e5d721070:   00007f5e5d721070 00000000d69ffdfd
0x00007f5e5d721080:   00007f5e58460840 00007f5e47bb6cd9
0x00007f5e5d721090:   00000000d7d33878 00000000d79ae170
0x00007f5e5d7210a0:   00007f5e5d721120 00007f5e55012738
0x00007f5e5d7210b0:   00007f5e5d721110 00007f5e55006233
0x00007f5e5d7210c0:   00000000e12d3808 00000000e13e28d0
0x00007f5e5d7210d0:   00007f5e5d7210d0 00000000d69ff00f
0x00007f5e5d7210e0:   00007f5e5d7210e0 0000000000000000
0x00007f5e5d7210f0:   00007f5e5d721168 00000000d79b6698
0x00007f5e5d721100:   0000000000000000 00000000d79ae170
0x00007f5e5d721110:   0000000000000000 00007f5e5d721140
0x00007f5e5d721120:   00007f5e5d7211b0 00007f5e55006175
0x00007f5e5d721130:   00000000e1172fe8 00007f5e5500ecd7
0x00007f5e5d721140:   00007f5e584e9840 00007f5e5516be6c
0x00007f5e5d721150:   00007f5e4699cbb5 00000000e122afd0
0x00007f5e5d721160:   00007f5e58460840 00000000d6b35ab0
0x00007f5e5d721170:   00007f5e5d721170 00000000d7aaafd7
0x00007f5e5d721180:   00007f5e5d7211e8 00000000d7ab7230
0x00007f5e5d721190:   00000000d7edaf78 00000000d7aab018
0x00007f5e5d7211a0:   00007f5e5d721140 00007f5e5d7211c0
0x00007f5e5d7211b0:   00007f5e5d721238 00007f5e55006175
0x00007f5e5d7211c0:   00007f5e584e9840 00000000f59d7770
0x00007f5e5d7211d0:   00007f5e4699cbb5 0000000000000000
0x00007f5e5d7211e0:   00000000e100a698 00000000e11728a0
0x00007f5e5d7211f0:   00000000f78beb58 00007f5e5d7211f8
0x00007f5e5d721200:   00000000d7eda824 00007f5e5d721280
0x00007f5e5d721210:   00000000d7edac80 0000000000000000
0x00007f5e5d721220:   00000000d7eda848 00007f5e5d7211c0
0x00007f5e5d721230:   00007f5e5d721258 00007f5e5d7212c8 

Instructions: (pc=0x00007f5e4699cd94)
0x00007f5e4699cd74:   48 98 48 89 45 d0 e9 9a 01 00 00 48 8d 3d f0 01
0x00007f5e4699cd84:   00 00 b8 00 00 00 00 e8 60 fc ff ff 48 8b 45 d0
0x00007f5e4699cd94:   48 8b 40 20 48 8b 50 08 48 8b 45 d0 48 8b 40 20
0x00007f5e4699cda4:   48 8b 00 48 89 55 c0 f2 0f 10 4d c0 48 89 45 c0 

Register to memory mapping:

RAX=0x00000000584e9b30 is an unknown value
RBX=0x00000000d79ae170 is an oop
{method} 
 - klass: {other class}
RCX=0x65646f6e20627220 is an unknown value
RDX=0x0000000000000000 is an unknown value
RSP=0x00007f5e5d721040 is pointing into the stack for thread: 0x00007f5e5800a800
RBP=0x00007f5e5d721080 is pointing into the stack for thread: 0x00007f5e5800a800
RSI=0x0000000000000000 is an unknown value
RDI=0x00007f5e5d720b10 is pointing into the stack for thread: 0x00007f5e5800a800
R8 =0x00007f5e5d723700 is pointing into the stack for thread: 0x00007f5e5800a800
R9 =0x0000000000000020 is an unknown value
R10=0x00007f5e5d720de0 is pointing into the stack for thread: 0x00007f5e5800a800
R11=0x00007f5e5f38ff60: _IO_printf+0 in /lib/x86_64-linux-gnu/libc.so.6 at 0x00007f5e5f33c000
R12=0x0000000000000000 is an unknown value
R13=0x00000000d79ae170 is an oop
{method} 
 - klass: {other class}
R14=0x00007f5e5d721168 is pointing into the stack for thread: 0x00007f5e5800a800
R15=0x00007f5e5800a800 is a thread


Stack: [0x00007f5e5d523000,0x00007f5e5d724000],  sp=0x00007f5e5d721040,  free space=2040k
Native frames: (J=compiled Java code, j=interpreted, Vv=VM code, C=native code)
C  [libintersection.so+0xd94]  find_intersections+0x1df

Java frames: (J=compiled Java code, j=interpreted, Vv=VM code)
j  com.kenai.jffi.Foreign.invokeL1(JJJ)J+0
j  com.kenai.jffi.Invoker.invokeL1(Lcom/kenai/jffi/CallContext;JJ)J+7
j  org.jruby.ext.ffi.jffi.NativeInvoker$ffi$8.call(Lorg/jruby/runtime/ThreadContext;Lorg/jruby/runtime/builtin/IRubyObject;Lorg/jruby/RubyModule;Ljava/lang/String;Lorg/jruby/runtime/builtin/IRubyObject;)Lorg/jruby/runtime/builtin/IRubyObject;+76
j  org.jruby.runtime.callsite.CachingCallSite.cacheAndCall(Lorg/jruby/runtime/builtin/IRubyObject;Lorg/jruby/RubyClass;Lorg/jruby/runtime/ThreadContext;Lorg/jruby/runtime/builtin/IRubyObject;Lorg/jruby/runtime/builtin/IRubyObject;)Lorg/jruby/runtime/builtin/IRubyObject;+57
J  org.jruby.runtime.callsite.CachingCallSite.call(Lorg/jruby/runtime/ThreadContext;Lorg/jruby/runtime/builtin/IRubyObject;Lorg/jruby/runtime/builtin/IRubyObject;Lorg/jruby/runtime/builtin/IRubyObject;)Lorg/jruby/runtime/builtin/IRubyObject;
J  org.jruby.ast.CallOneArgNode.interpret(Lorg/jruby/Ruby;Lorg/jruby/runtime/ThreadContext;Lorg/jruby/runtime/builtin/IRubyObject;Lorg/jruby/runtime/Block;)Lorg/jruby/runtime/builtin/IRubyObject;
j  org.jruby.ast.LocalAsgnNode.interpret(Lorg/jruby/Ruby;Lorg/jruby/runtime/ThreadContext;Lorg/jruby/runtime/builtin/IRubyObject;Lorg/jruby/runtime/Block;)Lorg/jruby/runtime/builtin/IRubyObject;+30
J  org.jruby.ast.BlockNode.interpret(Lorg/jruby/Ruby;Lorg/jruby/runtime/ThreadContext;Lorg/jruby/runtime/builtin/IRubyObject;Lorg/jruby/runtime/Block;)Lorg/jruby/runtime/builtin/IRubyObject;
j  org.jruby.evaluator.ASTInterpreter.INTERPRET_METHOD(Lorg/jruby/Ruby;Lorg/jruby/runtime/ThreadContext;Ljava/lang/String;ILorg/jruby/RubyModule;Lorg/jruby/ast/Node;Ljava/lang/String;Lorg/jruby/runtime/builtin/IRubyObject;Lorg/jruby/runtime/Block;Z)Lorg/jruby/runtime/builtin/IRubyObject;+30
j  org.jruby.internal.runtime.methods.InterpretedMethod.call(Lorg/jruby/runtime/ThreadContext;Lorg/jruby/runtime/builtin/IRubyObject;Lorg/jruby/RubyModule;Ljava/lang/String;)Lorg/jruby/runtime/builtin/IRubyObject;+80
j  org.jruby.internal.runtime.methods.DefaultMethod.call(Lorg/jruby/runtime/ThreadContext;Lorg/jruby/runtime/builtin/IRubyObject;Lorg/jruby/RubyModule;Ljava/lang/String;)Lorg/jruby/runtime/builtin/IRubyObject;+20
J  org.jruby.ast.CallNoArgNode.interpret(Lorg/jruby/Ruby;Lorg/jruby/runtime/ThreadContext;Lorg/jruby/runtime/builtin/IRubyObject;Lorg/jruby/runtime/Block;)Lorg/jruby/runtime/builtin/IRubyObject;
j  org.jruby.ast.FCallTwoArgNode.interpret(Lorg/jruby/Ruby;Lorg/jruby/runtime/ThreadContext;Lorg/jruby/runtime/builtin/IRubyObject;Lorg/jruby/runtime/Block;)Lorg/jruby/runtime/builtin/IRubyObject;+28
J  org.jruby.ast.BlockNode.interpret(Lorg/jruby/Ruby;Lorg/jruby/runtime/ThreadContext;Lorg/jruby/runtime/builtin/IRubyObject;Lorg/jruby/runtime/Block;)Lorg/jruby/runtime/builtin/IRubyObject;
j  org.jruby.evaluator.ASTInterpreter.INTERPRET_METHOD(Lorg/jruby/Ruby;Lorg/jruby/runtime/ThreadContext;Ljava/lang/String;ILorg/jruby/RubyModule;Lorg/jruby/ast/Node;Ljava/lang/String;Lorg/jruby/runtime/builtin/IRubyObject;Lorg/jruby/runtime/Block;Z)Lorg/jruby/runtime/builtin/IRubyObject;+30
j  org.jruby.internal.runtime.methods.InterpretedMethod.call(Lorg/jruby/runtime/ThreadContext;Lorg/jruby/runtime/builtin/IRubyObject;Lorg/jruby/RubyModule;Ljava/lang/String;)Lorg/jruby/runtime/builtin/IRubyObject;+80
j  org.jruby.internal.runtime.methods.DefaultMethod.call(Lorg/jruby/runtime/ThreadContext;Lorg/jruby/runtime/builtin/IRubyObject;Lorg/jruby/RubyModule;Ljava/lang/String;)Lorg/jruby/runtime/builtin/IRubyObject;+20
j  org.jruby.runtime.callsite.CachingCallSite.cacheAndCall(Lorg/jruby/runtime/builtin/IRubyObject;Lorg/jruby/RubyClass;Lorg/jruby/runtime/ThreadContext;Lorg/jruby/runtime/builtin/IRubyObject;)Lorg/jruby/runtime/builtin/IRubyObject;+53
j  org.jruby.runtime.callsite.CachingCallSite.call(Lorg/jruby/runtime/ThreadContext;Lorg/jruby/runtime/builtin/IRubyObject;Lorg/jruby/runtime/builtin/IRubyObject;)Lorg/jruby/runtime/builtin/IRubyObject;+46
j  Makefile.method__3$RUBY$test(LMakefile;Lorg/jruby/runtime/ThreadContext;Lorg/jruby/runtime/builtin/IRubyObject;Lorg/jruby/runtime/Block;)Lorg/jruby/runtime/builtin/IRubyObject;+130
j  Makefile$method__3$RUBY$test.call(Lorg/jruby/runtime/ThreadContext;Lorg/jruby/runtime/builtin/IRubyObject;Lorg/jruby/RubyModule;Ljava/lang/String;Lorg/jruby/runtime/Block;)Lorg/jruby/runtime/builtin/IRubyObject;+17
j  org.jruby.RubyClass.finvoke(Lorg/jruby/runtime/ThreadContext;Lorg/jruby/runtime/builtin/IRubyObject;Ljava/lang/String;Lorg/jruby/runtime/Block;)Lorg/jruby/runtime/builtin/IRubyObject;+41
j  org.jruby.RubyBasicObject.send19(Lorg/jruby/runtime/ThreadContext;Lorg/jruby/runtime/builtin/IRubyObject;Lorg/jruby/runtime/Block;)Lorg/jruby/runtime/builtin/IRubyObject;+15
j  org.jruby.RubyKernel.send19(Lorg/jruby/runtime/ThreadContext;Lorg/jruby/runtime/builtin/IRubyObject;Lorg/jruby/runtime/builtin/IRubyObject;Lorg/jruby/runtime/Block;)Lorg/jruby/runtime/builtin/IRubyObject;+7
j  org.jruby.RubyKernel$INVOKER$s$send19.call(Lorg/jruby/runtime/ThreadContext;Lorg/jruby/runtime/builtin/IRubyObject;Lorg/jruby/RubyModule;Ljava/lang/String;Lorg/jruby/runtime/builtin/IRubyObject;Lorg/jruby/runtime/Block;)Lorg/jruby/runtime/builtin/IRubyObject;+6
j  org.jruby.internal.runtime.methods.JavaMethod$JavaMethodOneOrNBlock.call(Lorg/jruby/runtime/ThreadContext;Lorg/jruby/runtime/builtin/IRubyObject;Lorg/jruby/RubyModule;Ljava/lang/String;Lorg/jruby/runtime/builtin/IRubyObject;)Lorg/jruby/runtime/builtin/IRubyObject;+11
j  org.jruby.runtime.callsite.CachingCallSite.call(Lorg/jruby/runtime/ThreadContext;Lorg/jruby/runtime/builtin/IRubyObject;Lorg/jruby/runtime/builtin/IRubyObject;Lorg/jruby/runtime/builtin/IRubyObject;)Lorg/jruby/runtime/builtin/IRubyObject;+38
j  Makefile.block_7$RUBY$__file__(LMakefile;Lorg/jruby/runtime/ThreadContext;Lorg/jruby/runtime/builtin/IRubyObject;[Lorg/jruby/runtime/builtin/IRubyObject;Lorg/jruby/runtime/Block;)Lorg/jruby/runtime/builtin/IRubyObject;+46
j  Makefile$block_7$RUBY$__file__.call(Lorg/jruby/runtime/ThreadContext;Lorg/jruby/runtime/builtin/IRubyObject;[Lorg/jruby/runtime/builtin/IRubyObject;Lorg/jruby/runtime/Block;)Lorg/jruby/runtime/builtin/IRubyObject;+9
j  org.jruby.runtime.CompiledBlock19.yield(Lorg/jruby/runtime/ThreadContext;Lorg/jruby/runtime/builtin/IRubyObject;Lorg/jruby/runtime/Binding;Lorg/jruby/runtime/Block$Type;)Lorg/jruby/runtime/builtin/IRubyObject;+52
j  org.jruby.runtime.Block.yield(Lorg/jruby/runtime/ThreadContext;Lorg/jruby/runtime/builtin/IRubyObject;)Lorg/jruby/runtime/builtin/IRubyObject;+14
j  org.jruby.RubyArray.eachCommon(Lorg/jruby/runtime/ThreadContext;Lorg/jruby/runtime/Block;)Lorg/jruby/runtime/builtin/IRubyObject;+41
j  org.jruby.RubyArray.each(Lorg/jruby/runtime/ThreadContext;Lorg/jruby/runtime/Block;)Lorg/jruby/runtime/builtin/IRubyObject;+10
j  org.jruby.RubyArray$INVOKER$i$0$0$each.call(Lorg/jruby/runtime/ThreadContext;Lorg/jruby/runtime/builtin/IRubyObject;Lorg/jruby/RubyModule;Ljava/lang/String;Lorg/jruby/runtime/Block;)Lorg/jruby/runtime/builtin/IRubyObject;+7
j  org.jruby.runtime.callsite.CachingCallSite.cacheAndCall(Lorg/jruby/runtime/builtin/IRubyObject;Lorg/jruby/RubyClass;Lorg/jruby/runtime/Block;Lorg/jruby/runtime/ThreadContext;Lorg/jruby/runtime/builtin/IRubyObject;)Lorg/jruby/runtime/builtin/IRubyObject;+57
j  org.jruby.runtime.callsite.CachingCallSite.callBlock(Lorg/jruby/runtime/ThreadContext;Lorg/jruby/runtime/builtin/IRubyObject;Lorg/jruby/runtime/builtin/IRubyObject;Lorg/jruby/runtime/Block;)Lorg/jruby/runtime/builtin/IRubyObject;+50
j  org.jruby.runtime.callsite.CachingCallSite.callIter(Lorg/jruby/runtime/ThreadContext;Lorg/jruby/runtime/builtin/IRubyObject;Lorg/jruby/runtime/builtin/IRubyObject;Lorg/jruby/runtime/Block;)Lorg/jruby/runtime/builtin/IRubyObject;+6
j  Makefile.__file__(LMakefile;Lorg/jruby/runtime/ThreadContext;Lorg/jruby/runtime/builtin/IRubyObject;[Lorg/jruby/runtime/builtin/IRubyObject;Lorg/jruby/runtime/Block;)Lorg/jruby/runtime/builtin/IRubyObject;+938
j  Makefile.load(Lorg/jruby/runtime/ThreadContext;Lorg/jruby/runtime/builtin/IRubyObject;Z)Lorg/jruby/runtime/builtin/IRubyObject;+22
j  org.jruby.Ruby.runScript(Lorg/jruby/ast/executable/Script;Z)Lorg/jruby/runtime/builtin/IRubyObject;+12
j  org.jruby.Ruby.runScript(Lorg/jruby/ast/executable/Script;)Lorg/jruby/runtime/builtin/IRubyObject;+3
j  org.jruby.Ruby.runNormally(Lorg/jruby/ast/Node;)Lorg/jruby/runtime/builtin/IRubyObject;+73
j  org.jruby.Ruby.runFromMain(Ljava/io/InputStream;Ljava/lang/String;)V+320
j  org.jruby.Main.doRunFromMain(Lorg/jruby/Ruby;Ljava/io/InputStream;Ljava/lang/String;)Lorg/jruby/Main$Status;+12
j  org.jruby.Main.internalRun()Lorg/jruby/Main$Status;+234
j  org.jruby.Main.run([Ljava/lang/String;)Lorg/jruby/Main$Status;+9
j  org.jruby.Main.main([Ljava/lang/String;)V+35
v  ~StubRoutines::call_stub

---------------  P R O C E S S  ---------------

Java Threads: ( => current thread )
  0x00007f5e583e3000 JavaThread "JRubyJIT-2" daemon [_thread_blocked, id=27589, stack(0x00007f5e473ab000,0x00007f5e475ac000)]
  0x00007f5e5832a000 JavaThread "process reaper" daemon [_thread_blocked, id=27469, stack(0x00007f5e54013000,0x00007f5e5404c000)]
  0x00007f5e58468000 JavaThread "JRubyJIT-1" daemon [_thread_blocked, id=27466, stack(0x00007f5e479ae000,0x00007f5e47baf000)]
  0x00007f5e580ae000 JavaThread "Service Thread" daemon [_thread_blocked, id=27464, stack(0x00007f5e4d629000,0x00007f5e4d82a000)]
  0x00007f5e580ab800 JavaThread "C2 CompilerThread1" daemon [_thread_in_native, id=27463, stack(0x00007f5e4d82a000,0x00007f5e4d92b000)]
  0x00007f5e580a8800 JavaThread "C2 CompilerThread0" daemon [_thread_in_native, id=27462, stack(0x00007f5e4d92b000,0x00007f5e4da2c000)]
  0x00007f5e580a6800 JavaThread "Signal Dispatcher" daemon [_thread_blocked, id=27461, stack(0x00007f5e4da2c000,0x00007f5e4dc2d000)]
  0x00007f5e58082800 JavaThread "Finalizer" daemon [_thread_blocked, id=27460, stack(0x00007f5e4e027000,0x00007f5e4e228000)]
  0x00007f5e58080800 JavaThread "Reference Handler" daemon [_thread_blocked, id=27459, stack(0x00007f5e4e228000,0x00007f5e4e429000)]
=>0x00007f5e5800a800 JavaThread "main" [_thread_in_native, id=27453, stack(0x00007f5e5d523000,0x00007f5e5d724000)]

Other Threads:
  0x00007f5e5807c800 VMThread [stack: 0x00007f5e4e429000,0x00007f5e4e52a000] [id=27458]
  0x00007f5e580c0800 WatcherThread [stack: 0x00007f5e4d528000,0x00007f5e4d629000] [id=27465]

VM state:not at safepoint (normal execution)

VM Mutex/Monitor currently owned by a thread: None

Heap
 PSYoungGen      total 32768K, used 3223K [0x00000000f5900000, 0x00000000f9900000, 0x0000000100000000)
  eden space 30720K, 3% used [0x00000000f5900000,0x00000000f5a287a0,0x00000000f7700000)
  from space 2048K, 99% used [0x00000000f7700000,0x00000000f78fd528,0x00000000f7900000)
  to   space 2048K, 0% used [0x00000000f9700000,0x00000000f9700000,0x00000000f9900000)
 ParOldGen       total 38400K, used 9057K [0x00000000e0c00000, 0x00000000e3180000, 0x00000000f5900000)
  object space 38400K, 23% used [0x00000000e0c00000,0x00000000e14d8688,0x00000000e3180000)
 PSPermGen       total 25600K, used 25466K [0x00000000d6600000, 0x00000000d7f00000, 0x00000000e0c00000)
  object space 25600K, 99% used [0x00000000d6600000,0x00000000d7edeb88,0x00000000d7f00000)

Card table byte_map: [0x00007f5e5c349000,0x00007f5e5c497000] byte_map_base: 0x00007f5e5bc96000

Polling page: 0x00007f5e5fb31000

Code Cache  [0x00007f5e55000000, 0x00007f5e55270000, 0x00007f5e58000000)
 total_blobs=929 nmethods=450 adapters=433 free_code_cache=47663Kb largest_free_block=48766976

Compilation events (10 events):
Event: 9,708 Thread 0x00007f5e580a8800 nmethod 481 0x00007f5e55175bd0 code [0x00007f5e55175d20, 0x00007f5e55175e18]
Event: 9,708 Thread 0x00007f5e580a8800  482             org.jruby.ext.ffi.Pointer::<init> (11 bytes)
Event: 9,713 Thread 0x00007f5e580a8800 nmethod 482 0x00007f5e55175690 code [0x00007f5e551757e0, 0x00007f5e551758d8]
Event: 9,714 Thread 0x00007f5e580a8800  483             org.jruby.ext.ffi.Pointer::getPointerClass (8 bytes)
Event: 9,714 Thread 0x00007f5e580ab800 nmethod 480 0x00007f5e55170f90 code [0x00007f5e55171140, 0x00007f5e55171578]
Event: 9,715 Thread 0x00007f5e580a8800 nmethod 483 0x00007f5e5516b7d0 code [0x00007f5e5516b900, 0x00007f5e5516b978]
Event: 9,715 Thread 0x00007f5e580a8800  484             org.jruby.ext.ffi.jffi.JITRuntime::newPointer64 (19 bytes)
Event: 9,716 Thread 0x00007f5e580ab800  485             org.jruby.RubyArray::append (113 bytes)
Event: 9,729 Thread 0x00007f5e580a8800 nmethod 484 0x00007f5e55178d50 code [0x00007f5e55178ec0, 0x00007f5e55179158]
Event: 9,729 Thread 0x00007f5e580a8800  486             org.jruby.RubyModule::searchWithCache (70 bytes)

GC Heap History (6 events):
Event: 3,394 GC heap before
{Heap before GC invocations=1 (full 0):
 PSYoungGen      total 17408K, used 15360K [0x00000000f5900000, 0x00000000f6c00000, 0x0000000100000000)
  eden space 15360K, 100% used [0x00000000f5900000,0x00000000f6800000,0x00000000f6800000)
  from space 2048K, 0% used [0x00000000f6a00000,0x00000000f6a00000,0x00000000f6c00000)
  to   space 2048K, 0% used [0x00000000f6800000,0x00000000f6800000,0x00000000f6a00000)
 ParOldGen       total 38400K, used 0K [0x00000000e0c00000, 0x00000000e3180000, 0x00000000f5900000)
  object space 38400K, 0% used [0x00000000e0c00000,0x00000000e0c00000,0x00000000e3180000)
 PSPermGen       total 21504K, used 18949K [0x00000000d6600000, 0x00000000d7b00000, 0x00000000e0c00000)
  object space 21504K, 88% used [0x00000000d6600000,0x00000000d78816c8,0x00000000d7b00000)
Event: 3,437 GC heap after
Heap after GC invocations=1 (full 0):
 PSYoungGen      total 17408K, used 2037K [0x00000000f5900000, 0x00000000f7b00000, 0x0000000100000000)
  eden space 15360K, 0% used [0x00000000f5900000,0x00000000f5900000,0x00000000f6800000)
  from space 2048K, 99% used [0x00000000f6800000,0x00000000f69fd4b8,0x00000000f6a00000)
  to   space 2048K, 0% used [0x00000000f7900000,0x00000000f7900000,0x00000000f7b00000)
 ParOldGen       total 38400K, used 3800K [0x00000000e0c00000, 0x00000000e3180000, 0x00000000f5900000)
  object space 38400K, 9% used [0x00000000e0c00000,0x00000000e0fb60e8,0x00000000e3180000)
 PSPermGen       total 21504K, used 18949K [0x00000000d6600000, 0x00000000d7b00000, 0x00000000e0c00000)
  object space 21504K, 88% used [0x00000000d6600000,0x00000000d78816c8,0x00000000d7b00000)
}
Event: 5,793 GC heap before
{Heap before GC invocations=2 (full 0):
 PSYoungGen      total 17408K, used 17397K [0x00000000f5900000, 0x00000000f7b00000, 0x0000000100000000)
  eden space 15360K, 100% used [0x00000000f5900000,0x00000000f6800000,0x00000000f6800000)
  from space 2048K, 99% used [0x00000000f6800000,0x00000000f69fd4b8,0x00000000f6a00000)
  to   space 2048K, 0% used [0x00000000f7900000,0x00000000f7900000,0x00000000f7b00000)
 ParOldGen       total 38400K, used 3800K [0x00000000e0c00000, 0x00000000e3180000, 0x00000000f5900000)
  object space 38400K, 9% used [0x00000000e0c00000,0x00000000e0fb60e8,0x00000000e3180000)
 PSPermGen       total 23552K, used 23439K [0x00000000d6600000, 0x00000000d7d00000, 0x00000000e0c00000)
  object space 23552K, 99% used [0x00000000d6600000,0x00000000d7ce3c58,0x00000000d7d00000)
Event: 5,830 GC heap after
Heap after GC invocations=2 (full 0):
 PSYoungGen      total 32768K, used 2037K [0x00000000f5900000, 0x00000000f7b00000, 0x0000000100000000)
  eden space 30720K, 0% used [0x00000000f5900000,0x00000000f5900000,0x00000000f7700000)
  from space 2048K, 99% used [0x00000000f7900000,0x00000000f7afd528,0x00000000f7b00000)
  to   space 2048K, 0% used [0x00000000f7700000,0x00000000f7700000,0x00000000f7900000)
 ParOldGen       total 38400K, used 5899K [0x00000000e0c00000, 0x00000000e3180000, 0x00000000f5900000)
  object space 38400K, 15% used [0x00000000e0c00000,0x00000000e11c2ef0,0x00000000e3180000)
 PSPermGen       total 23552K, used 23439K [0x00000000d6600000, 0x00000000d7d00000, 0x00000000e0c00000)
  object space 23552K, 99% used [0x00000000d6600000,0x00000000d7ce3c58,0x00000000d7d00000)
}
Event: 9,580 GC heap before
{Heap before GC invocations=3 (full 0):
 PSYoungGen      total 32768K, used 32757K [0x00000000f5900000, 0x00000000f7b00000, 0x0000000100000000)
  eden space 30720K, 100% used [0x00000000f5900000,0x00000000f7700000,0x00000000f7700000)
  from space 2048K, 99% used [0x00000000f7900000,0x00000000f7afd528,0x00000000f7b00000)
  to   space 2048K, 0% used [0x00000000f7700000,0x00000000f7700000,0x00000000f7900000)
 ParOldGen       total 38400K, used 5899K [0x00000000e0c00000, 0x00000000e3180000, 0x00000000f5900000)
  object space 38400K, 15% used [0x00000000e0c00000,0x00000000e11c2ef0,0x00000000e3180000)
 PSPermGen       total 25600K, used 25461K [0x00000000d6600000, 0x00000000d7f00000, 0x00000000e0c00000)
  object space 25600K, 99% used [0x00000000d6600000,0x00000000d7edd608,0x00000000d7f00000)
Event: 9,613 GC heap after
Heap after GC invocations=3 (full 0):
 PSYoungGen      total 32768K, used 2037K [0x00000000f5900000, 0x00000000f9900000, 0x0000000100000000)
  eden space 30720K, 0% used [0x00000000f5900000,0x00000000f5900000,0x00000000f7700000)
  from space 2048K, 99% used [0x00000000f7700000,0x00000000f78fd528,0x00000000f7900000)
  to   space 2048K, 0% used [0x00000000f9700000,0x00000000f9700000,0x00000000f9900000)
 ParOldGen       total 38400K, used 9057K [0x00000000e0c00000, 0x00000000e3180000, 0x00000000f5900000)
  object space 38400K, 23% used [0x00000000e0c00000,0x00000000e14d8688,0x00000000e3180000)
 PSPermGen       total 25600K, used 25461K [0x00000000d6600000, 0x00000000d7f00000, 0x00000000e0c00000)
  object space 25600K, 99% used [0x00000000d6600000,0x00000000d7edd608,0x00000000d7f00000)
}

Deoptimization events (10 events):
Event: 9,711 Thread 0x00007f5e5800a800 Uncommon trap: reason=class_check action=maybe_recompile pc=0x00007f5e551735e4 method=org.jruby.runtime.ivars.VariableAccessor.get(Ljava/lang/Object;)Ljava/lang/Object; @ 1
Event: 9,711 Thread 0x00007f5e5800a800 Uncommon trap: reason=class_check action=maybe_recompile pc=0x00007f5e551735e4 method=org.jruby.runtime.ivars.VariableAccessor.get(Ljava/lang/Object;)Ljava/lang/Object; @ 1
Event: 9,711 Thread 0x00007f5e5800a800 Uncommon trap: reason=class_check action=maybe_recompile pc=0x00007f5e551735e4 method=org.jruby.runtime.ivars.VariableAccessor.get(Ljava/lang/Object;)Ljava/lang/Object; @ 1
Event: 9,711 Thread 0x00007f5e5800a800 Uncommon trap: reason=class_check action=maybe_recompile pc=0x00007f5e551735e4 method=org.jruby.runtime.ivars.VariableAccessor.get(Ljava/lang/Object;)Ljava/lang/Object; @ 1
Event: 9,712 Thread 0x00007f5e5800a800 Uncommon trap: reason=bimorphic action=maybe_recompile pc=0x00007f5e55173110 method=org.jruby.ast.DAsgnNode.interpret(Lorg/jruby/Ruby;Lorg/jruby/runtime/ThreadContext;Lorg/jruby/runtime/builtin/IRubyObject;Lorg/jruby/runtime/Block;)Lorg/jruby/runtime/buil
Event: 9,712 Thread 0x00007f5e5800a800 Uncommon trap: reason=bimorphic action=maybe_recompile pc=0x00007f5e55173110 method=org.jruby.ast.DAsgnNode.interpret(Lorg/jruby/Ruby;Lorg/jruby/runtime/ThreadContext;Lorg/jruby/runtime/builtin/IRubyObject;Lorg/jruby/runtime/Block;)Lorg/jruby/runtime/buil
Event: 9,716 Thread 0x00007f5e5800a800 Uncommon trap: reason=bimorphic action=maybe_recompile pc=0x00007f5e55171408 method=org.jruby.RubyClass.allocate()Lorg/jruby/runtime/builtin/IRubyObject; @ 54
Event: 9,716 Thread 0x00007f5e5800a800 Uncommon trap: reason=bimorphic action=maybe_recompile pc=0x00007f5e55171408 method=org.jruby.RubyClass.allocate()Lorg/jruby/runtime/builtin/IRubyObject; @ 54
Event: 9,717 Thread 0x00007f5e5800a800 Uncommon trap: reason=bimorphic action=maybe_recompile pc=0x00007f5e55171408 method=org.jruby.RubyClass.allocate()Lorg/jruby/runtime/builtin/IRubyObject; @ 54
Event: 9,717 Thread 0x00007f5e5800a800 Uncommon trap: reason=bimorphic action=maybe_recompile pc=0x00007f5e55171408 method=org.jruby.RubyClass.allocate()Lorg/jruby/runtime/builtin/IRubyObject; @ 54

Internal exceptions (10 events):
Event: 8,633 Thread 0x00007f5e5800a800 Threw 0x00000000f711a210 at /build/buildd/openjdk-7-7u51-2.4.4/build/openjdk/hotspot/src/share/vm/prims/jvm.cpp:1244
Event: 8,633 Thread 0x00007f5e5800a800 Threw 0x00000000f711acc0 at /build/buildd/openjdk-7-7u51-2.4.4/build/openjdk/hotspot/src/share/vm/prims/jvm.cpp:1244
Event: 8,637 Thread 0x00007f5e5800a800 Threw 0x00000000f7126830 at /build/buildd/openjdk-7-7u51-2.4.4/build/openjdk/hotspot/src/share/vm/prims/jvm.cpp:1244
Event: 8,637 Thread 0x00007f5e5800a800 Threw 0x00000000f71288f0 at /build/buildd/openjdk-7-7u51-2.4.4/build/openjdk/hotspot/src/share/vm/prims/jvm.cpp:1244
Event: 8,637 Thread 0x00007f5e5800a800 Threw 0x00000000f71293a0 at /build/buildd/openjdk-7-7u51-2.4.4/build/openjdk/hotspot/src/share/vm/prims/jvm.cpp:1244
Event: 8,638 Thread 0x00007f5e5800a800 Threw 0x00000000f712b240 at /build/buildd/openjdk-7-7u51-2.4.4/build/openjdk/hotspot/src/share/vm/prims/jvm.cpp:1244
Event: 8,638 Thread 0x00007f5e5800a800 Threw 0x00000000f712d300 at /build/buildd/openjdk-7-7u51-2.4.4/build/openjdk/hotspot/src/share/vm/prims/jvm.cpp:1244
Event: 8,638 Thread 0x00007f5e5800a800 Threw 0x00000000f712ddb0 at /build/buildd/openjdk-7-7u51-2.4.4/build/openjdk/hotspot/src/share/vm/prims/jvm.cpp:1244
Event: 9,731 Thread 0x00007f5e58468000 Threw 0x00000000f59f5b30 at /build/buildd/openjdk-7-7u51-2.4.4/build/openjdk/hotspot/src/share/vm/prims/jvm.cpp:1244
Event: 9,731 Thread 0x00007f5e58468000 Threw 0x00000000f59f7548 at /build/buildd/openjdk-7-7u51-2.4.4/build/openjdk/hotspot/src/share/vm/prims/jvm.cpp:1244

Events (10 events):
Event: 9,716 Thread 0x00007f5e5800a800 DEOPT PACKING pc=0x00007f5e55171408 sp=0x00007f5e5d720650
Event: 9,716 Thread 0x00007f5e5800a800 DEOPT UNPACKING pc=0x00007f5e55039045 sp=0x00007f5e5d720640 mode 2
Event: 9,717 Thread 0x00007f5e5800a800 Uncommon trap: trap_request=0xffffffc6 fr.pc=0x00007f5e55171408
Event: 9,717 Thread 0x00007f5e5800a800 DEOPT PACKING pc=0x00007f5e55171408 sp=0x00007f5e5d720650
Event: 9,717 Thread 0x00007f5e5800a800 DEOPT UNPACKING pc=0x00007f5e55039045 sp=0x00007f5e5d720640 mode 2
Event: 9,717 Thread 0x00007f5e5800a800 Uncommon trap: trap_request=0xffffffc6 fr.pc=0x00007f5e55171408
Event: 9,717 Thread 0x00007f5e5800a800 DEOPT PACKING pc=0x00007f5e55171408 sp=0x00007f5e5d720650
Event: 9,717 Thread 0x00007f5e5800a800 DEOPT UNPACKING pc=0x00007f5e55039045 sp=0x00007f5e5d720640 mode 2
Event: 9,731 loading class 0x00007f5e1c00b0f0
Event: 9,731 loading class 0x00007f5e1c00b0f0 done


Dynamic libraries:
00400000-00401000 r-xp 00000000 08:01 15861394                           /usr/lib/jvm/java-7-openjdk-amd64/jre/bin/java
00600000-00601000 r--p 00000000 08:01 15861394                           /usr/lib/jvm/java-7-openjdk-amd64/jre/bin/java
00601000-00602000 rw-p 00001000 08:01 15861394                           /usr/lib/jvm/java-7-openjdk-amd64/jre/bin/java
0209b000-020bc000 rw-p 00000000 00:00 0                                  [heap]
d6600000-d7f00000 rw-p 00000000 00:00 0 
d7f00000-e0c00000 rw-p 00000000 00:00 0 
e0c00000-e3180000 rw-p 00000000 00:00 0 
e3180000-f5900000 rw-p 00000000 00:00 0 
f5900000-f9900000 rw-p 00000000 00:00 0 
f9900000-100000000 rw-p 00000000 00:00 0 
7f5e08000000-7f5e08021000 rw-p 00000000 00:00 0 
7f5e08021000-7f5e0c000000 ---p 00000000 00:00 0 
7f5e0c000000-7f5e0c021000 rw-p 00000000 00:00 0 
7f5e0c021000-7f5e10000000 ---p 00000000 00:00 0 
7f5e10000000-7f5e10021000 rw-p 00000000 00:00 0 
7f5e10021000-7f5e14000000 ---p 00000000 00:00 0 
7f5e14000000-7f5e14021000 rw-p 00000000 00:00 0 
7f5e14021000-7f5e18000000 ---p 00000000 00:00 0 
7f5e18000000-7f5e18021000 rw-p 00000000 00:00 0 
7f5e18021000-7f5e1c000000 ---p 00000000 00:00 0 
7f5e1c000000-7f5e1c027000 rw-p 00000000 00:00 0 
7f5e1c027000-7f5e20000000 ---p 00000000 00:00 0 
7f5e20000000-7f5e20cfe000 rw-p 00000000 00:00 0 
7f5e20cfe000-7f5e24000000 ---p 00000000 00:00 0 
7f5e24000000-7f5e24021000 rw-p 00000000 00:00 0 
7f5e24021000-7f5e28000000 ---p 00000000 00:00 0 
7f5e28000000-7f5e28021000 rw-p 00000000 00:00 0 
7f5e28021000-7f5e2c000000 ---p 00000000 00:00 0 
7f5e2c000000-7f5e2ccb7000 rw-p 00000000 00:00 0 
7f5e2ccb7000-7f5e30000000 ---p 00000000 00:00 0 
7f5e30000000-7f5e30021000 rw-p 00000000 00:00 0 
7f5e30021000-7f5e34000000 ---p 00000000 00:00 0 
7f5e34000000-7f5e34021000 rw-p 00000000 00:00 0 
7f5e34021000-7f5e38000000 ---p 00000000 00:00 0 
7f5e38000000-7f5e38021000 rw-p 00000000 00:00 0 
7f5e38021000-7f5e3c000000 ---p 00000000 00:00 0 
7f5e3c000000-7f5e3c041000 rw-p 00000000 00:00 0 
7f5e3c041000-7f5e40000000 ---p 00000000 00:00 0 
7f5e40000000-7f5e40021000 rw-p 00000000 00:00 0 
7f5e40021000-7f5e44000000 ---p 00000000 00:00 0 
7f5e4699c000-7f5e4699e000 r-xp 00000000 08:01 13893852                   /home/alex/Documents/8vo_Semestre/Geometría Computacional/Lab/practica02p1/src/lib/libintersection.so
7f5e4699e000-7f5e46b9d000 ---p 00002000 08:01 13893852                   /home/alex/Documents/8vo_Semestre/Geometría Computacional/Lab/practica02p1/src/lib/libintersection.so
7f5e46b9d000-7f5e46b9e000 r--p 00001000 08:01 13893852                   /home/alex/Documents/8vo_Semestre/Geometría Computacional/Lab/practica02p1/src/lib/libintersection.so
7f5e46b9e000-7f5e46b9f000 rw-p 00002000 08:01 13893852                   /home/alex/Documents/8vo_Semestre/Geometría Computacional/Lab/practica02p1/src/lib/libintersection.so
7f5e46b9f000-7f5e46ba2000 r-xp 00000000 08:01 13893851                   /home/alex/Documents/8vo_Semestre/Geometría Computacional/Lab/practica02p1/src/lib/librb_tree.so
7f5e46ba2000-7f5e46da1000 ---p 00003000 08:01 13893851                   /home/alex/Documents/8vo_Semestre/Geometría Computacional/Lab/practica02p1/src/lib/librb_tree.so
7f5e46da1000-7f5e46da2000 r--p 00002000 08:01 13893851                   /home/alex/Documents/8vo_Semestre/Geometría Computacional/Lab/practica02p1/src/lib/librb_tree.so
7f5e46da2000-7f5e46da3000 rw-p 00003000 08:01 13893851                   /home/alex/Documents/8vo_Semestre/Geometría Computacional/Lab/practica02p1/src/lib/librb_tree.so
7f5e46da3000-7f5e46da5000 r-xp 00000000 08:01 13893850                   /home/alex/Documents/8vo_Semestre/Geometría Computacional/Lab/practica02p1/src/lib/libdouble_linked_list.so
7f5e46da5000-7f5e46fa4000 ---p 00002000 08:01 13893850                   /home/alex/Documents/8vo_Semestre/Geometría Computacional/Lab/practica02p1/src/lib/libdouble_linked_list.so
7f5e46fa4000-7f5e46fa5000 r--p 00001000 08:01 13893850                   /home/alex/Documents/8vo_Semestre/Geometría Computacional/Lab/practica02p1/src/lib/libdouble_linked_list.so
7f5e46fa5000-7f5e46fa6000 rw-p 00002000 08:01 13893850                   /home/alex/Documents/8vo_Semestre/Geometría Computacional/Lab/practica02p1/src/lib/libdouble_linked_list.so
7f5e46fa6000-7f5e46fa7000 r-xp 00000000 08:01 13893835                   /home/alex/Documents/8vo_Semestre/Geometría Computacional/Lab/practica02p1/src/lib/libhalf_edge.so
7f5e46fa7000-7f5e471a7000 ---p 00001000 08:01 13893835                   /home/alex/Documents/8vo_Semestre/Geometría Computacional/Lab/practica02p1/src/lib/libhalf_edge.so
7f5e471a7000-7f5e471a8000 r--p 00001000 08:01 13893835                   /home/alex/Documents/8vo_Semestre/Geometría Computacional/Lab/practica02p1/src/lib/libhalf_edge.so
7f5e471a8000-7f5e471a9000 rw-p 00002000 08:01 13893835                   /home/alex/Documents/8vo_Semestre/Geometría Computacional/Lab/practica02p1/src/lib/libhalf_edge.so
7f5e471a9000-7f5e471aa000 r-xp 00000000 08:01 13893834                   /home/alex/Documents/8vo_Semestre/Geometría Computacional/Lab/practica02p1/src/lib/lib2d_points.so
7f5e471aa000-7f5e473a9000 ---p 00001000 08:01 13893834                   /home/alex/Documents/8vo_Semestre/Geometría Computacional/Lab/practica02p1/src/lib/lib2d_points.so
7f5e473a9000-7f5e473aa000 r--p 00000000 08:01 13893834                   /home/alex/Documents/8vo_Semestre/Geometría Computacional/Lab/practica02p1/src/lib/lib2d_points.so
7f5e473aa000-7f5e473ab000 rw-p 00001000 08:01 13893834                   /home/alex/Documents/8vo_Semestre/Geometría Computacional/Lab/practica02p1/src/lib/lib2d_points.so
7f5e473ab000-7f5e473ae000 ---p 00000000 00:00 0 
7f5e473ae000-7f5e475ac000 rw-p 00000000 00:00 0                          [stack:27589]
7f5e475ac000-7f5e475af000 ---p 00000000 00:00 0 
7f5e475af000-7f5e477ad000 rw-p 00000000 00:00 0 
7f5e477ad000-7f5e477b0000 ---p 00000000 00:00 0 
7f5e477b0000-7f5e479ae000 rw-p 00000000 00:00 0 
7f5e479ae000-7f5e479b1000 ---p 00000000 00:00 0 
7f5e479b1000-7f5e47baf000 rw-p 00000000 00:00 0                          [stack:27466]
7f5e47baf000-7f5e47bc1000 r-xp 00000000 08:01 12059135                   /home/alex/.rbenv/versions/jruby-1.7.10/lib/jni/x86_64-Linux/libjffi-1.2.so
7f5e47bc1000-7f5e47dc0000 ---p 00012000 08:01 12059135                   /home/alex/.rbenv/versions/jruby-1.7.10/lib/jni/x86_64-Linux/libjffi-1.2.so
7f5e47dc0000-7f5e47dc1000 rw-p 00011000 08:01 12059135                   /home/alex/.rbenv/versions/jruby-1.7.10/lib/jni/x86_64-Linux/libjffi-1.2.so
7f5e47dc1000-7f5e47dfe000 r-xp 00000000 08:01 8130434                    /lib/x86_64-linux-gnu/libpcre.so.3.13.1
7f5e47dfe000-7f5e47ffe000 ---p 0003d000 08:01 8130434                    /lib/x86_64-linux-gnu/libpcre.so.3.13.1
7f5e47ffe000-7f5e47fff000 r--p 0003d000 08:01 8130434                    /lib/x86_64-linux-gnu/libpcre.so.3.13.1
7f5e47fff000-7f5e48000000 rw-p 0003e000 08:01 8130434                    /lib/x86_64-linux-gnu/libpcre.so.3.13.1
7f5e48000000-7f5e48021000 rw-p 00000000 00:00 0 
7f5e48021000-7f5e4c000000 ---p 00000000 00:00 0 
7f5e4c002000-7f5e4c012000 r-xp 00000000 08:01 15861288                   /usr/lib/jvm/java-7-openjdk-amd64/jre/lib/amd64/libnio.so
7f5e4c012000-7f5e4c212000 ---p 00010000 08:01 15861288                   /usr/lib/jvm/java-7-openjdk-amd64/jre/lib/amd64/libnio.so
7f5e4c212000-7f5e4c213000 r--p 00010000 08:01 15861288                   /usr/lib/jvm/java-7-openjdk-amd64/jre/lib/amd64/libnio.so
7f5e4c213000-7f5e4c214000 rw-p 00011000 08:01 15861288                   /usr/lib/jvm/java-7-openjdk-amd64/jre/lib/amd64/libnio.so
7f5e4c214000-7f5e4c21b000 r-xp 00000000 08:01 15735894                   /usr/lib/x86_64-linux-gnu/libffi.so.6.0.1
7f5e4c21b000-7f5e4c41a000 ---p 00007000 08:01 15735894                   /usr/lib/x86_64-linux-gnu/libffi.so.6.0.1
7f5e4c41a000-7f5e4c41b000 r--p 00006000 08:01 15735894                   /usr/lib/x86_64-linux-gnu/libffi.so.6.0.1
7f5e4c41b000-7f5e4c41c000 rw-p 00007000 08:01 15735894                   /usr/lib/x86_64-linux-gnu/libffi.so.6.0.1
7f5e4c41c000-7f5e4c432000 r-xp 00000000 08:01 8130457                    /lib/x86_64-linux-gnu/libresolv-2.17.so
7f5e4c432000-7f5e4c632000 ---p 00016000 08:01 8130457                    /lib/x86_64-linux-gnu/libresolv-2.17.so
7f5e4c632000-7f5e4c633000 r--p 00016000 08:01 8130457                    /lib/x86_64-linux-gnu/libresolv-2.17.so
7f5e4c633000-7f5e4c634000 rw-p 00017000 08:01 8130457                    /lib/x86_64-linux-gnu/libresolv-2.17.so
7f5e4c634000-7f5e4c636000 rw-p 00000000 00:00 0 
7f5e4c636000-7f5e4c655000 r-xp 00000000 08:01 8130461                    /lib/x86_64-linux-gnu/libselinux.so.1
7f5e4c655000-7f5e4c855000 ---p 0001f000 08:01 8130461                    /lib/x86_64-linux-gnu/libselinux.so.1
7f5e4c855000-7f5e4c856000 r--p 0001f000 08:01 8130461                    /lib/x86_64-linux-gnu/libselinux.so.1
7f5e4c856000-7f5e4c857000 rw-p 00020000 08:01 8130461                    /lib/x86_64-linux-gnu/libselinux.so.1
7f5e4c857000-7f5e4c858000 rw-p 00000000 00:00 0 
7f5e4c858000-7f5e4c85b000 r-xp 00000000 08:01 15729078                   /usr/lib/x86_64-linux-gnu/libgmodule-2.0.so.0.3800.1
7f5e4c85b000-7f5e4ca5a000 ---p 00003000 08:01 15729078                   /usr/lib/x86_64-linux-gnu/libgmodule-2.0.so.0.3800.1
7f5e4ca5a000-7f5e4ca5b000 r--p 00002000 08:01 15729078                   /usr/lib/x86_64-linux-gnu/libgmodule-2.0.so.0.3800.1
7f5e4ca5b000-7f5e4ca5c000 rw-p 00003000 08:01 15729078                   /usr/lib/x86_64-linux-gnu/libgmodule-2.0.so.0.3800.1
7f5e4ca5c000-7f5e4cb5a000 r-xp 00000000 08:01 8130449                    /lib/x86_64-linux-gnu/libglib-2.0.so.0.3800.1
7f5e4cb5a000-7f5e4cd5a000 ---p 000fe000 08:01 8130449                    /lib/x86_64-linux-gnu/libglib-2.0.so.0.3800.1
7f5e4cd5a000-7f5e4cd5b000 r--p 000fe000 08:01 8130449                    /lib/x86_64-linux-gnu/libglib-2.0.so.0.3800.1
7f5e4cd5b000-7f5e4cd5c000 rw-p 000ff000 08:01 8130449                    /lib/x86_64-linux-gnu/libglib-2.0.so.0.3800.1
7f5e4cd5c000-7f5e4cd5d000 rw-p 00000000 00:00 0 
7f5e4cd5d000-7f5e4cdac000 r-xp 00000000 08:01 15729069                   /usr/lib/x86_64-linux-gnu/libgobject-2.0.so.0.3800.1
7f5e4cdac000-7f5e4cfac000 ---p 0004f000 08:01 15729069                   /usr/lib/x86_64-linux-gnu/libgobject-2.0.so.0.3800.1
7f5e4cfac000-7f5e4cfad000 r--p 0004f000 08:01 15729069                   /usr/lib/x86_64-linux-gnu/libgobject-2.0.so.0.3800.1
7f5e4cfad000-7f5e4cfae000 rw-p 00050000 08:01 15729069                   /usr/lib/x86_64-linux-gnu/libgobject-2.0.so.0.3800.1
7f5e4cfae000-7f5e4d10a000 r-xp 00000000 08:01 15729043                   /usr/lib/x86_64-linux-gnu/libgio-2.0.so.0.3800.1
7f5e4d10a000-7f5e4d309000 ---p 0015c000 08:01 15729043                   /usr/lib/x86_64-linux-gnu/libgio-2.0.so.0.3800.1
7f5e4d309000-7f5e4d30d000 r--p 0015b000 08:01 15729043                   /usr/lib/x86_64-linux-gnu/libgio-2.0.so.0.3800.1
7f5e4d30d000-7f5e4d30f000 rw-p 0015f000 08:01 15729043                   /usr/lib/x86_64-linux-gnu/libgio-2.0.so.0.3800.1
7f5e4d30f000-7f5e4d311000 rw-p 00000000 00:00 0 
7f5e4d311000-7f5e4d327000 r-xp 00000000 08:01 15861076                   /usr/lib/jvm/java-7-openjdk-amd64/jre/lib/amd64/libnet.so
7f5e4d327000-7f5e4d526000 ---p 00016000 08:01 15861076                   /usr/lib/jvm/java-7-openjdk-amd64/jre/lib/amd64/libnet.so
7f5e4d526000-7f5e4d527000 r--p 00015000 08:01 15861076                   /usr/lib/jvm/java-7-openjdk-amd64/jre/lib/amd64/libnet.so
7f5e4d527000-7f5e4d528000 rw-p 00016000 08:01 15861076                   /usr/lib/jvm/java-7-openjdk-amd64/jre/lib/amd64/libnet.so
7f5e4d528000-7f5e4d529000 ---p 00000000 00:00 0 
7f5e4d529000-7f5e4d629000 rw-p 00000000 00:00 0                          [stack:27465]
7f5e4d629000-7f5e4d62c000 ---p 00000000 00:00 0 
7f5e4d62c000-7f5e4d82a000 rw-p 00000000 00:00 0                          [stack:27464]
7f5e4d82a000-7f5e4d82d000 ---p 00000000 00:00 0 
7f5e4d82d000-7f5e4d92b000 rw-p 00000000 00:00 0                          [stack:27463]
7f5e4d92b000-7f5e4d92e000 ---p 00000000 00:00 0 
7f5e4d92e000-7f5e4da2c000 rw-p 00000000 00:00 0                          [stack:27462]
7f5e4da2c000-7f5e4da2f000 ---p 00000000 00:00 0 
7f5e4da2f000-7f5e4dc2d000 rw-p 00000000 00:00 0                          [stack:27461]
7f5e4dc2d000-7f5e4e027000 r--p 00000000 08:01 15734328                   /usr/lib/locale/locale-archive
7f5e4e027000-7f5e4e02a000 ---p 00000000 00:00 0 
7f5e4e02a000-7f5e4e228000 rw-p 00000000 00:00 0                          [stack:27460]
7f5e4e228000-7f5e4e22b000 ---p 00000000 00:00 0 
7f5e4e22b000-7f5e4e429000 rw-p 00000000 00:00 0                          [stack:27459]
7f5e4e429000-7f5e4e42a000 ---p 00000000 00:00 0 
7f5e4e42a000-7f5e50000000 rw-p 00000000 00:00 0                          [stack:27458]
7f5e50000000-7f5e50021000 rw-p 00000000 00:00 0 
7f5e50021000-7f5e54000000 ---p 00000000 00:00 0 
7f5e54013000-7f5e54016000 ---p 00000000 00:00 0 
7f5e54016000-7f5e54a02000 rw-p 00000000 00:00 0                          [stack:27469]
7f5e54a02000-7f5e54aeb000 r--s 00bb9000 08:01 12059138                   /home/alex/.rbenv/versions/jruby-1.7.10/lib/jruby.jar
7f5e54aeb000-7f5e54b33000 rw-p 00000000 00:00 0 
7f5e54b33000-7f5e54ce1000 r--s 01cf4000 08:01 15861374                   /usr/lib/jvm/java-7-openjdk-amd64/jre/lib/rt.jar
7f5e54ce1000-7f5e54eff000 rw-p 00000000 00:00 0 
7f5e54eff000-7f5e54f00000 ---p 00000000 00:00 0 
7f5e54f00000-7f5e55000000 rw-p 00000000 00:00 0                          [stack:27457]
7f5e55000000-7f5e55270000 rwxp 00000000 00:00 0 
7f5e55270000-7f5e58510000 rw-p 00000000 00:00 0 
7f5e58510000-7f5e5c000000 ---p 00000000 00:00 0 
7f5e5c002000-7f5e5c003000 rw-p 00000000 00:00 0 
7f5e5c003000-7f5e5c004000 r-xp 00000000 00:00 0 
7f5e5c004000-7f5e5c00b000 r--s 00000000 08:01 16127910                   /usr/lib/x86_64-linux-gnu/gconv/gconv-modules.cache
7f5e5c00b000-7f5e5c00d000 r--s 00012000 08:01 15861308                   /usr/lib/jvm/java-7-openjdk-amd64/jre/lib/ext/zipfs.jar
7f5e5c00d000-7f5e5c010000 r--s 00032000 08:01 15861310                   /usr/lib/jvm/java-7-openjdk-amd64/jre/lib/ext/sunjce_provider.jar
7f5e5c010000-7f5e5c014000 r--s 00085000 08:01 15861304                   /usr/lib/jvm/java-7-openjdk-amd64/jre/lib/ext/localedata.jar
7f5e5c014000-7f5e5c016000 r--s 00006000 08:01 16256853                   /usr/share/java/java-atk-wrapper.jar
7f5e5c016000-7f5e5c017000 r--s 00002000 08:01 15861314                   /usr/lib/jvm/java-7-openjdk-amd64/jre/lib/ext/dnsns.jar
7f5e5c017000-7f5e5c01a000 r--s 0000f000 08:01 15861306                   /usr/lib/jvm/java-7-openjdk-amd64/jre/lib/ext/pulse-java.jar
7f5e5c01a000-7f5e5c01e000 r--s 0003b000 08:01 15861316                   /usr/lib/jvm/java-7-openjdk-amd64/jre/lib/ext/sunpkcs11.jar
7f5e5c01e000-7f5e5c046000 rw-p 00000000 00:00 0 
7f5e5c046000-7f5e5c047000 ---p 00000000 00:00 0 
7f5e5c047000-7f5e5c147000 rw-p 00000000 00:00 0                          [stack:27456]
7f5e5c147000-7f5e5c148000 ---p 00000000 00:00 0 
7f5e5c148000-7f5e5c248000 rw-p 00000000 00:00 0                          [stack:27455]
7f5e5c248000-7f5e5c249000 ---p 00000000 00:00 0 
7f5e5c249000-7f5e5c356000 rw-p 00000000 00:00 0                          [stack:27454]
7f5e5c356000-7f5e5c39c000 rw-p 00000000 00:00 0 
7f5e5c39c000-7f5e5c3af000 rw-p 00000000 00:00 0 
7f5e5c3af000-7f5e5c442000 rw-p 00000000 00:00 0 
7f5e5c442000-7f5e5c463000 rw-p 00000000 00:00 0 
7f5e5c463000-7f5e5c496000 rw-p 00000000 00:00 0 
7f5e5c496000-7f5e5c497000 rw-p 00000000 00:00 0 
7f5e5c497000-7f5e5c49f000 r-xp 00000000 08:01 15861025                   /usr/lib/jvm/java-7-openjdk-amd64/jre/lib/amd64/libzip.so
7f5e5c49f000-7f5e5c69e000 ---p 00008000 08:01 15861025                   /usr/lib/jvm/java-7-openjdk-amd64/jre/lib/amd64/libzip.so
7f5e5c69e000-7f5e5c69f000 r--p 00007000 08:01 15861025                   /usr/lib/jvm/java-7-openjdk-amd64/jre/lib/amd64/libzip.so
7f5e5c69f000-7f5e5c6a0000 rw-p 00008000 08:01 15861025                   /usr/lib/jvm/java-7-openjdk-amd64/jre/lib/amd64/libzip.so
7f5e5c6a0000-7f5e5c6ac000 r-xp 00000000 08:01 8130412                    /lib/x86_64-linux-gnu/libnss_files-2.17.so
7f5e5c6ac000-7f5e5c8ab000 ---p 0000c000 08:01 8130412                    /lib/x86_64-linux-gnu/libnss_files-2.17.so
7f5e5c8ab000-7f5e5c8ac000 r--p 0000b000 08:01 8130412                    /lib/x86_64-linux-gnu/libnss_files-2.17.so
7f5e5c8ac000-7f5e5c8ad000 rw-p 0000c000 08:01 8130412                    /lib/x86_64-linux-gnu/libnss_files-2.17.so
7f5e5c8ad000-7f5e5c8b8000 r-xp 00000000 08:01 8130416                    /lib/x86_64-linux-gnu/libnss_nis-2.17.so
7f5e5c8b8000-7f5e5cab7000 ---p 0000b000 08:01 8130416                    /lib/x86_64-linux-gnu/libnss_nis-2.17.so
7f5e5cab7000-7f5e5cab8000 r--p 0000a000 08:01 8130416                    /lib/x86_64-linux-gnu/libnss_nis-2.17.so
7f5e5cab8000-7f5e5cab9000 rw-p 0000b000 08:01 8130416                    /lib/x86_64-linux-gnu/libnss_nis-2.17.so
7f5e5cab9000-7f5e5cad0000 r-xp 00000000 08:01 8130406                    /lib/x86_64-linux-gnu/libnsl-2.17.so
7f5e5cad0000-7f5e5cccf000 ---p 00017000 08:01 8130406                    /lib/x86_64-linux-gnu/libnsl-2.17.so
7f5e5cccf000-7f5e5ccd0000 r--p 00016000 08:01 8130406                    /lib/x86_64-linux-gnu/libnsl-2.17.so
7f5e5ccd0000-7f5e5ccd1000 rw-p 00017000 08:01 8130406                    /lib/x86_64-linux-gnu/libnsl-2.17.so
7f5e5ccd1000-7f5e5ccd3000 rw-p 00000000 00:00 0 
7f5e5ccd3000-7f5e5ccdb000 r-xp 00000000 08:01 8130408                    /lib/x86_64-linux-gnu/libnss_compat-2.17.so
7f5e5ccdb000-7f5e5ceda000 ---p 00008000 08:01 8130408                    /lib/x86_64-linux-gnu/libnss_compat-2.17.so
7f5e5ceda000-7f5e5cedb000 r--p 00007000 08:01 8130408                    /lib/x86_64-linux-gnu/libnss_compat-2.17.so
7f5e5cedb000-7f5e5cedc000 rw-p 00008000 08:01 8130408                    /lib/x86_64-linux-gnu/libnss_compat-2.17.so
7f5e5cedc000-7f5e5cf07000 r-xp 00000000 08:01 15860951                   /usr/lib/jvm/java-7-openjdk-amd64/jre/lib/amd64/libjava.so
7f5e5cf07000-7f5e5d106000 ---p 0002b000 08:01 15860951                   /usr/lib/jvm/java-7-openjdk-amd64/jre/lib/amd64/libjava.so
7f5e5d106000-7f5e5d107000 r--p 0002a000 08:01 15860951                   /usr/lib/jvm/java-7-openjdk-amd64/jre/lib/amd64/libjava.so
7f5e5d107000-7f5e5d109000 rw-p 0002b000 08:01 15860951                   /usr/lib/jvm/java-7-openjdk-amd64/jre/lib/amd64/libjava.so
7f5e5d109000-7f5e5d119000 r-xp 00000000 08:01 15861265                   /usr/lib/jvm/java-7-openjdk-amd64/jre/lib/amd64/libverify.so
7f5e5d119000-7f5e5d318000 ---p 00010000 08:01 15861265                   /usr/lib/jvm/java-7-openjdk-amd64/jre/lib/amd64/libverify.so
7f5e5d318000-7f5e5d31a000 r--p 0000f000 08:01 15861265                   /usr/lib/jvm/java-7-openjdk-amd64/jre/lib/amd64/libverify.so
7f5e5d31a000-7f5e5d31b000 rw-p 00011000 08:01 15861265                   /usr/lib/jvm/java-7-openjdk-amd64/jre/lib/amd64/libverify.so
7f5e5d31b000-7f5e5d322000 r-xp 00000000 08:01 8130459                    /lib/x86_64-linux-gnu/librt-2.17.so
7f5e5d322000-7f5e5d521000 ---p 00007000 08:01 8130459                    /lib/x86_64-linux-gnu/librt-2.17.so
7f5e5d521000-7f5e5d522000 r--p 00006000 08:01 8130459                    /lib/x86_64-linux-gnu/librt-2.17.so
7f5e5d522000-7f5e5d523000 rw-p 00007000 08:01 8130459                    /lib/x86_64-linux-gnu/librt-2.17.so
7f5e5d523000-7f5e5d526000 ---p 00000000 00:00 0 
7f5e5d526000-7f5e5d724000 rw-p 00000000 00:00 0                          [stack:27453]
7f5e5d724000-7f5e5d739000 r-xp 00000000 08:01 8126477                    /lib/x86_64-linux-gnu/libgcc_s.so.1
7f5e5d739000-7f5e5d938000 ---p 00015000 08:01 8126477                    /lib/x86_64-linux-gnu/libgcc_s.so.1
7f5e5d938000-7f5e5d939000 r--p 00014000 08:01 8126477                    /lib/x86_64-linux-gnu/libgcc_s.so.1
7f5e5d939000-7f5e5d93a000 rw-p 00015000 08:01 8126477                    /lib/x86_64-linux-gnu/libgcc_s.so.1
7f5e5d93a000-7f5e5da3d000 r-xp 00000000 08:01 8130387                    /lib/x86_64-linux-gnu/libm-2.17.so
7f5e5da3d000-7f5e5dc3c000 ---p 00103000 08:01 8130387                    /lib/x86_64-linux-gnu/libm-2.17.so
7f5e5dc3c000-7f5e5dc3d000 r--p 00102000 08:01 8130387                    /lib/x86_64-linux-gnu/libm-2.17.so
7f5e5dc3d000-7f5e5dc3e000 rw-p 00103000 08:01 8130387                    /lib/x86_64-linux-gnu/libm-2.17.so
7f5e5dc3e000-7f5e5dd24000 r-xp 00000000 08:01 15729831                   /usr/lib/x86_64-linux-gnu/libstdc++.so.6.0.18
7f5e5dd24000-7f5e5df23000 ---p 000e6000 08:01 15729831                   /usr/lib/x86_64-linux-gnu/libstdc++.so.6.0.18
7f5e5df23000-7f5e5df2b000 r--p 000e5000 08:01 15729831                   /usr/lib/x86_64-linux-gnu/libstdc++.so.6.0.18
7f5e5df2b000-7f5e5df2d000 rw-p 000ed000 08:01 15729831                   /usr/lib/x86_64-linux-gnu/libstdc++.so.6.0.18
7f5e5df2d000-7f5e5df42000 rw-p 00000000 00:00 0 
7f5e5df42000-7f5e5ea21000 r-xp 00000000 08:01 15861284                   /usr/lib/jvm/java-7-openjdk-amd64/jre/lib/amd64/server/libjvm.so
7f5e5ea21000-7f5e5ec20000 ---p 00adf000 08:01 15861284                   /usr/lib/jvm/java-7-openjdk-amd64/jre/lib/amd64/server/libjvm.so
7f5e5ec20000-7f5e5ecb2000 r--p 00ade000 08:01 15861284                   /usr/lib/jvm/java-7-openjdk-amd64/jre/lib/amd64/server/libjvm.so
7f5e5ecb2000-7f5e5ecd5000 rw-p 00b70000 08:01 15861284                   /usr/lib/jvm/java-7-openjdk-amd64/jre/lib/amd64/server/libjvm.so
7f5e5ecd5000-7f5e5ed02000 rw-p 00000000 00:00 0 
7f5e5ed02000-7f5e5ed1a000 r-xp 00000000 08:01 8130494                    /lib/x86_64-linux-gnu/libz.so.1.2.8
7f5e5ed1a000-7f5e5ef19000 ---p 00018000 08:01 8130494                    /lib/x86_64-linux-gnu/libz.so.1.2.8
7f5e5ef19000-7f5e5ef1a000 r--p 00017000 08:01 8130494                    /lib/x86_64-linux-gnu/libz.so.1.2.8
7f5e5ef1a000-7f5e5ef1b000 rw-p 00018000 08:01 8130494                    /lib/x86_64-linux-gnu/libz.so.1.2.8
7f5e5ef1b000-7f5e5ef32000 r-xp 00000000 08:01 8130451                    /lib/x86_64-linux-gnu/libpthread-2.17.so
7f5e5ef32000-7f5e5f132000 ---p 00017000 08:01 8130451                    /lib/x86_64-linux-gnu/libpthread-2.17.so
7f5e5f132000-7f5e5f133000 r--p 00017000 08:01 8130451                    /lib/x86_64-linux-gnu/libpthread-2.17.so
7f5e5f133000-7f5e5f134000 rw-p 00018000 08:01 8130451                    /lib/x86_64-linux-gnu/libpthread-2.17.so
7f5e5f134000-7f5e5f138000 rw-p 00000000 00:00 0 
7f5e5f138000-7f5e5f13b000 r-xp 00000000 08:01 8130351                    /lib/x86_64-linux-gnu/libdl-2.17.so
7f5e5f13b000-7f5e5f33a000 ---p 00003000 08:01 8130351                    /lib/x86_64-linux-gnu/libdl-2.17.so
7f5e5f33a000-7f5e5f33b000 r--p 00002000 08:01 8130351                    /lib/x86_64-linux-gnu/libdl-2.17.so
7f5e5f33b000-7f5e5f33c000 rw-p 00003000 08:01 8130351                    /lib/x86_64-linux-gnu/libdl-2.17.so
7f5e5f33c000-7f5e5f4f9000 r-xp 00000000 08:01 8130336                    /lib/x86_64-linux-gnu/libc-2.17.so
7f5e5f4f9000-7f5e5f6f9000 ---p 001bd000 08:01 8130336                    /lib/x86_64-linux-gnu/libc-2.17.so
7f5e5f6f9000-7f5e5f6fd000 r--p 001bd000 08:01 8130336                    /lib/x86_64-linux-gnu/libc-2.17.so
7f5e5f6fd000-7f5e5f6ff000 rw-p 001c1000 08:01 8130336                    /lib/x86_64-linux-gnu/libc-2.17.so
7f5e5f6ff000-7f5e5f704000 rw-p 00000000 00:00 0 
7f5e5f704000-7f5e5f711000 r-xp 00000000 08:01 15861291                   /usr/lib/jvm/java-7-openjdk-amd64/jre/lib/amd64/jli/libjli.so
7f5e5f711000-7f5e5f910000 ---p 0000d000 08:01 15861291                   /usr/lib/jvm/java-7-openjdk-amd64/jre/lib/amd64/jli/libjli.so
7f5e5f910000-7f5e5f911000 r--p 0000c000 08:01 15861291                   /usr/lib/jvm/java-7-openjdk-amd64/jre/lib/amd64/jli/libjli.so
7f5e5f911000-7f5e5f912000 rw-p 0000d000 08:01 15861291                   /usr/lib/jvm/java-7-openjdk-amd64/jre/lib/amd64/jli/libjli.so
7f5e5f912000-7f5e5f935000 r-xp 00000000 08:01 8130312                    /lib/x86_64-linux-gnu/ld-2.17.so
7f5e5f935000-7f5e5f93a000 r--s 0004c000 08:01 15861296                   /usr/lib/jvm/java-7-openjdk-amd64/jre/lib/jsse.jar
7f5e5f93a000-7f5e5f968000 rw-p 00000000 00:00 0 
7f5e5f968000-7f5e5f9ae000 rw-p 00000000 00:00 0 
7f5e5f9ae000-7f5e5f9c1000 rw-p 00000000 00:00 0 
7f5e5f9c1000-7f5e5fa55000 rw-p 00000000 00:00 0 
7f5e5fa55000-7f5e5fa5f000 rw-p 00000000 00:00 0 
7f5e5fa5f000-7f5e5fb15000 rw-p 00000000 00:00 0 
7f5e5fb15000-7f5e5fb28000 rw-p 00000000 00:00 0 
7f5e5fb28000-7f5e5fb30000 rw-s 00000000 08:01 5767366                    /tmp/hsperfdata_alex/27428
7f5e5fb30000-7f5e5fb31000 rw-p 00000000 00:00 0 
7f5e5fb31000-7f5e5fb32000 r--p 00000000 00:00 0 
7f5e5fb32000-7f5e5fb34000 rw-p 00000000 00:00 0 
7f5e5fb34000-7f5e5fb35000 r--p 00022000 08:01 8130312                    /lib/x86_64-linux-gnu/ld-2.17.so
7f5e5fb35000-7f5e5fb37000 rw-p 00023000 08:01 8130312                    /lib/x86_64-linux-gnu/ld-2.17.so
7fffd1de7000-7fffd1e08000 rw-p 00000000 00:00 0                          [stack]
7fffd1ea4000-7fffd1ea6000 r-xp 00000000 00:00 0                          [vdso]
ffffffffff600000-ffffffffff601000 r-xp 00000000 00:00 0                  [vsyscall]

VM Arguments:
jvm_args: -Djdk.home= -Djruby.home=/home/alex/.rbenv/versions/jruby-1.7.10 -Djruby.script=jruby -Djruby.shell=/bin/sh -Djffi.boot.library.path=/home/alex/.rbenv/versions/jruby-1.7.10/lib/jni:/home/alex/.rbenv/versions/jruby-1.7.10/lib/jni/i386-Linux:/home/alex/.rbenv/versions/jruby-1.7.10/lib/jni/arm-Linux:/home/alex/.rbenv/versions/jruby-1.7.10/lib/jni/x86_64-Linux -Xmx500m -Xss2048k -Xbootclasspath/a:/home/alex/.rbenv/versions/jruby-1.7.10/lib/jruby.jar 
java_command: org/jruby/Main Makefile.rb clean compile test clean
Launcher Type: SUN_STANDARD

Environment Variables:
PATH=/home/alex/.rbenv/versions/jruby-1.7.10/bin:/home/alex/.rbenv/libexec:/home/alex/.rbenv/plugins/ruby-build/bin:/home/alex/.rbenv/shims:~/.rbenv/bin:~/.rbenv/bin:/usr/local/sbin:/usr/local/bin:/usr/sbin:/usr/bin:/sbin:/bin:/usr/games:/usr/local/games
USERNAME=alex
SHELL=/bin/bash
DISPLAY=:0

Signal Handlers:
SIGSEGV: [libjvm.so+0x916ea0], sa_mask[0]=0x7ffbfeff, sa_flags=0x10000004
SIGBUS: [libjvm.so+0x916ea0], sa_mask[0]=0x7ffbfeff, sa_flags=0x10000004
SIGFPE: [libjvm.so+0x794800], sa_mask[0]=0x7ffbfeff, sa_flags=0x10000004
SIGPIPE: [libjvm.so+0x794800], sa_mask[0]=0x7ffbfeff, sa_flags=0x10000004
SIGXFSZ: [libjvm.so+0x794800], sa_mask[0]=0x7ffbfeff, sa_flags=0x10000004
SIGILL: [libjvm.so+0x794800], sa_mask[0]=0x7ffbfeff, sa_flags=0x10000004
SIGUSR1: SIG_DFL, sa_mask[0]=0x00000000, sa_flags=0x00000000
SIGUSR2: [libjvm.so+0x7946a0], sa_mask[0]=0x00000000, sa_flags=0x10000004
SIGHUP: [libjvm.so+0x794880], sa_mask[0]=0x7ffbfeff, sa_flags=0x10000004
SIGINT: [libjvm.so+0x794880], sa_mask[0]=0x7ffbfeff, sa_flags=0x10000004
SIGTERM: [libjvm.so+0x794880], sa_mask[0]=0x7ffbfeff, sa_flags=0x10000004
SIGQUIT: [libjvm.so+0x794880], sa_mask[0]=0x7ffbfeff, sa_flags=0x10000004


---------------  S Y S T E M  ---------------

OS:LinuxMint 16 (petra)
uname:Linux 3.11.0-12-generic #19-Ubuntu SMP Wed Oct 9 16:20:46 UTC 2013 x86_64
libc:glibc 2.17 NPTL 2.17 
rlimit: STACK 8192k, CORE 0k, NPROC 28798, NOFILE 4096, AS infinity
load average:0,61 0,69 0,60

/proc/meminfo:
MemTotal:        3715476 kB
MemFree:         1157608 kB
Buffers:          101796 kB
Cached:          1266432 kB
SwapCached:           28 kB
Active:          1486332 kB
Inactive:         874564 kB
Active(anon):     883808 kB
Inactive(anon):   356372 kB
Active(file):     602524 kB
Inactive(file):   518192 kB
Unevictable:          44 kB
Mlocked:              44 kB
SwapTotal:       3856380 kB
SwapFree:        3855740 kB
Dirty:               432 kB
Writeback:             0 kB
AnonPages:        992692 kB
Mapped:           203708 kB
Shmem:            247512 kB
Slab:             115604 kB
SReclaimable:      87084 kB
SUnreclaim:        28520 kB
KernelStack:        3832 kB
PageTables:        29128 kB
NFS_Unstable:          0 kB
Bounce:                0 kB
WritebackTmp:          0 kB
CommitLimit:     5714116 kB
Committed_AS:    3803756 kB
VmallocTotal:   34359738367 kB
VmallocUsed:      414940 kB
VmallocChunk:   34359311484 kB
HardwareCorrupted:     0 kB
AnonHugePages:         0 kB
HugePages_Total:       0
HugePages_Free:        0
HugePages_Rsvd:        0
HugePages_Surp:        0
Hugepagesize:       2048 kB
DirectMap4k:       56528 kB
DirectMap2M:     3801088 kB


CPU:total 4 (2 cores per cpu, 2 threads per core) family 6 model 37 stepping 5, cmov, cx8, fxsr, mmx, sse, sse2, sse3, ssse3, sse4.1, sse4.2, popcnt, ht, tsc, tscinvbit

/proc/cpuinfo:
processor	: 0
vendor_id	: GenuineIntel
cpu family	: 6
model		: 37
model name	: Intel(R) Core(TM) i3 CPU       M 380  @ 2.53GHz
stepping	: 5
microcode	: 0x2
cpu MHz		: 933.000
cache size	: 3072 KB
physical id	: 0
siblings	: 4
core id		: 0
cpu cores	: 2
apicid		: 0
initial apicid	: 0
fpu		: yes
fpu_exception	: yes
cpuid level	: 11
wp		: yes
flags		: fpu vme de pse tsc msr pae mce cx8 apic sep mtrr pge mca cmov pat pse36 clflush dts acpi mmx fxsr sse sse2 ss ht tm pbe syscall nx rdtscp lm constant_tsc arch_perfmon pebs bts rep_good nopl xtopology nonstop_tsc aperfmperf pni dtes64 monitor ds_cpl vmx est tm2 ssse3 cx16 xtpr pdcm pcid sse4_1 sse4_2 popcnt lahf_lm arat dtherm tpr_shadow vnmi flexpriority ept vpid
bogomips	: 5054.41
clflush size	: 64
cache_alignment	: 64
address sizes	: 36 bits physical, 48 bits virtual
power management:

processor	: 1
vendor_id	: GenuineIntel
cpu family	: 6
model		: 37
model name	: Intel(R) Core(TM) i3 CPU       M 380  @ 2.53GHz
stepping	: 5
microcode	: 0x2
cpu MHz		: 933.000
cache size	: 3072 KB
physical id	: 0
siblings	: 4
core id		: 0
cpu cores	: 2
apicid		: 1
initial apicid	: 1
fpu		: yes
fpu_exception	: yes
cpuid level	: 11
wp		: yes
flags		: fpu vme de pse tsc msr pae mce cx8 apic sep mtrr pge mca cmov pat pse36 clflush dts acpi mmx fxsr sse sse2 ss ht tm pbe syscall nx rdtscp lm constant_tsc arch_perfmon pebs bts rep_good nopl xtopology nonstop_tsc aperfmperf pni dtes64 monitor ds_cpl vmx est tm2 ssse3 cx16 xtpr pdcm pcid sse4_1 sse4_2 popcnt lahf_lm arat dtherm tpr_shadow vnmi flexpriority ept vpid
bogomips	: 5054.41
clflush size	: 64
cache_alignment	: 64
address sizes	: 36 bits physical, 48 bits virtual
power management:

processor	: 2
vendor_id	: GenuineIntel
cpu family	: 6
model		: 37
model name	: Intel(R) Core(TM) i3 CPU       M 380  @ 2.53GHz
stepping	: 5
microcode	: 0x2
cpu MHz		: 933.000
cache size	: 3072 KB
physical id	: 0
siblings	: 4
core id		: 2
cpu cores	: 2
apicid		: 4
initial apicid	: 4
fpu		: yes
fpu_exception	: yes
cpuid level	: 11
wp		: yes
flags		: fpu vme de pse tsc msr pae mce cx8 apic sep mtrr pge mca cmov pat pse36 clflush dts acpi mmx fxsr sse sse2 ss ht tm pbe syscall nx rdtscp lm constant_tsc arch_perfmon pebs bts rep_good nopl xtopology nonstop_tsc aperfmperf pni dtes64 monitor ds_cpl vmx est tm2 ssse3 cx16 xtpr pdcm pcid sse4_1 sse4_2 popcnt lahf_lm arat dtherm tpr_shadow vnmi flexpriority ept vpid
bogomips	: 5054.41
clflush size	: 64
cache_alignment	: 64
address sizes	: 36 bits physical, 48 bits virtual
power management:

processor	: 3
vendor_id	: GenuineIntel
cpu family	: 6
model		: 37
model name	: Intel(R) Core(TM) i3 CPU       M 380  @ 2.53GHz
stepping	: 5
microcode	: 0x2
cpu MHz		: 933.000
cache size	: 3072 KB
physical id	: 0
siblings	: 4
core id		: 2
cpu cores	: 2
apicid		: 5
initial apicid	: 5
fpu		: yes
fpu_exception	: yes
cpuid level	: 11
wp		: yes
flags		: fpu vme de pse tsc msr pae mce cx8 apic sep mtrr pge mca cmov pat pse36 clflush dts acpi mmx fxsr sse sse2 ss ht tm pbe syscall nx rdtscp lm constant_tsc arch_perfmon pebs bts rep_good nopl xtopology nonstop_tsc aperfmperf pni dtes64 monitor ds_cpl vmx est tm2 ssse3 cx16 xtpr pdcm pcid sse4_1 sse4_2 popcnt lahf_lm arat dtherm tpr_shadow vnmi flexpriority ept vpid
bogomips	: 5054.41
clflush size	: 64
cache_alignment	: 64
address sizes	: 36 bits physical, 48 bits virtual
power management:



Memory: 4k page, physical 3715476k(1157608k free), swap 3856380k(3855740k free)

vm_info: OpenJDK 64-Bit Server VM (24.45-b08) for linux-amd64 JRE (1.7.0_51-b00), built on Jan 15 2014 22:02:57 by "buildd" with gcc 4.8.1

time: Mon Apr 21 23:44:22 2014
elapsed time: 9 seconds

