#
# A fatal error has been detected by the Java Runtime Environment:
#
#  SIGSEGV (0xb) at pc=0x00007fcf9abdca28, pid=17228, tid=140530015065856
#
# JRE version: OpenJDK Runtime Environment (7.0_51) (build 1.7.0_51-b00)
# Java VM: OpenJDK 64-Bit Server VM (24.45-b08 mixed mode linux-amd64 compressed oops)
# Problematic frame:
# C  [libintersection.so+0xa28]  find_intersections+0x93
#
# Failed to write core dump. Core dumps have been disabled. To enable core dumping, try "ulimit -c unlimited" before starting Java again
#
# If you would like to submit a bug report, please include
# instructions on how to reproduce the bug and visit:
#   http://icedtea.classpath.org/bugzilla
# The crash happened outside the Java Virtual Machine in native code.
# See problematic frame for where to report the bug.
#

---------------  T H R E A D  ---------------

Current thread (0x00007fcfac00a800):  JavaThread "main" [_thread_in_native, id=17253, stack(0x00007fcfb180d000,0x00007fcfb1a0e000)]

siginfo:si_signo=SIGSEGV: si_errno=0, si_code=1 (SEGV_MAPERR), si_addr=0x0000000000000000

Registers:
RAX=0x0000000000000000, RBX=0x00000000d79ae0f0, RCX=0xffffffffffffffff, RDX=0x00007fcfb39e99f0
RSP=0x00007fcfb1a0b030, RBP=0x00007fcfb1a0b080, RSI=0x00007fcfb0002000, RDI=0x00000000ffffffff
R8 =0x6174736972612061, R9 =0x2061726170206f72, R10=0x69747265766e6f63, R11=0x0000000000000000
R12=0x0000000000000000, R13=0x00000000d79ae0f0, R14=0x00007fcfb1a0b168, R15=0x00007fcfac00a800
RIP=0x00007fcf9abdca28, EFLAGS=0x0000000000010246, CSGSFS=0x0000000000000033, ERR=0x0000000000000004
  TRAPNO=0x000000000000000e

Top of Stack: (sp=0x00007fcfb1a0b030)
0x00007fcfb1a0b030:   00000000d6b35ab0 00007fcfac5276e0
0x00007fcfb1a0b040:   00007fcfb1a0b0b0 00007fcfac527800
0x00007fcfb1a0b050:   00007fcfac527920 00007fcfac527940
0x00007fcfb1a0b060:   00007fcfac517980 0000000000000000
0x00007fcfb1a0b070:   0000000000000000 00000000d69ffdfd
0x00007fcfb1a0b080:   00007fcfac493520 00007fcf9bdf5cd9
0x00007fcfb1a0b090:   00000000d7d32ca8 00000000d79ae0f0
0x00007fcfb1a0b0a0:   00007fcfb1a0b120 00007fcfa9012738
0x00007fcfb1a0b0b0:   00007fcfb1a0b110 00007fcfa9006233
0x00007fcfb1a0b0c0:   00000000e1274cc8 00000000e1443fa0
0x00007fcfb1a0b0d0:   00007fcfb1a0b0d0 00000000d69ff00f
0x00007fcfb1a0b0e0:   00007fcfb1a0b0e0 0000000000000000
0x00007fcfb1a0b0f0:   00007fcfb1a0b168 00000000d79b6618
0x00007fcfb1a0b100:   0000000000000000 00000000d79ae0f0
0x00007fcfb1a0b110:   0000000000000000 00007fcfb1a0b140
0x00007fcfb1a0b120:   00007fcfb1a0b1b0 00007fcfa9006175
0x00007fcfb1a0b130:   00000000e117d250 00007fcfa900ecd7
0x00007fcfb1a0b140:   00007fcfac5276e0 00007fcfa919a56c
0x00007fcfb1a0b150:   00007fcf9abdc995 00000000e1215058
0x00007fcfb1a0b160:   00007fcfac493520 00000000d69fba80
0x00007fcfb1a0b170:   00007fcfb1a0b170 00000000d7aaaf57
0x00007fcfb1a0b180:   00007fcfb1a0b1e8 00000000d7ab71b0
0x00007fcfb1a0b190:   00000000d7ede160 00000000d7aaaf98
0x00007fcfb1a0b1a0:   00007fcfb1a0b140 00007fcfb1a0b1c0
0x00007fcfb1a0b1b0:   00007fcfb1a0b238 00007fcfa9006175
0x00007fcfb1a0b1c0:   00007fcfac5276e0 00000000f5c74fb8
0x00007fcfb1a0b1d0:   00007fcf9abdc995 0000000000000000
0x00007fcfb1a0b1e0:   00000000e0fec260 00000000e117ec18
0x00007fcfb1a0b1f0:   00000000f78580f8 00007fcfb1a0b1f8
0x00007fcfb1a0b200:   00000000d7eded74 00007fcfb1a0b280
0x00007fcfb1a0b210:   00000000d7edf1d0 0000000000000000
0x00007fcfb1a0b220:   00000000d7eded98 00007fcfb1a0b1c0 

Instructions: (pc=0x00007fcf9abdca28)
0x00007fcf9abdca08:   e8 03 fe ff ff 48 8b 45 e0 48 8b 00 48 89 45 e8
0x00007fcf9abdca18:   48 8d 3d 51 01 00 00 e8 ec fd ff ff 48 8b 45 e8
0x00007fcf9abdca28:   48 8b 00 48 89 45 f0 48 83 7d f0 00 0f 84 b0 00
0x00007fcf9abdca38:   00 00 48 8d 3d 43 01 00 00 e8 ca fd ff ff 48 8b 

Register to memory mapping:

RAX=0x0000000000000000 is an unknown value
RBX=0x00000000d79ae0f0 is an oop
{method} 
 - klass: {other class}
RCX=0xffffffffffffffff is an unknown value
RDX=0x00007fcfb39e99f0: <offset 0x3c39f0> in /lib/x86_64-linux-gnu/libc.so.6 at 0x00007fcfb3626000
RSP=0x00007fcfb1a0b030 is pointing into the stack for thread: 0x00007fcfac00a800
RBP=0x00007fcfb1a0b080 is pointing into the stack for thread: 0x00007fcfac00a800
RSI=0x00007fcfb0002000 is an unknown value
RDI=0x00000000ffffffff is an unallocated location in the heap
R8 =0x6174736972612061 is an unknown value
R9 =0x2061726170206f72 is an unknown value
R10=0x69747265766e6f63 is an unknown value
R11=0x0000000000000000 is an unknown value
R12=0x0000000000000000 is an unknown value
R13=0x00000000d79ae0f0 is an oop
{method} 
 - klass: {other class}
R14=0x00007fcfb1a0b168 is pointing into the stack for thread: 0x00007fcfac00a800
R15=0x00007fcfac00a800 is a thread


Stack: [0x00007fcfb180d000,0x00007fcfb1a0e000],  sp=0x00007fcfb1a0b030,  free space=2040k
Native frames: (J=compiled Java code, j=interpreted, Vv=VM code, C=native code)
C  [libintersection.so+0xa28]  find_intersections+0x93

Java frames: (J=compiled Java code, j=interpreted, Vv=VM code)
j  com.kenai.jffi.Foreign.invokeL1(JJJ)J+0
j  com.kenai.jffi.Invoker.invokeL1(Lcom/kenai/jffi/CallContext;JJ)J+7
j  org.jruby.ext.ffi.jffi.NativeInvoker$ffi$8.call(Lorg/jruby/runtime/ThreadContext;Lorg/jruby/runtime/builtin/IRubyObject;Lorg/jruby/RubyModule;Ljava/lang/String;Lorg/jruby/runtime/builtin/IRubyObject;)Lorg/jruby/runtime/builtin/IRubyObject;+76
j  org.jruby.runtime.callsite.CachingCallSite.cacheAndCall(Lorg/jruby/runtime/builtin/IRubyObject;Lorg/jruby/RubyClass;Lorg/jruby/runtime/ThreadContext;Lorg/jruby/runtime/builtin/IRubyObject;Lorg/jruby/runtime/builtin/IRubyObject;)Lorg/jruby/runtime/builtin/IRubyObject;+57
J  org.jruby.runtime.callsite.CachingCallSite.call(Lorg/jruby/runtime/ThreadContext;Lorg/jruby/runtime/builtin/IRubyObject;Lorg/jruby/runtime/builtin/IRubyObject;Lorg/jruby/runtime/builtin/IRubyObject;)Lorg/jruby/runtime/builtin/IRubyObject;
J  org.jruby.ast.CallOneArgNode.interpret(Lorg/jruby/Ruby;Lorg/jruby/runtime/ThreadContext;Lorg/jruby/runtime/builtin/IRubyObject;Lorg/jruby/runtime/Block;)Lorg/jruby/runtime/builtin/IRubyObject;
j  org.jruby.ast.LocalAsgnNode.interpret(Lorg/jruby/Ruby;Lorg/jruby/runtime/ThreadContext;Lorg/jruby/runtime/builtin/IRubyObject;Lorg/jruby/runtime/Block;)Lorg/jruby/runtime/builtin/IRubyObject;+30
J  org.jruby.ast.BlockNode.interpret(Lorg/jruby/Ruby;Lorg/jruby/runtime/ThreadContext;Lorg/jruby/runtime/builtin/IRubyObject;Lorg/jruby/runtime/Block;)Lorg/jruby/runtime/builtin/IRubyObject;
j  org.jruby.evaluator.ASTInterpreter.INTERPRET_METHOD(Lorg/jruby/Ruby;Lorg/jruby/runtime/ThreadContext;Ljava/lang/String;ILorg/jruby/RubyModule;Lorg/jruby/ast/Node;Ljava/lang/String;Lorg/jruby/runtime/builtin/IRubyObject;Lorg/jruby/runtime/Block;Z)Lorg/jruby/runtime/builtin/IRubyObject;+30
j  org.jruby.internal.runtime.methods.InterpretedMethod.call(Lorg/jruby/runtime/ThreadContext;Lorg/jruby/runtime/builtin/IRubyObject;Lorg/jruby/RubyModule;Ljava/lang/String;)Lorg/jruby/runtime/builtin/IRubyObject;+80
j  org.jruby.internal.runtime.methods.DefaultMethod.call(Lorg/jruby/runtime/ThreadContext;Lorg/jruby/runtime/builtin/IRubyObject;Lorg/jruby/RubyModule;Ljava/lang/String;)Lorg/jruby/runtime/builtin/IRubyObject;+20
J  org.jruby.ast.CallNoArgNode.interpret(Lorg/jruby/Ruby;Lorg/jruby/runtime/ThreadContext;Lorg/jruby/runtime/builtin/IRubyObject;Lorg/jruby/runtime/Block;)Lorg/jruby/runtime/builtin/IRubyObject;
j  org.jruby.ast.FCallTwoArgNode.interpret(Lorg/jruby/Ruby;Lorg/jruby/runtime/ThreadContext;Lorg/jruby/runtime/builtin/IRubyObject;Lorg/jruby/runtime/Block;)Lorg/jruby/runtime/builtin/IRubyObject;+28
J  org.jruby.ast.BlockNode.interpret(Lorg/jruby/Ruby;Lorg/jruby/runtime/ThreadContext;Lorg/jruby/runtime/builtin/IRubyObject;Lorg/jruby/runtime/Block;)Lorg/jruby/runtime/builtin/IRubyObject;
j  org.jruby.evaluator.ASTInterpreter.INTERPRET_METHOD(Lorg/jruby/Ruby;Lorg/jruby/runtime/ThreadContext;Ljava/lang/String;ILorg/jruby/RubyModule;Lorg/jruby/ast/Node;Ljava/lang/String;Lorg/jruby/runtime/builtin/IRubyObject;Lorg/jruby/runtime/Block;Z)Lorg/jruby/runtime/builtin/IRubyObject;+30
j  org.jruby.internal.runtime.methods.InterpretedMethod.call(Lorg/jruby/runtime/ThreadContext;Lorg/jruby/runtime/builtin/IRubyObject;Lorg/jruby/RubyModule;Ljava/lang/String;)Lorg/jruby/runtime/builtin/IRubyObject;+80
j  org.jruby.internal.runtime.methods.DefaultMethod.call(Lorg/jruby/runtime/ThreadContext;Lorg/jruby/runtime/builtin/IRubyObject;Lorg/jruby/RubyModule;Ljava/lang/String;)Lorg/jruby/runtime/builtin/IRubyObject;+20
j  org.jruby.runtime.callsite.CachingCallSite.cacheAndCall(Lorg/jruby/runtime/builtin/IRubyObject;Lorg/jruby/RubyClass;Lorg/jruby/runtime/ThreadContext;Lorg/jruby/runtime/builtin/IRubyObject;)Lorg/jruby/runtime/builtin/IRubyObject;+53
j  org.jruby.runtime.callsite.CachingCallSite.call(Lorg/jruby/runtime/ThreadContext;Lorg/jruby/runtime/builtin/IRubyObject;Lorg/jruby/runtime/builtin/IRubyObject;)Lorg/jruby/runtime/builtin/IRubyObject;+46
j  Makefile.method__3$RUBY$test(LMakefile;Lorg/jruby/runtime/ThreadContext;Lorg/jruby/runtime/builtin/IRubyObject;Lorg/jruby/runtime/Block;)Lorg/jruby/runtime/builtin/IRubyObject;+130
j  Makefile$method__3$RUBY$test.call(Lorg/jruby/runtime/ThreadContext;Lorg/jruby/runtime/builtin/IRubyObject;Lorg/jruby/RubyModule;Ljava/lang/String;Lorg/jruby/runtime/Block;)Lorg/jruby/runtime/builtin/IRubyObject;+17
j  org.jruby.RubyClass.finvoke(Lorg/jruby/runtime/ThreadContext;Lorg/jruby/runtime/builtin/IRubyObject;Ljava/lang/String;Lorg/jruby/runtime/Block;)Lorg/jruby/runtime/builtin/IRubyObject;+41
j  org.jruby.RubyBasicObject.send19(Lorg/jruby/runtime/ThreadContext;Lorg/jruby/runtime/builtin/IRubyObject;Lorg/jruby/runtime/Block;)Lorg/jruby/runtime/builtin/IRubyObject;+15
j  org.jruby.RubyKernel.send19(Lorg/jruby/runtime/ThreadContext;Lorg/jruby/runtime/builtin/IRubyObject;Lorg/jruby/runtime/builtin/IRubyObject;Lorg/jruby/runtime/Block;)Lorg/jruby/runtime/builtin/IRubyObject;+7
j  org.jruby.RubyKernel$INVOKER$s$send19.call(Lorg/jruby/runtime/ThreadContext;Lorg/jruby/runtime/builtin/IRubyObject;Lorg/jruby/RubyModule;Ljava/lang/String;Lorg/jruby/runtime/builtin/IRubyObject;Lorg/jruby/runtime/Block;)Lorg/jruby/runtime/builtin/IRubyObject;+6
j  org.jruby.internal.runtime.methods.JavaMethod$JavaMethodOneOrNBlock.call(Lorg/jruby/runtime/ThreadContext;Lorg/jruby/runtime/builtin/IRubyObject;Lorg/jruby/RubyModule;Ljava/lang/String;Lorg/jruby/runtime/builtin/IRubyObject;)Lorg/jruby/runtime/builtin/IRubyObject;+11
j  org.jruby.runtime.callsite.CachingCallSite.call(Lorg/jruby/runtime/ThreadContext;Lorg/jruby/runtime/builtin/IRubyObject;Lorg/jruby/runtime/builtin/IRubyObject;Lorg/jruby/runtime/builtin/IRubyObject;)Lorg/jruby/runtime/builtin/IRubyObject;+38
j  Makefile.block_7$RUBY$__file__(LMakefile;Lorg/jruby/runtime/ThreadContext;Lorg/jruby/runtime/builtin/IRubyObject;[Lorg/jruby/runtime/builtin/IRubyObject;Lorg/jruby/runtime/Block;)Lorg/jruby/runtime/builtin/IRubyObject;+46
j  Makefile$block_7$RUBY$__file__.call(Lorg/jruby/runtime/ThreadContext;Lorg/jruby/runtime/builtin/IRubyObject;[Lorg/jruby/runtime/builtin/IRubyObject;Lorg/jruby/runtime/Block;)Lorg/jruby/runtime/builtin/IRubyObject;+9
j  org.jruby.runtime.CompiledBlock19.yield(Lorg/jruby/runtime/ThreadContext;Lorg/jruby/runtime/builtin/IRubyObject;Lorg/jruby/runtime/Binding;Lorg/jruby/runtime/Block$Type;)Lorg/jruby/runtime/builtin/IRubyObject;+52
j  org.jruby.runtime.Block.yield(Lorg/jruby/runtime/ThreadContext;Lorg/jruby/runtime/builtin/IRubyObject;)Lorg/jruby/runtime/builtin/IRubyObject;+14
j  org.jruby.RubyArray.eachCommon(Lorg/jruby/runtime/ThreadContext;Lorg/jruby/runtime/Block;)Lorg/jruby/runtime/builtin/IRubyObject;+41
j  org.jruby.RubyArray.each(Lorg/jruby/runtime/ThreadContext;Lorg/jruby/runtime/Block;)Lorg/jruby/runtime/builtin/IRubyObject;+10
j  org.jruby.RubyArray$INVOKER$i$0$0$each.call(Lorg/jruby/runtime/ThreadContext;Lorg/jruby/runtime/builtin/IRubyObject;Lorg/jruby/RubyModule;Ljava/lang/String;Lorg/jruby/runtime/Block;)Lorg/jruby/runtime/builtin/IRubyObject;+7
j  org.jruby.runtime.callsite.CachingCallSite.cacheAndCall(Lorg/jruby/runtime/builtin/IRubyObject;Lorg/jruby/RubyClass;Lorg/jruby/runtime/Block;Lorg/jruby/runtime/ThreadContext;Lorg/jruby/runtime/builtin/IRubyObject;)Lorg/jruby/runtime/builtin/IRubyObject;+57
j  org.jruby.runtime.callsite.CachingCallSite.callBlock(Lorg/jruby/runtime/ThreadContext;Lorg/jruby/runtime/builtin/IRubyObject;Lorg/jruby/runtime/builtin/IRubyObject;Lorg/jruby/runtime/Block;)Lorg/jruby/runtime/builtin/IRubyObject;+50
j  org.jruby.runtime.callsite.CachingCallSite.callIter(Lorg/jruby/runtime/ThreadContext;Lorg/jruby/runtime/builtin/IRubyObject;Lorg/jruby/runtime/builtin/IRubyObject;Lorg/jruby/runtime/Block;)Lorg/jruby/runtime/builtin/IRubyObject;+6
j  Makefile.__file__(LMakefile;Lorg/jruby/runtime/ThreadContext;Lorg/jruby/runtime/builtin/IRubyObject;[Lorg/jruby/runtime/builtin/IRubyObject;Lorg/jruby/runtime/Block;)Lorg/jruby/runtime/builtin/IRubyObject;+938
j  Makefile.load(Lorg/jruby/runtime/ThreadContext;Lorg/jruby/runtime/builtin/IRubyObject;Z)Lorg/jruby/runtime/builtin/IRubyObject;+22
j  org.jruby.Ruby.runScript(Lorg/jruby/ast/executable/Script;Z)Lorg/jruby/runtime/builtin/IRubyObject;+12
j  org.jruby.Ruby.runScript(Lorg/jruby/ast/executable/Script;)Lorg/jruby/runtime/builtin/IRubyObject;+3
j  org.jruby.Ruby.runNormally(Lorg/jruby/ast/Node;)Lorg/jruby/runtime/builtin/IRubyObject;+73
j  org.jruby.Ruby.runFromMain(Ljava/io/InputStream;Ljava/lang/String;)V+320
j  org.jruby.Main.doRunFromMain(Lorg/jruby/Ruby;Ljava/io/InputStream;Ljava/lang/String;)Lorg/jruby/Main$Status;+12
j  org.jruby.Main.internalRun()Lorg/jruby/Main$Status;+234
j  org.jruby.Main.run([Ljava/lang/String;)Lorg/jruby/Main$Status;+9
j  org.jruby.Main.main([Ljava/lang/String;)V+35
v  ~StubRoutines::call_stub

---------------  P R O C E S S  ---------------

Java Threads: ( => current thread )
  0x00007fcfac4e5800 JavaThread "JRubyJIT-2" daemon [_thread_blocked, id=17389, stack(0x00007fcf9b9ec000,0x00007fcf9bbed000)]
  0x00007fcfac4d8800 JavaThread "process reaper" daemon [_thread_blocked, id=17268, stack(0x00007fcfa008d000,0x00007fcfa00c6000)]
  0x00007fcfac4c8800 JavaThread "JRubyJIT-1" daemon [_thread_blocked, id=17266, stack(0x00007fcf9bbed000,0x00007fcf9bdee000)]
  0x00007fcfac0ae000 JavaThread "Service Thread" daemon [_thread_blocked, id=17264, stack(0x00007fcfa192c000,0x00007fcfa1b2d000)]
  0x00007fcfac0ab800 JavaThread "C2 CompilerThread1" daemon [_thread_in_native, id=17263, stack(0x00007fcfa1b2d000,0x00007fcfa1c2e000)]
  0x00007fcfac0a8800 JavaThread "C2 CompilerThread0" daemon [_thread_in_native, id=17262, stack(0x00007fcfa1c2e000,0x00007fcfa1d2f000)]
  0x00007fcfac0a6800 JavaThread "Signal Dispatcher" daemon [_thread_blocked, id=17261, stack(0x00007fcfa1d2f000,0x00007fcfa1f30000)]
  0x00007fcfac082800 JavaThread "Finalizer" daemon [_thread_blocked, id=17260, stack(0x00007fcfa232a000,0x00007fcfa252b000)]
  0x00007fcfac080800 JavaThread "Reference Handler" daemon [_thread_blocked, id=17259, stack(0x00007fcfa252b000,0x00007fcfa272c000)]
=>0x00007fcfac00a800 JavaThread "main" [_thread_in_native, id=17253, stack(0x00007fcfb180d000,0x00007fcfb1a0e000)]

Other Threads:
  0x00007fcfac07c800 VMThread [stack: 0x00007fcfa272c000,0x00007fcfa282d000] [id=17258]
  0x00007fcfac0b8800 WatcherThread [stack: 0x00007fcfa182b000,0x00007fcfa192c000] [id=17265]

VM state:not at safepoint (normal execution)

VM Mutex/Monitor currently owned by a thread: None

Heap
 PSYoungGen      total 32768K, used 6110K [0x00000000f5900000, 0x00000000f9900000, 0x0000000100000000)
  eden space 30720K, 13% used [0x00000000f5900000,0x00000000f5cfe470,0x00000000f7700000)
  from space 2048K, 98% used [0x00000000f7700000,0x00000000f78f9538,0x00000000f7900000)
  to   space 2048K, 0% used [0x00000000f9700000,0x00000000f9700000,0x00000000f9900000)
 ParOldGen       total 38400K, used 8904K [0x00000000e0c00000, 0x00000000e3180000, 0x00000000f5900000)
  object space 38400K, 23% used [0x00000000e0c00000,0x00000000e14b2198,0x00000000e3180000)
 PSPermGen       total 25600K, used 25476K [0x00000000d6600000, 0x00000000d7f00000, 0x00000000e0c00000)
  object space 25600K, 99% used [0x00000000d6600000,0x00000000d7ee1050,0x00000000d7f00000)

Card table byte_map: [0x00007fcfb0633000,0x00007fcfb0781000] byte_map_base: 0x00007fcfaff80000

Polling page: 0x00007fcfb3e1b000

Code Cache  [0x00007fcfa9000000, 0x00007fcfa9270000, 0x00007fcfac000000)
 total_blobs=958 nmethods=479 adapters=433 free_code_cache=47664Kb largest_free_block=48617408

Compilation events (10 events):
Event: 4,288 Thread 0x00007fcfac0a8800 nmethod 510 0x00007fcfa90aa990 code [0x00007fcfa90aaac0, 0x00007fcfa90aab18]
Event: 4,288 Thread 0x00007fcfac0a8800  511             org.jruby.RubyBasicObject::getFFIHandle (12 bytes)
Event: 4,289 Thread 0x00007fcfac0a8800 nmethod 511 0x00007fcfa90cd4d0 code [0x00007fcfa90cd620, 0x00007fcfa90cd718]
Event: 4,289 Thread 0x00007fcfac0a8800  512             org.jruby.runtime.ivars.VariableTableManager::getFFIHandle (9 bytes)
Event: 4,291 Thread 0x00007fcfac0a8800 nmethod 512 0x00007fcfa90cd110 code [0x00007fcfa90cd260, 0x00007fcfa90cd338]
Event: 4,291 Thread 0x00007fcfac0a8800  513             org.jruby.runtime.ivars.VariableTableManager::getFFIHandleAccessorForRead (8 bytes)
Event: 4,291 Thread 0x00007fcfac0a8800 nmethod 513 0x00007fcfa90aa750 code [0x00007fcfa90aa880, 0x00007fcfa90aa8f8]
Event: 4,291 Thread 0x00007fcfac0a8800  514             org.jruby.runtime.callsite.CachingCallSite::call (12 bytes)
Event: 4,301 Thread 0x00007fcfac0a8800 nmethod 514 0x00007fcfa90ad010 code [0x00007fcfa90ad1a0, 0x00007fcfa90ad588]
Event: 4,301 Thread 0x00007fcfac0a8800  515             org.jruby.RubyClass::newInstance (26 bytes)

GC Heap History (6 events):
Event: 1,399 GC heap before
{Heap before GC invocations=1 (full 0):
 PSYoungGen      total 17408K, used 15360K [0x00000000f5900000, 0x00000000f6c00000, 0x0000000100000000)
  eden space 15360K, 100% used [0x00000000f5900000,0x00000000f6800000,0x00000000f6800000)
  from space 2048K, 0% used [0x00000000f6a00000,0x00000000f6a00000,0x00000000f6c00000)
  to   space 2048K, 0% used [0x00000000f6800000,0x00000000f6800000,0x00000000f6a00000)
 ParOldGen       total 38400K, used 0K [0x00000000e0c00000, 0x00000000e3180000, 0x00000000f5900000)
  object space 38400K, 0% used [0x00000000e0c00000,0x00000000e0c00000,0x00000000e3180000)
 PSPermGen       total 21504K, used 18949K [0x00000000d6600000, 0x00000000d7b00000, 0x00000000e0c00000)
  object space 21504K, 88% used [0x00000000d6600000,0x00000000d78816c8,0x00000000d7b00000)
Event: 1,415 GC heap after
Heap after GC invocations=1 (full 0):
 PSYoungGen      total 17408K, used 2021K [0x00000000f5900000, 0x00000000f7b00000, 0x0000000100000000)
  eden space 15360K, 0% used [0x00000000f5900000,0x00000000f5900000,0x00000000f6800000)
  from space 2048K, 98% used [0x00000000f6800000,0x00000000f69f94c8,0x00000000f6a00000)
  to   space 2048K, 0% used [0x00000000f7900000,0x00000000f7900000,0x00000000f7b00000)
 ParOldGen       total 38400K, used 3804K [0x00000000e0c00000, 0x00000000e3180000, 0x00000000f5900000)
  object space 38400K, 9% used [0x00000000e0c00000,0x00000000e0fb7110,0x00000000e3180000)
 PSPermGen       total 21504K, used 18949K [0x00000000d6600000, 0x00000000d7b00000, 0x00000000e0c00000)
  object space 21504K, 88% used [0x00000000d6600000,0x00000000d78816c8,0x00000000d7b00000)
}
Event: 2,411 GC heap before
{Heap before GC invocations=2 (full 0):
 PSYoungGen      total 17408K, used 17381K [0x00000000f5900000, 0x00000000f7b00000, 0x0000000100000000)
  eden space 15360K, 100% used [0x00000000f5900000,0x00000000f6800000,0x00000000f6800000)
  from space 2048K, 98% used [0x00000000f6800000,0x00000000f69f94c8,0x00000000f6a00000)
  to   space 2048K, 0% used [0x00000000f7900000,0x00000000f7900000,0x00000000f7b00000)
 ParOldGen       total 38400K, used 3804K [0x00000000e0c00000, 0x00000000e3180000, 0x00000000f5900000)
  object space 38400K, 9% used [0x00000000e0c00000,0x00000000e0fb7110,0x00000000e3180000)
 PSPermGen       total 23552K, used 23439K [0x00000000d6600000, 0x00000000d7d00000, 0x00000000e0c00000)
  object space 23552K, 99% used [0x00000000d6600000,0x00000000d7ce3ce8,0x00000000d7d00000)
Event: 2,433 GC heap after
Heap after GC invocations=2 (full 0):
 PSYoungGen      total 32768K, used 2021K [0x00000000f5900000, 0x00000000f7b00000, 0x0000000100000000)
  eden space 30720K, 0% used [0x00000000f5900000,0x00000000f5900000,0x00000000f7700000)
  from space 2048K, 98% used [0x00000000f7900000,0x00000000f7af9518,0x00000000f7b00000)
  to   space 2048K, 0% used [0x00000000f7700000,0x00000000f7700000,0x00000000f7900000)
 ParOldGen       total 38400K, used 5947K [0x00000000e0c00000, 0x00000000e3180000, 0x00000000f5900000)
  object space 38400K, 15% used [0x00000000e0c00000,0x00000000e11cef18,0x00000000e3180000)
 PSPermGen       total 23552K, used 23439K [0x00000000d6600000, 0x00000000d7d00000, 0x00000000e0c00000)
  object space 23552K, 99% used [0x00000000d6600000,0x00000000d7ce3ce8,0x00000000d7d00000)
}
Event: 4,195 GC heap before
{Heap before GC invocations=3 (full 0):
 PSYoungGen      total 32768K, used 32741K [0x00000000f5900000, 0x00000000f7b00000, 0x0000000100000000)
  eden space 30720K, 100% used [0x00000000f5900000,0x00000000f7700000,0x00000000f7700000)
  from space 2048K, 98% used [0x00000000f7900000,0x00000000f7af9518,0x00000000f7b00000)
  to   space 2048K, 0% used [0x00000000f7700000,0x00000000f7700000,0x00000000f7900000)
 ParOldGen       total 38400K, used 5947K [0x00000000e0c00000, 0x00000000e3180000, 0x00000000f5900000)
  object space 38400K, 15% used [0x00000000e0c00000,0x00000000e11cef18,0x00000000e3180000)
 PSPermGen       total 25600K, used 25469K [0x00000000d6600000, 0x00000000d7f00000, 0x00000000e0c00000)
  object space 25600K, 99% used [0x00000000d6600000,0x00000000d7edf670,0x00000000d7f00000)
Event: 4,214 GC heap after
Heap after GC invocations=3 (full 0):
 PSYoungGen      total 32768K, used 2021K [0x00000000f5900000, 0x00000000f9900000, 0x0000000100000000)
  eden space 30720K, 0% used [0x00000000f5900000,0x00000000f5900000,0x00000000f7700000)
  from space 2048K, 98% used [0x00000000f7700000,0x00000000f78f9538,0x00000000f7900000)
  to   space 2048K, 0% used [0x00000000f9700000,0x00000000f9700000,0x00000000f9900000)
 ParOldGen       total 38400K, used 8904K [0x00000000e0c00000, 0x00000000e3180000, 0x00000000f5900000)
  object space 38400K, 23% used [0x00000000e0c00000,0x00000000e14b2198,0x00000000e3180000)
 PSPermGen       total 25600K, used 25469K [0x00000000d6600000, 0x00000000d7f00000, 0x00000000e0c00000)
  object space 25600K, 99% used [0x00000000d6600000,0x00000000d7edf670,0x00000000d7f00000)
}

Deoptimization events (10 events):
Event: 4,291 Thread 0x00007fcfac00a800 Uncommon trap: reason=class_check action=maybe_recompile pc=0x00007fcfa9160df8 method=org.jruby.RubyArray.compare(Lorg/jruby/runtime/ThreadContext;Lorg/jruby/runtime/invokedynamic/MethodNames;Lorg/jruby/runtime/builtin/IRubyObject;)Lorg/jruby/RubyBoolean;
Event: 4,294 Thread 0x00007fcfac00a800 Uncommon trap: reason=class_check action=maybe_recompile pc=0x00007fcfa9199e44 method=org.jruby.ext.ffi.StructByReference.to_native(Lorg/jruby/runtime/ThreadContext;Lorg/jruby/runtime/builtin/IRubyObject;Lorg/jruby/runtime/builtin/IRubyObject;)Lorg/jruby/
Event: 4,296 Thread 0x00007fcfac00a800 Uncommon trap: reason=bimorphic action=maybe_recompile pc=0x00007fcfa90abcc8 method=org.jruby.RubyClass.allocate()Lorg/jruby/runtime/builtin/IRubyObject; @ 54
Event: 4,296 Thread 0x00007fcfac00a800 Uncommon trap: reason=bimorphic action=maybe_recompile pc=0x00007fcfa90abcc8 method=org.jruby.RubyClass.allocate()Lorg/jruby/runtime/builtin/IRubyObject; @ 54
Event: 4,296 Thread 0x00007fcfac00a800 Uncommon trap: reason=class_check action=maybe_recompile pc=0x00007fcfa90d6ea4 method=org.jruby.runtime.ivars.VariableAccessor.get(Ljava/lang/Object;)Ljava/lang/Object; @ 1
Event: 4,296 Thread 0x00007fcfac00a800 Uncommon trap: reason=class_check action=maybe_recompile pc=0x00007fcfa90d6ea4 method=org.jruby.runtime.ivars.VariableAccessor.get(Ljava/lang/Object;)Ljava/lang/Object; @ 1
Event: 4,296 Thread 0x00007fcfac00a800 Uncommon trap: reason=class_check action=maybe_recompile pc=0x00007fcfa90d6ea4 method=org.jruby.runtime.ivars.VariableAccessor.get(Ljava/lang/Object;)Ljava/lang/Object; @ 1
Event: 4,296 Thread 0x00007fcfac00a800 Uncommon trap: reason=class_check action=maybe_recompile pc=0x00007fcfa90d6ea4 method=org.jruby.runtime.ivars.VariableAccessor.get(Ljava/lang/Object;)Ljava/lang/Object; @ 1
Event: 4,296 Thread 0x00007fcfac00a800 Uncommon trap: reason=bimorphic action=maybe_recompile pc=0x00007fcfa90abcc8 method=org.jruby.RubyClass.allocate()Lorg/jruby/runtime/builtin/IRubyObject; @ 54
Event: 4,296 Thread 0x00007fcfac00a800 Uncommon trap: reason=bimorphic action=maybe_recompile pc=0x00007fcfa90abcc8 method=org.jruby.RubyClass.allocate()Lorg/jruby/runtime/builtin/IRubyObject; @ 54

Internal exceptions (10 events):
Event: 3,757 Thread 0x00007fcfac00a800 Threw 0x00000000f714cc80 at /build/buildd/openjdk-7-7u51-2.4.4/build/openjdk/hotspot/src/share/vm/prims/jvm.cpp:1244
Event: 3,757 Thread 0x00007fcfac00a800 Threw 0x00000000f714d730 at /build/buildd/openjdk-7-7u51-2.4.4/build/openjdk/hotspot/src/share/vm/prims/jvm.cpp:1244
Event: 3,758 Thread 0x00007fcfac00a800 Threw 0x00000000f71592a0 at /build/buildd/openjdk-7-7u51-2.4.4/build/openjdk/hotspot/src/share/vm/prims/jvm.cpp:1244
Event: 3,759 Thread 0x00007fcfac00a800 Threw 0x00000000f715b360 at /build/buildd/openjdk-7-7u51-2.4.4/build/openjdk/hotspot/src/share/vm/prims/jvm.cpp:1244
Event: 3,759 Thread 0x00007fcfac00a800 Threw 0x00000000f715be10 at /build/buildd/openjdk-7-7u51-2.4.4/build/openjdk/hotspot/src/share/vm/prims/jvm.cpp:1244
Event: 3,759 Thread 0x00007fcfac00a800 Threw 0x00000000f715dcb0 at /build/buildd/openjdk-7-7u51-2.4.4/build/openjdk/hotspot/src/share/vm/prims/jvm.cpp:1244
Event: 3,759 Thread 0x00007fcfac00a800 Threw 0x00000000f715fd70 at /build/buildd/openjdk-7-7u51-2.4.4/build/openjdk/hotspot/src/share/vm/prims/jvm.cpp:1244
Event: 3,759 Thread 0x00007fcfac00a800 Threw 0x00000000f7160820 at /build/buildd/openjdk-7-7u51-2.4.4/build/openjdk/hotspot/src/share/vm/prims/jvm.cpp:1244
Event: 4,301 Thread 0x00007fcfac4c8800 Threw 0x00000000f5ccaee0 at /build/buildd/openjdk-7-7u51-2.4.4/build/openjdk/hotspot/src/share/vm/prims/jvm.cpp:1244
Event: 4,301 Thread 0x00007fcfac4c8800 Threw 0x00000000f5ccc8f8 at /build/buildd/openjdk-7-7u51-2.4.4/build/openjdk/hotspot/src/share/vm/prims/jvm.cpp:1244

Events (10 events):
Event: 4,296 Thread 0x00007fcfac00a800 DEOPT PACKING pc=0x00007fcfa90d6ea4 sp=0x00007fcfb1a0a310
Event: 4,296 Thread 0x00007fcfac00a800 DEOPT UNPACKING pc=0x00007fcfa9039045 sp=0x00007fcfb1a0a2d8 mode 2
Event: 4,296 Thread 0x00007fcfac00a800 Uncommon trap: trap_request=0xffffffc6 fr.pc=0x00007fcfa90abcc8
Event: 4,296 Thread 0x00007fcfac00a800 DEOPT PACKING pc=0x00007fcfa90abcc8 sp=0x00007fcfb1a0a700
Event: 4,296 Thread 0x00007fcfac00a800 DEOPT UNPACKING pc=0x00007fcfa9039045 sp=0x00007fcfb1a0a6f0 mode 2
Event: 4,296 Thread 0x00007fcfac00a800 Uncommon trap: trap_request=0xffffffc6 fr.pc=0x00007fcfa90abcc8
Event: 4,296 Thread 0x00007fcfac00a800 DEOPT PACKING pc=0x00007fcfa90abcc8 sp=0x00007fcfb1a0a700
Event: 4,296 Thread 0x00007fcfac00a800 DEOPT UNPACKING pc=0x00007fcfa9039045 sp=0x00007fcfb1a0a6f0 mode 2
Event: 4,300 loading class 0x00007fcf7000b480
Event: 4,300 loading class 0x00007fcf7000b480 done


Dynamic libraries:
00400000-00401000 r-xp 00000000 08:01 15861394                           /usr/lib/jvm/java-7-openjdk-amd64/jre/bin/java
00600000-00601000 r--p 00000000 08:01 15861394                           /usr/lib/jvm/java-7-openjdk-amd64/jre/bin/java
00601000-00602000 rw-p 00001000 08:01 15861394                           /usr/lib/jvm/java-7-openjdk-amd64/jre/bin/java
025a0000-025c1000 rw-p 00000000 00:00 0                                  [heap]
d6600000-d7f00000 rw-p 00000000 00:00 0 
d7f00000-e0c00000 rw-p 00000000 00:00 0 
e0c00000-e3180000 rw-p 00000000 00:00 0 
e3180000-f5900000 rw-p 00000000 00:00 0 
f5900000-f9900000 rw-p 00000000 00:00 0 
f9900000-100000000 rw-p 00000000 00:00 0 
7fcf5c000000-7fcf5c021000 rw-p 00000000 00:00 0 
7fcf5c021000-7fcf60000000 ---p 00000000 00:00 0 
7fcf60000000-7fcf60021000 rw-p 00000000 00:00 0 
7fcf60021000-7fcf64000000 ---p 00000000 00:00 0 
7fcf64000000-7fcf64021000 rw-p 00000000 00:00 0 
7fcf64021000-7fcf68000000 ---p 00000000 00:00 0 
7fcf68000000-7fcf68021000 rw-p 00000000 00:00 0 
7fcf68021000-7fcf6c000000 ---p 00000000 00:00 0 
7fcf6c000000-7fcf6c021000 rw-p 00000000 00:00 0 
7fcf6c021000-7fcf70000000 ---p 00000000 00:00 0 
7fcf70000000-7fcf70027000 rw-p 00000000 00:00 0 
7fcf70027000-7fcf74000000 ---p 00000000 00:00 0 
7fcf74000000-7fcf74d78000 rw-p 00000000 00:00 0 
7fcf74d78000-7fcf78000000 ---p 00000000 00:00 0 
7fcf78000000-7fcf78021000 rw-p 00000000 00:00 0 
7fcf78021000-7fcf7c000000 ---p 00000000 00:00 0 
7fcf7c000000-7fcf7c021000 rw-p 00000000 00:00 0 
7fcf7c021000-7fcf80000000 ---p 00000000 00:00 0 
7fcf80000000-7fcf80bcb000 rw-p 00000000 00:00 0 
7fcf80bcb000-7fcf84000000 ---p 00000000 00:00 0 
7fcf84000000-7fcf84021000 rw-p 00000000 00:00 0 
7fcf84021000-7fcf88000000 ---p 00000000 00:00 0 
7fcf88000000-7fcf88021000 rw-p 00000000 00:00 0 
7fcf88021000-7fcf8c000000 ---p 00000000 00:00 0 
7fcf8c000000-7fcf8c021000 rw-p 00000000 00:00 0 
7fcf8c021000-7fcf90000000 ---p 00000000 00:00 0 
7fcf90000000-7fcf90021000 rw-p 00000000 00:00 0 
7fcf90021000-7fcf94000000 ---p 00000000 00:00 0 
7fcf94000000-7fcf94021000 rw-p 00000000 00:00 0 
7fcf94021000-7fcf98000000 ---p 00000000 00:00 0 
7fcf9abdc000-7fcf9abdd000 r-xp 00000000 08:01 13893853                   /home/alex/Documents/8vo_Semestre/Geometría Computacional/Lab/practica02p1/src/lib/libintersection.so
7fcf9abdd000-7fcf9addc000 ---p 00001000 08:01 13893853                   /home/alex/Documents/8vo_Semestre/Geometría Computacional/Lab/practica02p1/src/lib/libintersection.so
7fcf9addc000-7fcf9addd000 r--p 00000000 08:01 13893853                   /home/alex/Documents/8vo_Semestre/Geometría Computacional/Lab/practica02p1/src/lib/libintersection.so
7fcf9addd000-7fcf9adde000 rw-p 00001000 08:01 13893853                   /home/alex/Documents/8vo_Semestre/Geometría Computacional/Lab/practica02p1/src/lib/libintersection.so
7fcf9adde000-7fcf9ade0000 r-xp 00000000 08:01 13893852                   /home/alex/Documents/8vo_Semestre/Geometría Computacional/Lab/practica02p1/src/lib/librb_tree.so
7fcf9ade0000-7fcf9afe0000 ---p 00002000 08:01 13893852                   /home/alex/Documents/8vo_Semestre/Geometría Computacional/Lab/practica02p1/src/lib/librb_tree.so
7fcf9afe0000-7fcf9afe1000 r--p 00002000 08:01 13893852                   /home/alex/Documents/8vo_Semestre/Geometría Computacional/Lab/practica02p1/src/lib/librb_tree.so
7fcf9afe1000-7fcf9afe2000 rw-p 00003000 08:01 13893852                   /home/alex/Documents/8vo_Semestre/Geometría Computacional/Lab/practica02p1/src/lib/librb_tree.so
7fcf9afe2000-7fcf9afe4000 r-xp 00000000 08:01 13893851                   /home/alex/Documents/8vo_Semestre/Geometría Computacional/Lab/practica02p1/src/lib/libdouble_linked_list.so
7fcf9afe4000-7fcf9b1e3000 ---p 00002000 08:01 13893851                   /home/alex/Documents/8vo_Semestre/Geometría Computacional/Lab/practica02p1/src/lib/libdouble_linked_list.so
7fcf9b1e3000-7fcf9b1e4000 r--p 00001000 08:01 13893851                   /home/alex/Documents/8vo_Semestre/Geometría Computacional/Lab/practica02p1/src/lib/libdouble_linked_list.so
7fcf9b1e4000-7fcf9b1e5000 rw-p 00002000 08:01 13893851                   /home/alex/Documents/8vo_Semestre/Geometría Computacional/Lab/practica02p1/src/lib/libdouble_linked_list.so
7fcf9b1e5000-7fcf9b1e6000 r-xp 00000000 08:01 13893849                   /home/alex/Documents/8vo_Semestre/Geometría Computacional/Lab/practica02p1/src/lib/libhalf_edge.so
7fcf9b1e6000-7fcf9b3e6000 ---p 00001000 08:01 13893849                   /home/alex/Documents/8vo_Semestre/Geometría Computacional/Lab/practica02p1/src/lib/libhalf_edge.so
7fcf9b3e6000-7fcf9b3e7000 r--p 00001000 08:01 13893849                   /home/alex/Documents/8vo_Semestre/Geometría Computacional/Lab/practica02p1/src/lib/libhalf_edge.so
7fcf9b3e7000-7fcf9b3e8000 rw-p 00002000 08:01 13893849                   /home/alex/Documents/8vo_Semestre/Geometría Computacional/Lab/practica02p1/src/lib/libhalf_edge.so
7fcf9b3e8000-7fcf9b3e9000 r-xp 00000000 08:01 13893835                   /home/alex/Documents/8vo_Semestre/Geometría Computacional/Lab/practica02p1/src/lib/lib2d_points.so
7fcf9b3e9000-7fcf9b5e8000 ---p 00001000 08:01 13893835                   /home/alex/Documents/8vo_Semestre/Geometría Computacional/Lab/practica02p1/src/lib/lib2d_points.so
7fcf9b5e8000-7fcf9b5e9000 r--p 00000000 08:01 13893835                   /home/alex/Documents/8vo_Semestre/Geometría Computacional/Lab/practica02p1/src/lib/lib2d_points.so
7fcf9b5e9000-7fcf9b5ea000 rw-p 00001000 08:01 13893835                   /home/alex/Documents/8vo_Semestre/Geometría Computacional/Lab/practica02p1/src/lib/lib2d_points.so
7fcf9b5ea000-7fcf9b5ed000 ---p 00000000 00:00 0 
7fcf9b5ed000-7fcf9b7eb000 rw-p 00000000 00:00 0 
7fcf9b7eb000-7fcf9b7ee000 ---p 00000000 00:00 0 
7fcf9b7ee000-7fcf9b9ec000 rw-p 00000000 00:00 0 
7fcf9b9ec000-7fcf9b9ef000 ---p 00000000 00:00 0 
7fcf9b9ef000-7fcf9bbed000 rw-p 00000000 00:00 0                          [stack:17389]
7fcf9bbed000-7fcf9bbf0000 ---p 00000000 00:00 0 
7fcf9bbf0000-7fcf9bdee000 rw-p 00000000 00:00 0                          [stack:17266]
7fcf9bdee000-7fcf9be00000 r-xp 00000000 08:01 12059135                   /home/alex/.rbenv/versions/jruby-1.7.10/lib/jni/x86_64-Linux/libjffi-1.2.so
7fcf9be00000-7fcf9bfff000 ---p 00012000 08:01 12059135                   /home/alex/.rbenv/versions/jruby-1.7.10/lib/jni/x86_64-Linux/libjffi-1.2.so
7fcf9bfff000-7fcf9c000000 rw-p 00011000 08:01 12059135                   /home/alex/.rbenv/versions/jruby-1.7.10/lib/jni/x86_64-Linux/libjffi-1.2.so
7fcf9c000000-7fcf9c021000 rw-p 00000000 00:00 0 
7fcf9c021000-7fcfa0000000 ---p 00000000 00:00 0 
7fcfa008d000-7fcfa0090000 ---p 00000000 00:00 0 
7fcfa0090000-7fcfa00c6000 rw-p 00000000 00:00 0                          [stack:17268]
7fcfa00c6000-7fcfa00d6000 r-xp 00000000 08:01 15861288                   /usr/lib/jvm/java-7-openjdk-amd64/jre/lib/amd64/libnio.so
7fcfa00d6000-7fcfa02d6000 ---p 00010000 08:01 15861288                   /usr/lib/jvm/java-7-openjdk-amd64/jre/lib/amd64/libnio.so
7fcfa02d6000-7fcfa02d7000 r--p 00010000 08:01 15861288                   /usr/lib/jvm/java-7-openjdk-amd64/jre/lib/amd64/libnio.so
7fcfa02d7000-7fcfa02d8000 rw-p 00011000 08:01 15861288                   /usr/lib/jvm/java-7-openjdk-amd64/jre/lib/amd64/libnio.so
7fcfa02d8000-7fcfa0315000 r-xp 00000000 08:01 8130434                    /lib/x86_64-linux-gnu/libpcre.so.3.13.1
7fcfa0315000-7fcfa0515000 ---p 0003d000 08:01 8130434                    /lib/x86_64-linux-gnu/libpcre.so.3.13.1
7fcfa0515000-7fcfa0516000 r--p 0003d000 08:01 8130434                    /lib/x86_64-linux-gnu/libpcre.so.3.13.1
7fcfa0516000-7fcfa0517000 rw-p 0003e000 08:01 8130434                    /lib/x86_64-linux-gnu/libpcre.so.3.13.1
7fcfa0517000-7fcfa051e000 r-xp 00000000 08:01 15735894                   /usr/lib/x86_64-linux-gnu/libffi.so.6.0.1
7fcfa051e000-7fcfa071d000 ---p 00007000 08:01 15735894                   /usr/lib/x86_64-linux-gnu/libffi.so.6.0.1
7fcfa071d000-7fcfa071e000 r--p 00006000 08:01 15735894                   /usr/lib/x86_64-linux-gnu/libffi.so.6.0.1
7fcfa071e000-7fcfa071f000 rw-p 00007000 08:01 15735894                   /usr/lib/x86_64-linux-gnu/libffi.so.6.0.1
7fcfa071f000-7fcfa0735000 r-xp 00000000 08:01 8130457                    /lib/x86_64-linux-gnu/libresolv-2.17.so
7fcfa0735000-7fcfa0935000 ---p 00016000 08:01 8130457                    /lib/x86_64-linux-gnu/libresolv-2.17.so
7fcfa0935000-7fcfa0936000 r--p 00016000 08:01 8130457                    /lib/x86_64-linux-gnu/libresolv-2.17.so
7fcfa0936000-7fcfa0937000 rw-p 00017000 08:01 8130457                    /lib/x86_64-linux-gnu/libresolv-2.17.so
7fcfa0937000-7fcfa0939000 rw-p 00000000 00:00 0 
7fcfa0939000-7fcfa0958000 r-xp 00000000 08:01 8130461                    /lib/x86_64-linux-gnu/libselinux.so.1
7fcfa0958000-7fcfa0b58000 ---p 0001f000 08:01 8130461                    /lib/x86_64-linux-gnu/libselinux.so.1
7fcfa0b58000-7fcfa0b59000 r--p 0001f000 08:01 8130461                    /lib/x86_64-linux-gnu/libselinux.so.1
7fcfa0b59000-7fcfa0b5a000 rw-p 00020000 08:01 8130461                    /lib/x86_64-linux-gnu/libselinux.so.1
7fcfa0b5a000-7fcfa0b5b000 rw-p 00000000 00:00 0 
7fcfa0b5b000-7fcfa0b5e000 r-xp 00000000 08:01 15729078                   /usr/lib/x86_64-linux-gnu/libgmodule-2.0.so.0.3800.1
7fcfa0b5e000-7fcfa0d5d000 ---p 00003000 08:01 15729078                   /usr/lib/x86_64-linux-gnu/libgmodule-2.0.so.0.3800.1
7fcfa0d5d000-7fcfa0d5e000 r--p 00002000 08:01 15729078                   /usr/lib/x86_64-linux-gnu/libgmodule-2.0.so.0.3800.1
7fcfa0d5e000-7fcfa0d5f000 rw-p 00003000 08:01 15729078                   /usr/lib/x86_64-linux-gnu/libgmodule-2.0.so.0.3800.1
7fcfa0d5f000-7fcfa0e5d000 r-xp 00000000 08:01 8130449                    /lib/x86_64-linux-gnu/libglib-2.0.so.0.3800.1
7fcfa0e5d000-7fcfa105d000 ---p 000fe000 08:01 8130449                    /lib/x86_64-linux-gnu/libglib-2.0.so.0.3800.1
7fcfa105d000-7fcfa105e000 r--p 000fe000 08:01 8130449                    /lib/x86_64-linux-gnu/libglib-2.0.so.0.3800.1
7fcfa105e000-7fcfa105f000 rw-p 000ff000 08:01 8130449                    /lib/x86_64-linux-gnu/libglib-2.0.so.0.3800.1
7fcfa105f000-7fcfa1060000 rw-p 00000000 00:00 0 
7fcfa1060000-7fcfa10af000 r-xp 00000000 08:01 15729069                   /usr/lib/x86_64-linux-gnu/libgobject-2.0.so.0.3800.1
7fcfa10af000-7fcfa12af000 ---p 0004f000 08:01 15729069                   /usr/lib/x86_64-linux-gnu/libgobject-2.0.so.0.3800.1
7fcfa12af000-7fcfa12b0000 r--p 0004f000 08:01 15729069                   /usr/lib/x86_64-linux-gnu/libgobject-2.0.so.0.3800.1
7fcfa12b0000-7fcfa12b1000 rw-p 00050000 08:01 15729069                   /usr/lib/x86_64-linux-gnu/libgobject-2.0.so.0.3800.1
7fcfa12b1000-7fcfa140d000 r-xp 00000000 08:01 15729043                   /usr/lib/x86_64-linux-gnu/libgio-2.0.so.0.3800.1
7fcfa140d000-7fcfa160c000 ---p 0015c000 08:01 15729043                   /usr/lib/x86_64-linux-gnu/libgio-2.0.so.0.3800.1
7fcfa160c000-7fcfa1610000 r--p 0015b000 08:01 15729043                   /usr/lib/x86_64-linux-gnu/libgio-2.0.so.0.3800.1
7fcfa1610000-7fcfa1612000 rw-p 0015f000 08:01 15729043                   /usr/lib/x86_64-linux-gnu/libgio-2.0.so.0.3800.1
7fcfa1612000-7fcfa1614000 rw-p 00000000 00:00 0 
7fcfa1614000-7fcfa162a000 r-xp 00000000 08:01 15861076                   /usr/lib/jvm/java-7-openjdk-amd64/jre/lib/amd64/libnet.so
7fcfa162a000-7fcfa1829000 ---p 00016000 08:01 15861076                   /usr/lib/jvm/java-7-openjdk-amd64/jre/lib/amd64/libnet.so
7fcfa1829000-7fcfa182a000 r--p 00015000 08:01 15861076                   /usr/lib/jvm/java-7-openjdk-amd64/jre/lib/amd64/libnet.so
7fcfa182a000-7fcfa182b000 rw-p 00016000 08:01 15861076                   /usr/lib/jvm/java-7-openjdk-amd64/jre/lib/amd64/libnet.so
7fcfa182b000-7fcfa182c000 ---p 00000000 00:00 0 
7fcfa182c000-7fcfa192c000 rw-p 00000000 00:00 0                          [stack:17265]
7fcfa192c000-7fcfa192f000 ---p 00000000 00:00 0 
7fcfa192f000-7fcfa1b2d000 rw-p 00000000 00:00 0                          [stack:17264]
7fcfa1b2d000-7fcfa1b30000 ---p 00000000 00:00 0 
7fcfa1b30000-7fcfa1c2e000 rw-p 00000000 00:00 0                          [stack:17263]
7fcfa1c2e000-7fcfa1c31000 ---p 00000000 00:00 0 
7fcfa1c31000-7fcfa1d2f000 rw-p 00000000 00:00 0                          [stack:17262]
7fcfa1d2f000-7fcfa1d32000 ---p 00000000 00:00 0 
7fcfa1d32000-7fcfa1f30000 rw-p 00000000 00:00 0                          [stack:17261]
7fcfa1f30000-7fcfa232a000 r--p 00000000 08:01 15734328                   /usr/lib/locale/locale-archive
7fcfa232a000-7fcfa232d000 ---p 00000000 00:00 0 
7fcfa232d000-7fcfa252b000 rw-p 00000000 00:00 0                          [stack:17260]
7fcfa252b000-7fcfa252e000 ---p 00000000 00:00 0 
7fcfa252e000-7fcfa272c000 rw-p 00000000 00:00 0                          [stack:17259]
7fcfa272c000-7fcfa272d000 ---p 00000000 00:00 0 
7fcfa272d000-7fcfa4000000 rw-p 00000000 00:00 0                          [stack:17258]
7fcfa4000000-7fcfa4021000 rw-p 00000000 00:00 0 
7fcfa4021000-7fcfa8000000 ---p 00000000 00:00 0 
7fcfa8033000-7fcfa803a000 r--s 00000000 08:01 16127910                   /usr/lib/x86_64-linux-gnu/gconv/gconv-modules.cache
7fcfa803a000-7fcfa8cf3000 rw-p 00000000 00:00 0 
7fcfa8cf3000-7fcfa8ddc000 r--s 00bb9000 08:01 12059138                   /home/alex/.rbenv/versions/jruby-1.7.10/lib/jruby.jar
7fcfa8ddc000-7fcfa8f8a000 r--s 01cf4000 08:01 15861374                   /usr/lib/jvm/java-7-openjdk-amd64/jre/lib/rt.jar
7fcfa8f8a000-7fcfa9000000 rw-p 00000000 00:00 0 
7fcfa9000000-7fcfa9270000 rwxp 00000000 00:00 0 
7fcfa9270000-7fcfac54d000 rw-p 00000000 00:00 0 
7fcfac54d000-7fcfb0000000 ---p 00000000 00:00 0 
7fcfb0002000-7fcfb0003000 rw-p 00000000 00:00 0 
7fcfb0003000-7fcfb0004000 r-xp 00000000 00:00 0 
7fcfb0004000-7fcfb0006000 r--s 00012000 08:01 15861308                   /usr/lib/jvm/java-7-openjdk-amd64/jre/lib/ext/zipfs.jar
7fcfb0006000-7fcfb0009000 r--s 00032000 08:01 15861310                   /usr/lib/jvm/java-7-openjdk-amd64/jre/lib/ext/sunjce_provider.jar
7fcfb0009000-7fcfb000d000 r--s 00085000 08:01 15861304                   /usr/lib/jvm/java-7-openjdk-amd64/jre/lib/ext/localedata.jar
7fcfb000d000-7fcfb000f000 r--s 00006000 08:01 16256853                   /usr/share/java/java-atk-wrapper.jar
7fcfb000f000-7fcfb0010000 r--s 00002000 08:01 15861314                   /usr/lib/jvm/java-7-openjdk-amd64/jre/lib/ext/dnsns.jar
7fcfb0010000-7fcfb0013000 r--s 0000f000 08:01 15861306                   /usr/lib/jvm/java-7-openjdk-amd64/jre/lib/ext/pulse-java.jar
7fcfb0013000-7fcfb0017000 r--s 0003b000 08:01 15861316                   /usr/lib/jvm/java-7-openjdk-amd64/jre/lib/ext/sunpkcs11.jar
7fcfb0017000-7fcfb022f000 rw-p 00000000 00:00 0 
7fcfb022f000-7fcfb0230000 ---p 00000000 00:00 0 
7fcfb0230000-7fcfb0330000 rw-p 00000000 00:00 0                          [stack:17257]
7fcfb0330000-7fcfb0331000 ---p 00000000 00:00 0 
7fcfb0331000-7fcfb0431000 rw-p 00000000 00:00 0                          [stack:17256]
7fcfb0431000-7fcfb0432000 ---p 00000000 00:00 0 
7fcfb0432000-7fcfb0532000 rw-p 00000000 00:00 0                          [stack:17255]
7fcfb0532000-7fcfb0533000 ---p 00000000 00:00 0 
7fcfb0533000-7fcfb0640000 rw-p 00000000 00:00 0                          [stack:17254]
7fcfb0640000-7fcfb0686000 rw-p 00000000 00:00 0 
7fcfb0686000-7fcfb0699000 rw-p 00000000 00:00 0 
7fcfb0699000-7fcfb072c000 rw-p 00000000 00:00 0 
7fcfb072c000-7fcfb074d000 rw-p 00000000 00:00 0 
7fcfb074d000-7fcfb0780000 rw-p 00000000 00:00 0 
7fcfb0780000-7fcfb0781000 rw-p 00000000 00:00 0 
7fcfb0781000-7fcfb0789000 r-xp 00000000 08:01 15861025                   /usr/lib/jvm/java-7-openjdk-amd64/jre/lib/amd64/libzip.so
7fcfb0789000-7fcfb0988000 ---p 00008000 08:01 15861025                   /usr/lib/jvm/java-7-openjdk-amd64/jre/lib/amd64/libzip.so
7fcfb0988000-7fcfb0989000 r--p 00007000 08:01 15861025                   /usr/lib/jvm/java-7-openjdk-amd64/jre/lib/amd64/libzip.so
7fcfb0989000-7fcfb098a000 rw-p 00008000 08:01 15861025                   /usr/lib/jvm/java-7-openjdk-amd64/jre/lib/amd64/libzip.so
7fcfb098a000-7fcfb0996000 r-xp 00000000 08:01 8130412                    /lib/x86_64-linux-gnu/libnss_files-2.17.so
7fcfb0996000-7fcfb0b95000 ---p 0000c000 08:01 8130412                    /lib/x86_64-linux-gnu/libnss_files-2.17.so
7fcfb0b95000-7fcfb0b96000 r--p 0000b000 08:01 8130412                    /lib/x86_64-linux-gnu/libnss_files-2.17.so
7fcfb0b96000-7fcfb0b97000 rw-p 0000c000 08:01 8130412                    /lib/x86_64-linux-gnu/libnss_files-2.17.so
7fcfb0b97000-7fcfb0ba2000 r-xp 00000000 08:01 8130416                    /lib/x86_64-linux-gnu/libnss_nis-2.17.so
7fcfb0ba2000-7fcfb0da1000 ---p 0000b000 08:01 8130416                    /lib/x86_64-linux-gnu/libnss_nis-2.17.so
7fcfb0da1000-7fcfb0da2000 r--p 0000a000 08:01 8130416                    /lib/x86_64-linux-gnu/libnss_nis-2.17.so
7fcfb0da2000-7fcfb0da3000 rw-p 0000b000 08:01 8130416                    /lib/x86_64-linux-gnu/libnss_nis-2.17.so
7fcfb0da3000-7fcfb0dba000 r-xp 00000000 08:01 8130406                    /lib/x86_64-linux-gnu/libnsl-2.17.so
7fcfb0dba000-7fcfb0fb9000 ---p 00017000 08:01 8130406                    /lib/x86_64-linux-gnu/libnsl-2.17.so
7fcfb0fb9000-7fcfb0fba000 r--p 00016000 08:01 8130406                    /lib/x86_64-linux-gnu/libnsl-2.17.so
7fcfb0fba000-7fcfb0fbb000 rw-p 00017000 08:01 8130406                    /lib/x86_64-linux-gnu/libnsl-2.17.so
7fcfb0fbb000-7fcfb0fbd000 rw-p 00000000 00:00 0 
7fcfb0fbd000-7fcfb0fc5000 r-xp 00000000 08:01 8130408                    /lib/x86_64-linux-gnu/libnss_compat-2.17.so
7fcfb0fc5000-7fcfb11c4000 ---p 00008000 08:01 8130408                    /lib/x86_64-linux-gnu/libnss_compat-2.17.so
7fcfb11c4000-7fcfb11c5000 r--p 00007000 08:01 8130408                    /lib/x86_64-linux-gnu/libnss_compat-2.17.so
7fcfb11c5000-7fcfb11c6000 rw-p 00008000 08:01 8130408                    /lib/x86_64-linux-gnu/libnss_compat-2.17.so
7fcfb11c6000-7fcfb11f1000 r-xp 00000000 08:01 15860951                   /usr/lib/jvm/java-7-openjdk-amd64/jre/lib/amd64/libjava.so
7fcfb11f1000-7fcfb13f0000 ---p 0002b000 08:01 15860951                   /usr/lib/jvm/java-7-openjdk-amd64/jre/lib/amd64/libjava.so
7fcfb13f0000-7fcfb13f1000 r--p 0002a000 08:01 15860951                   /usr/lib/jvm/java-7-openjdk-amd64/jre/lib/amd64/libjava.so
7fcfb13f1000-7fcfb13f3000 rw-p 0002b000 08:01 15860951                   /usr/lib/jvm/java-7-openjdk-amd64/jre/lib/amd64/libjava.so
7fcfb13f3000-7fcfb1403000 r-xp 00000000 08:01 15861265                   /usr/lib/jvm/java-7-openjdk-amd64/jre/lib/amd64/libverify.so
7fcfb1403000-7fcfb1602000 ---p 00010000 08:01 15861265                   /usr/lib/jvm/java-7-openjdk-amd64/jre/lib/amd64/libverify.so
7fcfb1602000-7fcfb1604000 r--p 0000f000 08:01 15861265                   /usr/lib/jvm/java-7-openjdk-amd64/jre/lib/amd64/libverify.so
7fcfb1604000-7fcfb1605000 rw-p 00011000 08:01 15861265                   /usr/lib/jvm/java-7-openjdk-amd64/jre/lib/amd64/libverify.so
7fcfb1605000-7fcfb160c000 r-xp 00000000 08:01 8130459                    /lib/x86_64-linux-gnu/librt-2.17.so
7fcfb160c000-7fcfb180b000 ---p 00007000 08:01 8130459                    /lib/x86_64-linux-gnu/librt-2.17.so
7fcfb180b000-7fcfb180c000 r--p 00006000 08:01 8130459                    /lib/x86_64-linux-gnu/librt-2.17.so
7fcfb180c000-7fcfb180d000 rw-p 00007000 08:01 8130459                    /lib/x86_64-linux-gnu/librt-2.17.so
7fcfb180d000-7fcfb1810000 ---p 00000000 00:00 0 
7fcfb1810000-7fcfb1a0e000 rw-p 00000000 00:00 0                          [stack:17253]
7fcfb1a0e000-7fcfb1a23000 r-xp 00000000 08:01 8126477                    /lib/x86_64-linux-gnu/libgcc_s.so.1
7fcfb1a23000-7fcfb1c22000 ---p 00015000 08:01 8126477                    /lib/x86_64-linux-gnu/libgcc_s.so.1
7fcfb1c22000-7fcfb1c23000 r--p 00014000 08:01 8126477                    /lib/x86_64-linux-gnu/libgcc_s.so.1
7fcfb1c23000-7fcfb1c24000 rw-p 00015000 08:01 8126477                    /lib/x86_64-linux-gnu/libgcc_s.so.1
7fcfb1c24000-7fcfb1d27000 r-xp 00000000 08:01 8130387                    /lib/x86_64-linux-gnu/libm-2.17.so
7fcfb1d27000-7fcfb1f26000 ---p 00103000 08:01 8130387                    /lib/x86_64-linux-gnu/libm-2.17.so
7fcfb1f26000-7fcfb1f27000 r--p 00102000 08:01 8130387                    /lib/x86_64-linux-gnu/libm-2.17.so
7fcfb1f27000-7fcfb1f28000 rw-p 00103000 08:01 8130387                    /lib/x86_64-linux-gnu/libm-2.17.so
7fcfb1f28000-7fcfb200e000 r-xp 00000000 08:01 15729831                   /usr/lib/x86_64-linux-gnu/libstdc++.so.6.0.18
7fcfb200e000-7fcfb220d000 ---p 000e6000 08:01 15729831                   /usr/lib/x86_64-linux-gnu/libstdc++.so.6.0.18
7fcfb220d000-7fcfb2215000 r--p 000e5000 08:01 15729831                   /usr/lib/x86_64-linux-gnu/libstdc++.so.6.0.18
7fcfb2215000-7fcfb2217000 rw-p 000ed000 08:01 15729831                   /usr/lib/x86_64-linux-gnu/libstdc++.so.6.0.18
7fcfb2217000-7fcfb222c000 rw-p 00000000 00:00 0 
7fcfb222c000-7fcfb2d0b000 r-xp 00000000 08:01 15861284                   /usr/lib/jvm/java-7-openjdk-amd64/jre/lib/amd64/server/libjvm.so
7fcfb2d0b000-7fcfb2f0a000 ---p 00adf000 08:01 15861284                   /usr/lib/jvm/java-7-openjdk-amd64/jre/lib/amd64/server/libjvm.so
7fcfb2f0a000-7fcfb2f9c000 r--p 00ade000 08:01 15861284                   /usr/lib/jvm/java-7-openjdk-amd64/jre/lib/amd64/server/libjvm.so
7fcfb2f9c000-7fcfb2fbf000 rw-p 00b70000 08:01 15861284                   /usr/lib/jvm/java-7-openjdk-amd64/jre/lib/amd64/server/libjvm.so
7fcfb2fbf000-7fcfb2fec000 rw-p 00000000 00:00 0 
7fcfb2fec000-7fcfb3004000 r-xp 00000000 08:01 8130494                    /lib/x86_64-linux-gnu/libz.so.1.2.8
7fcfb3004000-7fcfb3203000 ---p 00018000 08:01 8130494                    /lib/x86_64-linux-gnu/libz.so.1.2.8
7fcfb3203000-7fcfb3204000 r--p 00017000 08:01 8130494                    /lib/x86_64-linux-gnu/libz.so.1.2.8
7fcfb3204000-7fcfb3205000 rw-p 00018000 08:01 8130494                    /lib/x86_64-linux-gnu/libz.so.1.2.8
7fcfb3205000-7fcfb321c000 r-xp 00000000 08:01 8130451                    /lib/x86_64-linux-gnu/libpthread-2.17.so
7fcfb321c000-7fcfb341c000 ---p 00017000 08:01 8130451                    /lib/x86_64-linux-gnu/libpthread-2.17.so
7fcfb341c000-7fcfb341d000 r--p 00017000 08:01 8130451                    /lib/x86_64-linux-gnu/libpthread-2.17.so
7fcfb341d000-7fcfb341e000 rw-p 00018000 08:01 8130451                    /lib/x86_64-linux-gnu/libpthread-2.17.so
7fcfb341e000-7fcfb3422000 rw-p 00000000 00:00 0 
7fcfb3422000-7fcfb3425000 r-xp 00000000 08:01 8130351                    /lib/x86_64-linux-gnu/libdl-2.17.so
7fcfb3425000-7fcfb3624000 ---p 00003000 08:01 8130351                    /lib/x86_64-linux-gnu/libdl-2.17.so
7fcfb3624000-7fcfb3625000 r--p 00002000 08:01 8130351                    /lib/x86_64-linux-gnu/libdl-2.17.so
7fcfb3625000-7fcfb3626000 rw-p 00003000 08:01 8130351                    /lib/x86_64-linux-gnu/libdl-2.17.so
7fcfb3626000-7fcfb37e3000 r-xp 00000000 08:01 8130336                    /lib/x86_64-linux-gnu/libc-2.17.so
7fcfb37e3000-7fcfb39e3000 ---p 001bd000 08:01 8130336                    /lib/x86_64-linux-gnu/libc-2.17.so
7fcfb39e3000-7fcfb39e7000 r--p 001bd000 08:01 8130336                    /lib/x86_64-linux-gnu/libc-2.17.so
7fcfb39e7000-7fcfb39e9000 rw-p 001c1000 08:01 8130336                    /lib/x86_64-linux-gnu/libc-2.17.so
7fcfb39e9000-7fcfb39ee000 rw-p 00000000 00:00 0 
7fcfb39ee000-7fcfb39fb000 r-xp 00000000 08:01 15861291                   /usr/lib/jvm/java-7-openjdk-amd64/jre/lib/amd64/jli/libjli.so
7fcfb39fb000-7fcfb3bfa000 ---p 0000d000 08:01 15861291                   /usr/lib/jvm/java-7-openjdk-amd64/jre/lib/amd64/jli/libjli.so
7fcfb3bfa000-7fcfb3bfb000 r--p 0000c000 08:01 15861291                   /usr/lib/jvm/java-7-openjdk-amd64/jre/lib/amd64/jli/libjli.so
7fcfb3bfb000-7fcfb3bfc000 rw-p 0000d000 08:01 15861291                   /usr/lib/jvm/java-7-openjdk-amd64/jre/lib/amd64/jli/libjli.so
7fcfb3bfc000-7fcfb3c1f000 r-xp 00000000 08:01 8130312                    /lib/x86_64-linux-gnu/ld-2.17.so
7fcfb3c1f000-7fcfb3c24000 r--s 0004c000 08:01 15861296                   /usr/lib/jvm/java-7-openjdk-amd64/jre/lib/jsse.jar
7fcfb3c24000-7fcfb3c52000 rw-p 00000000 00:00 0 
7fcfb3c52000-7fcfb3c98000 rw-p 00000000 00:00 0 
7fcfb3c98000-7fcfb3cab000 rw-p 00000000 00:00 0 
7fcfb3cab000-7fcfb3d3f000 rw-p 00000000 00:00 0 
7fcfb3d3f000-7fcfb3d49000 rw-p 00000000 00:00 0 
7fcfb3d49000-7fcfb3dff000 rw-p 00000000 00:00 0 
7fcfb3dff000-7fcfb3e12000 rw-p 00000000 00:00 0 
7fcfb3e12000-7fcfb3e1a000 rw-s 00000000 08:01 5767371                    /tmp/hsperfdata_alex/17228
7fcfb3e1a000-7fcfb3e1b000 rw-p 00000000 00:00 0 
7fcfb3e1b000-7fcfb3e1c000 r--p 00000000 00:00 0 
7fcfb3e1c000-7fcfb3e1e000 rw-p 00000000 00:00 0 
7fcfb3e1e000-7fcfb3e1f000 r--p 00022000 08:01 8130312                    /lib/x86_64-linux-gnu/ld-2.17.so
7fcfb3e1f000-7fcfb3e21000 rw-p 00023000 08:01 8130312                    /lib/x86_64-linux-gnu/ld-2.17.so
7fff07bcc000-7fff07bed000 rw-p 00000000 00:00 0                          [stack]
7fff07bfe000-7fff07c00000 r-xp 00000000 00:00 0                          [vdso]
ffffffffff600000-ffffffffff601000 r-xp 00000000 00:00 0                  [vsyscall]

VM Arguments:
jvm_args: -Djdk.home= -Djruby.home=/home/alex/.rbenv/versions/jruby-1.7.10 -Djruby.script=jruby -Djruby.shell=/bin/sh -Djffi.boot.library.path=/home/alex/.rbenv/versions/jruby-1.7.10/lib/jni:/home/alex/.rbenv/versions/jruby-1.7.10/lib/jni/i386-Linux:/home/alex/.rbenv/versions/jruby-1.7.10/lib/jni/arm-Linux:/home/alex/.rbenv/versions/jruby-1.7.10/lib/jni/x86_64-Linux -Xmx500m -Xss2048k -Xbootclasspath/a:/home/alex/.rbenv/versions/jruby-1.7.10/lib/jruby.jar 
java_command: org/jruby/Main Makefile.rb clean compile test clean
Launcher Type: SUN_STANDARD

Environment Variables:
PATH=/home/alex/.rbenv/versions/jruby-1.7.10/bin:/home/alex/.rbenv/libexec:/home/alex/.rbenv/plugins/ruby-build/bin:/home/alex/.rbenv/shims:~/.rbenv/bin:~/.rbenv/bin:/usr/local/sbin:/usr/local/bin:/usr/sbin:/usr/bin:/sbin:/bin:/usr/games:/usr/local/games
USERNAME=alex
SHELL=/bin/bash
DISPLAY=:0

Signal Handlers:
SIGSEGV: [libjvm.so+0x916ea0], sa_mask[0]=0x7ffbfeff, sa_flags=0x10000004
SIGBUS: [libjvm.so+0x916ea0], sa_mask[0]=0x7ffbfeff, sa_flags=0x10000004
SIGFPE: [libjvm.so+0x794800], sa_mask[0]=0x7ffbfeff, sa_flags=0x10000004
SIGPIPE: [libjvm.so+0x794800], sa_mask[0]=0x7ffbfeff, sa_flags=0x10000004
SIGXFSZ: [libjvm.so+0x794800], sa_mask[0]=0x7ffbfeff, sa_flags=0x10000004
SIGILL: [libjvm.so+0x794800], sa_mask[0]=0x7ffbfeff, sa_flags=0x10000004
SIGUSR1: SIG_DFL, sa_mask[0]=0x00000000, sa_flags=0x00000000
SIGUSR2: [libjvm.so+0x7946a0], sa_mask[0]=0x00000000, sa_flags=0x10000004
SIGHUP: [libjvm.so+0x794880], sa_mask[0]=0x7ffbfeff, sa_flags=0x10000004
SIGINT: [libjvm.so+0x794880], sa_mask[0]=0x7ffbfeff, sa_flags=0x10000004
SIGTERM: [libjvm.so+0x794880], sa_mask[0]=0x7ffbfeff, sa_flags=0x10000004
SIGQUIT: [libjvm.so+0x794880], sa_mask[0]=0x7ffbfeff, sa_flags=0x10000004


---------------  S Y S T E M  ---------------

OS:LinuxMint 16 (petra)
uname:Linux 3.11.0-12-generic #19-Ubuntu SMP Wed Oct 9 16:20:46 UTC 2013 x86_64
libc:glibc 2.17 NPTL 2.17 
rlimit: STACK 8192k, CORE 0k, NPROC 28798, NOFILE 4096, AS infinity
load average:0,62 0,63 0,54

/proc/meminfo:
MemTotal:        3715476 kB
MemFree:         1838416 kB
Buffers:           75776 kB
Cached:           952484 kB
SwapCached:            0 kB
Active:          1070544 kB
Inactive:         649888 kB
Active(anon):     693892 kB
Inactive(anon):   186140 kB
Active(file):     376652 kB
Inactive(file):   463748 kB
Unevictable:          16 kB
Mlocked:              16 kB
SwapTotal:       3856380 kB
SwapFree:        3856380 kB
Dirty:               376 kB
Writeback:             0 kB
AnonPages:        692424 kB
Mapped:           182672 kB
Shmem:            187864 kB
Slab:              77972 kB
SReclaimable:      52388 kB
SUnreclaim:        25584 kB
KernelStack:        3472 kB
PageTables:        24080 kB
NFS_Unstable:          0 kB
Bounce:                0 kB
WritebackTmp:          0 kB
CommitLimit:     5714116 kB
Committed_AS:    2944024 kB
VmallocTotal:   34359738367 kB
VmallocUsed:      414316 kB
VmallocChunk:   34359320060 kB
HardwareCorrupted:     0 kB
AnonHugePages:         0 kB
HugePages_Total:       0
HugePages_Free:        0
HugePages_Rsvd:        0
HugePages_Surp:        0
Hugepagesize:       2048 kB
DirectMap4k:       66768 kB
DirectMap2M:     3790848 kB


CPU:total 4 (2 cores per cpu, 2 threads per core) family 6 model 37 stepping 5, cmov, cx8, fxsr, mmx, sse, sse2, sse3, ssse3, sse4.1, sse4.2, popcnt, ht, tsc, tscinvbit

/proc/cpuinfo:
processor	: 0
vendor_id	: GenuineIntel
cpu family	: 6
model		: 37
model name	: Intel(R) Core(TM) i3 CPU       M 380  @ 2.53GHz
stepping	: 5
microcode	: 0x2
cpu MHz		: 2533.000
cache size	: 3072 KB
physical id	: 0
siblings	: 4
core id		: 0
cpu cores	: 2
apicid		: 0
initial apicid	: 0
fpu		: yes
fpu_exception	: yes
cpuid level	: 11
wp		: yes
flags		: fpu vme de pse tsc msr pae mce cx8 apic sep mtrr pge mca cmov pat pse36 clflush dts acpi mmx fxsr sse sse2 ss ht tm pbe syscall nx rdtscp lm constant_tsc arch_perfmon pebs bts rep_good nopl xtopology nonstop_tsc aperfmperf pni dtes64 monitor ds_cpl vmx est tm2 ssse3 cx16 xtpr pdcm pcid sse4_1 sse4_2 popcnt lahf_lm arat dtherm tpr_shadow vnmi flexpriority ept vpid
bogomips	: 5054.08
clflush size	: 64
cache_alignment	: 64
address sizes	: 36 bits physical, 48 bits virtual
power management:

processor	: 1
vendor_id	: GenuineIntel
cpu family	: 6
model		: 37
model name	: Intel(R) Core(TM) i3 CPU       M 380  @ 2.53GHz
stepping	: 5
microcode	: 0x2
cpu MHz		: 1999.000
cache size	: 3072 KB
physical id	: 0
siblings	: 4
core id		: 0
cpu cores	: 2
apicid		: 1
initial apicid	: 1
fpu		: yes
fpu_exception	: yes
cpuid level	: 11
wp		: yes
flags		: fpu vme de pse tsc msr pae mce cx8 apic sep mtrr pge mca cmov pat pse36 clflush dts acpi mmx fxsr sse sse2 ss ht tm pbe syscall nx rdtscp lm constant_tsc arch_perfmon pebs bts rep_good nopl xtopology nonstop_tsc aperfmperf pni dtes64 monitor ds_cpl vmx est tm2 ssse3 cx16 xtpr pdcm pcid sse4_1 sse4_2 popcnt lahf_lm arat dtherm tpr_shadow vnmi flexpriority ept vpid
bogomips	: 5054.08
clflush size	: 64
cache_alignment	: 64
address sizes	: 36 bits physical, 48 bits virtual
power management:

processor	: 2
vendor_id	: GenuineIntel
cpu family	: 6
model		: 37
model name	: Intel(R) Core(TM) i3 CPU       M 380  @ 2.53GHz
stepping	: 5
microcode	: 0x2
cpu MHz		: 2533.000
cache size	: 3072 KB
physical id	: 0
siblings	: 4
core id		: 2
cpu cores	: 2
apicid		: 4
initial apicid	: 4
fpu		: yes
fpu_exception	: yes
cpuid level	: 11
wp		: yes
flags		: fpu vme de pse tsc msr pae mce cx8 apic sep mtrr pge mca cmov pat pse36 clflush dts acpi mmx fxsr sse sse2 ss ht tm pbe syscall nx rdtscp lm constant_tsc arch_perfmon pebs bts rep_good nopl xtopology nonstop_tsc aperfmperf pni dtes64 monitor ds_cpl vmx est tm2 ssse3 cx16 xtpr pdcm pcid sse4_1 sse4_2 popcnt lahf_lm arat dtherm tpr_shadow vnmi flexpriority ept vpid
bogomips	: 5054.08
clflush size	: 64
cache_alignment	: 64
address sizes	: 36 bits physical, 48 bits virtual
power management:

processor	: 3
vendor_id	: GenuineIntel
cpu family	: 6
model		: 37
model name	: Intel(R) Core(TM) i3 CPU       M 380  @ 2.53GHz
stepping	: 5
microcode	: 0x2
cpu MHz		: 2533.000
cache size	: 3072 KB
physical id	: 0
siblings	: 4
core id		: 2
cpu cores	: 2
apicid		: 5
initial apicid	: 5
fpu		: yes
fpu_exception	: yes
cpuid level	: 11
wp		: yes
flags		: fpu vme de pse tsc msr pae mce cx8 apic sep mtrr pge mca cmov pat pse36 clflush dts acpi mmx fxsr sse sse2 ss ht tm pbe syscall nx rdtscp lm constant_tsc arch_perfmon pebs bts rep_good nopl xtopology nonstop_tsc aperfmperf pni dtes64 monitor ds_cpl vmx est tm2 ssse3 cx16 xtpr pdcm pcid sse4_1 sse4_2 popcnt lahf_lm arat dtherm tpr_shadow vnmi flexpriority ept vpid
bogomips	: 5054.08
clflush size	: 64
cache_alignment	: 64
address sizes	: 36 bits physical, 48 bits virtual
power management:



Memory: 4k page, physical 3715476k(1838416k free), swap 3856380k(3856380k free)

vm_info: OpenJDK 64-Bit Server VM (24.45-b08) for linux-amd64 JRE (1.7.0_51-b00), built on Jan 15 2014 22:02:57 by "buildd" with gcc 4.8.1

time: Fri Apr 18 15:42:07 2014
elapsed time: 4 seconds

