#
# A fatal error has been detected by the Java Runtime Environment:
#
#  SIGSEGV (0xb) at pc=0x00007f1fdf1e5a6b, pid=9088, tid=139775913690880
#
# JRE version: OpenJDK Runtime Environment (7.0_51) (build 1.7.0_51-b00)
# Java VM: OpenJDK 64-Bit Server VM (24.45-b08 mixed mode linux-amd64 compressed oops)
# Problematic frame:
# C  [libhalf_edge.so+0xa6b]  he_intersection+0x53
#
# Failed to write core dump. Core dumps have been disabled. To enable core dumping, try "ulimit -c unlimited" before starting Java again
#
# If you would like to submit a bug report, please include
# instructions on how to reproduce the bug and visit:
#   http://icedtea.classpath.org/bugzilla
# The crash happened outside the Java Virtual Machine in native code.
# See problematic frame for where to report the bug.
#

---------------  T H R E A D  ---------------

Current thread (0x00007f201800a800):  JavaThread "main" [_thread_in_native, id=9113, stack(0x00007f201d8f0000,0x00007f201daf1000)]

siginfo:si_signo=SIGSEGV: si_errno=0, si_code=128 (), si_addr=0x0000000000000000

Registers:
RAX=0x60058b48f8458948, RBX=0x00000000d79ae230, RCX=0x0000000000000031, RDX=0x00007f1fdebdb075
RSP=0x00007f201daedef0, RBP=0x00007f201daedf70, RSI=0x00007f1fdebdb075, RDI=0x00007f20184947d0
R8 =0x00007f201fac96a0, R9 =0x00007f201f757134, R10=0x00007f201daedd20, R11=0x00007f1fdf1e5a18
R12=0x0000000000000000, R13=0x00000000d79ae230, R14=0x00007f201daee168, R15=0x00007f201800a800
RIP=0x00007f1fdf1e5a6b, EFLAGS=0x0000000000010207, CSGSFS=0x0000000000000033, ERR=0x0000000000000000
  TRAPNO=0x000000000000000d

Top of Stack: (sp=0x00007f201daedef0)
0x00007f201daedef0:   3ff0000000000005 0000000000000000
0x00007f201daedf00:   00007f1fdebdb075 00007f20184947d0
0x00007f201daedf10:   0000000000000000 0000000000000000
0x00007f201daedf20:   3ff0000000000000 4018000000000000
0x00007f201daedf30:   00007f20184947d0 0000000000000031
0x00007f201daedf40:   00007f1fdebdb075 00007f1fdebdb075
0x00007f201daedf50:   00007f20184947d0 00007f201fac96a0
0x00007f201daedf60:   00007f201f757134 00007f2018481cb0
0x00007f201daedf70:   00007f201daedff0 00007f1fdebdb43a
0x00007f201daedf80:   3ff0000000000000 00007f2018400c20
0x00007f201daedf90:   00007f201848a010 00007f2018400c40
0x00007f201daedfa0:   00007f201849d500 00007f2018492250
0x00007f201daedfb0:   00007f2018489bf0 00007f20184a7960
0x00007f201daedfc0:   00007f20184947d0 00007f1fdebdb075
0x00007f201daedfd0:   0000000218400c80 00007f2018400c80
0x00007f201daedfe0:   00007f2018400d60 00007f2018400cd0
0x00007f201daedff0:   00007f201daee030 00007f1fdebdb6a1
0x00007f201daee000:   00007f201facc9f0 00007f2018400c80
0x00007f201daee010:   00007f2018400c80 00007f2018400c40
0x00007f201daee020:   00007f2018400c20 00007f201848a010
0x00007f201daee030:   00007f201daee080 00007f1fdebdb764
0x00007f201daee040:   00000000d6b35ab0 00007f2018400a20
0x00007f201daee050:   00000000d69fb970 00007f2018400c60
0x00007f201daee060:   00007f2018400b40 00007f2018400c80
0x00007f201daee070:   00007f2015006233 00000000f7779790
0x00007f201daee080:   00007f20184128d0 00007f1fdfdf5cd9
0x00007f201daee090:   00000000d69fc4a3 00000000d79ae230
0x00007f201daee0a0:   00007f201daee120 00007f2015012738
0x00007f201daee0b0:   00000000d69fc528 0000000000000000
0x00007f201daee0c0:   00007f201daee0e8 00007f201daee148
0x00007f201daee0d0:   00007f2015006233 00000000e1253c68
0x00007f201daee0e0:   00007f201daee0e0 0000000000000000 

Instructions: (pc=0x00007f1fdf1e5a6b)
0x00007f1fdf1e5a4b:   40 08 48 8b 00 48 89 45 b0 48 8b 45 98 48 8b 40
0x00007f1fdf1e5a5b:   08 48 8b 40 08 48 89 45 b8 48 8b 45 90 48 8b 00
0x00007f1fdf1e5a6b:   48 8b 00 48 89 45 c0 48 8b 45 90 48 8b 00 48 8b
0x00007f1fdf1e5a7b:   40 08 48 89 45 c8 48 8b 45 90 48 8b 40 08 48 8b 

Register to memory mapping:

RAX=0x60058b48f8458948 is an unknown value
RBX=0x00000000d79ae230 is an oop
{method} 
 - klass: {other class}
RCX=0x0000000000000031 is an unknown value
RDX=0x00007f1fdebdb075: rb_min+0x32 in lib/libintersection.so at 0x00007f1fdebd9000
RSP=0x00007f201daedef0 is pointing into the stack for thread: 0x00007f201800a800
RBP=0x00007f201daedf70 is pointing into the stack for thread: 0x00007f201800a800
RSI=0x00007f1fdebdb075: rb_min+0x32 in lib/libintersection.so at 0x00007f1fdebd9000
RDI=0x00007f20184947d0 is an unknown value
R8 =0x00007f201fac96a0: _IO_file_jumps+0 in /lib/x86_64-linux-gnu/libc.so.6 at 0x00007f201f709000
R9 =0x00007f201f757134: _IO_vfprintf+0x49b4 in /lib/x86_64-linux-gnu/libc.so.6 at 0x00007f201f709000
R10=0x00007f201daedd20 is pointing into the stack for thread: 0x00007f201800a800
R11=0x00007f1fdf1e5a18: he_intersection+0 in lib/libhalf_edge.so at 0x00007f1fdf1e5000
R12=0x0000000000000000 is an unknown value
R13=0x00000000d79ae230 is an oop
{method} 
 - klass: {other class}
R14=0x00007f201daee168 is pointing into the stack for thread: 0x00007f201800a800
R15=0x00007f201800a800 is a thread


Stack: [0x00007f201d8f0000,0x00007f201daf1000],  sp=0x00007f201daedef0,  free space=2039k
Native frames: (J=compiled Java code, j=interpreted, Vv=VM code, C=native code)
C  [libhalf_edge.so+0xa6b]  he_intersection+0x53
C  [libintersection.so+0x243a]  update_intersections+0xb6
C  [libintersection.so+0x26a1]  sweep+0x51
C  [libintersection.so+0x2764]  find_intersections+0x82

Java frames: (J=compiled Java code, j=interpreted, Vv=VM code)
j  com.kenai.jffi.Foreign.invokeL1(JJJ)J+0
j  com.kenai.jffi.Invoker.invokeL1(Lcom/kenai/jffi/CallContext;JJ)J+7
j  org.jruby.ext.ffi.jffi.NativeInvoker$ffi$6.call(Lorg/jruby/runtime/ThreadContext;Lorg/jruby/runtime/builtin/IRubyObject;Lorg/jruby/RubyModule;Ljava/lang/String;Lorg/jruby/runtime/builtin/IRubyObject;)Lorg/jruby/runtime/builtin/IRubyObject;+76
j  org.jruby.runtime.callsite.CachingCallSite.cacheAndCall(Lorg/jruby/runtime/builtin/IRubyObject;Lorg/jruby/RubyClass;Lorg/jruby/runtime/ThreadContext;Lorg/jruby/runtime/builtin/IRubyObject;Lorg/jruby/runtime/builtin/IRubyObject;)Lorg/jruby/runtime/builtin/IRubyObject;+57
J  org.jruby.runtime.callsite.CachingCallSite.call(Lorg/jruby/runtime/ThreadContext;Lorg/jruby/runtime/builtin/IRubyObject;Lorg/jruby/runtime/builtin/IRubyObject;Lorg/jruby/runtime/builtin/IRubyObject;)Lorg/jruby/runtime/builtin/IRubyObject;
J  org.jruby.ast.CallOneArgNode.interpret(Lorg/jruby/Ruby;Lorg/jruby/runtime/ThreadContext;Lorg/jruby/runtime/builtin/IRubyObject;Lorg/jruby/runtime/Block;)Lorg/jruby/runtime/builtin/IRubyObject;
j  org.jruby.ast.LocalAsgnNode.interpret(Lorg/jruby/Ruby;Lorg/jruby/runtime/ThreadContext;Lorg/jruby/runtime/builtin/IRubyObject;Lorg/jruby/runtime/Block;)Lorg/jruby/runtime/builtin/IRubyObject;+30
J  org.jruby.ast.BlockNode.interpret(Lorg/jruby/Ruby;Lorg/jruby/runtime/ThreadContext;Lorg/jruby/runtime/builtin/IRubyObject;Lorg/jruby/runtime/Block;)Lorg/jruby/runtime/builtin/IRubyObject;
j  org.jruby.evaluator.ASTInterpreter.INTERPRET_METHOD(Lorg/jruby/Ruby;Lorg/jruby/runtime/ThreadContext;Ljava/lang/String;ILorg/jruby/RubyModule;Lorg/jruby/ast/Node;Ljava/lang/String;Lorg/jruby/runtime/builtin/IRubyObject;Lorg/jruby/runtime/Block;Z)Lorg/jruby/runtime/builtin/IRubyObject;+30
j  org.jruby.internal.runtime.methods.InterpretedMethod.call(Lorg/jruby/runtime/ThreadContext;Lorg/jruby/runtime/builtin/IRubyObject;Lorg/jruby/RubyModule;Ljava/lang/String;)Lorg/jruby/runtime/builtin/IRubyObject;+80
j  org.jruby.internal.runtime.methods.DefaultMethod.call(Lorg/jruby/runtime/ThreadContext;Lorg/jruby/runtime/builtin/IRubyObject;Lorg/jruby/RubyModule;Ljava/lang/String;)Lorg/jruby/runtime/builtin/IRubyObject;+20
J  org.jruby.ast.CallNoArgNode.interpret(Lorg/jruby/Ruby;Lorg/jruby/runtime/ThreadContext;Lorg/jruby/runtime/builtin/IRubyObject;Lorg/jruby/runtime/Block;)Lorg/jruby/runtime/builtin/IRubyObject;
j  org.jruby.ast.FCallTwoArgNode.interpret(Lorg/jruby/Ruby;Lorg/jruby/runtime/ThreadContext;Lorg/jruby/runtime/builtin/IRubyObject;Lorg/jruby/runtime/Block;)Lorg/jruby/runtime/builtin/IRubyObject;+28
J  org.jruby.ast.BlockNode.interpret(Lorg/jruby/Ruby;Lorg/jruby/runtime/ThreadContext;Lorg/jruby/runtime/builtin/IRubyObject;Lorg/jruby/runtime/Block;)Lorg/jruby/runtime/builtin/IRubyObject;
j  org.jruby.evaluator.ASTInterpreter.INTERPRET_METHOD(Lorg/jruby/Ruby;Lorg/jruby/runtime/ThreadContext;Ljava/lang/String;ILorg/jruby/RubyModule;Lorg/jruby/ast/Node;Ljava/lang/String;Lorg/jruby/runtime/builtin/IRubyObject;Lorg/jruby/runtime/Block;Z)Lorg/jruby/runtime/builtin/IRubyObject;+30
j  org.jruby.internal.runtime.methods.InterpretedMethod.call(Lorg/jruby/runtime/ThreadContext;Lorg/jruby/runtime/builtin/IRubyObject;Lorg/jruby/RubyModule;Ljava/lang/String;)Lorg/jruby/runtime/builtin/IRubyObject;+80
j  org.jruby.internal.runtime.methods.DefaultMethod.call(Lorg/jruby/runtime/ThreadContext;Lorg/jruby/runtime/builtin/IRubyObject;Lorg/jruby/RubyModule;Ljava/lang/String;)Lorg/jruby/runtime/builtin/IRubyObject;+20
j  org.jruby.runtime.callsite.CachingCallSite.cacheAndCall(Lorg/jruby/runtime/builtin/IRubyObject;Lorg/jruby/RubyClass;Lorg/jruby/runtime/ThreadContext;Lorg/jruby/runtime/builtin/IRubyObject;)Lorg/jruby/runtime/builtin/IRubyObject;+53
j  org.jruby.runtime.callsite.CachingCallSite.call(Lorg/jruby/runtime/ThreadContext;Lorg/jruby/runtime/builtin/IRubyObject;Lorg/jruby/runtime/builtin/IRubyObject;)Lorg/jruby/runtime/builtin/IRubyObject;+46
j  Makefile.method__3$RUBY$test(LMakefile;Lorg/jruby/runtime/ThreadContext;Lorg/jruby/runtime/builtin/IRubyObject;Lorg/jruby/runtime/Block;)Lorg/jruby/runtime/builtin/IRubyObject;+130
j  Makefile$method__3$RUBY$test.call(Lorg/jruby/runtime/ThreadContext;Lorg/jruby/runtime/builtin/IRubyObject;Lorg/jruby/RubyModule;Ljava/lang/String;Lorg/jruby/runtime/Block;)Lorg/jruby/runtime/builtin/IRubyObject;+17
j  org.jruby.RubyClass.finvoke(Lorg/jruby/runtime/ThreadContext;Lorg/jruby/runtime/builtin/IRubyObject;Ljava/lang/String;Lorg/jruby/runtime/Block;)Lorg/jruby/runtime/builtin/IRubyObject;+41
j  org.jruby.RubyBasicObject.send19(Lorg/jruby/runtime/ThreadContext;Lorg/jruby/runtime/builtin/IRubyObject;Lorg/jruby/runtime/Block;)Lorg/jruby/runtime/builtin/IRubyObject;+15
j  org.jruby.RubyKernel.send19(Lorg/jruby/runtime/ThreadContext;Lorg/jruby/runtime/builtin/IRubyObject;Lorg/jruby/runtime/builtin/IRubyObject;Lorg/jruby/runtime/Block;)Lorg/jruby/runtime/builtin/IRubyObject;+7
j  org.jruby.RubyKernel$INVOKER$s$send19.call(Lorg/jruby/runtime/ThreadContext;Lorg/jruby/runtime/builtin/IRubyObject;Lorg/jruby/RubyModule;Ljava/lang/String;Lorg/jruby/runtime/builtin/IRubyObject;Lorg/jruby/runtime/Block;)Lorg/jruby/runtime/builtin/IRubyObject;+6
j  org.jruby.internal.runtime.methods.JavaMethod$JavaMethodOneOrNBlock.call(Lorg/jruby/runtime/ThreadContext;Lorg/jruby/runtime/builtin/IRubyObject;Lorg/jruby/RubyModule;Ljava/lang/String;Lorg/jruby/runtime/builtin/IRubyObject;)Lorg/jruby/runtime/builtin/IRubyObject;+11
j  org.jruby.runtime.callsite.CachingCallSite.call(Lorg/jruby/runtime/ThreadContext;Lorg/jruby/runtime/builtin/IRubyObject;Lorg/jruby/runtime/builtin/IRubyObject;Lorg/jruby/runtime/builtin/IRubyObject;)Lorg/jruby/runtime/builtin/IRubyObject;+38
j  Makefile.block_7$RUBY$__file__(LMakefile;Lorg/jruby/runtime/ThreadContext;Lorg/jruby/runtime/builtin/IRubyObject;[Lorg/jruby/runtime/builtin/IRubyObject;Lorg/jruby/runtime/Block;)Lorg/jruby/runtime/builtin/IRubyObject;+46
j  Makefile$block_7$RUBY$__file__.call(Lorg/jruby/runtime/ThreadContext;Lorg/jruby/runtime/builtin/IRubyObject;[Lorg/jruby/runtime/builtin/IRubyObject;Lorg/jruby/runtime/Block;)Lorg/jruby/runtime/builtin/IRubyObject;+9
j  org.jruby.runtime.CompiledBlock19.yield(Lorg/jruby/runtime/ThreadContext;Lorg/jruby/runtime/builtin/IRubyObject;Lorg/jruby/runtime/Binding;Lorg/jruby/runtime/Block$Type;)Lorg/jruby/runtime/builtin/IRubyObject;+52
j  org.jruby.runtime.Block.yield(Lorg/jruby/runtime/ThreadContext;Lorg/jruby/runtime/builtin/IRubyObject;)Lorg/jruby/runtime/builtin/IRubyObject;+14
j  org.jruby.RubyArray.eachCommon(Lorg/jruby/runtime/ThreadContext;Lorg/jruby/runtime/Block;)Lorg/jruby/runtime/builtin/IRubyObject;+41
j  org.jruby.RubyArray.each(Lorg/jruby/runtime/ThreadContext;Lorg/jruby/runtime/Block;)Lorg/jruby/runtime/builtin/IRubyObject;+10
j  org.jruby.RubyArray$INVOKER$i$0$0$each.call(Lorg/jruby/runtime/ThreadContext;Lorg/jruby/runtime/builtin/IRubyObject;Lorg/jruby/RubyModule;Ljava/lang/String;Lorg/jruby/runtime/Block;)Lorg/jruby/runtime/builtin/IRubyObject;+7
j  org.jruby.runtime.callsite.CachingCallSite.cacheAndCall(Lorg/jruby/runtime/builtin/IRubyObject;Lorg/jruby/RubyClass;Lorg/jruby/runtime/Block;Lorg/jruby/runtime/ThreadContext;Lorg/jruby/runtime/builtin/IRubyObject;)Lorg/jruby/runtime/builtin/IRubyObject;+57
j  org.jruby.runtime.callsite.CachingCallSite.callBlock(Lorg/jruby/runtime/ThreadContext;Lorg/jruby/runtime/builtin/IRubyObject;Lorg/jruby/runtime/builtin/IRubyObject;Lorg/jruby/runtime/Block;)Lorg/jruby/runtime/builtin/IRubyObject;+50
j  org.jruby.runtime.callsite.CachingCallSite.callIter(Lorg/jruby/runtime/ThreadContext;Lorg/jruby/runtime/builtin/IRubyObject;Lorg/jruby/runtime/builtin/IRubyObject;Lorg/jruby/runtime/Block;)Lorg/jruby/runtime/builtin/IRubyObject;+6
j  Makefile.__file__(LMakefile;Lorg/jruby/runtime/ThreadContext;Lorg/jruby/runtime/builtin/IRubyObject;[Lorg/jruby/runtime/builtin/IRubyObject;Lorg/jruby/runtime/Block;)Lorg/jruby/runtime/builtin/IRubyObject;+938
j  Makefile.load(Lorg/jruby/runtime/ThreadContext;Lorg/jruby/runtime/builtin/IRubyObject;Z)Lorg/jruby/runtime/builtin/IRubyObject;+22
j  org.jruby.Ruby.runScript(Lorg/jruby/ast/executable/Script;Z)Lorg/jruby/runtime/builtin/IRubyObject;+12
j  org.jruby.Ruby.runScript(Lorg/jruby/ast/executable/Script;)Lorg/jruby/runtime/builtin/IRubyObject;+3
j  org.jruby.Ruby.runNormally(Lorg/jruby/ast/Node;)Lorg/jruby/runtime/builtin/IRubyObject;+73
j  org.jruby.Ruby.runFromMain(Ljava/io/InputStream;Ljava/lang/String;)V+320
j  org.jruby.Main.doRunFromMain(Lorg/jruby/Ruby;Ljava/io/InputStream;Ljava/lang/String;)Lorg/jruby/Main$Status;+12
j  org.jruby.Main.internalRun()Lorg/jruby/Main$Status;+234
j  org.jruby.Main.run([Ljava/lang/String;)Lorg/jruby/Main$Status;+9
j  org.jruby.Main.main([Ljava/lang/String;)V+35
v  ~StubRoutines::call_stub

---------------  P R O C E S S  ---------------

Java Threads: ( => current thread )
  0x00007f201842a000 JavaThread "JRubyJIT-2" daemon [_thread_blocked, id=9249, stack(0x00007f1fdf7eb000,0x00007f1fdf9ec000)]
  0x00007f2018428000 JavaThread "process reaper" daemon [_thread_blocked, id=9129, stack(0x00007f200c18e000,0x00007f200c1c7000)]
  0x00007f201841b800 JavaThread "JRubyJIT-1" daemon [_thread_blocked, id=9126, stack(0x00007f1fdfbed000,0x00007f1fdfdee000)]
  0x00007f20180ae000 JavaThread "Service Thread" daemon [_thread_blocked, id=9124, stack(0x00007f200da2d000,0x00007f200dc2e000)]
  0x00007f20180ab800 JavaThread "C2 CompilerThread1" daemon [_thread_blocked, id=9123, stack(0x00007f200dc2e000,0x00007f200dd2f000)]
  0x00007f20180a8800 JavaThread "C2 CompilerThread0" daemon [_thread_in_native, id=9122, stack(0x00007f200dd2f000,0x00007f200de30000)]
  0x00007f20180a6800 JavaThread "Signal Dispatcher" daemon [_thread_blocked, id=9121, stack(0x00007f200de30000,0x00007f200e031000)]
  0x00007f2018082800 JavaThread "Finalizer" daemon [_thread_blocked, id=9120, stack(0x00007f200e42b000,0x00007f200e62c000)]
  0x00007f2018080800 JavaThread "Reference Handler" daemon [_thread_blocked, id=9119, stack(0x00007f200e62c000,0x00007f200e82d000)]
=>0x00007f201800a800 JavaThread "main" [_thread_in_native, id=9113, stack(0x00007f201d8f0000,0x00007f201daf1000)]

Other Threads:
  0x00007f201807c800 VMThread [stack: 0x00007f200e82d000,0x00007f200e92e000] [id=9118]
  0x00007f20180b8800 WatcherThread [stack: 0x00007f200d92c000,0x00007f200da2d000] [id=9125]

VM state:not at safepoint (normal execution)

VM Mutex/Monitor currently owned by a thread: None

Heap
 PSYoungGen      total 32768K, used 2751K [0x00000000f5900000, 0x00000000f9900000, 0x0000000100000000)
  eden space 30720K, 2% used [0x00000000f5900000,0x00000000f59b68f8,0x00000000f7700000)
  from space 2048K, 98% used [0x00000000f7700000,0x00000000f78f9518,0x00000000f7900000)
  to   space 2048K, 0% used [0x00000000f9700000,0x00000000f9700000,0x00000000f9900000)
 ParOldGen       total 38400K, used 8949K [0x00000000e0c00000, 0x00000000e3180000, 0x00000000f5900000)
  object space 38400K, 23% used [0x00000000e0c00000,0x00000000e14bd610,0x00000000e3180000)
 PSPermGen       total 25600K, used 25478K [0x00000000d6600000, 0x00000000d7f00000, 0x00000000e0c00000)
  object space 25600K, 99% used [0x00000000d6600000,0x00000000d7ee1bf8,0x00000000d7f00000)

Card table byte_map: [0x00007f201c716000,0x00007f201c864000] byte_map_base: 0x00007f201c063000

Polling page: 0x00007f201fefe000

Code Cache  [0x00007f2015000000, 0x00007f2015270000, 0x00007f2018000000)
 total_blobs=1001 nmethods=522 adapters=433 free_code_cache=47596Kb largest_free_block=48594944

Compilation events (10 events):
Event: 4,347 Thread 0x00007f20180a8800  552             org.jruby.ext.ffi.Struct::initialize (136 bytes)
Event: 4,348 Thread 0x00007f20180ab800 nmethod 551 0x00007f2015086950 code [0x00007f2015086ac0, 0x00007f2015086c38]
Event: 4,348 Thread 0x00007f20180ab800  553             org.jruby.ext.ffi.AbstractMemory::getSize (5 bytes)
Event: 4,348 Thread 0x00007f20180ab800 nmethod 553 0x00007f201508c3d0 code [0x00007f201508c500, 0x00007f201508c558]
Event: 4,348 Thread 0x00007f20180ab800  554             org.jruby.ext.ffi.StructLayout::getSize (5 bytes)
Event: 4,348 Thread 0x00007f20180ab800 nmethod 554 0x00007f201519c110 code [0x00007f201519c240, 0x00007f201519c298]
Event: 4,348 Thread 0x00007f20180ab800  555             org.jruby.ext.ffi.jffi.DataConverters$MappedDataConverter::fromNative (10 bytes)
Event: 4,349 Thread 0x00007f20180a8800 nmethod 552 0x00007f2015078a50 code [0x00007f2015078ba0, 0x00007f2015078cd8]
Event: 4,349 Thread 0x00007f20180a8800  556             org.jruby.util.Qsort::partition (273 bytes)
Event: 4,354 Thread 0x00007f20180ab800 nmethod 555 0x00007f2015092510 code [0x00007f20150926a0, 0x00007f20150929a8]

GC Heap History (6 events):
Event: 1,407 GC heap before
{Heap before GC invocations=1 (full 0):
 PSYoungGen      total 17408K, used 15360K [0x00000000f5900000, 0x00000000f6c00000, 0x0000000100000000)
  eden space 15360K, 100% used [0x00000000f5900000,0x00000000f6800000,0x00000000f6800000)
  from space 2048K, 0% used [0x00000000f6a00000,0x00000000f6a00000,0x00000000f6c00000)
  to   space 2048K, 0% used [0x00000000f6800000,0x00000000f6800000,0x00000000f6a00000)
 ParOldGen       total 38400K, used 0K [0x00000000e0c00000, 0x00000000e3180000, 0x00000000f5900000)
  object space 38400K, 0% used [0x00000000e0c00000,0x00000000e0c00000,0x00000000e3180000)
 PSPermGen       total 21504K, used 18949K [0x00000000d6600000, 0x00000000d7b00000, 0x00000000e0c00000)
  object space 21504K, 88% used [0x00000000d6600000,0x00000000d78816c8,0x00000000d7b00000)
Event: 1,423 GC heap after
Heap after GC invocations=1 (full 0):
 PSYoungGen      total 17408K, used 2021K [0x00000000f5900000, 0x00000000f7b00000, 0x0000000100000000)
  eden space 15360K, 0% used [0x00000000f5900000,0x00000000f5900000,0x00000000f6800000)
  from space 2048K, 98% used [0x00000000f6800000,0x00000000f69f94c8,0x00000000f6a00000)
  to   space 2048K, 0% used [0x00000000f7900000,0x00000000f7900000,0x00000000f7b00000)
 ParOldGen       total 38400K, used 3805K [0x00000000e0c00000, 0x00000000e3180000, 0x00000000f5900000)
  object space 38400K, 9% used [0x00000000e0c00000,0x00000000e0fb75a8,0x00000000e3180000)
 PSPermGen       total 21504K, used 18949K [0x00000000d6600000, 0x00000000d7b00000, 0x00000000e0c00000)
  object space 21504K, 88% used [0x00000000d6600000,0x00000000d78816c8,0x00000000d7b00000)
}
Event: 2,433 GC heap before
{Heap before GC invocations=2 (full 0):
 PSYoungGen      total 17408K, used 17381K [0x00000000f5900000, 0x00000000f7b00000, 0x0000000100000000)
  eden space 15360K, 100% used [0x00000000f5900000,0x00000000f6800000,0x00000000f6800000)
  from space 2048K, 98% used [0x00000000f6800000,0x00000000f69f94c8,0x00000000f6a00000)
  to   space 2048K, 0% used [0x00000000f7900000,0x00000000f7900000,0x00000000f7b00000)
 ParOldGen       total 38400K, used 3805K [0x00000000e0c00000, 0x00000000e3180000, 0x00000000f5900000)
  object space 38400K, 9% used [0x00000000e0c00000,0x00000000e0fb75a8,0x00000000e3180000)
 PSPermGen       total 23552K, used 23439K [0x00000000d6600000, 0x00000000d7d00000, 0x00000000e0c00000)
  object space 23552K, 99% used [0x00000000d6600000,0x00000000d7ce3eb0,0x00000000d7d00000)
Event: 2,458 GC heap after
Heap after GC invocations=2 (full 0):
 PSYoungGen      total 32768K, used 2037K [0x00000000f5900000, 0x00000000f7b00000, 0x0000000100000000)
  eden space 30720K, 0% used [0x00000000f5900000,0x00000000f5900000,0x00000000f7700000)
  from space 2048K, 99% used [0x00000000f7900000,0x00000000f7afd528,0x00000000f7b00000)
  to   space 2048K, 0% used [0x00000000f7700000,0x00000000f7700000,0x00000000f7900000)
 ParOldGen       total 38400K, used 5904K [0x00000000e0c00000, 0x00000000e3180000, 0x00000000f5900000)
  object space 38400K, 15% used [0x00000000e0c00000,0x00000000e11c43a0,0x00000000e3180000)
 PSPermGen       total 23552K, used 23439K [0x00000000d6600000, 0x00000000d7d00000, 0x00000000e0c00000)
  object space 23552K, 99% used [0x00000000d6600000,0x00000000d7ce3eb0,0x00000000d7d00000)
}
Event: 4,320 GC heap before
{Heap before GC invocations=3 (full 0):
 PSYoungGen      total 32768K, used 32757K [0x00000000f5900000, 0x00000000f7b00000, 0x0000000100000000)
  eden space 30720K, 100% used [0x00000000f5900000,0x00000000f7700000,0x00000000f7700000)
  from space 2048K, 99% used [0x00000000f7900000,0x00000000f7afd528,0x00000000f7b00000)
  to   space 2048K, 0% used [0x00000000f7700000,0x00000000f7700000,0x00000000f7900000)
 ParOldGen       total 38400K, used 5904K [0x00000000e0c00000, 0x00000000e3180000, 0x00000000f5900000)
  object space 38400K, 15% used [0x00000000e0c00000,0x00000000e11c43a0,0x00000000e3180000)
 PSPermGen       total 25600K, used 25474K [0x00000000d6600000, 0x00000000d7f00000, 0x00000000e0c00000)
  object space 25600K, 99% used [0x00000000d6600000,0x00000000d7ee0b78,0x00000000d7f00000)
Event: 4,342 GC heap after
Heap after GC invocations=3 (full 0):
 PSYoungGen      total 32768K, used 2021K [0x00000000f5900000, 0x00000000f9900000, 0x0000000100000000)
  eden space 30720K, 0% used [0x00000000f5900000,0x00000000f5900000,0x00000000f7700000)
  from space 2048K, 98% used [0x00000000f7700000,0x00000000f78f9518,0x00000000f7900000)
  to   space 2048K, 0% used [0x00000000f9700000,0x00000000f9700000,0x00000000f9900000)
 ParOldGen       total 38400K, used 8949K [0x00000000e0c00000, 0x00000000e3180000, 0x00000000f5900000)
  object space 38400K, 23% used [0x00000000e0c00000,0x00000000e14bd610,0x00000000e3180000)
 PSPermGen       total 25600K, used 25474K [0x00000000d6600000, 0x00000000d7f00000, 0x00000000e0c00000)
  object space 25600K, 99% used [0x00000000d6600000,0x00000000d7ee0b78,0x00000000d7f00000)
}

Deoptimization events (10 events):
Event: 4,349 Thread 0x00007f201800a800 Uncommon trap: reason=class_check action=maybe_recompile pc=0x00007f2015194018 method=org.jruby.RubyArray.collect(Lorg/jruby/runtime/ThreadContext;Lorg/jruby/runtime/Block;)Lorg/jruby/runtime/builtin/IRubyObject; @ 71
Event: 4,349 Thread 0x00007f201800a800 Uncommon trap: reason=class_check action=maybe_recompile pc=0x00007f2015194018 method=org.jruby.RubyArray.collect(Lorg/jruby/runtime/ThreadContext;Lorg/jruby/runtime/Block;)Lorg/jruby/runtime/builtin/IRubyObject; @ 71
Event: 4,350 Thread 0x00007f201800a800 Uncommon trap: reason=bimorphic action=maybe_recompile pc=0x00007f201519fbc8 method=org.jruby.RubyClass.allocate()Lorg/jruby/runtime/builtin/IRubyObject; @ 54
Event: 4,350 Thread 0x00007f201800a800 Uncommon trap: reason=bimorphic action=maybe_recompile pc=0x00007f201519fbc8 method=org.jruby.RubyClass.allocate()Lorg/jruby/runtime/builtin/IRubyObject; @ 54
Event: 4,350 Thread 0x00007f201800a800 Uncommon trap: reason=class_check action=maybe_recompile pc=0x00007f2015195de4 method=org.jruby.runtime.ivars.VariableAccessor.get(Ljava/lang/Object;)Ljava/lang/Object; @ 1
Event: 4,350 Thread 0x00007f201800a800 Uncommon trap: reason=class_check action=maybe_recompile pc=0x00007f2015195de4 method=org.jruby.runtime.ivars.VariableAccessor.get(Ljava/lang/Object;)Ljava/lang/Object; @ 1
Event: 4,350 Thread 0x00007f201800a800 Uncommon trap: reason=class_check action=maybe_recompile pc=0x00007f2015195de4 method=org.jruby.runtime.ivars.VariableAccessor.get(Ljava/lang/Object;)Ljava/lang/Object; @ 1
Event: 4,350 Thread 0x00007f201800a800 Uncommon trap: reason=class_check action=maybe_recompile pc=0x00007f2015195de4 method=org.jruby.runtime.ivars.VariableAccessor.get(Ljava/lang/Object;)Ljava/lang/Object; @ 1
Event: 4,350 Thread 0x00007f201800a800 Uncommon trap: reason=bimorphic action=maybe_recompile pc=0x00007f201519fbc8 method=org.jruby.RubyClass.allocate()Lorg/jruby/runtime/builtin/IRubyObject; @ 54
Event: 4,350 Thread 0x00007f201800a800 Uncommon trap: reason=bimorphic action=maybe_recompile pc=0x00007f201519fbc8 method=org.jruby.RubyClass.allocate()Lorg/jruby/runtime/builtin/IRubyObject; @ 54

Internal exceptions (10 events):
Event: 3,766 Thread 0x00007f201800a800 Threw 0x00000000f6d5cdd0 at /build/buildd/openjdk-7-7u51-2.4.4/build/openjdk/hotspot/src/share/vm/prims/jvm.cpp:1244
Event: 3,766 Thread 0x00007f201800a800 Threw 0x00000000f6d5d880 at /build/buildd/openjdk-7-7u51-2.4.4/build/openjdk/hotspot/src/share/vm/prims/jvm.cpp:1244
Event: 3,767 Thread 0x00007f201800a800 Threw 0x00000000f6d693f0 at /build/buildd/openjdk-7-7u51-2.4.4/build/openjdk/hotspot/src/share/vm/prims/jvm.cpp:1244
Event: 3,768 Thread 0x00007f201800a800 Threw 0x00000000f6d6b4b0 at /build/buildd/openjdk-7-7u51-2.4.4/build/openjdk/hotspot/src/share/vm/prims/jvm.cpp:1244
Event: 3,768 Thread 0x00007f201800a800 Threw 0x00000000f6d6bf60 at /build/buildd/openjdk-7-7u51-2.4.4/build/openjdk/hotspot/src/share/vm/prims/jvm.cpp:1244
Event: 3,768 Thread 0x00007f201800a800 Threw 0x00000000f6d6de00 at /build/buildd/openjdk-7-7u51-2.4.4/build/openjdk/hotspot/src/share/vm/prims/jvm.cpp:1244
Event: 3,768 Thread 0x00007f201800a800 Threw 0x00000000f6d6fec0 at /build/buildd/openjdk-7-7u51-2.4.4/build/openjdk/hotspot/src/share/vm/prims/jvm.cpp:1244
Event: 3,768 Thread 0x00007f201800a800 Threw 0x00000000f6d70970 at /build/buildd/openjdk-7-7u51-2.4.4/build/openjdk/hotspot/src/share/vm/prims/jvm.cpp:1244
Event: 4,357 Thread 0x00007f201841b800 Threw 0x00000000f5983c88 at /build/buildd/openjdk-7-7u51-2.4.4/build/openjdk/hotspot/src/share/vm/prims/jvm.cpp:1244
Event: 4,357 Thread 0x00007f201841b800 Threw 0x00000000f59856a0 at /build/buildd/openjdk-7-7u51-2.4.4/build/openjdk/hotspot/src/share/vm/prims/jvm.cpp:1244

Events (10 events):
Event: 4,350 Thread 0x00007f201800a800 DEOPT UNPACKING pc=0x00007f2015039045 sp=0x00007f201daed2d8 mode 2
Event: 4,350 Thread 0x00007f201800a800 Uncommon trap: trap_request=0xffffffc6 fr.pc=0x00007f201519fbc8
Event: 4,350 Thread 0x00007f201800a800 DEOPT PACKING pc=0x00007f201519fbc8 sp=0x00007f201daed700
Event: 4,350 Thread 0x00007f201800a800 DEOPT UNPACKING pc=0x00007f2015039045 sp=0x00007f201daed6f0 mode 2
Event: 4,350 Thread 0x00007f201800a800 Uncommon trap: trap_request=0xffffffc6 fr.pc=0x00007f201519fbc8
Event: 4,350 Thread 0x00007f201800a800 DEOPT PACKING pc=0x00007f201519fbc8 sp=0x00007f201daed700
Event: 4,350 Thread 0x00007f201800a800 DEOPT UNPACKING pc=0x00007f2015039045 sp=0x00007f201daed6f0 mode 2
Event: 4,354 Thread 0x00007f20180ab800 flushing nmethod 0x00007f2015105f90
Event: 4,356 loading class 0x00007f1fd800b120
Event: 4,356 loading class 0x00007f1fd800b120 done


Dynamic libraries:
00400000-00401000 r-xp 00000000 08:01 15861394                           /usr/lib/jvm/java-7-openjdk-amd64/jre/bin/java
00600000-00601000 r--p 00000000 08:01 15861394                           /usr/lib/jvm/java-7-openjdk-amd64/jre/bin/java
00601000-00602000 rw-p 00001000 08:01 15861394                           /usr/lib/jvm/java-7-openjdk-amd64/jre/bin/java
021e8000-02209000 rw-p 00000000 00:00 0                                  [heap]
d6600000-d7f00000 rw-p 00000000 00:00 0 
d7f00000-e0c00000 rw-p 00000000 00:00 0 
e0c00000-e3180000 rw-p 00000000 00:00 0 
e3180000-f5900000 rw-p 00000000 00:00 0 
f5900000-f9900000 rw-p 00000000 00:00 0 
f9900000-100000000 rw-p 00000000 00:00 0 
7f1fc8000000-7f1fc8021000 rw-p 00000000 00:00 0 
7f1fc8021000-7f1fcc000000 ---p 00000000 00:00 0 
7f1fcc000000-7f1fcc021000 rw-p 00000000 00:00 0 
7f1fcc021000-7f1fd0000000 ---p 00000000 00:00 0 
7f1fd0000000-7f1fd0021000 rw-p 00000000 00:00 0 
7f1fd0021000-7f1fd4000000 ---p 00000000 00:00 0 
7f1fd4000000-7f1fd4021000 rw-p 00000000 00:00 0 
7f1fd4021000-7f1fd8000000 ---p 00000000 00:00 0 
7f1fd8000000-7f1fd8027000 rw-p 00000000 00:00 0 
7f1fd8027000-7f1fdc000000 ---p 00000000 00:00 0 
7f1fdebd9000-7f1fdebdc000 r-xp 00000000 08:01 13893852                   /home/alex/Documents/8vo_Semestre/Geometría Computacional/Lab/practica02p1/src/lib/libintersection.so
7f1fdebdc000-7f1fdeddc000 ---p 00003000 08:01 13893852                   /home/alex/Documents/8vo_Semestre/Geometría Computacional/Lab/practica02p1/src/lib/libintersection.so
7f1fdeddc000-7f1fdeddd000 r--p 00003000 08:01 13893852                   /home/alex/Documents/8vo_Semestre/Geometría Computacional/Lab/practica02p1/src/lib/libintersection.so
7f1fdeddd000-7f1fdedde000 rw-p 00004000 08:01 13893852                   /home/alex/Documents/8vo_Semestre/Geometría Computacional/Lab/practica02p1/src/lib/libintersection.so
7f1fdedde000-7f1fdede1000 r-xp 00000000 08:01 13893851                   /home/alex/Documents/8vo_Semestre/Geometría Computacional/Lab/practica02p1/src/lib/librb_tree.so
7f1fdede1000-7f1fdefe0000 ---p 00003000 08:01 13893851                   /home/alex/Documents/8vo_Semestre/Geometría Computacional/Lab/practica02p1/src/lib/librb_tree.so
7f1fdefe0000-7f1fdefe1000 r--p 00002000 08:01 13893851                   /home/alex/Documents/8vo_Semestre/Geometría Computacional/Lab/practica02p1/src/lib/librb_tree.so
7f1fdefe1000-7f1fdefe2000 rw-p 00003000 08:01 13893851                   /home/alex/Documents/8vo_Semestre/Geometría Computacional/Lab/practica02p1/src/lib/librb_tree.so
7f1fdefe2000-7f1fdefe4000 r-xp 00000000 08:01 13893850                   /home/alex/Documents/8vo_Semestre/Geometría Computacional/Lab/practica02p1/src/lib/libdouble_linked_list.so
7f1fdefe4000-7f1fdf1e3000 ---p 00002000 08:01 13893850                   /home/alex/Documents/8vo_Semestre/Geometría Computacional/Lab/practica02p1/src/lib/libdouble_linked_list.so
7f1fdf1e3000-7f1fdf1e4000 r--p 00001000 08:01 13893850                   /home/alex/Documents/8vo_Semestre/Geometría Computacional/Lab/practica02p1/src/lib/libdouble_linked_list.so
7f1fdf1e4000-7f1fdf1e5000 rw-p 00002000 08:01 13893850                   /home/alex/Documents/8vo_Semestre/Geometría Computacional/Lab/practica02p1/src/lib/libdouble_linked_list.so
7f1fdf1e5000-7f1fdf1e6000 r-xp 00000000 08:01 13893835                   /home/alex/Documents/8vo_Semestre/Geometría Computacional/Lab/practica02p1/src/lib/libhalf_edge.so
7f1fdf1e6000-7f1fdf3e6000 ---p 00001000 08:01 13893835                   /home/alex/Documents/8vo_Semestre/Geometría Computacional/Lab/practica02p1/src/lib/libhalf_edge.so
7f1fdf3e6000-7f1fdf3e7000 r--p 00001000 08:01 13893835                   /home/alex/Documents/8vo_Semestre/Geometría Computacional/Lab/practica02p1/src/lib/libhalf_edge.so
7f1fdf3e7000-7f1fdf3e8000 rw-p 00002000 08:01 13893835                   /home/alex/Documents/8vo_Semestre/Geometría Computacional/Lab/practica02p1/src/lib/libhalf_edge.so
7f1fdf3e8000-7f1fdf3e9000 r-xp 00000000 08:01 13893834                   /home/alex/Documents/8vo_Semestre/Geometría Computacional/Lab/practica02p1/src/lib/lib2d_points.so
7f1fdf3e9000-7f1fdf5e8000 ---p 00001000 08:01 13893834                   /home/alex/Documents/8vo_Semestre/Geometría Computacional/Lab/practica02p1/src/lib/lib2d_points.so
7f1fdf5e8000-7f1fdf5e9000 r--p 00000000 08:01 13893834                   /home/alex/Documents/8vo_Semestre/Geometría Computacional/Lab/practica02p1/src/lib/lib2d_points.so
7f1fdf5e9000-7f1fdf5ea000 rw-p 00001000 08:01 13893834                   /home/alex/Documents/8vo_Semestre/Geometría Computacional/Lab/practica02p1/src/lib/lib2d_points.so
7f1fdf5ea000-7f1fdf5ed000 ---p 00000000 00:00 0 
7f1fdf5ed000-7f1fdf7eb000 rw-p 00000000 00:00 0 
7f1fdf7eb000-7f1fdf7ee000 ---p 00000000 00:00 0 
7f1fdf7ee000-7f1fdf9ec000 rw-p 00000000 00:00 0                          [stack:9249]
7f1fdf9ec000-7f1fdf9ef000 ---p 00000000 00:00 0 
7f1fdf9ef000-7f1fdfbed000 rw-p 00000000 00:00 0 
7f1fdfbed000-7f1fdfbf0000 ---p 00000000 00:00 0 
7f1fdfbf0000-7f1fdfdee000 rw-p 00000000 00:00 0                          [stack:9126]
7f1fdfdee000-7f1fdfe00000 r-xp 00000000 08:01 12059135                   /home/alex/.rbenv/versions/jruby-1.7.10/lib/jni/x86_64-Linux/libjffi-1.2.so
7f1fdfe00000-7f1fdffff000 ---p 00012000 08:01 12059135                   /home/alex/.rbenv/versions/jruby-1.7.10/lib/jni/x86_64-Linux/libjffi-1.2.so
7f1fdffff000-7f1fe0000000 rw-p 00011000 08:01 12059135                   /home/alex/.rbenv/versions/jruby-1.7.10/lib/jni/x86_64-Linux/libjffi-1.2.so
7f1fe0000000-7f1fe0021000 rw-p 00000000 00:00 0 
7f1fe0021000-7f1fe4000000 ---p 00000000 00:00 0 
7f1fe4000000-7f1fe4021000 rw-p 00000000 00:00 0 
7f1fe4021000-7f1fe8000000 ---p 00000000 00:00 0 
7f1fe8000000-7f1fe8d7f000 rw-p 00000000 00:00 0 
7f1fe8d7f000-7f1fec000000 ---p 00000000 00:00 0 
7f1fec000000-7f1feccb2000 rw-p 00000000 00:00 0 
7f1feccb2000-7f1ff0000000 ---p 00000000 00:00 0 
7f1ff0000000-7f1ff0021000 rw-p 00000000 00:00 0 
7f1ff0021000-7f1ff4000000 ---p 00000000 00:00 0 
7f1ff4000000-7f1ff4021000 rw-p 00000000 00:00 0 
7f1ff4021000-7f1ff8000000 ---p 00000000 00:00 0 
7f1ff8000000-7f1ff8021000 rw-p 00000000 00:00 0 
7f1ff8021000-7f1ffc000000 ---p 00000000 00:00 0 
7f1ffc000000-7f1ffc021000 rw-p 00000000 00:00 0 
7f1ffc021000-7f2000000000 ---p 00000000 00:00 0 
7f2000000000-7f2000021000 rw-p 00000000 00:00 0 
7f2000021000-7f2004000000 ---p 00000000 00:00 0 
7f2004000000-7f2004021000 rw-p 00000000 00:00 0 
7f2004021000-7f2008000000 ---p 00000000 00:00 0 
7f2008000000-7f2008021000 rw-p 00000000 00:00 0 
7f2008021000-7f200c000000 ---p 00000000 00:00 0 
7f200c18e000-7f200c191000 ---p 00000000 00:00 0 
7f200c191000-7f200c1c7000 rw-p 00000000 00:00 0                          [stack:9129]
7f200c1c7000-7f200c1d7000 r-xp 00000000 08:01 15861288                   /usr/lib/jvm/java-7-openjdk-amd64/jre/lib/amd64/libnio.so
7f200c1d7000-7f200c3d7000 ---p 00010000 08:01 15861288                   /usr/lib/jvm/java-7-openjdk-amd64/jre/lib/amd64/libnio.so
7f200c3d7000-7f200c3d8000 r--p 00010000 08:01 15861288                   /usr/lib/jvm/java-7-openjdk-amd64/jre/lib/amd64/libnio.so
7f200c3d8000-7f200c3d9000 rw-p 00011000 08:01 15861288                   /usr/lib/jvm/java-7-openjdk-amd64/jre/lib/amd64/libnio.so
7f200c3d9000-7f200c416000 r-xp 00000000 08:01 8130434                    /lib/x86_64-linux-gnu/libpcre.so.3.13.1
7f200c416000-7f200c616000 ---p 0003d000 08:01 8130434                    /lib/x86_64-linux-gnu/libpcre.so.3.13.1
7f200c616000-7f200c617000 r--p 0003d000 08:01 8130434                    /lib/x86_64-linux-gnu/libpcre.so.3.13.1
7f200c617000-7f200c618000 rw-p 0003e000 08:01 8130434                    /lib/x86_64-linux-gnu/libpcre.so.3.13.1
7f200c618000-7f200c61f000 r-xp 00000000 08:01 15735894                   /usr/lib/x86_64-linux-gnu/libffi.so.6.0.1
7f200c61f000-7f200c81e000 ---p 00007000 08:01 15735894                   /usr/lib/x86_64-linux-gnu/libffi.so.6.0.1
7f200c81e000-7f200c81f000 r--p 00006000 08:01 15735894                   /usr/lib/x86_64-linux-gnu/libffi.so.6.0.1
7f200c81f000-7f200c820000 rw-p 00007000 08:01 15735894                   /usr/lib/x86_64-linux-gnu/libffi.so.6.0.1
7f200c820000-7f200c836000 r-xp 00000000 08:01 8130457                    /lib/x86_64-linux-gnu/libresolv-2.17.so
7f200c836000-7f200ca36000 ---p 00016000 08:01 8130457                    /lib/x86_64-linux-gnu/libresolv-2.17.so
7f200ca36000-7f200ca37000 r--p 00016000 08:01 8130457                    /lib/x86_64-linux-gnu/libresolv-2.17.so
7f200ca37000-7f200ca38000 rw-p 00017000 08:01 8130457                    /lib/x86_64-linux-gnu/libresolv-2.17.so
7f200ca38000-7f200ca3a000 rw-p 00000000 00:00 0 
7f200ca3a000-7f200ca59000 r-xp 00000000 08:01 8130461                    /lib/x86_64-linux-gnu/libselinux.so.1
7f200ca59000-7f200cc59000 ---p 0001f000 08:01 8130461                    /lib/x86_64-linux-gnu/libselinux.so.1
7f200cc59000-7f200cc5a000 r--p 0001f000 08:01 8130461                    /lib/x86_64-linux-gnu/libselinux.so.1
7f200cc5a000-7f200cc5b000 rw-p 00020000 08:01 8130461                    /lib/x86_64-linux-gnu/libselinux.so.1
7f200cc5b000-7f200cc5c000 rw-p 00000000 00:00 0 
7f200cc5c000-7f200cc5f000 r-xp 00000000 08:01 15729078                   /usr/lib/x86_64-linux-gnu/libgmodule-2.0.so.0.3800.1
7f200cc5f000-7f200ce5e000 ---p 00003000 08:01 15729078                   /usr/lib/x86_64-linux-gnu/libgmodule-2.0.so.0.3800.1
7f200ce5e000-7f200ce5f000 r--p 00002000 08:01 15729078                   /usr/lib/x86_64-linux-gnu/libgmodule-2.0.so.0.3800.1
7f200ce5f000-7f200ce60000 rw-p 00003000 08:01 15729078                   /usr/lib/x86_64-linux-gnu/libgmodule-2.0.so.0.3800.1
7f200ce60000-7f200cf5e000 r-xp 00000000 08:01 8130449                    /lib/x86_64-linux-gnu/libglib-2.0.so.0.3800.1
7f200cf5e000-7f200d15e000 ---p 000fe000 08:01 8130449                    /lib/x86_64-linux-gnu/libglib-2.0.so.0.3800.1
7f200d15e000-7f200d15f000 r--p 000fe000 08:01 8130449                    /lib/x86_64-linux-gnu/libglib-2.0.so.0.3800.1
7f200d15f000-7f200d160000 rw-p 000ff000 08:01 8130449                    /lib/x86_64-linux-gnu/libglib-2.0.so.0.3800.1
7f200d160000-7f200d161000 rw-p 00000000 00:00 0 
7f200d161000-7f200d1b0000 r-xp 00000000 08:01 15729069                   /usr/lib/x86_64-linux-gnu/libgobject-2.0.so.0.3800.1
7f200d1b0000-7f200d3b0000 ---p 0004f000 08:01 15729069                   /usr/lib/x86_64-linux-gnu/libgobject-2.0.so.0.3800.1
7f200d3b0000-7f200d3b1000 r--p 0004f000 08:01 15729069                   /usr/lib/x86_64-linux-gnu/libgobject-2.0.so.0.3800.1
7f200d3b1000-7f200d3b2000 rw-p 00050000 08:01 15729069                   /usr/lib/x86_64-linux-gnu/libgobject-2.0.so.0.3800.1
7f200d3b2000-7f200d50e000 r-xp 00000000 08:01 15729043                   /usr/lib/x86_64-linux-gnu/libgio-2.0.so.0.3800.1
7f200d50e000-7f200d70d000 ---p 0015c000 08:01 15729043                   /usr/lib/x86_64-linux-gnu/libgio-2.0.so.0.3800.1
7f200d70d000-7f200d711000 r--p 0015b000 08:01 15729043                   /usr/lib/x86_64-linux-gnu/libgio-2.0.so.0.3800.1
7f200d711000-7f200d713000 rw-p 0015f000 08:01 15729043                   /usr/lib/x86_64-linux-gnu/libgio-2.0.so.0.3800.1
7f200d713000-7f200d715000 rw-p 00000000 00:00 0 
7f200d715000-7f200d72b000 r-xp 00000000 08:01 15861076                   /usr/lib/jvm/java-7-openjdk-amd64/jre/lib/amd64/libnet.so
7f200d72b000-7f200d92a000 ---p 00016000 08:01 15861076                   /usr/lib/jvm/java-7-openjdk-amd64/jre/lib/amd64/libnet.so
7f200d92a000-7f200d92b000 r--p 00015000 08:01 15861076                   /usr/lib/jvm/java-7-openjdk-amd64/jre/lib/amd64/libnet.so
7f200d92b000-7f200d92c000 rw-p 00016000 08:01 15861076                   /usr/lib/jvm/java-7-openjdk-amd64/jre/lib/amd64/libnet.so
7f200d92c000-7f200d92d000 ---p 00000000 00:00 0 
7f200d92d000-7f200da2d000 rw-p 00000000 00:00 0                          [stack:9125]
7f200da2d000-7f200da30000 ---p 00000000 00:00 0 
7f200da30000-7f200dc2e000 rw-p 00000000 00:00 0                          [stack:9124]
7f200dc2e000-7f200dc31000 ---p 00000000 00:00 0 
7f200dc31000-7f200dd2f000 rw-p 00000000 00:00 0                          [stack:9123]
7f200dd2f000-7f200dd32000 ---p 00000000 00:00 0 
7f200dd32000-7f200de30000 rw-p 00000000 00:00 0                          [stack:9122]
7f200de30000-7f200de33000 ---p 00000000 00:00 0 
7f200de33000-7f200e031000 rw-p 00000000 00:00 0                          [stack:9121]
7f200e031000-7f200e42b000 r--p 00000000 08:01 15734328                   /usr/lib/locale/locale-archive
7f200e42b000-7f200e42e000 ---p 00000000 00:00 0 
7f200e42e000-7f200e62c000 rw-p 00000000 00:00 0                          [stack:9120]
7f200e62c000-7f200e62f000 ---p 00000000 00:00 0 
7f200e62f000-7f200e82d000 rw-p 00000000 00:00 0                          [stack:9119]
7f200e82d000-7f200e82e000 ---p 00000000 00:00 0 
7f200e82e000-7f2010000000 rw-p 00000000 00:00 0                          [stack:9118]
7f2010000000-7f2010021000 rw-p 00000000 00:00 0 
7f2010021000-7f2014000000 ---p 00000000 00:00 0 
7f2014013000-7f201401a000 r--s 00000000 08:01 16127910                   /usr/lib/x86_64-linux-gnu/gconv/gconv-modules.cache
7f201401a000-7f2014d69000 rw-p 00000000 00:00 0 
7f2014d69000-7f2014e52000 r--s 00bb9000 08:01 12059138                   /home/alex/.rbenv/versions/jruby-1.7.10/lib/jruby.jar
7f2014e52000-7f2015000000 r--s 01cf4000 08:01 15861374                   /usr/lib/jvm/java-7-openjdk-amd64/jre/lib/rt.jar
7f2015000000-7f2015270000 rwxp 00000000 00:00 0 
7f2015270000-7f20184ae000 rw-p 00000000 00:00 0 
7f20184ae000-7f201c000000 ---p 00000000 00:00 0 
7f201c004000-7f201c005000 rw-p 00000000 00:00 0 
7f201c005000-7f201c006000 r-xp 00000000 00:00 0 
7f201c006000-7f201c008000 r--s 00012000 08:01 15861308                   /usr/lib/jvm/java-7-openjdk-amd64/jre/lib/ext/zipfs.jar
7f201c008000-7f201c00b000 r--s 00032000 08:01 15861310                   /usr/lib/jvm/java-7-openjdk-amd64/jre/lib/ext/sunjce_provider.jar
7f201c00b000-7f201c00f000 r--s 00085000 08:01 15861304                   /usr/lib/jvm/java-7-openjdk-amd64/jre/lib/ext/localedata.jar
7f201c00f000-7f201c011000 r--s 00006000 08:01 16256853                   /usr/share/java/java-atk-wrapper.jar
7f201c011000-7f201c012000 r--s 00002000 08:01 15861314                   /usr/lib/jvm/java-7-openjdk-amd64/jre/lib/ext/dnsns.jar
7f201c012000-7f201c015000 r--s 0000f000 08:01 15861306                   /usr/lib/jvm/java-7-openjdk-amd64/jre/lib/ext/pulse-java.jar
7f201c015000-7f201c019000 r--s 0003b000 08:01 15861316                   /usr/lib/jvm/java-7-openjdk-amd64/jre/lib/ext/sunpkcs11.jar
7f201c019000-7f201c312000 rw-p 00000000 00:00 0 
7f201c312000-7f201c313000 ---p 00000000 00:00 0 
7f201c313000-7f201c413000 rw-p 00000000 00:00 0                          [stack:9117]
7f201c413000-7f201c414000 ---p 00000000 00:00 0 
7f201c414000-7f201c514000 rw-p 00000000 00:00 0                          [stack:9116]
7f201c514000-7f201c515000 ---p 00000000 00:00 0 
7f201c515000-7f201c615000 rw-p 00000000 00:00 0                          [stack:9115]
7f201c615000-7f201c616000 ---p 00000000 00:00 0 
7f201c616000-7f201c723000 rw-p 00000000 00:00 0                          [stack:9114]
7f201c723000-7f201c769000 rw-p 00000000 00:00 0 
7f201c769000-7f201c77c000 rw-p 00000000 00:00 0 
7f201c77c000-7f201c80f000 rw-p 00000000 00:00 0 
7f201c80f000-7f201c830000 rw-p 00000000 00:00 0 
7f201c830000-7f201c863000 rw-p 00000000 00:00 0 
7f201c863000-7f201c864000 rw-p 00000000 00:00 0 
7f201c864000-7f201c86c000 r-xp 00000000 08:01 15861025                   /usr/lib/jvm/java-7-openjdk-amd64/jre/lib/amd64/libzip.so
7f201c86c000-7f201ca6b000 ---p 00008000 08:01 15861025                   /usr/lib/jvm/java-7-openjdk-amd64/jre/lib/amd64/libzip.so
7f201ca6b000-7f201ca6c000 r--p 00007000 08:01 15861025                   /usr/lib/jvm/java-7-openjdk-amd64/jre/lib/amd64/libzip.so
7f201ca6c000-7f201ca6d000 rw-p 00008000 08:01 15861025                   /usr/lib/jvm/java-7-openjdk-amd64/jre/lib/amd64/libzip.so
7f201ca6d000-7f201ca79000 r-xp 00000000 08:01 8130412                    /lib/x86_64-linux-gnu/libnss_files-2.17.so
7f201ca79000-7f201cc78000 ---p 0000c000 08:01 8130412                    /lib/x86_64-linux-gnu/libnss_files-2.17.so
7f201cc78000-7f201cc79000 r--p 0000b000 08:01 8130412                    /lib/x86_64-linux-gnu/libnss_files-2.17.so
7f201cc79000-7f201cc7a000 rw-p 0000c000 08:01 8130412                    /lib/x86_64-linux-gnu/libnss_files-2.17.so
7f201cc7a000-7f201cc85000 r-xp 00000000 08:01 8130416                    /lib/x86_64-linux-gnu/libnss_nis-2.17.so
7f201cc85000-7f201ce84000 ---p 0000b000 08:01 8130416                    /lib/x86_64-linux-gnu/libnss_nis-2.17.so
7f201ce84000-7f201ce85000 r--p 0000a000 08:01 8130416                    /lib/x86_64-linux-gnu/libnss_nis-2.17.so
7f201ce85000-7f201ce86000 rw-p 0000b000 08:01 8130416                    /lib/x86_64-linux-gnu/libnss_nis-2.17.so
7f201ce86000-7f201ce9d000 r-xp 00000000 08:01 8130406                    /lib/x86_64-linux-gnu/libnsl-2.17.so
7f201ce9d000-7f201d09c000 ---p 00017000 08:01 8130406                    /lib/x86_64-linux-gnu/libnsl-2.17.so
7f201d09c000-7f201d09d000 r--p 00016000 08:01 8130406                    /lib/x86_64-linux-gnu/libnsl-2.17.so
7f201d09d000-7f201d09e000 rw-p 00017000 08:01 8130406                    /lib/x86_64-linux-gnu/libnsl-2.17.so
7f201d09e000-7f201d0a0000 rw-p 00000000 00:00 0 
7f201d0a0000-7f201d0a8000 r-xp 00000000 08:01 8130408                    /lib/x86_64-linux-gnu/libnss_compat-2.17.so
7f201d0a8000-7f201d2a7000 ---p 00008000 08:01 8130408                    /lib/x86_64-linux-gnu/libnss_compat-2.17.so
7f201d2a7000-7f201d2a8000 r--p 00007000 08:01 8130408                    /lib/x86_64-linux-gnu/libnss_compat-2.17.so
7f201d2a8000-7f201d2a9000 rw-p 00008000 08:01 8130408                    /lib/x86_64-linux-gnu/libnss_compat-2.17.so
7f201d2a9000-7f201d2d4000 r-xp 00000000 08:01 15860951                   /usr/lib/jvm/java-7-openjdk-amd64/jre/lib/amd64/libjava.so
7f201d2d4000-7f201d4d3000 ---p 0002b000 08:01 15860951                   /usr/lib/jvm/java-7-openjdk-amd64/jre/lib/amd64/libjava.so
7f201d4d3000-7f201d4d4000 r--p 0002a000 08:01 15860951                   /usr/lib/jvm/java-7-openjdk-amd64/jre/lib/amd64/libjava.so
7f201d4d4000-7f201d4d6000 rw-p 0002b000 08:01 15860951                   /usr/lib/jvm/java-7-openjdk-amd64/jre/lib/amd64/libjava.so
7f201d4d6000-7f201d4e6000 r-xp 00000000 08:01 15861265                   /usr/lib/jvm/java-7-openjdk-amd64/jre/lib/amd64/libverify.so
7f201d4e6000-7f201d6e5000 ---p 00010000 08:01 15861265                   /usr/lib/jvm/java-7-openjdk-amd64/jre/lib/amd64/libverify.so
7f201d6e5000-7f201d6e7000 r--p 0000f000 08:01 15861265                   /usr/lib/jvm/java-7-openjdk-amd64/jre/lib/amd64/libverify.so
7f201d6e7000-7f201d6e8000 rw-p 00011000 08:01 15861265                   /usr/lib/jvm/java-7-openjdk-amd64/jre/lib/amd64/libverify.so
7f201d6e8000-7f201d6ef000 r-xp 00000000 08:01 8130459                    /lib/x86_64-linux-gnu/librt-2.17.so
7f201d6ef000-7f201d8ee000 ---p 00007000 08:01 8130459                    /lib/x86_64-linux-gnu/librt-2.17.so
7f201d8ee000-7f201d8ef000 r--p 00006000 08:01 8130459                    /lib/x86_64-linux-gnu/librt-2.17.so
7f201d8ef000-7f201d8f0000 rw-p 00007000 08:01 8130459                    /lib/x86_64-linux-gnu/librt-2.17.so
7f201d8f0000-7f201d8f3000 ---p 00000000 00:00 0 
7f201d8f3000-7f201daf1000 rw-p 00000000 00:00 0                          [stack:9113]
7f201daf1000-7f201db06000 r-xp 00000000 08:01 8126477                    /lib/x86_64-linux-gnu/libgcc_s.so.1
7f201db06000-7f201dd05000 ---p 00015000 08:01 8126477                    /lib/x86_64-linux-gnu/libgcc_s.so.1
7f201dd05000-7f201dd06000 r--p 00014000 08:01 8126477                    /lib/x86_64-linux-gnu/libgcc_s.so.1
7f201dd06000-7f201dd07000 rw-p 00015000 08:01 8126477                    /lib/x86_64-linux-gnu/libgcc_s.so.1
7f201dd07000-7f201de0a000 r-xp 00000000 08:01 8130387                    /lib/x86_64-linux-gnu/libm-2.17.so
7f201de0a000-7f201e009000 ---p 00103000 08:01 8130387                    /lib/x86_64-linux-gnu/libm-2.17.so
7f201e009000-7f201e00a000 r--p 00102000 08:01 8130387                    /lib/x86_64-linux-gnu/libm-2.17.so
7f201e00a000-7f201e00b000 rw-p 00103000 08:01 8130387                    /lib/x86_64-linux-gnu/libm-2.17.so
7f201e00b000-7f201e0f1000 r-xp 00000000 08:01 15729831                   /usr/lib/x86_64-linux-gnu/libstdc++.so.6.0.18
7f201e0f1000-7f201e2f0000 ---p 000e6000 08:01 15729831                   /usr/lib/x86_64-linux-gnu/libstdc++.so.6.0.18
7f201e2f0000-7f201e2f8000 r--p 000e5000 08:01 15729831                   /usr/lib/x86_64-linux-gnu/libstdc++.so.6.0.18
7f201e2f8000-7f201e2fa000 rw-p 000ed000 08:01 15729831                   /usr/lib/x86_64-linux-gnu/libstdc++.so.6.0.18
7f201e2fa000-7f201e30f000 rw-p 00000000 00:00 0 
7f201e30f000-7f201edee000 r-xp 00000000 08:01 15861284                   /usr/lib/jvm/java-7-openjdk-amd64/jre/lib/amd64/server/libjvm.so
7f201edee000-7f201efed000 ---p 00adf000 08:01 15861284                   /usr/lib/jvm/java-7-openjdk-amd64/jre/lib/amd64/server/libjvm.so
7f201efed000-7f201f07f000 r--p 00ade000 08:01 15861284                   /usr/lib/jvm/java-7-openjdk-amd64/jre/lib/amd64/server/libjvm.so
7f201f07f000-7f201f0a2000 rw-p 00b70000 08:01 15861284                   /usr/lib/jvm/java-7-openjdk-amd64/jre/lib/amd64/server/libjvm.so
7f201f0a2000-7f201f0cf000 rw-p 00000000 00:00 0 
7f201f0cf000-7f201f0e7000 r-xp 00000000 08:01 8130494                    /lib/x86_64-linux-gnu/libz.so.1.2.8
7f201f0e7000-7f201f2e6000 ---p 00018000 08:01 8130494                    /lib/x86_64-linux-gnu/libz.so.1.2.8
7f201f2e6000-7f201f2e7000 r--p 00017000 08:01 8130494                    /lib/x86_64-linux-gnu/libz.so.1.2.8
7f201f2e7000-7f201f2e8000 rw-p 00018000 08:01 8130494                    /lib/x86_64-linux-gnu/libz.so.1.2.8
7f201f2e8000-7f201f2ff000 r-xp 00000000 08:01 8130451                    /lib/x86_64-linux-gnu/libpthread-2.17.so
7f201f2ff000-7f201f4ff000 ---p 00017000 08:01 8130451                    /lib/x86_64-linux-gnu/libpthread-2.17.so
7f201f4ff000-7f201f500000 r--p 00017000 08:01 8130451                    /lib/x86_64-linux-gnu/libpthread-2.17.so
7f201f500000-7f201f501000 rw-p 00018000 08:01 8130451                    /lib/x86_64-linux-gnu/libpthread-2.17.so
7f201f501000-7f201f505000 rw-p 00000000 00:00 0 
7f201f505000-7f201f508000 r-xp 00000000 08:01 8130351                    /lib/x86_64-linux-gnu/libdl-2.17.so
7f201f508000-7f201f707000 ---p 00003000 08:01 8130351                    /lib/x86_64-linux-gnu/libdl-2.17.so
7f201f707000-7f201f708000 r--p 00002000 08:01 8130351                    /lib/x86_64-linux-gnu/libdl-2.17.so
7f201f708000-7f201f709000 rw-p 00003000 08:01 8130351                    /lib/x86_64-linux-gnu/libdl-2.17.so
7f201f709000-7f201f8c6000 r-xp 00000000 08:01 8130336                    /lib/x86_64-linux-gnu/libc-2.17.so
7f201f8c6000-7f201fac6000 ---p 001bd000 08:01 8130336                    /lib/x86_64-linux-gnu/libc-2.17.so
7f201fac6000-7f201faca000 r--p 001bd000 08:01 8130336                    /lib/x86_64-linux-gnu/libc-2.17.so
7f201faca000-7f201facc000 rw-p 001c1000 08:01 8130336                    /lib/x86_64-linux-gnu/libc-2.17.so
7f201facc000-7f201fad1000 rw-p 00000000 00:00 0 
7f201fad1000-7f201fade000 r-xp 00000000 08:01 15861291                   /usr/lib/jvm/java-7-openjdk-amd64/jre/lib/amd64/jli/libjli.so
7f201fade000-7f201fcdd000 ---p 0000d000 08:01 15861291                   /usr/lib/jvm/java-7-openjdk-amd64/jre/lib/amd64/jli/libjli.so
7f201fcdd000-7f201fcde000 r--p 0000c000 08:01 15861291                   /usr/lib/jvm/java-7-openjdk-amd64/jre/lib/amd64/jli/libjli.so
7f201fcde000-7f201fcdf000 rw-p 0000d000 08:01 15861291                   /usr/lib/jvm/java-7-openjdk-amd64/jre/lib/amd64/jli/libjli.so
7f201fcdf000-7f201fd02000 r-xp 00000000 08:01 8130312                    /lib/x86_64-linux-gnu/ld-2.17.so
7f201fd02000-7f201fd07000 r--s 0004c000 08:01 15861296                   /usr/lib/jvm/java-7-openjdk-amd64/jre/lib/jsse.jar
7f201fd07000-7f201fd35000 rw-p 00000000 00:00 0 
7f201fd35000-7f201fd7b000 rw-p 00000000 00:00 0 
7f201fd7b000-7f201fd8e000 rw-p 00000000 00:00 0 
7f201fd8e000-7f201fe22000 rw-p 00000000 00:00 0 
7f201fe22000-7f201fe2c000 rw-p 00000000 00:00 0 
7f201fe2c000-7f201fee2000 rw-p 00000000 00:00 0 
7f201fee2000-7f201fef5000 rw-p 00000000 00:00 0 
7f201fef5000-7f201fefd000 rw-s 00000000 08:01 5767366                    /tmp/hsperfdata_alex/9088
7f201fefd000-7f201fefe000 rw-p 00000000 00:00 0 
7f201fefe000-7f201feff000 r--p 00000000 00:00 0 
7f201feff000-7f201ff01000 rw-p 00000000 00:00 0 
7f201ff01000-7f201ff02000 r--p 00022000 08:01 8130312                    /lib/x86_64-linux-gnu/ld-2.17.so
7f201ff02000-7f201ff04000 rw-p 00023000 08:01 8130312                    /lib/x86_64-linux-gnu/ld-2.17.so
7fff8b02c000-7fff8b04d000 rw-p 00000000 00:00 0                          [stack]
7fff8b095000-7fff8b097000 r-xp 00000000 00:00 0                          [vdso]
ffffffffff600000-ffffffffff601000 r-xp 00000000 00:00 0                  [vsyscall]

VM Arguments:
jvm_args: -Djdk.home= -Djruby.home=/home/alex/.rbenv/versions/jruby-1.7.10 -Djruby.script=jruby -Djruby.shell=/bin/sh -Djffi.boot.library.path=/home/alex/.rbenv/versions/jruby-1.7.10/lib/jni:/home/alex/.rbenv/versions/jruby-1.7.10/lib/jni/i386-Linux:/home/alex/.rbenv/versions/jruby-1.7.10/lib/jni/arm-Linux:/home/alex/.rbenv/versions/jruby-1.7.10/lib/jni/x86_64-Linux -Xmx500m -Xss2048k -Xbootclasspath/a:/home/alex/.rbenv/versions/jruby-1.7.10/lib/jruby.jar 
java_command: org/jruby/Main Makefile.rb clean compile test clean
Launcher Type: SUN_STANDARD

Environment Variables:
PATH=/home/alex/.rbenv/versions/jruby-1.7.10/bin:/home/alex/.rbenv/libexec:/home/alex/.rbenv/plugins/ruby-build/bin:/home/alex/.rbenv/shims:~/.rbenv/bin:~/.rbenv/bin:/usr/local/sbin:/usr/local/bin:/usr/sbin:/usr/bin:/sbin:/bin:/usr/games:/usr/local/games
USERNAME=alex
SHELL=/bin/bash
DISPLAY=:0

Signal Handlers:
SIGSEGV: [libjvm.so+0x916ea0], sa_mask[0]=0x7ffbfeff, sa_flags=0x10000004
SIGBUS: [libjvm.so+0x916ea0], sa_mask[0]=0x7ffbfeff, sa_flags=0x10000004
SIGFPE: [libjvm.so+0x794800], sa_mask[0]=0x7ffbfeff, sa_flags=0x10000004
SIGPIPE: [libjvm.so+0x794800], sa_mask[0]=0x7ffbfeff, sa_flags=0x10000004
SIGXFSZ: [libjvm.so+0x794800], sa_mask[0]=0x7ffbfeff, sa_flags=0x10000004
SIGILL: [libjvm.so+0x794800], sa_mask[0]=0x7ffbfeff, sa_flags=0x10000004
SIGUSR1: SIG_DFL, sa_mask[0]=0x00000000, sa_flags=0x00000000
SIGUSR2: [libjvm.so+0x7946a0], sa_mask[0]=0x00000000, sa_flags=0x10000004
SIGHUP: [libjvm.so+0x794880], sa_mask[0]=0x7ffbfeff, sa_flags=0x10000004
SIGINT: [libjvm.so+0x794880], sa_mask[0]=0x7ffbfeff, sa_flags=0x10000004
SIGTERM: [libjvm.so+0x794880], sa_mask[0]=0x7ffbfeff, sa_flags=0x10000004
SIGQUIT: [libjvm.so+0x794880], sa_mask[0]=0x7ffbfeff, sa_flags=0x10000004


---------------  S Y S T E M  ---------------

OS:LinuxMint 16 (petra)
uname:Linux 3.11.0-12-generic #19-Ubuntu SMP Wed Oct 9 16:20:46 UTC 2013 x86_64
libc:glibc 2.17 NPTL 2.17 
rlimit: STACK 8192k, CORE 0k, NPROC 28798, NOFILE 4096, AS infinity
load average:0,46 0,20 0,23

/proc/meminfo:
MemTotal:        3715476 kB
MemFree:         2026272 kB
Buffers:           67052 kB
Cached:           851396 kB
SwapCached:            0 kB
Active:           945100 kB
Inactive:         599076 kB
Active(anon):     626788 kB
Inactive(anon):   187824 kB
Active(file):     318312 kB
Inactive(file):   411252 kB
Unevictable:          44 kB
Mlocked:              44 kB
SwapTotal:       3856380 kB
SwapFree:        3856380 kB
Dirty:               224 kB
Writeback:             0 kB
AnonPages:        626004 kB
Mapped:           182508 kB
Shmem:            188888 kB
Slab:              71088 kB
SReclaimable:      45792 kB
SUnreclaim:        25296 kB
KernelStack:        3688 kB
PageTables:        25620 kB
NFS_Unstable:          0 kB
Bounce:                0 kB
WritebackTmp:          0 kB
CommitLimit:     5714116 kB
Committed_AS:    2985212 kB
VmallocTotal:   34359738367 kB
VmallocUsed:      414316 kB
VmallocChunk:   34359320060 kB
HardwareCorrupted:     0 kB
AnonHugePages:         0 kB
HugePages_Total:       0
HugePages_Free:        0
HugePages_Rsvd:        0
HugePages_Surp:        0
Hugepagesize:       2048 kB
DirectMap4k:       68816 kB
DirectMap2M:     3788800 kB


CPU:total 4 (2 cores per cpu, 2 threads per core) family 6 model 37 stepping 5, cmov, cx8, fxsr, mmx, sse, sse2, sse3, ssse3, sse4.1, sse4.2, popcnt, ht, tsc, tscinvbit

/proc/cpuinfo:
processor	: 0
vendor_id	: GenuineIntel
cpu family	: 6
model		: 37
model name	: Intel(R) Core(TM) i3 CPU       M 380  @ 2.53GHz
stepping	: 5
microcode	: 0x2
cpu MHz		: 2533.000
cache size	: 3072 KB
physical id	: 0
siblings	: 4
core id		: 0
cpu cores	: 2
apicid		: 0
initial apicid	: 0
fpu		: yes
fpu_exception	: yes
cpuid level	: 11
wp		: yes
flags		: fpu vme de pse tsc msr pae mce cx8 apic sep mtrr pge mca cmov pat pse36 clflush dts acpi mmx fxsr sse sse2 ss ht tm pbe syscall nx rdtscp lm constant_tsc arch_perfmon pebs bts rep_good nopl xtopology nonstop_tsc aperfmperf pni dtes64 monitor ds_cpl vmx est tm2 ssse3 cx16 xtpr pdcm pcid sse4_1 sse4_2 popcnt lahf_lm arat dtherm tpr_shadow vnmi flexpriority ept vpid
bogomips	: 5054.19
clflush size	: 64
cache_alignment	: 64
address sizes	: 36 bits physical, 48 bits virtual
power management:

processor	: 1
vendor_id	: GenuineIntel
cpu family	: 6
model		: 37
model name	: Intel(R) Core(TM) i3 CPU       M 380  @ 2.53GHz
stepping	: 5
microcode	: 0x2
cpu MHz		: 2533.000
cache size	: 3072 KB
physical id	: 0
siblings	: 4
core id		: 0
cpu cores	: 2
apicid		: 1
initial apicid	: 1
fpu		: yes
fpu_exception	: yes
cpuid level	: 11
wp		: yes
flags		: fpu vme de pse tsc msr pae mce cx8 apic sep mtrr pge mca cmov pat pse36 clflush dts acpi mmx fxsr sse sse2 ss ht tm pbe syscall nx rdtscp lm constant_tsc arch_perfmon pebs bts rep_good nopl xtopology nonstop_tsc aperfmperf pni dtes64 monitor ds_cpl vmx est tm2 ssse3 cx16 xtpr pdcm pcid sse4_1 sse4_2 popcnt lahf_lm arat dtherm tpr_shadow vnmi flexpriority ept vpid
bogomips	: 5054.19
clflush size	: 64
cache_alignment	: 64
address sizes	: 36 bits physical, 48 bits virtual
power management:

processor	: 2
vendor_id	: GenuineIntel
cpu family	: 6
model		: 37
model name	: Intel(R) Core(TM) i3 CPU       M 380  @ 2.53GHz
stepping	: 5
microcode	: 0x2
cpu MHz		: 1999.000
cache size	: 3072 KB
physical id	: 0
siblings	: 4
core id		: 2
cpu cores	: 2
apicid		: 4
initial apicid	: 4
fpu		: yes
fpu_exception	: yes
cpuid level	: 11
wp		: yes
flags		: fpu vme de pse tsc msr pae mce cx8 apic sep mtrr pge mca cmov pat pse36 clflush dts acpi mmx fxsr sse sse2 ss ht tm pbe syscall nx rdtscp lm constant_tsc arch_perfmon pebs bts rep_good nopl xtopology nonstop_tsc aperfmperf pni dtes64 monitor ds_cpl vmx est tm2 ssse3 cx16 xtpr pdcm pcid sse4_1 sse4_2 popcnt lahf_lm arat dtherm tpr_shadow vnmi flexpriority ept vpid
bogomips	: 5054.19
clflush size	: 64
cache_alignment	: 64
address sizes	: 36 bits physical, 48 bits virtual
power management:

processor	: 3
vendor_id	: GenuineIntel
cpu family	: 6
model		: 37
model name	: Intel(R) Core(TM) i3 CPU       M 380  @ 2.53GHz
stepping	: 5
microcode	: 0x2
cpu MHz		: 1066.000
cache size	: 3072 KB
physical id	: 0
siblings	: 4
core id		: 2
cpu cores	: 2
apicid		: 5
initial apicid	: 5
fpu		: yes
fpu_exception	: yes
cpuid level	: 11
wp		: yes
flags		: fpu vme de pse tsc msr pae mce cx8 apic sep mtrr pge mca cmov pat pse36 clflush dts acpi mmx fxsr sse sse2 ss ht tm pbe syscall nx rdtscp lm constant_tsc arch_perfmon pebs bts rep_good nopl xtopology nonstop_tsc aperfmperf pni dtes64 monitor ds_cpl vmx est tm2 ssse3 cx16 xtpr pdcm pcid sse4_1 sse4_2 popcnt lahf_lm arat dtherm tpr_shadow vnmi flexpriority ept vpid
bogomips	: 5054.19
clflush size	: 64
cache_alignment	: 64
address sizes	: 36 bits physical, 48 bits virtual
power management:



Memory: 4k page, physical 3715476k(2026272k free), swap 3856380k(3856380k free)

vm_info: OpenJDK 64-Bit Server VM (24.45-b08) for linux-amd64 JRE (1.7.0_51-b00), built on Jan 15 2014 22:02:57 by "buildd" with gcc 4.8.1

time: Tue Apr 22 11:23:48 2014
elapsed time: 4 seconds

