#
# A fatal error has been detected by the Java Runtime Environment:
#
#  SIGSEGV (0xb) at pc=0x00007f1ac77f4b0d, pid=14625, tid=139754318554880
#
# JRE version: OpenJDK Runtime Environment (7.0_51) (build 1.7.0_51-b00)
# Java VM: OpenJDK 64-Bit Server VM (24.45-b08 mixed mode linux-amd64 compressed oops)
# Problematic frame:
# C  [libintersection.so+0xb0d]  find_intersections+0x198
#
# Failed to write core dump. Core dumps have been disabled. To enable core dumping, try "ulimit -c unlimited" before starting Java again
#
# If you would like to submit a bug report, please include
# instructions on how to reproduce the bug and visit:
#   http://icedtea.classpath.org/bugzilla
# The crash happened outside the Java Virtual Machine in native code.
# See problematic frame for where to report the bug.
#

---------------  T H R E A D  ---------------

Current thread (0x00007f1b1000a800):  JavaThread "main" [_thread_in_native, id=14650, stack(0x00007f1b16636000,0x00007f1b16837000)]

siginfo:si_signo=SIGSEGV: si_errno=0, si_code=1 (SEGV_MAPERR), si_addr=0x0000000010537988

Registers:
RAX=0x0000000010537980, RBX=0x00000000d79ae250, RCX=0xffffffffffffffff, RDX=0x00007f1b188129f0
RSP=0x00007f1b16834050, RBP=0x00007f1b16834080, RSI=0x00007f1b14027000, RDI=0x00000000ffffffff
R8 =0x6f6c636963206c65, R9 =0x0000000000000000, R10=0x00007f1b16833df0, R11=0x0000000000000000
R12=0x0000000000000000, R13=0x00000000d79ae250, R14=0x00007f1b16834168, R15=0x00007f1b1000a800
RIP=0x00007f1ac77f4b0d, EFLAGS=0x0000000000010246, CSGSFS=0x0000000000000033, ERR=0x0000000000000004
  TRAPNO=0x000000000000000e

Top of Stack: (sp=0x00007f1b16834050)
0x00007f1b16834050:   4000000000000000 00007f1b1051c260
0x00007f1b16834060:   00000000e1301090 00007f1b1051c1e0
0x00007f1b16834070:   00007f1b10537a10 0000000010537980
0x00007f1b16834080:   00007f1b10483890 00007f1b04bbccd9
0x00007f1b16834090:   00000000d7d331f0 00000000d79ae250
0x00007f1b168340a0:   00007f1b16834120 00007f1b0d012738
0x00007f1b168340b0:   00007f1b1000a9d8 00007f1b16835a40
0x00007f1b168340c0:   00007f1b16834100 00007f1b17940d24
0x00007f1b168340d0:   00000000e136c1b8 00000000d66fc038
0x00007f1b168340e0:   00007f1b168340e0 0000000000000000
0x00007f1b168340f0:   00007f1b16834168 00000000d79b6778
0x00007f1b16834100:   0000000000000000 00000000d79ae250
0x00007f1b16834110:   0000000000000000 00007f1b16834140
0x00007f1b16834120:   00007f1b168341b0 00007f1b0d006175
0x00007f1b16834130:   00000000e1158618 00007f1b0d00ecd7
0x00007f1b16834140:   00007f1b1051c260 00007f1b0d11e5ec
0x00007f1b16834150:   00007f1ac77f4975 00000000e12abf90
0x00007f1b16834160:   00007f1b10483890 0000000000000000
0x00007f1b16834170:   00007f1b16834170 00000000d7aab0b7
0x00007f1b16834180:   00007f1b168341e8 00000000d7ab7310
0x00007f1b16834190:   00000000d7ed7688 00000000d7aab0f8
0x00007f1b168341a0:   00007f1b16834140 00007f1b168341c0
0x00007f1b168341b0:   00007f1b16834238 00007f1b0d006175
0x00007f1b168341c0:   00007f1b1051c260 00000000f592c390
0x00007f1b168341d0:   00007f1ac77f4975 0000000000000000
0x00007f1b168341e0:   00000000e10141b8 00000000e115cd38
0x00007f1b168341f0:   00000000e0ffee50 00007f1b168341f8
0x00007f1b16834200:   00000000d7ee0574 00007f1b16834280
0x00007f1b16834210:   00000000d7ee09d0 0000000000000000
0x00007f1b16834220:   00000000d7ee0598 00007f1b168341c0
0x00007f1b16834230:   00007f1b16834258 00007f1b168342c8
0x00007f1b16834240:   00007f1b0d006233 00000000f592c390 

Instructions: (pc=0x00007f1ac77f4b0d)
0x00007f1ac77f4aed:   b8 00 00 00 00 e8 49 fd ff ff 48 98 48 89 45 f8
0x00007f1ac77f4afd:   48 8d 3d 82 00 00 00 e8 d7 fc ff ff 48 8b 45 f8
0x00007f1ac77f4b0d:   48 8b 50 08 48 8b 45 f8 48 8b 00 48 89 55 d0 f2
0x00007f1ac77f4b1d:   0f 10 4d d0 48 89 45 d0 f2 0f 10 45 d0 48 8d 3d 

Register to memory mapping:

RAX=0x0000000010537980 is an unknown value
RBX=0x00000000d79ae250 is an oop
{method} 
 - klass: {other class}
RCX=0xffffffffffffffff is an unknown value
RDX=0x00007f1b188129f0: <offset 0x3c39f0> in /lib/x86_64-linux-gnu/libc.so.6 at 0x00007f1b1844f000
RSP=0x00007f1b16834050 is pointing into the stack for thread: 0x00007f1b1000a800
RBP=0x00007f1b16834080 is pointing into the stack for thread: 0x00007f1b1000a800
RSI=0x00007f1b14027000 is an unknown value
RDI=0x00000000ffffffff is an unallocated location in the heap
R8 =0x6f6c636963206c65 is an unknown value
R9 =0x0000000000000000 is an unknown value
R10=0x00007f1b16833df0 is pointing into the stack for thread: 0x00007f1b1000a800
R11=0x0000000000000000 is an unknown value
R12=0x0000000000000000 is an unknown value
R13=0x00000000d79ae250 is an oop
{method} 
 - klass: {other class}
R14=0x00007f1b16834168 is pointing into the stack for thread: 0x00007f1b1000a800
R15=0x00007f1b1000a800 is a thread


Stack: [0x00007f1b16636000,0x00007f1b16837000],  sp=0x00007f1b16834050,  free space=2040k
Native frames: (J=compiled Java code, j=interpreted, Vv=VM code, C=native code)
C  [libintersection.so+0xb0d]  find_intersections+0x198

Java frames: (J=compiled Java code, j=interpreted, Vv=VM code)
j  com.kenai.jffi.Foreign.invokeL1(JJJ)J+0
j  com.kenai.jffi.Invoker.invokeL1(Lcom/kenai/jffi/CallContext;JJ)J+7
j  org.jruby.ext.ffi.jffi.NativeInvoker$ffi$8.call(Lorg/jruby/runtime/ThreadContext;Lorg/jruby/runtime/builtin/IRubyObject;Lorg/jruby/RubyModule;Ljava/lang/String;Lorg/jruby/runtime/builtin/IRubyObject;)Lorg/jruby/runtime/builtin/IRubyObject;+76
j  org.jruby.runtime.callsite.CachingCallSite.cacheAndCall(Lorg/jruby/runtime/builtin/IRubyObject;Lorg/jruby/RubyClass;Lorg/jruby/runtime/ThreadContext;Lorg/jruby/runtime/builtin/IRubyObject;Lorg/jruby/runtime/builtin/IRubyObject;)Lorg/jruby/runtime/builtin/IRubyObject;+57
J  org.jruby.runtime.callsite.CachingCallSite.call(Lorg/jruby/runtime/ThreadContext;Lorg/jruby/runtime/builtin/IRubyObject;Lorg/jruby/runtime/builtin/IRubyObject;Lorg/jruby/runtime/builtin/IRubyObject;)Lorg/jruby/runtime/builtin/IRubyObject;
J  org.jruby.ast.CallOneArgNode.interpret(Lorg/jruby/Ruby;Lorg/jruby/runtime/ThreadContext;Lorg/jruby/runtime/builtin/IRubyObject;Lorg/jruby/runtime/Block;)Lorg/jruby/runtime/builtin/IRubyObject;
j  org.jruby.ast.LocalAsgnNode.interpret(Lorg/jruby/Ruby;Lorg/jruby/runtime/ThreadContext;Lorg/jruby/runtime/builtin/IRubyObject;Lorg/jruby/runtime/Block;)Lorg/jruby/runtime/builtin/IRubyObject;+30
J  org.jruby.ast.BlockNode.interpret(Lorg/jruby/Ruby;Lorg/jruby/runtime/ThreadContext;Lorg/jruby/runtime/builtin/IRubyObject;Lorg/jruby/runtime/Block;)Lorg/jruby/runtime/builtin/IRubyObject;
j  org.jruby.evaluator.ASTInterpreter.INTERPRET_METHOD(Lorg/jruby/Ruby;Lorg/jruby/runtime/ThreadContext;Ljava/lang/String;ILorg/jruby/RubyModule;Lorg/jruby/ast/Node;Ljava/lang/String;Lorg/jruby/runtime/builtin/IRubyObject;Lorg/jruby/runtime/Block;Z)Lorg/jruby/runtime/builtin/IRubyObject;+30
j  org.jruby.internal.runtime.methods.InterpretedMethod.call(Lorg/jruby/runtime/ThreadContext;Lorg/jruby/runtime/builtin/IRubyObject;Lorg/jruby/RubyModule;Ljava/lang/String;)Lorg/jruby/runtime/builtin/IRubyObject;+80
j  org.jruby.internal.runtime.methods.DefaultMethod.call(Lorg/jruby/runtime/ThreadContext;Lorg/jruby/runtime/builtin/IRubyObject;Lorg/jruby/RubyModule;Ljava/lang/String;)Lorg/jruby/runtime/builtin/IRubyObject;+20
J  org.jruby.ast.CallNoArgNode.interpret(Lorg/jruby/Ruby;Lorg/jruby/runtime/ThreadContext;Lorg/jruby/runtime/builtin/IRubyObject;Lorg/jruby/runtime/Block;)Lorg/jruby/runtime/builtin/IRubyObject;
j  org.jruby.ast.FCallTwoArgNode.interpret(Lorg/jruby/Ruby;Lorg/jruby/runtime/ThreadContext;Lorg/jruby/runtime/builtin/IRubyObject;Lorg/jruby/runtime/Block;)Lorg/jruby/runtime/builtin/IRubyObject;+28
J  org.jruby.ast.BlockNode.interpret(Lorg/jruby/Ruby;Lorg/jruby/runtime/ThreadContext;Lorg/jruby/runtime/builtin/IRubyObject;Lorg/jruby/runtime/Block;)Lorg/jruby/runtime/builtin/IRubyObject;
j  org.jruby.evaluator.ASTInterpreter.INTERPRET_METHOD(Lorg/jruby/Ruby;Lorg/jruby/runtime/ThreadContext;Ljava/lang/String;ILorg/jruby/RubyModule;Lorg/jruby/ast/Node;Ljava/lang/String;Lorg/jruby/runtime/builtin/IRubyObject;Lorg/jruby/runtime/Block;Z)Lorg/jruby/runtime/builtin/IRubyObject;+30
j  org.jruby.internal.runtime.methods.InterpretedMethod.call(Lorg/jruby/runtime/ThreadContext;Lorg/jruby/runtime/builtin/IRubyObject;Lorg/jruby/RubyModule;Ljava/lang/String;)Lorg/jruby/runtime/builtin/IRubyObject;+80
j  org.jruby.internal.runtime.methods.DefaultMethod.call(Lorg/jruby/runtime/ThreadContext;Lorg/jruby/runtime/builtin/IRubyObject;Lorg/jruby/RubyModule;Ljava/lang/String;)Lorg/jruby/runtime/builtin/IRubyObject;+20
j  org.jruby.runtime.callsite.CachingCallSite.cacheAndCall(Lorg/jruby/runtime/builtin/IRubyObject;Lorg/jruby/RubyClass;Lorg/jruby/runtime/ThreadContext;Lorg/jruby/runtime/builtin/IRubyObject;)Lorg/jruby/runtime/builtin/IRubyObject;+53
j  org.jruby.runtime.callsite.CachingCallSite.call(Lorg/jruby/runtime/ThreadContext;Lorg/jruby/runtime/builtin/IRubyObject;Lorg/jruby/runtime/builtin/IRubyObject;)Lorg/jruby/runtime/builtin/IRubyObject;+46
j  Makefile.method__3$RUBY$test(LMakefile;Lorg/jruby/runtime/ThreadContext;Lorg/jruby/runtime/builtin/IRubyObject;Lorg/jruby/runtime/Block;)Lorg/jruby/runtime/builtin/IRubyObject;+130
j  Makefile$method__3$RUBY$test.call(Lorg/jruby/runtime/ThreadContext;Lorg/jruby/runtime/builtin/IRubyObject;Lorg/jruby/RubyModule;Ljava/lang/String;Lorg/jruby/runtime/Block;)Lorg/jruby/runtime/builtin/IRubyObject;+17
j  org.jruby.RubyClass.finvoke(Lorg/jruby/runtime/ThreadContext;Lorg/jruby/runtime/builtin/IRubyObject;Ljava/lang/String;Lorg/jruby/runtime/Block;)Lorg/jruby/runtime/builtin/IRubyObject;+41
j  org.jruby.RubyBasicObject.send19(Lorg/jruby/runtime/ThreadContext;Lorg/jruby/runtime/builtin/IRubyObject;Lorg/jruby/runtime/Block;)Lorg/jruby/runtime/builtin/IRubyObject;+15
j  org.jruby.RubyKernel.send19(Lorg/jruby/runtime/ThreadContext;Lorg/jruby/runtime/builtin/IRubyObject;Lorg/jruby/runtime/builtin/IRubyObject;Lorg/jruby/runtime/Block;)Lorg/jruby/runtime/builtin/IRubyObject;+7
j  org.jruby.RubyKernel$INVOKER$s$send19.call(Lorg/jruby/runtime/ThreadContext;Lorg/jruby/runtime/builtin/IRubyObject;Lorg/jruby/RubyModule;Ljava/lang/String;Lorg/jruby/runtime/builtin/IRubyObject;Lorg/jruby/runtime/Block;)Lorg/jruby/runtime/builtin/IRubyObject;+6
j  org.jruby.internal.runtime.methods.JavaMethod$JavaMethodOneOrNBlock.call(Lorg/jruby/runtime/ThreadContext;Lorg/jruby/runtime/builtin/IRubyObject;Lorg/jruby/RubyModule;Ljava/lang/String;Lorg/jruby/runtime/builtin/IRubyObject;)Lorg/jruby/runtime/builtin/IRubyObject;+11
j  org.jruby.runtime.callsite.CachingCallSite.call(Lorg/jruby/runtime/ThreadContext;Lorg/jruby/runtime/builtin/IRubyObject;Lorg/jruby/runtime/builtin/IRubyObject;Lorg/jruby/runtime/builtin/IRubyObject;)Lorg/jruby/runtime/builtin/IRubyObject;+38
j  Makefile.block_7$RUBY$__file__(LMakefile;Lorg/jruby/runtime/ThreadContext;Lorg/jruby/runtime/builtin/IRubyObject;[Lorg/jruby/runtime/builtin/IRubyObject;Lorg/jruby/runtime/Block;)Lorg/jruby/runtime/builtin/IRubyObject;+46
j  Makefile$block_7$RUBY$__file__.call(Lorg/jruby/runtime/ThreadContext;Lorg/jruby/runtime/builtin/IRubyObject;[Lorg/jruby/runtime/builtin/IRubyObject;Lorg/jruby/runtime/Block;)Lorg/jruby/runtime/builtin/IRubyObject;+9
j  org.jruby.runtime.CompiledBlock19.yield(Lorg/jruby/runtime/ThreadContext;Lorg/jruby/runtime/builtin/IRubyObject;Lorg/jruby/runtime/Binding;Lorg/jruby/runtime/Block$Type;)Lorg/jruby/runtime/builtin/IRubyObject;+52
j  org.jruby.runtime.Block.yield(Lorg/jruby/runtime/ThreadContext;Lorg/jruby/runtime/builtin/IRubyObject;)Lorg/jruby/runtime/builtin/IRubyObject;+14
j  org.jruby.RubyArray.eachCommon(Lorg/jruby/runtime/ThreadContext;Lorg/jruby/runtime/Block;)Lorg/jruby/runtime/builtin/IRubyObject;+41
j  org.jruby.RubyArray.each(Lorg/jruby/runtime/ThreadContext;Lorg/jruby/runtime/Block;)Lorg/jruby/runtime/builtin/IRubyObject;+10
j  org.jruby.RubyArray$INVOKER$i$0$0$each.call(Lorg/jruby/runtime/ThreadContext;Lorg/jruby/runtime/builtin/IRubyObject;Lorg/jruby/RubyModule;Ljava/lang/String;Lorg/jruby/runtime/Block;)Lorg/jruby/runtime/builtin/IRubyObject;+7
j  org.jruby.runtime.callsite.CachingCallSite.cacheAndCall(Lorg/jruby/runtime/builtin/IRubyObject;Lorg/jruby/RubyClass;Lorg/jruby/runtime/Block;Lorg/jruby/runtime/ThreadContext;Lorg/jruby/runtime/builtin/IRubyObject;)Lorg/jruby/runtime/builtin/IRubyObject;+57
j  org.jruby.runtime.callsite.CachingCallSite.callBlock(Lorg/jruby/runtime/ThreadContext;Lorg/jruby/runtime/builtin/IRubyObject;Lorg/jruby/runtime/builtin/IRubyObject;Lorg/jruby/runtime/Block;)Lorg/jruby/runtime/builtin/IRubyObject;+50
j  org.jruby.runtime.callsite.CachingCallSite.callIter(Lorg/jruby/runtime/ThreadContext;Lorg/jruby/runtime/builtin/IRubyObject;Lorg/jruby/runtime/builtin/IRubyObject;Lorg/jruby/runtime/Block;)Lorg/jruby/runtime/builtin/IRubyObject;+6
j  Makefile.__file__(LMakefile;Lorg/jruby/runtime/ThreadContext;Lorg/jruby/runtime/builtin/IRubyObject;[Lorg/jruby/runtime/builtin/IRubyObject;Lorg/jruby/runtime/Block;)Lorg/jruby/runtime/builtin/IRubyObject;+938
j  Makefile.load(Lorg/jruby/runtime/ThreadContext;Lorg/jruby/runtime/builtin/IRubyObject;Z)Lorg/jruby/runtime/builtin/IRubyObject;+22
j  org.jruby.Ruby.runScript(Lorg/jruby/ast/executable/Script;Z)Lorg/jruby/runtime/builtin/IRubyObject;+12
j  org.jruby.Ruby.runScript(Lorg/jruby/ast/executable/Script;)Lorg/jruby/runtime/builtin/IRubyObject;+3
j  org.jruby.Ruby.runNormally(Lorg/jruby/ast/Node;)Lorg/jruby/runtime/builtin/IRubyObject;+73
j  org.jruby.Ruby.runFromMain(Ljava/io/InputStream;Ljava/lang/String;)V+320
j  org.jruby.Main.doRunFromMain(Lorg/jruby/Ruby;Ljava/io/InputStream;Ljava/lang/String;)Lorg/jruby/Main$Status;+12
j  org.jruby.Main.internalRun()Lorg/jruby/Main$Status;+234
j  org.jruby.Main.run([Ljava/lang/String;)Lorg/jruby/Main$Status;+9
j  org.jruby.Main.main([Ljava/lang/String;)V+35
v  ~StubRoutines::call_stub

---------------  P R O C E S S  ---------------

Java Threads: ( => current thread )
  0x00007f1b104eb800 JavaThread "JRubyJIT-2" daemon [_thread_blocked, id=14786, stack(0x00007f1b047b3000,0x00007f1b049b4000)]
  0x00007f1b1038c000 JavaThread "process reaper" daemon [_thread_blocked, id=14666, stack(0x00007f1b14028000,0x00007f1b14061000)]
  0x00007f1b104f9000 JavaThread "JRubyJIT-1" daemon [_thread_blocked, id=14663, stack(0x00007f1b049b4000,0x00007f1b04bb5000)]
  0x00007f1b100ae000 JavaThread "Service Thread" daemon [_thread_blocked, id=14661, stack(0x00007f1b0662d000,0x00007f1b0682e000)]
  0x00007f1b100ab800 JavaThread "C2 CompilerThread1" daemon [_thread_in_native, id=14660, stack(0x00007f1b0682e000,0x00007f1b0692f000)]
  0x00007f1b100a8800 JavaThread "C2 CompilerThread0" daemon [_thread_in_native, id=14659, stack(0x00007f1b0c0fd000,0x00007f1b0c1fe000)]
  0x00007f1b100a6800 JavaThread "Signal Dispatcher" daemon [_thread_blocked, id=14658, stack(0x00007f1b0692f000,0x00007f1b06b30000)]
  0x00007f1b10082800 JavaThread "Finalizer" daemon [_thread_blocked, id=14657, stack(0x00007f1b0c5f8000,0x00007f1b0c7f9000)]
  0x00007f1b10080800 JavaThread "Reference Handler" daemon [_thread_blocked, id=14656, stack(0x00007f1b0c7f9000,0x00007f1b0c9fa000)]
=>0x00007f1b1000a800 JavaThread "main" [_thread_in_native, id=14650, stack(0x00007f1b16636000,0x00007f1b16837000)]

Other Threads:
  0x00007f1b1007c800 VMThread [stack: 0x00007f1b0c9fa000,0x00007f1b0cafb000] [id=14655]
  0x00007f1b100b8800 WatcherThread [stack: 0x00007f1b0652c000,0x00007f1b0662d000] [id=14662]

VM state:not at safepoint (normal execution)

VM Mutex/Monitor currently owned by a thread: None

Heap
 PSYoungGen      total 32768K, used 2548K [0x00000000f5900000, 0x00000000f9900000, 0x0000000100000000)
  eden space 30720K, 1% used [0x00000000f5900000,0x00000000f597fd38,0x00000000f7700000)
  from space 2048K, 99% used [0x00000000f7700000,0x00000000f78fd528,0x00000000f7900000)
  to   space 2048K, 0% used [0x00000000f9700000,0x00000000f9700000,0x00000000f9900000)
 ParOldGen       total 38400K, used 8977K [0x00000000e0c00000, 0x00000000e3180000, 0x00000000f5900000)
  object space 38400K, 23% used [0x00000000e0c00000,0x00000000e14c4670,0x00000000e3180000)
 PSPermGen       total 25600K, used 25478K [0x00000000d6600000, 0x00000000d7f00000, 0x00000000e0c00000)
  object space 25600K, 99% used [0x00000000d6600000,0x00000000d7ee1968,0x00000000d7f00000)

Card table byte_map: [0x00007f1b1545c000,0x00007f1b155aa000] byte_map_base: 0x00007f1b14da9000

Polling page: 0x00007f1b18c44000

Code Cache  [0x00007f1b0d000000, 0x00007f1b0d270000, 0x00007f1b10000000)
 total_blobs=964 nmethods=485 adapters=433 free_code_cache=47624Kb largest_free_block=48730304

Compilation events (10 events):
Event: 9,784 Thread 0x00007f1b100a8800 nmethod 516 0x00007f1b0d17d010 code [0x00007f1b0d17d1a0, 0x00007f1b0d17d588]
Event: 9,785 Thread 0x00007f1b100a8800  517             org.jruby.runtime.callsite.CachingCallSite::call (12 bytes)
Event: 9,790 Thread 0x00007f1b100ab800 nmethod 514 0x00007f1b0d181210 code [0x00007f1b0d181400, 0x00007f1b0d1820a8]
Event: 9,790 Thread 0x00007f1b100ab800  518             org.jruby.ast.FCallOneArgNode::interpret (23 bytes)
Event: 9,808 Thread 0x00007f1b100ab800 nmethod 518 0x00007f1b0d1855d0 code [0x00007f1b0d185760, 0x00007f1b0d185a98]
Event: 9,808 Thread 0x00007f1b100ab800  519             org.jruby.internal.runtime.methods.DynamicMethod::call (15 bytes)
Event: 9,847 Thread 0x00007f1b100a8800 nmethod 517 0x00007f1b0d186110 code [0x00007f1b0d1862a0, 0x00007f1b0d186688]
Event: 9,847 Thread 0x00007f1b100a8800  520             org.jruby.ext.ffi.jffi.JITRuntime::f64Value64 (23 bytes)
Event: 9,851 Thread 0x00007f1b100a8800 nmethod 520 0x00007f1b0d180f10 code [0x00007f1b0d181060, 0x00007f1b0d181108]
Event: 9,851 Thread 0x00007f1b100a8800  521             org.jruby.RubyClass::newInstance (26 bytes)

GC Heap History (6 events):
Event: 3,276 GC heap before
{Heap before GC invocations=1 (full 0):
 PSYoungGen      total 17408K, used 15360K [0x00000000f5900000, 0x00000000f6c00000, 0x0000000100000000)
  eden space 15360K, 100% used [0x00000000f5900000,0x00000000f6800000,0x00000000f6800000)
  from space 2048K, 0% used [0x00000000f6a00000,0x00000000f6a00000,0x00000000f6c00000)
  to   space 2048K, 0% used [0x00000000f6800000,0x00000000f6800000,0x00000000f6a00000)
 ParOldGen       total 38400K, used 0K [0x00000000e0c00000, 0x00000000e3180000, 0x00000000f5900000)
  object space 38400K, 0% used [0x00000000e0c00000,0x00000000e0c00000,0x00000000e3180000)
 PSPermGen       total 21504K, used 18949K [0x00000000d6600000, 0x00000000d7b00000, 0x00000000e0c00000)
  object space 21504K, 88% used [0x00000000d6600000,0x00000000d78816c8,0x00000000d7b00000)
Event: 3,311 GC heap after
Heap after GC invocations=1 (full 0):
 PSYoungGen      total 17408K, used 2039K [0x00000000f5900000, 0x00000000f7b00000, 0x0000000100000000)
  eden space 15360K, 0% used [0x00000000f5900000,0x00000000f5900000,0x00000000f6800000)
  from space 2048K, 99% used [0x00000000f6800000,0x00000000f69fdfa8,0x00000000f6a00000)
  to   space 2048K, 0% used [0x00000000f7900000,0x00000000f7900000,0x00000000f7b00000)
 ParOldGen       total 38400K, used 3766K [0x00000000e0c00000, 0x00000000e3180000, 0x00000000f5900000)
  object space 38400K, 9% used [0x00000000e0c00000,0x00000000e0fadac8,0x00000000e3180000)
 PSPermGen       total 21504K, used 18949K [0x00000000d6600000, 0x00000000d7b00000, 0x00000000e0c00000)
  object space 21504K, 88% used [0x00000000d6600000,0x00000000d78816c8,0x00000000d7b00000)
}
Event: 5,711 GC heap before
{Heap before GC invocations=2 (full 0):
 PSYoungGen      total 17408K, used 17399K [0x00000000f5900000, 0x00000000f7b00000, 0x0000000100000000)
  eden space 15360K, 100% used [0x00000000f5900000,0x00000000f6800000,0x00000000f6800000)
  from space 2048K, 99% used [0x00000000f6800000,0x00000000f69fdfa8,0x00000000f6a00000)
  to   space 2048K, 0% used [0x00000000f7900000,0x00000000f7900000,0x00000000f7b00000)
 ParOldGen       total 38400K, used 3766K [0x00000000e0c00000, 0x00000000e3180000, 0x00000000f5900000)
  object space 38400K, 9% used [0x00000000e0c00000,0x00000000e0fadac8,0x00000000e3180000)
 PSPermGen       total 23552K, used 23438K [0x00000000d6600000, 0x00000000d7d00000, 0x00000000e0c00000)
  object space 23552K, 99% used [0x00000000d6600000,0x00000000d7ce3a70,0x00000000d7d00000)
Event: 5,747 GC heap after
Heap after GC invocations=2 (full 0):
 PSYoungGen      total 32768K, used 2021K [0x00000000f5900000, 0x00000000f7b00000, 0x0000000100000000)
  eden space 30720K, 0% used [0x00000000f5900000,0x00000000f5900000,0x00000000f7700000)
  from space 2048K, 98% used [0x00000000f7900000,0x00000000f7af9538,0x00000000f7b00000)
  to   space 2048K, 0% used [0x00000000f7700000,0x00000000f7700000,0x00000000f7900000)
 ParOldGen       total 38400K, used 5892K [0x00000000e0c00000, 0x00000000e3180000, 0x00000000f5900000)
  object space 38400K, 15% used [0x00000000e0c00000,0x00000000e11c13b0,0x00000000e3180000)
 PSPermGen       total 23552K, used 23438K [0x00000000d6600000, 0x00000000d7d00000, 0x00000000e0c00000)
  object space 23552K, 99% used [0x00000000d6600000,0x00000000d7ce3a70,0x00000000d7d00000)
}
Event: 9,810 GC heap before
{Heap before GC invocations=3 (full 0):
 PSYoungGen      total 32768K, used 32741K [0x00000000f5900000, 0x00000000f7b00000, 0x0000000100000000)
  eden space 30720K, 100% used [0x00000000f5900000,0x00000000f7700000,0x00000000f7700000)
  from space 2048K, 98% used [0x00000000f7900000,0x00000000f7af9538,0x00000000f7b00000)
  to   space 2048K, 0% used [0x00000000f7700000,0x00000000f7700000,0x00000000f7900000)
 ParOldGen       total 38400K, used 5892K [0x00000000e0c00000, 0x00000000e3180000, 0x00000000f5900000)
  object space 38400K, 15% used [0x00000000e0c00000,0x00000000e11c13b0,0x00000000e3180000)
 PSPermGen       total 25600K, used 25477K [0x00000000d6600000, 0x00000000d7f00000, 0x00000000e0c00000)
  object space 25600K, 99% used [0x00000000d6600000,0x00000000d7ee1490,0x00000000d7f00000)
Event: 9,846 GC heap after
Heap after GC invocations=3 (full 0):
 PSYoungGen      total 32768K, used 2037K [0x00000000f5900000, 0x00000000f9900000, 0x0000000100000000)
  eden space 30720K, 0% used [0x00000000f5900000,0x00000000f5900000,0x00000000f7700000)
  from space 2048K, 99% used [0x00000000f7700000,0x00000000f78fd528,0x00000000f7900000)
  to   space 2048K, 0% used [0x00000000f9700000,0x00000000f9700000,0x00000000f9900000)
 ParOldGen       total 38400K, used 8977K [0x00000000e0c00000, 0x00000000e3180000, 0x00000000f5900000)
  object space 38400K, 23% used [0x00000000e0c00000,0x00000000e14c4670,0x00000000e3180000)
 PSPermGen       total 25600K, used 25477K [0x00000000d6600000, 0x00000000d7f00000, 0x00000000e0c00000)
  object space 25600K, 99% used [0x00000000d6600000,0x00000000d7ee1490,0x00000000d7f00000)
}

Deoptimization events (10 events):
Event: 9,640 Thread 0x00007f1b1000a800 Uncommon trap: reason=bimorphic action=maybe_recompile pc=0x00007f1b0d0fd0ac method=org.jruby.ast.DAsgnNode.interpret(Lorg/jruby/Ruby;Lorg/jruby/runtime/ThreadContext;Lorg/jruby/runtime/builtin/IRubyObject;Lorg/jruby/runtime/Block;)Lorg/jruby/runtime/buil
Event: 9,640 Thread 0x00007f1b1000a800 Uncommon trap: reason=bimorphic action=maybe_recompile pc=0x00007f1b0d0fd0ac method=org.jruby.ast.DAsgnNode.interpret(Lorg/jruby/Ruby;Lorg/jruby/runtime/ThreadContext;Lorg/jruby/runtime/builtin/IRubyObject;Lorg/jruby/runtime/Block;)Lorg/jruby/runtime/buil
Event: 9,640 Thread 0x00007f1b1000a800 Uncommon trap: reason=bimorphic action=maybe_recompile pc=0x00007f1b0d0fd0ac method=org.jruby.ast.DAsgnNode.interpret(Lorg/jruby/Ruby;Lorg/jruby/runtime/ThreadContext;Lorg/jruby/runtime/builtin/IRubyObject;Lorg/jruby/runtime/Block;)Lorg/jruby/runtime/buil
Event: 9,640 Thread 0x00007f1b1000a800 Uncommon trap: reason=bimorphic action=maybe_recompile pc=0x00007f1b0d0fd0ac method=org.jruby.ast.DAsgnNode.interpret(Lorg/jruby/Ruby;Lorg/jruby/runtime/ThreadContext;Lorg/jruby/runtime/builtin/IRubyObject;Lorg/jruby/runtime/Block;)Lorg/jruby/runtime/buil
Event: 9,667 Thread 0x00007f1b1000a800 Uncommon trap: reason=class_check action=maybe_recompile pc=0x00007f1b0d0d6d78 method=org.jruby.RubyArray.compare(Lorg/jruby/runtime/ThreadContext;Lorg/jruby/runtime/invokedynamic/MethodNames;Lorg/jruby/runtime/builtin/IRubyObject;)Lorg/jruby/RubyBoolean;
Event: 9,743 Thread 0x00007f1b1000a800 Uncommon trap: reason=class_check action=maybe_recompile pc=0x00007f1b0d0d6d78 method=org.jruby.RubyArray.compare(Lorg/jruby/runtime/ThreadContext;Lorg/jruby/runtime/invokedynamic/MethodNames;Lorg/jruby/runtime/builtin/IRubyObject;)Lorg/jruby/RubyBoolean;
Event: 9,791 Thread 0x00007f1b1000a800 Uncommon trap: reason=array_check action=maybe_recompile pc=0x00007f1b0d181cf4 method=org.jruby.util.Qsort.swap([Ljava/lang/Object;II)V @ 9
Event: 9,791 Thread 0x00007f1b1000a800 Uncommon trap: reason=array_check action=maybe_recompile pc=0x00007f1b0d181cf4 method=org.jruby.util.Qsort.swap([Ljava/lang/Object;II)V @ 9
Event: 9,857 Thread 0x00007f1b1000a800 Uncommon trap: reason=class_check action=maybe_recompile pc=0x00007f1b0d0d6d78 method=org.jruby.RubyArray.compare(Lorg/jruby/runtime/ThreadContext;Lorg/jruby/runtime/invokedynamic/MethodNames;Lorg/jruby/runtime/builtin/IRubyObject;)Lorg/jruby/RubyBoolean;
Event: 9,861 Thread 0x00007f1b1000a800 Uncommon trap: reason=class_check action=maybe_recompile pc=0x00007f1b0d11dec4 method=org.jruby.ext.ffi.StructByReference.to_native(Lorg/jruby/runtime/ThreadContext;Lorg/jruby/runtime/builtin/IRubyObject;Lorg/jruby/runtime/builtin/IRubyObject;)Lorg/jruby/

Internal exceptions (10 events):
Event: 8,423 Thread 0x00007f1b1000a800 Threw 0x00000000f6d77bf8 at /build/buildd/openjdk-7-7u51-2.4.4/build/openjdk/hotspot/src/share/vm/prims/jvm.cpp:1244
Event: 8,424 Thread 0x00007f1b1000a800 Threw 0x00000000f6d79a98 at /build/buildd/openjdk-7-7u51-2.4.4/build/openjdk/hotspot/src/share/vm/prims/jvm.cpp:1244
Event: 8,424 Thread 0x00007f1b1000a800 Threw 0x00000000f6d7bb58 at /build/buildd/openjdk-7-7u51-2.4.4/build/openjdk/hotspot/src/share/vm/prims/jvm.cpp:1244
Event: 8,424 Thread 0x00007f1b1000a800 Threw 0x00000000f6d7c608 at /build/buildd/openjdk-7-7u51-2.4.4/build/openjdk/hotspot/src/share/vm/prims/jvm.cpp:1244
Event: 8,428 Thread 0x00007f1b1000a800 Threw 0x00000000f6d88178 at /build/buildd/openjdk-7-7u51-2.4.4/build/openjdk/hotspot/src/share/vm/prims/jvm.cpp:1244
Event: 8,429 Thread 0x00007f1b1000a800 Threw 0x00000000f6d8a238 at /build/buildd/openjdk-7-7u51-2.4.4/build/openjdk/hotspot/src/share/vm/prims/jvm.cpp:1244
Event: 8,429 Thread 0x00007f1b1000a800 Threw 0x00000000f6d8ace8 at /build/buildd/openjdk-7-7u51-2.4.4/build/openjdk/hotspot/src/share/vm/prims/jvm.cpp:1244
Event: 8,429 Thread 0x00007f1b1000a800 Threw 0x00000000f6d8cb88 at /build/buildd/openjdk-7-7u51-2.4.4/build/openjdk/hotspot/src/share/vm/prims/jvm.cpp:1244
Event: 8,430 Thread 0x00007f1b1000a800 Threw 0x00000000f6d8ec48 at /build/buildd/openjdk-7-7u51-2.4.4/build/openjdk/hotspot/src/share/vm/prims/jvm.cpp:1244
Event: 8,430 Thread 0x00007f1b1000a800 Threw 0x00000000f6d8f6f8 at /build/buildd/openjdk-7-7u51-2.4.4/build/openjdk/hotspot/src/share/vm/prims/jvm.cpp:1244

Events (10 events):
Event: 9,791 Thread 0x00007f1b1000a800 DEOPT PACKING pc=0x00007f1b0d181cf4 sp=0x00007f1b16833f20
Event: 9,791 Thread 0x00007f1b1000a800 DEOPT UNPACKING pc=0x00007f1b0d039045 sp=0x00007f1b16833e98 mode 2
Event: 9,810 Executing VM operation: ParallelGCFailedAllocation
Event: 9,846 Executing VM operation: ParallelGCFailedAllocation done
Event: 9,857 Thread 0x00007f1b1000a800 Uncommon trap: trap_request=0xffffffde fr.pc=0x00007f1b0d0d6d78
Event: 9,857 Thread 0x00007f1b1000a800 DEOPT PACKING pc=0x00007f1b0d0d6d78 sp=0x00007f1b16833fc0
Event: 9,857 Thread 0x00007f1b1000a800 DEOPT UNPACKING pc=0x00007f1b0d039045 sp=0x00007f1b16833f98 mode 2
Event: 9,861 Thread 0x00007f1b1000a800 Uncommon trap: trap_request=0xffffffde fr.pc=0x00007f1b0d11dec4
Event: 9,861 Thread 0x00007f1b1000a800 DEOPT PACKING pc=0x00007f1b0d11dec4 sp=0x00007f1b16833e50
Event: 9,861 Thread 0x00007f1b1000a800 DEOPT UNPACKING pc=0x00007f1b0d039045 sp=0x00007f1b16833d80 mode 2


Dynamic libraries:
00400000-00401000 r-xp 00000000 08:01 15861394                           /usr/lib/jvm/java-7-openjdk-amd64/jre/bin/java
00600000-00601000 r--p 00000000 08:01 15861394                           /usr/lib/jvm/java-7-openjdk-amd64/jre/bin/java
00601000-00602000 rw-p 00001000 08:01 15861394                           /usr/lib/jvm/java-7-openjdk-amd64/jre/bin/java
00fe8000-01009000 rw-p 00000000 00:00 0                                  [heap]
d6600000-d7f00000 rw-p 00000000 00:00 0 
d7f00000-e0c00000 rw-p 00000000 00:00 0 
e0c00000-e3180000 rw-p 00000000 00:00 0 
e3180000-f5900000 rw-p 00000000 00:00 0 
f5900000-f9900000 rw-p 00000000 00:00 0 
f9900000-100000000 rw-p 00000000 00:00 0 
7f1ac0000000-7f1ac0021000 rw-p 00000000 00:00 0 
7f1ac0021000-7f1ac4000000 ---p 00000000 00:00 0 
7f1ac77f4000-7f1ac77f5000 r-xp 00000000 08:01 13893991                   /home/alex/Documents/8vo_Semestre/Geometría Computacional/Lab/practica02p1/src/lib/libintersection.so
7f1ac77f5000-7f1ac79f4000 ---p 00001000 08:01 13893991                   /home/alex/Documents/8vo_Semestre/Geometría Computacional/Lab/practica02p1/src/lib/libintersection.so
7f1ac79f4000-7f1ac79f5000 r--p 00000000 08:01 13893991                   /home/alex/Documents/8vo_Semestre/Geometría Computacional/Lab/practica02p1/src/lib/libintersection.so
7f1ac79f5000-7f1ac79f6000 rw-p 00001000 08:01 13893991                   /home/alex/Documents/8vo_Semestre/Geometría Computacional/Lab/practica02p1/src/lib/libintersection.so
7f1ac79f6000-7f1ac79f9000 r-xp 00000000 08:01 13893852                   /home/alex/Documents/8vo_Semestre/Geometría Computacional/Lab/practica02p1/src/lib/librb_tree.so
7f1ac79f9000-7f1ac7bf8000 ---p 00003000 08:01 13893852                   /home/alex/Documents/8vo_Semestre/Geometría Computacional/Lab/practica02p1/src/lib/librb_tree.so
7f1ac7bf8000-7f1ac7bf9000 r--p 00002000 08:01 13893852                   /home/alex/Documents/8vo_Semestre/Geometría Computacional/Lab/practica02p1/src/lib/librb_tree.so
7f1ac7bf9000-7f1ac7bfa000 rw-p 00003000 08:01 13893852                   /home/alex/Documents/8vo_Semestre/Geometría Computacional/Lab/practica02p1/src/lib/librb_tree.so
7f1ac7bfa000-7f1ac7bfc000 r-xp 00000000 08:01 13893851                   /home/alex/Documents/8vo_Semestre/Geometría Computacional/Lab/practica02p1/src/lib/libdouble_linked_list.so
7f1ac7bfc000-7f1ac7dfb000 ---p 00002000 08:01 13893851                   /home/alex/Documents/8vo_Semestre/Geometría Computacional/Lab/practica02p1/src/lib/libdouble_linked_list.so
7f1ac7dfb000-7f1ac7dfc000 r--p 00001000 08:01 13893851                   /home/alex/Documents/8vo_Semestre/Geometría Computacional/Lab/practica02p1/src/lib/libdouble_linked_list.so
7f1ac7dfc000-7f1ac7dfd000 rw-p 00002000 08:01 13893851                   /home/alex/Documents/8vo_Semestre/Geometría Computacional/Lab/practica02p1/src/lib/libdouble_linked_list.so
7f1ac7dfd000-7f1ac7dfe000 r-xp 00000000 08:01 13893849                   /home/alex/Documents/8vo_Semestre/Geometría Computacional/Lab/practica02p1/src/lib/libhalf_edge.so
7f1ac7dfe000-7f1ac7ffe000 ---p 00001000 08:01 13893849                   /home/alex/Documents/8vo_Semestre/Geometría Computacional/Lab/practica02p1/src/lib/libhalf_edge.so
7f1ac7ffe000-7f1ac7fff000 r--p 00001000 08:01 13893849                   /home/alex/Documents/8vo_Semestre/Geometría Computacional/Lab/practica02p1/src/lib/libhalf_edge.so
7f1ac7fff000-7f1ac8000000 rw-p 00002000 08:01 13893849                   /home/alex/Documents/8vo_Semestre/Geometría Computacional/Lab/practica02p1/src/lib/libhalf_edge.so
7f1ac8000000-7f1ac8021000 rw-p 00000000 00:00 0 
7f1ac8021000-7f1acc000000 ---p 00000000 00:00 0 
7f1acc000000-7f1acc021000 rw-p 00000000 00:00 0 
7f1acc021000-7f1ad0000000 ---p 00000000 00:00 0 
7f1ad0000000-7f1ad0027000 rw-p 00000000 00:00 0 
7f1ad0027000-7f1ad4000000 ---p 00000000 00:00 0 
7f1ad4000000-7f1ad4021000 rw-p 00000000 00:00 0 
7f1ad4021000-7f1ad8000000 ---p 00000000 00:00 0 
7f1ad8000000-7f1ad8021000 rw-p 00000000 00:00 0 
7f1ad8021000-7f1adc000000 ---p 00000000 00:00 0 
7f1adc000000-7f1adc021000 rw-p 00000000 00:00 0 
7f1adc021000-7f1ae0000000 ---p 00000000 00:00 0 
7f1ae0000000-7f1ae0dae000 rw-p 00000000 00:00 0 
7f1ae0dae000-7f1ae4000000 ---p 00000000 00:00 0 
7f1ae4000000-7f1ae4d27000 rw-p 00000000 00:00 0 
7f1ae4d27000-7f1ae8000000 ---p 00000000 00:00 0 
7f1ae8000000-7f1ae8021000 rw-p 00000000 00:00 0 
7f1ae8021000-7f1aec000000 ---p 00000000 00:00 0 
7f1aec000000-7f1aec021000 rw-p 00000000 00:00 0 
7f1aec021000-7f1af0000000 ---p 00000000 00:00 0 
7f1af0000000-7f1af0041000 rw-p 00000000 00:00 0 
7f1af0041000-7f1af4000000 ---p 00000000 00:00 0 
7f1af4000000-7f1af4021000 rw-p 00000000 00:00 0 
7f1af4021000-7f1af8000000 ---p 00000000 00:00 0 
7f1af8000000-7f1af8021000 rw-p 00000000 00:00 0 
7f1af8021000-7f1afc000000 ---p 00000000 00:00 0 
7f1afc000000-7f1afc021000 rw-p 00000000 00:00 0 
7f1afc021000-7f1b00000000 ---p 00000000 00:00 0 
7f1b00000000-7f1b00021000 rw-p 00000000 00:00 0 
7f1b00021000-7f1b04000000 ---p 00000000 00:00 0 
7f1b041af000-7f1b041b0000 r-xp 00000000 08:01 13893835                   /home/alex/Documents/8vo_Semestre/Geometría Computacional/Lab/practica02p1/src/lib/lib2d_points.so
7f1b041b0000-7f1b043af000 ---p 00001000 08:01 13893835                   /home/alex/Documents/8vo_Semestre/Geometría Computacional/Lab/practica02p1/src/lib/lib2d_points.so
7f1b043af000-7f1b043b0000 r--p 00000000 08:01 13893835                   /home/alex/Documents/8vo_Semestre/Geometría Computacional/Lab/practica02p1/src/lib/lib2d_points.so
7f1b043b0000-7f1b043b1000 rw-p 00001000 08:01 13893835                   /home/alex/Documents/8vo_Semestre/Geometría Computacional/Lab/practica02p1/src/lib/lib2d_points.so
7f1b043b1000-7f1b043b4000 ---p 00000000 00:00 0 
7f1b043b4000-7f1b045b2000 rw-p 00000000 00:00 0 
7f1b045b2000-7f1b045b5000 ---p 00000000 00:00 0 
7f1b045b5000-7f1b047b3000 rw-p 00000000 00:00 0 
7f1b047b3000-7f1b047b6000 ---p 00000000 00:00 0 
7f1b047b6000-7f1b049b4000 rw-p 00000000 00:00 0                          [stack:14786]
7f1b049b4000-7f1b049b7000 ---p 00000000 00:00 0 
7f1b049b7000-7f1b04bb5000 rw-p 00000000 00:00 0                          [stack:14663]
7f1b04bb5000-7f1b04bc7000 r-xp 00000000 08:01 12059135                   /home/alex/.rbenv/versions/jruby-1.7.10/lib/jni/x86_64-Linux/libjffi-1.2.so
7f1b04bc7000-7f1b04dc6000 ---p 00012000 08:01 12059135                   /home/alex/.rbenv/versions/jruby-1.7.10/lib/jni/x86_64-Linux/libjffi-1.2.so
7f1b04dc6000-7f1b04dc7000 rw-p 00011000 08:01 12059135                   /home/alex/.rbenv/versions/jruby-1.7.10/lib/jni/x86_64-Linux/libjffi-1.2.so
7f1b04dc7000-7f1b04dd7000 r-xp 00000000 08:01 15861288                   /usr/lib/jvm/java-7-openjdk-amd64/jre/lib/amd64/libnio.so
7f1b04dd7000-7f1b04fd7000 ---p 00010000 08:01 15861288                   /usr/lib/jvm/java-7-openjdk-amd64/jre/lib/amd64/libnio.so
7f1b04fd7000-7f1b04fd8000 r--p 00010000 08:01 15861288                   /usr/lib/jvm/java-7-openjdk-amd64/jre/lib/amd64/libnio.so
7f1b04fd8000-7f1b04fd9000 rw-p 00011000 08:01 15861288                   /usr/lib/jvm/java-7-openjdk-amd64/jre/lib/amd64/libnio.so
7f1b04fd9000-7f1b05016000 r-xp 00000000 08:01 8130434                    /lib/x86_64-linux-gnu/libpcre.so.3.13.1
7f1b05016000-7f1b05216000 ---p 0003d000 08:01 8130434                    /lib/x86_64-linux-gnu/libpcre.so.3.13.1
7f1b05216000-7f1b05217000 r--p 0003d000 08:01 8130434                    /lib/x86_64-linux-gnu/libpcre.so.3.13.1
7f1b05217000-7f1b05218000 rw-p 0003e000 08:01 8130434                    /lib/x86_64-linux-gnu/libpcre.so.3.13.1
7f1b05218000-7f1b0521f000 r-xp 00000000 08:01 15735894                   /usr/lib/x86_64-linux-gnu/libffi.so.6.0.1
7f1b0521f000-7f1b0541e000 ---p 00007000 08:01 15735894                   /usr/lib/x86_64-linux-gnu/libffi.so.6.0.1
7f1b0541e000-7f1b0541f000 r--p 00006000 08:01 15735894                   /usr/lib/x86_64-linux-gnu/libffi.so.6.0.1
7f1b0541f000-7f1b05420000 rw-p 00007000 08:01 15735894                   /usr/lib/x86_64-linux-gnu/libffi.so.6.0.1
7f1b05420000-7f1b05436000 r-xp 00000000 08:01 8130457                    /lib/x86_64-linux-gnu/libresolv-2.17.so
7f1b05436000-7f1b05636000 ---p 00016000 08:01 8130457                    /lib/x86_64-linux-gnu/libresolv-2.17.so
7f1b05636000-7f1b05637000 r--p 00016000 08:01 8130457                    /lib/x86_64-linux-gnu/libresolv-2.17.so
7f1b05637000-7f1b05638000 rw-p 00017000 08:01 8130457                    /lib/x86_64-linux-gnu/libresolv-2.17.so
7f1b05638000-7f1b0563a000 rw-p 00000000 00:00 0 
7f1b0563a000-7f1b05659000 r-xp 00000000 08:01 8130461                    /lib/x86_64-linux-gnu/libselinux.so.1
7f1b05659000-7f1b05859000 ---p 0001f000 08:01 8130461                    /lib/x86_64-linux-gnu/libselinux.so.1
7f1b05859000-7f1b0585a000 r--p 0001f000 08:01 8130461                    /lib/x86_64-linux-gnu/libselinux.so.1
7f1b0585a000-7f1b0585b000 rw-p 00020000 08:01 8130461                    /lib/x86_64-linux-gnu/libselinux.so.1
7f1b0585b000-7f1b0585c000 rw-p 00000000 00:00 0 
7f1b0585c000-7f1b0585f000 r-xp 00000000 08:01 15729078                   /usr/lib/x86_64-linux-gnu/libgmodule-2.0.so.0.3800.1
7f1b0585f000-7f1b05a5e000 ---p 00003000 08:01 15729078                   /usr/lib/x86_64-linux-gnu/libgmodule-2.0.so.0.3800.1
7f1b05a5e000-7f1b05a5f000 r--p 00002000 08:01 15729078                   /usr/lib/x86_64-linux-gnu/libgmodule-2.0.so.0.3800.1
7f1b05a5f000-7f1b05a60000 rw-p 00003000 08:01 15729078                   /usr/lib/x86_64-linux-gnu/libgmodule-2.0.so.0.3800.1
7f1b05a60000-7f1b05b5e000 r-xp 00000000 08:01 8130449                    /lib/x86_64-linux-gnu/libglib-2.0.so.0.3800.1
7f1b05b5e000-7f1b05d5e000 ---p 000fe000 08:01 8130449                    /lib/x86_64-linux-gnu/libglib-2.0.so.0.3800.1
7f1b05d5e000-7f1b05d5f000 r--p 000fe000 08:01 8130449                    /lib/x86_64-linux-gnu/libglib-2.0.so.0.3800.1
7f1b05d5f000-7f1b05d60000 rw-p 000ff000 08:01 8130449                    /lib/x86_64-linux-gnu/libglib-2.0.so.0.3800.1
7f1b05d60000-7f1b05d61000 rw-p 00000000 00:00 0 
7f1b05d61000-7f1b05db0000 r-xp 00000000 08:01 15729069                   /usr/lib/x86_64-linux-gnu/libgobject-2.0.so.0.3800.1
7f1b05db0000-7f1b05fb0000 ---p 0004f000 08:01 15729069                   /usr/lib/x86_64-linux-gnu/libgobject-2.0.so.0.3800.1
7f1b05fb0000-7f1b05fb1000 r--p 0004f000 08:01 15729069                   /usr/lib/x86_64-linux-gnu/libgobject-2.0.so.0.3800.1
7f1b05fb1000-7f1b05fb2000 rw-p 00050000 08:01 15729069                   /usr/lib/x86_64-linux-gnu/libgobject-2.0.so.0.3800.1
7f1b05fb2000-7f1b0610e000 r-xp 00000000 08:01 15729043                   /usr/lib/x86_64-linux-gnu/libgio-2.0.so.0.3800.1
7f1b0610e000-7f1b0630d000 ---p 0015c000 08:01 15729043                   /usr/lib/x86_64-linux-gnu/libgio-2.0.so.0.3800.1
7f1b0630d000-7f1b06311000 r--p 0015b000 08:01 15729043                   /usr/lib/x86_64-linux-gnu/libgio-2.0.so.0.3800.1
7f1b06311000-7f1b06313000 rw-p 0015f000 08:01 15729043                   /usr/lib/x86_64-linux-gnu/libgio-2.0.so.0.3800.1
7f1b06313000-7f1b06315000 rw-p 00000000 00:00 0 
7f1b06315000-7f1b0632b000 r-xp 00000000 08:01 15861076                   /usr/lib/jvm/java-7-openjdk-amd64/jre/lib/amd64/libnet.so
7f1b0632b000-7f1b0652a000 ---p 00016000 08:01 15861076                   /usr/lib/jvm/java-7-openjdk-amd64/jre/lib/amd64/libnet.so
7f1b0652a000-7f1b0652b000 r--p 00015000 08:01 15861076                   /usr/lib/jvm/java-7-openjdk-amd64/jre/lib/amd64/libnet.so
7f1b0652b000-7f1b0652c000 rw-p 00016000 08:01 15861076                   /usr/lib/jvm/java-7-openjdk-amd64/jre/lib/amd64/libnet.so
7f1b0652c000-7f1b0652d000 ---p 00000000 00:00 0 
7f1b0652d000-7f1b0662d000 rw-p 00000000 00:00 0                          [stack:14662]
7f1b0662d000-7f1b06630000 ---p 00000000 00:00 0 
7f1b06630000-7f1b0682e000 rw-p 00000000 00:00 0                          [stack:14661]
7f1b0682e000-7f1b06831000 ---p 00000000 00:00 0 
7f1b06831000-7f1b0692f000 rw-p 00000000 00:00 0                          [stack:14660]
7f1b0692f000-7f1b06932000 ---p 00000000 00:00 0 
7f1b06932000-7f1b08000000 rw-p 00000000 00:00 0                          [stack:14658]
7f1b08000000-7f1b08021000 rw-p 00000000 00:00 0 
7f1b08021000-7f1b0c000000 ---p 00000000 00:00 0 
7f1b0c0fd000-7f1b0c100000 ---p 00000000 00:00 0 
7f1b0c100000-7f1b0c1fe000 rw-p 00000000 00:00 0                          [stack:14659]
7f1b0c1fe000-7f1b0c5f8000 r--p 00000000 08:01 15734328                   /usr/lib/locale/locale-archive
7f1b0c5f8000-7f1b0c5fb000 ---p 00000000 00:00 0 
7f1b0c5fb000-7f1b0c7f9000 rw-p 00000000 00:00 0                          [stack:14657]
7f1b0c7f9000-7f1b0c7fc000 ---p 00000000 00:00 0 
7f1b0c7fc000-7f1b0c9fa000 rw-p 00000000 00:00 0                          [stack:14656]
7f1b0c9fa000-7f1b0c9fb000 ---p 00000000 00:00 0 
7f1b0c9fb000-7f1b0d000000 rw-p 00000000 00:00 0                          [stack:14655]
7f1b0d000000-7f1b0d270000 rwxp 00000000 00:00 0 
7f1b0d270000-7f1b10550000 rw-p 00000000 00:00 0 
7f1b10550000-7f1b14000000 ---p 00000000 00:00 0 
7f1b14027000-7f1b14028000 rw-p 00000000 00:00 0 
7f1b14028000-7f1b1402b000 ---p 00000000 00:00 0 
7f1b1402b000-7f1b14061000 rw-p 00000000 00:00 0                          [stack:14666]
7f1b14061000-7f1b14062000 r-xp 00000000 00:00 0 
7f1b14062000-7f1b14069000 r--s 00000000 08:01 16127910                   /usr/lib/x86_64-linux-gnu/gconv/gconv-modules.cache
7f1b14069000-7f1b1406b000 r--s 00012000 08:01 15861308                   /usr/lib/jvm/java-7-openjdk-amd64/jre/lib/ext/zipfs.jar
7f1b1406b000-7f1b1406e000 r--s 00032000 08:01 15861310                   /usr/lib/jvm/java-7-openjdk-amd64/jre/lib/ext/sunjce_provider.jar
7f1b1406e000-7f1b14072000 r--s 00085000 08:01 15861304                   /usr/lib/jvm/java-7-openjdk-amd64/jre/lib/ext/localedata.jar
7f1b14072000-7f1b14074000 r--s 00006000 08:01 16256853                   /usr/share/java/java-atk-wrapper.jar
7f1b14074000-7f1b14075000 r--s 00002000 08:01 15861314                   /usr/lib/jvm/java-7-openjdk-amd64/jre/lib/ext/dnsns.jar
7f1b14075000-7f1b14078000 r--s 0000f000 08:01 15861306                   /usr/lib/jvm/java-7-openjdk-amd64/jre/lib/ext/pulse-java.jar
7f1b14078000-7f1b1407c000 r--s 0003b000 08:01 15861316                   /usr/lib/jvm/java-7-openjdk-amd64/jre/lib/ext/sunpkcs11.jar
7f1b1407c000-7f1b14b33000 rw-p 00000000 00:00 0 
7f1b14b33000-7f1b14c1c000 r--s 00bb9000 08:01 12059138                   /home/alex/.rbenv/versions/jruby-1.7.10/lib/jruby.jar
7f1b14c1c000-7f1b14c64000 rw-p 00000000 00:00 0 
7f1b14c64000-7f1b14e12000 r--s 01cf4000 08:01 15861374                   /usr/lib/jvm/java-7-openjdk-amd64/jre/lib/rt.jar
7f1b14e12000-7f1b15058000 rw-p 00000000 00:00 0 
7f1b15058000-7f1b15059000 ---p 00000000 00:00 0 
7f1b15059000-7f1b15159000 rw-p 00000000 00:00 0                          [stack:14654]
7f1b15159000-7f1b1515a000 ---p 00000000 00:00 0 
7f1b1515a000-7f1b1525a000 rw-p 00000000 00:00 0                          [stack:14653]
7f1b1525a000-7f1b1525b000 ---p 00000000 00:00 0 
7f1b1525b000-7f1b1535b000 rw-p 00000000 00:00 0                          [stack:14652]
7f1b1535b000-7f1b1535c000 ---p 00000000 00:00 0 
7f1b1535c000-7f1b15469000 rw-p 00000000 00:00 0                          [stack:14651]
7f1b15469000-7f1b154af000 rw-p 00000000 00:00 0 
7f1b154af000-7f1b154c2000 rw-p 00000000 00:00 0 
7f1b154c2000-7f1b15555000 rw-p 00000000 00:00 0 
7f1b15555000-7f1b15576000 rw-p 00000000 00:00 0 
7f1b15576000-7f1b155a9000 rw-p 00000000 00:00 0 
7f1b155a9000-7f1b155aa000 rw-p 00000000 00:00 0 
7f1b155aa000-7f1b155b2000 r-xp 00000000 08:01 15861025                   /usr/lib/jvm/java-7-openjdk-amd64/jre/lib/amd64/libzip.so
7f1b155b2000-7f1b157b1000 ---p 00008000 08:01 15861025                   /usr/lib/jvm/java-7-openjdk-amd64/jre/lib/amd64/libzip.so
7f1b157b1000-7f1b157b2000 r--p 00007000 08:01 15861025                   /usr/lib/jvm/java-7-openjdk-amd64/jre/lib/amd64/libzip.so
7f1b157b2000-7f1b157b3000 rw-p 00008000 08:01 15861025                   /usr/lib/jvm/java-7-openjdk-amd64/jre/lib/amd64/libzip.so
7f1b157b3000-7f1b157bf000 r-xp 00000000 08:01 8130412                    /lib/x86_64-linux-gnu/libnss_files-2.17.so
7f1b157bf000-7f1b159be000 ---p 0000c000 08:01 8130412                    /lib/x86_64-linux-gnu/libnss_files-2.17.so
7f1b159be000-7f1b159bf000 r--p 0000b000 08:01 8130412                    /lib/x86_64-linux-gnu/libnss_files-2.17.so
7f1b159bf000-7f1b159c0000 rw-p 0000c000 08:01 8130412                    /lib/x86_64-linux-gnu/libnss_files-2.17.so
7f1b159c0000-7f1b159cb000 r-xp 00000000 08:01 8130416                    /lib/x86_64-linux-gnu/libnss_nis-2.17.so
7f1b159cb000-7f1b15bca000 ---p 0000b000 08:01 8130416                    /lib/x86_64-linux-gnu/libnss_nis-2.17.so
7f1b15bca000-7f1b15bcb000 r--p 0000a000 08:01 8130416                    /lib/x86_64-linux-gnu/libnss_nis-2.17.so
7f1b15bcb000-7f1b15bcc000 rw-p 0000b000 08:01 8130416                    /lib/x86_64-linux-gnu/libnss_nis-2.17.so
7f1b15bcc000-7f1b15be3000 r-xp 00000000 08:01 8130406                    /lib/x86_64-linux-gnu/libnsl-2.17.so
7f1b15be3000-7f1b15de2000 ---p 00017000 08:01 8130406                    /lib/x86_64-linux-gnu/libnsl-2.17.so
7f1b15de2000-7f1b15de3000 r--p 00016000 08:01 8130406                    /lib/x86_64-linux-gnu/libnsl-2.17.so
7f1b15de3000-7f1b15de4000 rw-p 00017000 08:01 8130406                    /lib/x86_64-linux-gnu/libnsl-2.17.so
7f1b15de4000-7f1b15de6000 rw-p 00000000 00:00 0 
7f1b15de6000-7f1b15dee000 r-xp 00000000 08:01 8130408                    /lib/x86_64-linux-gnu/libnss_compat-2.17.so
7f1b15dee000-7f1b15fed000 ---p 00008000 08:01 8130408                    /lib/x86_64-linux-gnu/libnss_compat-2.17.so
7f1b15fed000-7f1b15fee000 r--p 00007000 08:01 8130408                    /lib/x86_64-linux-gnu/libnss_compat-2.17.so
7f1b15fee000-7f1b15fef000 rw-p 00008000 08:01 8130408                    /lib/x86_64-linux-gnu/libnss_compat-2.17.so
7f1b15fef000-7f1b1601a000 r-xp 00000000 08:01 15860951                   /usr/lib/jvm/java-7-openjdk-amd64/jre/lib/amd64/libjava.so
7f1b1601a000-7f1b16219000 ---p 0002b000 08:01 15860951                   /usr/lib/jvm/java-7-openjdk-amd64/jre/lib/amd64/libjava.so
7f1b16219000-7f1b1621a000 r--p 0002a000 08:01 15860951                   /usr/lib/jvm/java-7-openjdk-amd64/jre/lib/amd64/libjava.so
7f1b1621a000-7f1b1621c000 rw-p 0002b000 08:01 15860951                   /usr/lib/jvm/java-7-openjdk-amd64/jre/lib/amd64/libjava.so
7f1b1621c000-7f1b1622c000 r-xp 00000000 08:01 15861265                   /usr/lib/jvm/java-7-openjdk-amd64/jre/lib/amd64/libverify.so
7f1b1622c000-7f1b1642b000 ---p 00010000 08:01 15861265                   /usr/lib/jvm/java-7-openjdk-amd64/jre/lib/amd64/libverify.so
7f1b1642b000-7f1b1642d000 r--p 0000f000 08:01 15861265                   /usr/lib/jvm/java-7-openjdk-amd64/jre/lib/amd64/libverify.so
7f1b1642d000-7f1b1642e000 rw-p 00011000 08:01 15861265                   /usr/lib/jvm/java-7-openjdk-amd64/jre/lib/amd64/libverify.so
7f1b1642e000-7f1b16435000 r-xp 00000000 08:01 8130459                    /lib/x86_64-linux-gnu/librt-2.17.so
7f1b16435000-7f1b16634000 ---p 00007000 08:01 8130459                    /lib/x86_64-linux-gnu/librt-2.17.so
7f1b16634000-7f1b16635000 r--p 00006000 08:01 8130459                    /lib/x86_64-linux-gnu/librt-2.17.so
7f1b16635000-7f1b16636000 rw-p 00007000 08:01 8130459                    /lib/x86_64-linux-gnu/librt-2.17.so
7f1b16636000-7f1b16639000 ---p 00000000 00:00 0 
7f1b16639000-7f1b16837000 rw-p 00000000 00:00 0                          [stack:14650]
7f1b16837000-7f1b1684c000 r-xp 00000000 08:01 8126477                    /lib/x86_64-linux-gnu/libgcc_s.so.1
7f1b1684c000-7f1b16a4b000 ---p 00015000 08:01 8126477                    /lib/x86_64-linux-gnu/libgcc_s.so.1
7f1b16a4b000-7f1b16a4c000 r--p 00014000 08:01 8126477                    /lib/x86_64-linux-gnu/libgcc_s.so.1
7f1b16a4c000-7f1b16a4d000 rw-p 00015000 08:01 8126477                    /lib/x86_64-linux-gnu/libgcc_s.so.1
7f1b16a4d000-7f1b16b50000 r-xp 00000000 08:01 8130387                    /lib/x86_64-linux-gnu/libm-2.17.so
7f1b16b50000-7f1b16d4f000 ---p 00103000 08:01 8130387                    /lib/x86_64-linux-gnu/libm-2.17.so
7f1b16d4f000-7f1b16d50000 r--p 00102000 08:01 8130387                    /lib/x86_64-linux-gnu/libm-2.17.so
7f1b16d50000-7f1b16d51000 rw-p 00103000 08:01 8130387                    /lib/x86_64-linux-gnu/libm-2.17.so
7f1b16d51000-7f1b16e37000 r-xp 00000000 08:01 15729831                   /usr/lib/x86_64-linux-gnu/libstdc++.so.6.0.18
7f1b16e37000-7f1b17036000 ---p 000e6000 08:01 15729831                   /usr/lib/x86_64-linux-gnu/libstdc++.so.6.0.18
7f1b17036000-7f1b1703e000 r--p 000e5000 08:01 15729831                   /usr/lib/x86_64-linux-gnu/libstdc++.so.6.0.18
7f1b1703e000-7f1b17040000 rw-p 000ed000 08:01 15729831                   /usr/lib/x86_64-linux-gnu/libstdc++.so.6.0.18
7f1b17040000-7f1b17055000 rw-p 00000000 00:00 0 
7f1b17055000-7f1b17b34000 r-xp 00000000 08:01 15861284                   /usr/lib/jvm/java-7-openjdk-amd64/jre/lib/amd64/server/libjvm.so
7f1b17b34000-7f1b17d33000 ---p 00adf000 08:01 15861284                   /usr/lib/jvm/java-7-openjdk-amd64/jre/lib/amd64/server/libjvm.so
7f1b17d33000-7f1b17dc5000 r--p 00ade000 08:01 15861284                   /usr/lib/jvm/java-7-openjdk-amd64/jre/lib/amd64/server/libjvm.so
7f1b17dc5000-7f1b17de8000 rw-p 00b70000 08:01 15861284                   /usr/lib/jvm/java-7-openjdk-amd64/jre/lib/amd64/server/libjvm.so
7f1b17de8000-7f1b17e15000 rw-p 00000000 00:00 0 
7f1b17e15000-7f1b17e2d000 r-xp 00000000 08:01 8130494                    /lib/x86_64-linux-gnu/libz.so.1.2.8
7f1b17e2d000-7f1b1802c000 ---p 00018000 08:01 8130494                    /lib/x86_64-linux-gnu/libz.so.1.2.8
7f1b1802c000-7f1b1802d000 r--p 00017000 08:01 8130494                    /lib/x86_64-linux-gnu/libz.so.1.2.8
7f1b1802d000-7f1b1802e000 rw-p 00018000 08:01 8130494                    /lib/x86_64-linux-gnu/libz.so.1.2.8
7f1b1802e000-7f1b18045000 r-xp 00000000 08:01 8130451                    /lib/x86_64-linux-gnu/libpthread-2.17.so
7f1b18045000-7f1b18245000 ---p 00017000 08:01 8130451                    /lib/x86_64-linux-gnu/libpthread-2.17.so
7f1b18245000-7f1b18246000 r--p 00017000 08:01 8130451                    /lib/x86_64-linux-gnu/libpthread-2.17.so
7f1b18246000-7f1b18247000 rw-p 00018000 08:01 8130451                    /lib/x86_64-linux-gnu/libpthread-2.17.so
7f1b18247000-7f1b1824b000 rw-p 00000000 00:00 0 
7f1b1824b000-7f1b1824e000 r-xp 00000000 08:01 8130351                    /lib/x86_64-linux-gnu/libdl-2.17.so
7f1b1824e000-7f1b1844d000 ---p 00003000 08:01 8130351                    /lib/x86_64-linux-gnu/libdl-2.17.so
7f1b1844d000-7f1b1844e000 r--p 00002000 08:01 8130351                    /lib/x86_64-linux-gnu/libdl-2.17.so
7f1b1844e000-7f1b1844f000 rw-p 00003000 08:01 8130351                    /lib/x86_64-linux-gnu/libdl-2.17.so
7f1b1844f000-7f1b1860c000 r-xp 00000000 08:01 8130336                    /lib/x86_64-linux-gnu/libc-2.17.so
7f1b1860c000-7f1b1880c000 ---p 001bd000 08:01 8130336                    /lib/x86_64-linux-gnu/libc-2.17.so
7f1b1880c000-7f1b18810000 r--p 001bd000 08:01 8130336                    /lib/x86_64-linux-gnu/libc-2.17.so
7f1b18810000-7f1b18812000 rw-p 001c1000 08:01 8130336                    /lib/x86_64-linux-gnu/libc-2.17.so
7f1b18812000-7f1b18817000 rw-p 00000000 00:00 0 
7f1b18817000-7f1b18824000 r-xp 00000000 08:01 15861291                   /usr/lib/jvm/java-7-openjdk-amd64/jre/lib/amd64/jli/libjli.so
7f1b18824000-7f1b18a23000 ---p 0000d000 08:01 15861291                   /usr/lib/jvm/java-7-openjdk-amd64/jre/lib/amd64/jli/libjli.so
7f1b18a23000-7f1b18a24000 r--p 0000c000 08:01 15861291                   /usr/lib/jvm/java-7-openjdk-amd64/jre/lib/amd64/jli/libjli.so
7f1b18a24000-7f1b18a25000 rw-p 0000d000 08:01 15861291                   /usr/lib/jvm/java-7-openjdk-amd64/jre/lib/amd64/jli/libjli.so
7f1b18a25000-7f1b18a48000 r-xp 00000000 08:01 8130312                    /lib/x86_64-linux-gnu/ld-2.17.so
7f1b18a48000-7f1b18a4d000 r--s 0004c000 08:01 15861296                   /usr/lib/jvm/java-7-openjdk-amd64/jre/lib/jsse.jar
7f1b18a4d000-7f1b18a7b000 rw-p 00000000 00:00 0 
7f1b18a7b000-7f1b18ac1000 rw-p 00000000 00:00 0 
7f1b18ac1000-7f1b18ad4000 rw-p 00000000 00:00 0 
7f1b18ad4000-7f1b18b68000 rw-p 00000000 00:00 0 
7f1b18b68000-7f1b18b72000 rw-p 00000000 00:00 0 
7f1b18b72000-7f1b18c28000 rw-p 00000000 00:00 0 
7f1b18c28000-7f1b18c3b000 rw-p 00000000 00:00 0 
7f1b18c3b000-7f1b18c43000 rw-s 00000000 08:01 5767459                    /tmp/hsperfdata_alex/14625
7f1b18c43000-7f1b18c44000 rw-p 00000000 00:00 0 
7f1b18c44000-7f1b18c45000 r--p 00000000 00:00 0 
7f1b18c45000-7f1b18c47000 rw-p 00000000 00:00 0 
7f1b18c47000-7f1b18c48000 r--p 00022000 08:01 8130312                    /lib/x86_64-linux-gnu/ld-2.17.so
7f1b18c48000-7f1b18c4a000 rw-p 00023000 08:01 8130312                    /lib/x86_64-linux-gnu/ld-2.17.so
7fff61539000-7fff6155a000 rw-p 00000000 00:00 0                          [stack]
7fff615fe000-7fff61600000 r-xp 00000000 00:00 0                          [vdso]
ffffffffff600000-ffffffffff601000 r-xp 00000000 00:00 0                  [vsyscall]

VM Arguments:
jvm_args: -Djdk.home= -Djruby.home=/home/alex/.rbenv/versions/jruby-1.7.10 -Djruby.script=jruby -Djruby.shell=/bin/sh -Djffi.boot.library.path=/home/alex/.rbenv/versions/jruby-1.7.10/lib/jni:/home/alex/.rbenv/versions/jruby-1.7.10/lib/jni/i386-Linux:/home/alex/.rbenv/versions/jruby-1.7.10/lib/jni/arm-Linux:/home/alex/.rbenv/versions/jruby-1.7.10/lib/jni/x86_64-Linux -Xmx500m -Xss2048k -Xbootclasspath/a:/home/alex/.rbenv/versions/jruby-1.7.10/lib/jruby.jar 
java_command: org/jruby/Main Makefile.rb clean compile test clean
Launcher Type: SUN_STANDARD

Environment Variables:
PATH=/home/alex/.rbenv/versions/jruby-1.7.10/bin:/home/alex/.rbenv/libexec:/home/alex/.rbenv/plugins/ruby-build/bin:/home/alex/.rbenv/shims:~/.rbenv/bin:~/.rbenv/bin:/usr/local/sbin:/usr/local/bin:/usr/sbin:/usr/bin:/sbin:/bin:/usr/games:/usr/local/games
USERNAME=alex
SHELL=/bin/bash
DISPLAY=:0

Signal Handlers:
SIGSEGV: [libjvm.so+0x916ea0], sa_mask[0]=0x7ffbfeff, sa_flags=0x10000004
SIGBUS: [libjvm.so+0x916ea0], sa_mask[0]=0x7ffbfeff, sa_flags=0x10000004
SIGFPE: [libjvm.so+0x794800], sa_mask[0]=0x7ffbfeff, sa_flags=0x10000004
SIGPIPE: [libjvm.so+0x794800], sa_mask[0]=0x7ffbfeff, sa_flags=0x10000004
SIGXFSZ: [libjvm.so+0x794800], sa_mask[0]=0x7ffbfeff, sa_flags=0x10000004
SIGILL: [libjvm.so+0x794800], sa_mask[0]=0x7ffbfeff, sa_flags=0x10000004
SIGUSR1: SIG_DFL, sa_mask[0]=0x00000000, sa_flags=0x00000000
SIGUSR2: [libjvm.so+0x7946a0], sa_mask[0]=0x00000000, sa_flags=0x10000004
SIGHUP: [libjvm.so+0x794880], sa_mask[0]=0x7ffbfeff, sa_flags=0x10000004
SIGINT: [libjvm.so+0x794880], sa_mask[0]=0x7ffbfeff, sa_flags=0x10000004
SIGTERM: [libjvm.so+0x794880], sa_mask[0]=0x7ffbfeff, sa_flags=0x10000004
SIGQUIT: [libjvm.so+0x794880], sa_mask[0]=0x7ffbfeff, sa_flags=0x10000004


---------------  S Y S T E M  ---------------

OS:LinuxMint 16 (petra)
uname:Linux 3.11.0-12-generic #19-Ubuntu SMP Wed Oct 9 16:20:46 UTC 2013 x86_64
libc:glibc 2.17 NPTL 2.17 
rlimit: STACK 8192k, CORE 0k, NPROC 28798, NOFILE 4096, AS infinity
load average:0,51 0,32 0,37

/proc/meminfo:
MemTotal:        3715476 kB
MemFree:         1577096 kB
Buffers:           66828 kB
Cached:          1109636 kB
SwapCached:           28 kB
Active:          1212596 kB
Inactive:         741180 kB
Active(anon):     667244 kB
Inactive(anon):   317728 kB
Active(file):     545352 kB
Inactive(file):   423452 kB
Unevictable:          44 kB
Mlocked:              44 kB
SwapTotal:       3856380 kB
SwapFree:        3855740 kB
Dirty:               148 kB
Writeback:             0 kB
AnonPages:        777724 kB
Mapped:           184920 kB
Shmem:            207660 kB
Slab:             108132 kB
SReclaimable:      80936 kB
SUnreclaim:        27196 kB
KernelStack:        3616 kB
PageTables:        25624 kB
NFS_Unstable:          0 kB
Bounce:                0 kB
WritebackTmp:          0 kB
CommitLimit:     5714116 kB
Committed_AS:    3141300 kB
VmallocTotal:   34359738367 kB
VmallocUsed:      414940 kB
VmallocChunk:   34359311484 kB
HardwareCorrupted:     0 kB
AnonHugePages:         0 kB
HugePages_Total:       0
HugePages_Free:        0
HugePages_Rsvd:        0
HugePages_Surp:        0
Hugepagesize:       2048 kB
DirectMap4k:       56528 kB
DirectMap2M:     3801088 kB


CPU:total 4 (2 cores per cpu, 2 threads per core) family 6 model 37 stepping 5, cmov, cx8, fxsr, mmx, sse, sse2, sse3, ssse3, sse4.1, sse4.2, popcnt, ht, tsc, tscinvbit

/proc/cpuinfo:
processor	: 0
vendor_id	: GenuineIntel
cpu family	: 6
model		: 37
model name	: Intel(R) Core(TM) i3 CPU       M 380  @ 2.53GHz
stepping	: 5
microcode	: 0x2
cpu MHz		: 933.000
cache size	: 3072 KB
physical id	: 0
siblings	: 4
core id		: 0
cpu cores	: 2
apicid		: 0
initial apicid	: 0
fpu		: yes
fpu_exception	: yes
cpuid level	: 11
wp		: yes
flags		: fpu vme de pse tsc msr pae mce cx8 apic sep mtrr pge mca cmov pat pse36 clflush dts acpi mmx fxsr sse sse2 ss ht tm pbe syscall nx rdtscp lm constant_tsc arch_perfmon pebs bts rep_good nopl xtopology nonstop_tsc aperfmperf pni dtes64 monitor ds_cpl vmx est tm2 ssse3 cx16 xtpr pdcm pcid sse4_1 sse4_2 popcnt lahf_lm arat dtherm tpr_shadow vnmi flexpriority ept vpid
bogomips	: 5054.41
clflush size	: 64
cache_alignment	: 64
address sizes	: 36 bits physical, 48 bits virtual
power management:

processor	: 1
vendor_id	: GenuineIntel
cpu family	: 6
model		: 37
model name	: Intel(R) Core(TM) i3 CPU       M 380  @ 2.53GHz
stepping	: 5
microcode	: 0x2
cpu MHz		: 933.000
cache size	: 3072 KB
physical id	: 0
siblings	: 4
core id		: 0
cpu cores	: 2
apicid		: 1
initial apicid	: 1
fpu		: yes
fpu_exception	: yes
cpuid level	: 11
wp		: yes
flags		: fpu vme de pse tsc msr pae mce cx8 apic sep mtrr pge mca cmov pat pse36 clflush dts acpi mmx fxsr sse sse2 ss ht tm pbe syscall nx rdtscp lm constant_tsc arch_perfmon pebs bts rep_good nopl xtopology nonstop_tsc aperfmperf pni dtes64 monitor ds_cpl vmx est tm2 ssse3 cx16 xtpr pdcm pcid sse4_1 sse4_2 popcnt lahf_lm arat dtherm tpr_shadow vnmi flexpriority ept vpid
bogomips	: 5054.41
clflush size	: 64
cache_alignment	: 64
address sizes	: 36 bits physical, 48 bits virtual
power management:

processor	: 2
vendor_id	: GenuineIntel
cpu family	: 6
model		: 37
model name	: Intel(R) Core(TM) i3 CPU       M 380  @ 2.53GHz
stepping	: 5
microcode	: 0x2
cpu MHz		: 933.000
cache size	: 3072 KB
physical id	: 0
siblings	: 4
core id		: 2
cpu cores	: 2
apicid		: 4
initial apicid	: 4
fpu		: yes
fpu_exception	: yes
cpuid level	: 11
wp		: yes
flags		: fpu vme de pse tsc msr pae mce cx8 apic sep mtrr pge mca cmov pat pse36 clflush dts acpi mmx fxsr sse sse2 ss ht tm pbe syscall nx rdtscp lm constant_tsc arch_perfmon pebs bts rep_good nopl xtopology nonstop_tsc aperfmperf pni dtes64 monitor ds_cpl vmx est tm2 ssse3 cx16 xtpr pdcm pcid sse4_1 sse4_2 popcnt lahf_lm arat dtherm tpr_shadow vnmi flexpriority ept vpid
bogomips	: 5054.41
clflush size	: 64
cache_alignment	: 64
address sizes	: 36 bits physical, 48 bits virtual
power management:

processor	: 3
vendor_id	: GenuineIntel
cpu family	: 6
model		: 37
model name	: Intel(R) Core(TM) i3 CPU       M 380  @ 2.53GHz
stepping	: 5
microcode	: 0x2
cpu MHz		: 933.000
cache size	: 3072 KB
physical id	: 0
siblings	: 4
core id		: 2
cpu cores	: 2
apicid		: 5
initial apicid	: 5
fpu		: yes
fpu_exception	: yes
cpuid level	: 11
wp		: yes
flags		: fpu vme de pse tsc msr pae mce cx8 apic sep mtrr pge mca cmov pat pse36 clflush dts acpi mmx fxsr sse sse2 ss ht tm pbe syscall nx rdtscp lm constant_tsc arch_perfmon pebs bts rep_good nopl xtopology nonstop_tsc aperfmperf pni dtes64 monitor ds_cpl vmx est tm2 ssse3 cx16 xtpr pdcm pcid sse4_1 sse4_2 popcnt lahf_lm arat dtherm tpr_shadow vnmi flexpriority ept vpid
bogomips	: 5054.41
clflush size	: 64
cache_alignment	: 64
address sizes	: 36 bits physical, 48 bits virtual
power management:



Memory: 4k page, physical 3715476k(1577096k free), swap 3856380k(3855740k free)

vm_info: OpenJDK 64-Bit Server VM (24.45-b08) for linux-amd64 JRE (1.7.0_51-b00), built on Jan 15 2014 22:02:57 by "buildd" with gcc 4.8.1

time: Mon Apr 21 20:25:35 2014
elapsed time: 9 seconds

