#
# A fatal error has been detected by the Java Runtime Environment:
#
#  SIGSEGV (0xb) at pc=0x00007ff3e2c95a68, pid=7251, tid=140685836637952
#
# JRE version: OpenJDK Runtime Environment (7.0_51) (build 1.7.0_51-b00)
# Java VM: OpenJDK 64-Bit Server VM (24.45-b08 mixed mode linux-amd64 compressed oops)
# Problematic frame:
# C  [libhalf_edge.so+0xa68]  he_intersection+0x50
#
# Failed to write core dump. Core dumps have been disabled. To enable core dumping, try "ulimit -c unlimited" before starting Java again
#
# If you would like to submit a bug report, please include
# instructions on how to reproduce the bug and visit:
#   http://icedtea.classpath.org/bugzilla
# The crash happened outside the Java Virtual Machine in native code.
# See problematic frame for where to report the bug.
#

---------------  T H R E A D  ---------------

Current thread (0x00007ff3f400a800):  JavaThread "main" [_thread_in_native, id=7276, stack(0x00007ff3f9315000,0x00007ff3f9516000)]

siginfo:si_signo=SIGSEGV: si_errno=0, si_code=1 (SEGV_MAPERR), si_addr=0x00000002f44ade30

Registers:
RAX=0x00000002f44ade30, RBX=0x00000000d79ae190, RCX=0xffffffffffffffff, RDX=0x00000002f44ade30
RSP=0x00007ff3f9512ef0, RBP=0x00007ff3f9512f70, RSI=0x00000002f44ade30, RDI=0x00007ff3f449af40
R8 =0x2121214848484848, R9 =0x0000000000000028, R10=0x00007ff3f9512d20, R11=0x00007ff3e2c95a18
R12=0x0000000000000000, R13=0x00000000d79ae190, R14=0x00007ff3f9513168, R15=0x00007ff3f400a800
RIP=0x00007ff3e2c95a68, EFLAGS=0x0000000000010207, CSGSFS=0x0000000000000033, ERR=0x0000000000000004
  TRAPNO=0x000000000000000e

Top of Stack: (sp=0x00007ff3f9512ef0)
0x00007ff3f9512ef0:   0000000000000005 0000000000000000
0x00007ff3f9512f00:   00000002f44ade30 00007ff3f449af40
0x00007ff3f9512f10:   0000000000000000 4028000000000000
0x00007ff3f9512f20:   4010000000000000 402c000000000000
0x00007ff3f9512f30:   00007ff3f449af40 ffffffffffffffff
0x00007ff3f9512f40:   00000002f44ade30 00000002f44ade30
0x00007ff3f9512f50:   00007ff3f449af40 2121214848484848
0x00007ff3f9512f60:   0000000000000028 00007ff3f44856a0
0x00007ff3f9512f70:   00007ff3f9512ff0 00007ff3e268c3f8
0x00007ff3f9512f80:   00007ff3f9512fb0 00007ff3f44addd0
0x00007ff3f9512f90:   00007ff3f44c93a0 00007ff3f44addf0
0x00007ff3f9512fa0:   00007ff3f44ae030 00007ff3f44b2600
0x00007ff3f9512fb0:   00007ff3f44b25d0 0000000000000000
0x00007ff3f9512fc0:   00007ff3f44c9430 00007ff3f449af40
0x00007ff3f9512fd0:   00000002f44ade30 00007ff3f44ade30
0x00007ff3f9512fe0:   00007ff3f44adf10 00007ff3f44ade80
0x00007ff3f9512ff0:   00007ff3f9513030 00007ff3e268c579
0x00007ff3f9513000:   00007ff3fb4f19f0 00007ff3f44ade30
0x00007ff3f9513010:   00007ff3f44addf0 00007ff3f44addd0
0x00007ff3f9513020:   00007ff3f44ade80 00007ff3f44c93a0
0x00007ff3f9513030:   00007ff3f9513080 00007ff3e268c63c
0x00007ff3f9513040:   00007ff3f95130b0 00007ff3f44c9690
0x00007ff3f9513050:   00007ff3f9513068 00007ff3f44ade10
0x00007ff3f9513060:   00007ff3f44adcf0 00007ff3f44ade30
0x00007ff3f9513070:   00007ff3f9513070 00000000d69ffdfd
0x00007ff3f9513080:   00007ff3f4456cd0 00007ff3e38a5cd9
0x00007ff3f9513090:   00000000d7d33aa8 00000000d79ae190
0x00007ff3f95130a0:   00007ff3f9513120 00007ff3f1012738
0x00007ff3f95130b0:   00007ff3f9513110 00007ff3f1006233
0x00007ff3f95130c0:   00000000e12126f8 00000000e1212738
0x00007ff3f95130d0:   00007ff3f95130d0 00000000d69ff00f
0x00007ff3f95130e0:   00007ff3f95130e0 0000000000000000 

Instructions: (pc=0x00007ff3e2c95a68)
0x00007ff3e2c95a48:   98 48 8b 40 08 48 8b 00 48 89 45 b0 48 8b 45 98
0x00007ff3e2c95a58:   48 8b 40 08 48 8b 40 08 48 89 45 b8 48 8b 45 90
0x00007ff3e2c95a68:   48 8b 00 48 8b 00 48 89 45 c0 48 8b 45 90 48 8b
0x00007ff3e2c95a78:   00 48 8b 40 08 48 89 45 c8 48 8b 45 90 48 8b 40 

Register to memory mapping:

RAX=0x00000002f44ade30 is an unknown value
RBX=0x00000000d79ae190 is an oop
{method} 
 - klass: {other class}
RCX=0xffffffffffffffff is an unknown value
RDX=0x00000002f44ade30 is an unknown value
RSP=0x00007ff3f9512ef0 is pointing into the stack for thread: 0x00007ff3f400a800
RBP=0x00007ff3f9512f70 is pointing into the stack for thread: 0x00007ff3f400a800
RSI=0x00000002f44ade30 is an unknown value
RDI=0x00007ff3f449af40 is an unknown value
R8 =0x2121214848484848 is an unknown value
R9 =0x0000000000000028 is an unknown value
R10=0x00007ff3f9512d20 is pointing into the stack for thread: 0x00007ff3f400a800
R11=0x00007ff3e2c95a18: he_intersection+0 in lib/libhalf_edge.so at 0x00007ff3e2c95000
R12=0x0000000000000000 is an unknown value
R13=0x00000000d79ae190 is an oop
{method} 
 - klass: {other class}
R14=0x00007ff3f9513168 is pointing into the stack for thread: 0x00007ff3f400a800
R15=0x00007ff3f400a800 is a thread


Stack: [0x00007ff3f9315000,0x00007ff3f9516000],  sp=0x00007ff3f9512ef0,  free space=2039k
Native frames: (J=compiled Java code, j=interpreted, Vv=VM code, C=native code)
C  [libhalf_edge.so+0xa68]  he_intersection+0x50
C  [libintersection.so+0x23f8]  update_intersections+0xa0
C  [libintersection.so+0x2579]  sweep+0x5d
C  [libintersection.so+0x263c]  find_intersections+0x82

Java frames: (J=compiled Java code, j=interpreted, Vv=VM code)
j  com.kenai.jffi.Foreign.invokeL1(JJJ)J+0
j  com.kenai.jffi.Invoker.invokeL1(Lcom/kenai/jffi/CallContext;JJ)J+7
j  org.jruby.ext.ffi.jffi.NativeInvoker$ffi$8.call(Lorg/jruby/runtime/ThreadContext;Lorg/jruby/runtime/builtin/IRubyObject;Lorg/jruby/RubyModule;Ljava/lang/String;Lorg/jruby/runtime/builtin/IRubyObject;)Lorg/jruby/runtime/builtin/IRubyObject;+76
j  org.jruby.runtime.callsite.CachingCallSite.cacheAndCall(Lorg/jruby/runtime/builtin/IRubyObject;Lorg/jruby/RubyClass;Lorg/jruby/runtime/ThreadContext;Lorg/jruby/runtime/builtin/IRubyObject;Lorg/jruby/runtime/builtin/IRubyObject;)Lorg/jruby/runtime/builtin/IRubyObject;+57
J  org.jruby.runtime.callsite.CachingCallSite.call(Lorg/jruby/runtime/ThreadContext;Lorg/jruby/runtime/builtin/IRubyObject;Lorg/jruby/runtime/builtin/IRubyObject;Lorg/jruby/runtime/builtin/IRubyObject;)Lorg/jruby/runtime/builtin/IRubyObject;
J  org.jruby.ast.CallOneArgNode.interpret(Lorg/jruby/Ruby;Lorg/jruby/runtime/ThreadContext;Lorg/jruby/runtime/builtin/IRubyObject;Lorg/jruby/runtime/Block;)Lorg/jruby/runtime/builtin/IRubyObject;
j  org.jruby.ast.LocalAsgnNode.interpret(Lorg/jruby/Ruby;Lorg/jruby/runtime/ThreadContext;Lorg/jruby/runtime/builtin/IRubyObject;Lorg/jruby/runtime/Block;)Lorg/jruby/runtime/builtin/IRubyObject;+30
J  org.jruby.ast.BlockNode.interpret(Lorg/jruby/Ruby;Lorg/jruby/runtime/ThreadContext;Lorg/jruby/runtime/builtin/IRubyObject;Lorg/jruby/runtime/Block;)Lorg/jruby/runtime/builtin/IRubyObject;
j  org.jruby.evaluator.ASTInterpreter.INTERPRET_METHOD(Lorg/jruby/Ruby;Lorg/jruby/runtime/ThreadContext;Ljava/lang/String;ILorg/jruby/RubyModule;Lorg/jruby/ast/Node;Ljava/lang/String;Lorg/jruby/runtime/builtin/IRubyObject;Lorg/jruby/runtime/Block;Z)Lorg/jruby/runtime/builtin/IRubyObject;+30
j  org.jruby.internal.runtime.methods.InterpretedMethod.call(Lorg/jruby/runtime/ThreadContext;Lorg/jruby/runtime/builtin/IRubyObject;Lorg/jruby/RubyModule;Ljava/lang/String;)Lorg/jruby/runtime/builtin/IRubyObject;+80
j  org.jruby.internal.runtime.methods.DefaultMethod.call(Lorg/jruby/runtime/ThreadContext;Lorg/jruby/runtime/builtin/IRubyObject;Lorg/jruby/RubyModule;Ljava/lang/String;)Lorg/jruby/runtime/builtin/IRubyObject;+20
J  org.jruby.ast.CallNoArgNode.interpret(Lorg/jruby/Ruby;Lorg/jruby/runtime/ThreadContext;Lorg/jruby/runtime/builtin/IRubyObject;Lorg/jruby/runtime/Block;)Lorg/jruby/runtime/builtin/IRubyObject;
j  org.jruby.ast.FCallTwoArgNode.interpret(Lorg/jruby/Ruby;Lorg/jruby/runtime/ThreadContext;Lorg/jruby/runtime/builtin/IRubyObject;Lorg/jruby/runtime/Block;)Lorg/jruby/runtime/builtin/IRubyObject;+28
J  org.jruby.ast.BlockNode.interpret(Lorg/jruby/Ruby;Lorg/jruby/runtime/ThreadContext;Lorg/jruby/runtime/builtin/IRubyObject;Lorg/jruby/runtime/Block;)Lorg/jruby/runtime/builtin/IRubyObject;
j  org.jruby.evaluator.ASTInterpreter.INTERPRET_METHOD(Lorg/jruby/Ruby;Lorg/jruby/runtime/ThreadContext;Ljava/lang/String;ILorg/jruby/RubyModule;Lorg/jruby/ast/Node;Ljava/lang/String;Lorg/jruby/runtime/builtin/IRubyObject;Lorg/jruby/runtime/Block;Z)Lorg/jruby/runtime/builtin/IRubyObject;+30
j  org.jruby.internal.runtime.methods.InterpretedMethod.call(Lorg/jruby/runtime/ThreadContext;Lorg/jruby/runtime/builtin/IRubyObject;Lorg/jruby/RubyModule;Ljava/lang/String;)Lorg/jruby/runtime/builtin/IRubyObject;+80
j  org.jruby.internal.runtime.methods.DefaultMethod.call(Lorg/jruby/runtime/ThreadContext;Lorg/jruby/runtime/builtin/IRubyObject;Lorg/jruby/RubyModule;Ljava/lang/String;)Lorg/jruby/runtime/builtin/IRubyObject;+20
j  org.jruby.runtime.callsite.CachingCallSite.cacheAndCall(Lorg/jruby/runtime/builtin/IRubyObject;Lorg/jruby/RubyClass;Lorg/jruby/runtime/ThreadContext;Lorg/jruby/runtime/builtin/IRubyObject;)Lorg/jruby/runtime/builtin/IRubyObject;+53
j  org.jruby.runtime.callsite.CachingCallSite.call(Lorg/jruby/runtime/ThreadContext;Lorg/jruby/runtime/builtin/IRubyObject;Lorg/jruby/runtime/builtin/IRubyObject;)Lorg/jruby/runtime/builtin/IRubyObject;+46
j  Makefile.method__3$RUBY$test(LMakefile;Lorg/jruby/runtime/ThreadContext;Lorg/jruby/runtime/builtin/IRubyObject;Lorg/jruby/runtime/Block;)Lorg/jruby/runtime/builtin/IRubyObject;+130
j  Makefile$method__3$RUBY$test.call(Lorg/jruby/runtime/ThreadContext;Lorg/jruby/runtime/builtin/IRubyObject;Lorg/jruby/RubyModule;Ljava/lang/String;Lorg/jruby/runtime/Block;)Lorg/jruby/runtime/builtin/IRubyObject;+17
j  org.jruby.RubyClass.finvoke(Lorg/jruby/runtime/ThreadContext;Lorg/jruby/runtime/builtin/IRubyObject;Ljava/lang/String;Lorg/jruby/runtime/Block;)Lorg/jruby/runtime/builtin/IRubyObject;+41
j  org.jruby.RubyBasicObject.send19(Lorg/jruby/runtime/ThreadContext;Lorg/jruby/runtime/builtin/IRubyObject;Lorg/jruby/runtime/Block;)Lorg/jruby/runtime/builtin/IRubyObject;+15
j  org.jruby.RubyKernel.send19(Lorg/jruby/runtime/ThreadContext;Lorg/jruby/runtime/builtin/IRubyObject;Lorg/jruby/runtime/builtin/IRubyObject;Lorg/jruby/runtime/Block;)Lorg/jruby/runtime/builtin/IRubyObject;+7
j  org.jruby.RubyKernel$INVOKER$s$send19.call(Lorg/jruby/runtime/ThreadContext;Lorg/jruby/runtime/builtin/IRubyObject;Lorg/jruby/RubyModule;Ljava/lang/String;Lorg/jruby/runtime/builtin/IRubyObject;Lorg/jruby/runtime/Block;)Lorg/jruby/runtime/builtin/IRubyObject;+6
j  org.jruby.internal.runtime.methods.JavaMethod$JavaMethodOneOrNBlock.call(Lorg/jruby/runtime/ThreadContext;Lorg/jruby/runtime/builtin/IRubyObject;Lorg/jruby/RubyModule;Ljava/lang/String;Lorg/jruby/runtime/builtin/IRubyObject;)Lorg/jruby/runtime/builtin/IRubyObject;+11
j  org.jruby.runtime.callsite.CachingCallSite.call(Lorg/jruby/runtime/ThreadContext;Lorg/jruby/runtime/builtin/IRubyObject;Lorg/jruby/runtime/builtin/IRubyObject;Lorg/jruby/runtime/builtin/IRubyObject;)Lorg/jruby/runtime/builtin/IRubyObject;+38
j  Makefile.block_7$RUBY$__file__(LMakefile;Lorg/jruby/runtime/ThreadContext;Lorg/jruby/runtime/builtin/IRubyObject;[Lorg/jruby/runtime/builtin/IRubyObject;Lorg/jruby/runtime/Block;)Lorg/jruby/runtime/builtin/IRubyObject;+46
j  Makefile$block_7$RUBY$__file__.call(Lorg/jruby/runtime/ThreadContext;Lorg/jruby/runtime/builtin/IRubyObject;[Lorg/jruby/runtime/builtin/IRubyObject;Lorg/jruby/runtime/Block;)Lorg/jruby/runtime/builtin/IRubyObject;+9
j  org.jruby.runtime.CompiledBlock19.yield(Lorg/jruby/runtime/ThreadContext;Lorg/jruby/runtime/builtin/IRubyObject;Lorg/jruby/runtime/Binding;Lorg/jruby/runtime/Block$Type;)Lorg/jruby/runtime/builtin/IRubyObject;+52
j  org.jruby.runtime.Block.yield(Lorg/jruby/runtime/ThreadContext;Lorg/jruby/runtime/builtin/IRubyObject;)Lorg/jruby/runtime/builtin/IRubyObject;+14
j  org.jruby.RubyArray.eachCommon(Lorg/jruby/runtime/ThreadContext;Lorg/jruby/runtime/Block;)Lorg/jruby/runtime/builtin/IRubyObject;+41
j  org.jruby.RubyArray.each(Lorg/jruby/runtime/ThreadContext;Lorg/jruby/runtime/Block;)Lorg/jruby/runtime/builtin/IRubyObject;+10
j  org.jruby.RubyArray$INVOKER$i$0$0$each.call(Lorg/jruby/runtime/ThreadContext;Lorg/jruby/runtime/builtin/IRubyObject;Lorg/jruby/RubyModule;Ljava/lang/String;Lorg/jruby/runtime/Block;)Lorg/jruby/runtime/builtin/IRubyObject;+7
j  org.jruby.runtime.callsite.CachingCallSite.cacheAndCall(Lorg/jruby/runtime/builtin/IRubyObject;Lorg/jruby/RubyClass;Lorg/jruby/runtime/Block;Lorg/jruby/runtime/ThreadContext;Lorg/jruby/runtime/builtin/IRubyObject;)Lorg/jruby/runtime/builtin/IRubyObject;+57
j  org.jruby.runtime.callsite.CachingCallSite.callBlock(Lorg/jruby/runtime/ThreadContext;Lorg/jruby/runtime/builtin/IRubyObject;Lorg/jruby/runtime/builtin/IRubyObject;Lorg/jruby/runtime/Block;)Lorg/jruby/runtime/builtin/IRubyObject;+50
j  org.jruby.runtime.callsite.CachingCallSite.callIter(Lorg/jruby/runtime/ThreadContext;Lorg/jruby/runtime/builtin/IRubyObject;Lorg/jruby/runtime/builtin/IRubyObject;Lorg/jruby/runtime/Block;)Lorg/jruby/runtime/builtin/IRubyObject;+6
j  Makefile.__file__(LMakefile;Lorg/jruby/runtime/ThreadContext;Lorg/jruby/runtime/builtin/IRubyObject;[Lorg/jruby/runtime/builtin/IRubyObject;Lorg/jruby/runtime/Block;)Lorg/jruby/runtime/builtin/IRubyObject;+938
j  Makefile.load(Lorg/jruby/runtime/ThreadContext;Lorg/jruby/runtime/builtin/IRubyObject;Z)Lorg/jruby/runtime/builtin/IRubyObject;+22
j  org.jruby.Ruby.runScript(Lorg/jruby/ast/executable/Script;Z)Lorg/jruby/runtime/builtin/IRubyObject;+12
j  org.jruby.Ruby.runScript(Lorg/jruby/ast/executable/Script;)Lorg/jruby/runtime/builtin/IRubyObject;+3
j  org.jruby.Ruby.runNormally(Lorg/jruby/ast/Node;)Lorg/jruby/runtime/builtin/IRubyObject;+73
j  org.jruby.Ruby.runFromMain(Ljava/io/InputStream;Ljava/lang/String;)V+320
j  org.jruby.Main.doRunFromMain(Lorg/jruby/Ruby;Ljava/io/InputStream;Ljava/lang/String;)Lorg/jruby/Main$Status;+12
j  org.jruby.Main.internalRun()Lorg/jruby/Main$Status;+234
j  org.jruby.Main.run([Ljava/lang/String;)Lorg/jruby/Main$Status;+9
j  org.jruby.Main.main([Ljava/lang/String;)V+35
v  ~StubRoutines::call_stub

---------------  P R O C E S S  ---------------

Java Threads: ( => current thread )
  0x00007ff3f4287000 JavaThread "JRubyJIT-2" daemon [_thread_blocked, id=7412, stack(0x00007ff3e329b000,0x00007ff3e349c000)]
  0x00007ff3f437a000 JavaThread "process reaper" daemon [_thread_blocked, id=7292, stack(0x00007ff3f000a000,0x00007ff3f0043000)]
  0x00007ff3f4468800 JavaThread "JRubyJIT-1" daemon [_thread_blocked, id=7289, stack(0x00007ff3e369d000,0x00007ff3e389e000)]
  0x00007ff3f40ae000 JavaThread "Service Thread" daemon [_thread_blocked, id=7287, stack(0x00007ff3e9427000,0x00007ff3e9628000)]
  0x00007ff3f40ab800 JavaThread "C2 CompilerThread1" daemon [_thread_in_native, id=7286, stack(0x00007ff3e9628000,0x00007ff3e9729000)]
  0x00007ff3f40a8800 JavaThread "C2 CompilerThread0" daemon [_thread_in_native, id=7285, stack(0x00007ff3e9729000,0x00007ff3e982a000)]
  0x00007ff3f40a6800 JavaThread "Signal Dispatcher" daemon [_thread_blocked, id=7284, stack(0x00007ff3e982a000,0x00007ff3e9a2b000)]
  0x00007ff3f4082800 JavaThread "Finalizer" daemon [_thread_blocked, id=7283, stack(0x00007ff3e9e25000,0x00007ff3ea026000)]
  0x00007ff3f4080800 JavaThread "Reference Handler" daemon [_thread_blocked, id=7282, stack(0x00007ff3ea026000,0x00007ff3ea227000)]
=>0x00007ff3f400a800 JavaThread "main" [_thread_in_native, id=7276, stack(0x00007ff3f9315000,0x00007ff3f9516000)]

Other Threads:
  0x00007ff3f407c800 VMThread [stack: 0x00007ff3ea227000,0x00007ff3ea328000] [id=7281]
  0x00007ff3f40b8800 WatcherThread [stack: 0x00007ff3e9326000,0x00007ff3e9427000] [id=7288]

VM state:not at safepoint (normal execution)

VM Mutex/Monitor currently owned by a thread: None

Heap
 PSYoungGen      total 32768K, used 5138K [0x00000000f5900000, 0x00000000f9900000, 0x0000000100000000)
  eden space 30720K, 10% used [0x00000000f5900000,0x00000000f5c0c8b8,0x00000000f7700000)
  from space 2048K, 98% used [0x00000000f7700000,0x00000000f78f8020,0x00000000f7900000)
  to   space 2048K, 0% used [0x00000000f9700000,0x00000000f9700000,0x00000000f9900000)
 ParOldGen       total 38400K, used 8988K [0x00000000e0c00000, 0x00000000e3180000, 0x00000000f5900000)
  object space 38400K, 23% used [0x00000000e0c00000,0x00000000e14c7348,0x00000000e3180000)
 PSPermGen       total 25600K, used 25474K [0x00000000d6600000, 0x00000000d7f00000, 0x00000000e0c00000)
  object space 25600K, 99% used [0x00000000d6600000,0x00000000d7ee0870,0x00000000d7f00000)

Card table byte_map: [0x00007ff3f813b000,0x00007ff3f8289000] byte_map_base: 0x00007ff3f7a88000

Polling page: 0x00007ff3fb923000

Code Cache  [0x00007ff3f1000000, 0x00007ff3f1270000, 0x00007ff3f4000000)
 total_blobs=942 nmethods=463 adapters=433 free_code_cache=47658Kb largest_free_block=48769152

Compilation events (10 events):
Event: 9,522 Thread 0x00007ff3f40ab800 nmethod 494 0x00007ff3f1178c10 code [0x00007ff3f1178d60, 0x00007ff3f1178e58]
Event: 9,522 Thread 0x00007ff3f40ab800  496             org.jruby.ext.ffi.jffi.JITRuntime::newPointer64 (19 bytes)
Event: 9,523 Thread 0x00007ff3f40a8800 nmethod 495 0x00007ff3f1172f10 code [0x00007ff3f1173040, 0x00007ff3f11730b8]
Event: 9,523 Thread 0x00007ff3f40a8800  497             org.jruby.RubyClass::getVariableTableManager (5 bytes)
Event: 9,523 Thread 0x00007ff3f40a8800 nmethod 497 0x00007ff3f1175510 code [0x00007ff3f1175640, 0x00007ff3f1175698]
Event: 9,524 Thread 0x00007ff3f40a8800  498             org.jruby.runtime.callsite.CachingCallSite::callBlock (58 bytes)
Event: 9,536 Thread 0x00007ff3f40ab800 nmethod 496 0x00007ff3f117a550 code [0x00007ff3f117a6c0, 0x00007ff3f117a938]
Event: 9,536 Thread 0x00007ff3f40ab800  499             org.jruby.ext.ffi.MemoryIO::<init> (15 bytes)
Event: 9,538 Thread 0x00007ff3f40ab800 nmethod 499 0x00007ff3f117be10 code [0x00007ff3f117bf40, 0x00007ff3f117bf98]
Event: 9,538 Thread 0x00007ff3f40ab800  500             org.jruby.runtime.callsite.CachingCallSite::call (12 bytes)

GC Heap History (6 events):
Event: 3,342 GC heap before
{Heap before GC invocations=1 (full 0):
 PSYoungGen      total 17408K, used 15360K [0x00000000f5900000, 0x00000000f6c00000, 0x0000000100000000)
  eden space 15360K, 100% used [0x00000000f5900000,0x00000000f6800000,0x00000000f6800000)
  from space 2048K, 0% used [0x00000000f6a00000,0x00000000f6a00000,0x00000000f6c00000)
  to   space 2048K, 0% used [0x00000000f6800000,0x00000000f6800000,0x00000000f6a00000)
 ParOldGen       total 38400K, used 0K [0x00000000e0c00000, 0x00000000e3180000, 0x00000000f5900000)
  object space 38400K, 0% used [0x00000000e0c00000,0x00000000e0c00000,0x00000000e3180000)
 PSPermGen       total 21504K, used 18949K [0x00000000d6600000, 0x00000000d7b00000, 0x00000000e0c00000)
  object space 21504K, 88% used [0x00000000d6600000,0x00000000d78816e8,0x00000000d7b00000)
Event: 3,383 GC heap after
Heap after GC invocations=1 (full 0):
 PSYoungGen      total 17408K, used 2034K [0x00000000f5900000, 0x00000000f7b00000, 0x0000000100000000)
  eden space 15360K, 0% used [0x00000000f5900000,0x00000000f5900000,0x00000000f6800000)
  from space 2048K, 99% used [0x00000000f6800000,0x00000000f69fca90,0x00000000f6a00000)
  to   space 2048K, 0% used [0x00000000f7900000,0x00000000f7900000,0x00000000f7b00000)
 ParOldGen       total 38400K, used 3776K [0x00000000e0c00000, 0x00000000e3180000, 0x00000000f5900000)
  object space 38400K, 9% used [0x00000000e0c00000,0x00000000e0fb02a8,0x00000000e3180000)
 PSPermGen       total 21504K, used 18949K [0x00000000d6600000, 0x00000000d7b00000, 0x00000000e0c00000)
  object space 21504K, 88% used [0x00000000d6600000,0x00000000d78816e8,0x00000000d7b00000)
}
Event: 5,624 GC heap before
{Heap before GC invocations=2 (full 0):
 PSYoungGen      total 17408K, used 17394K [0x00000000f5900000, 0x00000000f7b00000, 0x0000000100000000)
  eden space 15360K, 100% used [0x00000000f5900000,0x00000000f6800000,0x00000000f6800000)
  from space 2048K, 99% used [0x00000000f6800000,0x00000000f69fca90,0x00000000f6a00000)
  to   space 2048K, 0% used [0x00000000f7900000,0x00000000f7900000,0x00000000f7b00000)
 ParOldGen       total 38400K, used 3776K [0x00000000e0c00000, 0x00000000e3180000, 0x00000000f5900000)
  object space 38400K, 9% used [0x00000000e0c00000,0x00000000e0fb02a8,0x00000000e3180000)
 PSPermGen       total 23552K, used 23439K [0x00000000d6600000, 0x00000000d7d00000, 0x00000000e0c00000)
  object space 23552K, 99% used [0x00000000d6600000,0x00000000d7ce3c08,0x00000000d7d00000)
Event: 5,672 GC heap after
Heap after GC invocations=2 (full 0):
 PSYoungGen      total 32768K, used 2016K [0x00000000f5900000, 0x00000000f7b00000, 0x0000000100000000)
  eden space 30720K, 0% used [0x00000000f5900000,0x00000000f5900000,0x00000000f7700000)
  from space 2048K, 98% used [0x00000000f7900000,0x00000000f7af8020,0x00000000f7b00000)
  to   space 2048K, 0% used [0x00000000f7700000,0x00000000f7700000,0x00000000f7900000)
 ParOldGen       total 38400K, used 5902K [0x00000000e0c00000, 0x00000000e3180000, 0x00000000f5900000)
  object space 38400K, 15% used [0x00000000e0c00000,0x00000000e11c3b80,0x00000000e3180000)
 PSPermGen       total 23552K, used 23439K [0x00000000d6600000, 0x00000000d7d00000, 0x00000000e0c00000)
  object space 23552K, 99% used [0x00000000d6600000,0x00000000d7ce3c08,0x00000000d7d00000)
}
Event: 9,328 GC heap before
{Heap before GC invocations=3 (full 0):
 PSYoungGen      total 32768K, used 32736K [0x00000000f5900000, 0x00000000f7b00000, 0x0000000100000000)
  eden space 30720K, 100% used [0x00000000f5900000,0x00000000f7700000,0x00000000f7700000)
  from space 2048K, 98% used [0x00000000f7900000,0x00000000f7af8020,0x00000000f7b00000)
  to   space 2048K, 0% used [0x00000000f7700000,0x00000000f7700000,0x00000000f7900000)
 ParOldGen       total 38400K, used 5902K [0x00000000e0c00000, 0x00000000e3180000, 0x00000000f5900000)
  object space 38400K, 15% used [0x00000000e0c00000,0x00000000e11c3b80,0x00000000e3180000)
 PSPermGen       total 25600K, used 25467K [0x00000000d6600000, 0x00000000d7f00000, 0x00000000e0c00000)
  object space 25600K, 99% used [0x00000000d6600000,0x00000000d7edec78,0x00000000d7f00000)
Event: 9,359 GC heap after
Heap after GC invocations=3 (full 0):
 PSYoungGen      total 32768K, used 2016K [0x00000000f5900000, 0x00000000f9900000, 0x0000000100000000)
  eden space 30720K, 0% used [0x00000000f5900000,0x00000000f5900000,0x00000000f7700000)
  from space 2048K, 98% used [0x00000000f7700000,0x00000000f78f8020,0x00000000f7900000)
  to   space 2048K, 0% used [0x00000000f9700000,0x00000000f9700000,0x00000000f9900000)
 ParOldGen       total 38400K, used 8988K [0x00000000e0c00000, 0x00000000e3180000, 0x00000000f5900000)
  object space 38400K, 23% used [0x00000000e0c00000,0x00000000e14c7348,0x00000000e3180000)
 PSPermGen       total 25600K, used 25467K [0x00000000d6600000, 0x00000000d7f00000, 0x00000000e0c00000)
  object space 25600K, 99% used [0x00000000d6600000,0x00000000d7edec78,0x00000000d7f00000)
}

Deoptimization events (10 events):
Event: 9,517 Thread 0x00007ff3f400a800 Uncommon trap: reason=class_check action=maybe_recompile pc=0x00007ff3f10a5bf8 method=org.jruby.RubyArray.compare(Lorg/jruby/runtime/ThreadContext;Lorg/jruby/runtime/invokedynamic/MethodNames;Lorg/jruby/runtime/builtin/IRubyObject;)Lorg/jruby/RubyBoolean;
Event: 9,524 Thread 0x00007ff3f400a800 Uncommon trap: reason=class_check action=maybe_recompile pc=0x00007ff3f1170884 method=org.jruby.ext.ffi.StructByReference.to_native(Lorg/jruby/runtime/ThreadContext;Lorg/jruby/runtime/builtin/IRubyObject;Lorg/jruby/runtime/builtin/IRubyObject;)Lorg/jruby/
Event: 9,527 Thread 0x00007ff3f400a800 Uncommon trap: reason=bimorphic action=maybe_recompile pc=0x00007ff3f1173e48 method=org.jruby.RubyClass.allocate()Lorg/jruby/runtime/builtin/IRubyObject; @ 54
Event: 9,527 Thread 0x00007ff3f400a800 Uncommon trap: reason=bimorphic action=maybe_recompile pc=0x00007ff3f1173e48 method=org.jruby.RubyClass.allocate()Lorg/jruby/runtime/builtin/IRubyObject; @ 54
Event: 9,527 Thread 0x00007ff3f400a800 Uncommon trap: reason=class_check action=maybe_recompile pc=0x00007ff3f11710a4 method=org.jruby.runtime.ivars.VariableAccessor.get(Ljava/lang/Object;)Ljava/lang/Object; @ 1
Event: 9,527 Thread 0x00007ff3f400a800 Uncommon trap: reason=class_check action=maybe_recompile pc=0x00007ff3f11710a4 method=org.jruby.runtime.ivars.VariableAccessor.get(Ljava/lang/Object;)Ljava/lang/Object; @ 1
Event: 9,528 Thread 0x00007ff3f400a800 Uncommon trap: reason=class_check action=maybe_recompile pc=0x00007ff3f11710a4 method=org.jruby.runtime.ivars.VariableAccessor.get(Ljava/lang/Object;)Ljava/lang/Object; @ 1
Event: 9,528 Thread 0x00007ff3f400a800 Uncommon trap: reason=class_check action=maybe_recompile pc=0x00007ff3f11710a4 method=org.jruby.runtime.ivars.VariableAccessor.get(Ljava/lang/Object;)Ljava/lang/Object; @ 1
Event: 9,528 Thread 0x00007ff3f400a800 Uncommon trap: reason=bimorphic action=maybe_recompile pc=0x00007ff3f1173e48 method=org.jruby.RubyClass.allocate()Lorg/jruby/runtime/builtin/IRubyObject; @ 54
Event: 9,529 Thread 0x00007ff3f400a800 Uncommon trap: reason=bimorphic action=maybe_recompile pc=0x00007ff3f1173e48 method=org.jruby.RubyClass.allocate()Lorg/jruby/runtime/builtin/IRubyObject; @ 54

Internal exceptions (10 events):
Event: 8,371 Thread 0x00007ff3f400a800 Threw 0x00000000f7145cb8 at /build/buildd/openjdk-7-7u51-2.4.4/build/openjdk/hotspot/src/share/vm/prims/jvm.cpp:1244
Event: 8,371 Thread 0x00007ff3f400a800 Threw 0x00000000f7146768 at /build/buildd/openjdk-7-7u51-2.4.4/build/openjdk/hotspot/src/share/vm/prims/jvm.cpp:1244
Event: 8,375 Thread 0x00007ff3f400a800 Threw 0x00000000f71522d8 at /build/buildd/openjdk-7-7u51-2.4.4/build/openjdk/hotspot/src/share/vm/prims/jvm.cpp:1244
Event: 8,375 Thread 0x00007ff3f400a800 Threw 0x00000000f7154398 at /build/buildd/openjdk-7-7u51-2.4.4/build/openjdk/hotspot/src/share/vm/prims/jvm.cpp:1244
Event: 8,375 Thread 0x00007ff3f400a800 Threw 0x00000000f7154e48 at /build/buildd/openjdk-7-7u51-2.4.4/build/openjdk/hotspot/src/share/vm/prims/jvm.cpp:1244
Event: 8,376 Thread 0x00007ff3f400a800 Threw 0x00000000f7156ce8 at /build/buildd/openjdk-7-7u51-2.4.4/build/openjdk/hotspot/src/share/vm/prims/jvm.cpp:1244
Event: 8,376 Thread 0x00007ff3f400a800 Threw 0x00000000f7158da8 at /build/buildd/openjdk-7-7u51-2.4.4/build/openjdk/hotspot/src/share/vm/prims/jvm.cpp:1244
Event: 8,376 Thread 0x00007ff3f400a800 Threw 0x00000000f7159858 at /build/buildd/openjdk-7-7u51-2.4.4/build/openjdk/hotspot/src/share/vm/prims/jvm.cpp:1244
Event: 9,544 Thread 0x00007ff3f4468800 Threw 0x00000000f5bd9328 at /build/buildd/openjdk-7-7u51-2.4.4/build/openjdk/hotspot/src/share/vm/prims/jvm.cpp:1244
Event: 9,545 Thread 0x00007ff3f4468800 Threw 0x00000000f5bdad40 at /build/buildd/openjdk-7-7u51-2.4.4/build/openjdk/hotspot/src/share/vm/prims/jvm.cpp:1244

Events (10 events):
Event: 9,528 Thread 0x00007ff3f400a800 DEOPT PACKING pc=0x00007ff3f11710a4 sp=0x00007ff3f9512310
Event: 9,528 Thread 0x00007ff3f400a800 DEOPT UNPACKING pc=0x00007ff3f1039045 sp=0x00007ff3f95122d8 mode 2
Event: 9,528 Thread 0x00007ff3f400a800 Uncommon trap: trap_request=0xffffffc6 fr.pc=0x00007ff3f1173e48
Event: 9,528 Thread 0x00007ff3f400a800 DEOPT PACKING pc=0x00007ff3f1173e48 sp=0x00007ff3f9512700
Event: 9,528 Thread 0x00007ff3f400a800 DEOPT UNPACKING pc=0x00007ff3f1039045 sp=0x00007ff3f95126f0 mode 2
Event: 9,529 Thread 0x00007ff3f400a800 Uncommon trap: trap_request=0xffffffc6 fr.pc=0x00007ff3f1173e48
Event: 9,529 Thread 0x00007ff3f400a800 DEOPT PACKING pc=0x00007ff3f1173e48 sp=0x00007ff3f9512700
Event: 9,529 Thread 0x00007ff3f400a800 DEOPT UNPACKING pc=0x00007ff3f1039045 sp=0x00007ff3f95126f0 mode 2
Event: 9,544 loading class 0x00007ff3b800b590
Event: 9,544 loading class 0x00007ff3b800b590 done


Dynamic libraries:
00400000-00401000 r-xp 00000000 08:01 15861394                           /usr/lib/jvm/java-7-openjdk-amd64/jre/bin/java
00600000-00601000 r--p 00000000 08:01 15861394                           /usr/lib/jvm/java-7-openjdk-amd64/jre/bin/java
00601000-00602000 rw-p 00001000 08:01 15861394                           /usr/lib/jvm/java-7-openjdk-amd64/jre/bin/java
00ffd000-0101e000 rw-p 00000000 00:00 0                                  [heap]
d6600000-d7f00000 rw-p 00000000 00:00 0 
d7f00000-e0c00000 rw-p 00000000 00:00 0 
e0c00000-e3180000 rw-p 00000000 00:00 0 
e3180000-f5900000 rw-p 00000000 00:00 0 
f5900000-f9900000 rw-p 00000000 00:00 0 
f9900000-100000000 rw-p 00000000 00:00 0 
7ff3a4000000-7ff3a4021000 rw-p 00000000 00:00 0 
7ff3a4021000-7ff3a8000000 ---p 00000000 00:00 0 
7ff3a8000000-7ff3a8021000 rw-p 00000000 00:00 0 
7ff3a8021000-7ff3ac000000 ---p 00000000 00:00 0 
7ff3ac000000-7ff3ac021000 rw-p 00000000 00:00 0 
7ff3ac021000-7ff3b0000000 ---p 00000000 00:00 0 
7ff3b0000000-7ff3b0021000 rw-p 00000000 00:00 0 
7ff3b0021000-7ff3b4000000 ---p 00000000 00:00 0 
7ff3b4000000-7ff3b4021000 rw-p 00000000 00:00 0 
7ff3b4021000-7ff3b8000000 ---p 00000000 00:00 0 
7ff3b8000000-7ff3b8027000 rw-p 00000000 00:00 0 
7ff3b8027000-7ff3bc000000 ---p 00000000 00:00 0 
7ff3bc000000-7ff3bcc7a000 rw-p 00000000 00:00 0 
7ff3bcc7a000-7ff3c0000000 ---p 00000000 00:00 0 
7ff3c0000000-7ff3c0021000 rw-p 00000000 00:00 0 
7ff3c0021000-7ff3c4000000 ---p 00000000 00:00 0 
7ff3c4000000-7ff3c4021000 rw-p 00000000 00:00 0 
7ff3c4021000-7ff3c8000000 ---p 00000000 00:00 0 
7ff3c8000000-7ff3c8bb1000 rw-p 00000000 00:00 0 
7ff3c8bb1000-7ff3cc000000 ---p 00000000 00:00 0 
7ff3cc000000-7ff3cc021000 rw-p 00000000 00:00 0 
7ff3cc021000-7ff3d0000000 ---p 00000000 00:00 0 
7ff3d0000000-7ff3d0021000 rw-p 00000000 00:00 0 
7ff3d0021000-7ff3d4000000 ---p 00000000 00:00 0 
7ff3d4000000-7ff3d4021000 rw-p 00000000 00:00 0 
7ff3d4021000-7ff3d8000000 ---p 00000000 00:00 0 
7ff3d8000000-7ff3d8041000 rw-p 00000000 00:00 0 
7ff3d8041000-7ff3dc000000 ---p 00000000 00:00 0 
7ff3dc000000-7ff3dc021000 rw-p 00000000 00:00 0 
7ff3dc021000-7ff3e0000000 ---p 00000000 00:00 0 
7ff3e268a000-7ff3e268d000 r-xp 00000000 08:01 13894194                   /home/alex/Documents/8vo_Semestre/Geometría Computacional/Lab/practica02p1/src/lib/libintersection.so
7ff3e268d000-7ff3e288c000 ---p 00003000 08:01 13894194                   /home/alex/Documents/8vo_Semestre/Geometría Computacional/Lab/practica02p1/src/lib/libintersection.so
7ff3e288c000-7ff3e288d000 r--p 00002000 08:01 13894194                   /home/alex/Documents/8vo_Semestre/Geometría Computacional/Lab/practica02p1/src/lib/libintersection.so
7ff3e288d000-7ff3e288e000 rw-p 00003000 08:01 13894194                   /home/alex/Documents/8vo_Semestre/Geometría Computacional/Lab/practica02p1/src/lib/libintersection.so
7ff3e288e000-7ff3e2891000 r-xp 00000000 08:01 13893852                   /home/alex/Documents/8vo_Semestre/Geometría Computacional/Lab/practica02p1/src/lib/librb_tree.so
7ff3e2891000-7ff3e2a90000 ---p 00003000 08:01 13893852                   /home/alex/Documents/8vo_Semestre/Geometría Computacional/Lab/practica02p1/src/lib/librb_tree.so
7ff3e2a90000-7ff3e2a91000 r--p 00002000 08:01 13893852                   /home/alex/Documents/8vo_Semestre/Geometría Computacional/Lab/practica02p1/src/lib/librb_tree.so
7ff3e2a91000-7ff3e2a92000 rw-p 00003000 08:01 13893852                   /home/alex/Documents/8vo_Semestre/Geometría Computacional/Lab/practica02p1/src/lib/librb_tree.so
7ff3e2a92000-7ff3e2a94000 r-xp 00000000 08:01 13893851                   /home/alex/Documents/8vo_Semestre/Geometría Computacional/Lab/practica02p1/src/lib/libdouble_linked_list.so
7ff3e2a94000-7ff3e2c93000 ---p 00002000 08:01 13893851                   /home/alex/Documents/8vo_Semestre/Geometría Computacional/Lab/practica02p1/src/lib/libdouble_linked_list.so
7ff3e2c93000-7ff3e2c94000 r--p 00001000 08:01 13893851                   /home/alex/Documents/8vo_Semestre/Geometría Computacional/Lab/practica02p1/src/lib/libdouble_linked_list.so
7ff3e2c94000-7ff3e2c95000 rw-p 00002000 08:01 13893851                   /home/alex/Documents/8vo_Semestre/Geometría Computacional/Lab/practica02p1/src/lib/libdouble_linked_list.so
7ff3e2c95000-7ff3e2c96000 r-xp 00000000 08:01 13893849                   /home/alex/Documents/8vo_Semestre/Geometría Computacional/Lab/practica02p1/src/lib/libhalf_edge.so
7ff3e2c96000-7ff3e2e96000 ---p 00001000 08:01 13893849                   /home/alex/Documents/8vo_Semestre/Geometría Computacional/Lab/practica02p1/src/lib/libhalf_edge.so
7ff3e2e96000-7ff3e2e97000 r--p 00001000 08:01 13893849                   /home/alex/Documents/8vo_Semestre/Geometría Computacional/Lab/practica02p1/src/lib/libhalf_edge.so
7ff3e2e97000-7ff3e2e98000 rw-p 00002000 08:01 13893849                   /home/alex/Documents/8vo_Semestre/Geometría Computacional/Lab/practica02p1/src/lib/libhalf_edge.so
7ff3e2e98000-7ff3e2e99000 r-xp 00000000 08:01 13893835                   /home/alex/Documents/8vo_Semestre/Geometría Computacional/Lab/practica02p1/src/lib/lib2d_points.so
7ff3e2e99000-7ff3e3098000 ---p 00001000 08:01 13893835                   /home/alex/Documents/8vo_Semestre/Geometría Computacional/Lab/practica02p1/src/lib/lib2d_points.so
7ff3e3098000-7ff3e3099000 r--p 00000000 08:01 13893835                   /home/alex/Documents/8vo_Semestre/Geometría Computacional/Lab/practica02p1/src/lib/lib2d_points.so
7ff3e3099000-7ff3e309a000 rw-p 00001000 08:01 13893835                   /home/alex/Documents/8vo_Semestre/Geometría Computacional/Lab/practica02p1/src/lib/lib2d_points.so
7ff3e309a000-7ff3e309d000 ---p 00000000 00:00 0 
7ff3e309d000-7ff3e329b000 rw-p 00000000 00:00 0 
7ff3e329b000-7ff3e329e000 ---p 00000000 00:00 0 
7ff3e329e000-7ff3e349c000 rw-p 00000000 00:00 0                          [stack:7412]
7ff3e349c000-7ff3e349f000 ---p 00000000 00:00 0 
7ff3e349f000-7ff3e369d000 rw-p 00000000 00:00 0 
7ff3e369d000-7ff3e36a0000 ---p 00000000 00:00 0 
7ff3e36a0000-7ff3e389e000 rw-p 00000000 00:00 0                          [stack:7289]
7ff3e389e000-7ff3e38b0000 r-xp 00000000 08:01 12059135                   /home/alex/.rbenv/versions/jruby-1.7.10/lib/jni/x86_64-Linux/libjffi-1.2.so
7ff3e38b0000-7ff3e3aaf000 ---p 00012000 08:01 12059135                   /home/alex/.rbenv/versions/jruby-1.7.10/lib/jni/x86_64-Linux/libjffi-1.2.so
7ff3e3aaf000-7ff3e3ab0000 rw-p 00011000 08:01 12059135                   /home/alex/.rbenv/versions/jruby-1.7.10/lib/jni/x86_64-Linux/libjffi-1.2.so
7ff3e3baf000-7ff3e3bbf000 r-xp 00000000 08:01 15861288                   /usr/lib/jvm/java-7-openjdk-amd64/jre/lib/amd64/libnio.so
7ff3e3bbf000-7ff3e3dbf000 ---p 00010000 08:01 15861288                   /usr/lib/jvm/java-7-openjdk-amd64/jre/lib/amd64/libnio.so
7ff3e3dbf000-7ff3e3dc0000 r--p 00010000 08:01 15861288                   /usr/lib/jvm/java-7-openjdk-amd64/jre/lib/amd64/libnio.so
7ff3e3dc0000-7ff3e3dc1000 rw-p 00011000 08:01 15861288                   /usr/lib/jvm/java-7-openjdk-amd64/jre/lib/amd64/libnio.so
7ff3e3dc1000-7ff3e3dfe000 r-xp 00000000 08:01 8130434                    /lib/x86_64-linux-gnu/libpcre.so.3.13.1
7ff3e3dfe000-7ff3e3ffe000 ---p 0003d000 08:01 8130434                    /lib/x86_64-linux-gnu/libpcre.so.3.13.1
7ff3e3ffe000-7ff3e3fff000 r--p 0003d000 08:01 8130434                    /lib/x86_64-linux-gnu/libpcre.so.3.13.1
7ff3e3fff000-7ff3e4000000 rw-p 0003e000 08:01 8130434                    /lib/x86_64-linux-gnu/libpcre.so.3.13.1
7ff3e4000000-7ff3e4021000 rw-p 00000000 00:00 0 
7ff3e4021000-7ff3e8000000 ---p 00000000 00:00 0 
7ff3e8012000-7ff3e8019000 r-xp 00000000 08:01 15735894                   /usr/lib/x86_64-linux-gnu/libffi.so.6.0.1
7ff3e8019000-7ff3e8218000 ---p 00007000 08:01 15735894                   /usr/lib/x86_64-linux-gnu/libffi.so.6.0.1
7ff3e8218000-7ff3e8219000 r--p 00006000 08:01 15735894                   /usr/lib/x86_64-linux-gnu/libffi.so.6.0.1
7ff3e8219000-7ff3e821a000 rw-p 00007000 08:01 15735894                   /usr/lib/x86_64-linux-gnu/libffi.so.6.0.1
7ff3e821a000-7ff3e8230000 r-xp 00000000 08:01 8130457                    /lib/x86_64-linux-gnu/libresolv-2.17.so
7ff3e8230000-7ff3e8430000 ---p 00016000 08:01 8130457                    /lib/x86_64-linux-gnu/libresolv-2.17.so
7ff3e8430000-7ff3e8431000 r--p 00016000 08:01 8130457                    /lib/x86_64-linux-gnu/libresolv-2.17.so
7ff3e8431000-7ff3e8432000 rw-p 00017000 08:01 8130457                    /lib/x86_64-linux-gnu/libresolv-2.17.so
7ff3e8432000-7ff3e8434000 rw-p 00000000 00:00 0 
7ff3e8434000-7ff3e8453000 r-xp 00000000 08:01 8130461                    /lib/x86_64-linux-gnu/libselinux.so.1
7ff3e8453000-7ff3e8653000 ---p 0001f000 08:01 8130461                    /lib/x86_64-linux-gnu/libselinux.so.1
7ff3e8653000-7ff3e8654000 r--p 0001f000 08:01 8130461                    /lib/x86_64-linux-gnu/libselinux.so.1
7ff3e8654000-7ff3e8655000 rw-p 00020000 08:01 8130461                    /lib/x86_64-linux-gnu/libselinux.so.1
7ff3e8655000-7ff3e8656000 rw-p 00000000 00:00 0 
7ff3e8656000-7ff3e8659000 r-xp 00000000 08:01 15729078                   /usr/lib/x86_64-linux-gnu/libgmodule-2.0.so.0.3800.1
7ff3e8659000-7ff3e8858000 ---p 00003000 08:01 15729078                   /usr/lib/x86_64-linux-gnu/libgmodule-2.0.so.0.3800.1
7ff3e8858000-7ff3e8859000 r--p 00002000 08:01 15729078                   /usr/lib/x86_64-linux-gnu/libgmodule-2.0.so.0.3800.1
7ff3e8859000-7ff3e885a000 rw-p 00003000 08:01 15729078                   /usr/lib/x86_64-linux-gnu/libgmodule-2.0.so.0.3800.1
7ff3e885a000-7ff3e8958000 r-xp 00000000 08:01 8130449                    /lib/x86_64-linux-gnu/libglib-2.0.so.0.3800.1
7ff3e8958000-7ff3e8b58000 ---p 000fe000 08:01 8130449                    /lib/x86_64-linux-gnu/libglib-2.0.so.0.3800.1
7ff3e8b58000-7ff3e8b59000 r--p 000fe000 08:01 8130449                    /lib/x86_64-linux-gnu/libglib-2.0.so.0.3800.1
7ff3e8b59000-7ff3e8b5a000 rw-p 000ff000 08:01 8130449                    /lib/x86_64-linux-gnu/libglib-2.0.so.0.3800.1
7ff3e8b5a000-7ff3e8b5b000 rw-p 00000000 00:00 0 
7ff3e8b5b000-7ff3e8baa000 r-xp 00000000 08:01 15729069                   /usr/lib/x86_64-linux-gnu/libgobject-2.0.so.0.3800.1
7ff3e8baa000-7ff3e8daa000 ---p 0004f000 08:01 15729069                   /usr/lib/x86_64-linux-gnu/libgobject-2.0.so.0.3800.1
7ff3e8daa000-7ff3e8dab000 r--p 0004f000 08:01 15729069                   /usr/lib/x86_64-linux-gnu/libgobject-2.0.so.0.3800.1
7ff3e8dab000-7ff3e8dac000 rw-p 00050000 08:01 15729069                   /usr/lib/x86_64-linux-gnu/libgobject-2.0.so.0.3800.1
7ff3e8dac000-7ff3e8f08000 r-xp 00000000 08:01 15729043                   /usr/lib/x86_64-linux-gnu/libgio-2.0.so.0.3800.1
7ff3e8f08000-7ff3e9107000 ---p 0015c000 08:01 15729043                   /usr/lib/x86_64-linux-gnu/libgio-2.0.so.0.3800.1
7ff3e9107000-7ff3e910b000 r--p 0015b000 08:01 15729043                   /usr/lib/x86_64-linux-gnu/libgio-2.0.so.0.3800.1
7ff3e910b000-7ff3e910d000 rw-p 0015f000 08:01 15729043                   /usr/lib/x86_64-linux-gnu/libgio-2.0.so.0.3800.1
7ff3e910d000-7ff3e910f000 rw-p 00000000 00:00 0 
7ff3e910f000-7ff3e9125000 r-xp 00000000 08:01 15861076                   /usr/lib/jvm/java-7-openjdk-amd64/jre/lib/amd64/libnet.so
7ff3e9125000-7ff3e9324000 ---p 00016000 08:01 15861076                   /usr/lib/jvm/java-7-openjdk-amd64/jre/lib/amd64/libnet.so
7ff3e9324000-7ff3e9325000 r--p 00015000 08:01 15861076                   /usr/lib/jvm/java-7-openjdk-amd64/jre/lib/amd64/libnet.so
7ff3e9325000-7ff3e9326000 rw-p 00016000 08:01 15861076                   /usr/lib/jvm/java-7-openjdk-amd64/jre/lib/amd64/libnet.so
7ff3e9326000-7ff3e9327000 ---p 00000000 00:00 0 
7ff3e9327000-7ff3e9427000 rw-p 00000000 00:00 0                          [stack:7288]
7ff3e9427000-7ff3e942a000 ---p 00000000 00:00 0 
7ff3e942a000-7ff3e9628000 rw-p 00000000 00:00 0                          [stack:7287]
7ff3e9628000-7ff3e962b000 ---p 00000000 00:00 0 
7ff3e962b000-7ff3e9729000 rw-p 00000000 00:00 0                          [stack:7286]
7ff3e9729000-7ff3e972c000 ---p 00000000 00:00 0 
7ff3e972c000-7ff3e982a000 rw-p 00000000 00:00 0                          [stack:7285]
7ff3e982a000-7ff3e982d000 ---p 00000000 00:00 0 
7ff3e982d000-7ff3e9a2b000 rw-p 00000000 00:00 0                          [stack:7284]
7ff3e9a2b000-7ff3e9e25000 r--p 00000000 08:01 15734328                   /usr/lib/locale/locale-archive
7ff3e9e25000-7ff3e9e28000 ---p 00000000 00:00 0 
7ff3e9e28000-7ff3ea026000 rw-p 00000000 00:00 0                          [stack:7283]
7ff3ea026000-7ff3ea029000 ---p 00000000 00:00 0 
7ff3ea029000-7ff3ea227000 rw-p 00000000 00:00 0                          [stack:7282]
7ff3ea227000-7ff3ea228000 ---p 00000000 00:00 0 
7ff3ea228000-7ff3ec000000 rw-p 00000000 00:00 0                          [stack:7281]
7ff3ec000000-7ff3ec021000 rw-p 00000000 00:00 0 
7ff3ec021000-7ff3f0000000 ---p 00000000 00:00 0 
7ff3f0009000-7ff3f000a000 rw-p 00000000 00:00 0 
7ff3f000a000-7ff3f000d000 ---p 00000000 00:00 0 
7ff3f000d000-7ff3f0043000 rw-p 00000000 00:00 0                          [stack:7292]
7ff3f0043000-7ff3f004a000 r--s 00000000 08:01 16127910                   /usr/lib/x86_64-linux-gnu/gconv/gconv-modules.cache
7ff3f004a000-7ff3f004c000 r--s 00012000 08:01 15861308                   /usr/lib/jvm/java-7-openjdk-amd64/jre/lib/ext/zipfs.jar
7ff3f004c000-7ff3f0800000 rw-p 00000000 00:00 0 
7ff3f0800000-7ff3f08e9000 r--s 00bb9000 08:01 12059138                   /home/alex/.rbenv/versions/jruby-1.7.10/lib/jruby.jar
7ff3f08e9000-7ff3f0931000 rw-p 00000000 00:00 0 
7ff3f0931000-7ff3f0adf000 r--s 01cf4000 08:01 15861374                   /usr/lib/jvm/java-7-openjdk-amd64/jre/lib/rt.jar
7ff3f0adf000-7ff3f0cfd000 rw-p 00000000 00:00 0 
7ff3f0cfd000-7ff3f0cfe000 ---p 00000000 00:00 0 
7ff3f0cfe000-7ff3f0dfe000 rw-p 00000000 00:00 0                          [stack:7280]
7ff3f0dfe000-7ff3f0dff000 ---p 00000000 00:00 0 
7ff3f0dff000-7ff3f0eff000 rw-p 00000000 00:00 0                          [stack:7279]
7ff3f0eff000-7ff3f0f00000 ---p 00000000 00:00 0 
7ff3f0f00000-7ff3f1000000 rw-p 00000000 00:00 0                          [stack:7278]
7ff3f1000000-7ff3f1270000 rwxp 00000000 00:00 0 
7ff3f1270000-7ff3f44d6000 rw-p 00000000 00:00 0 
7ff3f44d6000-7ff3f8000000 ---p 00000000 00:00 0 
7ff3f8000000-7ff3f8001000 r-xp 00000000 00:00 0 
7ff3f8001000-7ff3f8004000 r--s 00032000 08:01 15861310                   /usr/lib/jvm/java-7-openjdk-amd64/jre/lib/ext/sunjce_provider.jar
7ff3f8004000-7ff3f8008000 r--s 00085000 08:01 15861304                   /usr/lib/jvm/java-7-openjdk-amd64/jre/lib/ext/localedata.jar
7ff3f8008000-7ff3f800a000 r--s 00006000 08:01 16256853                   /usr/share/java/java-atk-wrapper.jar
7ff3f800a000-7ff3f800b000 r--s 00002000 08:01 15861314                   /usr/lib/jvm/java-7-openjdk-amd64/jre/lib/ext/dnsns.jar
7ff3f800b000-7ff3f800e000 r--s 0000f000 08:01 15861306                   /usr/lib/jvm/java-7-openjdk-amd64/jre/lib/ext/pulse-java.jar
7ff3f800e000-7ff3f8012000 r--s 0003b000 08:01 15861316                   /usr/lib/jvm/java-7-openjdk-amd64/jre/lib/ext/sunpkcs11.jar
7ff3f8012000-7ff3f803a000 rw-p 00000000 00:00 0 
7ff3f803a000-7ff3f803b000 ---p 00000000 00:00 0 
7ff3f803b000-7ff3f8148000 rw-p 00000000 00:00 0                          [stack:7277]
7ff3f8148000-7ff3f818e000 rw-p 00000000 00:00 0 
7ff3f818e000-7ff3f81a1000 rw-p 00000000 00:00 0 
7ff3f81a1000-7ff3f8234000 rw-p 00000000 00:00 0 
7ff3f8234000-7ff3f8255000 rw-p 00000000 00:00 0 
7ff3f8255000-7ff3f8288000 rw-p 00000000 00:00 0 
7ff3f8288000-7ff3f8289000 rw-p 00000000 00:00 0 
7ff3f8289000-7ff3f8291000 r-xp 00000000 08:01 15861025                   /usr/lib/jvm/java-7-openjdk-amd64/jre/lib/amd64/libzip.so
7ff3f8291000-7ff3f8490000 ---p 00008000 08:01 15861025                   /usr/lib/jvm/java-7-openjdk-amd64/jre/lib/amd64/libzip.so
7ff3f8490000-7ff3f8491000 r--p 00007000 08:01 15861025                   /usr/lib/jvm/java-7-openjdk-amd64/jre/lib/amd64/libzip.so
7ff3f8491000-7ff3f8492000 rw-p 00008000 08:01 15861025                   /usr/lib/jvm/java-7-openjdk-amd64/jre/lib/amd64/libzip.so
7ff3f8492000-7ff3f849e000 r-xp 00000000 08:01 8130412                    /lib/x86_64-linux-gnu/libnss_files-2.17.so
7ff3f849e000-7ff3f869d000 ---p 0000c000 08:01 8130412                    /lib/x86_64-linux-gnu/libnss_files-2.17.so
7ff3f869d000-7ff3f869e000 r--p 0000b000 08:01 8130412                    /lib/x86_64-linux-gnu/libnss_files-2.17.so
7ff3f869e000-7ff3f869f000 rw-p 0000c000 08:01 8130412                    /lib/x86_64-linux-gnu/libnss_files-2.17.so
7ff3f869f000-7ff3f86aa000 r-xp 00000000 08:01 8130416                    /lib/x86_64-linux-gnu/libnss_nis-2.17.so
7ff3f86aa000-7ff3f88a9000 ---p 0000b000 08:01 8130416                    /lib/x86_64-linux-gnu/libnss_nis-2.17.so
7ff3f88a9000-7ff3f88aa000 r--p 0000a000 08:01 8130416                    /lib/x86_64-linux-gnu/libnss_nis-2.17.so
7ff3f88aa000-7ff3f88ab000 rw-p 0000b000 08:01 8130416                    /lib/x86_64-linux-gnu/libnss_nis-2.17.so
7ff3f88ab000-7ff3f88c2000 r-xp 00000000 08:01 8130406                    /lib/x86_64-linux-gnu/libnsl-2.17.so
7ff3f88c2000-7ff3f8ac1000 ---p 00017000 08:01 8130406                    /lib/x86_64-linux-gnu/libnsl-2.17.so
7ff3f8ac1000-7ff3f8ac2000 r--p 00016000 08:01 8130406                    /lib/x86_64-linux-gnu/libnsl-2.17.so
7ff3f8ac2000-7ff3f8ac3000 rw-p 00017000 08:01 8130406                    /lib/x86_64-linux-gnu/libnsl-2.17.so
7ff3f8ac3000-7ff3f8ac5000 rw-p 00000000 00:00 0 
7ff3f8ac5000-7ff3f8acd000 r-xp 00000000 08:01 8130408                    /lib/x86_64-linux-gnu/libnss_compat-2.17.so
7ff3f8acd000-7ff3f8ccc000 ---p 00008000 08:01 8130408                    /lib/x86_64-linux-gnu/libnss_compat-2.17.so
7ff3f8ccc000-7ff3f8ccd000 r--p 00007000 08:01 8130408                    /lib/x86_64-linux-gnu/libnss_compat-2.17.so
7ff3f8ccd000-7ff3f8cce000 rw-p 00008000 08:01 8130408                    /lib/x86_64-linux-gnu/libnss_compat-2.17.so
7ff3f8cce000-7ff3f8cf9000 r-xp 00000000 08:01 15860951                   /usr/lib/jvm/java-7-openjdk-amd64/jre/lib/amd64/libjava.so
7ff3f8cf9000-7ff3f8ef8000 ---p 0002b000 08:01 15860951                   /usr/lib/jvm/java-7-openjdk-amd64/jre/lib/amd64/libjava.so
7ff3f8ef8000-7ff3f8ef9000 r--p 0002a000 08:01 15860951                   /usr/lib/jvm/java-7-openjdk-amd64/jre/lib/amd64/libjava.so
7ff3f8ef9000-7ff3f8efb000 rw-p 0002b000 08:01 15860951                   /usr/lib/jvm/java-7-openjdk-amd64/jre/lib/amd64/libjava.so
7ff3f8efb000-7ff3f8f0b000 r-xp 00000000 08:01 15861265                   /usr/lib/jvm/java-7-openjdk-amd64/jre/lib/amd64/libverify.so
7ff3f8f0b000-7ff3f910a000 ---p 00010000 08:01 15861265                   /usr/lib/jvm/java-7-openjdk-amd64/jre/lib/amd64/libverify.so
7ff3f910a000-7ff3f910c000 r--p 0000f000 08:01 15861265                   /usr/lib/jvm/java-7-openjdk-amd64/jre/lib/amd64/libverify.so
7ff3f910c000-7ff3f910d000 rw-p 00011000 08:01 15861265                   /usr/lib/jvm/java-7-openjdk-amd64/jre/lib/amd64/libverify.so
7ff3f910d000-7ff3f9114000 r-xp 00000000 08:01 8130459                    /lib/x86_64-linux-gnu/librt-2.17.so
7ff3f9114000-7ff3f9313000 ---p 00007000 08:01 8130459                    /lib/x86_64-linux-gnu/librt-2.17.so
7ff3f9313000-7ff3f9314000 r--p 00006000 08:01 8130459                    /lib/x86_64-linux-gnu/librt-2.17.so
7ff3f9314000-7ff3f9315000 rw-p 00007000 08:01 8130459                    /lib/x86_64-linux-gnu/librt-2.17.so
7ff3f9315000-7ff3f9318000 ---p 00000000 00:00 0 
7ff3f9318000-7ff3f9516000 rw-p 00000000 00:00 0                          [stack:7276]
7ff3f9516000-7ff3f952b000 r-xp 00000000 08:01 8126477                    /lib/x86_64-linux-gnu/libgcc_s.so.1
7ff3f952b000-7ff3f972a000 ---p 00015000 08:01 8126477                    /lib/x86_64-linux-gnu/libgcc_s.so.1
7ff3f972a000-7ff3f972b000 r--p 00014000 08:01 8126477                    /lib/x86_64-linux-gnu/libgcc_s.so.1
7ff3f972b000-7ff3f972c000 rw-p 00015000 08:01 8126477                    /lib/x86_64-linux-gnu/libgcc_s.so.1
7ff3f972c000-7ff3f982f000 r-xp 00000000 08:01 8130387                    /lib/x86_64-linux-gnu/libm-2.17.so
7ff3f982f000-7ff3f9a2e000 ---p 00103000 08:01 8130387                    /lib/x86_64-linux-gnu/libm-2.17.so
7ff3f9a2e000-7ff3f9a2f000 r--p 00102000 08:01 8130387                    /lib/x86_64-linux-gnu/libm-2.17.so
7ff3f9a2f000-7ff3f9a30000 rw-p 00103000 08:01 8130387                    /lib/x86_64-linux-gnu/libm-2.17.so
7ff3f9a30000-7ff3f9b16000 r-xp 00000000 08:01 15729831                   /usr/lib/x86_64-linux-gnu/libstdc++.so.6.0.18
7ff3f9b16000-7ff3f9d15000 ---p 000e6000 08:01 15729831                   /usr/lib/x86_64-linux-gnu/libstdc++.so.6.0.18
7ff3f9d15000-7ff3f9d1d000 r--p 000e5000 08:01 15729831                   /usr/lib/x86_64-linux-gnu/libstdc++.so.6.0.18
7ff3f9d1d000-7ff3f9d1f000 rw-p 000ed000 08:01 15729831                   /usr/lib/x86_64-linux-gnu/libstdc++.so.6.0.18
7ff3f9d1f000-7ff3f9d34000 rw-p 00000000 00:00 0 
7ff3f9d34000-7ff3fa813000 r-xp 00000000 08:01 15861284                   /usr/lib/jvm/java-7-openjdk-amd64/jre/lib/amd64/server/libjvm.so
7ff3fa813000-7ff3faa12000 ---p 00adf000 08:01 15861284                   /usr/lib/jvm/java-7-openjdk-amd64/jre/lib/amd64/server/libjvm.so
7ff3faa12000-7ff3faaa4000 r--p 00ade000 08:01 15861284                   /usr/lib/jvm/java-7-openjdk-amd64/jre/lib/amd64/server/libjvm.so
7ff3faaa4000-7ff3faac7000 rw-p 00b70000 08:01 15861284                   /usr/lib/jvm/java-7-openjdk-amd64/jre/lib/amd64/server/libjvm.so
7ff3faac7000-7ff3faaf4000 rw-p 00000000 00:00 0 
7ff3faaf4000-7ff3fab0c000 r-xp 00000000 08:01 8130494                    /lib/x86_64-linux-gnu/libz.so.1.2.8
7ff3fab0c000-7ff3fad0b000 ---p 00018000 08:01 8130494                    /lib/x86_64-linux-gnu/libz.so.1.2.8
7ff3fad0b000-7ff3fad0c000 r--p 00017000 08:01 8130494                    /lib/x86_64-linux-gnu/libz.so.1.2.8
7ff3fad0c000-7ff3fad0d000 rw-p 00018000 08:01 8130494                    /lib/x86_64-linux-gnu/libz.so.1.2.8
7ff3fad0d000-7ff3fad24000 r-xp 00000000 08:01 8130451                    /lib/x86_64-linux-gnu/libpthread-2.17.so
7ff3fad24000-7ff3faf24000 ---p 00017000 08:01 8130451                    /lib/x86_64-linux-gnu/libpthread-2.17.so
7ff3faf24000-7ff3faf25000 r--p 00017000 08:01 8130451                    /lib/x86_64-linux-gnu/libpthread-2.17.so
7ff3faf25000-7ff3faf26000 rw-p 00018000 08:01 8130451                    /lib/x86_64-linux-gnu/libpthread-2.17.so
7ff3faf26000-7ff3faf2a000 rw-p 00000000 00:00 0 
7ff3faf2a000-7ff3faf2d000 r-xp 00000000 08:01 8130351                    /lib/x86_64-linux-gnu/libdl-2.17.so
7ff3faf2d000-7ff3fb12c000 ---p 00003000 08:01 8130351                    /lib/x86_64-linux-gnu/libdl-2.17.so
7ff3fb12c000-7ff3fb12d000 r--p 00002000 08:01 8130351                    /lib/x86_64-linux-gnu/libdl-2.17.so
7ff3fb12d000-7ff3fb12e000 rw-p 00003000 08:01 8130351                    /lib/x86_64-linux-gnu/libdl-2.17.so
7ff3fb12e000-7ff3fb2eb000 r-xp 00000000 08:01 8130336                    /lib/x86_64-linux-gnu/libc-2.17.so
7ff3fb2eb000-7ff3fb4eb000 ---p 001bd000 08:01 8130336                    /lib/x86_64-linux-gnu/libc-2.17.so
7ff3fb4eb000-7ff3fb4ef000 r--p 001bd000 08:01 8130336                    /lib/x86_64-linux-gnu/libc-2.17.so
7ff3fb4ef000-7ff3fb4f1000 rw-p 001c1000 08:01 8130336                    /lib/x86_64-linux-gnu/libc-2.17.so
7ff3fb4f1000-7ff3fb4f6000 rw-p 00000000 00:00 0 
7ff3fb4f6000-7ff3fb503000 r-xp 00000000 08:01 15861291                   /usr/lib/jvm/java-7-openjdk-amd64/jre/lib/amd64/jli/libjli.so
7ff3fb503000-7ff3fb702000 ---p 0000d000 08:01 15861291                   /usr/lib/jvm/java-7-openjdk-amd64/jre/lib/amd64/jli/libjli.so
7ff3fb702000-7ff3fb703000 r--p 0000c000 08:01 15861291                   /usr/lib/jvm/java-7-openjdk-amd64/jre/lib/amd64/jli/libjli.so
7ff3fb703000-7ff3fb704000 rw-p 0000d000 08:01 15861291                   /usr/lib/jvm/java-7-openjdk-amd64/jre/lib/amd64/jli/libjli.so
7ff3fb704000-7ff3fb727000 r-xp 00000000 08:01 8130312                    /lib/x86_64-linux-gnu/ld-2.17.so
7ff3fb727000-7ff3fb72c000 r--s 0004c000 08:01 15861296                   /usr/lib/jvm/java-7-openjdk-amd64/jre/lib/jsse.jar
7ff3fb72c000-7ff3fb75a000 rw-p 00000000 00:00 0 
7ff3fb75a000-7ff3fb7a0000 rw-p 00000000 00:00 0 
7ff3fb7a0000-7ff3fb7b3000 rw-p 00000000 00:00 0 
7ff3fb7b3000-7ff3fb847000 rw-p 00000000 00:00 0 
7ff3fb847000-7ff3fb851000 rw-p 00000000 00:00 0 
7ff3fb851000-7ff3fb907000 rw-p 00000000 00:00 0 
7ff3fb907000-7ff3fb91a000 rw-p 00000000 00:00 0 
7ff3fb91a000-7ff3fb922000 rw-s 00000000 08:01 5767366                    /tmp/hsperfdata_alex/7251
7ff3fb922000-7ff3fb923000 rw-p 00000000 00:00 0 
7ff3fb923000-7ff3fb924000 r--p 00000000 00:00 0 
7ff3fb924000-7ff3fb926000 rw-p 00000000 00:00 0 
7ff3fb926000-7ff3fb927000 r--p 00022000 08:01 8130312                    /lib/x86_64-linux-gnu/ld-2.17.so
7ff3fb927000-7ff3fb929000 rw-p 00023000 08:01 8130312                    /lib/x86_64-linux-gnu/ld-2.17.so
7fff4362f000-7fff43650000 rw-p 00000000 00:00 0                          [stack]
7fff436cc000-7fff436ce000 r-xp 00000000 00:00 0                          [vdso]
ffffffffff600000-ffffffffff601000 r-xp 00000000 00:00 0                  [vsyscall]

VM Arguments:
jvm_args: -Djdk.home= -Djruby.home=/home/alex/.rbenv/versions/jruby-1.7.10 -Djruby.script=jruby -Djruby.shell=/bin/sh -Djffi.boot.library.path=/home/alex/.rbenv/versions/jruby-1.7.10/lib/jni:/home/alex/.rbenv/versions/jruby-1.7.10/lib/jni/i386-Linux:/home/alex/.rbenv/versions/jruby-1.7.10/lib/jni/arm-Linux:/home/alex/.rbenv/versions/jruby-1.7.10/lib/jni/x86_64-Linux -Xmx500m -Xss2048k -Xbootclasspath/a:/home/alex/.rbenv/versions/jruby-1.7.10/lib/jruby.jar 
java_command: org/jruby/Main Makefile.rb clean compile test clean
Launcher Type: SUN_STANDARD

Environment Variables:
PATH=/home/alex/.rbenv/versions/jruby-1.7.10/bin:/home/alex/.rbenv/libexec:/home/alex/.rbenv/plugins/ruby-build/bin:/home/alex/.rbenv/shims:~/.rbenv/bin:~/.rbenv/bin:/usr/local/sbin:/usr/local/bin:/usr/sbin:/usr/bin:/sbin:/bin:/usr/games:/usr/local/games
USERNAME=alex
SHELL=/bin/bash
DISPLAY=:0

Signal Handlers:
SIGSEGV: [libjvm.so+0x916ea0], sa_mask[0]=0x7ffbfeff, sa_flags=0x10000004
SIGBUS: [libjvm.so+0x916ea0], sa_mask[0]=0x7ffbfeff, sa_flags=0x10000004
SIGFPE: [libjvm.so+0x794800], sa_mask[0]=0x7ffbfeff, sa_flags=0x10000004
SIGPIPE: [libjvm.so+0x794800], sa_mask[0]=0x7ffbfeff, sa_flags=0x10000004
SIGXFSZ: [libjvm.so+0x794800], sa_mask[0]=0x7ffbfeff, sa_flags=0x10000004
SIGILL: [libjvm.so+0x794800], sa_mask[0]=0x7ffbfeff, sa_flags=0x10000004
SIGUSR1: SIG_DFL, sa_mask[0]=0x00000000, sa_flags=0x00000000
SIGUSR2: [libjvm.so+0x7946a0], sa_mask[0]=0x00000000, sa_flags=0x10000004
SIGHUP: [libjvm.so+0x794880], sa_mask[0]=0x7ffbfeff, sa_flags=0x10000004
SIGINT: [libjvm.so+0x794880], sa_mask[0]=0x7ffbfeff, sa_flags=0x10000004
SIGTERM: [libjvm.so+0x794880], sa_mask[0]=0x7ffbfeff, sa_flags=0x10000004
SIGQUIT: [libjvm.so+0x794880], sa_mask[0]=0x7ffbfeff, sa_flags=0x10000004


---------------  S Y S T E M  ---------------

OS:LinuxMint 16 (petra)
uname:Linux 3.11.0-12-generic #19-Ubuntu SMP Wed Oct 9 16:20:46 UTC 2013 x86_64
libc:glibc 2.17 NPTL 2.17 
rlimit: STACK 8192k, CORE 0k, NPROC 28798, NOFILE 4096, AS infinity
load average:0,69 0,40 0,27

/proc/meminfo:
MemTotal:        3715476 kB
MemFree:         1120220 kB
Buffers:          116276 kB
Cached:          1270972 kB
SwapCached:          152 kB
Active:          1521404 kB
Inactive:         875948 kB
Active(anon):     901152 kB
Inactive(anon):   325256 kB
Active(file):     620252 kB
Inactive(file):   550692 kB
Unevictable:          44 kB
Mlocked:              44 kB
SwapTotal:       3856380 kB
SwapFree:        3855756 kB
Dirty:               360 kB
Writeback:             0 kB
AnonPages:       1009928 kB
Mapped:           195808 kB
Shmem:            216304 kB
Slab:             117404 kB
SReclaimable:      88896 kB
SUnreclaim:        28508 kB
KernelStack:        3856 kB
PageTables:        29352 kB
NFS_Unstable:          0 kB
Bounce:                0 kB
WritebackTmp:          0 kB
CommitLimit:     5714116 kB
Committed_AS:    3887656 kB
VmallocTotal:   34359738367 kB
VmallocUsed:      414940 kB
VmallocChunk:   34359311484 kB
HardwareCorrupted:     0 kB
AnonHugePages:         0 kB
HugePages_Total:       0
HugePages_Free:        0
HugePages_Rsvd:        0
HugePages_Surp:        0
Hugepagesize:       2048 kB
DirectMap4k:       56528 kB
DirectMap2M:     3801088 kB


CPU:total 4 (2 cores per cpu, 2 threads per core) family 6 model 37 stepping 5, cmov, cx8, fxsr, mmx, sse, sse2, sse3, ssse3, sse4.1, sse4.2, popcnt, ht, tsc, tscinvbit

/proc/cpuinfo:
processor	: 0
vendor_id	: GenuineIntel
cpu family	: 6
model		: 37
model name	: Intel(R) Core(TM) i3 CPU       M 380  @ 2.53GHz
stepping	: 5
microcode	: 0x2
cpu MHz		: 933.000
cache size	: 3072 KB
physical id	: 0
siblings	: 4
core id		: 0
cpu cores	: 2
apicid		: 0
initial apicid	: 0
fpu		: yes
fpu_exception	: yes
cpuid level	: 11
wp		: yes
flags		: fpu vme de pse tsc msr pae mce cx8 apic sep mtrr pge mca cmov pat pse36 clflush dts acpi mmx fxsr sse sse2 ss ht tm pbe syscall nx rdtscp lm constant_tsc arch_perfmon pebs bts rep_good nopl xtopology nonstop_tsc aperfmperf pni dtes64 monitor ds_cpl vmx est tm2 ssse3 cx16 xtpr pdcm pcid sse4_1 sse4_2 popcnt lahf_lm arat dtherm tpr_shadow vnmi flexpriority ept vpid
bogomips	: 5054.41
clflush size	: 64
cache_alignment	: 64
address sizes	: 36 bits physical, 48 bits virtual
power management:

processor	: 1
vendor_id	: GenuineIntel
cpu family	: 6
model		: 37
model name	: Intel(R) Core(TM) i3 CPU       M 380  @ 2.53GHz
stepping	: 5
microcode	: 0x2
cpu MHz		: 933.000
cache size	: 3072 KB
physical id	: 0
siblings	: 4
core id		: 0
cpu cores	: 2
apicid		: 1
initial apicid	: 1
fpu		: yes
fpu_exception	: yes
cpuid level	: 11
wp		: yes
flags		: fpu vme de pse tsc msr pae mce cx8 apic sep mtrr pge mca cmov pat pse36 clflush dts acpi mmx fxsr sse sse2 ss ht tm pbe syscall nx rdtscp lm constant_tsc arch_perfmon pebs bts rep_good nopl xtopology nonstop_tsc aperfmperf pni dtes64 monitor ds_cpl vmx est tm2 ssse3 cx16 xtpr pdcm pcid sse4_1 sse4_2 popcnt lahf_lm arat dtherm tpr_shadow vnmi flexpriority ept vpid
bogomips	: 5054.41
clflush size	: 64
cache_alignment	: 64
address sizes	: 36 bits physical, 48 bits virtual
power management:

processor	: 2
vendor_id	: GenuineIntel
cpu family	: 6
model		: 37
model name	: Intel(R) Core(TM) i3 CPU       M 380  @ 2.53GHz
stepping	: 5
microcode	: 0x2
cpu MHz		: 933.000
cache size	: 3072 KB
physical id	: 0
siblings	: 4
core id		: 2
cpu cores	: 2
apicid		: 4
initial apicid	: 4
fpu		: yes
fpu_exception	: yes
cpuid level	: 11
wp		: yes
flags		: fpu vme de pse tsc msr pae mce cx8 apic sep mtrr pge mca cmov pat pse36 clflush dts acpi mmx fxsr sse sse2 ss ht tm pbe syscall nx rdtscp lm constant_tsc arch_perfmon pebs bts rep_good nopl xtopology nonstop_tsc aperfmperf pni dtes64 monitor ds_cpl vmx est tm2 ssse3 cx16 xtpr pdcm pcid sse4_1 sse4_2 popcnt lahf_lm arat dtherm tpr_shadow vnmi flexpriority ept vpid
bogomips	: 5054.41
clflush size	: 64
cache_alignment	: 64
address sizes	: 36 bits physical, 48 bits virtual
power management:

processor	: 3
vendor_id	: GenuineIntel
cpu family	: 6
model		: 37
model name	: Intel(R) Core(TM) i3 CPU       M 380  @ 2.53GHz
stepping	: 5
microcode	: 0x2
cpu MHz		: 933.000
cache size	: 3072 KB
physical id	: 0
siblings	: 4
core id		: 2
cpu cores	: 2
apicid		: 5
initial apicid	: 5
fpu		: yes
fpu_exception	: yes
cpuid level	: 11
wp		: yes
flags		: fpu vme de pse tsc msr pae mce cx8 apic sep mtrr pge mca cmov pat pse36 clflush dts acpi mmx fxsr sse sse2 ss ht tm pbe syscall nx rdtscp lm constant_tsc arch_perfmon pebs bts rep_good nopl xtopology nonstop_tsc aperfmperf pni dtes64 monitor ds_cpl vmx est tm2 ssse3 cx16 xtpr pdcm pcid sse4_1 sse4_2 popcnt lahf_lm arat dtherm tpr_shadow vnmi flexpriority ept vpid
bogomips	: 5054.41
clflush size	: 64
cache_alignment	: 64
address sizes	: 36 bits physical, 48 bits virtual
power management:



Memory: 4k page, physical 3715476k(1120220k free), swap 3856380k(3855756k free)

vm_info: OpenJDK 64-Bit Server VM (24.45-b08) for linux-amd64 JRE (1.7.0_51-b00), built on Jan 15 2014 22:02:57 by "buildd" with gcc 4.8.1

time: Tue Apr 22 02:17:37 2014
elapsed time: 9 seconds

