#
# A fatal error has been detected by the Java Runtime Environment:
#
#  SIGSEGV (0xb) at pc=0x00007f39a39f7d4b, pid=22349, tid=139886859192064
#
# JRE version: OpenJDK Runtime Environment (7.0_51) (build 1.7.0_51-b00)
# Java VM: OpenJDK 64-Bit Server VM (24.45-b08 mixed mode linux-amd64 compressed oops)
# Problematic frame:
# C  [librb_tree.so+0x1d4b]  getPrev+0x18
#
# Failed to write core dump. Core dumps have been disabled. To enable core dumping, try "ulimit -c unlimited" before starting Java again
#
# If you would like to submit a bug report, please include
# instructions on how to reproduce the bug and visit:
#   http://icedtea.classpath.org/bugzilla
# The crash happened outside the Java Virtual Machine in native code.
# See problematic frame for where to report the bug.
#

---------------  T H R E A D  ---------------

Current thread (0x00007f39ec00a800):  JavaThread "main" [_thread_in_native, id=22374, stack(0x00007f39f26d0000,0x00007f39f28d1000)]

siginfo:si_signo=SIGSEGV: si_errno=0, si_code=1 (SEGV_MAPERR), si_addr=0x0000000000000000

Registers:
RAX=0x0000000000000000, RBX=0x00000000d79ae0f0, RCX=0xffffffffffffffff, RDX=0x00007f39f48ac9f0
RSP=0x00007f39f28ce010, RBP=0x00007f39f28ce030, RSI=0x00007f39f0000000, RDI=0x0000000000000000
R8 =0x00007f39f48ac9f0, R9 =0x0000000000000020, R10=0x00007f39f28cdde0, R11=0x00007f39a39f7d33
R12=0x0000000000000000, R13=0x00000000d79ae0f0, R14=0x00007f39f28ce168, R15=0x00007f39ec00a800
RIP=0x00007f39a39f7d4b, EFLAGS=0x0000000000010202, CSGSFS=0x0000000000000033, ERR=0x0000000000000004
  TRAPNO=0x000000000000000e

Top of Stack: (sp=0x00007f39f28ce010)
0x00007f39f28ce010:   0000000000000000 0000000000000000
0x00007f39f28ce020:   0000000000000020 0000000000000000
0x00007f39f28ce030:   00007f39f28ce080 00007f39a37f3d98
0x00007f39f28ce040:   4008000000000000 00007f39ec2553d0
0x00007f39f28ce050:   00007f39ec255750 00007f39ec2554f0
0x00007f39f28ce060:   00007f39ec2556f0 0000000000000000
0x00007f39f28ce070:   00007f39f28ce070 00000000d69ffdfd
0x00007f39f28ce080:   00007f39ec4ab200 00007f39d8cbccd9
0x00007f39f28ce090:   00000000d7d33848 00000000d79ae0f0
0x00007f39f28ce0a0:   00007f39f28ce120 00007f39e9012738
0x00007f39f28ce0b0:   00007f39f28ce110 00007f39e9006233
0x00007f39f28ce0c0:   00000000e1257c80 00000000e1276a30
0x00007f39f28ce0d0:   00007f39f28ce0d0 00000000d69ff00f
0x00007f39f28ce0e0:   00007f39f28ce0e0 0000000000000000
0x00007f39f28ce0f0:   00007f39f28ce168 00000000d79b6618
0x00007f39f28ce100:   0000000000000000 00000000d79ae0f0
0x00007f39f28ce110:   0000000000000000 00007f39f28ce140
0x00007f39f28ce120:   00007f39f28ce1b0 00007f39e9006175
0x00007f39f28ce130:   00000000e116a600 00007f39e900ecd7
0x00007f39f28ce140:   00007f39ec2553d0 00007f39e9111fac
0x00007f39f28ce150:   00007f39a37f3bc5 00000000e120a178
0x00007f39f28ce160:   00007f39ec4ab200 00000000d69fba80
0x00007f39f28ce170:   00007f39f28ce170 00000000d7aaaf57
0x00007f39f28ce180:   00007f39f28ce1e8 00000000d7ab71b0
0x00007f39f28ce190:   00000000d7edf3a8 00000000d7aaaf98
0x00007f39f28ce1a0:   00007f39f28ce140 00007f39f28ce1c0
0x00007f39f28ce1b0:   00007f39f28ce238 00007f39e9006175
0x00007f39f28ce1c0:   00007f39ec2553d0 00000000f61c13c8
0x00007f39f28ce1d0:   00007f39a37f3bc5 0000000000000000
0x00007f39f28ce1e0:   00000000e10816d0 00000000e116cd68
0x00007f39f28ce1f0:   00000000f699ab48 00007f39f28ce1f8
0x00007f39f28ce200:   00000000d7edfb0c 00007f39f28ce280 

Instructions: (pc=0x00007f39a39f7d4b)
0x00007f39a39f7d2b:   05 b8 00 00 00 00 5d c3 55 48 89 e5 48 83 ec 20
0x00007f39a39f7d3b:   48 89 7d e8 48 8b 45 e8 48 89 45 f8 48 8b 45 f8
0x00007f39a39f7d4b:   48 8b 00 48 85 c0 74 3d 48 8d 3d e3 00 00 00 b8
0x00007f39a39f7d5b:   00 00 00 00 e8 1c ef ff ff 48 8b 45 f8 48 8b 00 

Register to memory mapping:

RAX=0x0000000000000000 is an unknown value
RBX=0x00000000d79ae0f0 is an oop
{method} 
 - klass: {other class}
RCX=0xffffffffffffffff is an unknown value
RDX=0x00007f39f48ac9f0: <offset 0x3c39f0> in /lib/x86_64-linux-gnu/libc.so.6 at 0x00007f39f44e9000
RSP=0x00007f39f28ce010 is pointing into the stack for thread: 0x00007f39ec00a800
RBP=0x00007f39f28ce030 is pointing into the stack for thread: 0x00007f39ec00a800
RSI=0x00007f39f0000000 is an unknown value
RDI=0x0000000000000000 is an unknown value
R8 =0x00007f39f48ac9f0: <offset 0x3c39f0> in /lib/x86_64-linux-gnu/libc.so.6 at 0x00007f39f44e9000
R9 =0x0000000000000020 is an unknown value
R10=0x00007f39f28cdde0 is pointing into the stack for thread: 0x00007f39ec00a800
R11=0x00007f39a39f7d33: getPrev+0 in lib/librb_tree.so at 0x00007f39a39f6000
R12=0x0000000000000000 is an unknown value
R13=0x00000000d79ae0f0 is an oop
{method} 
 - klass: {other class}
R14=0x00007f39f28ce168 is pointing into the stack for thread: 0x00007f39ec00a800
R15=0x00007f39ec00a800 is a thread


Stack: [0x00007f39f26d0000,0x00007f39f28d1000],  sp=0x00007f39f28ce010,  free space=2040k
Native frames: (J=compiled Java code, j=interpreted, Vv=VM code, C=native code)
C  [librb_tree.so+0x1d4b]  getPrev+0x18
C  [libintersection.so+0xd98]  find_intersections+0x1d3

Java frames: (J=compiled Java code, j=interpreted, Vv=VM code)
j  com.kenai.jffi.Foreign.invokeL1(JJJ)J+0
j  com.kenai.jffi.Invoker.invokeL1(Lcom/kenai/jffi/CallContext;JJ)J+7
j  org.jruby.ext.ffi.jffi.NativeInvoker$ffi$8.call(Lorg/jruby/runtime/ThreadContext;Lorg/jruby/runtime/builtin/IRubyObject;Lorg/jruby/RubyModule;Ljava/lang/String;Lorg/jruby/runtime/builtin/IRubyObject;)Lorg/jruby/runtime/builtin/IRubyObject;+76
j  org.jruby.runtime.callsite.CachingCallSite.cacheAndCall(Lorg/jruby/runtime/builtin/IRubyObject;Lorg/jruby/RubyClass;Lorg/jruby/runtime/ThreadContext;Lorg/jruby/runtime/builtin/IRubyObject;Lorg/jruby/runtime/builtin/IRubyObject;)Lorg/jruby/runtime/builtin/IRubyObject;+57
J  org.jruby.runtime.callsite.CachingCallSite.call(Lorg/jruby/runtime/ThreadContext;Lorg/jruby/runtime/builtin/IRubyObject;Lorg/jruby/runtime/builtin/IRubyObject;Lorg/jruby/runtime/builtin/IRubyObject;)Lorg/jruby/runtime/builtin/IRubyObject;
J  org.jruby.ast.CallOneArgNode.interpret(Lorg/jruby/Ruby;Lorg/jruby/runtime/ThreadContext;Lorg/jruby/runtime/builtin/IRubyObject;Lorg/jruby/runtime/Block;)Lorg/jruby/runtime/builtin/IRubyObject;
j  org.jruby.ast.LocalAsgnNode.interpret(Lorg/jruby/Ruby;Lorg/jruby/runtime/ThreadContext;Lorg/jruby/runtime/builtin/IRubyObject;Lorg/jruby/runtime/Block;)Lorg/jruby/runtime/builtin/IRubyObject;+30
J  org.jruby.ast.BlockNode.interpret(Lorg/jruby/Ruby;Lorg/jruby/runtime/ThreadContext;Lorg/jruby/runtime/builtin/IRubyObject;Lorg/jruby/runtime/Block;)Lorg/jruby/runtime/builtin/IRubyObject;
j  org.jruby.evaluator.ASTInterpreter.INTERPRET_METHOD(Lorg/jruby/Ruby;Lorg/jruby/runtime/ThreadContext;Ljava/lang/String;ILorg/jruby/RubyModule;Lorg/jruby/ast/Node;Ljava/lang/String;Lorg/jruby/runtime/builtin/IRubyObject;Lorg/jruby/runtime/Block;Z)Lorg/jruby/runtime/builtin/IRubyObject;+30
j  org.jruby.internal.runtime.methods.InterpretedMethod.call(Lorg/jruby/runtime/ThreadContext;Lorg/jruby/runtime/builtin/IRubyObject;Lorg/jruby/RubyModule;Ljava/lang/String;)Lorg/jruby/runtime/builtin/IRubyObject;+80
j  org.jruby.internal.runtime.methods.DefaultMethod.call(Lorg/jruby/runtime/ThreadContext;Lorg/jruby/runtime/builtin/IRubyObject;Lorg/jruby/RubyModule;Ljava/lang/String;)Lorg/jruby/runtime/builtin/IRubyObject;+20
J  org.jruby.ast.CallNoArgNode.interpret(Lorg/jruby/Ruby;Lorg/jruby/runtime/ThreadContext;Lorg/jruby/runtime/builtin/IRubyObject;Lorg/jruby/runtime/Block;)Lorg/jruby/runtime/builtin/IRubyObject;
j  org.jruby.ast.FCallTwoArgNode.interpret(Lorg/jruby/Ruby;Lorg/jruby/runtime/ThreadContext;Lorg/jruby/runtime/builtin/IRubyObject;Lorg/jruby/runtime/Block;)Lorg/jruby/runtime/builtin/IRubyObject;+28
J  org.jruby.ast.BlockNode.interpret(Lorg/jruby/Ruby;Lorg/jruby/runtime/ThreadContext;Lorg/jruby/runtime/builtin/IRubyObject;Lorg/jruby/runtime/Block;)Lorg/jruby/runtime/builtin/IRubyObject;
j  org.jruby.evaluator.ASTInterpreter.INTERPRET_METHOD(Lorg/jruby/Ruby;Lorg/jruby/runtime/ThreadContext;Ljava/lang/String;ILorg/jruby/RubyModule;Lorg/jruby/ast/Node;Ljava/lang/String;Lorg/jruby/runtime/builtin/IRubyObject;Lorg/jruby/runtime/Block;Z)Lorg/jruby/runtime/builtin/IRubyObject;+30
j  org.jruby.internal.runtime.methods.InterpretedMethod.call(Lorg/jruby/runtime/ThreadContext;Lorg/jruby/runtime/builtin/IRubyObject;Lorg/jruby/RubyModule;Ljava/lang/String;)Lorg/jruby/runtime/builtin/IRubyObject;+80
j  org.jruby.internal.runtime.methods.DefaultMethod.call(Lorg/jruby/runtime/ThreadContext;Lorg/jruby/runtime/builtin/IRubyObject;Lorg/jruby/RubyModule;Ljava/lang/String;)Lorg/jruby/runtime/builtin/IRubyObject;+20
j  org.jruby.runtime.callsite.CachingCallSite.cacheAndCall(Lorg/jruby/runtime/builtin/IRubyObject;Lorg/jruby/RubyClass;Lorg/jruby/runtime/ThreadContext;Lorg/jruby/runtime/builtin/IRubyObject;)Lorg/jruby/runtime/builtin/IRubyObject;+53
j  org.jruby.runtime.callsite.CachingCallSite.call(Lorg/jruby/runtime/ThreadContext;Lorg/jruby/runtime/builtin/IRubyObject;Lorg/jruby/runtime/builtin/IRubyObject;)Lorg/jruby/runtime/builtin/IRubyObject;+46
j  Makefile.method__3$RUBY$test(LMakefile;Lorg/jruby/runtime/ThreadContext;Lorg/jruby/runtime/builtin/IRubyObject;Lorg/jruby/runtime/Block;)Lorg/jruby/runtime/builtin/IRubyObject;+130
j  Makefile$method__3$RUBY$test.call(Lorg/jruby/runtime/ThreadContext;Lorg/jruby/runtime/builtin/IRubyObject;Lorg/jruby/RubyModule;Ljava/lang/String;Lorg/jruby/runtime/Block;)Lorg/jruby/runtime/builtin/IRubyObject;+17
j  org.jruby.RubyClass.finvoke(Lorg/jruby/runtime/ThreadContext;Lorg/jruby/runtime/builtin/IRubyObject;Ljava/lang/String;Lorg/jruby/runtime/Block;)Lorg/jruby/runtime/builtin/IRubyObject;+41
j  org.jruby.RubyBasicObject.send19(Lorg/jruby/runtime/ThreadContext;Lorg/jruby/runtime/builtin/IRubyObject;Lorg/jruby/runtime/Block;)Lorg/jruby/runtime/builtin/IRubyObject;+15
j  org.jruby.RubyKernel.send19(Lorg/jruby/runtime/ThreadContext;Lorg/jruby/runtime/builtin/IRubyObject;Lorg/jruby/runtime/builtin/IRubyObject;Lorg/jruby/runtime/Block;)Lorg/jruby/runtime/builtin/IRubyObject;+7
j  org.jruby.RubyKernel$INVOKER$s$send19.call(Lorg/jruby/runtime/ThreadContext;Lorg/jruby/runtime/builtin/IRubyObject;Lorg/jruby/RubyModule;Ljava/lang/String;Lorg/jruby/runtime/builtin/IRubyObject;Lorg/jruby/runtime/Block;)Lorg/jruby/runtime/builtin/IRubyObject;+6
j  org.jruby.internal.runtime.methods.JavaMethod$JavaMethodOneOrNBlock.call(Lorg/jruby/runtime/ThreadContext;Lorg/jruby/runtime/builtin/IRubyObject;Lorg/jruby/RubyModule;Ljava/lang/String;Lorg/jruby/runtime/builtin/IRubyObject;)Lorg/jruby/runtime/builtin/IRubyObject;+11
j  org.jruby.runtime.callsite.CachingCallSite.call(Lorg/jruby/runtime/ThreadContext;Lorg/jruby/runtime/builtin/IRubyObject;Lorg/jruby/runtime/builtin/IRubyObject;Lorg/jruby/runtime/builtin/IRubyObject;)Lorg/jruby/runtime/builtin/IRubyObject;+38
j  Makefile.block_7$RUBY$__file__(LMakefile;Lorg/jruby/runtime/ThreadContext;Lorg/jruby/runtime/builtin/IRubyObject;[Lorg/jruby/runtime/builtin/IRubyObject;Lorg/jruby/runtime/Block;)Lorg/jruby/runtime/builtin/IRubyObject;+46
j  Makefile$block_7$RUBY$__file__.call(Lorg/jruby/runtime/ThreadContext;Lorg/jruby/runtime/builtin/IRubyObject;[Lorg/jruby/runtime/builtin/IRubyObject;Lorg/jruby/runtime/Block;)Lorg/jruby/runtime/builtin/IRubyObject;+9
j  org.jruby.runtime.CompiledBlock19.yield(Lorg/jruby/runtime/ThreadContext;Lorg/jruby/runtime/builtin/IRubyObject;Lorg/jruby/runtime/Binding;Lorg/jruby/runtime/Block$Type;)Lorg/jruby/runtime/builtin/IRubyObject;+52
j  org.jruby.runtime.Block.yield(Lorg/jruby/runtime/ThreadContext;Lorg/jruby/runtime/builtin/IRubyObject;)Lorg/jruby/runtime/builtin/IRubyObject;+14
j  org.jruby.RubyArray.eachCommon(Lorg/jruby/runtime/ThreadContext;Lorg/jruby/runtime/Block;)Lorg/jruby/runtime/builtin/IRubyObject;+41
j  org.jruby.RubyArray.each(Lorg/jruby/runtime/ThreadContext;Lorg/jruby/runtime/Block;)Lorg/jruby/runtime/builtin/IRubyObject;+10
j  org.jruby.RubyArray$INVOKER$i$0$0$each.call(Lorg/jruby/runtime/ThreadContext;Lorg/jruby/runtime/builtin/IRubyObject;Lorg/jruby/RubyModule;Ljava/lang/String;Lorg/jruby/runtime/Block;)Lorg/jruby/runtime/builtin/IRubyObject;+7
j  org.jruby.runtime.callsite.CachingCallSite.cacheAndCall(Lorg/jruby/runtime/builtin/IRubyObject;Lorg/jruby/RubyClass;Lorg/jruby/runtime/Block;Lorg/jruby/runtime/ThreadContext;Lorg/jruby/runtime/builtin/IRubyObject;)Lorg/jruby/runtime/builtin/IRubyObject;+57
j  org.jruby.runtime.callsite.CachingCallSite.callBlock(Lorg/jruby/runtime/ThreadContext;Lorg/jruby/runtime/builtin/IRubyObject;Lorg/jruby/runtime/builtin/IRubyObject;Lorg/jruby/runtime/Block;)Lorg/jruby/runtime/builtin/IRubyObject;+50
j  org.jruby.runtime.callsite.CachingCallSite.callIter(Lorg/jruby/runtime/ThreadContext;Lorg/jruby/runtime/builtin/IRubyObject;Lorg/jruby/runtime/builtin/IRubyObject;Lorg/jruby/runtime/Block;)Lorg/jruby/runtime/builtin/IRubyObject;+6
j  Makefile.__file__(LMakefile;Lorg/jruby/runtime/ThreadContext;Lorg/jruby/runtime/builtin/IRubyObject;[Lorg/jruby/runtime/builtin/IRubyObject;Lorg/jruby/runtime/Block;)Lorg/jruby/runtime/builtin/IRubyObject;+938
j  Makefile.load(Lorg/jruby/runtime/ThreadContext;Lorg/jruby/runtime/builtin/IRubyObject;Z)Lorg/jruby/runtime/builtin/IRubyObject;+22
j  org.jruby.Ruby.runScript(Lorg/jruby/ast/executable/Script;Z)Lorg/jruby/runtime/builtin/IRubyObject;+12
j  org.jruby.Ruby.runScript(Lorg/jruby/ast/executable/Script;)Lorg/jruby/runtime/builtin/IRubyObject;+3
j  org.jruby.Ruby.runNormally(Lorg/jruby/ast/Node;)Lorg/jruby/runtime/builtin/IRubyObject;+73
j  org.jruby.Ruby.runFromMain(Ljava/io/InputStream;Ljava/lang/String;)V+320
j  org.jruby.Main.doRunFromMain(Lorg/jruby/Ruby;Ljava/io/InputStream;Ljava/lang/String;)Lorg/jruby/Main$Status;+12
j  org.jruby.Main.internalRun()Lorg/jruby/Main$Status;+234
j  org.jruby.Main.run([Ljava/lang/String;)Lorg/jruby/Main$Status;+9
j  org.jruby.Main.main([Ljava/lang/String;)V+35
v  ~StubRoutines::call_stub

---------------  P R O C E S S  ---------------

Java Threads: ( => current thread )
  0x00007f39ec460000 JavaThread "JRubyJIT-2" daemon [_thread_blocked, id=22510, stack(0x00007f39d852e000,0x00007f39d872f000)]
  0x00007f39ec393000 JavaThread "process reaper" daemon [_thread_blocked, id=22390, stack(0x00007f39e80be000,0x00007f39e80f7000)]
  0x00007f39ec40a800 JavaThread "JRubyJIT-1" daemon [_thread_blocked, id=22387, stack(0x00007f39d8ab4000,0x00007f39d8cb5000)]
  0x00007f39ec0ae000 JavaThread "Service Thread" daemon [_thread_blocked, id=22385, stack(0x00007f39da72d000,0x00007f39da92e000)]
  0x00007f39ec0ab800 JavaThread "C2 CompilerThread1" daemon [_thread_in_native, id=22384, stack(0x00007f39da92e000,0x00007f39daa2f000)]
  0x00007f39ec0a8800 JavaThread "C2 CompilerThread0" daemon [_thread_in_native, id=22383, stack(0x00007f39daa2f000,0x00007f39dab30000)]
  0x00007f39ec0a6800 JavaThread "Signal Dispatcher" daemon [_thread_blocked, id=22382, stack(0x00007f39e80fe000,0x00007f39e82ff000)]
  0x00007f39ec082800 JavaThread "Finalizer" daemon [_thread_blocked, id=22381, stack(0x00007f39e86f9000,0x00007f39e88fa000)]
  0x00007f39ec080800 JavaThread "Reference Handler" daemon [_thread_blocked, id=22380, stack(0x00007f39e88fa000,0x00007f39e8afb000)]
=>0x00007f39ec00a800 JavaThread "main" [_thread_in_native, id=22374, stack(0x00007f39f26d0000,0x00007f39f28d1000)]

Other Threads:
  0x00007f39ec07c800 VMThread [stack: 0x00007f39e8afb000,0x00007f39e8bfc000] [id=22379]
  0x00007f39ec0b8800 WatcherThread [stack: 0x00007f39da62c000,0x00007f39da72d000] [id=22386]

VM state:not at safepoint (normal execution)

VM Mutex/Monitor currently owned by a thread: None

Heap
 PSYoungGen      total 17408K, used 11224K [0x00000000f5900000, 0x00000000f7b00000, 0x0000000100000000)
  eden space 15360K, 59% used [0x00000000f5900000,0x00000000f61fccf0,0x00000000f6800000)
  from space 2048K, 98% used [0x00000000f6800000,0x00000000f69f9518,0x00000000f6a00000)
  to   space 2048K, 0% used [0x00000000f7900000,0x00000000f7900000,0x00000000f7b00000)
 ParOldGen       total 38400K, used 8797K [0x00000000e0c00000, 0x00000000e3180000, 0x00000000f5900000)
  object space 38400K, 22% used [0x00000000e0c00000,0x00000000e1497638,0x00000000e3180000)
 PSPermGen       total 25600K, used 25478K [0x00000000d6600000, 0x00000000d7f00000, 0x00000000e0c00000)
  object space 25600K, 99% used [0x00000000d6600000,0x00000000d7ee1920,0x00000000d7f00000)

Card table byte_map: [0x00007f39f14f6000,0x00007f39f1644000] byte_map_base: 0x00007f39f0e43000

Polling page: 0x00007f39f4cde000

Code Cache  [0x00007f39e9000000, 0x00007f39e9270000, 0x00007f39ec000000)
 total_blobs=943 nmethods=464 adapters=433 free_code_cache=47663Kb largest_free_block=48767872

Compilation events (10 events):
Event: 10,514 Thread 0x00007f39ec0ab800  492             org.jruby.util.Random::nextState (164 bytes)
Event: 10,530 Thread 0x00007f39ec0a8800 nmethod 491 0x00007f39e9176b50 code [0x00007f39e9176ce0, 0x00007f39e9176f60]
Event: 10,530 Thread 0x00007f39ec0a8800  493             org.jruby.RubyArray::safeArraySet (11 bytes)
Event: 10,535 Thread 0x00007f39ec0a8800 nmethod 493 0x00007f39e9179d10 code [0x00007f39e9179e60, 0x00007f39e9179fd8]
Event: 10,535 Thread 0x00007f39ec0a8800  494   !         org.jruby.RubyArray::safeArraySet (14 bytes)
Event: 10,538 Thread 0x00007f39ec0a8800 nmethod 494 0x00007f39e9179910 code [0x00007f39e9179a60, 0x00007f39e9179bb8]
Event: 10,553 Thread 0x00007f39ec0a8800  495             org.jruby.Ruby::getFFI (5 bytes)
Event: 10,554 Thread 0x00007f39ec0a8800 nmethod 495 0x00007f39e91768d0 code [0x00007f39e9176a00, 0x00007f39e9176a58]
Event: 10,582 Thread 0x00007f39ec0ab800 nmethod 492 0x00007f39e9178b10 code [0x00007f39e9178c60, 0x00007f39e91797b8]
Event: 10,598 Thread 0x00007f39ec0a8800  496             org.jruby.runtime.ThreadContext::pollThreadEvents (9 bytes)

GC Heap History (6 events):
Event: 3,564 GC heap before
{Heap before GC invocations=1 (full 0):
 PSYoungGen      total 17408K, used 15360K [0x00000000f5900000, 0x00000000f6c00000, 0x0000000100000000)
  eden space 15360K, 100% used [0x00000000f5900000,0x00000000f6800000,0x00000000f6800000)
  from space 2048K, 0% used [0x00000000f6a00000,0x00000000f6a00000,0x00000000f6c00000)
  to   space 2048K, 0% used [0x00000000f6800000,0x00000000f6800000,0x00000000f6a00000)
 ParOldGen       total 38400K, used 0K [0x00000000e0c00000, 0x00000000e3180000, 0x00000000f5900000)
  object space 38400K, 0% used [0x00000000e0c00000,0x00000000e0c00000,0x00000000e3180000)
 PSPermGen       total 21504K, used 18949K [0x00000000d6600000, 0x00000000d7b00000, 0x00000000e0c00000)
  object space 21504K, 88% used [0x00000000d6600000,0x00000000d7881770,0x00000000d7b00000)
Event: 3,595 GC heap after
Heap after GC invocations=1 (full 0):
 PSYoungGen      total 17408K, used 2023K [0x00000000f5900000, 0x00000000f6c00000, 0x0000000100000000)
  eden space 15360K, 0% used [0x00000000f5900000,0x00000000f5900000,0x00000000f6800000)
  from space 2048K, 98% used [0x00000000f6800000,0x00000000f69f9fb8,0x00000000f6a00000)
  to   space 2048K, 0% used [0x00000000f6a00000,0x00000000f6a00000,0x00000000f6c00000)
 ParOldGen       total 38400K, used 3774K [0x00000000e0c00000, 0x00000000e3180000, 0x00000000f5900000)
  object space 38400K, 9% used [0x00000000e0c00000,0x00000000e0fafaf0,0x00000000e3180000)
 PSPermGen       total 21504K, used 18949K [0x00000000d6600000, 0x00000000d7b00000, 0x00000000e0c00000)
  object space 21504K, 88% used [0x00000000d6600000,0x00000000d7881770,0x00000000d7b00000)
}
Event: 6,290 GC heap before
{Heap before GC invocations=2 (full 0):
 PSYoungGen      total 17408K, used 17383K [0x00000000f5900000, 0x00000000f6c00000, 0x0000000100000000)
  eden space 15360K, 100% used [0x00000000f5900000,0x00000000f6800000,0x00000000f6800000)
  from space 2048K, 98% used [0x00000000f6800000,0x00000000f69f9fb8,0x00000000f6a00000)
  to   space 2048K, 0% used [0x00000000f6a00000,0x00000000f6a00000,0x00000000f6c00000)
 ParOldGen       total 38400K, used 3774K [0x00000000e0c00000, 0x00000000e3180000, 0x00000000f5900000)
  object space 38400K, 9% used [0x00000000e0c00000,0x00000000e0fafaf0,0x00000000e3180000)
 PSPermGen       total 23552K, used 23439K [0x00000000d6600000, 0x00000000d7d00000, 0x00000000e0c00000)
  object space 23552K, 99% used [0x00000000d6600000,0x00000000d7ce3d40,0x00000000d7d00000)
Event: 6,340 GC heap after
Heap after GC invocations=2 (full 0):
 PSYoungGen      total 17408K, used 2037K [0x00000000f5900000, 0x00000000f7b00000, 0x0000000100000000)
  eden space 15360K, 0% used [0x00000000f5900000,0x00000000f5900000,0x00000000f6800000)
  from space 2048K, 99% used [0x00000000f6a00000,0x00000000f6bfd528,0x00000000f6c00000)
  to   space 2048K, 0% used [0x00000000f6800000,0x00000000f6800000,0x00000000f6a00000)
 ParOldGen       total 38400K, used 5868K [0x00000000e0c00000, 0x00000000e3180000, 0x00000000f5900000)
  object space 38400K, 15% used [0x00000000e0c00000,0x00000000e11bb3c8,0x00000000e3180000)
 PSPermGen       total 23552K, used 23439K [0x00000000d6600000, 0x00000000d7d00000, 0x00000000e0c00000)
  object space 23552K, 99% used [0x00000000d6600000,0x00000000d7ce3d40,0x00000000d7d00000)
}
Event: 9,083 GC heap before
{Heap before GC invocations=3 (full 0):
 PSYoungGen      total 17408K, used 17397K [0x00000000f5900000, 0x00000000f7b00000, 0x0000000100000000)
  eden space 15360K, 100% used [0x00000000f5900000,0x00000000f6800000,0x00000000f6800000)
  from space 2048K, 99% used [0x00000000f6a00000,0x00000000f6bfd528,0x00000000f6c00000)
  to   space 2048K, 0% used [0x00000000f6800000,0x00000000f6800000,0x00000000f6a00000)
 ParOldGen       total 38400K, used 5868K [0x00000000e0c00000, 0x00000000e3180000, 0x00000000f5900000)
  object space 38400K, 15% used [0x00000000e0c00000,0x00000000e11bb3c8,0x00000000e3180000)
 PSPermGen       total 25600K, used 25337K [0x00000000d6600000, 0x00000000d7f00000, 0x00000000e0c00000)
  object space 25600K, 98% used [0x00000000d6600000,0x00000000d7ebe648,0x00000000d7f00000)
Event: 9,128 GC heap after
Heap after GC invocations=3 (full 0):
 PSYoungGen      total 17408K, used 2021K [0x00000000f5900000, 0x00000000f7b00000, 0x0000000100000000)
  eden space 15360K, 0% used [0x00000000f5900000,0x00000000f5900000,0x00000000f6800000)
  from space 2048K, 98% used [0x00000000f6800000,0x00000000f69f9518,0x00000000f6a00000)
  to   space 2048K, 0% used [0x00000000f7900000,0x00000000f7900000,0x00000000f7b00000)
 ParOldGen       total 38400K, used 8797K [0x00000000e0c00000, 0x00000000e3180000, 0x00000000f5900000)
  object space 38400K, 22% used [0x00000000e0c00000,0x00000000e1497638,0x00000000e3180000)
 PSPermGen       total 25600K, used 25337K [0x00000000d6600000, 0x00000000d7f00000, 0x00000000e0c00000)
  object space 25600K, 98% used [0x00000000d6600000,0x00000000d7ebe648,0x00000000d7f00000)
}

Deoptimization events (10 events):
Event: 10,419 Thread 0x00007f39ec00a800 Uncommon trap: reason=bimorphic action=maybe_recompile pc=0x00007f39e9170b68 method=org.jruby.ast.DAsgnNode.interpret(Lorg/jruby/Ruby;Lorg/jruby/runtime/ThreadContext;Lorg/jruby/runtime/builtin/IRubyObject;Lorg/jruby/runtime/Block;)Lorg/jruby/runtime/buil
Event: 10,419 Thread 0x00007f39ec00a800 Uncommon trap: reason=bimorphic action=maybe_recompile pc=0x00007f39e9170b68 method=org.jruby.ast.DAsgnNode.interpret(Lorg/jruby/Ruby;Lorg/jruby/runtime/ThreadContext;Lorg/jruby/runtime/builtin/IRubyObject;Lorg/jruby/runtime/Block;)Lorg/jruby/runtime/buil
Event: 10,450 Thread 0x00007f39ec00a800 Uncommon trap: reason=class_check action=maybe_recompile pc=0x00007f39e90d6ef8 method=org.jruby.RubyArray.compare(Lorg/jruby/runtime/ThreadContext;Lorg/jruby/runtime/invokedynamic/MethodNames;Lorg/jruby/runtime/builtin/IRubyObject;)Lorg/jruby/RubyBoolean;
Event: 10,508 Thread 0x00007f39ec00a800 Uncommon trap: reason=class_check action=maybe_recompile pc=0x00007f39e90d6ef8 method=org.jruby.RubyArray.compare(Lorg/jruby/runtime/ThreadContext;Lorg/jruby/runtime/invokedynamic/MethodNames;Lorg/jruby/runtime/builtin/IRubyObject;)Lorg/jruby/RubyBoolean;
Event: 10,577 Thread 0x00007f39ec00a800 Uncommon trap: reason=class_check action=maybe_recompile pc=0x00007f39e90d6ef8 method=org.jruby.RubyArray.compare(Lorg/jruby/runtime/ThreadContext;Lorg/jruby/runtime/invokedynamic/MethodNames;Lorg/jruby/runtime/builtin/IRubyObject;)Lorg/jruby/RubyBoolean;
Event: 10,580 Thread 0x00007f39ec00a800 Uncommon trap: reason=class_check action=maybe_recompile pc=0x00007f39e9111884 method=org.jruby.ext.ffi.StructByReference.to_native(Lorg/jruby/runtime/ThreadContext;Lorg/jruby/runtime/builtin/IRubyObject;Lorg/jruby/runtime/builtin/IRubyObject;)Lorg/jruby/
Event: 10,583 Thread 0x00007f39ec00a800 Uncommon trap: reason=class_check action=maybe_recompile pc=0x00007f39e9178264 method=org.jruby.runtime.ivars.VariableAccessor.get(Ljava/lang/Object;)Ljava/lang/Object; @ 1
Event: 10,583 Thread 0x00007f39ec00a800 Uncommon trap: reason=class_check action=maybe_recompile pc=0x00007f39e9178264 method=org.jruby.runtime.ivars.VariableAccessor.get(Ljava/lang/Object;)Ljava/lang/Object; @ 1
Event: 10,583 Thread 0x00007f39ec00a800 Uncommon trap: reason=class_check action=maybe_recompile pc=0x00007f39e9178264 method=org.jruby.runtime.ivars.VariableAccessor.get(Ljava/lang/Object;)Ljava/lang/Object; @ 1
Event: 10,583 Thread 0x00007f39ec00a800 Uncommon trap: reason=class_check action=maybe_recompile pc=0x00007f39e9178264 method=org.jruby.runtime.ivars.VariableAccessor.get(Ljava/lang/Object;)Ljava/lang/Object; @ 1

Internal exceptions (10 events):
Event: 9,260 Thread 0x00007f39ec00a800 Threw 0x00000000f5a8d898 at /build/buildd/openjdk-7-7u51-2.4.4/build/openjdk/hotspot/src/share/vm/prims/jvm.cpp:1244
Event: 9,260 Thread 0x00007f39ec00a800 Threw 0x00000000f5a8e348 at /build/buildd/openjdk-7-7u51-2.4.4/build/openjdk/hotspot/src/share/vm/prims/jvm.cpp:1244
Event: 9,263 Thread 0x00007f39ec00a800 Threw 0x00000000f5a99f78 at /build/buildd/openjdk-7-7u51-2.4.4/build/openjdk/hotspot/src/share/vm/prims/jvm.cpp:1244
Event: 9,264 Thread 0x00007f39ec00a800 Threw 0x00000000f5a9c028 at /build/buildd/openjdk-7-7u51-2.4.4/build/openjdk/hotspot/src/share/vm/prims/jvm.cpp:1244
Event: 9,264 Thread 0x00007f39ec00a800 Threw 0x00000000f5a9cad8 at /build/buildd/openjdk-7-7u51-2.4.4/build/openjdk/hotspot/src/share/vm/prims/jvm.cpp:1244
Event: 9,264 Thread 0x00007f39ec00a800 Threw 0x00000000f5a9e978 at /build/buildd/openjdk-7-7u51-2.4.4/build/openjdk/hotspot/src/share/vm/prims/jvm.cpp:1244
Event: 9,264 Thread 0x00007f39ec00a800 Threw 0x00000000f5aa0a28 at /build/buildd/openjdk-7-7u51-2.4.4/build/openjdk/hotspot/src/share/vm/prims/jvm.cpp:1244
Event: 9,265 Thread 0x00007f39ec00a800 Threw 0x00000000f5aa14e8 at /build/buildd/openjdk-7-7u51-2.4.4/build/openjdk/hotspot/src/share/vm/prims/jvm.cpp:1244
Event: 10,600 Thread 0x00007f39ec460000 Threw 0x00000000f61d42a8 at /build/buildd/openjdk-7-7u51-2.4.4/build/openjdk/hotspot/src/share/vm/prims/jvm.cpp:1244
Event: 10,601 Thread 0x00007f39ec460000 Threw 0x00000000f61d5cb0 at /build/buildd/openjdk-7-7u51-2.4.4/build/openjdk/hotspot/src/share/vm/prims/jvm.cpp:1244

Events (10 events):
Event: 10,583 Thread 0x00007f39ec00a800 DEOPT PACKING pc=0x00007f39e9178264 sp=0x00007f39f28cd210
Event: 10,583 Thread 0x00007f39ec00a800 DEOPT UNPACKING pc=0x00007f39e9039045 sp=0x00007f39f28cd1d8 mode 2
Event: 10,583 Thread 0x00007f39ec00a800 Uncommon trap: trap_request=0xffffffde fr.pc=0x00007f39e9178264
Event: 10,583 Thread 0x00007f39ec00a800 DEOPT PACKING pc=0x00007f39e9178264 sp=0x00007f39f28cd2a0
Event: 10,583 Thread 0x00007f39ec00a800 DEOPT UNPACKING pc=0x00007f39e9039045 sp=0x00007f39f28cd268 mode 2
Event: 10,583 Thread 0x00007f39ec00a800 Uncommon trap: trap_request=0xffffffde fr.pc=0x00007f39e9178264
Event: 10,583 Thread 0x00007f39ec00a800 DEOPT PACKING pc=0x00007f39e9178264 sp=0x00007f39f28cd2a0
Event: 10,583 Thread 0x00007f39ec00a800 DEOPT UNPACKING pc=0x00007f39e9039045 sp=0x00007f39f28cd268 mode 2
Event: 10,600 loading class 0x00007f399c006df0
Event: 10,600 loading class 0x00007f399c006df0 done


Dynamic libraries:
00400000-00401000 r-xp 00000000 08:01 15861394                           /usr/lib/jvm/java-7-openjdk-amd64/jre/bin/java
00600000-00601000 r--p 00000000 08:01 15861394                           /usr/lib/jvm/java-7-openjdk-amd64/jre/bin/java
00601000-00602000 rw-p 00001000 08:01 15861394                           /usr/lib/jvm/java-7-openjdk-amd64/jre/bin/java
00a3e000-00a5f000 rw-p 00000000 00:00 0                                  [heap]
d6600000-d7f00000 rw-p 00000000 00:00 0 
d7f00000-e0c00000 rw-p 00000000 00:00 0 
e0c00000-e3180000 rw-p 00000000 00:00 0 
e3180000-f5900000 rw-p 00000000 00:00 0 
f5900000-f7b00000 rw-p 00000000 00:00 0 
f7b00000-100000000 rw-p 00000000 00:00 0 
7f399c000000-7f399c021000 rw-p 00000000 00:00 0 
7f399c021000-7f39a0000000 ---p 00000000 00:00 0 
7f39a37f3000-7f39a37f5000 r-xp 00000000 08:01 13893852                   /home/alex/Documents/8vo_Semestre/Geometría Computacional/Lab/practica02p1/src/lib/libintersection.so
7f39a37f5000-7f39a39f4000 ---p 00002000 08:01 13893852                   /home/alex/Documents/8vo_Semestre/Geometría Computacional/Lab/practica02p1/src/lib/libintersection.so
7f39a39f4000-7f39a39f5000 r--p 00001000 08:01 13893852                   /home/alex/Documents/8vo_Semestre/Geometría Computacional/Lab/practica02p1/src/lib/libintersection.so
7f39a39f5000-7f39a39f6000 rw-p 00002000 08:01 13893852                   /home/alex/Documents/8vo_Semestre/Geometría Computacional/Lab/practica02p1/src/lib/libintersection.so
7f39a39f6000-7f39a39f9000 r-xp 00000000 08:01 13893851                   /home/alex/Documents/8vo_Semestre/Geometría Computacional/Lab/practica02p1/src/lib/librb_tree.so
7f39a39f9000-7f39a3bf8000 ---p 00003000 08:01 13893851                   /home/alex/Documents/8vo_Semestre/Geometría Computacional/Lab/practica02p1/src/lib/librb_tree.so
7f39a3bf8000-7f39a3bf9000 r--p 00002000 08:01 13893851                   /home/alex/Documents/8vo_Semestre/Geometría Computacional/Lab/practica02p1/src/lib/librb_tree.so
7f39a3bf9000-7f39a3bfa000 rw-p 00003000 08:01 13893851                   /home/alex/Documents/8vo_Semestre/Geometría Computacional/Lab/practica02p1/src/lib/librb_tree.so
7f39a3bfa000-7f39a3bfc000 r-xp 00000000 08:01 13893850                   /home/alex/Documents/8vo_Semestre/Geometría Computacional/Lab/practica02p1/src/lib/libdouble_linked_list.so
7f39a3bfc000-7f39a3dfb000 ---p 00002000 08:01 13893850                   /home/alex/Documents/8vo_Semestre/Geometría Computacional/Lab/practica02p1/src/lib/libdouble_linked_list.so
7f39a3dfb000-7f39a3dfc000 r--p 00001000 08:01 13893850                   /home/alex/Documents/8vo_Semestre/Geometría Computacional/Lab/practica02p1/src/lib/libdouble_linked_list.so
7f39a3dfc000-7f39a3dfd000 rw-p 00002000 08:01 13893850                   /home/alex/Documents/8vo_Semestre/Geometría Computacional/Lab/practica02p1/src/lib/libdouble_linked_list.so
7f39a3dfd000-7f39a3dfe000 r-xp 00000000 08:01 13893835                   /home/alex/Documents/8vo_Semestre/Geometría Computacional/Lab/practica02p1/src/lib/libhalf_edge.so
7f39a3dfe000-7f39a3ffe000 ---p 00001000 08:01 13893835                   /home/alex/Documents/8vo_Semestre/Geometría Computacional/Lab/practica02p1/src/lib/libhalf_edge.so
7f39a3ffe000-7f39a3fff000 r--p 00001000 08:01 13893835                   /home/alex/Documents/8vo_Semestre/Geometría Computacional/Lab/practica02p1/src/lib/libhalf_edge.so
7f39a3fff000-7f39a4000000 rw-p 00002000 08:01 13893835                   /home/alex/Documents/8vo_Semestre/Geometría Computacional/Lab/practica02p1/src/lib/libhalf_edge.so
7f39a4000000-7f39a4021000 rw-p 00000000 00:00 0 
7f39a4021000-7f39a8000000 ---p 00000000 00:00 0 
7f39a8000000-7f39a8021000 rw-p 00000000 00:00 0 
7f39a8021000-7f39ac000000 ---p 00000000 00:00 0 
7f39ac000000-7f39ac028000 rw-p 00000000 00:00 0 
7f39ac028000-7f39b0000000 ---p 00000000 00:00 0 
7f39b0000000-7f39b0021000 rw-p 00000000 00:00 0 
7f39b0021000-7f39b4000000 ---p 00000000 00:00 0 
7f39b4000000-7f39b4021000 rw-p 00000000 00:00 0 
7f39b4021000-7f39b8000000 ---p 00000000 00:00 0 
7f39b8000000-7f39b8021000 rw-p 00000000 00:00 0 
7f39b8021000-7f39bc000000 ---p 00000000 00:00 0 
7f39bc000000-7f39bceeb000 rw-p 00000000 00:00 0 
7f39bceeb000-7f39c0000000 ---p 00000000 00:00 0 
7f39c0000000-7f39c0b5d000 rw-p 00000000 00:00 0 
7f39c0b5d000-7f39c4000000 ---p 00000000 00:00 0 
7f39c4000000-7f39c4021000 rw-p 00000000 00:00 0 
7f39c4021000-7f39c8000000 ---p 00000000 00:00 0 
7f39c8000000-7f39c8021000 rw-p 00000000 00:00 0 
7f39c8021000-7f39cc000000 ---p 00000000 00:00 0 
7f39cc000000-7f39cc071000 rw-p 00000000 00:00 0 
7f39cc071000-7f39d0000000 ---p 00000000 00:00 0 
7f39d0000000-7f39d0021000 rw-p 00000000 00:00 0 
7f39d0021000-7f39d4000000 ---p 00000000 00:00 0 
7f39d4000000-7f39d4021000 rw-p 00000000 00:00 0 
7f39d4021000-7f39d8000000 ---p 00000000 00:00 0 
7f39d812b000-7f39d812c000 r-xp 00000000 08:01 13893834                   /home/alex/Documents/8vo_Semestre/Geometría Computacional/Lab/practica02p1/src/lib/lib2d_points.so
7f39d812c000-7f39d832b000 ---p 00001000 08:01 13893834                   /home/alex/Documents/8vo_Semestre/Geometría Computacional/Lab/practica02p1/src/lib/lib2d_points.so
7f39d832b000-7f39d832c000 r--p 00000000 08:01 13893834                   /home/alex/Documents/8vo_Semestre/Geometría Computacional/Lab/practica02p1/src/lib/lib2d_points.so
7f39d832c000-7f39d832d000 rw-p 00001000 08:01 13893834                   /home/alex/Documents/8vo_Semestre/Geometría Computacional/Lab/practica02p1/src/lib/lib2d_points.so
7f39d832d000-7f39d8330000 ---p 00000000 00:00 0 
7f39d8330000-7f39d852e000 rw-p 00000000 00:00 0 
7f39d852e000-7f39d8531000 ---p 00000000 00:00 0 
7f39d8531000-7f39d872f000 rw-p 00000000 00:00 0                          [stack:22510]
7f39d872f000-7f39d8732000 ---p 00000000 00:00 0 
7f39d8732000-7f39d8930000 rw-p 00000000 00:00 0 
7f39d8ab4000-7f39d8ab7000 ---p 00000000 00:00 0 
7f39d8ab7000-7f39d8cb5000 rw-p 00000000 00:00 0                          [stack:22387]
7f39d8cb5000-7f39d8cc7000 r-xp 00000000 08:01 12059135                   /home/alex/.rbenv/versions/jruby-1.7.10/lib/jni/x86_64-Linux/libjffi-1.2.so
7f39d8cc7000-7f39d8ec6000 ---p 00012000 08:01 12059135                   /home/alex/.rbenv/versions/jruby-1.7.10/lib/jni/x86_64-Linux/libjffi-1.2.so
7f39d8ec6000-7f39d8ec7000 rw-p 00011000 08:01 12059135                   /home/alex/.rbenv/versions/jruby-1.7.10/lib/jni/x86_64-Linux/libjffi-1.2.so
7f39d8ec7000-7f39d8ed7000 r-xp 00000000 08:01 15861288                   /usr/lib/jvm/java-7-openjdk-amd64/jre/lib/amd64/libnio.so
7f39d8ed7000-7f39d90d7000 ---p 00010000 08:01 15861288                   /usr/lib/jvm/java-7-openjdk-amd64/jre/lib/amd64/libnio.so
7f39d90d7000-7f39d90d8000 r--p 00010000 08:01 15861288                   /usr/lib/jvm/java-7-openjdk-amd64/jre/lib/amd64/libnio.so
7f39d90d8000-7f39d90d9000 rw-p 00011000 08:01 15861288                   /usr/lib/jvm/java-7-openjdk-amd64/jre/lib/amd64/libnio.so
7f39d90d9000-7f39d9116000 r-xp 00000000 08:01 8130434                    /lib/x86_64-linux-gnu/libpcre.so.3.13.1
7f39d9116000-7f39d9316000 ---p 0003d000 08:01 8130434                    /lib/x86_64-linux-gnu/libpcre.so.3.13.1
7f39d9316000-7f39d9317000 r--p 0003d000 08:01 8130434                    /lib/x86_64-linux-gnu/libpcre.so.3.13.1
7f39d9317000-7f39d9318000 rw-p 0003e000 08:01 8130434                    /lib/x86_64-linux-gnu/libpcre.so.3.13.1
7f39d9318000-7f39d931f000 r-xp 00000000 08:01 15735894                   /usr/lib/x86_64-linux-gnu/libffi.so.6.0.1
7f39d931f000-7f39d951e000 ---p 00007000 08:01 15735894                   /usr/lib/x86_64-linux-gnu/libffi.so.6.0.1
7f39d951e000-7f39d951f000 r--p 00006000 08:01 15735894                   /usr/lib/x86_64-linux-gnu/libffi.so.6.0.1
7f39d951f000-7f39d9520000 rw-p 00007000 08:01 15735894                   /usr/lib/x86_64-linux-gnu/libffi.so.6.0.1
7f39d9520000-7f39d9536000 r-xp 00000000 08:01 8130457                    /lib/x86_64-linux-gnu/libresolv-2.17.so
7f39d9536000-7f39d9736000 ---p 00016000 08:01 8130457                    /lib/x86_64-linux-gnu/libresolv-2.17.so
7f39d9736000-7f39d9737000 r--p 00016000 08:01 8130457                    /lib/x86_64-linux-gnu/libresolv-2.17.so
7f39d9737000-7f39d9738000 rw-p 00017000 08:01 8130457                    /lib/x86_64-linux-gnu/libresolv-2.17.so
7f39d9738000-7f39d973a000 rw-p 00000000 00:00 0 
7f39d973a000-7f39d9759000 r-xp 00000000 08:01 8130461                    /lib/x86_64-linux-gnu/libselinux.so.1
7f39d9759000-7f39d9959000 ---p 0001f000 08:01 8130461                    /lib/x86_64-linux-gnu/libselinux.so.1
7f39d9959000-7f39d995a000 r--p 0001f000 08:01 8130461                    /lib/x86_64-linux-gnu/libselinux.so.1
7f39d995a000-7f39d995b000 rw-p 00020000 08:01 8130461                    /lib/x86_64-linux-gnu/libselinux.so.1
7f39d995b000-7f39d995c000 rw-p 00000000 00:00 0 
7f39d995c000-7f39d995f000 r-xp 00000000 08:01 15729078                   /usr/lib/x86_64-linux-gnu/libgmodule-2.0.so.0.3800.1
7f39d995f000-7f39d9b5e000 ---p 00003000 08:01 15729078                   /usr/lib/x86_64-linux-gnu/libgmodule-2.0.so.0.3800.1
7f39d9b5e000-7f39d9b5f000 r--p 00002000 08:01 15729078                   /usr/lib/x86_64-linux-gnu/libgmodule-2.0.so.0.3800.1
7f39d9b5f000-7f39d9b60000 rw-p 00003000 08:01 15729078                   /usr/lib/x86_64-linux-gnu/libgmodule-2.0.so.0.3800.1
7f39d9b60000-7f39d9c5e000 r-xp 00000000 08:01 8130449                    /lib/x86_64-linux-gnu/libglib-2.0.so.0.3800.1
7f39d9c5e000-7f39d9e5e000 ---p 000fe000 08:01 8130449                    /lib/x86_64-linux-gnu/libglib-2.0.so.0.3800.1
7f39d9e5e000-7f39d9e5f000 r--p 000fe000 08:01 8130449                    /lib/x86_64-linux-gnu/libglib-2.0.so.0.3800.1
7f39d9e5f000-7f39d9e60000 rw-p 000ff000 08:01 8130449                    /lib/x86_64-linux-gnu/libglib-2.0.so.0.3800.1
7f39d9e60000-7f39d9e61000 rw-p 00000000 00:00 0 
7f39d9e61000-7f39d9eb0000 r-xp 00000000 08:01 15729069                   /usr/lib/x86_64-linux-gnu/libgobject-2.0.so.0.3800.1
7f39d9eb0000-7f39da0b0000 ---p 0004f000 08:01 15729069                   /usr/lib/x86_64-linux-gnu/libgobject-2.0.so.0.3800.1
7f39da0b0000-7f39da0b1000 r--p 0004f000 08:01 15729069                   /usr/lib/x86_64-linux-gnu/libgobject-2.0.so.0.3800.1
7f39da0b1000-7f39da0b2000 rw-p 00050000 08:01 15729069                   /usr/lib/x86_64-linux-gnu/libgobject-2.0.so.0.3800.1
7f39da0b2000-7f39da20e000 r-xp 00000000 08:01 15729043                   /usr/lib/x86_64-linux-gnu/libgio-2.0.so.0.3800.1
7f39da20e000-7f39da40d000 ---p 0015c000 08:01 15729043                   /usr/lib/x86_64-linux-gnu/libgio-2.0.so.0.3800.1
7f39da40d000-7f39da411000 r--p 0015b000 08:01 15729043                   /usr/lib/x86_64-linux-gnu/libgio-2.0.so.0.3800.1
7f39da411000-7f39da413000 rw-p 0015f000 08:01 15729043                   /usr/lib/x86_64-linux-gnu/libgio-2.0.so.0.3800.1
7f39da413000-7f39da415000 rw-p 00000000 00:00 0 
7f39da415000-7f39da42b000 r-xp 00000000 08:01 15861076                   /usr/lib/jvm/java-7-openjdk-amd64/jre/lib/amd64/libnet.so
7f39da42b000-7f39da62a000 ---p 00016000 08:01 15861076                   /usr/lib/jvm/java-7-openjdk-amd64/jre/lib/amd64/libnet.so
7f39da62a000-7f39da62b000 r--p 00015000 08:01 15861076                   /usr/lib/jvm/java-7-openjdk-amd64/jre/lib/amd64/libnet.so
7f39da62b000-7f39da62c000 rw-p 00016000 08:01 15861076                   /usr/lib/jvm/java-7-openjdk-amd64/jre/lib/amd64/libnet.so
7f39da62c000-7f39da62d000 ---p 00000000 00:00 0 
7f39da62d000-7f39da72d000 rw-p 00000000 00:00 0                          [stack:22386]
7f39da72d000-7f39da730000 ---p 00000000 00:00 0 
7f39da730000-7f39da92e000 rw-p 00000000 00:00 0                          [stack:22385]
7f39da92e000-7f39da931000 ---p 00000000 00:00 0 
7f39da931000-7f39daa2f000 rw-p 00000000 00:00 0                          [stack:22384]
7f39daa2f000-7f39daa32000 ---p 00000000 00:00 0 
7f39daa32000-7f39dc000000 rw-p 00000000 00:00 0                          [stack:22383]
7f39dc000000-7f39dc021000 rw-p 00000000 00:00 0 
7f39dc021000-7f39e0000000 ---p 00000000 00:00 0 
7f39e0000000-7f39e0021000 rw-p 00000000 00:00 0 
7f39e0021000-7f39e4000000 ---p 00000000 00:00 0 
7f39e4000000-7f39e4021000 rw-p 00000000 00:00 0 
7f39e4021000-7f39e8000000 ---p 00000000 00:00 0 
7f39e80be000-7f39e80c1000 ---p 00000000 00:00 0 
7f39e80c1000-7f39e80f7000 rw-p 00000000 00:00 0                          [stack:22390]
7f39e80f7000-7f39e80fe000 r--s 00000000 08:01 16127910                   /usr/lib/x86_64-linux-gnu/gconv/gconv-modules.cache
7f39e80fe000-7f39e8101000 ---p 00000000 00:00 0 
7f39e8101000-7f39e82ff000 rw-p 00000000 00:00 0                          [stack:22382]
7f39e82ff000-7f39e86f9000 r--p 00000000 08:01 15734328                   /usr/lib/locale/locale-archive
7f39e86f9000-7f39e86fc000 ---p 00000000 00:00 0 
7f39e86fc000-7f39e88fa000 rw-p 00000000 00:00 0                          [stack:22381]
7f39e88fa000-7f39e88fd000 ---p 00000000 00:00 0 
7f39e88fd000-7f39e8afb000 rw-p 00000000 00:00 0                          [stack:22380]
7f39e8afb000-7f39e8afc000 ---p 00000000 00:00 0 
7f39e8afc000-7f39e9000000 rw-p 00000000 00:00 0                          [stack:22379]
7f39e9000000-7f39e9270000 rwxp 00000000 00:00 0 
7f39e9270000-7f39ec4dc000 rw-p 00000000 00:00 0 
7f39ec4dc000-7f39f0000000 ---p 00000000 00:00 0 
7f39f0000000-7f39f0001000 rw-p 00000000 00:00 0 
7f39f0001000-7f39f0002000 r-xp 00000000 00:00 0 
7f39f0002000-7f39f0004000 r--s 00012000 08:01 15861308                   /usr/lib/jvm/java-7-openjdk-amd64/jre/lib/ext/zipfs.jar
7f39f0004000-7f39f0007000 r--s 00032000 08:01 15861310                   /usr/lib/jvm/java-7-openjdk-amd64/jre/lib/ext/sunjce_provider.jar
7f39f0007000-7f39f000b000 r--s 00085000 08:01 15861304                   /usr/lib/jvm/java-7-openjdk-amd64/jre/lib/ext/localedata.jar
7f39f000b000-7f39f000d000 r--s 00006000 08:01 16256853                   /usr/share/java/java-atk-wrapper.jar
7f39f000d000-7f39f000e000 r--s 00002000 08:01 15861314                   /usr/lib/jvm/java-7-openjdk-amd64/jre/lib/ext/dnsns.jar
7f39f000e000-7f39f0011000 r--s 0000f000 08:01 15861306                   /usr/lib/jvm/java-7-openjdk-amd64/jre/lib/ext/pulse-java.jar
7f39f0011000-7f39f0015000 r--s 0003b000 08:01 15861316                   /usr/lib/jvm/java-7-openjdk-amd64/jre/lib/ext/sunpkcs11.jar
7f39f0015000-7f39f0bcd000 rw-p 00000000 00:00 0 
7f39f0bcd000-7f39f0cb6000 r--s 00bb9000 08:01 12059138                   /home/alex/.rbenv/versions/jruby-1.7.10/lib/jruby.jar
7f39f0cb6000-7f39f0cfe000 rw-p 00000000 00:00 0 
7f39f0cfe000-7f39f0eac000 r--s 01cf4000 08:01 15861374                   /usr/lib/jvm/java-7-openjdk-amd64/jre/lib/rt.jar
7f39f0eac000-7f39f10f2000 rw-p 00000000 00:00 0 
7f39f10f2000-7f39f10f3000 ---p 00000000 00:00 0 
7f39f10f3000-7f39f11f3000 rw-p 00000000 00:00 0                          [stack:22378]
7f39f11f3000-7f39f11f4000 ---p 00000000 00:00 0 
7f39f11f4000-7f39f12f4000 rw-p 00000000 00:00 0                          [stack:22377]
7f39f12f4000-7f39f12f5000 ---p 00000000 00:00 0 
7f39f12f5000-7f39f13f5000 rw-p 00000000 00:00 0                          [stack:22376]
7f39f13f5000-7f39f13f6000 ---p 00000000 00:00 0 
7f39f13f6000-7f39f1503000 rw-p 00000000 00:00 0                          [stack:22375]
7f39f1503000-7f39f1549000 rw-p 00000000 00:00 0 
7f39f1549000-7f39f155c000 rw-p 00000000 00:00 0 
7f39f155c000-7f39f15ef000 rw-p 00000000 00:00 0 
7f39f15ef000-7f39f1601000 rw-p 00000000 00:00 0 
7f39f1601000-7f39f1643000 rw-p 00000000 00:00 0 
7f39f1643000-7f39f1644000 rw-p 00000000 00:00 0 
7f39f1644000-7f39f164c000 r-xp 00000000 08:01 15861025                   /usr/lib/jvm/java-7-openjdk-amd64/jre/lib/amd64/libzip.so
7f39f164c000-7f39f184b000 ---p 00008000 08:01 15861025                   /usr/lib/jvm/java-7-openjdk-amd64/jre/lib/amd64/libzip.so
7f39f184b000-7f39f184c000 r--p 00007000 08:01 15861025                   /usr/lib/jvm/java-7-openjdk-amd64/jre/lib/amd64/libzip.so
7f39f184c000-7f39f184d000 rw-p 00008000 08:01 15861025                   /usr/lib/jvm/java-7-openjdk-amd64/jre/lib/amd64/libzip.so
7f39f184d000-7f39f1859000 r-xp 00000000 08:01 8130412                    /lib/x86_64-linux-gnu/libnss_files-2.17.so
7f39f1859000-7f39f1a58000 ---p 0000c000 08:01 8130412                    /lib/x86_64-linux-gnu/libnss_files-2.17.so
7f39f1a58000-7f39f1a59000 r--p 0000b000 08:01 8130412                    /lib/x86_64-linux-gnu/libnss_files-2.17.so
7f39f1a59000-7f39f1a5a000 rw-p 0000c000 08:01 8130412                    /lib/x86_64-linux-gnu/libnss_files-2.17.so
7f39f1a5a000-7f39f1a65000 r-xp 00000000 08:01 8130416                    /lib/x86_64-linux-gnu/libnss_nis-2.17.so
7f39f1a65000-7f39f1c64000 ---p 0000b000 08:01 8130416                    /lib/x86_64-linux-gnu/libnss_nis-2.17.so
7f39f1c64000-7f39f1c65000 r--p 0000a000 08:01 8130416                    /lib/x86_64-linux-gnu/libnss_nis-2.17.so
7f39f1c65000-7f39f1c66000 rw-p 0000b000 08:01 8130416                    /lib/x86_64-linux-gnu/libnss_nis-2.17.so
7f39f1c66000-7f39f1c7d000 r-xp 00000000 08:01 8130406                    /lib/x86_64-linux-gnu/libnsl-2.17.so
7f39f1c7d000-7f39f1e7c000 ---p 00017000 08:01 8130406                    /lib/x86_64-linux-gnu/libnsl-2.17.so
7f39f1e7c000-7f39f1e7d000 r--p 00016000 08:01 8130406                    /lib/x86_64-linux-gnu/libnsl-2.17.so
7f39f1e7d000-7f39f1e7e000 rw-p 00017000 08:01 8130406                    /lib/x86_64-linux-gnu/libnsl-2.17.so
7f39f1e7e000-7f39f1e80000 rw-p 00000000 00:00 0 
7f39f1e80000-7f39f1e88000 r-xp 00000000 08:01 8130408                    /lib/x86_64-linux-gnu/libnss_compat-2.17.so
7f39f1e88000-7f39f2087000 ---p 00008000 08:01 8130408                    /lib/x86_64-linux-gnu/libnss_compat-2.17.so
7f39f2087000-7f39f2088000 r--p 00007000 08:01 8130408                    /lib/x86_64-linux-gnu/libnss_compat-2.17.so
7f39f2088000-7f39f2089000 rw-p 00008000 08:01 8130408                    /lib/x86_64-linux-gnu/libnss_compat-2.17.so
7f39f2089000-7f39f20b4000 r-xp 00000000 08:01 15860951                   /usr/lib/jvm/java-7-openjdk-amd64/jre/lib/amd64/libjava.so
7f39f20b4000-7f39f22b3000 ---p 0002b000 08:01 15860951                   /usr/lib/jvm/java-7-openjdk-amd64/jre/lib/amd64/libjava.so
7f39f22b3000-7f39f22b4000 r--p 0002a000 08:01 15860951                   /usr/lib/jvm/java-7-openjdk-amd64/jre/lib/amd64/libjava.so
7f39f22b4000-7f39f22b6000 rw-p 0002b000 08:01 15860951                   /usr/lib/jvm/java-7-openjdk-amd64/jre/lib/amd64/libjava.so
7f39f22b6000-7f39f22c6000 r-xp 00000000 08:01 15861265                   /usr/lib/jvm/java-7-openjdk-amd64/jre/lib/amd64/libverify.so
7f39f22c6000-7f39f24c5000 ---p 00010000 08:01 15861265                   /usr/lib/jvm/java-7-openjdk-amd64/jre/lib/amd64/libverify.so
7f39f24c5000-7f39f24c7000 r--p 0000f000 08:01 15861265                   /usr/lib/jvm/java-7-openjdk-amd64/jre/lib/amd64/libverify.so
7f39f24c7000-7f39f24c8000 rw-p 00011000 08:01 15861265                   /usr/lib/jvm/java-7-openjdk-amd64/jre/lib/amd64/libverify.so
7f39f24c8000-7f39f24cf000 r-xp 00000000 08:01 8130459                    /lib/x86_64-linux-gnu/librt-2.17.so
7f39f24cf000-7f39f26ce000 ---p 00007000 08:01 8130459                    /lib/x86_64-linux-gnu/librt-2.17.so
7f39f26ce000-7f39f26cf000 r--p 00006000 08:01 8130459                    /lib/x86_64-linux-gnu/librt-2.17.so
7f39f26cf000-7f39f26d0000 rw-p 00007000 08:01 8130459                    /lib/x86_64-linux-gnu/librt-2.17.so
7f39f26d0000-7f39f26d3000 ---p 00000000 00:00 0 
7f39f26d3000-7f39f28d1000 rw-p 00000000 00:00 0                          [stack:22374]
7f39f28d1000-7f39f28e6000 r-xp 00000000 08:01 8126477                    /lib/x86_64-linux-gnu/libgcc_s.so.1
7f39f28e6000-7f39f2ae5000 ---p 00015000 08:01 8126477                    /lib/x86_64-linux-gnu/libgcc_s.so.1
7f39f2ae5000-7f39f2ae6000 r--p 00014000 08:01 8126477                    /lib/x86_64-linux-gnu/libgcc_s.so.1
7f39f2ae6000-7f39f2ae7000 rw-p 00015000 08:01 8126477                    /lib/x86_64-linux-gnu/libgcc_s.so.1
7f39f2ae7000-7f39f2bea000 r-xp 00000000 08:01 8130387                    /lib/x86_64-linux-gnu/libm-2.17.so
7f39f2bea000-7f39f2de9000 ---p 00103000 08:01 8130387                    /lib/x86_64-linux-gnu/libm-2.17.so
7f39f2de9000-7f39f2dea000 r--p 00102000 08:01 8130387                    /lib/x86_64-linux-gnu/libm-2.17.so
7f39f2dea000-7f39f2deb000 rw-p 00103000 08:01 8130387                    /lib/x86_64-linux-gnu/libm-2.17.so
7f39f2deb000-7f39f2ed1000 r-xp 00000000 08:01 15729831                   /usr/lib/x86_64-linux-gnu/libstdc++.so.6.0.18
7f39f2ed1000-7f39f30d0000 ---p 000e6000 08:01 15729831                   /usr/lib/x86_64-linux-gnu/libstdc++.so.6.0.18
7f39f30d0000-7f39f30d8000 r--p 000e5000 08:01 15729831                   /usr/lib/x86_64-linux-gnu/libstdc++.so.6.0.18
7f39f30d8000-7f39f30da000 rw-p 000ed000 08:01 15729831                   /usr/lib/x86_64-linux-gnu/libstdc++.so.6.0.18
7f39f30da000-7f39f30ef000 rw-p 00000000 00:00 0 
7f39f30ef000-7f39f3bce000 r-xp 00000000 08:01 15861284                   /usr/lib/jvm/java-7-openjdk-amd64/jre/lib/amd64/server/libjvm.so
7f39f3bce000-7f39f3dcd000 ---p 00adf000 08:01 15861284                   /usr/lib/jvm/java-7-openjdk-amd64/jre/lib/amd64/server/libjvm.so
7f39f3dcd000-7f39f3e5f000 r--p 00ade000 08:01 15861284                   /usr/lib/jvm/java-7-openjdk-amd64/jre/lib/amd64/server/libjvm.so
7f39f3e5f000-7f39f3e82000 rw-p 00b70000 08:01 15861284                   /usr/lib/jvm/java-7-openjdk-amd64/jre/lib/amd64/server/libjvm.so
7f39f3e82000-7f39f3eaf000 rw-p 00000000 00:00 0 
7f39f3eaf000-7f39f3ec7000 r-xp 00000000 08:01 8130494                    /lib/x86_64-linux-gnu/libz.so.1.2.8
7f39f3ec7000-7f39f40c6000 ---p 00018000 08:01 8130494                    /lib/x86_64-linux-gnu/libz.so.1.2.8
7f39f40c6000-7f39f40c7000 r--p 00017000 08:01 8130494                    /lib/x86_64-linux-gnu/libz.so.1.2.8
7f39f40c7000-7f39f40c8000 rw-p 00018000 08:01 8130494                    /lib/x86_64-linux-gnu/libz.so.1.2.8
7f39f40c8000-7f39f40df000 r-xp 00000000 08:01 8130451                    /lib/x86_64-linux-gnu/libpthread-2.17.so
7f39f40df000-7f39f42df000 ---p 00017000 08:01 8130451                    /lib/x86_64-linux-gnu/libpthread-2.17.so
7f39f42df000-7f39f42e0000 r--p 00017000 08:01 8130451                    /lib/x86_64-linux-gnu/libpthread-2.17.so
7f39f42e0000-7f39f42e1000 rw-p 00018000 08:01 8130451                    /lib/x86_64-linux-gnu/libpthread-2.17.so
7f39f42e1000-7f39f42e5000 rw-p 00000000 00:00 0 
7f39f42e5000-7f39f42e8000 r-xp 00000000 08:01 8130351                    /lib/x86_64-linux-gnu/libdl-2.17.so
7f39f42e8000-7f39f44e7000 ---p 00003000 08:01 8130351                    /lib/x86_64-linux-gnu/libdl-2.17.so
7f39f44e7000-7f39f44e8000 r--p 00002000 08:01 8130351                    /lib/x86_64-linux-gnu/libdl-2.17.so
7f39f44e8000-7f39f44e9000 rw-p 00003000 08:01 8130351                    /lib/x86_64-linux-gnu/libdl-2.17.so
7f39f44e9000-7f39f46a6000 r-xp 00000000 08:01 8130336                    /lib/x86_64-linux-gnu/libc-2.17.so
7f39f46a6000-7f39f48a6000 ---p 001bd000 08:01 8130336                    /lib/x86_64-linux-gnu/libc-2.17.so
7f39f48a6000-7f39f48aa000 r--p 001bd000 08:01 8130336                    /lib/x86_64-linux-gnu/libc-2.17.so
7f39f48aa000-7f39f48ac000 rw-p 001c1000 08:01 8130336                    /lib/x86_64-linux-gnu/libc-2.17.so
7f39f48ac000-7f39f48b1000 rw-p 00000000 00:00 0 
7f39f48b1000-7f39f48be000 r-xp 00000000 08:01 15861291                   /usr/lib/jvm/java-7-openjdk-amd64/jre/lib/amd64/jli/libjli.so
7f39f48be000-7f39f4abd000 ---p 0000d000 08:01 15861291                   /usr/lib/jvm/java-7-openjdk-amd64/jre/lib/amd64/jli/libjli.so
7f39f4abd000-7f39f4abe000 r--p 0000c000 08:01 15861291                   /usr/lib/jvm/java-7-openjdk-amd64/jre/lib/amd64/jli/libjli.so
7f39f4abe000-7f39f4abf000 rw-p 0000d000 08:01 15861291                   /usr/lib/jvm/java-7-openjdk-amd64/jre/lib/amd64/jli/libjli.so
7f39f4abf000-7f39f4ae2000 r-xp 00000000 08:01 8130312                    /lib/x86_64-linux-gnu/ld-2.17.so
7f39f4ae2000-7f39f4ae7000 r--s 0004c000 08:01 15861296                   /usr/lib/jvm/java-7-openjdk-amd64/jre/lib/jsse.jar
7f39f4ae7000-7f39f4b15000 rw-p 00000000 00:00 0 
7f39f4b15000-7f39f4b5b000 rw-p 00000000 00:00 0 
7f39f4b5b000-7f39f4b6e000 rw-p 00000000 00:00 0 
7f39f4b6e000-7f39f4c02000 rw-p 00000000 00:00 0 
7f39f4c02000-7f39f4c0c000 rw-p 00000000 00:00 0 
7f39f4c0c000-7f39f4cc2000 rw-p 00000000 00:00 0 
7f39f4cc2000-7f39f4cd5000 rw-p 00000000 00:00 0 
7f39f4cd5000-7f39f4cdd000 rw-s 00000000 08:01 5767366                    /tmp/hsperfdata_alex/22349
7f39f4cdd000-7f39f4cde000 rw-p 00000000 00:00 0 
7f39f4cde000-7f39f4cdf000 r--p 00000000 00:00 0 
7f39f4cdf000-7f39f4ce1000 rw-p 00000000 00:00 0 
7f39f4ce1000-7f39f4ce2000 r--p 00022000 08:01 8130312                    /lib/x86_64-linux-gnu/ld-2.17.so
7f39f4ce2000-7f39f4ce4000 rw-p 00023000 08:01 8130312                    /lib/x86_64-linux-gnu/ld-2.17.so
7fff5812d000-7fff5814e000 rw-p 00000000 00:00 0                          [stack]
7fff581fe000-7fff58200000 r-xp 00000000 00:00 0                          [vdso]
ffffffffff600000-ffffffffff601000 r-xp 00000000 00:00 0                  [vsyscall]

VM Arguments:
jvm_args: -Djdk.home= -Djruby.home=/home/alex/.rbenv/versions/jruby-1.7.10 -Djruby.script=jruby -Djruby.shell=/bin/sh -Djffi.boot.library.path=/home/alex/.rbenv/versions/jruby-1.7.10/lib/jni:/home/alex/.rbenv/versions/jruby-1.7.10/lib/jni/i386-Linux:/home/alex/.rbenv/versions/jruby-1.7.10/lib/jni/arm-Linux:/home/alex/.rbenv/versions/jruby-1.7.10/lib/jni/x86_64-Linux -Xmx500m -Xss2048k -Xbootclasspath/a:/home/alex/.rbenv/versions/jruby-1.7.10/lib/jruby.jar 
java_command: org/jruby/Main Makefile.rb clean compile test clean
Launcher Type: SUN_STANDARD

Environment Variables:
PATH=/home/alex/.rbenv/versions/jruby-1.7.10/bin:/home/alex/.rbenv/libexec:/home/alex/.rbenv/plugins/ruby-build/bin:/home/alex/.rbenv/shims:~/.rbenv/bin:~/.rbenv/bin:/usr/local/sbin:/usr/local/bin:/usr/sbin:/usr/bin:/sbin:/bin:/usr/games:/usr/local/games
USERNAME=alex
SHELL=/bin/bash
DISPLAY=:0

Signal Handlers:
SIGSEGV: [libjvm.so+0x916ea0], sa_mask[0]=0x7ffbfeff, sa_flags=0x10000004
SIGBUS: [libjvm.so+0x916ea0], sa_mask[0]=0x7ffbfeff, sa_flags=0x10000004
SIGFPE: [libjvm.so+0x794800], sa_mask[0]=0x7ffbfeff, sa_flags=0x10000004
SIGPIPE: [libjvm.so+0x794800], sa_mask[0]=0x7ffbfeff, sa_flags=0x10000004
SIGXFSZ: [libjvm.so+0x794800], sa_mask[0]=0x7ffbfeff, sa_flags=0x10000004
SIGILL: [libjvm.so+0x794800], sa_mask[0]=0x7ffbfeff, sa_flags=0x10000004
SIGUSR1: SIG_DFL, sa_mask[0]=0x00000000, sa_flags=0x00000000
SIGUSR2: [libjvm.so+0x7946a0], sa_mask[0]=0x00000000, sa_flags=0x10000004
SIGHUP: [libjvm.so+0x794880], sa_mask[0]=0x7ffbfeff, sa_flags=0x10000004
SIGINT: [libjvm.so+0x794880], sa_mask[0]=0x7ffbfeff, sa_flags=0x10000004
SIGTERM: [libjvm.so+0x794880], sa_mask[0]=0x7ffbfeff, sa_flags=0x10000004
SIGQUIT: [libjvm.so+0x794880], sa_mask[0]=0x7ffbfeff, sa_flags=0x10000004


---------------  S Y S T E M  ---------------

OS:LinuxMint 16 (petra)
uname:Linux 3.11.0-12-generic #19-Ubuntu SMP Wed Oct 9 16:20:46 UTC 2013 x86_64
libc:glibc 2.17 NPTL 2.17 
rlimit: STACK 8192k, CORE 0k, NPROC 28798, NOFILE 4096, AS infinity
load average:0,85 0,70 0,59

/proc/meminfo:
MemTotal:        3715476 kB
MemFree:         1470156 kB
Buffers:           80768 kB
Cached:          1145844 kB
SwapCached:           28 kB
Active:          1278008 kB
Inactive:         776748 kB
Active(anon):     718104 kB
Inactive(anon):   326376 kB
Active(file):     559904 kB
Inactive(file):   450372 kB
Unevictable:          44 kB
Mlocked:              44 kB
SwapTotal:       3856380 kB
SwapFree:        3855740 kB
Dirty:               348 kB
Writeback:             0 kB
AnonPages:        828364 kB
Mapped:           184540 kB
Shmem:            216336 kB
Slab:             111524 kB
SReclaimable:      83576 kB
SUnreclaim:        27948 kB
KernelStack:        3744 kB
PageTables:        27212 kB
NFS_Unstable:          0 kB
Bounce:                0 kB
WritebackTmp:          0 kB
CommitLimit:     5714116 kB
Committed_AS:    3401096 kB
VmallocTotal:   34359738367 kB
VmallocUsed:      414940 kB
VmallocChunk:   34359311484 kB
HardwareCorrupted:     0 kB
AnonHugePages:         0 kB
HugePages_Total:       0
HugePages_Free:        0
HugePages_Rsvd:        0
HugePages_Surp:        0
Hugepagesize:       2048 kB
DirectMap4k:       56528 kB
DirectMap2M:     3801088 kB


CPU:total 4 (2 cores per cpu, 2 threads per core) family 6 model 37 stepping 5, cmov, cx8, fxsr, mmx, sse, sse2, sse3, ssse3, sse4.1, sse4.2, popcnt, ht, tsc, tscinvbit

/proc/cpuinfo:
processor	: 0
vendor_id	: GenuineIntel
cpu family	: 6
model		: 37
model name	: Intel(R) Core(TM) i3 CPU       M 380  @ 2.53GHz
stepping	: 5
microcode	: 0x2
cpu MHz		: 933.000
cache size	: 3072 KB
physical id	: 0
siblings	: 4
core id		: 0
cpu cores	: 2
apicid		: 0
initial apicid	: 0
fpu		: yes
fpu_exception	: yes
cpuid level	: 11
wp		: yes
flags		: fpu vme de pse tsc msr pae mce cx8 apic sep mtrr pge mca cmov pat pse36 clflush dts acpi mmx fxsr sse sse2 ss ht tm pbe syscall nx rdtscp lm constant_tsc arch_perfmon pebs bts rep_good nopl xtopology nonstop_tsc aperfmperf pni dtes64 monitor ds_cpl vmx est tm2 ssse3 cx16 xtpr pdcm pcid sse4_1 sse4_2 popcnt lahf_lm arat dtherm tpr_shadow vnmi flexpriority ept vpid
bogomips	: 5054.41
clflush size	: 64
cache_alignment	: 64
address sizes	: 36 bits physical, 48 bits virtual
power management:

processor	: 1
vendor_id	: GenuineIntel
cpu family	: 6
model		: 37
model name	: Intel(R) Core(TM) i3 CPU       M 380  @ 2.53GHz
stepping	: 5
microcode	: 0x2
cpu MHz		: 933.000
cache size	: 3072 KB
physical id	: 0
siblings	: 4
core id		: 0
cpu cores	: 2
apicid		: 1
initial apicid	: 1
fpu		: yes
fpu_exception	: yes
cpuid level	: 11
wp		: yes
flags		: fpu vme de pse tsc msr pae mce cx8 apic sep mtrr pge mca cmov pat pse36 clflush dts acpi mmx fxsr sse sse2 ss ht tm pbe syscall nx rdtscp lm constant_tsc arch_perfmon pebs bts rep_good nopl xtopology nonstop_tsc aperfmperf pni dtes64 monitor ds_cpl vmx est tm2 ssse3 cx16 xtpr pdcm pcid sse4_1 sse4_2 popcnt lahf_lm arat dtherm tpr_shadow vnmi flexpriority ept vpid
bogomips	: 5054.41
clflush size	: 64
cache_alignment	: 64
address sizes	: 36 bits physical, 48 bits virtual
power management:

processor	: 2
vendor_id	: GenuineIntel
cpu family	: 6
model		: 37
model name	: Intel(R) Core(TM) i3 CPU       M 380  @ 2.53GHz
stepping	: 5
microcode	: 0x2
cpu MHz		: 933.000
cache size	: 3072 KB
physical id	: 0
siblings	: 4
core id		: 2
cpu cores	: 2
apicid		: 4
initial apicid	: 4
fpu		: yes
fpu_exception	: yes
cpuid level	: 11
wp		: yes
flags		: fpu vme de pse tsc msr pae mce cx8 apic sep mtrr pge mca cmov pat pse36 clflush dts acpi mmx fxsr sse sse2 ss ht tm pbe syscall nx rdtscp lm constant_tsc arch_perfmon pebs bts rep_good nopl xtopology nonstop_tsc aperfmperf pni dtes64 monitor ds_cpl vmx est tm2 ssse3 cx16 xtpr pdcm pcid sse4_1 sse4_2 popcnt lahf_lm arat dtherm tpr_shadow vnmi flexpriority ept vpid
bogomips	: 5054.41
clflush size	: 64
cache_alignment	: 64
address sizes	: 36 bits physical, 48 bits virtual
power management:

processor	: 3
vendor_id	: GenuineIntel
cpu family	: 6
model		: 37
model name	: Intel(R) Core(TM) i3 CPU       M 380  @ 2.53GHz
stepping	: 5
microcode	: 0x2
cpu MHz		: 933.000
cache size	: 3072 KB
physical id	: 0
siblings	: 4
core id		: 2
cpu cores	: 2
apicid		: 5
initial apicid	: 5
fpu		: yes
fpu_exception	: yes
cpuid level	: 11
wp		: yes
flags		: fpu vme de pse tsc msr pae mce cx8 apic sep mtrr pge mca cmov pat pse36 clflush dts acpi mmx fxsr sse sse2 ss ht tm pbe syscall nx rdtscp lm constant_tsc arch_perfmon pebs bts rep_good nopl xtopology nonstop_tsc aperfmperf pni dtes64 monitor ds_cpl vmx est tm2 ssse3 cx16 xtpr pdcm pcid sse4_1 sse4_2 popcnt lahf_lm arat dtherm tpr_shadow vnmi flexpriority ept vpid
bogomips	: 5054.41
clflush size	: 64
cache_alignment	: 64
address sizes	: 36 bits physical, 48 bits virtual
power management:



Memory: 4k page, physical 3715476k(1470156k free), swap 3856380k(3855740k free)

vm_info: OpenJDK 64-Bit Server VM (24.45-b08) for linux-amd64 JRE (1.7.0_51-b00), built on Jan 15 2014 22:02:57 by "buildd" with gcc 4.8.1

time: Mon Apr 21 21:42:19 2014
elapsed time: 10 seconds

