#
# A fatal error has been detected by the Java Runtime Environment:
#
#  SIGSEGV (0xb) at pc=0x00007fc8b4979e5e, pid=15906, tid=140500314126080
#
# JRE version: OpenJDK Runtime Environment (7.0_51) (build 1.7.0_51-b00)
# Java VM: OpenJDK 64-Bit Server VM (24.45-b08 mixed mode linux-amd64 compressed oops)
# Problematic frame:
# C  [librb_tree.so+0xe5e]  rb_less_than+0x19
#
# Failed to write core dump. Core dumps have been disabled. To enable core dumping, try "ulimit -c unlimited" before starting Java again
#
# If you would like to submit a bug report, please include
# instructions on how to reproduce the bug and visit:
#   http://icedtea.classpath.org/bugzilla
# The crash happened outside the Java Virtual Machine in native code.
# See problematic frame for where to report the bug.
#

---------------  T H R E A D  ---------------

Current thread (0x00007fc8c000a800):  JavaThread "main" [_thread_in_native, id=15931, stack(0x00007fc8c7307000,0x00007fc8c7508000)]

siginfo:si_signo=SIGSEGV: si_errno=0, si_code=1 (SEGV_MAPERR), si_addr=0x0000000000000000

Registers:
RAX=0x0000000000000000, RBX=0x00000000d79ae250, RCX=0x0000000000000000, RDX=0x0000000000000000
RSP=0x00007fc8c7504fe0, RBP=0x00007fc8c7504fe0, RSI=0x0000000000000000, RDI=0x0000000000000001
R8 =0x00007fc8c7507700, R9 =0x0000000000000028, R10=0x0000000000000003, R11=0x00007fc8c0000078
R12=0x0000000000000000, R13=0x00000000d79ae250, R14=0x00007fc8c7505168, R15=0x00007fc8c000a800
RIP=0x00007fc8b4979e5e, EFLAGS=0x0000000000010246, CSGSFS=0x0000000000000033, ERR=0x0000000000000004
  TRAPNO=0x000000000000000e

Top of Stack: (sp=0x00007fc8c7504fe0)
0x00007fc8c7504fe0:   00007fc8c7505020 00007fc8b497a85a
0x00007fc8c7504ff0:   0000000000000000 00007fc8c0489010
0x00007fc8c7505000:   00007fc8c0489010 00007fc8c0489030
0x00007fc8c7505010:   00007fc8c0489030 00007fc8c0489030
0x00007fc8c7505020:   00007fc8c7505080 00007fc8b4777af7
0x00007fc8c7505030:   00000000d6b35ab0 00007fc8c0488db0
0x00007fc8c7505040:   00007fc8c75050b0 00007fc8c0488ed0
0x00007fc8c7505050:   00007fc8c0488ff0 00007fc8c0489010
0x00007fc8c7505060:   00007fc8c046f140 00007fc8c049fa80
0x00007fc8c7505070:   0000000000000000 0000000000000000
0x00007fc8c7505080:   00007fc8c0412f70 00007fc8b5990cd9
0x00007fc8c7505090:   00000000d7d32d60 00000000d79ae250
0x00007fc8c75050a0:   00007fc8c7505120 00007fc8bd012738
0x00007fc8c75050b0:   00007fc8c7505110 00007fc8bd006233
0x00007fc8c75050c0:   00000000f5a71be8 00000000f5aa08b8
0x00007fc8c75050d0:   00007fc8c75050d0 00000000d69ff00f
0x00007fc8c75050e0:   00007fc8c75050e0 0000000000000000
0x00007fc8c75050f0:   00007fc8c7505168 00000000d79b6778
0x00007fc8c7505100:   0000000000000000 00000000d79ae250
0x00007fc8c7505110:   0000000000000000 00007fc8c7505140
0x00007fc8c7505120:   00007fc8c75051b0 00007fc8bd006175
0x00007fc8c7505130:   00000000e11745f0 00007fc8bd00ecd7
0x00007fc8c7505140:   00007fc8c0488db0 00007fc8bd11a92c
0x00007fc8c7505150:   00007fc8b4777995 00000000f5928e48
0x00007fc8c7505160:   00007fc8c0412f70 00000000d69fba80
0x00007fc8c7505170:   00007fc8c7505170 00000000d7aab0b7
0x00007fc8c7505180:   00007fc8c75051e8 00000000d7ab7310
0x00007fc8c7505190:   00000000d7edbb90 00000000d7aab0f8
0x00007fc8c75051a0:   00007fc8c7505140 00007fc8c75051c0
0x00007fc8c75051b0:   00007fc8c7505238 00007fc8bd006175
0x00007fc8c75051c0:   00007fc8c0488db0 00000000f649f8f8
0x00007fc8c75051d0:   00007fc8b4777995 0000000000000000 

Instructions: (pc=0x00007fc8b4979e5e)
0x00007fc8b4979e3e:   97 c0 0f b6 c0 5d c3 55 48 89 e5 89 7d fc 48 89
0x00007fc8b4979e4e:   75 f0 48 89 55 e8 83 7d fc 01 75 1c 48 8b 45 f0
0x00007fc8b4979e5e:   f2 0f 10 08 48 8b 45 e8 f2 0f 10 00 66 0f 2e c1
0x00007fc8b4979e6e:   0f 97 c0 0f b6 c0 eb 1c 48 8b 45 f0 f2 0f 10 48 

Register to memory mapping:

RAX=0x0000000000000000 is an unknown value
RBX=0x00000000d79ae250 is an oop
{method} 
 - klass: {other class}
RCX=0x0000000000000000 is an unknown value
RDX=0x0000000000000000 is an unknown value
RSP=0x00007fc8c7504fe0 is pointing into the stack for thread: 0x00007fc8c000a800
RBP=0x00007fc8c7504fe0 is pointing into the stack for thread: 0x00007fc8c000a800
RSI=0x0000000000000000 is an unknown value
RDI=0x0000000000000001 is an unknown value
R8 =0x00007fc8c7507700 is pointing into the stack for thread: 0x00007fc8c000a800
R9 =0x0000000000000028 is an unknown value
R10=0x0000000000000003 is an unknown value
R11=0x00007fc8c0000078 is an unknown value
R12=0x0000000000000000 is an unknown value
R13=0x00000000d79ae250 is an oop
{method} 
 - klass: {other class}
R14=0x00007fc8c7505168 is pointing into the stack for thread: 0x00007fc8c000a800
R15=0x00007fc8c000a800 is a thread


Stack: [0x00007fc8c7307000,0x00007fc8c7508000],  sp=0x00007fc8c7504fe0,  free space=2039k
Native frames: (J=compiled Java code, j=interpreted, Vv=VM code, C=native code)
C  [librb_tree.so+0xe5e]  rb_less_than+0x19
C  [librb_tree.so+0x185a]  rb_insert+0x4d
C  [libintersection.so+0xaf7]  find_intersections+0x162

Java frames: (J=compiled Java code, j=interpreted, Vv=VM code)
j  com.kenai.jffi.Foreign.invokeL1(JJJ)J+0
j  com.kenai.jffi.Invoker.invokeL1(Lcom/kenai/jffi/CallContext;JJ)J+7
j  org.jruby.ext.ffi.jffi.NativeInvoker$ffi$8.call(Lorg/jruby/runtime/ThreadContext;Lorg/jruby/runtime/builtin/IRubyObject;Lorg/jruby/RubyModule;Ljava/lang/String;Lorg/jruby/runtime/builtin/IRubyObject;)Lorg/jruby/runtime/builtin/IRubyObject;+76
j  org.jruby.runtime.callsite.CachingCallSite.cacheAndCall(Lorg/jruby/runtime/builtin/IRubyObject;Lorg/jruby/RubyClass;Lorg/jruby/runtime/ThreadContext;Lorg/jruby/runtime/builtin/IRubyObject;Lorg/jruby/runtime/builtin/IRubyObject;)Lorg/jruby/runtime/builtin/IRubyObject;+57
J  org.jruby.runtime.callsite.CachingCallSite.call(Lorg/jruby/runtime/ThreadContext;Lorg/jruby/runtime/builtin/IRubyObject;Lorg/jruby/runtime/builtin/IRubyObject;Lorg/jruby/runtime/builtin/IRubyObject;)Lorg/jruby/runtime/builtin/IRubyObject;
J  org.jruby.ast.CallOneArgNode.interpret(Lorg/jruby/Ruby;Lorg/jruby/runtime/ThreadContext;Lorg/jruby/runtime/builtin/IRubyObject;Lorg/jruby/runtime/Block;)Lorg/jruby/runtime/builtin/IRubyObject;
j  org.jruby.ast.LocalAsgnNode.interpret(Lorg/jruby/Ruby;Lorg/jruby/runtime/ThreadContext;Lorg/jruby/runtime/builtin/IRubyObject;Lorg/jruby/runtime/Block;)Lorg/jruby/runtime/builtin/IRubyObject;+30
J  org.jruby.ast.BlockNode.interpret(Lorg/jruby/Ruby;Lorg/jruby/runtime/ThreadContext;Lorg/jruby/runtime/builtin/IRubyObject;Lorg/jruby/runtime/Block;)Lorg/jruby/runtime/builtin/IRubyObject;
j  org.jruby.evaluator.ASTInterpreter.INTERPRET_METHOD(Lorg/jruby/Ruby;Lorg/jruby/runtime/ThreadContext;Ljava/lang/String;ILorg/jruby/RubyModule;Lorg/jruby/ast/Node;Ljava/lang/String;Lorg/jruby/runtime/builtin/IRubyObject;Lorg/jruby/runtime/Block;Z)Lorg/jruby/runtime/builtin/IRubyObject;+30
j  org.jruby.internal.runtime.methods.InterpretedMethod.call(Lorg/jruby/runtime/ThreadContext;Lorg/jruby/runtime/builtin/IRubyObject;Lorg/jruby/RubyModule;Ljava/lang/String;)Lorg/jruby/runtime/builtin/IRubyObject;+80
j  org.jruby.internal.runtime.methods.DefaultMethod.call(Lorg/jruby/runtime/ThreadContext;Lorg/jruby/runtime/builtin/IRubyObject;Lorg/jruby/RubyModule;Ljava/lang/String;)Lorg/jruby/runtime/builtin/IRubyObject;+20
J  org.jruby.ast.CallNoArgNode.interpret(Lorg/jruby/Ruby;Lorg/jruby/runtime/ThreadContext;Lorg/jruby/runtime/builtin/IRubyObject;Lorg/jruby/runtime/Block;)Lorg/jruby/runtime/builtin/IRubyObject;
j  org.jruby.ast.FCallTwoArgNode.interpret(Lorg/jruby/Ruby;Lorg/jruby/runtime/ThreadContext;Lorg/jruby/runtime/builtin/IRubyObject;Lorg/jruby/runtime/Block;)Lorg/jruby/runtime/builtin/IRubyObject;+28
J  org.jruby.ast.BlockNode.interpret(Lorg/jruby/Ruby;Lorg/jruby/runtime/ThreadContext;Lorg/jruby/runtime/builtin/IRubyObject;Lorg/jruby/runtime/Block;)Lorg/jruby/runtime/builtin/IRubyObject;
j  org.jruby.evaluator.ASTInterpreter.INTERPRET_METHOD(Lorg/jruby/Ruby;Lorg/jruby/runtime/ThreadContext;Ljava/lang/String;ILorg/jruby/RubyModule;Lorg/jruby/ast/Node;Ljava/lang/String;Lorg/jruby/runtime/builtin/IRubyObject;Lorg/jruby/runtime/Block;Z)Lorg/jruby/runtime/builtin/IRubyObject;+30
j  org.jruby.internal.runtime.methods.InterpretedMethod.call(Lorg/jruby/runtime/ThreadContext;Lorg/jruby/runtime/builtin/IRubyObject;Lorg/jruby/RubyModule;Ljava/lang/String;)Lorg/jruby/runtime/builtin/IRubyObject;+80
j  org.jruby.internal.runtime.methods.DefaultMethod.call(Lorg/jruby/runtime/ThreadContext;Lorg/jruby/runtime/builtin/IRubyObject;Lorg/jruby/RubyModule;Ljava/lang/String;)Lorg/jruby/runtime/builtin/IRubyObject;+20
j  org.jruby.runtime.callsite.CachingCallSite.cacheAndCall(Lorg/jruby/runtime/builtin/IRubyObject;Lorg/jruby/RubyClass;Lorg/jruby/runtime/ThreadContext;Lorg/jruby/runtime/builtin/IRubyObject;)Lorg/jruby/runtime/builtin/IRubyObject;+53
j  org.jruby.runtime.callsite.CachingCallSite.call(Lorg/jruby/runtime/ThreadContext;Lorg/jruby/runtime/builtin/IRubyObject;Lorg/jruby/runtime/builtin/IRubyObject;)Lorg/jruby/runtime/builtin/IRubyObject;+46
j  Makefile.method__3$RUBY$test(LMakefile;Lorg/jruby/runtime/ThreadContext;Lorg/jruby/runtime/builtin/IRubyObject;Lorg/jruby/runtime/Block;)Lorg/jruby/runtime/builtin/IRubyObject;+130
j  Makefile$method__3$RUBY$test.call(Lorg/jruby/runtime/ThreadContext;Lorg/jruby/runtime/builtin/IRubyObject;Lorg/jruby/RubyModule;Ljava/lang/String;Lorg/jruby/runtime/Block;)Lorg/jruby/runtime/builtin/IRubyObject;+17
j  org.jruby.RubyClass.finvoke(Lorg/jruby/runtime/ThreadContext;Lorg/jruby/runtime/builtin/IRubyObject;Ljava/lang/String;Lorg/jruby/runtime/Block;)Lorg/jruby/runtime/builtin/IRubyObject;+41
j  org.jruby.RubyBasicObject.send19(Lorg/jruby/runtime/ThreadContext;Lorg/jruby/runtime/builtin/IRubyObject;Lorg/jruby/runtime/Block;)Lorg/jruby/runtime/builtin/IRubyObject;+15
j  org.jruby.RubyKernel.send19(Lorg/jruby/runtime/ThreadContext;Lorg/jruby/runtime/builtin/IRubyObject;Lorg/jruby/runtime/builtin/IRubyObject;Lorg/jruby/runtime/Block;)Lorg/jruby/runtime/builtin/IRubyObject;+7
j  org.jruby.RubyKernel$INVOKER$s$send19.call(Lorg/jruby/runtime/ThreadContext;Lorg/jruby/runtime/builtin/IRubyObject;Lorg/jruby/RubyModule;Ljava/lang/String;Lorg/jruby/runtime/builtin/IRubyObject;Lorg/jruby/runtime/Block;)Lorg/jruby/runtime/builtin/IRubyObject;+6
j  org.jruby.internal.runtime.methods.JavaMethod$JavaMethodOneOrNBlock.call(Lorg/jruby/runtime/ThreadContext;Lorg/jruby/runtime/builtin/IRubyObject;Lorg/jruby/RubyModule;Ljava/lang/String;Lorg/jruby/runtime/builtin/IRubyObject;)Lorg/jruby/runtime/builtin/IRubyObject;+11
j  org.jruby.runtime.callsite.CachingCallSite.call(Lorg/jruby/runtime/ThreadContext;Lorg/jruby/runtime/builtin/IRubyObject;Lorg/jruby/runtime/builtin/IRubyObject;Lorg/jruby/runtime/builtin/IRubyObject;)Lorg/jruby/runtime/builtin/IRubyObject;+38
j  Makefile.block_7$RUBY$__file__(LMakefile;Lorg/jruby/runtime/ThreadContext;Lorg/jruby/runtime/builtin/IRubyObject;[Lorg/jruby/runtime/builtin/IRubyObject;Lorg/jruby/runtime/Block;)Lorg/jruby/runtime/builtin/IRubyObject;+46
j  Makefile$block_7$RUBY$__file__.call(Lorg/jruby/runtime/ThreadContext;Lorg/jruby/runtime/builtin/IRubyObject;[Lorg/jruby/runtime/builtin/IRubyObject;Lorg/jruby/runtime/Block;)Lorg/jruby/runtime/builtin/IRubyObject;+9
j  org.jruby.runtime.CompiledBlock19.yield(Lorg/jruby/runtime/ThreadContext;Lorg/jruby/runtime/builtin/IRubyObject;Lorg/jruby/runtime/Binding;Lorg/jruby/runtime/Block$Type;)Lorg/jruby/runtime/builtin/IRubyObject;+52
j  org.jruby.runtime.Block.yield(Lorg/jruby/runtime/ThreadContext;Lorg/jruby/runtime/builtin/IRubyObject;)Lorg/jruby/runtime/builtin/IRubyObject;+14
j  org.jruby.RubyArray.eachCommon(Lorg/jruby/runtime/ThreadContext;Lorg/jruby/runtime/Block;)Lorg/jruby/runtime/builtin/IRubyObject;+41
j  org.jruby.RubyArray.each(Lorg/jruby/runtime/ThreadContext;Lorg/jruby/runtime/Block;)Lorg/jruby/runtime/builtin/IRubyObject;+10
j  org.jruby.RubyArray$INVOKER$i$0$0$each.call(Lorg/jruby/runtime/ThreadContext;Lorg/jruby/runtime/builtin/IRubyObject;Lorg/jruby/RubyModule;Ljava/lang/String;Lorg/jruby/runtime/Block;)Lorg/jruby/runtime/builtin/IRubyObject;+7
j  org.jruby.runtime.callsite.CachingCallSite.cacheAndCall(Lorg/jruby/runtime/builtin/IRubyObject;Lorg/jruby/RubyClass;Lorg/jruby/runtime/Block;Lorg/jruby/runtime/ThreadContext;Lorg/jruby/runtime/builtin/IRubyObject;)Lorg/jruby/runtime/builtin/IRubyObject;+57
j  org.jruby.runtime.callsite.CachingCallSite.callBlock(Lorg/jruby/runtime/ThreadContext;Lorg/jruby/runtime/builtin/IRubyObject;Lorg/jruby/runtime/builtin/IRubyObject;Lorg/jruby/runtime/Block;)Lorg/jruby/runtime/builtin/IRubyObject;+50
j  org.jruby.runtime.callsite.CachingCallSite.callIter(Lorg/jruby/runtime/ThreadContext;Lorg/jruby/runtime/builtin/IRubyObject;Lorg/jruby/runtime/builtin/IRubyObject;Lorg/jruby/runtime/Block;)Lorg/jruby/runtime/builtin/IRubyObject;+6
j  Makefile.__file__(LMakefile;Lorg/jruby/runtime/ThreadContext;Lorg/jruby/runtime/builtin/IRubyObject;[Lorg/jruby/runtime/builtin/IRubyObject;Lorg/jruby/runtime/Block;)Lorg/jruby/runtime/builtin/IRubyObject;+938
j  Makefile.load(Lorg/jruby/runtime/ThreadContext;Lorg/jruby/runtime/builtin/IRubyObject;Z)Lorg/jruby/runtime/builtin/IRubyObject;+22
j  org.jruby.Ruby.runScript(Lorg/jruby/ast/executable/Script;Z)Lorg/jruby/runtime/builtin/IRubyObject;+12
j  org.jruby.Ruby.runScript(Lorg/jruby/ast/executable/Script;)Lorg/jruby/runtime/builtin/IRubyObject;+3
j  org.jruby.Ruby.runNormally(Lorg/jruby/ast/Node;)Lorg/jruby/runtime/builtin/IRubyObject;+73
j  org.jruby.Ruby.runFromMain(Ljava/io/InputStream;Ljava/lang/String;)V+320
j  org.jruby.Main.doRunFromMain(Lorg/jruby/Ruby;Ljava/io/InputStream;Ljava/lang/String;)Lorg/jruby/Main$Status;+12
j  org.jruby.Main.internalRun()Lorg/jruby/Main$Status;+234
j  org.jruby.Main.run([Ljava/lang/String;)Lorg/jruby/Main$Status;+9
j  org.jruby.Main.main([Ljava/lang/String;)V+35
v  ~StubRoutines::call_stub

---------------  P R O C E S S  ---------------

Java Threads: ( => current thread )
  0x00007fc8c0444800 JavaThread "JRubyJIT-2" daemon [_thread_blocked, id=16067, stack(0x00007fc8b5587000,0x00007fc8b5788000)]
  0x00007fc8c0438000 JavaThread "process reaper" daemon [_thread_blocked, id=15947, stack(0x00007fc8bc022000,0x00007fc8bc05b000)]
  0x00007fc8c042b800 JavaThread "JRubyJIT-1" daemon [_thread_blocked, id=15944, stack(0x00007fc8b5788000,0x00007fc8b5989000)]
  0x00007fc8c00ae000 JavaThread "Service Thread" daemon [_thread_blocked, id=15942, stack(0x00007fc8b7401000,0x00007fc8b7602000)]
  0x00007fc8c00ab800 JavaThread "C2 CompilerThread1" daemon [_thread_in_native, id=15941, stack(0x00007fc8b7602000,0x00007fc8b7703000)]
  0x00007fc8c00a8800 JavaThread "C2 CompilerThread0" daemon [_thread_in_native, id=15940, stack(0x00007fc8b7703000,0x00007fc8b7804000)]
  0x00007fc8c00a6800 JavaThread "Signal Dispatcher" daemon [_thread_blocked, id=15939, stack(0x00007fc8b7804000,0x00007fc8b7a05000)]
  0x00007fc8c0082800 JavaThread "Finalizer" daemon [_thread_blocked, id=15938, stack(0x00007fc8b7dff000,0x00007fc8b8000000)]
  0x00007fc8c0080800 JavaThread "Reference Handler" daemon [_thread_blocked, id=15937, stack(0x00007fc8bc06e000,0x00007fc8bc26f000)]
=>0x00007fc8c000a800 JavaThread "main" [_thread_in_native, id=15931, stack(0x00007fc8c7307000,0x00007fc8c7508000)]

Other Threads:
  0x00007fc8c007c800 VMThread [stack: 0x00007fc8bc26f000,0x00007fc8bc370000] [id=15936]
  0x00007fc8c00b8800 WatcherThread [stack: 0x00007fc8b7300000,0x00007fc8b7401000] [id=15943]

VM state:not at safepoint (normal execution)

VM Mutex/Monitor currently owned by a thread: None

Heap
 PSYoungGen      total 17408K, used 14220K [0x00000000f5900000, 0x00000000f7b00000, 0x0000000100000000)
  eden space 15360K, 79% used [0x00000000f5900000,0x00000000f64e9b00,0x00000000f6800000)
  from space 2048K, 98% used [0x00000000f6800000,0x00000000f69f9518,0x00000000f6a00000)
  to   space 2048K, 0% used [0x00000000f7900000,0x00000000f7900000,0x00000000f7b00000)
 ParOldGen       total 38400K, used 8604K [0x00000000e0c00000, 0x00000000e3180000, 0x00000000f5900000)
  object space 38400K, 22% used [0x00000000e0c00000,0x00000000e1467088,0x00000000e3180000)
 PSPermGen       total 25600K, used 25474K [0x00000000d6600000, 0x00000000d7f00000, 0x00000000e0c00000)
  object space 25600K, 99% used [0x00000000d6600000,0x00000000d7ee0a48,0x00000000d7f00000)

Card table byte_map: [0x00007fc8c612d000,0x00007fc8c627b000] byte_map_base: 0x00007fc8c5a7a000

Polling page: 0x00007fc8c9915000

Code Cache  [0x00007fc8bd000000, 0x00007fc8bd270000, 0x00007fc8c0000000)
 total_blobs=963 nmethods=484 adapters=433 free_code_cache=47650Kb largest_free_block=48759296

Compilation events (10 events):
Event: 4,288 Thread 0x00007fc8c00ab800 nmethod 509 0x00007fc8bd176950 code [0x00007fc8bd176b40, 0x00007fc8bd177030]
Event: 4,288 Thread 0x00007fc8c00ab800  511             org.jruby.RubyClass::allocate (81 bytes)
Event: 4,293 Thread 0x00007fc8c00ab800 nmethod 511 0x00007fc8bd178a50 code [0x00007fc8bd178c00, 0x00007fc8bd179038]
Event: 4,293 Thread 0x00007fc8c00ab800  512             org.jruby.util.Qsort::partition (273 bytes)
Event: 4,303 Thread 0x00007fc8c00a8800 nmethod 506 0x00007fc8bd17aa10 code [0x00007fc8bd17ab60, 0x00007fc8bd17b6b8]
Event: 4,303 Thread 0x00007fc8c00a8800  513             org.jruby.RubyFixnum::times (164 bytes)
Event: 4,309 Thread 0x00007fc8c00ab800 nmethod 512 0x00007fc8bd17c3d0 code [0x00007fc8bd17c5c0, 0x00007fc8bd17d248]
Event: 4,309 Thread 0x00007fc8c00ab800  514             org.jruby.RubyClass::getVariableTableManager (5 bytes)
Event: 4,310 Thread 0x00007fc8c00ab800 nmethod 514 0x00007fc8bd16f010 code [0x00007fc8bd16f140, 0x00007fc8bd16f198]
Event: 4,310 Thread 0x00007fc8c00ab800  515             org.jruby.ast.DAsgnNode::interpret (28 bytes)

GC Heap History (6 events):
Event: 1,425 GC heap before
{Heap before GC invocations=1 (full 0):
 PSYoungGen      total 17408K, used 15360K [0x00000000f5900000, 0x00000000f6c00000, 0x0000000100000000)
  eden space 15360K, 100% used [0x00000000f5900000,0x00000000f6800000,0x00000000f6800000)
  from space 2048K, 0% used [0x00000000f6a00000,0x00000000f6a00000,0x00000000f6c00000)
  to   space 2048K, 0% used [0x00000000f6800000,0x00000000f6800000,0x00000000f6a00000)
 ParOldGen       total 38400K, used 0K [0x00000000e0c00000, 0x00000000e3180000, 0x00000000f5900000)
  object space 38400K, 0% used [0x00000000e0c00000,0x00000000e0c00000,0x00000000e3180000)
 PSPermGen       total 21504K, used 18949K [0x00000000d6600000, 0x00000000d7b00000, 0x00000000e0c00000)
  object space 21504K, 88% used [0x00000000d6600000,0x00000000d78816c8,0x00000000d7b00000)
Event: 1,440 GC heap after
Heap after GC invocations=1 (full 0):
 PSYoungGen      total 17408K, used 2021K [0x00000000f5900000, 0x00000000f6c00000, 0x0000000100000000)
  eden space 15360K, 0% used [0x00000000f5900000,0x00000000f5900000,0x00000000f6800000)
  from space 2048K, 98% used [0x00000000f6800000,0x00000000f69f94c8,0x00000000f6a00000)
  to   space 2048K, 0% used [0x00000000f6a00000,0x00000000f6a00000,0x00000000f6c00000)
 ParOldGen       total 38400K, used 3787K [0x00000000e0c00000, 0x00000000e3180000, 0x00000000f5900000)
  object space 38400K, 9% used [0x00000000e0c00000,0x00000000e0fb2fe0,0x00000000e3180000)
 PSPermGen       total 21504K, used 18949K [0x00000000d6600000, 0x00000000d7b00000, 0x00000000e0c00000)
  object space 21504K, 88% used [0x00000000d6600000,0x00000000d78816c8,0x00000000d7b00000)
}
Event: 2,464 GC heap before
{Heap before GC invocations=2 (full 0):
 PSYoungGen      total 17408K, used 17381K [0x00000000f5900000, 0x00000000f6c00000, 0x0000000100000000)
  eden space 15360K, 100% used [0x00000000f5900000,0x00000000f6800000,0x00000000f6800000)
  from space 2048K, 98% used [0x00000000f6800000,0x00000000f69f94c8,0x00000000f6a00000)
  to   space 2048K, 0% used [0x00000000f6a00000,0x00000000f6a00000,0x00000000f6c00000)
 ParOldGen       total 38400K, used 3787K [0x00000000e0c00000, 0x00000000e3180000, 0x00000000f5900000)
  object space 38400K, 9% used [0x00000000e0c00000,0x00000000e0fb2fe0,0x00000000e3180000)
 PSPermGen       total 23552K, used 23439K [0x00000000d6600000, 0x00000000d7d00000, 0x00000000e0c00000)
  object space 23552K, 99% used [0x00000000d6600000,0x00000000d7ce3dd8,0x00000000d7d00000)
Event: 2,481 GC heap after
Heap after GC invocations=2 (full 0):
 PSYoungGen      total 17408K, used 2037K [0x00000000f5900000, 0x00000000f7b00000, 0x0000000100000000)
  eden space 15360K, 0% used [0x00000000f5900000,0x00000000f5900000,0x00000000f6800000)
  from space 2048K, 99% used [0x00000000f6a00000,0x00000000f6bfd528,0x00000000f6c00000)
  to   space 2048K, 0% used [0x00000000f6800000,0x00000000f6800000,0x00000000f6a00000)
 ParOldGen       total 38400K, used 5915K [0x00000000e0c00000, 0x00000000e3180000, 0x00000000f5900000)
  object space 38400K, 15% used [0x00000000e0c00000,0x00000000e11c6de8,0x00000000e3180000)
 PSPermGen       total 23552K, used 23439K [0x00000000d6600000, 0x00000000d7d00000, 0x00000000e0c00000)
  object space 23552K, 99% used [0x00000000d6600000,0x00000000d7ce3dd8,0x00000000d7d00000)
}
Event: 3,639 GC heap before
{Heap before GC invocations=3 (full 0):
 PSYoungGen      total 17408K, used 17397K [0x00000000f5900000, 0x00000000f7b00000, 0x0000000100000000)
  eden space 15360K, 100% used [0x00000000f5900000,0x00000000f6800000,0x00000000f6800000)
  from space 2048K, 99% used [0x00000000f6a00000,0x00000000f6bfd528,0x00000000f6c00000)
  to   space 2048K, 0% used [0x00000000f6800000,0x00000000f6800000,0x00000000f6a00000)
 ParOldGen       total 38400K, used 5915K [0x00000000e0c00000, 0x00000000e3180000, 0x00000000f5900000)
  object space 38400K, 15% used [0x00000000e0c00000,0x00000000e11c6de8,0x00000000e3180000)
 PSPermGen       total 25600K, used 25157K [0x00000000d6600000, 0x00000000d7f00000, 0x00000000e0c00000)
  object space 25600K, 98% used [0x00000000d6600000,0x00000000d7e91508,0x00000000d7f00000)
Event: 3,656 GC heap after
Heap after GC invocations=3 (full 0):
 PSYoungGen      total 17408K, used 2021K [0x00000000f5900000, 0x00000000f7b00000, 0x0000000100000000)
  eden space 15360K, 0% used [0x00000000f5900000,0x00000000f5900000,0x00000000f6800000)
  from space 2048K, 98% used [0x00000000f6800000,0x00000000f69f9518,0x00000000f6a00000)
  to   space 2048K, 0% used [0x00000000f7900000,0x00000000f7900000,0x00000000f7b00000)
 ParOldGen       total 38400K, used 8604K [0x00000000e0c00000, 0x00000000e3180000, 0x00000000f5900000)
  object space 38400K, 22% used [0x00000000e0c00000,0x00000000e1467088,0x00000000e3180000)
 PSPermGen       total 25600K, used 25157K [0x00000000d6600000, 0x00000000d7f00000, 0x00000000e0c00000)
  object space 25600K, 98% used [0x00000000d6600000,0x00000000d7e91508,0x00000000d7f00000)
}

Deoptimization events (10 events):
Event: 4,297 Thread 0x00007fc8c000a800 Uncommon trap: reason=class_check action=maybe_recompile pc=0x00007fc8bd1587b8 method=org.jruby.RubyArray.compare(Lorg/jruby/runtime/ThreadContext;Lorg/jruby/runtime/invokedynamic/MethodNames;Lorg/jruby/runtime/builtin/IRubyObject;)Lorg/jruby/RubyBoolean;
Event: 4,299 Thread 0x00007fc8c000a800 Uncommon trap: reason=class_check action=maybe_recompile pc=0x00007fc8bd11a204 method=org.jruby.ext.ffi.StructByReference.to_native(Lorg/jruby/runtime/ThreadContext;Lorg/jruby/runtime/builtin/IRubyObject;Lorg/jruby/runtime/builtin/IRubyObject;)Lorg/jruby/
Event: 4,300 Thread 0x00007fc8c000a800 Uncommon trap: reason=bimorphic action=maybe_recompile pc=0x00007fc8bd178ec8 method=org.jruby.RubyClass.allocate()Lorg/jruby/runtime/builtin/IRubyObject; @ 54
Event: 4,300 Thread 0x00007fc8c000a800 Uncommon trap: reason=bimorphic action=maybe_recompile pc=0x00007fc8bd178ec8 method=org.jruby.RubyClass.allocate()Lorg/jruby/runtime/builtin/IRubyObject; @ 54
Event: 4,300 Thread 0x00007fc8c000a800 Uncommon trap: reason=class_check action=maybe_recompile pc=0x00007fc8bd170524 method=org.jruby.runtime.ivars.VariableAccessor.get(Ljava/lang/Object;)Ljava/lang/Object; @ 1
Event: 4,300 Thread 0x00007fc8c000a800 Uncommon trap: reason=class_check action=maybe_recompile pc=0x00007fc8bd170524 method=org.jruby.runtime.ivars.VariableAccessor.get(Ljava/lang/Object;)Ljava/lang/Object; @ 1
Event: 4,300 Thread 0x00007fc8c000a800 Uncommon trap: reason=class_check action=maybe_recompile pc=0x00007fc8bd170524 method=org.jruby.runtime.ivars.VariableAccessor.get(Ljava/lang/Object;)Ljava/lang/Object; @ 1
Event: 4,300 Thread 0x00007fc8c000a800 Uncommon trap: reason=class_check action=maybe_recompile pc=0x00007fc8bd170524 method=org.jruby.runtime.ivars.VariableAccessor.get(Ljava/lang/Object;)Ljava/lang/Object; @ 1
Event: 4,301 Thread 0x00007fc8c000a800 Uncommon trap: reason=bimorphic action=maybe_recompile pc=0x00007fc8bd178ec8 method=org.jruby.RubyClass.allocate()Lorg/jruby/runtime/builtin/IRubyObject; @ 54
Event: 4,301 Thread 0x00007fc8c000a800 Uncommon trap: reason=bimorphic action=maybe_recompile pc=0x00007fc8bd178ec8 method=org.jruby.RubyClass.allocate()Lorg/jruby/runtime/builtin/IRubyObject; @ 54

Internal exceptions (10 events):
Event: 3,785 Thread 0x00007fc8c000a800 Threw 0x00000000f5c55aa0 at /build/buildd/openjdk-7-7u51-2.4.4/build/openjdk/hotspot/src/share/vm/prims/jvm.cpp:1244
Event: 3,785 Thread 0x00007fc8c000a800 Threw 0x00000000f5c56550 at /build/buildd/openjdk-7-7u51-2.4.4/build/openjdk/hotspot/src/share/vm/prims/jvm.cpp:1244
Event: 3,786 Thread 0x00007fc8c000a800 Threw 0x00000000f5c620c0 at /build/buildd/openjdk-7-7u51-2.4.4/build/openjdk/hotspot/src/share/vm/prims/jvm.cpp:1244
Event: 3,786 Thread 0x00007fc8c000a800 Threw 0x00000000f5c64180 at /build/buildd/openjdk-7-7u51-2.4.4/build/openjdk/hotspot/src/share/vm/prims/jvm.cpp:1244
Event: 3,786 Thread 0x00007fc8c000a800 Threw 0x00000000f5c64c30 at /build/buildd/openjdk-7-7u51-2.4.4/build/openjdk/hotspot/src/share/vm/prims/jvm.cpp:1244
Event: 3,786 Thread 0x00007fc8c000a800 Threw 0x00000000f5c66ad0 at /build/buildd/openjdk-7-7u51-2.4.4/build/openjdk/hotspot/src/share/vm/prims/jvm.cpp:1244
Event: 3,787 Thread 0x00007fc8c000a800 Threw 0x00000000f5c68b90 at /build/buildd/openjdk-7-7u51-2.4.4/build/openjdk/hotspot/src/share/vm/prims/jvm.cpp:1244
Event: 3,787 Thread 0x00007fc8c000a800 Threw 0x00000000f5c69640 at /build/buildd/openjdk-7-7u51-2.4.4/build/openjdk/hotspot/src/share/vm/prims/jvm.cpp:1244
Event: 4,307 Thread 0x00007fc8c0444800 Threw 0x00000000f59ecce8 at /build/buildd/openjdk-7-7u51-2.4.4/build/openjdk/hotspot/src/share/vm/prims/jvm.cpp:1244
Event: 4,307 Thread 0x00007fc8c0444800 Threw 0x00000000f59ee700 at /build/buildd/openjdk-7-7u51-2.4.4/build/openjdk/hotspot/src/share/vm/prims/jvm.cpp:1244

Events (10 events):
Event: 4,300 Thread 0x00007fc8c000a800 DEOPT PACKING pc=0x00007fc8bd170524 sp=0x00007fc8c7504290
Event: 4,300 Thread 0x00007fc8c000a800 DEOPT UNPACKING pc=0x00007fc8bd039045 sp=0x00007fc8c7504258 mode 2
Event: 4,301 Thread 0x00007fc8c000a800 Uncommon trap: trap_request=0xffffffc6 fr.pc=0x00007fc8bd178ec8
Event: 4,301 Thread 0x00007fc8c000a800 DEOPT PACKING pc=0x00007fc8bd178ec8 sp=0x00007fc8c7504680
Event: 4,301 Thread 0x00007fc8c000a800 DEOPT UNPACKING pc=0x00007fc8bd039045 sp=0x00007fc8c7504670 mode 2
Event: 4,301 Thread 0x00007fc8c000a800 Uncommon trap: trap_request=0xffffffc6 fr.pc=0x00007fc8bd178ec8
Event: 4,301 Thread 0x00007fc8c000a800 DEOPT PACKING pc=0x00007fc8bd178ec8 sp=0x00007fc8c7504680
Event: 4,301 Thread 0x00007fc8c000a800 DEOPT UNPACKING pc=0x00007fc8bd039045 sp=0x00007fc8c7504670 mode 2
Event: 4,307 loading class 0x00007fc874001340
Event: 4,307 loading class 0x00007fc874001340 done


Dynamic libraries:
00400000-00401000 r-xp 00000000 08:01 15861394                           /usr/lib/jvm/java-7-openjdk-amd64/jre/bin/java
00600000-00601000 r--p 00000000 08:01 15861394                           /usr/lib/jvm/java-7-openjdk-amd64/jre/bin/java
00601000-00602000 rw-p 00001000 08:01 15861394                           /usr/lib/jvm/java-7-openjdk-amd64/jre/bin/java
02457000-02478000 rw-p 00000000 00:00 0                                  [heap]
d6600000-d7f00000 rw-p 00000000 00:00 0 
d7f00000-e0c00000 rw-p 00000000 00:00 0 
e0c00000-e3180000 rw-p 00000000 00:00 0 
e3180000-f5900000 rw-p 00000000 00:00 0 
f5900000-f7b00000 rw-p 00000000 00:00 0 
f7b00000-100000000 rw-p 00000000 00:00 0 
7fc870000000-7fc870021000 rw-p 00000000 00:00 0 
7fc870021000-7fc874000000 ---p 00000000 00:00 0 
7fc874000000-7fc874021000 rw-p 00000000 00:00 0 
7fc874021000-7fc878000000 ---p 00000000 00:00 0 
7fc878000000-7fc878021000 rw-p 00000000 00:00 0 
7fc878021000-7fc87c000000 ---p 00000000 00:00 0 
7fc87c000000-7fc87c021000 rw-p 00000000 00:00 0 
7fc87c021000-7fc880000000 ---p 00000000 00:00 0 
7fc880000000-7fc880021000 rw-p 00000000 00:00 0 
7fc880021000-7fc884000000 ---p 00000000 00:00 0 
7fc884000000-7fc884027000 rw-p 00000000 00:00 0 
7fc884027000-7fc888000000 ---p 00000000 00:00 0 
7fc888000000-7fc8889eb000 rw-p 00000000 00:00 0 
7fc8889eb000-7fc88c000000 ---p 00000000 00:00 0 
7fc88c000000-7fc88c021000 rw-p 00000000 00:00 0 
7fc88c021000-7fc890000000 ---p 00000000 00:00 0 
7fc890000000-7fc890021000 rw-p 00000000 00:00 0 
7fc890021000-7fc894000000 ---p 00000000 00:00 0 
7fc894000000-7fc894f5b000 rw-p 00000000 00:00 0 
7fc894f5b000-7fc898000000 ---p 00000000 00:00 0 
7fc898000000-7fc898021000 rw-p 00000000 00:00 0 
7fc898021000-7fc89c000000 ---p 00000000 00:00 0 
7fc89c000000-7fc89c021000 rw-p 00000000 00:00 0 
7fc89c021000-7fc8a0000000 ---p 00000000 00:00 0 
7fc8a0000000-7fc8a0021000 rw-p 00000000 00:00 0 
7fc8a0021000-7fc8a4000000 ---p 00000000 00:00 0 
7fc8a4000000-7fc8a4021000 rw-p 00000000 00:00 0 
7fc8a4021000-7fc8a8000000 ---p 00000000 00:00 0 
7fc8a8000000-7fc8a8021000 rw-p 00000000 00:00 0 
7fc8a8021000-7fc8ac000000 ---p 00000000 00:00 0 
7fc8b0000000-7fc8b0021000 rw-p 00000000 00:00 0 
7fc8b0021000-7fc8b4000000 ---p 00000000 00:00 0 
7fc8b4777000-7fc8b4778000 r-xp 00000000 08:01 13893873                   /home/alex/Documents/8vo_Semestre/Geometría Computacional/Lab/practica02p1/src/lib/libintersection.so
7fc8b4778000-7fc8b4977000 ---p 00001000 08:01 13893873                   /home/alex/Documents/8vo_Semestre/Geometría Computacional/Lab/practica02p1/src/lib/libintersection.so
7fc8b4977000-7fc8b4978000 r--p 00000000 08:01 13893873                   /home/alex/Documents/8vo_Semestre/Geometría Computacional/Lab/practica02p1/src/lib/libintersection.so
7fc8b4978000-7fc8b4979000 rw-p 00001000 08:01 13893873                   /home/alex/Documents/8vo_Semestre/Geometría Computacional/Lab/practica02p1/src/lib/libintersection.so
7fc8b4979000-7fc8b497b000 r-xp 00000000 08:01 13893853                   /home/alex/Documents/8vo_Semestre/Geometría Computacional/Lab/practica02p1/src/lib/librb_tree.so
7fc8b497b000-7fc8b4b7b000 ---p 00002000 08:01 13893853                   /home/alex/Documents/8vo_Semestre/Geometría Computacional/Lab/practica02p1/src/lib/librb_tree.so
7fc8b4b7b000-7fc8b4b7c000 r--p 00002000 08:01 13893853                   /home/alex/Documents/8vo_Semestre/Geometría Computacional/Lab/practica02p1/src/lib/librb_tree.so
7fc8b4b7c000-7fc8b4b7d000 rw-p 00003000 08:01 13893853                   /home/alex/Documents/8vo_Semestre/Geometría Computacional/Lab/practica02p1/src/lib/librb_tree.so
7fc8b4b7d000-7fc8b4b7f000 r-xp 00000000 08:01 13893852                   /home/alex/Documents/8vo_Semestre/Geometría Computacional/Lab/practica02p1/src/lib/libdouble_linked_list.so
7fc8b4b7f000-7fc8b4d7e000 ---p 00002000 08:01 13893852                   /home/alex/Documents/8vo_Semestre/Geometría Computacional/Lab/practica02p1/src/lib/libdouble_linked_list.so
7fc8b4d7e000-7fc8b4d7f000 r--p 00001000 08:01 13893852                   /home/alex/Documents/8vo_Semestre/Geometría Computacional/Lab/practica02p1/src/lib/libdouble_linked_list.so
7fc8b4d7f000-7fc8b4d80000 rw-p 00002000 08:01 13893852                   /home/alex/Documents/8vo_Semestre/Geometría Computacional/Lab/practica02p1/src/lib/libdouble_linked_list.so
7fc8b4d80000-7fc8b4d81000 r-xp 00000000 08:01 13893850                   /home/alex/Documents/8vo_Semestre/Geometría Computacional/Lab/practica02p1/src/lib/libhalf_edge.so
7fc8b4d81000-7fc8b4f81000 ---p 00001000 08:01 13893850                   /home/alex/Documents/8vo_Semestre/Geometría Computacional/Lab/practica02p1/src/lib/libhalf_edge.so
7fc8b4f81000-7fc8b4f82000 r--p 00001000 08:01 13893850                   /home/alex/Documents/8vo_Semestre/Geometría Computacional/Lab/practica02p1/src/lib/libhalf_edge.so
7fc8b4f82000-7fc8b4f83000 rw-p 00002000 08:01 13893850                   /home/alex/Documents/8vo_Semestre/Geometría Computacional/Lab/practica02p1/src/lib/libhalf_edge.so
7fc8b4f83000-7fc8b4f84000 r-xp 00000000 08:01 13893849                   /home/alex/Documents/8vo_Semestre/Geometría Computacional/Lab/practica02p1/src/lib/lib2d_points.so
7fc8b4f84000-7fc8b5183000 ---p 00001000 08:01 13893849                   /home/alex/Documents/8vo_Semestre/Geometría Computacional/Lab/practica02p1/src/lib/lib2d_points.so
7fc8b5183000-7fc8b5184000 r--p 00000000 08:01 13893849                   /home/alex/Documents/8vo_Semestre/Geometría Computacional/Lab/practica02p1/src/lib/lib2d_points.so
7fc8b5184000-7fc8b5185000 rw-p 00001000 08:01 13893849                   /home/alex/Documents/8vo_Semestre/Geometría Computacional/Lab/practica02p1/src/lib/lib2d_points.so
7fc8b5185000-7fc8b5188000 ---p 00000000 00:00 0 
7fc8b5188000-7fc8b5386000 rw-p 00000000 00:00 0 
7fc8b5386000-7fc8b5389000 ---p 00000000 00:00 0 
7fc8b5389000-7fc8b5587000 rw-p 00000000 00:00 0 
7fc8b5587000-7fc8b558a000 ---p 00000000 00:00 0 
7fc8b558a000-7fc8b5788000 rw-p 00000000 00:00 0                          [stack:16067]
7fc8b5788000-7fc8b578b000 ---p 00000000 00:00 0 
7fc8b578b000-7fc8b5989000 rw-p 00000000 00:00 0                          [stack:15944]
7fc8b5989000-7fc8b599b000 r-xp 00000000 08:01 12059135                   /home/alex/.rbenv/versions/jruby-1.7.10/lib/jni/x86_64-Linux/libjffi-1.2.so
7fc8b599b000-7fc8b5b9a000 ---p 00012000 08:01 12059135                   /home/alex/.rbenv/versions/jruby-1.7.10/lib/jni/x86_64-Linux/libjffi-1.2.so
7fc8b5b9a000-7fc8b5b9b000 rw-p 00011000 08:01 12059135                   /home/alex/.rbenv/versions/jruby-1.7.10/lib/jni/x86_64-Linux/libjffi-1.2.so
7fc8b5b9b000-7fc8b5bab000 r-xp 00000000 08:01 15861288                   /usr/lib/jvm/java-7-openjdk-amd64/jre/lib/amd64/libnio.so
7fc8b5bab000-7fc8b5dab000 ---p 00010000 08:01 15861288                   /usr/lib/jvm/java-7-openjdk-amd64/jre/lib/amd64/libnio.so
7fc8b5dab000-7fc8b5dac000 r--p 00010000 08:01 15861288                   /usr/lib/jvm/java-7-openjdk-amd64/jre/lib/amd64/libnio.so
7fc8b5dac000-7fc8b5dad000 rw-p 00011000 08:01 15861288                   /usr/lib/jvm/java-7-openjdk-amd64/jre/lib/amd64/libnio.so
7fc8b5dad000-7fc8b5dea000 r-xp 00000000 08:01 8130434                    /lib/x86_64-linux-gnu/libpcre.so.3.13.1
7fc8b5dea000-7fc8b5fea000 ---p 0003d000 08:01 8130434                    /lib/x86_64-linux-gnu/libpcre.so.3.13.1
7fc8b5fea000-7fc8b5feb000 r--p 0003d000 08:01 8130434                    /lib/x86_64-linux-gnu/libpcre.so.3.13.1
7fc8b5feb000-7fc8b5fec000 rw-p 0003e000 08:01 8130434                    /lib/x86_64-linux-gnu/libpcre.so.3.13.1
7fc8b5fec000-7fc8b5ff3000 r-xp 00000000 08:01 15735894                   /usr/lib/x86_64-linux-gnu/libffi.so.6.0.1
7fc8b5ff3000-7fc8b61f2000 ---p 00007000 08:01 15735894                   /usr/lib/x86_64-linux-gnu/libffi.so.6.0.1
7fc8b61f2000-7fc8b61f3000 r--p 00006000 08:01 15735894                   /usr/lib/x86_64-linux-gnu/libffi.so.6.0.1
7fc8b61f3000-7fc8b61f4000 rw-p 00007000 08:01 15735894                   /usr/lib/x86_64-linux-gnu/libffi.so.6.0.1
7fc8b61f4000-7fc8b620a000 r-xp 00000000 08:01 8130457                    /lib/x86_64-linux-gnu/libresolv-2.17.so
7fc8b620a000-7fc8b640a000 ---p 00016000 08:01 8130457                    /lib/x86_64-linux-gnu/libresolv-2.17.so
7fc8b640a000-7fc8b640b000 r--p 00016000 08:01 8130457                    /lib/x86_64-linux-gnu/libresolv-2.17.so
7fc8b640b000-7fc8b640c000 rw-p 00017000 08:01 8130457                    /lib/x86_64-linux-gnu/libresolv-2.17.so
7fc8b640c000-7fc8b640e000 rw-p 00000000 00:00 0 
7fc8b640e000-7fc8b642d000 r-xp 00000000 08:01 8130461                    /lib/x86_64-linux-gnu/libselinux.so.1
7fc8b642d000-7fc8b662d000 ---p 0001f000 08:01 8130461                    /lib/x86_64-linux-gnu/libselinux.so.1
7fc8b662d000-7fc8b662e000 r--p 0001f000 08:01 8130461                    /lib/x86_64-linux-gnu/libselinux.so.1
7fc8b662e000-7fc8b662f000 rw-p 00020000 08:01 8130461                    /lib/x86_64-linux-gnu/libselinux.so.1
7fc8b662f000-7fc8b6630000 rw-p 00000000 00:00 0 
7fc8b6630000-7fc8b6633000 r-xp 00000000 08:01 15729078                   /usr/lib/x86_64-linux-gnu/libgmodule-2.0.so.0.3800.1
7fc8b6633000-7fc8b6832000 ---p 00003000 08:01 15729078                   /usr/lib/x86_64-linux-gnu/libgmodule-2.0.so.0.3800.1
7fc8b6832000-7fc8b6833000 r--p 00002000 08:01 15729078                   /usr/lib/x86_64-linux-gnu/libgmodule-2.0.so.0.3800.1
7fc8b6833000-7fc8b6834000 rw-p 00003000 08:01 15729078                   /usr/lib/x86_64-linux-gnu/libgmodule-2.0.so.0.3800.1
7fc8b6834000-7fc8b6932000 r-xp 00000000 08:01 8130449                    /lib/x86_64-linux-gnu/libglib-2.0.so.0.3800.1
7fc8b6932000-7fc8b6b32000 ---p 000fe000 08:01 8130449                    /lib/x86_64-linux-gnu/libglib-2.0.so.0.3800.1
7fc8b6b32000-7fc8b6b33000 r--p 000fe000 08:01 8130449                    /lib/x86_64-linux-gnu/libglib-2.0.so.0.3800.1
7fc8b6b33000-7fc8b6b34000 rw-p 000ff000 08:01 8130449                    /lib/x86_64-linux-gnu/libglib-2.0.so.0.3800.1
7fc8b6b34000-7fc8b6b35000 rw-p 00000000 00:00 0 
7fc8b6b35000-7fc8b6b84000 r-xp 00000000 08:01 15729069                   /usr/lib/x86_64-linux-gnu/libgobject-2.0.so.0.3800.1
7fc8b6b84000-7fc8b6d84000 ---p 0004f000 08:01 15729069                   /usr/lib/x86_64-linux-gnu/libgobject-2.0.so.0.3800.1
7fc8b6d84000-7fc8b6d85000 r--p 0004f000 08:01 15729069                   /usr/lib/x86_64-linux-gnu/libgobject-2.0.so.0.3800.1
7fc8b6d85000-7fc8b6d86000 rw-p 00050000 08:01 15729069                   /usr/lib/x86_64-linux-gnu/libgobject-2.0.so.0.3800.1
7fc8b6d86000-7fc8b6ee2000 r-xp 00000000 08:01 15729043                   /usr/lib/x86_64-linux-gnu/libgio-2.0.so.0.3800.1
7fc8b6ee2000-7fc8b70e1000 ---p 0015c000 08:01 15729043                   /usr/lib/x86_64-linux-gnu/libgio-2.0.so.0.3800.1
7fc8b70e1000-7fc8b70e5000 r--p 0015b000 08:01 15729043                   /usr/lib/x86_64-linux-gnu/libgio-2.0.so.0.3800.1
7fc8b70e5000-7fc8b70e7000 rw-p 0015f000 08:01 15729043                   /usr/lib/x86_64-linux-gnu/libgio-2.0.so.0.3800.1
7fc8b70e7000-7fc8b70e9000 rw-p 00000000 00:00 0 
7fc8b70e9000-7fc8b70ff000 r-xp 00000000 08:01 15861076                   /usr/lib/jvm/java-7-openjdk-amd64/jre/lib/amd64/libnet.so
7fc8b70ff000-7fc8b72fe000 ---p 00016000 08:01 15861076                   /usr/lib/jvm/java-7-openjdk-amd64/jre/lib/amd64/libnet.so
7fc8b72fe000-7fc8b72ff000 r--p 00015000 08:01 15861076                   /usr/lib/jvm/java-7-openjdk-amd64/jre/lib/amd64/libnet.so
7fc8b72ff000-7fc8b7300000 rw-p 00016000 08:01 15861076                   /usr/lib/jvm/java-7-openjdk-amd64/jre/lib/amd64/libnet.so
7fc8b7300000-7fc8b7301000 ---p 00000000 00:00 0 
7fc8b7301000-7fc8b7401000 rw-p 00000000 00:00 0                          [stack:15943]
7fc8b7401000-7fc8b7404000 ---p 00000000 00:00 0 
7fc8b7404000-7fc8b7602000 rw-p 00000000 00:00 0                          [stack:15942]
7fc8b7602000-7fc8b7605000 ---p 00000000 00:00 0 
7fc8b7605000-7fc8b7703000 rw-p 00000000 00:00 0                          [stack:15941]
7fc8b7703000-7fc8b7706000 ---p 00000000 00:00 0 
7fc8b7706000-7fc8b7804000 rw-p 00000000 00:00 0                          [stack:15940]
7fc8b7804000-7fc8b7807000 ---p 00000000 00:00 0 
7fc8b7807000-7fc8b7a05000 rw-p 00000000 00:00 0                          [stack:15939]
7fc8b7a05000-7fc8b7dff000 r--p 00000000 08:01 15734328                   /usr/lib/locale/locale-archive
7fc8b7dff000-7fc8b7e02000 ---p 00000000 00:00 0 
7fc8b7e02000-7fc8b8000000 rw-p 00000000 00:00 0                          [stack:15938]
7fc8b8000000-7fc8b8021000 rw-p 00000000 00:00 0 
7fc8b8021000-7fc8bc000000 ---p 00000000 00:00 0 
7fc8bc021000-7fc8bc022000 rw-p 00000000 00:00 0 
7fc8bc022000-7fc8bc025000 ---p 00000000 00:00 0 
7fc8bc025000-7fc8bc05b000 rw-p 00000000 00:00 0                          [stack:15947]
7fc8bc05b000-7fc8bc05c000 r-xp 00000000 00:00 0 
7fc8bc05c000-7fc8bc063000 r--s 00000000 08:01 16127910                   /usr/lib/x86_64-linux-gnu/gconv/gconv-modules.cache
7fc8bc063000-7fc8bc065000 r--s 00012000 08:01 15861308                   /usr/lib/jvm/java-7-openjdk-amd64/jre/lib/ext/zipfs.jar
7fc8bc065000-7fc8bc068000 r--s 00032000 08:01 15861310                   /usr/lib/jvm/java-7-openjdk-amd64/jre/lib/ext/sunjce_provider.jar
7fc8bc068000-7fc8bc06c000 r--s 00085000 08:01 15861304                   /usr/lib/jvm/java-7-openjdk-amd64/jre/lib/ext/localedata.jar
7fc8bc06c000-7fc8bc06e000 r--s 00006000 08:01 16256853                   /usr/share/java/java-atk-wrapper.jar
7fc8bc06e000-7fc8bc071000 ---p 00000000 00:00 0 
7fc8bc071000-7fc8bc26f000 rw-p 00000000 00:00 0                          [stack:15937]
7fc8bc26f000-7fc8bc270000 ---p 00000000 00:00 0 
7fc8bc270000-7fc8bd000000 rw-p 00000000 00:00 0                          [stack:15936]
7fc8bd000000-7fc8bd270000 rwxp 00000000 00:00 0 
7fc8bd270000-7fc8c04a8000 rw-p 00000000 00:00 0 
7fc8c04a8000-7fc8c4000000 ---p 00000000 00:00 0 
7fc8c4000000-7fc8c4001000 r--s 00002000 08:01 15861314                   /usr/lib/jvm/java-7-openjdk-amd64/jre/lib/ext/dnsns.jar
7fc8c4001000-7fc8c4004000 r--s 0000f000 08:01 15861306                   /usr/lib/jvm/java-7-openjdk-amd64/jre/lib/ext/pulse-java.jar
7fc8c4004000-7fc8c4008000 r--s 0003b000 08:01 15861316                   /usr/lib/jvm/java-7-openjdk-amd64/jre/lib/ext/sunpkcs11.jar
7fc8c4008000-7fc8c4334000 rw-p 00000000 00:00 0 
7fc8c4334000-7fc8c441d000 r--s 00bb9000 08:01 12059138                   /home/alex/.rbenv/versions/jruby-1.7.10/lib/jruby.jar
7fc8c441d000-7fc8c4465000 rw-p 00000000 00:00 0 
7fc8c4465000-7fc8c4613000 r--s 01cf4000 08:01 15861374                   /usr/lib/jvm/java-7-openjdk-amd64/jre/lib/rt.jar
7fc8c4613000-7fc8c5d29000 rw-p 00000000 00:00 0 
7fc8c5d29000-7fc8c5d2a000 ---p 00000000 00:00 0 
7fc8c5d2a000-7fc8c5e2a000 rw-p 00000000 00:00 0                          [stack:15935]
7fc8c5e2a000-7fc8c5e2b000 ---p 00000000 00:00 0 
7fc8c5e2b000-7fc8c5f2b000 rw-p 00000000 00:00 0                          [stack:15934]
7fc8c5f2b000-7fc8c5f2c000 ---p 00000000 00:00 0 
7fc8c5f2c000-7fc8c602c000 rw-p 00000000 00:00 0                          [stack:15933]
7fc8c602c000-7fc8c602d000 ---p 00000000 00:00 0 
7fc8c602d000-7fc8c613a000 rw-p 00000000 00:00 0                          [stack:15932]
7fc8c613a000-7fc8c6180000 rw-p 00000000 00:00 0 
7fc8c6180000-7fc8c6193000 rw-p 00000000 00:00 0 
7fc8c6193000-7fc8c6226000 rw-p 00000000 00:00 0 
7fc8c6226000-7fc8c6238000 rw-p 00000000 00:00 0 
7fc8c6238000-7fc8c627a000 rw-p 00000000 00:00 0 
7fc8c627a000-7fc8c627b000 rw-p 00000000 00:00 0 
7fc8c627b000-7fc8c6283000 r-xp 00000000 08:01 15861025                   /usr/lib/jvm/java-7-openjdk-amd64/jre/lib/amd64/libzip.so
7fc8c6283000-7fc8c6482000 ---p 00008000 08:01 15861025                   /usr/lib/jvm/java-7-openjdk-amd64/jre/lib/amd64/libzip.so
7fc8c6482000-7fc8c6483000 r--p 00007000 08:01 15861025                   /usr/lib/jvm/java-7-openjdk-amd64/jre/lib/amd64/libzip.so
7fc8c6483000-7fc8c6484000 rw-p 00008000 08:01 15861025                   /usr/lib/jvm/java-7-openjdk-amd64/jre/lib/amd64/libzip.so
7fc8c6484000-7fc8c6490000 r-xp 00000000 08:01 8130412                    /lib/x86_64-linux-gnu/libnss_files-2.17.so
7fc8c6490000-7fc8c668f000 ---p 0000c000 08:01 8130412                    /lib/x86_64-linux-gnu/libnss_files-2.17.so
7fc8c668f000-7fc8c6690000 r--p 0000b000 08:01 8130412                    /lib/x86_64-linux-gnu/libnss_files-2.17.so
7fc8c6690000-7fc8c6691000 rw-p 0000c000 08:01 8130412                    /lib/x86_64-linux-gnu/libnss_files-2.17.so
7fc8c6691000-7fc8c669c000 r-xp 00000000 08:01 8130416                    /lib/x86_64-linux-gnu/libnss_nis-2.17.so
7fc8c669c000-7fc8c689b000 ---p 0000b000 08:01 8130416                    /lib/x86_64-linux-gnu/libnss_nis-2.17.so
7fc8c689b000-7fc8c689c000 r--p 0000a000 08:01 8130416                    /lib/x86_64-linux-gnu/libnss_nis-2.17.so
7fc8c689c000-7fc8c689d000 rw-p 0000b000 08:01 8130416                    /lib/x86_64-linux-gnu/libnss_nis-2.17.so
7fc8c689d000-7fc8c68b4000 r-xp 00000000 08:01 8130406                    /lib/x86_64-linux-gnu/libnsl-2.17.so
7fc8c68b4000-7fc8c6ab3000 ---p 00017000 08:01 8130406                    /lib/x86_64-linux-gnu/libnsl-2.17.so
7fc8c6ab3000-7fc8c6ab4000 r--p 00016000 08:01 8130406                    /lib/x86_64-linux-gnu/libnsl-2.17.so
7fc8c6ab4000-7fc8c6ab5000 rw-p 00017000 08:01 8130406                    /lib/x86_64-linux-gnu/libnsl-2.17.so
7fc8c6ab5000-7fc8c6ab7000 rw-p 00000000 00:00 0 
7fc8c6ab7000-7fc8c6abf000 r-xp 00000000 08:01 8130408                    /lib/x86_64-linux-gnu/libnss_compat-2.17.so
7fc8c6abf000-7fc8c6cbe000 ---p 00008000 08:01 8130408                    /lib/x86_64-linux-gnu/libnss_compat-2.17.so
7fc8c6cbe000-7fc8c6cbf000 r--p 00007000 08:01 8130408                    /lib/x86_64-linux-gnu/libnss_compat-2.17.so
7fc8c6cbf000-7fc8c6cc0000 rw-p 00008000 08:01 8130408                    /lib/x86_64-linux-gnu/libnss_compat-2.17.so
7fc8c6cc0000-7fc8c6ceb000 r-xp 00000000 08:01 15860951                   /usr/lib/jvm/java-7-openjdk-amd64/jre/lib/amd64/libjava.so
7fc8c6ceb000-7fc8c6eea000 ---p 0002b000 08:01 15860951                   /usr/lib/jvm/java-7-openjdk-amd64/jre/lib/amd64/libjava.so
7fc8c6eea000-7fc8c6eeb000 r--p 0002a000 08:01 15860951                   /usr/lib/jvm/java-7-openjdk-amd64/jre/lib/amd64/libjava.so
7fc8c6eeb000-7fc8c6eed000 rw-p 0002b000 08:01 15860951                   /usr/lib/jvm/java-7-openjdk-amd64/jre/lib/amd64/libjava.so
7fc8c6eed000-7fc8c6efd000 r-xp 00000000 08:01 15861265                   /usr/lib/jvm/java-7-openjdk-amd64/jre/lib/amd64/libverify.so
7fc8c6efd000-7fc8c70fc000 ---p 00010000 08:01 15861265                   /usr/lib/jvm/java-7-openjdk-amd64/jre/lib/amd64/libverify.so
7fc8c70fc000-7fc8c70fe000 r--p 0000f000 08:01 15861265                   /usr/lib/jvm/java-7-openjdk-amd64/jre/lib/amd64/libverify.so
7fc8c70fe000-7fc8c70ff000 rw-p 00011000 08:01 15861265                   /usr/lib/jvm/java-7-openjdk-amd64/jre/lib/amd64/libverify.so
7fc8c70ff000-7fc8c7106000 r-xp 00000000 08:01 8130459                    /lib/x86_64-linux-gnu/librt-2.17.so
7fc8c7106000-7fc8c7305000 ---p 00007000 08:01 8130459                    /lib/x86_64-linux-gnu/librt-2.17.so
7fc8c7305000-7fc8c7306000 r--p 00006000 08:01 8130459                    /lib/x86_64-linux-gnu/librt-2.17.so
7fc8c7306000-7fc8c7307000 rw-p 00007000 08:01 8130459                    /lib/x86_64-linux-gnu/librt-2.17.so
7fc8c7307000-7fc8c730a000 ---p 00000000 00:00 0 
7fc8c730a000-7fc8c7508000 rw-p 00000000 00:00 0                          [stack:15931]
7fc8c7508000-7fc8c751d000 r-xp 00000000 08:01 8126477                    /lib/x86_64-linux-gnu/libgcc_s.so.1
7fc8c751d000-7fc8c771c000 ---p 00015000 08:01 8126477                    /lib/x86_64-linux-gnu/libgcc_s.so.1
7fc8c771c000-7fc8c771d000 r--p 00014000 08:01 8126477                    /lib/x86_64-linux-gnu/libgcc_s.so.1
7fc8c771d000-7fc8c771e000 rw-p 00015000 08:01 8126477                    /lib/x86_64-linux-gnu/libgcc_s.so.1
7fc8c771e000-7fc8c7821000 r-xp 00000000 08:01 8130387                    /lib/x86_64-linux-gnu/libm-2.17.so
7fc8c7821000-7fc8c7a20000 ---p 00103000 08:01 8130387                    /lib/x86_64-linux-gnu/libm-2.17.so
7fc8c7a20000-7fc8c7a21000 r--p 00102000 08:01 8130387                    /lib/x86_64-linux-gnu/libm-2.17.so
7fc8c7a21000-7fc8c7a22000 rw-p 00103000 08:01 8130387                    /lib/x86_64-linux-gnu/libm-2.17.so
7fc8c7a22000-7fc8c7b08000 r-xp 00000000 08:01 15729831                   /usr/lib/x86_64-linux-gnu/libstdc++.so.6.0.18
7fc8c7b08000-7fc8c7d07000 ---p 000e6000 08:01 15729831                   /usr/lib/x86_64-linux-gnu/libstdc++.so.6.0.18
7fc8c7d07000-7fc8c7d0f000 r--p 000e5000 08:01 15729831                   /usr/lib/x86_64-linux-gnu/libstdc++.so.6.0.18
7fc8c7d0f000-7fc8c7d11000 rw-p 000ed000 08:01 15729831                   /usr/lib/x86_64-linux-gnu/libstdc++.so.6.0.18
7fc8c7d11000-7fc8c7d26000 rw-p 00000000 00:00 0 
7fc8c7d26000-7fc8c8805000 r-xp 00000000 08:01 15861284                   /usr/lib/jvm/java-7-openjdk-amd64/jre/lib/amd64/server/libjvm.so
7fc8c8805000-7fc8c8a04000 ---p 00adf000 08:01 15861284                   /usr/lib/jvm/java-7-openjdk-amd64/jre/lib/amd64/server/libjvm.so
7fc8c8a04000-7fc8c8a96000 r--p 00ade000 08:01 15861284                   /usr/lib/jvm/java-7-openjdk-amd64/jre/lib/amd64/server/libjvm.so
7fc8c8a96000-7fc8c8ab9000 rw-p 00b70000 08:01 15861284                   /usr/lib/jvm/java-7-openjdk-amd64/jre/lib/amd64/server/libjvm.so
7fc8c8ab9000-7fc8c8ae6000 rw-p 00000000 00:00 0 
7fc8c8ae6000-7fc8c8afe000 r-xp 00000000 08:01 8130494                    /lib/x86_64-linux-gnu/libz.so.1.2.8
7fc8c8afe000-7fc8c8cfd000 ---p 00018000 08:01 8130494                    /lib/x86_64-linux-gnu/libz.so.1.2.8
7fc8c8cfd000-7fc8c8cfe000 r--p 00017000 08:01 8130494                    /lib/x86_64-linux-gnu/libz.so.1.2.8
7fc8c8cfe000-7fc8c8cff000 rw-p 00018000 08:01 8130494                    /lib/x86_64-linux-gnu/libz.so.1.2.8
7fc8c8cff000-7fc8c8d16000 r-xp 00000000 08:01 8130451                    /lib/x86_64-linux-gnu/libpthread-2.17.so
7fc8c8d16000-7fc8c8f16000 ---p 00017000 08:01 8130451                    /lib/x86_64-linux-gnu/libpthread-2.17.so
7fc8c8f16000-7fc8c8f17000 r--p 00017000 08:01 8130451                    /lib/x86_64-linux-gnu/libpthread-2.17.so
7fc8c8f17000-7fc8c8f18000 rw-p 00018000 08:01 8130451                    /lib/x86_64-linux-gnu/libpthread-2.17.so
7fc8c8f18000-7fc8c8f1c000 rw-p 00000000 00:00 0 
7fc8c8f1c000-7fc8c8f1f000 r-xp 00000000 08:01 8130351                    /lib/x86_64-linux-gnu/libdl-2.17.so
7fc8c8f1f000-7fc8c911e000 ---p 00003000 08:01 8130351                    /lib/x86_64-linux-gnu/libdl-2.17.so
7fc8c911e000-7fc8c911f000 r--p 00002000 08:01 8130351                    /lib/x86_64-linux-gnu/libdl-2.17.so
7fc8c911f000-7fc8c9120000 rw-p 00003000 08:01 8130351                    /lib/x86_64-linux-gnu/libdl-2.17.so
7fc8c9120000-7fc8c92dd000 r-xp 00000000 08:01 8130336                    /lib/x86_64-linux-gnu/libc-2.17.so
7fc8c92dd000-7fc8c94dd000 ---p 001bd000 08:01 8130336                    /lib/x86_64-linux-gnu/libc-2.17.so
7fc8c94dd000-7fc8c94e1000 r--p 001bd000 08:01 8130336                    /lib/x86_64-linux-gnu/libc-2.17.so
7fc8c94e1000-7fc8c94e3000 rw-p 001c1000 08:01 8130336                    /lib/x86_64-linux-gnu/libc-2.17.so
7fc8c94e3000-7fc8c94e8000 rw-p 00000000 00:00 0 
7fc8c94e8000-7fc8c94f5000 r-xp 00000000 08:01 15861291                   /usr/lib/jvm/java-7-openjdk-amd64/jre/lib/amd64/jli/libjli.so
7fc8c94f5000-7fc8c96f4000 ---p 0000d000 08:01 15861291                   /usr/lib/jvm/java-7-openjdk-amd64/jre/lib/amd64/jli/libjli.so
7fc8c96f4000-7fc8c96f5000 r--p 0000c000 08:01 15861291                   /usr/lib/jvm/java-7-openjdk-amd64/jre/lib/amd64/jli/libjli.so
7fc8c96f5000-7fc8c96f6000 rw-p 0000d000 08:01 15861291                   /usr/lib/jvm/java-7-openjdk-amd64/jre/lib/amd64/jli/libjli.so
7fc8c96f6000-7fc8c9719000 r-xp 00000000 08:01 8130312                    /lib/x86_64-linux-gnu/ld-2.17.so
7fc8c9719000-7fc8c971e000 r--s 0004c000 08:01 15861296                   /usr/lib/jvm/java-7-openjdk-amd64/jre/lib/jsse.jar
7fc8c971e000-7fc8c974c000 rw-p 00000000 00:00 0 
7fc8c974c000-7fc8c9792000 rw-p 00000000 00:00 0 
7fc8c9792000-7fc8c97a5000 rw-p 00000000 00:00 0 
7fc8c97a5000-7fc8c9839000 rw-p 00000000 00:00 0 
7fc8c9839000-7fc8c9843000 rw-p 00000000 00:00 0 
7fc8c9843000-7fc8c98f9000 rw-p 00000000 00:00 0 
7fc8c98f9000-7fc8c990c000 rw-p 00000000 00:00 0 
7fc8c990c000-7fc8c9914000 rw-s 00000000 08:01 5767371                    /tmp/hsperfdata_alex/15906
7fc8c9914000-7fc8c9915000 rw-p 00000000 00:00 0 
7fc8c9915000-7fc8c9916000 r--p 00000000 00:00 0 
7fc8c9916000-7fc8c9918000 rw-p 00000000 00:00 0 
7fc8c9918000-7fc8c9919000 r--p 00022000 08:01 8130312                    /lib/x86_64-linux-gnu/ld-2.17.so
7fc8c9919000-7fc8c991b000 rw-p 00023000 08:01 8130312                    /lib/x86_64-linux-gnu/ld-2.17.so
7fff722c4000-7fff722e5000 rw-p 00000000 00:00 0                          [stack]
7fff723bd000-7fff723bf000 r-xp 00000000 00:00 0                          [vdso]
ffffffffff600000-ffffffffff601000 r-xp 00000000 00:00 0                  [vsyscall]

VM Arguments:
jvm_args: -Djdk.home= -Djruby.home=/home/alex/.rbenv/versions/jruby-1.7.10 -Djruby.script=jruby -Djruby.shell=/bin/sh -Djffi.boot.library.path=/home/alex/.rbenv/versions/jruby-1.7.10/lib/jni:/home/alex/.rbenv/versions/jruby-1.7.10/lib/jni/i386-Linux:/home/alex/.rbenv/versions/jruby-1.7.10/lib/jni/arm-Linux:/home/alex/.rbenv/versions/jruby-1.7.10/lib/jni/x86_64-Linux -Xmx500m -Xss2048k -Xbootclasspath/a:/home/alex/.rbenv/versions/jruby-1.7.10/lib/jruby.jar 
java_command: org/jruby/Main Makefile.rb clean compile test clean
Launcher Type: SUN_STANDARD

Environment Variables:
PATH=/home/alex/.rbenv/versions/jruby-1.7.10/bin:/home/alex/.rbenv/libexec:/home/alex/.rbenv/plugins/ruby-build/bin:/home/alex/.rbenv/shims:~/.rbenv/bin:~/.rbenv/bin:/usr/local/sbin:/usr/local/bin:/usr/sbin:/usr/bin:/sbin:/bin:/usr/games:/usr/local/games
USERNAME=alex
SHELL=/bin/bash
DISPLAY=:0

Signal Handlers:
SIGSEGV: [libjvm.so+0x916ea0], sa_mask[0]=0x7ffbfeff, sa_flags=0x10000004
SIGBUS: [libjvm.so+0x916ea0], sa_mask[0]=0x7ffbfeff, sa_flags=0x10000004
SIGFPE: [libjvm.so+0x794800], sa_mask[0]=0x7ffbfeff, sa_flags=0x10000004
SIGPIPE: [libjvm.so+0x794800], sa_mask[0]=0x7ffbfeff, sa_flags=0x10000004
SIGXFSZ: [libjvm.so+0x794800], sa_mask[0]=0x7ffbfeff, sa_flags=0x10000004
SIGILL: [libjvm.so+0x794800], sa_mask[0]=0x7ffbfeff, sa_flags=0x10000004
SIGUSR1: SIG_DFL, sa_mask[0]=0x00000000, sa_flags=0x00000000
SIGUSR2: [libjvm.so+0x7946a0], sa_mask[0]=0x00000000, sa_flags=0x10000004
SIGHUP: [libjvm.so+0x794880], sa_mask[0]=0x7ffbfeff, sa_flags=0x10000004
SIGINT: [libjvm.so+0x794880], sa_mask[0]=0x7ffbfeff, sa_flags=0x10000004
SIGTERM: [libjvm.so+0x794880], sa_mask[0]=0x7ffbfeff, sa_flags=0x10000004
SIGQUIT: [libjvm.so+0x794880], sa_mask[0]=0x7ffbfeff, sa_flags=0x10000004


---------------  S Y S T E M  ---------------

OS:LinuxMint 16 (petra)
uname:Linux 3.11.0-12-generic #19-Ubuntu SMP Wed Oct 9 16:20:46 UTC 2013 x86_64
libc:glibc 2.17 NPTL 2.17 
rlimit: STACK 8192k, CORE 0k, NPROC 28798, NOFILE 4096, AS infinity
load average:0,63 0,57 0,50

/proc/meminfo:
MemTotal:        3715476 kB
MemFree:         1871768 kB
Buffers:           75684 kB
Cached:           953292 kB
SwapCached:            0 kB
Active:          1034524 kB
Inactive:         652904 kB
Active(anon):     660144 kB
Inactive(anon):   187580 kB
Active(file):     374380 kB
Inactive(file):   465324 kB
Unevictable:          16 kB
Mlocked:              16 kB
SwapTotal:       3856380 kB
SwapFree:        3856380 kB
Dirty:               380 kB
Writeback:             0 kB
AnonPages:        658500 kB
Mapped:           184316 kB
Shmem:            189276 kB
Slab:              78032 kB
SReclaimable:      52364 kB
SUnreclaim:        25668 kB
KernelStack:        3464 kB
PageTables:        24028 kB
NFS_Unstable:          0 kB
Bounce:                0 kB
WritebackTmp:          0 kB
CommitLimit:     5714116 kB
Committed_AS:    2892784 kB
VmallocTotal:   34359738367 kB
VmallocUsed:      414316 kB
VmallocChunk:   34359320060 kB
HardwareCorrupted:     0 kB
AnonHugePages:         0 kB
HugePages_Total:       0
HugePages_Free:        0
HugePages_Rsvd:        0
HugePages_Surp:        0
Hugepagesize:       2048 kB
DirectMap4k:       66768 kB
DirectMap2M:     3790848 kB


CPU:total 4 (2 cores per cpu, 2 threads per core) family 6 model 37 stepping 5, cmov, cx8, fxsr, mmx, sse, sse2, sse3, ssse3, sse4.1, sse4.2, popcnt, ht, tsc, tscinvbit

/proc/cpuinfo:
processor	: 0
vendor_id	: GenuineIntel
cpu family	: 6
model		: 37
model name	: Intel(R) Core(TM) i3 CPU       M 380  @ 2.53GHz
stepping	: 5
microcode	: 0x2
cpu MHz		: 2533.000
cache size	: 3072 KB
physical id	: 0
siblings	: 4
core id		: 0
cpu cores	: 2
apicid		: 0
initial apicid	: 0
fpu		: yes
fpu_exception	: yes
cpuid level	: 11
wp		: yes
flags		: fpu vme de pse tsc msr pae mce cx8 apic sep mtrr pge mca cmov pat pse36 clflush dts acpi mmx fxsr sse sse2 ss ht tm pbe syscall nx rdtscp lm constant_tsc arch_perfmon pebs bts rep_good nopl xtopology nonstop_tsc aperfmperf pni dtes64 monitor ds_cpl vmx est tm2 ssse3 cx16 xtpr pdcm pcid sse4_1 sse4_2 popcnt lahf_lm arat dtherm tpr_shadow vnmi flexpriority ept vpid
bogomips	: 5054.08
clflush size	: 64
cache_alignment	: 64
address sizes	: 36 bits physical, 48 bits virtual
power management:

processor	: 1
vendor_id	: GenuineIntel
cpu family	: 6
model		: 37
model name	: Intel(R) Core(TM) i3 CPU       M 380  @ 2.53GHz
stepping	: 5
microcode	: 0x2
cpu MHz		: 2533.000
cache size	: 3072 KB
physical id	: 0
siblings	: 4
core id		: 0
cpu cores	: 2
apicid		: 1
initial apicid	: 1
fpu		: yes
fpu_exception	: yes
cpuid level	: 11
wp		: yes
flags		: fpu vme de pse tsc msr pae mce cx8 apic sep mtrr pge mca cmov pat pse36 clflush dts acpi mmx fxsr sse sse2 ss ht tm pbe syscall nx rdtscp lm constant_tsc arch_perfmon pebs bts rep_good nopl xtopology nonstop_tsc aperfmperf pni dtes64 monitor ds_cpl vmx est tm2 ssse3 cx16 xtpr pdcm pcid sse4_1 sse4_2 popcnt lahf_lm arat dtherm tpr_shadow vnmi flexpriority ept vpid
bogomips	: 5054.08
clflush size	: 64
cache_alignment	: 64
address sizes	: 36 bits physical, 48 bits virtual
power management:

processor	: 2
vendor_id	: GenuineIntel
cpu family	: 6
model		: 37
model name	: Intel(R) Core(TM) i3 CPU       M 380  @ 2.53GHz
stepping	: 5
microcode	: 0x2
cpu MHz		: 2533.000
cache size	: 3072 KB
physical id	: 0
siblings	: 4
core id		: 2
cpu cores	: 2
apicid		: 4
initial apicid	: 4
fpu		: yes
fpu_exception	: yes
cpuid level	: 11
wp		: yes
flags		: fpu vme de pse tsc msr pae mce cx8 apic sep mtrr pge mca cmov pat pse36 clflush dts acpi mmx fxsr sse sse2 ss ht tm pbe syscall nx rdtscp lm constant_tsc arch_perfmon pebs bts rep_good nopl xtopology nonstop_tsc aperfmperf pni dtes64 monitor ds_cpl vmx est tm2 ssse3 cx16 xtpr pdcm pcid sse4_1 sse4_2 popcnt lahf_lm arat dtherm tpr_shadow vnmi flexpriority ept vpid
bogomips	: 5054.08
clflush size	: 64
cache_alignment	: 64
address sizes	: 36 bits physical, 48 bits virtual
power management:

processor	: 3
vendor_id	: GenuineIntel
cpu family	: 6
model		: 37
model name	: Intel(R) Core(TM) i3 CPU       M 380  @ 2.53GHz
stepping	: 5
microcode	: 0x2
cpu MHz		: 2533.000
cache size	: 3072 KB
physical id	: 0
siblings	: 4
core id		: 2
cpu cores	: 2
apicid		: 5
initial apicid	: 5
fpu		: yes
fpu_exception	: yes
cpuid level	: 11
wp		: yes
flags		: fpu vme de pse tsc msr pae mce cx8 apic sep mtrr pge mca cmov pat pse36 clflush dts acpi mmx fxsr sse sse2 ss ht tm pbe syscall nx rdtscp lm constant_tsc arch_perfmon pebs bts rep_good nopl xtopology nonstop_tsc aperfmperf pni dtes64 monitor ds_cpl vmx est tm2 ssse3 cx16 xtpr pdcm pcid sse4_1 sse4_2 popcnt lahf_lm arat dtherm tpr_shadow vnmi flexpriority ept vpid
bogomips	: 5054.08
clflush size	: 64
cache_alignment	: 64
address sizes	: 36 bits physical, 48 bits virtual
power management:



Memory: 4k page, physical 3715476k(1871768k free), swap 3856380k(3856380k free)

vm_info: OpenJDK 64-Bit Server VM (24.45-b08) for linux-amd64 JRE (1.7.0_51-b00), built on Jan 15 2014 22:02:57 by "buildd" with gcc 4.8.1

time: Fri Apr 18 15:37:47 2014
elapsed time: 4 seconds

