#
# A fatal error has been detected by the Java Runtime Environment:
#
#  SIGSEGV (0xb) at pc=0x00007f0960677b27, pid=13288, tid=139678565213952
#
# JRE version: OpenJDK Runtime Environment (7.0_51) (build 1.7.0_51-b00)
# Java VM: OpenJDK 64-Bit Server VM (24.45-b08 mixed mode linux-amd64 compressed oops)
# Problematic frame:
# C  [libintersection.so+0xb27]  find_intersections+0x1a2
#
# Failed to write core dump. Core dumps have been disabled. To enable core dumping, try "ulimit -c unlimited" before starting Java again
#
# If you would like to submit a bug report, please include
# instructions on how to reproduce the bug and visit:
#   http://icedtea.classpath.org/bugzilla
# The crash happened outside the Java Virtual Machine in native code.
# See problematic frame for where to report the bug.
#

---------------  T H R E A D  ---------------

Current thread (0x00007f096c00a800):  JavaThread "main" [_thread_in_native, id=13313, stack(0x00007f0973232000,0x00007f0973433000)]

siginfo:si_signo=SIGSEGV: si_errno=0, si_code=1 (SEGV_MAPERR), si_addr=0x000000006c4ece18

Registers:
RAX=0x000000006c4ece10, RBX=0x00000000d79ae230, RCX=0x64206f72746e6564, RDX=0x0000000000000000
RSP=0x00007f0973430050, RBP=0x00007f0973430080, RSI=0x0000000000000000, RDI=0x00007f097342fb20
R8 =0x6f6c636963206c65, R9 =0x0000000000000000, R10=0x00007f097342fdf0, R11=0x00007f096087a6d2
R12=0x0000000000000000, R13=0x00000000d79ae230, R14=0x00007f0973430168, R15=0x00007f096c00a800
RIP=0x00007f0960677b27, EFLAGS=0x0000000000010206, CSGSFS=0x0000000000000033, ERR=0x0000000000000004
  TRAPNO=0x000000000000000e

Top of Stack: (sp=0x00007f0973430050)
0x00007f0973430050:   4000000000000000 00007f096c4f04b0
0x00007f0973430060:   00000000f5a86560 00007f096c4f20e0
0x00007f0973430070:   00007f096c4ecea0 000000006c4ece10
0x00007f0973430080:   00007f096c463830 00007f0961890cd9
0x00007f0973430090:   00000000d7d32d70 00000000d79ae230
0x00007f09734300a0:   00007f0973430120 00007f0969012738
0x00007f09734300b0:   00007f096c00a9d8 00007f0973431a40
0x00007f09734300c0:   00007f0973430100 00007f097453cd24
0x00007f09734300d0:   00000000f5a865e8 00000000d66fc038
0x00007f09734300e0:   00007f09734300e0 0000000000000000
0x00007f09734300f0:   00007f0973430168 00000000d79b6758
0x00007f0973430100:   0000000000000000 00000000d79ae230
0x00007f0973430110:   0000000000000000 00007f0973430140
0x00007f0973430120:   00007f09734301b0 00007f0969006175
0x00007f0973430130:   00000000e115eb40 00007f096900ecd7
0x00007f0973430140:   00007f096c4f04b0 00007f09691022ac
0x00007f0973430150:   00007f0960677985 00000000f591a118
0x00007f0973430160:   00007f096c463830 0000000000000000
0x00007f0973430170:   00007f0973430170 00000000d7aab097
0x00007f0973430180:   00007f09734301e8 00000000d7ab72f0
0x00007f0973430190:   00000000d7edbf78 00000000d7aab0d8
0x00007f09734301a0:   00007f0973430140 00007f09734301c0
0x00007f09734301b0:   00007f0973430238 00007f0969006175
0x00007f09734301c0:   00007f096c4f04b0 00000000f65423a0
0x00007f09734301d0:   00007f0960677985 0000000000000000
0x00007f09734301e0:   00000000e1071500 00000000e1161250
0x00007f09734301f0:   00000000e103e070 00007f09734301f8
0x00007f0973430200:   00000000d7eddb0c 00007f0973430280
0x00007f0973430210:   00000000d7eddf68 0000000000000000
0x00007f0973430220:   00000000d7eddb30 00007f09734301c0
0x00007f0973430230:   00007f0973430258 00007f09734302c8
0x00007f0973430240:   00007f0969006233 00000000f65423a0 

Instructions: (pc=0x00007f0960677b27)
0x00007f0960677b07:   e8 34 fd ff ff 48 98 48 89 45 f8 48 8d 3d 9d 00
0x00007f0960677b17:   00 00 b8 00 00 00 00 e8 ed fc ff ff 48 8b 45 f8
0x00007f0960677b27:   48 8b 50 08 48 8b 45 f8 48 8b 00 48 89 55 d0 f2
0x00007f0960677b37:   0f 10 4d d0 48 89 45 d0 f2 0f 10 45 d0 48 8d 3d 

Register to memory mapping:

RAX=0x000000006c4ece10 is an unknown value
RBX=0x00000000d79ae230 is an oop
{method} 
 - klass: {other class}
RCX=0x64206f72746e6564 is an unknown value
RDX=0x0000000000000000 is an unknown value
RSP=0x00007f0973430050 is pointing into the stack for thread: 0x00007f096c00a800
RBP=0x00007f0973430080 is pointing into the stack for thread: 0x00007f096c00a800
RSI=0x0000000000000000 is an unknown value
RDI=0x00007f097342fb20 is pointing into the stack for thread: 0x00007f096c00a800
R8 =0x6f6c636963206c65 is an unknown value
R9 =0x0000000000000000 is an unknown value
R10=0x00007f097342fdf0 is pointing into the stack for thread: 0x00007f096c00a800
R11=0x00007f096087a6d2: rb_min_node+0 in lib/librb_tree.so at 0x00007f0960879000
R12=0x0000000000000000 is an unknown value
R13=0x00000000d79ae230 is an oop
{method} 
 - klass: {other class}
R14=0x00007f0973430168 is pointing into the stack for thread: 0x00007f096c00a800
R15=0x00007f096c00a800 is a thread


Stack: [0x00007f0973232000,0x00007f0973433000],  sp=0x00007f0973430050,  free space=2040k
Native frames: (J=compiled Java code, j=interpreted, Vv=VM code, C=native code)
C  [libintersection.so+0xb27]  find_intersections+0x1a2

Java frames: (J=compiled Java code, j=interpreted, Vv=VM code)
j  com.kenai.jffi.Foreign.invokeL1(JJJ)J+0
j  com.kenai.jffi.Invoker.invokeL1(Lcom/kenai/jffi/CallContext;JJ)J+7
j  org.jruby.ext.ffi.jffi.NativeInvoker$ffi$8.call(Lorg/jruby/runtime/ThreadContext;Lorg/jruby/runtime/builtin/IRubyObject;Lorg/jruby/RubyModule;Ljava/lang/String;Lorg/jruby/runtime/builtin/IRubyObject;)Lorg/jruby/runtime/builtin/IRubyObject;+76
j  org.jruby.runtime.callsite.CachingCallSite.cacheAndCall(Lorg/jruby/runtime/builtin/IRubyObject;Lorg/jruby/RubyClass;Lorg/jruby/runtime/ThreadContext;Lorg/jruby/runtime/builtin/IRubyObject;Lorg/jruby/runtime/builtin/IRubyObject;)Lorg/jruby/runtime/builtin/IRubyObject;+57
J  org.jruby.runtime.callsite.CachingCallSite.call(Lorg/jruby/runtime/ThreadContext;Lorg/jruby/runtime/builtin/IRubyObject;Lorg/jruby/runtime/builtin/IRubyObject;Lorg/jruby/runtime/builtin/IRubyObject;)Lorg/jruby/runtime/builtin/IRubyObject;
J  org.jruby.ast.CallOneArgNode.interpret(Lorg/jruby/Ruby;Lorg/jruby/runtime/ThreadContext;Lorg/jruby/runtime/builtin/IRubyObject;Lorg/jruby/runtime/Block;)Lorg/jruby/runtime/builtin/IRubyObject;
j  org.jruby.ast.LocalAsgnNode.interpret(Lorg/jruby/Ruby;Lorg/jruby/runtime/ThreadContext;Lorg/jruby/runtime/builtin/IRubyObject;Lorg/jruby/runtime/Block;)Lorg/jruby/runtime/builtin/IRubyObject;+30
J  org.jruby.ast.BlockNode.interpret(Lorg/jruby/Ruby;Lorg/jruby/runtime/ThreadContext;Lorg/jruby/runtime/builtin/IRubyObject;Lorg/jruby/runtime/Block;)Lorg/jruby/runtime/builtin/IRubyObject;
j  org.jruby.evaluator.ASTInterpreter.INTERPRET_METHOD(Lorg/jruby/Ruby;Lorg/jruby/runtime/ThreadContext;Ljava/lang/String;ILorg/jruby/RubyModule;Lorg/jruby/ast/Node;Ljava/lang/String;Lorg/jruby/runtime/builtin/IRubyObject;Lorg/jruby/runtime/Block;Z)Lorg/jruby/runtime/builtin/IRubyObject;+30
j  org.jruby.internal.runtime.methods.InterpretedMethod.call(Lorg/jruby/runtime/ThreadContext;Lorg/jruby/runtime/builtin/IRubyObject;Lorg/jruby/RubyModule;Ljava/lang/String;)Lorg/jruby/runtime/builtin/IRubyObject;+80
j  org.jruby.internal.runtime.methods.DefaultMethod.call(Lorg/jruby/runtime/ThreadContext;Lorg/jruby/runtime/builtin/IRubyObject;Lorg/jruby/RubyModule;Ljava/lang/String;)Lorg/jruby/runtime/builtin/IRubyObject;+20
J  org.jruby.ast.CallNoArgNode.interpret(Lorg/jruby/Ruby;Lorg/jruby/runtime/ThreadContext;Lorg/jruby/runtime/builtin/IRubyObject;Lorg/jruby/runtime/Block;)Lorg/jruby/runtime/builtin/IRubyObject;
j  org.jruby.ast.FCallTwoArgNode.interpret(Lorg/jruby/Ruby;Lorg/jruby/runtime/ThreadContext;Lorg/jruby/runtime/builtin/IRubyObject;Lorg/jruby/runtime/Block;)Lorg/jruby/runtime/builtin/IRubyObject;+28
J  org.jruby.ast.BlockNode.interpret(Lorg/jruby/Ruby;Lorg/jruby/runtime/ThreadContext;Lorg/jruby/runtime/builtin/IRubyObject;Lorg/jruby/runtime/Block;)Lorg/jruby/runtime/builtin/IRubyObject;
j  org.jruby.evaluator.ASTInterpreter.INTERPRET_METHOD(Lorg/jruby/Ruby;Lorg/jruby/runtime/ThreadContext;Ljava/lang/String;ILorg/jruby/RubyModule;Lorg/jruby/ast/Node;Ljava/lang/String;Lorg/jruby/runtime/builtin/IRubyObject;Lorg/jruby/runtime/Block;Z)Lorg/jruby/runtime/builtin/IRubyObject;+30
j  org.jruby.internal.runtime.methods.InterpretedMethod.call(Lorg/jruby/runtime/ThreadContext;Lorg/jruby/runtime/builtin/IRubyObject;Lorg/jruby/RubyModule;Ljava/lang/String;)Lorg/jruby/runtime/builtin/IRubyObject;+80
j  org.jruby.internal.runtime.methods.DefaultMethod.call(Lorg/jruby/runtime/ThreadContext;Lorg/jruby/runtime/builtin/IRubyObject;Lorg/jruby/RubyModule;Ljava/lang/String;)Lorg/jruby/runtime/builtin/IRubyObject;+20
j  org.jruby.runtime.callsite.CachingCallSite.cacheAndCall(Lorg/jruby/runtime/builtin/IRubyObject;Lorg/jruby/RubyClass;Lorg/jruby/runtime/ThreadContext;Lorg/jruby/runtime/builtin/IRubyObject;)Lorg/jruby/runtime/builtin/IRubyObject;+53
j  org.jruby.runtime.callsite.CachingCallSite.call(Lorg/jruby/runtime/ThreadContext;Lorg/jruby/runtime/builtin/IRubyObject;Lorg/jruby/runtime/builtin/IRubyObject;)Lorg/jruby/runtime/builtin/IRubyObject;+46
j  Makefile.method__3$RUBY$test(LMakefile;Lorg/jruby/runtime/ThreadContext;Lorg/jruby/runtime/builtin/IRubyObject;Lorg/jruby/runtime/Block;)Lorg/jruby/runtime/builtin/IRubyObject;+130
j  Makefile$method__3$RUBY$test.call(Lorg/jruby/runtime/ThreadContext;Lorg/jruby/runtime/builtin/IRubyObject;Lorg/jruby/RubyModule;Ljava/lang/String;Lorg/jruby/runtime/Block;)Lorg/jruby/runtime/builtin/IRubyObject;+17
j  org.jruby.RubyClass.finvoke(Lorg/jruby/runtime/ThreadContext;Lorg/jruby/runtime/builtin/IRubyObject;Ljava/lang/String;Lorg/jruby/runtime/Block;)Lorg/jruby/runtime/builtin/IRubyObject;+41
j  org.jruby.RubyBasicObject.send19(Lorg/jruby/runtime/ThreadContext;Lorg/jruby/runtime/builtin/IRubyObject;Lorg/jruby/runtime/Block;)Lorg/jruby/runtime/builtin/IRubyObject;+15
j  org.jruby.RubyKernel.send19(Lorg/jruby/runtime/ThreadContext;Lorg/jruby/runtime/builtin/IRubyObject;Lorg/jruby/runtime/builtin/IRubyObject;Lorg/jruby/runtime/Block;)Lorg/jruby/runtime/builtin/IRubyObject;+7
j  org.jruby.RubyKernel$INVOKER$s$send19.call(Lorg/jruby/runtime/ThreadContext;Lorg/jruby/runtime/builtin/IRubyObject;Lorg/jruby/RubyModule;Ljava/lang/String;Lorg/jruby/runtime/builtin/IRubyObject;Lorg/jruby/runtime/Block;)Lorg/jruby/runtime/builtin/IRubyObject;+6
j  org.jruby.internal.runtime.methods.JavaMethod$JavaMethodOneOrNBlock.call(Lorg/jruby/runtime/ThreadContext;Lorg/jruby/runtime/builtin/IRubyObject;Lorg/jruby/RubyModule;Ljava/lang/String;Lorg/jruby/runtime/builtin/IRubyObject;)Lorg/jruby/runtime/builtin/IRubyObject;+11
j  org.jruby.runtime.callsite.CachingCallSite.call(Lorg/jruby/runtime/ThreadContext;Lorg/jruby/runtime/builtin/IRubyObject;Lorg/jruby/runtime/builtin/IRubyObject;Lorg/jruby/runtime/builtin/IRubyObject;)Lorg/jruby/runtime/builtin/IRubyObject;+38
j  Makefile.block_7$RUBY$__file__(LMakefile;Lorg/jruby/runtime/ThreadContext;Lorg/jruby/runtime/builtin/IRubyObject;[Lorg/jruby/runtime/builtin/IRubyObject;Lorg/jruby/runtime/Block;)Lorg/jruby/runtime/builtin/IRubyObject;+46
j  Makefile$block_7$RUBY$__file__.call(Lorg/jruby/runtime/ThreadContext;Lorg/jruby/runtime/builtin/IRubyObject;[Lorg/jruby/runtime/builtin/IRubyObject;Lorg/jruby/runtime/Block;)Lorg/jruby/runtime/builtin/IRubyObject;+9
j  org.jruby.runtime.CompiledBlock19.yield(Lorg/jruby/runtime/ThreadContext;Lorg/jruby/runtime/builtin/IRubyObject;Lorg/jruby/runtime/Binding;Lorg/jruby/runtime/Block$Type;)Lorg/jruby/runtime/builtin/IRubyObject;+52
j  org.jruby.runtime.Block.yield(Lorg/jruby/runtime/ThreadContext;Lorg/jruby/runtime/builtin/IRubyObject;)Lorg/jruby/runtime/builtin/IRubyObject;+14
j  org.jruby.RubyArray.eachCommon(Lorg/jruby/runtime/ThreadContext;Lorg/jruby/runtime/Block;)Lorg/jruby/runtime/builtin/IRubyObject;+41
j  org.jruby.RubyArray.each(Lorg/jruby/runtime/ThreadContext;Lorg/jruby/runtime/Block;)Lorg/jruby/runtime/builtin/IRubyObject;+10
j  org.jruby.RubyArray$INVOKER$i$0$0$each.call(Lorg/jruby/runtime/ThreadContext;Lorg/jruby/runtime/builtin/IRubyObject;Lorg/jruby/RubyModule;Ljava/lang/String;Lorg/jruby/runtime/Block;)Lorg/jruby/runtime/builtin/IRubyObject;+7
j  org.jruby.runtime.callsite.CachingCallSite.cacheAndCall(Lorg/jruby/runtime/builtin/IRubyObject;Lorg/jruby/RubyClass;Lorg/jruby/runtime/Block;Lorg/jruby/runtime/ThreadContext;Lorg/jruby/runtime/builtin/IRubyObject;)Lorg/jruby/runtime/builtin/IRubyObject;+57
j  org.jruby.runtime.callsite.CachingCallSite.callBlock(Lorg/jruby/runtime/ThreadContext;Lorg/jruby/runtime/builtin/IRubyObject;Lorg/jruby/runtime/builtin/IRubyObject;Lorg/jruby/runtime/Block;)Lorg/jruby/runtime/builtin/IRubyObject;+50
j  org.jruby.runtime.callsite.CachingCallSite.callIter(Lorg/jruby/runtime/ThreadContext;Lorg/jruby/runtime/builtin/IRubyObject;Lorg/jruby/runtime/builtin/IRubyObject;Lorg/jruby/runtime/Block;)Lorg/jruby/runtime/builtin/IRubyObject;+6
j  Makefile.__file__(LMakefile;Lorg/jruby/runtime/ThreadContext;Lorg/jruby/runtime/builtin/IRubyObject;[Lorg/jruby/runtime/builtin/IRubyObject;Lorg/jruby/runtime/Block;)Lorg/jruby/runtime/builtin/IRubyObject;+938
j  Makefile.load(Lorg/jruby/runtime/ThreadContext;Lorg/jruby/runtime/builtin/IRubyObject;Z)Lorg/jruby/runtime/builtin/IRubyObject;+22
j  org.jruby.Ruby.runScript(Lorg/jruby/ast/executable/Script;Z)Lorg/jruby/runtime/builtin/IRubyObject;+12
j  org.jruby.Ruby.runScript(Lorg/jruby/ast/executable/Script;)Lorg/jruby/runtime/builtin/IRubyObject;+3
j  org.jruby.Ruby.runNormally(Lorg/jruby/ast/Node;)Lorg/jruby/runtime/builtin/IRubyObject;+73
j  org.jruby.Ruby.runFromMain(Ljava/io/InputStream;Ljava/lang/String;)V+320
j  org.jruby.Main.doRunFromMain(Lorg/jruby/Ruby;Ljava/io/InputStream;Ljava/lang/String;)Lorg/jruby/Main$Status;+12
j  org.jruby.Main.internalRun()Lorg/jruby/Main$Status;+234
j  org.jruby.Main.run([Ljava/lang/String;)Lorg/jruby/Main$Status;+9
j  org.jruby.Main.main([Ljava/lang/String;)V+35
v  ~StubRoutines::call_stub

---------------  P R O C E S S  ---------------

Java Threads: ( => current thread )
  0x00007f096c138800 JavaThread "JRubyJIT-2" daemon [_thread_blocked, id=13449, stack(0x00007f0961085000,0x00007f0961286000)]
  0x00007f096c19e800 JavaThread "process reaper" daemon [_thread_blocked, id=13329, stack(0x00007f096804d000,0x00007f0968086000)]
  0x00007f096c4c9000 JavaThread "JRubyJIT-1" daemon [_thread_blocked, id=13326, stack(0x00007f0961688000,0x00007f0961889000)]
  0x00007f096c0ae000 JavaThread "Service Thread" daemon [_thread_blocked, id=13324, stack(0x00007f0963301000,0x00007f0963502000)]
  0x00007f096c0ab800 JavaThread "C2 CompilerThread1" daemon [_thread_in_native, id=13323, stack(0x00007f0963502000,0x00007f0963603000)]
  0x00007f096c0a8800 JavaThread "C2 CompilerThread0" daemon [_thread_in_native, id=13322, stack(0x00007f096808e000,0x00007f096818f000)]
  0x00007f096c0a6800 JavaThread "Signal Dispatcher" daemon [_thread_blocked, id=13321, stack(0x00007f0963603000,0x00007f0963804000)]
  0x00007f096c082800 JavaThread "Finalizer" daemon [_thread_blocked, id=13320, stack(0x00007f0963bfe000,0x00007f0963dff000)]
  0x00007f096c080800 JavaThread "Reference Handler" daemon [_thread_blocked, id=13319, stack(0x00007f0963dff000,0x00007f0964000000)]
=>0x00007f096c00a800 JavaThread "main" [_thread_in_native, id=13313, stack(0x00007f0973232000,0x00007f0973433000)]

Other Threads:
  0x00007f096c07c800 VMThread [stack: 0x00007f096818f000,0x00007f0968290000] [id=13318]
  0x00007f096c0b8800 WatcherThread [stack: 0x00007f0963200000,0x00007f0963301000] [id=13325]

VM state:not at safepoint (normal execution)

VM Mutex/Monitor currently owned by a thread: None

Heap
 PSYoungGen      total 17408K, used 14669K [0x00000000f5900000, 0x00000000f7b00000, 0x0000000100000000)
  eden space 15360K, 82% used [0x00000000f5900000,0x00000000f6555f28,0x00000000f6800000)
  from space 2048K, 99% used [0x00000000f6800000,0x00000000f69fd528,0x00000000f6a00000)
  to   space 2048K, 0% used [0x00000000f7900000,0x00000000f7900000,0x00000000f7b00000)
 ParOldGen       total 38400K, used 8569K [0x00000000e0c00000, 0x00000000e3180000, 0x00000000f5900000)
  object space 38400K, 22% used [0x00000000e0c00000,0x00000000e145e610,0x00000000e3180000)
 PSPermGen       total 25600K, used 25469K [0x00000000d6600000, 0x00000000d7f00000, 0x00000000e0c00000)
  object space 25600K, 99% used [0x00000000d6600000,0x00000000d7edf5c8,0x00000000d7f00000)

Card table byte_map: [0x00007f0972058000,0x00007f09721a6000] byte_map_base: 0x00007f09719a5000

Polling page: 0x00007f0975840000

Code Cache  [0x00007f0969000000, 0x00007f0969270000, 0x00007f096c000000)
 total_blobs=937 nmethods=458 adapters=433 free_code_cache=47654Kb largest_free_block=48763520

Compilation events (10 events):
Event: 9,740 Thread 0x00007f096c0ab800 nmethod 488 0x00007f0969178690 code [0x00007f0969178880, 0x00007f0969178ea0]
Event: 9,740 Thread 0x00007f096c0ab800  490             org.jruby.util.Qsort::partition (273 bytes)
Event: 9,769 Thread 0x00007f096c0a8800 nmethod 486 0x00007f0969176690 code [0x00007f09691767e0, 0x00007f0969177338]
Event: 9,769 Thread 0x00007f096c0a8800  491             org.jruby.RubyArray::eachCommon (53 bytes)
Event: 9,778 Thread 0x00007f096c0a8800 nmethod 491 0x00007f0969178190 code [0x00007f09691782e0, 0x00007f0969178478]
Event: 9,778 Thread 0x00007f096c0a8800  492             org.jruby.ext.ffi.jffi.NativeMemoryIO::wrap (26 bytes)
Event: 9,783 Thread 0x00007f096c0a8800 nmethod 492 0x00007f0969177d90 code [0x00007f0969177ee0, 0x00007f0969177fd8]
Event: 9,783 Thread 0x00007f096c0a8800  493             org.jruby.ext.ffi.AbstractMemory::<init> (11 bytes)
Event: 9,787 Thread 0x00007f096c0a8800 nmethod 493 0x00007f096917d150 code [0x00007f096917d2a0, 0x00007f096917d398]
Event: 9,787 Thread 0x00007f096c0a8800  494             org.jruby.ext.ffi.AbstractMemory::<init> (25 bytes)

GC Heap History (6 events):
Event: 3,344 GC heap before
{Heap before GC invocations=1 (full 0):
 PSYoungGen      total 17408K, used 15360K [0x00000000f5900000, 0x00000000f6c00000, 0x0000000100000000)
  eden space 15360K, 100% used [0x00000000f5900000,0x00000000f6800000,0x00000000f6800000)
  from space 2048K, 0% used [0x00000000f6a00000,0x00000000f6a00000,0x00000000f6c00000)
  to   space 2048K, 0% used [0x00000000f6800000,0x00000000f6800000,0x00000000f6a00000)
 ParOldGen       total 38400K, used 0K [0x00000000e0c00000, 0x00000000e3180000, 0x00000000f5900000)
  object space 38400K, 0% used [0x00000000e0c00000,0x00000000e0c00000,0x00000000e3180000)
 PSPermGen       total 21504K, used 18949K [0x00000000d6600000, 0x00000000d7b00000, 0x00000000e0c00000)
  object space 21504K, 88% used [0x00000000d6600000,0x00000000d78816c8,0x00000000d7b00000)
Event: 3,376 GC heap after
Heap after GC invocations=1 (full 0):
 PSYoungGen      total 17408K, used 2039K [0x00000000f5900000, 0x00000000f6c00000, 0x0000000100000000)
  eden space 15360K, 0% used [0x00000000f5900000,0x00000000f5900000,0x00000000f6800000)
  from space 2048K, 99% used [0x00000000f6800000,0x00000000f69fdfa8,0x00000000f6a00000)
  to   space 2048K, 0% used [0x00000000f6a00000,0x00000000f6a00000,0x00000000f6c00000)
 ParOldGen       total 38400K, used 3773K [0x00000000e0c00000, 0x00000000e3180000, 0x00000000f5900000)
  object space 38400K, 9% used [0x00000000e0c00000,0x00000000e0faf510,0x00000000e3180000)
 PSPermGen       total 21504K, used 18949K [0x00000000d6600000, 0x00000000d7b00000, 0x00000000e0c00000)
  object space 21504K, 88% used [0x00000000d6600000,0x00000000d78816c8,0x00000000d7b00000)
}
Event: 5,702 GC heap before
{Heap before GC invocations=2 (full 0):
 PSYoungGen      total 17408K, used 17399K [0x00000000f5900000, 0x00000000f6c00000, 0x0000000100000000)
  eden space 15360K, 100% used [0x00000000f5900000,0x00000000f6800000,0x00000000f6800000)
  from space 2048K, 99% used [0x00000000f6800000,0x00000000f69fdfa8,0x00000000f6a00000)
  to   space 2048K, 0% used [0x00000000f6a00000,0x00000000f6a00000,0x00000000f6c00000)
 ParOldGen       total 38400K, used 3773K [0x00000000e0c00000, 0x00000000e3180000, 0x00000000f5900000)
  object space 38400K, 9% used [0x00000000e0c00000,0x00000000e0faf510,0x00000000e3180000)
 PSPermGen       total 23552K, used 23438K [0x00000000d6600000, 0x00000000d7d00000, 0x00000000e0c00000)
  object space 23552K, 99% used [0x00000000d6600000,0x00000000d7ce3b00,0x00000000d7d00000)
Event: 5,749 GC heap after
Heap after GC invocations=2 (full 0):
 PSYoungGen      total 17408K, used 2037K [0x00000000f5900000, 0x00000000f7b00000, 0x0000000100000000)
  eden space 15360K, 0% used [0x00000000f5900000,0x00000000f5900000,0x00000000f6800000)
  from space 2048K, 99% used [0x00000000f6a00000,0x00000000f6bfd528,0x00000000f6c00000)
  to   space 2048K, 0% used [0x00000000f6800000,0x00000000f6800000,0x00000000f6a00000)
 ParOldGen       total 38400K, used 5867K [0x00000000e0c00000, 0x00000000e3180000, 0x00000000f5900000)
  object space 38400K, 15% used [0x00000000e0c00000,0x00000000e11bae58,0x00000000e3180000)
 PSPermGen       total 23552K, used 23438K [0x00000000d6600000, 0x00000000d7d00000, 0x00000000e0c00000)
  object space 23552K, 99% used [0x00000000d6600000,0x00000000d7ce3b00,0x00000000d7d00000)
}
Event: 8,143 GC heap before
{Heap before GC invocations=3 (full 0):
 PSYoungGen      total 17408K, used 17397K [0x00000000f5900000, 0x00000000f7b00000, 0x0000000100000000)
  eden space 15360K, 100% used [0x00000000f5900000,0x00000000f6800000,0x00000000f6800000)
  from space 2048K, 99% used [0x00000000f6a00000,0x00000000f6bfd528,0x00000000f6c00000)
  to   space 2048K, 0% used [0x00000000f6800000,0x00000000f6800000,0x00000000f6a00000)
 ParOldGen       total 38400K, used 5867K [0x00000000e0c00000, 0x00000000e3180000, 0x00000000f5900000)
  object space 38400K, 15% used [0x00000000e0c00000,0x00000000e11bae58,0x00000000e3180000)
 PSPermGen       total 25600K, used 25151K [0x00000000d6600000, 0x00000000d7f00000, 0x00000000e0c00000)
  object space 25600K, 98% used [0x00000000d6600000,0x00000000d7e8fc38,0x00000000d7f00000)
Event: 8,184 GC heap after
Heap after GC invocations=3 (full 0):
 PSYoungGen      total 17408K, used 2037K [0x00000000f5900000, 0x00000000f7b00000, 0x0000000100000000)
  eden space 15360K, 0% used [0x00000000f5900000,0x00000000f5900000,0x00000000f6800000)
  from space 2048K, 99% used [0x00000000f6800000,0x00000000f69fd528,0x00000000f6a00000)
  to   space 2048K, 0% used [0x00000000f7900000,0x00000000f7900000,0x00000000f7b00000)
 ParOldGen       total 38400K, used 8569K [0x00000000e0c00000, 0x00000000e3180000, 0x00000000f5900000)
  object space 38400K, 22% used [0x00000000e0c00000,0x00000000e145e610,0x00000000e3180000)
 PSPermGen       total 25600K, used 25151K [0x00000000d6600000, 0x00000000d7f00000, 0x00000000e0c00000)
  object space 25600K, 98% used [0x00000000d6600000,0x00000000d7e8fc38,0x00000000d7f00000)
}

Deoptimization events (10 events):
Event: 9,461 Thread 0x00007f096c00a800 Uncommon trap: reason=class_check action=maybe_recompile pc=0x00007f096910a8fc method=org.jruby.runtime.scope.TwoVarDynamicScope.getValue(II)Lorg/jruby/runtime/builtin/IRubyObject; @ 12
Event: 9,461 Thread 0x00007f096c00a800 Uncommon trap: reason=class_check action=maybe_recompile pc=0x00007f096910a8fc method=org.jruby.runtime.scope.TwoVarDynamicScope.getValue(II)Lorg/jruby/runtime/builtin/IRubyObject; @ 12
Event: 9,586 Thread 0x00007f096c00a800 Uncommon trap: reason=class_check action=maybe_recompile pc=0x00007f09690d74b8 method=org.jruby.RubyArray.compare(Lorg/jruby/runtime/ThreadContext;Lorg/jruby/runtime/invokedynamic/MethodNames;Lorg/jruby/runtime/builtin/IRubyObject;)Lorg/jruby/RubyBoolean;
Event: 9,661 Thread 0x00007f096c00a800 Uncommon trap: reason=class_check action=maybe_recompile pc=0x00007f09690d74b8 method=org.jruby.RubyArray.compare(Lorg/jruby/runtime/ThreadContext;Lorg/jruby/runtime/invokedynamic/MethodNames;Lorg/jruby/runtime/builtin/IRubyObject;)Lorg/jruby/RubyBoolean;
Event: 9,714 Thread 0x00007f096c00a800 Uncommon trap: reason=array_check action=maybe_recompile pc=0x00007f096917a234 method=org.jruby.util.Qsort.swap([Ljava/lang/Object;II)V @ 9
Event: 9,715 Thread 0x00007f096c00a800 Uncommon trap: reason=array_check action=maybe_recompile pc=0x00007f096917a234 method=org.jruby.util.Qsort.swap([Ljava/lang/Object;II)V @ 9
Event: 9,716 Thread 0x00007f096c00a800 Uncommon trap: reason=array_check action=maybe_recompile pc=0x00007f096917a234 method=org.jruby.util.Qsort.swap([Ljava/lang/Object;II)V @ 9
Event: 9,716 Thread 0x00007f096c00a800 Uncommon trap: reason=array_check action=maybe_recompile pc=0x00007f096917a234 method=org.jruby.util.Qsort.swap([Ljava/lang/Object;II)V @ 9
Event: 9,782 Thread 0x00007f096c00a800 Uncommon trap: reason=class_check action=maybe_recompile pc=0x00007f09690d74b8 method=org.jruby.RubyArray.compare(Lorg/jruby/runtime/ThreadContext;Lorg/jruby/runtime/invokedynamic/MethodNames;Lorg/jruby/runtime/builtin/IRubyObject;)Lorg/jruby/RubyBoolean;
Event: 9,788 Thread 0x00007f096c00a800 Uncommon trap: reason=class_check action=maybe_recompile pc=0x00007f0969171784 method=org.jruby.ext.ffi.StructByReference.to_native(Lorg/jruby/runtime/ThreadContext;Lorg/jruby/runtime/builtin/IRubyObject;Lorg/jruby/runtime/builtin/IRubyObject;)Lorg/jruby/

Internal exceptions (10 events):
Event: 8,537 Thread 0x00007f096c00a800 Threw 0x00000000f5c67150 at /build/buildd/openjdk-7-7u51-2.4.4/build/openjdk/hotspot/src/share/vm/prims/jvm.cpp:1244
Event: 8,538 Thread 0x00007f096c00a800 Threw 0x00000000f5c68ff0 at /build/buildd/openjdk-7-7u51-2.4.4/build/openjdk/hotspot/src/share/vm/prims/jvm.cpp:1244
Event: 8,538 Thread 0x00007f096c00a800 Threw 0x00000000f5c6b0b0 at /build/buildd/openjdk-7-7u51-2.4.4/build/openjdk/hotspot/src/share/vm/prims/jvm.cpp:1244
Event: 8,538 Thread 0x00007f096c00a800 Threw 0x00000000f5c6bb60 at /build/buildd/openjdk-7-7u51-2.4.4/build/openjdk/hotspot/src/share/vm/prims/jvm.cpp:1244
Event: 8,540 Thread 0x00007f096c00a800 Threw 0x00000000f5c776d0 at /build/buildd/openjdk-7-7u51-2.4.4/build/openjdk/hotspot/src/share/vm/prims/jvm.cpp:1244
Event: 8,541 Thread 0x00007f096c00a800 Threw 0x00000000f5c79790 at /build/buildd/openjdk-7-7u51-2.4.4/build/openjdk/hotspot/src/share/vm/prims/jvm.cpp:1244
Event: 8,541 Thread 0x00007f096c00a800 Threw 0x00000000f5c7a240 at /build/buildd/openjdk-7-7u51-2.4.4/build/openjdk/hotspot/src/share/vm/prims/jvm.cpp:1244
Event: 8,541 Thread 0x00007f096c00a800 Threw 0x00000000f5c7c0e0 at /build/buildd/openjdk-7-7u51-2.4.4/build/openjdk/hotspot/src/share/vm/prims/jvm.cpp:1244
Event: 8,541 Thread 0x00007f096c00a800 Threw 0x00000000f5c7e1a0 at /build/buildd/openjdk-7-7u51-2.4.4/build/openjdk/hotspot/src/share/vm/prims/jvm.cpp:1244
Event: 8,541 Thread 0x00007f096c00a800 Threw 0x00000000f5c7ec50 at /build/buildd/openjdk-7-7u51-2.4.4/build/openjdk/hotspot/src/share/vm/prims/jvm.cpp:1244

Events (10 events):
Event: 9,716 Thread 0x00007f096c00a800 DEOPT UNPACKING pc=0x00007f0969039045 sp=0x00007f097342fe98 mode 2
Event: 9,716 Thread 0x00007f096c00a800 Uncommon trap: trap_request=0xffffffd6 fr.pc=0x00007f096917a234
Event: 9,716 Thread 0x00007f096c00a800 DEOPT PACKING pc=0x00007f096917a234 sp=0x00007f097342ff20
Event: 9,716 Thread 0x00007f096c00a800 DEOPT UNPACKING pc=0x00007f0969039045 sp=0x00007f097342fe98 mode 2
Event: 9,782 Thread 0x00007f096c00a800 Uncommon trap: trap_request=0xffffffde fr.pc=0x00007f09690d74b8
Event: 9,782 Thread 0x00007f096c00a800 DEOPT PACKING pc=0x00007f09690d74b8 sp=0x00007f097342ffc0
Event: 9,782 Thread 0x00007f096c00a800 DEOPT UNPACKING pc=0x00007f0969039045 sp=0x00007f097342ff98 mode 2
Event: 9,788 Thread 0x00007f096c00a800 Uncommon trap: trap_request=0xffffffde fr.pc=0x00007f0969171784
Event: 9,788 Thread 0x00007f096c00a800 DEOPT PACKING pc=0x00007f0969171784 sp=0x00007f097342fe50
Event: 9,788 Thread 0x00007f096c00a800 DEOPT UNPACKING pc=0x00007f0969039045 sp=0x00007f097342fd80 mode 2


Dynamic libraries:
00400000-00401000 r-xp 00000000 08:01 15861394                           /usr/lib/jvm/java-7-openjdk-amd64/jre/bin/java
00600000-00601000 r--p 00000000 08:01 15861394                           /usr/lib/jvm/java-7-openjdk-amd64/jre/bin/java
00601000-00602000 rw-p 00001000 08:01 15861394                           /usr/lib/jvm/java-7-openjdk-amd64/jre/bin/java
01aa3000-01ac4000 rw-p 00000000 00:00 0                                  [heap]
d6600000-d7f00000 rw-p 00000000 00:00 0 
d7f00000-e0c00000 rw-p 00000000 00:00 0 
e0c00000-e3180000 rw-p 00000000 00:00 0 
e3180000-f5900000 rw-p 00000000 00:00 0 
f5900000-f7b00000 rw-p 00000000 00:00 0 
f7b00000-100000000 rw-p 00000000 00:00 0 
7f091c000000-7f091c021000 rw-p 00000000 00:00 0 
7f091c021000-7f0920000000 ---p 00000000 00:00 0 
7f0920000000-7f0920021000 rw-p 00000000 00:00 0 
7f0920021000-7f0924000000 ---p 00000000 00:00 0 
7f0924000000-7f0924021000 rw-p 00000000 00:00 0 
7f0924021000-7f0928000000 ---p 00000000 00:00 0 
7f0928000000-7f0928021000 rw-p 00000000 00:00 0 
7f0928021000-7f092c000000 ---p 00000000 00:00 0 
7f092c000000-7f092c021000 rw-p 00000000 00:00 0 
7f092c021000-7f0930000000 ---p 00000000 00:00 0 
7f0930000000-7f0930027000 rw-p 00000000 00:00 0 
7f0930027000-7f0934000000 ---p 00000000 00:00 0 
7f0934000000-7f0934bfe000 rw-p 00000000 00:00 0 
7f0934bfe000-7f0938000000 ---p 00000000 00:00 0 
7f0938000000-7f0938021000 rw-p 00000000 00:00 0 
7f0938021000-7f093c000000 ---p 00000000 00:00 0 
7f093c000000-7f093c021000 rw-p 00000000 00:00 0 
7f093c021000-7f0940000000 ---p 00000000 00:00 0 
7f0940000000-7f0940d37000 rw-p 00000000 00:00 0 
7f0940d37000-7f0944000000 ---p 00000000 00:00 0 
7f0944000000-7f0944021000 rw-p 00000000 00:00 0 
7f0944021000-7f0948000000 ---p 00000000 00:00 0 
7f0948000000-7f0948021000 rw-p 00000000 00:00 0 
7f0948021000-7f094c000000 ---p 00000000 00:00 0 
7f094c000000-7f094c021000 rw-p 00000000 00:00 0 
7f094c021000-7f0950000000 ---p 00000000 00:00 0 
7f0950000000-7f0950029000 rw-p 00000000 00:00 0 
7f0950029000-7f0954000000 ---p 00000000 00:00 0 
7f0954000000-7f0954021000 rw-p 00000000 00:00 0 
7f0954021000-7f0958000000 ---p 00000000 00:00 0 
7f095c000000-7f095c021000 rw-p 00000000 00:00 0 
7f095c021000-7f0960000000 ---p 00000000 00:00 0 
7f0960677000-7f0960678000 r-xp 00000000 08:01 13893852                   /home/alex/Documents/8vo_Semestre/Geometría Computacional/Lab/practica02p1/src/lib/libintersection.so
7f0960678000-7f0960877000 ---p 00001000 08:01 13893852                   /home/alex/Documents/8vo_Semestre/Geometría Computacional/Lab/practica02p1/src/lib/libintersection.so
7f0960877000-7f0960878000 r--p 00000000 08:01 13893852                   /home/alex/Documents/8vo_Semestre/Geometría Computacional/Lab/practica02p1/src/lib/libintersection.so
7f0960878000-7f0960879000 rw-p 00001000 08:01 13893852                   /home/alex/Documents/8vo_Semestre/Geometría Computacional/Lab/practica02p1/src/lib/libintersection.so
7f0960879000-7f096087c000 r-xp 00000000 08:01 13893851                   /home/alex/Documents/8vo_Semestre/Geometría Computacional/Lab/practica02p1/src/lib/librb_tree.so
7f096087c000-7f0960a7b000 ---p 00003000 08:01 13893851                   /home/alex/Documents/8vo_Semestre/Geometría Computacional/Lab/practica02p1/src/lib/librb_tree.so
7f0960a7b000-7f0960a7c000 r--p 00002000 08:01 13893851                   /home/alex/Documents/8vo_Semestre/Geometría Computacional/Lab/practica02p1/src/lib/librb_tree.so
7f0960a7c000-7f0960a7d000 rw-p 00003000 08:01 13893851                   /home/alex/Documents/8vo_Semestre/Geometría Computacional/Lab/practica02p1/src/lib/librb_tree.so
7f0960a7d000-7f0960a7f000 r-xp 00000000 08:01 13893850                   /home/alex/Documents/8vo_Semestre/Geometría Computacional/Lab/practica02p1/src/lib/libdouble_linked_list.so
7f0960a7f000-7f0960c7e000 ---p 00002000 08:01 13893850                   /home/alex/Documents/8vo_Semestre/Geometría Computacional/Lab/practica02p1/src/lib/libdouble_linked_list.so
7f0960c7e000-7f0960c7f000 r--p 00001000 08:01 13893850                   /home/alex/Documents/8vo_Semestre/Geometría Computacional/Lab/practica02p1/src/lib/libdouble_linked_list.so
7f0960c7f000-7f0960c80000 rw-p 00002000 08:01 13893850                   /home/alex/Documents/8vo_Semestre/Geometría Computacional/Lab/practica02p1/src/lib/libdouble_linked_list.so
7f0960c80000-7f0960c81000 r-xp 00000000 08:01 13893835                   /home/alex/Documents/8vo_Semestre/Geometría Computacional/Lab/practica02p1/src/lib/libhalf_edge.so
7f0960c81000-7f0960e81000 ---p 00001000 08:01 13893835                   /home/alex/Documents/8vo_Semestre/Geometría Computacional/Lab/practica02p1/src/lib/libhalf_edge.so
7f0960e81000-7f0960e82000 r--p 00001000 08:01 13893835                   /home/alex/Documents/8vo_Semestre/Geometría Computacional/Lab/practica02p1/src/lib/libhalf_edge.so
7f0960e82000-7f0960e83000 rw-p 00002000 08:01 13893835                   /home/alex/Documents/8vo_Semestre/Geometría Computacional/Lab/practica02p1/src/lib/libhalf_edge.so
7f0960e83000-7f0960e84000 r-xp 00000000 08:01 13893834                   /home/alex/Documents/8vo_Semestre/Geometría Computacional/Lab/practica02p1/src/lib/lib2d_points.so
7f0960e84000-7f0961083000 ---p 00001000 08:01 13893834                   /home/alex/Documents/8vo_Semestre/Geometría Computacional/Lab/practica02p1/src/lib/lib2d_points.so
7f0961083000-7f0961084000 r--p 00000000 08:01 13893834                   /home/alex/Documents/8vo_Semestre/Geometría Computacional/Lab/practica02p1/src/lib/lib2d_points.so
7f0961084000-7f0961085000 rw-p 00001000 08:01 13893834                   /home/alex/Documents/8vo_Semestre/Geometría Computacional/Lab/practica02p1/src/lib/lib2d_points.so
7f0961085000-7f0961088000 ---p 00000000 00:00 0 
7f0961088000-7f0961286000 rw-p 00000000 00:00 0                          [stack:13449]
7f0961286000-7f0961289000 ---p 00000000 00:00 0 
7f0961289000-7f0961487000 rw-p 00000000 00:00 0 
7f0961487000-7f096148a000 ---p 00000000 00:00 0 
7f096148a000-7f0961688000 rw-p 00000000 00:00 0 
7f0961688000-7f096168b000 ---p 00000000 00:00 0 
7f096168b000-7f0961889000 rw-p 00000000 00:00 0                          [stack:13326]
7f0961889000-7f096189b000 r-xp 00000000 08:01 12059135                   /home/alex/.rbenv/versions/jruby-1.7.10/lib/jni/x86_64-Linux/libjffi-1.2.so
7f096189b000-7f0961a9a000 ---p 00012000 08:01 12059135                   /home/alex/.rbenv/versions/jruby-1.7.10/lib/jni/x86_64-Linux/libjffi-1.2.so
7f0961a9a000-7f0961a9b000 rw-p 00011000 08:01 12059135                   /home/alex/.rbenv/versions/jruby-1.7.10/lib/jni/x86_64-Linux/libjffi-1.2.so
7f0961a9b000-7f0961aab000 r-xp 00000000 08:01 15861288                   /usr/lib/jvm/java-7-openjdk-amd64/jre/lib/amd64/libnio.so
7f0961aab000-7f0961cab000 ---p 00010000 08:01 15861288                   /usr/lib/jvm/java-7-openjdk-amd64/jre/lib/amd64/libnio.so
7f0961cab000-7f0961cac000 r--p 00010000 08:01 15861288                   /usr/lib/jvm/java-7-openjdk-amd64/jre/lib/amd64/libnio.so
7f0961cac000-7f0961cad000 rw-p 00011000 08:01 15861288                   /usr/lib/jvm/java-7-openjdk-amd64/jre/lib/amd64/libnio.so
7f0961cad000-7f0961cea000 r-xp 00000000 08:01 8130434                    /lib/x86_64-linux-gnu/libpcre.so.3.13.1
7f0961cea000-7f0961eea000 ---p 0003d000 08:01 8130434                    /lib/x86_64-linux-gnu/libpcre.so.3.13.1
7f0961eea000-7f0961eeb000 r--p 0003d000 08:01 8130434                    /lib/x86_64-linux-gnu/libpcre.so.3.13.1
7f0961eeb000-7f0961eec000 rw-p 0003e000 08:01 8130434                    /lib/x86_64-linux-gnu/libpcre.so.3.13.1
7f0961eec000-7f0961ef3000 r-xp 00000000 08:01 15735894                   /usr/lib/x86_64-linux-gnu/libffi.so.6.0.1
7f0961ef3000-7f09620f2000 ---p 00007000 08:01 15735894                   /usr/lib/x86_64-linux-gnu/libffi.so.6.0.1
7f09620f2000-7f09620f3000 r--p 00006000 08:01 15735894                   /usr/lib/x86_64-linux-gnu/libffi.so.6.0.1
7f09620f3000-7f09620f4000 rw-p 00007000 08:01 15735894                   /usr/lib/x86_64-linux-gnu/libffi.so.6.0.1
7f09620f4000-7f096210a000 r-xp 00000000 08:01 8130457                    /lib/x86_64-linux-gnu/libresolv-2.17.so
7f096210a000-7f096230a000 ---p 00016000 08:01 8130457                    /lib/x86_64-linux-gnu/libresolv-2.17.so
7f096230a000-7f096230b000 r--p 00016000 08:01 8130457                    /lib/x86_64-linux-gnu/libresolv-2.17.so
7f096230b000-7f096230c000 rw-p 00017000 08:01 8130457                    /lib/x86_64-linux-gnu/libresolv-2.17.so
7f096230c000-7f096230e000 rw-p 00000000 00:00 0 
7f096230e000-7f096232d000 r-xp 00000000 08:01 8130461                    /lib/x86_64-linux-gnu/libselinux.so.1
7f096232d000-7f096252d000 ---p 0001f000 08:01 8130461                    /lib/x86_64-linux-gnu/libselinux.so.1
7f096252d000-7f096252e000 r--p 0001f000 08:01 8130461                    /lib/x86_64-linux-gnu/libselinux.so.1
7f096252e000-7f096252f000 rw-p 00020000 08:01 8130461                    /lib/x86_64-linux-gnu/libselinux.so.1
7f096252f000-7f0962530000 rw-p 00000000 00:00 0 
7f0962530000-7f0962533000 r-xp 00000000 08:01 15729078                   /usr/lib/x86_64-linux-gnu/libgmodule-2.0.so.0.3800.1
7f0962533000-7f0962732000 ---p 00003000 08:01 15729078                   /usr/lib/x86_64-linux-gnu/libgmodule-2.0.so.0.3800.1
7f0962732000-7f0962733000 r--p 00002000 08:01 15729078                   /usr/lib/x86_64-linux-gnu/libgmodule-2.0.so.0.3800.1
7f0962733000-7f0962734000 rw-p 00003000 08:01 15729078                   /usr/lib/x86_64-linux-gnu/libgmodule-2.0.so.0.3800.1
7f0962734000-7f0962832000 r-xp 00000000 08:01 8130449                    /lib/x86_64-linux-gnu/libglib-2.0.so.0.3800.1
7f0962832000-7f0962a32000 ---p 000fe000 08:01 8130449                    /lib/x86_64-linux-gnu/libglib-2.0.so.0.3800.1
7f0962a32000-7f0962a33000 r--p 000fe000 08:01 8130449                    /lib/x86_64-linux-gnu/libglib-2.0.so.0.3800.1
7f0962a33000-7f0962a34000 rw-p 000ff000 08:01 8130449                    /lib/x86_64-linux-gnu/libglib-2.0.so.0.3800.1
7f0962a34000-7f0962a35000 rw-p 00000000 00:00 0 
7f0962a35000-7f0962a84000 r-xp 00000000 08:01 15729069                   /usr/lib/x86_64-linux-gnu/libgobject-2.0.so.0.3800.1
7f0962a84000-7f0962c84000 ---p 0004f000 08:01 15729069                   /usr/lib/x86_64-linux-gnu/libgobject-2.0.so.0.3800.1
7f0962c84000-7f0962c85000 r--p 0004f000 08:01 15729069                   /usr/lib/x86_64-linux-gnu/libgobject-2.0.so.0.3800.1
7f0962c85000-7f0962c86000 rw-p 00050000 08:01 15729069                   /usr/lib/x86_64-linux-gnu/libgobject-2.0.so.0.3800.1
7f0962c86000-7f0962de2000 r-xp 00000000 08:01 15729043                   /usr/lib/x86_64-linux-gnu/libgio-2.0.so.0.3800.1
7f0962de2000-7f0962fe1000 ---p 0015c000 08:01 15729043                   /usr/lib/x86_64-linux-gnu/libgio-2.0.so.0.3800.1
7f0962fe1000-7f0962fe5000 r--p 0015b000 08:01 15729043                   /usr/lib/x86_64-linux-gnu/libgio-2.0.so.0.3800.1
7f0962fe5000-7f0962fe7000 rw-p 0015f000 08:01 15729043                   /usr/lib/x86_64-linux-gnu/libgio-2.0.so.0.3800.1
7f0962fe7000-7f0962fe9000 rw-p 00000000 00:00 0 
7f0962fe9000-7f0962fff000 r-xp 00000000 08:01 15861076                   /usr/lib/jvm/java-7-openjdk-amd64/jre/lib/amd64/libnet.so
7f0962fff000-7f09631fe000 ---p 00016000 08:01 15861076                   /usr/lib/jvm/java-7-openjdk-amd64/jre/lib/amd64/libnet.so
7f09631fe000-7f09631ff000 r--p 00015000 08:01 15861076                   /usr/lib/jvm/java-7-openjdk-amd64/jre/lib/amd64/libnet.so
7f09631ff000-7f0963200000 rw-p 00016000 08:01 15861076                   /usr/lib/jvm/java-7-openjdk-amd64/jre/lib/amd64/libnet.so
7f0963200000-7f0963201000 ---p 00000000 00:00 0 
7f0963201000-7f0963301000 rw-p 00000000 00:00 0                          [stack:13325]
7f0963301000-7f0963304000 ---p 00000000 00:00 0 
7f0963304000-7f0963502000 rw-p 00000000 00:00 0                          [stack:13324]
7f0963502000-7f0963505000 ---p 00000000 00:00 0 
7f0963505000-7f0963603000 rw-p 00000000 00:00 0                          [stack:13323]
7f0963603000-7f0963606000 ---p 00000000 00:00 0 
7f0963606000-7f0963804000 rw-p 00000000 00:00 0                          [stack:13321]
7f0963804000-7f0963bfe000 r--p 00000000 08:01 15734328                   /usr/lib/locale/locale-archive
7f0963bfe000-7f0963c01000 ---p 00000000 00:00 0 
7f0963c01000-7f0963dff000 rw-p 00000000 00:00 0                          [stack:13320]
7f0963dff000-7f0963e02000 ---p 00000000 00:00 0 
7f0963e02000-7f0964000000 rw-p 00000000 00:00 0                          [stack:13319]
7f0964000000-7f0964021000 rw-p 00000000 00:00 0 
7f0964021000-7f0968000000 ---p 00000000 00:00 0 
7f096804c000-7f096804d000 rw-p 00000000 00:00 0 
7f096804d000-7f0968050000 ---p 00000000 00:00 0 
7f0968050000-7f0968086000 rw-p 00000000 00:00 0                          [stack:13329]
7f0968086000-7f0968087000 r-xp 00000000 00:00 0 
7f0968087000-7f096808e000 r--s 00000000 08:01 16127910                   /usr/lib/x86_64-linux-gnu/gconv/gconv-modules.cache
7f096808e000-7f0968091000 ---p 00000000 00:00 0 
7f0968091000-7f096818f000 rw-p 00000000 00:00 0                          [stack:13322]
7f096818f000-7f0968190000 ---p 00000000 00:00 0 
7f0968190000-7f0969000000 rw-p 00000000 00:00 0                          [stack:13318]
7f0969000000-7f0969270000 rwxp 00000000 00:00 0 
7f0969270000-7f096c50e000 rw-p 00000000 00:00 0 
7f096c50e000-7f0970000000 ---p 00000000 00:00 0 
7f0970000000-7f0970002000 r--s 00012000 08:01 15861308                   /usr/lib/jvm/java-7-openjdk-amd64/jre/lib/ext/zipfs.jar
7f0970002000-7f0970005000 r--s 00032000 08:01 15861310                   /usr/lib/jvm/java-7-openjdk-amd64/jre/lib/ext/sunjce_provider.jar
7f0970005000-7f0970009000 r--s 00085000 08:01 15861304                   /usr/lib/jvm/java-7-openjdk-amd64/jre/lib/ext/localedata.jar
7f0970009000-7f097000b000 r--s 00006000 08:01 16256853                   /usr/share/java/java-atk-wrapper.jar
7f097000b000-7f097000c000 r--s 00002000 08:01 15861314                   /usr/lib/jvm/java-7-openjdk-amd64/jre/lib/ext/dnsns.jar
7f097000c000-7f097000f000 r--s 0000f000 08:01 15861306                   /usr/lib/jvm/java-7-openjdk-amd64/jre/lib/ext/pulse-java.jar
7f097000f000-7f0970013000 r--s 0003b000 08:01 15861316                   /usr/lib/jvm/java-7-openjdk-amd64/jre/lib/ext/sunpkcs11.jar
7f0970013000-7f097025f000 rw-p 00000000 00:00 0 
7f097025f000-7f0970348000 r--s 00bb9000 08:01 12059138                   /home/alex/.rbenv/versions/jruby-1.7.10/lib/jruby.jar
7f0970348000-7f0970390000 rw-p 00000000 00:00 0 
7f0970390000-7f097053e000 r--s 01cf4000 08:01 15861374                   /usr/lib/jvm/java-7-openjdk-amd64/jre/lib/rt.jar
7f097053e000-7f0971c54000 rw-p 00000000 00:00 0 
7f0971c54000-7f0971c55000 ---p 00000000 00:00 0 
7f0971c55000-7f0971d55000 rw-p 00000000 00:00 0                          [stack:13317]
7f0971d55000-7f0971d56000 ---p 00000000 00:00 0 
7f0971d56000-7f0971e56000 rw-p 00000000 00:00 0                          [stack:13316]
7f0971e56000-7f0971e57000 ---p 00000000 00:00 0 
7f0971e57000-7f0971f57000 rw-p 00000000 00:00 0                          [stack:13315]
7f0971f57000-7f0971f58000 ---p 00000000 00:00 0 
7f0971f58000-7f0972065000 rw-p 00000000 00:00 0                          [stack:13314]
7f0972065000-7f09720ab000 rw-p 00000000 00:00 0 
7f09720ab000-7f09720be000 rw-p 00000000 00:00 0 
7f09720be000-7f0972151000 rw-p 00000000 00:00 0 
7f0972151000-7f0972163000 rw-p 00000000 00:00 0 
7f0972163000-7f09721a5000 rw-p 00000000 00:00 0 
7f09721a5000-7f09721a6000 rw-p 00000000 00:00 0 
7f09721a6000-7f09721ae000 r-xp 00000000 08:01 15861025                   /usr/lib/jvm/java-7-openjdk-amd64/jre/lib/amd64/libzip.so
7f09721ae000-7f09723ad000 ---p 00008000 08:01 15861025                   /usr/lib/jvm/java-7-openjdk-amd64/jre/lib/amd64/libzip.so
7f09723ad000-7f09723ae000 r--p 00007000 08:01 15861025                   /usr/lib/jvm/java-7-openjdk-amd64/jre/lib/amd64/libzip.so
7f09723ae000-7f09723af000 rw-p 00008000 08:01 15861025                   /usr/lib/jvm/java-7-openjdk-amd64/jre/lib/amd64/libzip.so
7f09723af000-7f09723bb000 r-xp 00000000 08:01 8130412                    /lib/x86_64-linux-gnu/libnss_files-2.17.so
7f09723bb000-7f09725ba000 ---p 0000c000 08:01 8130412                    /lib/x86_64-linux-gnu/libnss_files-2.17.so
7f09725ba000-7f09725bb000 r--p 0000b000 08:01 8130412                    /lib/x86_64-linux-gnu/libnss_files-2.17.so
7f09725bb000-7f09725bc000 rw-p 0000c000 08:01 8130412                    /lib/x86_64-linux-gnu/libnss_files-2.17.so
7f09725bc000-7f09725c7000 r-xp 00000000 08:01 8130416                    /lib/x86_64-linux-gnu/libnss_nis-2.17.so
7f09725c7000-7f09727c6000 ---p 0000b000 08:01 8130416                    /lib/x86_64-linux-gnu/libnss_nis-2.17.so
7f09727c6000-7f09727c7000 r--p 0000a000 08:01 8130416                    /lib/x86_64-linux-gnu/libnss_nis-2.17.so
7f09727c7000-7f09727c8000 rw-p 0000b000 08:01 8130416                    /lib/x86_64-linux-gnu/libnss_nis-2.17.so
7f09727c8000-7f09727df000 r-xp 00000000 08:01 8130406                    /lib/x86_64-linux-gnu/libnsl-2.17.so
7f09727df000-7f09729de000 ---p 00017000 08:01 8130406                    /lib/x86_64-linux-gnu/libnsl-2.17.so
7f09729de000-7f09729df000 r--p 00016000 08:01 8130406                    /lib/x86_64-linux-gnu/libnsl-2.17.so
7f09729df000-7f09729e0000 rw-p 00017000 08:01 8130406                    /lib/x86_64-linux-gnu/libnsl-2.17.so
7f09729e0000-7f09729e2000 rw-p 00000000 00:00 0 
7f09729e2000-7f09729ea000 r-xp 00000000 08:01 8130408                    /lib/x86_64-linux-gnu/libnss_compat-2.17.so
7f09729ea000-7f0972be9000 ---p 00008000 08:01 8130408                    /lib/x86_64-linux-gnu/libnss_compat-2.17.so
7f0972be9000-7f0972bea000 r--p 00007000 08:01 8130408                    /lib/x86_64-linux-gnu/libnss_compat-2.17.so
7f0972bea000-7f0972beb000 rw-p 00008000 08:01 8130408                    /lib/x86_64-linux-gnu/libnss_compat-2.17.so
7f0972beb000-7f0972c16000 r-xp 00000000 08:01 15860951                   /usr/lib/jvm/java-7-openjdk-amd64/jre/lib/amd64/libjava.so
7f0972c16000-7f0972e15000 ---p 0002b000 08:01 15860951                   /usr/lib/jvm/java-7-openjdk-amd64/jre/lib/amd64/libjava.so
7f0972e15000-7f0972e16000 r--p 0002a000 08:01 15860951                   /usr/lib/jvm/java-7-openjdk-amd64/jre/lib/amd64/libjava.so
7f0972e16000-7f0972e18000 rw-p 0002b000 08:01 15860951                   /usr/lib/jvm/java-7-openjdk-amd64/jre/lib/amd64/libjava.so
7f0972e18000-7f0972e28000 r-xp 00000000 08:01 15861265                   /usr/lib/jvm/java-7-openjdk-amd64/jre/lib/amd64/libverify.so
7f0972e28000-7f0973027000 ---p 00010000 08:01 15861265                   /usr/lib/jvm/java-7-openjdk-amd64/jre/lib/amd64/libverify.so
7f0973027000-7f0973029000 r--p 0000f000 08:01 15861265                   /usr/lib/jvm/java-7-openjdk-amd64/jre/lib/amd64/libverify.so
7f0973029000-7f097302a000 rw-p 00011000 08:01 15861265                   /usr/lib/jvm/java-7-openjdk-amd64/jre/lib/amd64/libverify.so
7f097302a000-7f0973031000 r-xp 00000000 08:01 8130459                    /lib/x86_64-linux-gnu/librt-2.17.so
7f0973031000-7f0973230000 ---p 00007000 08:01 8130459                    /lib/x86_64-linux-gnu/librt-2.17.so
7f0973230000-7f0973231000 r--p 00006000 08:01 8130459                    /lib/x86_64-linux-gnu/librt-2.17.so
7f0973231000-7f0973232000 rw-p 00007000 08:01 8130459                    /lib/x86_64-linux-gnu/librt-2.17.so
7f0973232000-7f0973235000 ---p 00000000 00:00 0 
7f0973235000-7f0973433000 rw-p 00000000 00:00 0                          [stack:13313]
7f0973433000-7f0973448000 r-xp 00000000 08:01 8126477                    /lib/x86_64-linux-gnu/libgcc_s.so.1
7f0973448000-7f0973647000 ---p 00015000 08:01 8126477                    /lib/x86_64-linux-gnu/libgcc_s.so.1
7f0973647000-7f0973648000 r--p 00014000 08:01 8126477                    /lib/x86_64-linux-gnu/libgcc_s.so.1
7f0973648000-7f0973649000 rw-p 00015000 08:01 8126477                    /lib/x86_64-linux-gnu/libgcc_s.so.1
7f0973649000-7f097374c000 r-xp 00000000 08:01 8130387                    /lib/x86_64-linux-gnu/libm-2.17.so
7f097374c000-7f097394b000 ---p 00103000 08:01 8130387                    /lib/x86_64-linux-gnu/libm-2.17.so
7f097394b000-7f097394c000 r--p 00102000 08:01 8130387                    /lib/x86_64-linux-gnu/libm-2.17.so
7f097394c000-7f097394d000 rw-p 00103000 08:01 8130387                    /lib/x86_64-linux-gnu/libm-2.17.so
7f097394d000-7f0973a33000 r-xp 00000000 08:01 15729831                   /usr/lib/x86_64-linux-gnu/libstdc++.so.6.0.18
7f0973a33000-7f0973c32000 ---p 000e6000 08:01 15729831                   /usr/lib/x86_64-linux-gnu/libstdc++.so.6.0.18
7f0973c32000-7f0973c3a000 r--p 000e5000 08:01 15729831                   /usr/lib/x86_64-linux-gnu/libstdc++.so.6.0.18
7f0973c3a000-7f0973c3c000 rw-p 000ed000 08:01 15729831                   /usr/lib/x86_64-linux-gnu/libstdc++.so.6.0.18
7f0973c3c000-7f0973c51000 rw-p 00000000 00:00 0 
7f0973c51000-7f0974730000 r-xp 00000000 08:01 15861284                   /usr/lib/jvm/java-7-openjdk-amd64/jre/lib/amd64/server/libjvm.so
7f0974730000-7f097492f000 ---p 00adf000 08:01 15861284                   /usr/lib/jvm/java-7-openjdk-amd64/jre/lib/amd64/server/libjvm.so
7f097492f000-7f09749c1000 r--p 00ade000 08:01 15861284                   /usr/lib/jvm/java-7-openjdk-amd64/jre/lib/amd64/server/libjvm.so
7f09749c1000-7f09749e4000 rw-p 00b70000 08:01 15861284                   /usr/lib/jvm/java-7-openjdk-amd64/jre/lib/amd64/server/libjvm.so
7f09749e4000-7f0974a11000 rw-p 00000000 00:00 0 
7f0974a11000-7f0974a29000 r-xp 00000000 08:01 8130494                    /lib/x86_64-linux-gnu/libz.so.1.2.8
7f0974a29000-7f0974c28000 ---p 00018000 08:01 8130494                    /lib/x86_64-linux-gnu/libz.so.1.2.8
7f0974c28000-7f0974c29000 r--p 00017000 08:01 8130494                    /lib/x86_64-linux-gnu/libz.so.1.2.8
7f0974c29000-7f0974c2a000 rw-p 00018000 08:01 8130494                    /lib/x86_64-linux-gnu/libz.so.1.2.8
7f0974c2a000-7f0974c41000 r-xp 00000000 08:01 8130451                    /lib/x86_64-linux-gnu/libpthread-2.17.so
7f0974c41000-7f0974e41000 ---p 00017000 08:01 8130451                    /lib/x86_64-linux-gnu/libpthread-2.17.so
7f0974e41000-7f0974e42000 r--p 00017000 08:01 8130451                    /lib/x86_64-linux-gnu/libpthread-2.17.so
7f0974e42000-7f0974e43000 rw-p 00018000 08:01 8130451                    /lib/x86_64-linux-gnu/libpthread-2.17.so
7f0974e43000-7f0974e47000 rw-p 00000000 00:00 0 
7f0974e47000-7f0974e4a000 r-xp 00000000 08:01 8130351                    /lib/x86_64-linux-gnu/libdl-2.17.so
7f0974e4a000-7f0975049000 ---p 00003000 08:01 8130351                    /lib/x86_64-linux-gnu/libdl-2.17.so
7f0975049000-7f097504a000 r--p 00002000 08:01 8130351                    /lib/x86_64-linux-gnu/libdl-2.17.so
7f097504a000-7f097504b000 rw-p 00003000 08:01 8130351                    /lib/x86_64-linux-gnu/libdl-2.17.so
7f097504b000-7f0975208000 r-xp 00000000 08:01 8130336                    /lib/x86_64-linux-gnu/libc-2.17.so
7f0975208000-7f0975408000 ---p 001bd000 08:01 8130336                    /lib/x86_64-linux-gnu/libc-2.17.so
7f0975408000-7f097540c000 r--p 001bd000 08:01 8130336                    /lib/x86_64-linux-gnu/libc-2.17.so
7f097540c000-7f097540e000 rw-p 001c1000 08:01 8130336                    /lib/x86_64-linux-gnu/libc-2.17.so
7f097540e000-7f0975413000 rw-p 00000000 00:00 0 
7f0975413000-7f0975420000 r-xp 00000000 08:01 15861291                   /usr/lib/jvm/java-7-openjdk-amd64/jre/lib/amd64/jli/libjli.so
7f0975420000-7f097561f000 ---p 0000d000 08:01 15861291                   /usr/lib/jvm/java-7-openjdk-amd64/jre/lib/amd64/jli/libjli.so
7f097561f000-7f0975620000 r--p 0000c000 08:01 15861291                   /usr/lib/jvm/java-7-openjdk-amd64/jre/lib/amd64/jli/libjli.so
7f0975620000-7f0975621000 rw-p 0000d000 08:01 15861291                   /usr/lib/jvm/java-7-openjdk-amd64/jre/lib/amd64/jli/libjli.so
7f0975621000-7f0975644000 r-xp 00000000 08:01 8130312                    /lib/x86_64-linux-gnu/ld-2.17.so
7f0975644000-7f0975649000 r--s 0004c000 08:01 15861296                   /usr/lib/jvm/java-7-openjdk-amd64/jre/lib/jsse.jar
7f0975649000-7f0975677000 rw-p 00000000 00:00 0 
7f0975677000-7f09756bd000 rw-p 00000000 00:00 0 
7f09756bd000-7f09756d0000 rw-p 00000000 00:00 0 
7f09756d0000-7f0975764000 rw-p 00000000 00:00 0 
7f0975764000-7f097576e000 rw-p 00000000 00:00 0 
7f097576e000-7f0975824000 rw-p 00000000 00:00 0 
7f0975824000-7f0975837000 rw-p 00000000 00:00 0 
7f0975837000-7f097583f000 rw-s 00000000 08:01 5767459                    /tmp/hsperfdata_alex/13288
7f097583f000-7f0975840000 rw-p 00000000 00:00 0 
7f0975840000-7f0975841000 r--p 00000000 00:00 0 
7f0975841000-7f0975843000 rw-p 00000000 00:00 0 
7f0975843000-7f0975844000 r--p 00022000 08:01 8130312                    /lib/x86_64-linux-gnu/ld-2.17.so
7f0975844000-7f0975846000 rw-p 00023000 08:01 8130312                    /lib/x86_64-linux-gnu/ld-2.17.so
7fff19167000-7fff19188000 rw-p 00000000 00:00 0                          [stack]
7fff191fe000-7fff19200000 r-xp 00000000 00:00 0                          [vdso]
ffffffffff600000-ffffffffff601000 r-xp 00000000 00:00 0                  [vsyscall]

VM Arguments:
jvm_args: -Djdk.home= -Djruby.home=/home/alex/.rbenv/versions/jruby-1.7.10 -Djruby.script=jruby -Djruby.shell=/bin/sh -Djffi.boot.library.path=/home/alex/.rbenv/versions/jruby-1.7.10/lib/jni:/home/alex/.rbenv/versions/jruby-1.7.10/lib/jni/i386-Linux:/home/alex/.rbenv/versions/jruby-1.7.10/lib/jni/arm-Linux:/home/alex/.rbenv/versions/jruby-1.7.10/lib/jni/x86_64-Linux -Xmx500m -Xss2048k -Xbootclasspath/a:/home/alex/.rbenv/versions/jruby-1.7.10/lib/jruby.jar 
java_command: org/jruby/Main Makefile.rb clean compile test clean
Launcher Type: SUN_STANDARD

Environment Variables:
PATH=/home/alex/.rbenv/versions/jruby-1.7.10/bin:/home/alex/.rbenv/libexec:/home/alex/.rbenv/plugins/ruby-build/bin:/home/alex/.rbenv/shims:~/.rbenv/bin:~/.rbenv/bin:/usr/local/sbin:/usr/local/bin:/usr/sbin:/usr/bin:/sbin:/bin:/usr/games:/usr/local/games
USERNAME=alex
SHELL=/bin/bash
DISPLAY=:0

Signal Handlers:
SIGSEGV: [libjvm.so+0x916ea0], sa_mask[0]=0x7ffbfeff, sa_flags=0x10000004
SIGBUS: [libjvm.so+0x916ea0], sa_mask[0]=0x7ffbfeff, sa_flags=0x10000004
SIGFPE: [libjvm.so+0x794800], sa_mask[0]=0x7ffbfeff, sa_flags=0x10000004
SIGPIPE: [libjvm.so+0x794800], sa_mask[0]=0x7ffbfeff, sa_flags=0x10000004
SIGXFSZ: [libjvm.so+0x794800], sa_mask[0]=0x7ffbfeff, sa_flags=0x10000004
SIGILL: [libjvm.so+0x794800], sa_mask[0]=0x7ffbfeff, sa_flags=0x10000004
SIGUSR1: SIG_DFL, sa_mask[0]=0x00000000, sa_flags=0x00000000
SIGUSR2: [libjvm.so+0x7946a0], sa_mask[0]=0x00000000, sa_flags=0x10000004
SIGHUP: [libjvm.so+0x794880], sa_mask[0]=0x7ffbfeff, sa_flags=0x10000004
SIGINT: [libjvm.so+0x794880], sa_mask[0]=0x7ffbfeff, sa_flags=0x10000004
SIGTERM: [libjvm.so+0x794880], sa_mask[0]=0x7ffbfeff, sa_flags=0x10000004
SIGQUIT: [libjvm.so+0x794880], sa_mask[0]=0x7ffbfeff, sa_flags=0x10000004


---------------  S Y S T E M  ---------------

OS:LinuxMint 16 (petra)
uname:Linux 3.11.0-12-generic #19-Ubuntu SMP Wed Oct 9 16:20:46 UTC 2013 x86_64
libc:glibc 2.17 NPTL 2.17 
rlimit: STACK 8192k, CORE 0k, NPROC 28798, NOFILE 4096, AS infinity
load average:1,10 0,53 0,46

/proc/meminfo:
MemTotal:        3715476 kB
MemFree:         1530084 kB
Buffers:           64448 kB
Cached:          1123260 kB
SwapCached:           28 kB
Active:          1244144 kB
Inactive:         753864 kB
Active(anon):     700300 kB
Inactive(anon):   335536 kB
Active(file):     543844 kB
Inactive(file):   418328 kB
Unevictable:          44 kB
Mlocked:              44 kB
SwapTotal:       3856380 kB
SwapFree:        3855740 kB
Dirty:               308 kB
Writeback:             0 kB
AnonPages:        810512 kB
Mapped:           184928 kB
Shmem:            225536 kB
Slab:             109220 kB
SReclaimable:      81940 kB
SUnreclaim:        27280 kB
KernelStack:        3768 kB
PageTables:        26836 kB
NFS_Unstable:          0 kB
Bounce:                0 kB
WritebackTmp:          0 kB
CommitLimit:     5714116 kB
Committed_AS:    3269860 kB
VmallocTotal:   34359738367 kB
VmallocUsed:      414940 kB
VmallocChunk:   34359311484 kB
HardwareCorrupted:     0 kB
AnonHugePages:         0 kB
HugePages_Total:       0
HugePages_Free:        0
HugePages_Rsvd:        0
HugePages_Surp:        0
Hugepagesize:       2048 kB
DirectMap4k:       56528 kB
DirectMap2M:     3801088 kB


CPU:total 4 (2 cores per cpu, 2 threads per core) family 6 model 37 stepping 5, cmov, cx8, fxsr, mmx, sse, sse2, sse3, ssse3, sse4.1, sse4.2, popcnt, ht, tsc, tscinvbit

/proc/cpuinfo:
processor	: 0
vendor_id	: GenuineIntel
cpu family	: 6
model		: 37
model name	: Intel(R) Core(TM) i3 CPU       M 380  @ 2.53GHz
stepping	: 5
microcode	: 0x2
cpu MHz		: 933.000
cache size	: 3072 KB
physical id	: 0
siblings	: 4
core id		: 0
cpu cores	: 2
apicid		: 0
initial apicid	: 0
fpu		: yes
fpu_exception	: yes
cpuid level	: 11
wp		: yes
flags		: fpu vme de pse tsc msr pae mce cx8 apic sep mtrr pge mca cmov pat pse36 clflush dts acpi mmx fxsr sse sse2 ss ht tm pbe syscall nx rdtscp lm constant_tsc arch_perfmon pebs bts rep_good nopl xtopology nonstop_tsc aperfmperf pni dtes64 monitor ds_cpl vmx est tm2 ssse3 cx16 xtpr pdcm pcid sse4_1 sse4_2 popcnt lahf_lm arat dtherm tpr_shadow vnmi flexpriority ept vpid
bogomips	: 5054.41
clflush size	: 64
cache_alignment	: 64
address sizes	: 36 bits physical, 48 bits virtual
power management:

processor	: 1
vendor_id	: GenuineIntel
cpu family	: 6
model		: 37
model name	: Intel(R) Core(TM) i3 CPU       M 380  @ 2.53GHz
stepping	: 5
microcode	: 0x2
cpu MHz		: 933.000
cache size	: 3072 KB
physical id	: 0
siblings	: 4
core id		: 0
cpu cores	: 2
apicid		: 1
initial apicid	: 1
fpu		: yes
fpu_exception	: yes
cpuid level	: 11
wp		: yes
flags		: fpu vme de pse tsc msr pae mce cx8 apic sep mtrr pge mca cmov pat pse36 clflush dts acpi mmx fxsr sse sse2 ss ht tm pbe syscall nx rdtscp lm constant_tsc arch_perfmon pebs bts rep_good nopl xtopology nonstop_tsc aperfmperf pni dtes64 monitor ds_cpl vmx est tm2 ssse3 cx16 xtpr pdcm pcid sse4_1 sse4_2 popcnt lahf_lm arat dtherm tpr_shadow vnmi flexpriority ept vpid
bogomips	: 5054.41
clflush size	: 64
cache_alignment	: 64
address sizes	: 36 bits physical, 48 bits virtual
power management:

processor	: 2
vendor_id	: GenuineIntel
cpu family	: 6
model		: 37
model name	: Intel(R) Core(TM) i3 CPU       M 380  @ 2.53GHz
stepping	: 5
microcode	: 0x2
cpu MHz		: 933.000
cache size	: 3072 KB
physical id	: 0
siblings	: 4
core id		: 2
cpu cores	: 2
apicid		: 4
initial apicid	: 4
fpu		: yes
fpu_exception	: yes
cpuid level	: 11
wp		: yes
flags		: fpu vme de pse tsc msr pae mce cx8 apic sep mtrr pge mca cmov pat pse36 clflush dts acpi mmx fxsr sse sse2 ss ht tm pbe syscall nx rdtscp lm constant_tsc arch_perfmon pebs bts rep_good nopl xtopology nonstop_tsc aperfmperf pni dtes64 monitor ds_cpl vmx est tm2 ssse3 cx16 xtpr pdcm pcid sse4_1 sse4_2 popcnt lahf_lm arat dtherm tpr_shadow vnmi flexpriority ept vpid
bogomips	: 5054.41
clflush size	: 64
cache_alignment	: 64
address sizes	: 36 bits physical, 48 bits virtual
power management:

processor	: 3
vendor_id	: GenuineIntel
cpu family	: 6
model		: 37
model name	: Intel(R) Core(TM) i3 CPU       M 380  @ 2.53GHz
stepping	: 5
microcode	: 0x2
cpu MHz		: 933.000
cache size	: 3072 KB
physical id	: 0
siblings	: 4
core id		: 2
cpu cores	: 2
apicid		: 5
initial apicid	: 5
fpu		: yes
fpu_exception	: yes
cpuid level	: 11
wp		: yes
flags		: fpu vme de pse tsc msr pae mce cx8 apic sep mtrr pge mca cmov pat pse36 clflush dts acpi mmx fxsr sse sse2 ss ht tm pbe syscall nx rdtscp lm constant_tsc arch_perfmon pebs bts rep_good nopl xtopology nonstop_tsc aperfmperf pni dtes64 monitor ds_cpl vmx est tm2 ssse3 cx16 xtpr pdcm pcid sse4_1 sse4_2 popcnt lahf_lm arat dtherm tpr_shadow vnmi flexpriority ept vpid
bogomips	: 5054.41
clflush size	: 64
cache_alignment	: 64
address sizes	: 36 bits physical, 48 bits virtual
power management:



Memory: 4k page, physical 3715476k(1530084k free), swap 3856380k(3855740k free)

vm_info: OpenJDK 64-Bit Server VM (24.45-b08) for linux-amd64 JRE (1.7.0_51-b00), built on Jan 15 2014 22:02:57 by "buildd" with gcc 4.8.1

time: Mon Apr 21 20:10:47 2014
elapsed time: 9 seconds

