#
# A fatal error has been detected by the Java Runtime Environment:
#
#  SIGSEGV (0xb) at pc=0x00007fd03adeeb3a, pid=30989, tid=140532703082240
#
# JRE version: OpenJDK Runtime Environment (7.0_51) (build 1.7.0_51-b00)
# Java VM: OpenJDK 64-Bit Server VM (24.45-b08 mixed mode linux-amd64 compressed oops)
# Problematic frame:
# C  [libintersection.so+0xb3a]  find_intersections+0x1a5
#
# Failed to write core dump. Core dumps have been disabled. To enable core dumping, try "ulimit -c unlimited" before starting Java again
#
# If you would like to submit a bug report, please include
# instructions on how to reproduce the bug and visit:
#   http://icedtea.classpath.org/bugzilla
# The crash happened outside the Java Virtual Machine in native code.
# See problematic frame for where to report the bug.
#

---------------  T H R E A D  ---------------

Current thread (0x00007fd04c00a800):  JavaThread "main" [_thread_in_native, id=31014, stack(0x00007fd051b8b000,0x00007fd051d8c000)]

siginfo:si_signo=SIGSEGV: si_errno=0, si_code=1 (SEGV_MAPERR), si_addr=0x000000004c41c540

Registers:
RAX=0x000000004c41c520, RBX=0x00000000d79ae250, RCX=0xffffffffffffffff, RDX=0x00007fd053d679f0
RSP=0x00007fd051d89050, RBP=0x00007fd051d89080, RSI=0x00007fd050001000, RDI=0x00000000ffffffff
R8 =0x00000000ffffffff, R9 =0x0000000000000000, R10=0x0000000000000022, R11=0x0000000000000000
R12=0x0000000000000000, R13=0x00000000d79ae250, R14=0x00007fd051d89168, R15=0x00007fd04c00a800
RIP=0x00007fd03adeeb3a, EFLAGS=0x0000000000010246, CSGSFS=0x0000000000000033, ERR=0x0000000000000004
  TRAPNO=0x000000000000000e

Top of Stack: (sp=0x00007fd051d89050)
0x00007fd051d89050:   4000000000000000 00007fd04c41db80
0x00007fd051d89060:   00007fd04c41dca0 00007fd04c41c6d0
0x00007fd051d89070:   000000004c41c520 00000000d69ffdfd
0x00007fd051d89080:   00007fd04c415590 00007fd0401becd9
0x00007fd051d89090:   00000000d7d33728 00000000d79ae250
0x00007fd051d890a0:   00007fd051d89120 00007fd049012738
0x00007fd051d890b0:   00007fd051d89110 00007fd049006233
0x00007fd051d890c0:   00000000f78b2d68 00000000f78b2da8
0x00007fd051d890d0:   00007fd051d890d0 00000000d69ff00f
0x00007fd051d890e0:   00007fd051d890e0 0000000000000000
0x00007fd051d890f0:   00007fd051d89168 00000000d79b6778
0x00007fd051d89100:   0000000000000000 00000000d79ae250
0x00007fd051d89110:   0000000000000000 00007fd051d89140
0x00007fd051d89120:   00007fd051d891b0 00007fd049006175
0x00007fd051d89130:   00000000e116fa60 00007fd04900ecd7
0x00007fd051d89140:   00007fd04c41db80 00007fd04910032c
0x00007fd051d89150:   00007fd03adee995 00000000e11cdf38
0x00007fd051d89160:   00007fd04c415590 00000000d69fba80
0x00007fd051d89170:   00007fd051d89170 00000000d7aab0b7
0x00007fd051d89180:   00007fd051d891e8 00000000d7ab7310
0x00007fd051d89190:   00000000d7ed6168 00000000d7aab0f8
0x00007fd051d891a0:   00007fd051d89140 00007fd051d891c0
0x00007fd051d891b0:   00007fd051d89238 00007fd049006175
0x00007fd051d891c0:   00007fd04c41db80 00000000f5b9bdf8
0x00007fd051d891d0:   00007fd03adee995 0000000000000000
0x00007fd051d891e0:   00000000e1008ce8 00000000e1172440
0x00007fd051d891f0:   00000000f7880cf8 00007fd051d891f8
0x00007fd051d89200:   00000000d7ede054 00007fd051d89280
0x00007fd051d89210:   00000000d7ede4b0 0000000000000000
0x00007fd051d89220:   00000000d7ede078 00007fd051d891c0
0x00007fd051d89230:   00007fd051d89258 00007fd051d892c8
0x00007fd051d89240:   00007fd049006233 00000000f5b9bdf8 

Instructions: (pc=0x00007fd03adeeb3a)
0x00007fd03adeeb1a:   b8 00 00 00 00 e8 5c fd ff ff 48 98 48 89 45 f0
0x00007fd03adeeb2a:   48 8d 3d 67 00 00 00 e8 ca fc ff ff 48 8b 45 f0
0x00007fd03adeeb3a:   48 8b 40 20 48 89 45 f8 48 8b 45 f8 48 8b 50 08
0x00007fd03adeeb4a:   48 8b 45 f8 48 8b 00 48 89 55 d0 f2 0f 10 4d d0 

Register to memory mapping:

RAX=0x000000004c41c520 is an unknown value
RBX=0x00000000d79ae250 is an oop
{method} 
 - klass: {other class}
RCX=0xffffffffffffffff is an unknown value
RDX=0x00007fd053d679f0: <offset 0x3c39f0> in /lib/x86_64-linux-gnu/libc.so.6 at 0x00007fd0539a4000
RSP=0x00007fd051d89050 is pointing into the stack for thread: 0x00007fd04c00a800
RBP=0x00007fd051d89080 is pointing into the stack for thread: 0x00007fd04c00a800
RSI=0x00007fd050001000 is an unknown value
RDI=0x00000000ffffffff is an unallocated location in the heap
R8 =0x00000000ffffffff is an unallocated location in the heap
R9 =0x0000000000000000 is an unknown value
R10=0x0000000000000022 is an unknown value
R11=0x0000000000000000 is an unknown value
R12=0x0000000000000000 is an unknown value
R13=0x00000000d79ae250 is an oop
{method} 
 - klass: {other class}
R14=0x00007fd051d89168 is pointing into the stack for thread: 0x00007fd04c00a800
R15=0x00007fd04c00a800 is a thread


Stack: [0x00007fd051b8b000,0x00007fd051d8c000],  sp=0x00007fd051d89050,  free space=2040k
Native frames: (J=compiled Java code, j=interpreted, Vv=VM code, C=native code)
C  [libintersection.so+0xb3a]  find_intersections+0x1a5

Java frames: (J=compiled Java code, j=interpreted, Vv=VM code)
j  com.kenai.jffi.Foreign.invokeL1(JJJ)J+0
j  com.kenai.jffi.Invoker.invokeL1(Lcom/kenai/jffi/CallContext;JJ)J+7
j  org.jruby.ext.ffi.jffi.NativeInvoker$ffi$8.call(Lorg/jruby/runtime/ThreadContext;Lorg/jruby/runtime/builtin/IRubyObject;Lorg/jruby/RubyModule;Ljava/lang/String;Lorg/jruby/runtime/builtin/IRubyObject;)Lorg/jruby/runtime/builtin/IRubyObject;+76
j  org.jruby.runtime.callsite.CachingCallSite.cacheAndCall(Lorg/jruby/runtime/builtin/IRubyObject;Lorg/jruby/RubyClass;Lorg/jruby/runtime/ThreadContext;Lorg/jruby/runtime/builtin/IRubyObject;Lorg/jruby/runtime/builtin/IRubyObject;)Lorg/jruby/runtime/builtin/IRubyObject;+57
J  org.jruby.runtime.callsite.CachingCallSite.call(Lorg/jruby/runtime/ThreadContext;Lorg/jruby/runtime/builtin/IRubyObject;Lorg/jruby/runtime/builtin/IRubyObject;Lorg/jruby/runtime/builtin/IRubyObject;)Lorg/jruby/runtime/builtin/IRubyObject;
J  org.jruby.ast.CallOneArgNode.interpret(Lorg/jruby/Ruby;Lorg/jruby/runtime/ThreadContext;Lorg/jruby/runtime/builtin/IRubyObject;Lorg/jruby/runtime/Block;)Lorg/jruby/runtime/builtin/IRubyObject;
j  org.jruby.ast.LocalAsgnNode.interpret(Lorg/jruby/Ruby;Lorg/jruby/runtime/ThreadContext;Lorg/jruby/runtime/builtin/IRubyObject;Lorg/jruby/runtime/Block;)Lorg/jruby/runtime/builtin/IRubyObject;+30
J  org.jruby.ast.BlockNode.interpret(Lorg/jruby/Ruby;Lorg/jruby/runtime/ThreadContext;Lorg/jruby/runtime/builtin/IRubyObject;Lorg/jruby/runtime/Block;)Lorg/jruby/runtime/builtin/IRubyObject;
j  org.jruby.evaluator.ASTInterpreter.INTERPRET_METHOD(Lorg/jruby/Ruby;Lorg/jruby/runtime/ThreadContext;Ljava/lang/String;ILorg/jruby/RubyModule;Lorg/jruby/ast/Node;Ljava/lang/String;Lorg/jruby/runtime/builtin/IRubyObject;Lorg/jruby/runtime/Block;Z)Lorg/jruby/runtime/builtin/IRubyObject;+30
j  org.jruby.internal.runtime.methods.InterpretedMethod.call(Lorg/jruby/runtime/ThreadContext;Lorg/jruby/runtime/builtin/IRubyObject;Lorg/jruby/RubyModule;Ljava/lang/String;)Lorg/jruby/runtime/builtin/IRubyObject;+80
j  org.jruby.internal.runtime.methods.DefaultMethod.call(Lorg/jruby/runtime/ThreadContext;Lorg/jruby/runtime/builtin/IRubyObject;Lorg/jruby/RubyModule;Ljava/lang/String;)Lorg/jruby/runtime/builtin/IRubyObject;+20
J  org.jruby.ast.CallNoArgNode.interpret(Lorg/jruby/Ruby;Lorg/jruby/runtime/ThreadContext;Lorg/jruby/runtime/builtin/IRubyObject;Lorg/jruby/runtime/Block;)Lorg/jruby/runtime/builtin/IRubyObject;
j  org.jruby.ast.FCallTwoArgNode.interpret(Lorg/jruby/Ruby;Lorg/jruby/runtime/ThreadContext;Lorg/jruby/runtime/builtin/IRubyObject;Lorg/jruby/runtime/Block;)Lorg/jruby/runtime/builtin/IRubyObject;+28
J  org.jruby.ast.BlockNode.interpret(Lorg/jruby/Ruby;Lorg/jruby/runtime/ThreadContext;Lorg/jruby/runtime/builtin/IRubyObject;Lorg/jruby/runtime/Block;)Lorg/jruby/runtime/builtin/IRubyObject;
j  org.jruby.evaluator.ASTInterpreter.INTERPRET_METHOD(Lorg/jruby/Ruby;Lorg/jruby/runtime/ThreadContext;Ljava/lang/String;ILorg/jruby/RubyModule;Lorg/jruby/ast/Node;Ljava/lang/String;Lorg/jruby/runtime/builtin/IRubyObject;Lorg/jruby/runtime/Block;Z)Lorg/jruby/runtime/builtin/IRubyObject;+30
j  org.jruby.internal.runtime.methods.InterpretedMethod.call(Lorg/jruby/runtime/ThreadContext;Lorg/jruby/runtime/builtin/IRubyObject;Lorg/jruby/RubyModule;Ljava/lang/String;)Lorg/jruby/runtime/builtin/IRubyObject;+80
j  org.jruby.internal.runtime.methods.DefaultMethod.call(Lorg/jruby/runtime/ThreadContext;Lorg/jruby/runtime/builtin/IRubyObject;Lorg/jruby/RubyModule;Ljava/lang/String;)Lorg/jruby/runtime/builtin/IRubyObject;+20
j  org.jruby.runtime.callsite.CachingCallSite.cacheAndCall(Lorg/jruby/runtime/builtin/IRubyObject;Lorg/jruby/RubyClass;Lorg/jruby/runtime/ThreadContext;Lorg/jruby/runtime/builtin/IRubyObject;)Lorg/jruby/runtime/builtin/IRubyObject;+53
j  org.jruby.runtime.callsite.CachingCallSite.call(Lorg/jruby/runtime/ThreadContext;Lorg/jruby/runtime/builtin/IRubyObject;Lorg/jruby/runtime/builtin/IRubyObject;)Lorg/jruby/runtime/builtin/IRubyObject;+46
j  Makefile.method__3$RUBY$test(LMakefile;Lorg/jruby/runtime/ThreadContext;Lorg/jruby/runtime/builtin/IRubyObject;Lorg/jruby/runtime/Block;)Lorg/jruby/runtime/builtin/IRubyObject;+130
j  Makefile$method__3$RUBY$test.call(Lorg/jruby/runtime/ThreadContext;Lorg/jruby/runtime/builtin/IRubyObject;Lorg/jruby/RubyModule;Ljava/lang/String;Lorg/jruby/runtime/Block;)Lorg/jruby/runtime/builtin/IRubyObject;+17
j  org.jruby.RubyClass.finvoke(Lorg/jruby/runtime/ThreadContext;Lorg/jruby/runtime/builtin/IRubyObject;Ljava/lang/String;Lorg/jruby/runtime/Block;)Lorg/jruby/runtime/builtin/IRubyObject;+41
j  org.jruby.RubyBasicObject.send19(Lorg/jruby/runtime/ThreadContext;Lorg/jruby/runtime/builtin/IRubyObject;Lorg/jruby/runtime/Block;)Lorg/jruby/runtime/builtin/IRubyObject;+15
j  org.jruby.RubyKernel.send19(Lorg/jruby/runtime/ThreadContext;Lorg/jruby/runtime/builtin/IRubyObject;Lorg/jruby/runtime/builtin/IRubyObject;Lorg/jruby/runtime/Block;)Lorg/jruby/runtime/builtin/IRubyObject;+7
j  org.jruby.RubyKernel$INVOKER$s$send19.call(Lorg/jruby/runtime/ThreadContext;Lorg/jruby/runtime/builtin/IRubyObject;Lorg/jruby/RubyModule;Ljava/lang/String;Lorg/jruby/runtime/builtin/IRubyObject;Lorg/jruby/runtime/Block;)Lorg/jruby/runtime/builtin/IRubyObject;+6
j  org.jruby.internal.runtime.methods.JavaMethod$JavaMethodOneOrNBlock.call(Lorg/jruby/runtime/ThreadContext;Lorg/jruby/runtime/builtin/IRubyObject;Lorg/jruby/RubyModule;Ljava/lang/String;Lorg/jruby/runtime/builtin/IRubyObject;)Lorg/jruby/runtime/builtin/IRubyObject;+11
j  org.jruby.runtime.callsite.CachingCallSite.call(Lorg/jruby/runtime/ThreadContext;Lorg/jruby/runtime/builtin/IRubyObject;Lorg/jruby/runtime/builtin/IRubyObject;Lorg/jruby/runtime/builtin/IRubyObject;)Lorg/jruby/runtime/builtin/IRubyObject;+38
j  Makefile.block_7$RUBY$__file__(LMakefile;Lorg/jruby/runtime/ThreadContext;Lorg/jruby/runtime/builtin/IRubyObject;[Lorg/jruby/runtime/builtin/IRubyObject;Lorg/jruby/runtime/Block;)Lorg/jruby/runtime/builtin/IRubyObject;+46
j  Makefile$block_7$RUBY$__file__.call(Lorg/jruby/runtime/ThreadContext;Lorg/jruby/runtime/builtin/IRubyObject;[Lorg/jruby/runtime/builtin/IRubyObject;Lorg/jruby/runtime/Block;)Lorg/jruby/runtime/builtin/IRubyObject;+9
j  org.jruby.runtime.CompiledBlock19.yield(Lorg/jruby/runtime/ThreadContext;Lorg/jruby/runtime/builtin/IRubyObject;Lorg/jruby/runtime/Binding;Lorg/jruby/runtime/Block$Type;)Lorg/jruby/runtime/builtin/IRubyObject;+52
j  org.jruby.runtime.Block.yield(Lorg/jruby/runtime/ThreadContext;Lorg/jruby/runtime/builtin/IRubyObject;)Lorg/jruby/runtime/builtin/IRubyObject;+14
j  org.jruby.RubyArray.eachCommon(Lorg/jruby/runtime/ThreadContext;Lorg/jruby/runtime/Block;)Lorg/jruby/runtime/builtin/IRubyObject;+41
j  org.jruby.RubyArray.each(Lorg/jruby/runtime/ThreadContext;Lorg/jruby/runtime/Block;)Lorg/jruby/runtime/builtin/IRubyObject;+10
j  org.jruby.RubyArray$INVOKER$i$0$0$each.call(Lorg/jruby/runtime/ThreadContext;Lorg/jruby/runtime/builtin/IRubyObject;Lorg/jruby/RubyModule;Ljava/lang/String;Lorg/jruby/runtime/Block;)Lorg/jruby/runtime/builtin/IRubyObject;+7
j  org.jruby.runtime.callsite.CachingCallSite.cacheAndCall(Lorg/jruby/runtime/builtin/IRubyObject;Lorg/jruby/RubyClass;Lorg/jruby/runtime/Block;Lorg/jruby/runtime/ThreadContext;Lorg/jruby/runtime/builtin/IRubyObject;)Lorg/jruby/runtime/builtin/IRubyObject;+57
j  org.jruby.runtime.callsite.CachingCallSite.callBlock(Lorg/jruby/runtime/ThreadContext;Lorg/jruby/runtime/builtin/IRubyObject;Lorg/jruby/runtime/builtin/IRubyObject;Lorg/jruby/runtime/Block;)Lorg/jruby/runtime/builtin/IRubyObject;+50
j  org.jruby.runtime.callsite.CachingCallSite.callIter(Lorg/jruby/runtime/ThreadContext;Lorg/jruby/runtime/builtin/IRubyObject;Lorg/jruby/runtime/builtin/IRubyObject;Lorg/jruby/runtime/Block;)Lorg/jruby/runtime/builtin/IRubyObject;+6
j  Makefile.__file__(LMakefile;Lorg/jruby/runtime/ThreadContext;Lorg/jruby/runtime/builtin/IRubyObject;[Lorg/jruby/runtime/builtin/IRubyObject;Lorg/jruby/runtime/Block;)Lorg/jruby/runtime/builtin/IRubyObject;+938
j  Makefile.load(Lorg/jruby/runtime/ThreadContext;Lorg/jruby/runtime/builtin/IRubyObject;Z)Lorg/jruby/runtime/builtin/IRubyObject;+22
j  org.jruby.Ruby.runScript(Lorg/jruby/ast/executable/Script;Z)Lorg/jruby/runtime/builtin/IRubyObject;+12
j  org.jruby.Ruby.runScript(Lorg/jruby/ast/executable/Script;)Lorg/jruby/runtime/builtin/IRubyObject;+3
j  org.jruby.Ruby.runNormally(Lorg/jruby/ast/Node;)Lorg/jruby/runtime/builtin/IRubyObject;+73
j  org.jruby.Ruby.runFromMain(Ljava/io/InputStream;Ljava/lang/String;)V+320
j  org.jruby.Main.doRunFromMain(Lorg/jruby/Ruby;Ljava/io/InputStream;Ljava/lang/String;)Lorg/jruby/Main$Status;+12
j  org.jruby.Main.internalRun()Lorg/jruby/Main$Status;+234
j  org.jruby.Main.run([Ljava/lang/String;)Lorg/jruby/Main$Status;+9
j  org.jruby.Main.main([Ljava/lang/String;)V+35
v  ~StubRoutines::call_stub

---------------  P R O C E S S  ---------------

Java Threads: ( => current thread )
  0x00007fd04c498800 JavaThread "JRubyJIT-2" daemon [_thread_blocked, id=31153, stack(0x00007fd03b7fc000,0x00007fd03b9fd000)]
  0x00007fd04c488800 JavaThread "process reaper" daemon [_thread_blocked, id=31033, stack(0x00007fd048076000,0x00007fd0480af000)]
  0x00007fd04c478800 JavaThread "JRubyJIT-1" daemon [_thread_blocked, id=31030, stack(0x00007fd03bdff000,0x00007fd03c000000)]
  0x00007fd04c0ae000 JavaThread "Service Thread" daemon [_thread_blocked, id=31025, stack(0x00007fd041c2f000,0x00007fd041e30000)]
  0x00007fd04c0ab800 JavaThread "C2 CompilerThread1" daemon [_thread_in_native, id=31024, stack(0x00007fd041e30000,0x00007fd041f31000)]
  0x00007fd04c0a8800 JavaThread "C2 CompilerThread0" daemon [_thread_in_vm, id=31023, stack(0x00007fd041f31000,0x00007fd042032000)]
  0x00007fd04c0a6800 JavaThread "Signal Dispatcher" daemon [_thread_blocked, id=31022, stack(0x00007fd042032000,0x00007fd042233000)]
  0x00007fd04c082800 JavaThread "Finalizer" daemon [_thread_blocked, id=31021, stack(0x00007fd04262d000,0x00007fd04282e000)]
  0x00007fd04c080800 JavaThread "Reference Handler" daemon [_thread_blocked, id=31020, stack(0x00007fd04282e000,0x00007fd042a2f000)]
=>0x00007fd04c00a800 JavaThread "main" [_thread_in_native, id=31014, stack(0x00007fd051b8b000,0x00007fd051d8c000)]

Other Threads:
  0x00007fd04c07c800 VMThread [stack: 0x00007fd042a2f000,0x00007fd042b30000] [id=31019]
  0x00007fd04c0b8800 WatcherThread [stack: 0x00007fd041b2e000,0x00007fd041c2f000] [id=31026]

VM state:not at safepoint (normal execution)

VM Mutex/Monitor currently owned by a thread: None

Heap
 PSYoungGen      total 32768K, used 5102K [0x00000000f5900000, 0x00000000f9900000, 0x0000000100000000)
  eden space 30720K, 9% used [0x00000000f5900000,0x00000000f5bfe308,0x00000000f7700000)
  from space 2048K, 99% used [0x00000000f7700000,0x00000000f78fd528,0x00000000f7900000)
  to   space 2048K, 0% used [0x00000000f9700000,0x00000000f9700000,0x00000000f9900000)
 ParOldGen       total 38400K, used 8721K [0x00000000e0c00000, 0x00000000e3180000, 0x00000000f5900000)
  object space 38400K, 22% used [0x00000000e0c00000,0x00000000e1484608,0x00000000e3180000)
 PSPermGen       total 25600K, used 25475K [0x00000000d6600000, 0x00000000d7f00000, 0x00000000e0c00000)
  object space 25600K, 99% used [0x00000000d6600000,0x00000000d7ee0da8,0x00000000d7f00000)

Card table byte_map: [0x00007fd0509b1000,0x00007fd050aff000] byte_map_base: 0x00007fd0502fe000

Polling page: 0x00007fd054199000

Code Cache  [0x00007fd049000000, 0x00007fd049270000, 0x00007fd04c000000)
 total_blobs=955 nmethods=476 adapters=433 free_code_cache=47638Kb largest_free_block=48744960

Compilation events (10 events):
Event: 11,327 Thread 0x00007fd04c0ab800 nmethod 505 0x00007fd04917f850 code [0x00007fd04917fa00, 0x00007fd04917fe78]
Event: 11,327 Thread 0x00007fd04c0ab800  508             org.jruby.ext.ffi.StructByReference$INVOKER$i$2$0$from_native::call (13 bytes)
Event: 11,331 Thread 0x00007fd04c0ab800 nmethod 508 0x00007fd049178610 code [0x00007fd049178780, 0x00007fd0491788a8]
Event: 11,331 Thread 0x00007fd04c0ab800  509             org.jruby.ext.ffi.StructByReference::from_native (67 bytes)
Event: 11,334 Thread 0x00007fd04c0ab800 nmethod 509 0x00007fd049177310 code [0x00007fd049177460, 0x00007fd049177548]
Event: 11,334 Thread 0x00007fd04c0ab800  510             org.jruby.ext.ffi.StructByReference::getStructClass (5 bytes)
Event: 11,335 Thread 0x00007fd04c0ab800 nmethod 510 0x00007fd049177110 code [0x00007fd049177240, 0x00007fd049177298]
Event: 11,335 Thread 0x00007fd04c0ab800  511             org.jruby.internal.runtime.methods.JavaMethod$JavaMethodZeroOrOneOrN::call (12 bytes)
Event: 11,336 Thread 0x00007fd04c0a8800 nmethod 507 0x00007fd04917b990 code [0x00007fd04917bb20, 0x00007fd04917be08]
Event: 11,336 Thread 0x00007fd04c0a8800  512             org.jruby.ext.ffi.Struct$INVOKER$i$initialize::call (11 bytes)

GC Heap History (6 events):
Event: 3,678 GC heap before
{Heap before GC invocations=1 (full 0):
 PSYoungGen      total 17408K, used 15360K [0x00000000f5900000, 0x00000000f6c00000, 0x0000000100000000)
  eden space 15360K, 100% used [0x00000000f5900000,0x00000000f6800000,0x00000000f6800000)
  from space 2048K, 0% used [0x00000000f6a00000,0x00000000f6a00000,0x00000000f6c00000)
  to   space 2048K, 0% used [0x00000000f6800000,0x00000000f6800000,0x00000000f6a00000)
 ParOldGen       total 38400K, used 0K [0x00000000e0c00000, 0x00000000e3180000, 0x00000000f5900000)
  object space 38400K, 0% used [0x00000000e0c00000,0x00000000e0c00000,0x00000000e3180000)
 PSPermGen       total 21504K, used 18949K [0x00000000d6600000, 0x00000000d7b00000, 0x00000000e0c00000)
  object space 21504K, 88% used [0x00000000d6600000,0x00000000d78816c8,0x00000000d7b00000)
Event: 3,743 GC heap after
Heap after GC invocations=1 (full 0):
 PSYoungGen      total 17408K, used 2037K [0x00000000f5900000, 0x00000000f7b00000, 0x0000000100000000)
  eden space 15360K, 0% used [0x00000000f5900000,0x00000000f5900000,0x00000000f6800000)
  from space 2048K, 99% used [0x00000000f6800000,0x00000000f69fd4b8,0x00000000f6a00000)
  to   space 2048K, 0% used [0x00000000f7900000,0x00000000f7900000,0x00000000f7b00000)
 ParOldGen       total 38400K, used 3801K [0x00000000e0c00000, 0x00000000e3180000, 0x00000000f5900000)
  object space 38400K, 9% used [0x00000000e0c00000,0x00000000e0fb65e0,0x00000000e3180000)
 PSPermGen       total 21504K, used 18949K [0x00000000d6600000, 0x00000000d7b00000, 0x00000000e0c00000)
  object space 21504K, 88% used [0x00000000d6600000,0x00000000d78816c8,0x00000000d7b00000)
}
Event: 6,717 GC heap before
{Heap before GC invocations=2 (full 0):
 PSYoungGen      total 17408K, used 17397K [0x00000000f5900000, 0x00000000f7b00000, 0x0000000100000000)
  eden space 15360K, 100% used [0x00000000f5900000,0x00000000f6800000,0x00000000f6800000)
  from space 2048K, 99% used [0x00000000f6800000,0x00000000f69fd4b8,0x00000000f6a00000)
  to   space 2048K, 0% used [0x00000000f7900000,0x00000000f7900000,0x00000000f7b00000)
 ParOldGen       total 38400K, used 3801K [0x00000000e0c00000, 0x00000000e3180000, 0x00000000f5900000)
  object space 38400K, 9% used [0x00000000e0c00000,0x00000000e0fb65e0,0x00000000e3180000)
 PSPermGen       total 23552K, used 23439K [0x00000000d6600000, 0x00000000d7d00000, 0x00000000e0c00000)
  object space 23552K, 99% used [0x00000000d6600000,0x00000000d7ce3c30,0x00000000d7d00000)
Event: 6,837 GC heap after
Heap after GC invocations=2 (full 0):
 PSYoungGen      total 32768K, used 2037K [0x00000000f5900000, 0x00000000f7b00000, 0x0000000100000000)
  eden space 30720K, 0% used [0x00000000f5900000,0x00000000f5900000,0x00000000f7700000)
  from space 2048K, 99% used [0x00000000f7900000,0x00000000f7afd528,0x00000000f7b00000)
  to   space 2048K, 0% used [0x00000000f7700000,0x00000000f7700000,0x00000000f7900000)
 ParOldGen       total 38400K, used 5892K [0x00000000e0c00000, 0x00000000e3180000, 0x00000000f5900000)
  object space 38400K, 15% used [0x00000000e0c00000,0x00000000e11c13d8,0x00000000e3180000)
 PSPermGen       total 23552K, used 23439K [0x00000000d6600000, 0x00000000d7d00000, 0x00000000e0c00000)
  object space 23552K, 99% used [0x00000000d6600000,0x00000000d7ce3c30,0x00000000d7d00000)
}
Event: 11,025 GC heap before
{Heap before GC invocations=3 (full 0):
 PSYoungGen      total 32768K, used 32757K [0x00000000f5900000, 0x00000000f7b00000, 0x0000000100000000)
  eden space 30720K, 100% used [0x00000000f5900000,0x00000000f7700000,0x00000000f7700000)
  from space 2048K, 99% used [0x00000000f7900000,0x00000000f7afd528,0x00000000f7b00000)
  to   space 2048K, 0% used [0x00000000f7700000,0x00000000f7700000,0x00000000f7900000)
 ParOldGen       total 38400K, used 5892K [0x00000000e0c00000, 0x00000000e3180000, 0x00000000f5900000)
  object space 38400K, 15% used [0x00000000e0c00000,0x00000000e11c13d8,0x00000000e3180000)
 PSPermGen       total 25600K, used 25462K [0x00000000d6600000, 0x00000000d7f00000, 0x00000000e0c00000)
  object space 25600K, 99% used [0x00000000d6600000,0x00000000d7eddb18,0x00000000d7f00000)
Event: 11,064 GC heap after
Heap after GC invocations=3 (full 0):
 PSYoungGen      total 32768K, used 2037K [0x00000000f5900000, 0x00000000f9900000, 0x0000000100000000)
  eden space 30720K, 0% used [0x00000000f5900000,0x00000000f5900000,0x00000000f7700000)
  from space 2048K, 99% used [0x00000000f7700000,0x00000000f78fd528,0x00000000f7900000)
  to   space 2048K, 0% used [0x00000000f9700000,0x00000000f9700000,0x00000000f9900000)
 ParOldGen       total 38400K, used 8721K [0x00000000e0c00000, 0x00000000e3180000, 0x00000000f5900000)
  object space 38400K, 22% used [0x00000000e0c00000,0x00000000e1484608,0x00000000e3180000)
 PSPermGen       total 25600K, used 25462K [0x00000000d6600000, 0x00000000d7f00000, 0x00000000e0c00000)
  object space 25600K, 99% used [0x00000000d6600000,0x00000000d7eddb18,0x00000000d7f00000)
}

Deoptimization events (10 events):
Event: 11,303 Thread 0x00007fd04c00a800 Uncommon trap: reason=class_check action=maybe_recompile pc=0x00007fd0490a0578 method=org.jruby.RubyArray.compare(Lorg/jruby/runtime/ThreadContext;Lorg/jruby/runtime/invokedynamic/MethodNames;Lorg/jruby/runtime/builtin/IRubyObject;)Lorg/jruby/RubyBoolean;
Event: 11,306 Thread 0x00007fd04c00a800 Uncommon trap: reason=class_check action=maybe_recompile pc=0x00007fd0490ffc04 method=org.jruby.ext.ffi.StructByReference.to_native(Lorg/jruby/runtime/ThreadContext;Lorg/jruby/runtime/builtin/IRubyObject;Lorg/jruby/runtime/builtin/IRubyObject;)Lorg/jruby/
Event: 11,309 Thread 0x00007fd04c00a800 Uncommon trap: reason=bimorphic action=maybe_recompile pc=0x00007fd049179488 method=org.jruby.RubyClass.allocate()Lorg/jruby/runtime/builtin/IRubyObject; @ 54
Event: 11,309 Thread 0x00007fd04c00a800 Uncommon trap: reason=bimorphic action=maybe_recompile pc=0x00007fd049179488 method=org.jruby.RubyClass.allocate()Lorg/jruby/runtime/builtin/IRubyObject; @ 54
Event: 11,309 Thread 0x00007fd04c00a800 Uncommon trap: reason=class_check action=maybe_recompile pc=0x00007fd04916bbe4 method=org.jruby.runtime.ivars.VariableAccessor.get(Ljava/lang/Object;)Ljava/lang/Object; @ 1
Event: 11,309 Thread 0x00007fd04c00a800 Uncommon trap: reason=class_check action=maybe_recompile pc=0x00007fd04916bbe4 method=org.jruby.runtime.ivars.VariableAccessor.get(Ljava/lang/Object;)Ljava/lang/Object; @ 1
Event: 11,309 Thread 0x00007fd04c00a800 Uncommon trap: reason=class_check action=maybe_recompile pc=0x00007fd04916bbe4 method=org.jruby.runtime.ivars.VariableAccessor.get(Ljava/lang/Object;)Ljava/lang/Object; @ 1
Event: 11,309 Thread 0x00007fd04c00a800 Uncommon trap: reason=class_check action=maybe_recompile pc=0x00007fd04916bbe4 method=org.jruby.runtime.ivars.VariableAccessor.get(Ljava/lang/Object;)Ljava/lang/Object; @ 1
Event: 11,310 Thread 0x00007fd04c00a800 Uncommon trap: reason=bimorphic action=maybe_recompile pc=0x00007fd049179488 method=org.jruby.RubyClass.allocate()Lorg/jruby/runtime/builtin/IRubyObject; @ 54
Event: 11,310 Thread 0x00007fd04c00a800 Uncommon trap: reason=bimorphic action=maybe_recompile pc=0x00007fd049179488 method=org.jruby.RubyClass.allocate()Lorg/jruby/runtime/builtin/IRubyObject; @ 54

Internal exceptions (10 events):
Event: 9,877 Thread 0x00007fd04c00a800 Threw 0x00000000f713c9e8 at /build/buildd/openjdk-7-7u51-2.4.4/build/openjdk/hotspot/src/share/vm/prims/jvm.cpp:1244
Event: 9,878 Thread 0x00007fd04c00a800 Threw 0x00000000f713d498 at /build/buildd/openjdk-7-7u51-2.4.4/build/openjdk/hotspot/src/share/vm/prims/jvm.cpp:1244
Event: 9,881 Thread 0x00007fd04c00a800 Threw 0x00000000f7149008 at /build/buildd/openjdk-7-7u51-2.4.4/build/openjdk/hotspot/src/share/vm/prims/jvm.cpp:1244
Event: 9,882 Thread 0x00007fd04c00a800 Threw 0x00000000f714b0c8 at /build/buildd/openjdk-7-7u51-2.4.4/build/openjdk/hotspot/src/share/vm/prims/jvm.cpp:1244
Event: 9,882 Thread 0x00007fd04c00a800 Threw 0x00000000f714bb78 at /build/buildd/openjdk-7-7u51-2.4.4/build/openjdk/hotspot/src/share/vm/prims/jvm.cpp:1244
Event: 9,882 Thread 0x00007fd04c00a800 Threw 0x00000000f714da18 at /build/buildd/openjdk-7-7u51-2.4.4/build/openjdk/hotspot/src/share/vm/prims/jvm.cpp:1244
Event: 9,883 Thread 0x00007fd04c00a800 Threw 0x00000000f714fad8 at /build/buildd/openjdk-7-7u51-2.4.4/build/openjdk/hotspot/src/share/vm/prims/jvm.cpp:1244
Event: 9,883 Thread 0x00007fd04c00a800 Threw 0x00000000f7150588 at /build/buildd/openjdk-7-7u51-2.4.4/build/openjdk/hotspot/src/share/vm/prims/jvm.cpp:1244
Event: 11,327 Thread 0x00007fd04c498800 Threw 0x00000000f5bd96d8 at /build/buildd/openjdk-7-7u51-2.4.4/build/openjdk/hotspot/src/share/vm/prims/jvm.cpp:1244
Event: 11,328 Thread 0x00007fd04c498800 Threw 0x00000000f5bdb0f0 at /build/buildd/openjdk-7-7u51-2.4.4/build/openjdk/hotspot/src/share/vm/prims/jvm.cpp:1244

Events (10 events):
Event: 11,309 Thread 0x00007fd04c00a800 DEOPT PACKING pc=0x00007fd04916bbe4 sp=0x00007fd051d882a0
Event: 11,309 Thread 0x00007fd04c00a800 DEOPT UNPACKING pc=0x00007fd049039045 sp=0x00007fd051d88268 mode 2
Event: 11,310 Thread 0x00007fd04c00a800 Uncommon trap: trap_request=0xffffffc6 fr.pc=0x00007fd049179488
Event: 11,310 Thread 0x00007fd04c00a800 DEOPT PACKING pc=0x00007fd049179488 sp=0x00007fd051d88690
Event: 11,310 Thread 0x00007fd04c00a800 DEOPT UNPACKING pc=0x00007fd049039045 sp=0x00007fd051d88680 mode 2
Event: 11,310 Thread 0x00007fd04c00a800 Uncommon trap: trap_request=0xffffffc6 fr.pc=0x00007fd049179488
Event: 11,310 Thread 0x00007fd04c00a800 DEOPT PACKING pc=0x00007fd049179488 sp=0x00007fd051d88690
Event: 11,310 Thread 0x00007fd04c00a800 DEOPT UNPACKING pc=0x00007fd049039045 sp=0x00007fd051d88680 mode 2
Event: 11,327 loading class 0x00007fd008000f50
Event: 11,327 loading class 0x00007fd008000f50 done


Dynamic libraries:
00400000-00401000 r-xp 00000000 08:01 15861394                           /usr/lib/jvm/java-7-openjdk-amd64/jre/bin/java
00600000-00601000 r--p 00000000 08:01 15861394                           /usr/lib/jvm/java-7-openjdk-amd64/jre/bin/java
00601000-00602000 rw-p 00001000 08:01 15861394                           /usr/lib/jvm/java-7-openjdk-amd64/jre/bin/java
0203a000-0205b000 rw-p 00000000 00:00 0                                  [heap]
d6600000-d7f00000 rw-p 00000000 00:00 0 
d7f00000-e0c00000 rw-p 00000000 00:00 0 
e0c00000-e3180000 rw-p 00000000 00:00 0 
e3180000-f5900000 rw-p 00000000 00:00 0 
f5900000-f9900000 rw-p 00000000 00:00 0 
f9900000-100000000 rw-p 00000000 00:00 0 
7fcffc000000-7fcffc021000 rw-p 00000000 00:00 0 
7fcffc021000-7fd000000000 ---p 00000000 00:00 0 
7fd000000000-7fd000021000 rw-p 00000000 00:00 0 
7fd000021000-7fd004000000 ---p 00000000 00:00 0 
7fd004000000-7fd004021000 rw-p 00000000 00:00 0 
7fd004021000-7fd008000000 ---p 00000000 00:00 0 
7fd008000000-7fd008021000 rw-p 00000000 00:00 0 
7fd008021000-7fd00c000000 ---p 00000000 00:00 0 
7fd00c000000-7fd00c021000 rw-p 00000000 00:00 0 
7fd00c021000-7fd010000000 ---p 00000000 00:00 0 
7fd010000000-7fd010027000 rw-p 00000000 00:00 0 
7fd010027000-7fd014000000 ---p 00000000 00:00 0 
7fd014000000-7fd014a9c000 rw-p 00000000 00:00 0 
7fd014a9c000-7fd018000000 ---p 00000000 00:00 0 
7fd018000000-7fd018021000 rw-p 00000000 00:00 0 
7fd018021000-7fd01c000000 ---p 00000000 00:00 0 
7fd01c000000-7fd01c021000 rw-p 00000000 00:00 0 
7fd01c021000-7fd020000000 ---p 00000000 00:00 0 
7fd020000000-7fd020edd000 rw-p 00000000 00:00 0 
7fd020edd000-7fd024000000 ---p 00000000 00:00 0 
7fd024000000-7fd024021000 rw-p 00000000 00:00 0 
7fd024021000-7fd028000000 ---p 00000000 00:00 0 
7fd028000000-7fd028021000 rw-p 00000000 00:00 0 
7fd028021000-7fd02c000000 ---p 00000000 00:00 0 
7fd02c000000-7fd02c021000 rw-p 00000000 00:00 0 
7fd02c021000-7fd030000000 ---p 00000000 00:00 0 
7fd030000000-7fd030021000 rw-p 00000000 00:00 0 
7fd030021000-7fd034000000 ---p 00000000 00:00 0 
7fd034000000-7fd034021000 rw-p 00000000 00:00 0 
7fd034021000-7fd038000000 ---p 00000000 00:00 0 
7fd03adee000-7fd03adef000 r-xp 00000000 08:01 13893852                   /home/alex/Documents/8vo_Semestre/Geometría Computacional/Lab/practica02p1/src/lib/libintersection.so
7fd03adef000-7fd03afee000 ---p 00001000 08:01 13893852                   /home/alex/Documents/8vo_Semestre/Geometría Computacional/Lab/practica02p1/src/lib/libintersection.so
7fd03afee000-7fd03afef000 r--p 00000000 08:01 13893852                   /home/alex/Documents/8vo_Semestre/Geometría Computacional/Lab/practica02p1/src/lib/libintersection.so
7fd03afef000-7fd03aff0000 rw-p 00001000 08:01 13893852                   /home/alex/Documents/8vo_Semestre/Geometría Computacional/Lab/practica02p1/src/lib/libintersection.so
7fd03aff0000-7fd03aff3000 r-xp 00000000 08:01 13893851                   /home/alex/Documents/8vo_Semestre/Geometría Computacional/Lab/practica02p1/src/lib/librb_tree.so
7fd03aff3000-7fd03b1f2000 ---p 00003000 08:01 13893851                   /home/alex/Documents/8vo_Semestre/Geometría Computacional/Lab/practica02p1/src/lib/librb_tree.so
7fd03b1f2000-7fd03b1f3000 r--p 00002000 08:01 13893851                   /home/alex/Documents/8vo_Semestre/Geometría Computacional/Lab/practica02p1/src/lib/librb_tree.so
7fd03b1f3000-7fd03b1f4000 rw-p 00003000 08:01 13893851                   /home/alex/Documents/8vo_Semestre/Geometría Computacional/Lab/practica02p1/src/lib/librb_tree.so
7fd03b1f4000-7fd03b1f6000 r-xp 00000000 08:01 13893850                   /home/alex/Documents/8vo_Semestre/Geometría Computacional/Lab/practica02p1/src/lib/libdouble_linked_list.so
7fd03b1f6000-7fd03b3f5000 ---p 00002000 08:01 13893850                   /home/alex/Documents/8vo_Semestre/Geometría Computacional/Lab/practica02p1/src/lib/libdouble_linked_list.so
7fd03b3f5000-7fd03b3f6000 r--p 00001000 08:01 13893850                   /home/alex/Documents/8vo_Semestre/Geometría Computacional/Lab/practica02p1/src/lib/libdouble_linked_list.so
7fd03b3f6000-7fd03b3f7000 rw-p 00002000 08:01 13893850                   /home/alex/Documents/8vo_Semestre/Geometría Computacional/Lab/practica02p1/src/lib/libdouble_linked_list.so
7fd03b3f7000-7fd03b3f8000 r-xp 00000000 08:01 13893835                   /home/alex/Documents/8vo_Semestre/Geometría Computacional/Lab/practica02p1/src/lib/libhalf_edge.so
7fd03b3f8000-7fd03b5f8000 ---p 00001000 08:01 13893835                   /home/alex/Documents/8vo_Semestre/Geometría Computacional/Lab/practica02p1/src/lib/libhalf_edge.so
7fd03b5f8000-7fd03b5f9000 r--p 00001000 08:01 13893835                   /home/alex/Documents/8vo_Semestre/Geometría Computacional/Lab/practica02p1/src/lib/libhalf_edge.so
7fd03b5f9000-7fd03b5fa000 rw-p 00002000 08:01 13893835                   /home/alex/Documents/8vo_Semestre/Geometría Computacional/Lab/practica02p1/src/lib/libhalf_edge.so
7fd03b5fa000-7fd03b5fb000 r-xp 00000000 08:01 13893834                   /home/alex/Documents/8vo_Semestre/Geometría Computacional/Lab/practica02p1/src/lib/lib2d_points.so
7fd03b5fb000-7fd03b7fa000 ---p 00001000 08:01 13893834                   /home/alex/Documents/8vo_Semestre/Geometría Computacional/Lab/practica02p1/src/lib/lib2d_points.so
7fd03b7fa000-7fd03b7fb000 r--p 00000000 08:01 13893834                   /home/alex/Documents/8vo_Semestre/Geometría Computacional/Lab/practica02p1/src/lib/lib2d_points.so
7fd03b7fb000-7fd03b7fc000 rw-p 00001000 08:01 13893834                   /home/alex/Documents/8vo_Semestre/Geometría Computacional/Lab/practica02p1/src/lib/lib2d_points.so
7fd03b7fc000-7fd03b7ff000 ---p 00000000 00:00 0 
7fd03b7ff000-7fd03b9fd000 rw-p 00000000 00:00 0                          [stack:31153]
7fd03b9fd000-7fd03ba00000 ---p 00000000 00:00 0 
7fd03ba00000-7fd03bbfe000 rw-p 00000000 00:00 0 
7fd03bbfe000-7fd03bc01000 ---p 00000000 00:00 0 
7fd03bc01000-7fd03bdff000 rw-p 00000000 00:00 0 
7fd03bdff000-7fd03be02000 ---p 00000000 00:00 0 
7fd03be02000-7fd03c000000 rw-p 00000000 00:00 0                          [stack:31030]
7fd03c000000-7fd03c021000 rw-p 00000000 00:00 0 
7fd03c021000-7fd040000000 ---p 00000000 00:00 0 
7fd0401b7000-7fd0401c9000 r-xp 00000000 08:01 12059135                   /home/alex/.rbenv/versions/jruby-1.7.10/lib/jni/x86_64-Linux/libjffi-1.2.so
7fd0401c9000-7fd0403c8000 ---p 00012000 08:01 12059135                   /home/alex/.rbenv/versions/jruby-1.7.10/lib/jni/x86_64-Linux/libjffi-1.2.so
7fd0403c8000-7fd0403c9000 rw-p 00011000 08:01 12059135                   /home/alex/.rbenv/versions/jruby-1.7.10/lib/jni/x86_64-Linux/libjffi-1.2.so
7fd0403c9000-7fd0403d9000 r-xp 00000000 08:01 15861288                   /usr/lib/jvm/java-7-openjdk-amd64/jre/lib/amd64/libnio.so
7fd0403d9000-7fd0405d9000 ---p 00010000 08:01 15861288                   /usr/lib/jvm/java-7-openjdk-amd64/jre/lib/amd64/libnio.so
7fd0405d9000-7fd0405da000 r--p 00010000 08:01 15861288                   /usr/lib/jvm/java-7-openjdk-amd64/jre/lib/amd64/libnio.so
7fd0405da000-7fd0405db000 rw-p 00011000 08:01 15861288                   /usr/lib/jvm/java-7-openjdk-amd64/jre/lib/amd64/libnio.so
7fd0405db000-7fd040618000 r-xp 00000000 08:01 8130434                    /lib/x86_64-linux-gnu/libpcre.so.3.13.1
7fd040618000-7fd040818000 ---p 0003d000 08:01 8130434                    /lib/x86_64-linux-gnu/libpcre.so.3.13.1
7fd040818000-7fd040819000 r--p 0003d000 08:01 8130434                    /lib/x86_64-linux-gnu/libpcre.so.3.13.1
7fd040819000-7fd04081a000 rw-p 0003e000 08:01 8130434                    /lib/x86_64-linux-gnu/libpcre.so.3.13.1
7fd04081a000-7fd040821000 r-xp 00000000 08:01 15735894                   /usr/lib/x86_64-linux-gnu/libffi.so.6.0.1
7fd040821000-7fd040a20000 ---p 00007000 08:01 15735894                   /usr/lib/x86_64-linux-gnu/libffi.so.6.0.1
7fd040a20000-7fd040a21000 r--p 00006000 08:01 15735894                   /usr/lib/x86_64-linux-gnu/libffi.so.6.0.1
7fd040a21000-7fd040a22000 rw-p 00007000 08:01 15735894                   /usr/lib/x86_64-linux-gnu/libffi.so.6.0.1
7fd040a22000-7fd040a38000 r-xp 00000000 08:01 8130457                    /lib/x86_64-linux-gnu/libresolv-2.17.so
7fd040a38000-7fd040c38000 ---p 00016000 08:01 8130457                    /lib/x86_64-linux-gnu/libresolv-2.17.so
7fd040c38000-7fd040c39000 r--p 00016000 08:01 8130457                    /lib/x86_64-linux-gnu/libresolv-2.17.so
7fd040c39000-7fd040c3a000 rw-p 00017000 08:01 8130457                    /lib/x86_64-linux-gnu/libresolv-2.17.so
7fd040c3a000-7fd040c3c000 rw-p 00000000 00:00 0 
7fd040c3c000-7fd040c5b000 r-xp 00000000 08:01 8130461                    /lib/x86_64-linux-gnu/libselinux.so.1
7fd040c5b000-7fd040e5b000 ---p 0001f000 08:01 8130461                    /lib/x86_64-linux-gnu/libselinux.so.1
7fd040e5b000-7fd040e5c000 r--p 0001f000 08:01 8130461                    /lib/x86_64-linux-gnu/libselinux.so.1
7fd040e5c000-7fd040e5d000 rw-p 00020000 08:01 8130461                    /lib/x86_64-linux-gnu/libselinux.so.1
7fd040e5d000-7fd040e5e000 rw-p 00000000 00:00 0 
7fd040e5e000-7fd040e61000 r-xp 00000000 08:01 15729078                   /usr/lib/x86_64-linux-gnu/libgmodule-2.0.so.0.3800.1
7fd040e61000-7fd041060000 ---p 00003000 08:01 15729078                   /usr/lib/x86_64-linux-gnu/libgmodule-2.0.so.0.3800.1
7fd041060000-7fd041061000 r--p 00002000 08:01 15729078                   /usr/lib/x86_64-linux-gnu/libgmodule-2.0.so.0.3800.1
7fd041061000-7fd041062000 rw-p 00003000 08:01 15729078                   /usr/lib/x86_64-linux-gnu/libgmodule-2.0.so.0.3800.1
7fd041062000-7fd041160000 r-xp 00000000 08:01 8130449                    /lib/x86_64-linux-gnu/libglib-2.0.so.0.3800.1
7fd041160000-7fd041360000 ---p 000fe000 08:01 8130449                    /lib/x86_64-linux-gnu/libglib-2.0.so.0.3800.1
7fd041360000-7fd041361000 r--p 000fe000 08:01 8130449                    /lib/x86_64-linux-gnu/libglib-2.0.so.0.3800.1
7fd041361000-7fd041362000 rw-p 000ff000 08:01 8130449                    /lib/x86_64-linux-gnu/libglib-2.0.so.0.3800.1
7fd041362000-7fd041363000 rw-p 00000000 00:00 0 
7fd041363000-7fd0413b2000 r-xp 00000000 08:01 15729069                   /usr/lib/x86_64-linux-gnu/libgobject-2.0.so.0.3800.1
7fd0413b2000-7fd0415b2000 ---p 0004f000 08:01 15729069                   /usr/lib/x86_64-linux-gnu/libgobject-2.0.so.0.3800.1
7fd0415b2000-7fd0415b3000 r--p 0004f000 08:01 15729069                   /usr/lib/x86_64-linux-gnu/libgobject-2.0.so.0.3800.1
7fd0415b3000-7fd0415b4000 rw-p 00050000 08:01 15729069                   /usr/lib/x86_64-linux-gnu/libgobject-2.0.so.0.3800.1
7fd0415b4000-7fd041710000 r-xp 00000000 08:01 15729043                   /usr/lib/x86_64-linux-gnu/libgio-2.0.so.0.3800.1
7fd041710000-7fd04190f000 ---p 0015c000 08:01 15729043                   /usr/lib/x86_64-linux-gnu/libgio-2.0.so.0.3800.1
7fd04190f000-7fd041913000 r--p 0015b000 08:01 15729043                   /usr/lib/x86_64-linux-gnu/libgio-2.0.so.0.3800.1
7fd041913000-7fd041915000 rw-p 0015f000 08:01 15729043                   /usr/lib/x86_64-linux-gnu/libgio-2.0.so.0.3800.1
7fd041915000-7fd041917000 rw-p 00000000 00:00 0 
7fd041917000-7fd04192d000 r-xp 00000000 08:01 15861076                   /usr/lib/jvm/java-7-openjdk-amd64/jre/lib/amd64/libnet.so
7fd04192d000-7fd041b2c000 ---p 00016000 08:01 15861076                   /usr/lib/jvm/java-7-openjdk-amd64/jre/lib/amd64/libnet.so
7fd041b2c000-7fd041b2d000 r--p 00015000 08:01 15861076                   /usr/lib/jvm/java-7-openjdk-amd64/jre/lib/amd64/libnet.so
7fd041b2d000-7fd041b2e000 rw-p 00016000 08:01 15861076                   /usr/lib/jvm/java-7-openjdk-amd64/jre/lib/amd64/libnet.so
7fd041b2e000-7fd041b2f000 ---p 00000000 00:00 0 
7fd041b2f000-7fd041c2f000 rw-p 00000000 00:00 0                          [stack:31026]
7fd041c2f000-7fd041c32000 ---p 00000000 00:00 0 
7fd041c32000-7fd041e30000 rw-p 00000000 00:00 0                          [stack:31025]
7fd041e30000-7fd041e33000 ---p 00000000 00:00 0 
7fd041e33000-7fd041f31000 rw-p 00000000 00:00 0                          [stack:31024]
7fd041f31000-7fd041f34000 ---p 00000000 00:00 0 
7fd041f34000-7fd042032000 rw-p 00000000 00:00 0                          [stack:31023]
7fd042032000-7fd042035000 ---p 00000000 00:00 0 
7fd042035000-7fd042233000 rw-p 00000000 00:00 0                          [stack:31022]
7fd042233000-7fd04262d000 r--p 00000000 08:01 15734328                   /usr/lib/locale/locale-archive
7fd04262d000-7fd042630000 ---p 00000000 00:00 0 
7fd042630000-7fd04282e000 rw-p 00000000 00:00 0                          [stack:31021]
7fd04282e000-7fd042831000 ---p 00000000 00:00 0 
7fd042831000-7fd042a2f000 rw-p 00000000 00:00 0                          [stack:31020]
7fd042a2f000-7fd042a30000 ---p 00000000 00:00 0 
7fd042a30000-7fd044000000 rw-p 00000000 00:00 0                          [stack:31019]
7fd044000000-7fd044021000 rw-p 00000000 00:00 0 
7fd044021000-7fd048000000 ---p 00000000 00:00 0 
7fd048076000-7fd048079000 ---p 00000000 00:00 0 
7fd048079000-7fd049000000 rw-p 00000000 00:00 0                          [stack:31033]
7fd049000000-7fd049270000 rwxp 00000000 00:00 0 
7fd049270000-7fd04c4f8000 rw-p 00000000 00:00 0 
7fd04c4f8000-7fd050000000 ---p 00000000 00:00 0 
7fd050001000-7fd050002000 rw-p 00000000 00:00 0 
7fd050002000-7fd050003000 r-xp 00000000 00:00 0 
7fd050003000-7fd05000a000 r--s 00000000 08:01 16127910                   /usr/lib/x86_64-linux-gnu/gconv/gconv-modules.cache
7fd05000a000-7fd05000c000 r--s 00012000 08:01 15861308                   /usr/lib/jvm/java-7-openjdk-amd64/jre/lib/ext/zipfs.jar
7fd05000c000-7fd05000f000 r--s 00032000 08:01 15861310                   /usr/lib/jvm/java-7-openjdk-amd64/jre/lib/ext/sunjce_provider.jar
7fd05000f000-7fd050013000 r--s 00085000 08:01 15861304                   /usr/lib/jvm/java-7-openjdk-amd64/jre/lib/ext/localedata.jar
7fd050013000-7fd050015000 r--s 00006000 08:01 16256853                   /usr/share/java/java-atk-wrapper.jar
7fd050015000-7fd050016000 r--s 00002000 08:01 15861314                   /usr/lib/jvm/java-7-openjdk-amd64/jre/lib/ext/dnsns.jar
7fd050016000-7fd050019000 r--s 0000f000 08:01 15861306                   /usr/lib/jvm/java-7-openjdk-amd64/jre/lib/ext/pulse-java.jar
7fd050019000-7fd05001d000 r--s 0003b000 08:01 15861316                   /usr/lib/jvm/java-7-openjdk-amd64/jre/lib/ext/sunpkcs11.jar
7fd05001d000-7fd050088000 rw-p 00000000 00:00 0 
7fd050088000-7fd050171000 r--s 00bb9000 08:01 12059138                   /home/alex/.rbenv/versions/jruby-1.7.10/lib/jruby.jar
7fd050171000-7fd0501b9000 rw-p 00000000 00:00 0 
7fd0501b9000-7fd050367000 r--s 01cf4000 08:01 15861374                   /usr/lib/jvm/java-7-openjdk-amd64/jre/lib/rt.jar
7fd050367000-7fd0505ad000 rw-p 00000000 00:00 0 
7fd0505ad000-7fd0505ae000 ---p 00000000 00:00 0 
7fd0505ae000-7fd0506ae000 rw-p 00000000 00:00 0                          [stack:31018]
7fd0506ae000-7fd0506af000 ---p 00000000 00:00 0 
7fd0506af000-7fd0507af000 rw-p 00000000 00:00 0                          [stack:31017]
7fd0507af000-7fd0507b0000 ---p 00000000 00:00 0 
7fd0507b0000-7fd0508b0000 rw-p 00000000 00:00 0                          [stack:31016]
7fd0508b0000-7fd0508b1000 ---p 00000000 00:00 0 
7fd0508b1000-7fd0509be000 rw-p 00000000 00:00 0                          [stack:31015]
7fd0509be000-7fd050a04000 rw-p 00000000 00:00 0 
7fd050a04000-7fd050a17000 rw-p 00000000 00:00 0 
7fd050a17000-7fd050aaa000 rw-p 00000000 00:00 0 
7fd050aaa000-7fd050acb000 rw-p 00000000 00:00 0 
7fd050acb000-7fd050afe000 rw-p 00000000 00:00 0 
7fd050afe000-7fd050aff000 rw-p 00000000 00:00 0 
7fd050aff000-7fd050b07000 r-xp 00000000 08:01 15861025                   /usr/lib/jvm/java-7-openjdk-amd64/jre/lib/amd64/libzip.so
7fd050b07000-7fd050d06000 ---p 00008000 08:01 15861025                   /usr/lib/jvm/java-7-openjdk-amd64/jre/lib/amd64/libzip.so
7fd050d06000-7fd050d07000 r--p 00007000 08:01 15861025                   /usr/lib/jvm/java-7-openjdk-amd64/jre/lib/amd64/libzip.so
7fd050d07000-7fd050d08000 rw-p 00008000 08:01 15861025                   /usr/lib/jvm/java-7-openjdk-amd64/jre/lib/amd64/libzip.so
7fd050d08000-7fd050d14000 r-xp 00000000 08:01 8130412                    /lib/x86_64-linux-gnu/libnss_files-2.17.so
7fd050d14000-7fd050f13000 ---p 0000c000 08:01 8130412                    /lib/x86_64-linux-gnu/libnss_files-2.17.so
7fd050f13000-7fd050f14000 r--p 0000b000 08:01 8130412                    /lib/x86_64-linux-gnu/libnss_files-2.17.so
7fd050f14000-7fd050f15000 rw-p 0000c000 08:01 8130412                    /lib/x86_64-linux-gnu/libnss_files-2.17.so
7fd050f15000-7fd050f20000 r-xp 00000000 08:01 8130416                    /lib/x86_64-linux-gnu/libnss_nis-2.17.so
7fd050f20000-7fd05111f000 ---p 0000b000 08:01 8130416                    /lib/x86_64-linux-gnu/libnss_nis-2.17.so
7fd05111f000-7fd051120000 r--p 0000a000 08:01 8130416                    /lib/x86_64-linux-gnu/libnss_nis-2.17.so
7fd051120000-7fd051121000 rw-p 0000b000 08:01 8130416                    /lib/x86_64-linux-gnu/libnss_nis-2.17.so
7fd051121000-7fd051138000 r-xp 00000000 08:01 8130406                    /lib/x86_64-linux-gnu/libnsl-2.17.so
7fd051138000-7fd051337000 ---p 00017000 08:01 8130406                    /lib/x86_64-linux-gnu/libnsl-2.17.so
7fd051337000-7fd051338000 r--p 00016000 08:01 8130406                    /lib/x86_64-linux-gnu/libnsl-2.17.so
7fd051338000-7fd051339000 rw-p 00017000 08:01 8130406                    /lib/x86_64-linux-gnu/libnsl-2.17.so
7fd051339000-7fd05133b000 rw-p 00000000 00:00 0 
7fd05133b000-7fd051343000 r-xp 00000000 08:01 8130408                    /lib/x86_64-linux-gnu/libnss_compat-2.17.so
7fd051343000-7fd051542000 ---p 00008000 08:01 8130408                    /lib/x86_64-linux-gnu/libnss_compat-2.17.so
7fd051542000-7fd051543000 r--p 00007000 08:01 8130408                    /lib/x86_64-linux-gnu/libnss_compat-2.17.so
7fd051543000-7fd051544000 rw-p 00008000 08:01 8130408                    /lib/x86_64-linux-gnu/libnss_compat-2.17.so
7fd051544000-7fd05156f000 r-xp 00000000 08:01 15860951                   /usr/lib/jvm/java-7-openjdk-amd64/jre/lib/amd64/libjava.so
7fd05156f000-7fd05176e000 ---p 0002b000 08:01 15860951                   /usr/lib/jvm/java-7-openjdk-amd64/jre/lib/amd64/libjava.so
7fd05176e000-7fd05176f000 r--p 0002a000 08:01 15860951                   /usr/lib/jvm/java-7-openjdk-amd64/jre/lib/amd64/libjava.so
7fd05176f000-7fd051771000 rw-p 0002b000 08:01 15860951                   /usr/lib/jvm/java-7-openjdk-amd64/jre/lib/amd64/libjava.so
7fd051771000-7fd051781000 r-xp 00000000 08:01 15861265                   /usr/lib/jvm/java-7-openjdk-amd64/jre/lib/amd64/libverify.so
7fd051781000-7fd051980000 ---p 00010000 08:01 15861265                   /usr/lib/jvm/java-7-openjdk-amd64/jre/lib/amd64/libverify.so
7fd051980000-7fd051982000 r--p 0000f000 08:01 15861265                   /usr/lib/jvm/java-7-openjdk-amd64/jre/lib/amd64/libverify.so
7fd051982000-7fd051983000 rw-p 00011000 08:01 15861265                   /usr/lib/jvm/java-7-openjdk-amd64/jre/lib/amd64/libverify.so
7fd051983000-7fd05198a000 r-xp 00000000 08:01 8130459                    /lib/x86_64-linux-gnu/librt-2.17.so
7fd05198a000-7fd051b89000 ---p 00007000 08:01 8130459                    /lib/x86_64-linux-gnu/librt-2.17.so
7fd051b89000-7fd051b8a000 r--p 00006000 08:01 8130459                    /lib/x86_64-linux-gnu/librt-2.17.so
7fd051b8a000-7fd051b8b000 rw-p 00007000 08:01 8130459                    /lib/x86_64-linux-gnu/librt-2.17.so
7fd051b8b000-7fd051b8e000 ---p 00000000 00:00 0 
7fd051b8e000-7fd051d8c000 rw-p 00000000 00:00 0                          [stack:31014]
7fd051d8c000-7fd051da1000 r-xp 00000000 08:01 8126477                    /lib/x86_64-linux-gnu/libgcc_s.so.1
7fd051da1000-7fd051fa0000 ---p 00015000 08:01 8126477                    /lib/x86_64-linux-gnu/libgcc_s.so.1
7fd051fa0000-7fd051fa1000 r--p 00014000 08:01 8126477                    /lib/x86_64-linux-gnu/libgcc_s.so.1
7fd051fa1000-7fd051fa2000 rw-p 00015000 08:01 8126477                    /lib/x86_64-linux-gnu/libgcc_s.so.1
7fd051fa2000-7fd0520a5000 r-xp 00000000 08:01 8130387                    /lib/x86_64-linux-gnu/libm-2.17.so
7fd0520a5000-7fd0522a4000 ---p 00103000 08:01 8130387                    /lib/x86_64-linux-gnu/libm-2.17.so
7fd0522a4000-7fd0522a5000 r--p 00102000 08:01 8130387                    /lib/x86_64-linux-gnu/libm-2.17.so
7fd0522a5000-7fd0522a6000 rw-p 00103000 08:01 8130387                    /lib/x86_64-linux-gnu/libm-2.17.so
7fd0522a6000-7fd05238c000 r-xp 00000000 08:01 15729831                   /usr/lib/x86_64-linux-gnu/libstdc++.so.6.0.18
7fd05238c000-7fd05258b000 ---p 000e6000 08:01 15729831                   /usr/lib/x86_64-linux-gnu/libstdc++.so.6.0.18
7fd05258b000-7fd052593000 r--p 000e5000 08:01 15729831                   /usr/lib/x86_64-linux-gnu/libstdc++.so.6.0.18
7fd052593000-7fd052595000 rw-p 000ed000 08:01 15729831                   /usr/lib/x86_64-linux-gnu/libstdc++.so.6.0.18
7fd052595000-7fd0525aa000 rw-p 00000000 00:00 0 
7fd0525aa000-7fd053089000 r-xp 00000000 08:01 15861284                   /usr/lib/jvm/java-7-openjdk-amd64/jre/lib/amd64/server/libjvm.so
7fd053089000-7fd053288000 ---p 00adf000 08:01 15861284                   /usr/lib/jvm/java-7-openjdk-amd64/jre/lib/amd64/server/libjvm.so
7fd053288000-7fd05331a000 r--p 00ade000 08:01 15861284                   /usr/lib/jvm/java-7-openjdk-amd64/jre/lib/amd64/server/libjvm.so
7fd05331a000-7fd05333d000 rw-p 00b70000 08:01 15861284                   /usr/lib/jvm/java-7-openjdk-amd64/jre/lib/amd64/server/libjvm.so
7fd05333d000-7fd05336a000 rw-p 00000000 00:00 0 
7fd05336a000-7fd053382000 r-xp 00000000 08:01 8130494                    /lib/x86_64-linux-gnu/libz.so.1.2.8
7fd053382000-7fd053581000 ---p 00018000 08:01 8130494                    /lib/x86_64-linux-gnu/libz.so.1.2.8
7fd053581000-7fd053582000 r--p 00017000 08:01 8130494                    /lib/x86_64-linux-gnu/libz.so.1.2.8
7fd053582000-7fd053583000 rw-p 00018000 08:01 8130494                    /lib/x86_64-linux-gnu/libz.so.1.2.8
7fd053583000-7fd05359a000 r-xp 00000000 08:01 8130451                    /lib/x86_64-linux-gnu/libpthread-2.17.so
7fd05359a000-7fd05379a000 ---p 00017000 08:01 8130451                    /lib/x86_64-linux-gnu/libpthread-2.17.so
7fd05379a000-7fd05379b000 r--p 00017000 08:01 8130451                    /lib/x86_64-linux-gnu/libpthread-2.17.so
7fd05379b000-7fd05379c000 rw-p 00018000 08:01 8130451                    /lib/x86_64-linux-gnu/libpthread-2.17.so
7fd05379c000-7fd0537a0000 rw-p 00000000 00:00 0 
7fd0537a0000-7fd0537a3000 r-xp 00000000 08:01 8130351                    /lib/x86_64-linux-gnu/libdl-2.17.so
7fd0537a3000-7fd0539a2000 ---p 00003000 08:01 8130351                    /lib/x86_64-linux-gnu/libdl-2.17.so
7fd0539a2000-7fd0539a3000 r--p 00002000 08:01 8130351                    /lib/x86_64-linux-gnu/libdl-2.17.so
7fd0539a3000-7fd0539a4000 rw-p 00003000 08:01 8130351                    /lib/x86_64-linux-gnu/libdl-2.17.so
7fd0539a4000-7fd053b61000 r-xp 00000000 08:01 8130336                    /lib/x86_64-linux-gnu/libc-2.17.so
7fd053b61000-7fd053d61000 ---p 001bd000 08:01 8130336                    /lib/x86_64-linux-gnu/libc-2.17.so
7fd053d61000-7fd053d65000 r--p 001bd000 08:01 8130336                    /lib/x86_64-linux-gnu/libc-2.17.so
7fd053d65000-7fd053d67000 rw-p 001c1000 08:01 8130336                    /lib/x86_64-linux-gnu/libc-2.17.so
7fd053d67000-7fd053d6c000 rw-p 00000000 00:00 0 
7fd053d6c000-7fd053d79000 r-xp 00000000 08:01 15861291                   /usr/lib/jvm/java-7-openjdk-amd64/jre/lib/amd64/jli/libjli.so
7fd053d79000-7fd053f78000 ---p 0000d000 08:01 15861291                   /usr/lib/jvm/java-7-openjdk-amd64/jre/lib/amd64/jli/libjli.so
7fd053f78000-7fd053f79000 r--p 0000c000 08:01 15861291                   /usr/lib/jvm/java-7-openjdk-amd64/jre/lib/amd64/jli/libjli.so
7fd053f79000-7fd053f7a000 rw-p 0000d000 08:01 15861291                   /usr/lib/jvm/java-7-openjdk-amd64/jre/lib/amd64/jli/libjli.so
7fd053f7a000-7fd053f9d000 r-xp 00000000 08:01 8130312                    /lib/x86_64-linux-gnu/ld-2.17.so
7fd053f9d000-7fd053fa2000 r--s 0004c000 08:01 15861296                   /usr/lib/jvm/java-7-openjdk-amd64/jre/lib/jsse.jar
7fd053fa2000-7fd053fd0000 rw-p 00000000 00:00 0 
7fd053fd0000-7fd054016000 rw-p 00000000 00:00 0 
7fd054016000-7fd054029000 rw-p 00000000 00:00 0 
7fd054029000-7fd0540bd000 rw-p 00000000 00:00 0 
7fd0540bd000-7fd0540c7000 rw-p 00000000 00:00 0 
7fd0540c7000-7fd05417d000 rw-p 00000000 00:00 0 
7fd05417d000-7fd054190000 rw-p 00000000 00:00 0 
7fd054190000-7fd054198000 rw-s 00000000 08:01 5767366                    /tmp/hsperfdata_alex/30989
7fd054198000-7fd054199000 rw-p 00000000 00:00 0 
7fd054199000-7fd05419a000 r--p 00000000 00:00 0 
7fd05419a000-7fd05419c000 rw-p 00000000 00:00 0 
7fd05419c000-7fd05419d000 r--p 00022000 08:01 8130312                    /lib/x86_64-linux-gnu/ld-2.17.so
7fd05419d000-7fd05419f000 rw-p 00023000 08:01 8130312                    /lib/x86_64-linux-gnu/ld-2.17.so
7fff45b0b000-7fff45b2c000 rw-p 00000000 00:00 0                          [stack]
7fff45b5c000-7fff45b5e000 r-xp 00000000 00:00 0                          [vdso]
ffffffffff600000-ffffffffff601000 r-xp 00000000 00:00 0                  [vsyscall]

VM Arguments:
jvm_args: -Djdk.home= -Djruby.home=/home/alex/.rbenv/versions/jruby-1.7.10 -Djruby.script=jruby -Djruby.shell=/bin/sh -Djffi.boot.library.path=/home/alex/.rbenv/versions/jruby-1.7.10/lib/jni:/home/alex/.rbenv/versions/jruby-1.7.10/lib/jni/i386-Linux:/home/alex/.rbenv/versions/jruby-1.7.10/lib/jni/arm-Linux:/home/alex/.rbenv/versions/jruby-1.7.10/lib/jni/x86_64-Linux -Xmx500m -Xss2048k -Xbootclasspath/a:/home/alex/.rbenv/versions/jruby-1.7.10/lib/jruby.jar 
java_command: org/jruby/Main Makefile.rb clean compile test clean
Launcher Type: SUN_STANDARD

Environment Variables:
PATH=/home/alex/.rbenv/versions/jruby-1.7.10/bin:/home/alex/.rbenv/libexec:/home/alex/.rbenv/plugins/ruby-build/bin:/home/alex/.rbenv/shims:~/.rbenv/bin:~/.rbenv/bin:/usr/local/sbin:/usr/local/bin:/usr/sbin:/usr/bin:/sbin:/bin:/usr/games:/usr/local/games
USERNAME=alex
SHELL=/bin/bash
DISPLAY=:0

Signal Handlers:
SIGSEGV: [libjvm.so+0x916ea0], sa_mask[0]=0x7ffbfeff, sa_flags=0x10000004
SIGBUS: [libjvm.so+0x916ea0], sa_mask[0]=0x7ffbfeff, sa_flags=0x10000004
SIGFPE: [libjvm.so+0x794800], sa_mask[0]=0x7ffbfeff, sa_flags=0x10000004
SIGPIPE: [libjvm.so+0x794800], sa_mask[0]=0x7ffbfeff, sa_flags=0x10000004
SIGXFSZ: [libjvm.so+0x794800], sa_mask[0]=0x7ffbfeff, sa_flags=0x10000004
SIGILL: [libjvm.so+0x794800], sa_mask[0]=0x7ffbfeff, sa_flags=0x10000004
SIGUSR1: SIG_DFL, sa_mask[0]=0x00000000, sa_flags=0x00000000
SIGUSR2: [libjvm.so+0x7946a0], sa_mask[0]=0x00000000, sa_flags=0x10000004
SIGHUP: [libjvm.so+0x794880], sa_mask[0]=0x7ffbfeff, sa_flags=0x10000004
SIGINT: [libjvm.so+0x794880], sa_mask[0]=0x7ffbfeff, sa_flags=0x10000004
SIGTERM: [libjvm.so+0x794880], sa_mask[0]=0x7ffbfeff, sa_flags=0x10000004
SIGQUIT: [libjvm.so+0x794880], sa_mask[0]=0x7ffbfeff, sa_flags=0x10000004


---------------  S Y S T E M  ---------------

OS:LinuxMint 16 (petra)
uname:Linux 3.11.0-12-generic #19-Ubuntu SMP Wed Oct 9 16:20:46 UTC 2013 x86_64
libc:glibc 2.17 NPTL 2.17 
rlimit: STACK 8192k, CORE 0k, NPROC 28798, NOFILE 4096, AS infinity
load average:0,83 0,77 0,71

/proc/meminfo:
MemTotal:        3715476 kB
MemFree:          972012 kB
Buffers:          104200 kB
Cached:          1284296 kB
SwapCached:           28 kB
Active:          1654008 kB
Inactive:         891512 kB
Active(anon):    1048056 kB
Inactive(anon):   367852 kB
Active(file):     605952 kB
Inactive(file):   523660 kB
Unevictable:          44 kB
Mlocked:              44 kB
SwapTotal:       3856380 kB
SwapFree:        3855740 kB
Dirty:               404 kB
Writeback:             0 kB
AnonPages:       1156992 kB
Mapped:           194148 kB
Shmem:            258884 kB
Slab:             116108 kB
SReclaimable:      87384 kB
SUnreclaim:        28724 kB
KernelStack:        3968 kB
PageTables:        30112 kB
NFS_Unstable:          0 kB
Bounce:                0 kB
WritebackTmp:          0 kB
CommitLimit:     5714116 kB
Committed_AS:    4091872 kB
VmallocTotal:   34359738367 kB
VmallocUsed:      414940 kB
VmallocChunk:   34359311484 kB
HardwareCorrupted:     0 kB
AnonHugePages:         0 kB
HugePages_Total:       0
HugePages_Free:        0
HugePages_Rsvd:        0
HugePages_Surp:        0
Hugepagesize:       2048 kB
DirectMap4k:       56528 kB
DirectMap2M:     3801088 kB


CPU:total 4 (2 cores per cpu, 2 threads per core) family 6 model 37 stepping 5, cmov, cx8, fxsr, mmx, sse, sse2, sse3, ssse3, sse4.1, sse4.2, popcnt, ht, tsc, tscinvbit

/proc/cpuinfo:
processor	: 0
vendor_id	: GenuineIntel
cpu family	: 6
model		: 37
model name	: Intel(R) Core(TM) i3 CPU       M 380  @ 2.53GHz
stepping	: 5
microcode	: 0x2
cpu MHz		: 933.000
cache size	: 3072 KB
physical id	: 0
siblings	: 4
core id		: 0
cpu cores	: 2
apicid		: 0
initial apicid	: 0
fpu		: yes
fpu_exception	: yes
cpuid level	: 11
wp		: yes
flags		: fpu vme de pse tsc msr pae mce cx8 apic sep mtrr pge mca cmov pat pse36 clflush dts acpi mmx fxsr sse sse2 ss ht tm pbe syscall nx rdtscp lm constant_tsc arch_perfmon pebs bts rep_good nopl xtopology nonstop_tsc aperfmperf pni dtes64 monitor ds_cpl vmx est tm2 ssse3 cx16 xtpr pdcm pcid sse4_1 sse4_2 popcnt lahf_lm arat dtherm tpr_shadow vnmi flexpriority ept vpid
bogomips	: 5054.41
clflush size	: 64
cache_alignment	: 64
address sizes	: 36 bits physical, 48 bits virtual
power management:

processor	: 1
vendor_id	: GenuineIntel
cpu family	: 6
model		: 37
model name	: Intel(R) Core(TM) i3 CPU       M 380  @ 2.53GHz
stepping	: 5
microcode	: 0x2
cpu MHz		: 933.000
cache size	: 3072 KB
physical id	: 0
siblings	: 4
core id		: 0
cpu cores	: 2
apicid		: 1
initial apicid	: 1
fpu		: yes
fpu_exception	: yes
cpuid level	: 11
wp		: yes
flags		: fpu vme de pse tsc msr pae mce cx8 apic sep mtrr pge mca cmov pat pse36 clflush dts acpi mmx fxsr sse sse2 ss ht tm pbe syscall nx rdtscp lm constant_tsc arch_perfmon pebs bts rep_good nopl xtopology nonstop_tsc aperfmperf pni dtes64 monitor ds_cpl vmx est tm2 ssse3 cx16 xtpr pdcm pcid sse4_1 sse4_2 popcnt lahf_lm arat dtherm tpr_shadow vnmi flexpriority ept vpid
bogomips	: 5054.41
clflush size	: 64
cache_alignment	: 64
address sizes	: 36 bits physical, 48 bits virtual
power management:

processor	: 2
vendor_id	: GenuineIntel
cpu family	: 6
model		: 37
model name	: Intel(R) Core(TM) i3 CPU       M 380  @ 2.53GHz
stepping	: 5
microcode	: 0x2
cpu MHz		: 933.000
cache size	: 3072 KB
physical id	: 0
siblings	: 4
core id		: 2
cpu cores	: 2
apicid		: 4
initial apicid	: 4
fpu		: yes
fpu_exception	: yes
cpuid level	: 11
wp		: yes
flags		: fpu vme de pse tsc msr pae mce cx8 apic sep mtrr pge mca cmov pat pse36 clflush dts acpi mmx fxsr sse sse2 ss ht tm pbe syscall nx rdtscp lm constant_tsc arch_perfmon pebs bts rep_good nopl xtopology nonstop_tsc aperfmperf pni dtes64 monitor ds_cpl vmx est tm2 ssse3 cx16 xtpr pdcm pcid sse4_1 sse4_2 popcnt lahf_lm arat dtherm tpr_shadow vnmi flexpriority ept vpid
bogomips	: 5054.41
clflush size	: 64
cache_alignment	: 64
address sizes	: 36 bits physical, 48 bits virtual
power management:

processor	: 3
vendor_id	: GenuineIntel
cpu family	: 6
model		: 37
model name	: Intel(R) Core(TM) i3 CPU       M 380  @ 2.53GHz
stepping	: 5
microcode	: 0x2
cpu MHz		: 933.000
cache size	: 3072 KB
physical id	: 0
siblings	: 4
core id		: 2
cpu cores	: 2
apicid		: 5
initial apicid	: 5
fpu		: yes
fpu_exception	: yes
cpuid level	: 11
wp		: yes
flags		: fpu vme de pse tsc msr pae mce cx8 apic sep mtrr pge mca cmov pat pse36 clflush dts acpi mmx fxsr sse sse2 ss ht tm pbe syscall nx rdtscp lm constant_tsc arch_perfmon pebs bts rep_good nopl xtopology nonstop_tsc aperfmperf pni dtes64 monitor ds_cpl vmx est tm2 ssse3 cx16 xtpr pdcm pcid sse4_1 sse4_2 popcnt lahf_lm arat dtherm tpr_shadow vnmi flexpriority ept vpid
bogomips	: 5054.41
clflush size	: 64
cache_alignment	: 64
address sizes	: 36 bits physical, 48 bits virtual
power management:



Memory: 4k page, physical 3715476k(972012k free), swap 3856380k(3855740k free)

vm_info: OpenJDK 64-Bit Server VM (24.45-b08) for linux-amd64 JRE (1.7.0_51-b00), built on Jan 15 2014 22:02:57 by "buildd" with gcc 4.8.1

time: Tue Apr 22 00:07:08 2014
elapsed time: 11 seconds

