#
# A fatal error has been detected by the Java Runtime Environment:
#
#  SIGSEGV (0xb) at pc=0x00007f354077ba2c, pid=9093, tid=139867001784064
#
# JRE version: OpenJDK Runtime Environment (7.0_51) (build 1.7.0_51-b00)
# Java VM: OpenJDK 64-Bit Server VM (24.45-b08 mixed mode linux-amd64 compressed oops)
# Problematic frame:
# C  [libhalf_edge.so+0xa2c]  he_intersection+0x14
#
# Failed to write core dump. Core dumps have been disabled. To enable core dumping, try "ulimit -c unlimited" before starting Java again
#
# If you would like to submit a bug report, please include
# instructions on how to reproduce the bug and visit:
#   http://icedtea.classpath.org/bugzilla
# The crash happened outside the Java Virtual Machine in native code.
# See problematic frame for where to report the bug.
#

---------------  T H R E A D  ---------------

Current thread (0x00007f354c00a800):  JavaThread "main" [_thread_in_native, id=9118, stack(0x00007f3552d50000,0x00007f3552f51000)]

siginfo:si_signo=SIGSEGV: si_errno=0, si_code=1 (SEGV_MAPERR), si_addr=0x0000000000000000

Registers:
RAX=0x0000000000000000, RBX=0x00000000d79ae110, RCX=0x00007f354c000020, RDX=0x00007f354c4eba40
RSP=0x00007f3552f4de90, RBP=0x00007f3552f4df10, RSI=0x00007f354c4eba40, RDI=0x0000000000000000
R8 =0x00007f354c4e9ea0, R9 =0x0000000000000020, R10=0x0000000000000003, R11=0x00007f354c000078
R12=0x0000000000000000, R13=0x00000000d79ae110, R14=0x00007f3552f4e168, R15=0x00007f354c00a800
RIP=0x00007f354077ba2c, EFLAGS=0x0000000000010207, CSGSFS=0x0000000000000033, ERR=0x0000000000000004
  TRAPNO=0x000000000000000e

Top of Stack: (sp=0x00007f3552f4de90)
0x00007f3552f4de90:   00007f3500000005 3fea5a5a5a5a5a5a
0x00007f3552f4dea0:   00007f354c4eba40 0000000000000000
0x00007f3552f4deb0:   0000000000000000 0000000000000000
0x00007f3552f4dec0:   3ff0000000000000 4018000000000000
0x00007f3552f4ded0:   4000000000000000 4000000000000000
0x00007f3552f4dee0:   0000000000000000 401c000000000000
0x00007f3552f4def0:   4031000000000000 3fea5a5a5a5a5a5a
0x00007f3552f4df00:   4013c3c3c3c3c3c4 00007f354c4e9f00
0x00007f3552f4df10:   00007f3552f4df80 00007f3540171723
0x00007f3552f4df20:   00000000e1352150 00007f354c4e9ea0
0x00007f3552f4df30:   00007f354c4eb720 00007f354c4eb6c0
0x00007f3552f4df40:   00007f354c4f00f0 00007f354c4eb6e0
0x00007f3552f4df50:   00007f354c4eba40 00007f354c4f48c0
0x00007f3552f4df60:   00007f354c4f47d0 0000000000000000
0x00007f3552f4df70:   00007f354c4e9f00 00007f354c4e9ed0
0x00007f3552f4df80:   00007f3552f4dff0 00007f35401718c8
0x00007f3552f4df90:   00007f354c4eb720 0000000000000000
0x00007f3552f4dfa0:   00007f354c4eb720 00007f354c4eb6c0
0x00007f3552f4dfb0:   00007f354c4f00f0 00007f354c4eb6e0
0x00007f3552f4dfc0:   00007f3552f4dff0 00007f354c4e9ed0
0x00007f3552f4dfd0:   00007f354c4eba40 00007f354c4e9ea0
0x00007f3552f4dfe0:   00007f354c4eb740 00007f354c4eb7d0
0x00007f3552f4dff0:   00007f3552f4e030 00007f354017195d
0x00007f3552f4e000:   00007f3554f2c9f0 00007f354c4eb720
0x00007f3552f4e010:   00007f354c4eb720 00007f354c4eb6e0
0x00007f3552f4e020:   00007f354c4eb6c0 00007f354c4f00f0
0x00007f3552f4e030:   00007f3552f4e080 00007f3540171a20
0x00007f3552f4e040:   00007f3552f4e0b0 00007f354c4eb4c0
0x00007f3552f4e050:   00007f3552f4e068 00007f354c4eb5e0
0x00007f3552f4e060:   00007f354c4eb700 00007f354c4eb720
0x00007f3552f4e070:   00007f3552f4e070 00000000d69ffdfd
0x00007f3552f4e080:   00007f354c4241e0 00007f354138bcd9 

Instructions: (pc=0x00007f354077ba2c)
0x00007f354077ba0c:   45 f8 48 89 c7 e8 ca fd ff ff c9 c3 55 48 89 e5
0x00007f354077ba1c:   48 83 c4 80 48 89 7d 98 48 89 75 90 48 8b 45 98
0x00007f354077ba2c:   48 8b 00 48 8b 00 48 89 45 a0 48 8b 45 98 48 8b
0x00007f354077ba3c:   00 48 8b 40 08 48 89 45 a8 48 8b 45 98 48 8b 40 

Register to memory mapping:

RAX=0x0000000000000000 is an unknown value
RBX=0x00000000d79ae110 is an oop
{method} 
 - klass: {other class}
RCX=0x00007f354c000020 is an unknown value
RDX=0x00007f354c4eba40 is an unknown value
RSP=0x00007f3552f4de90 is pointing into the stack for thread: 0x00007f354c00a800
RBP=0x00007f3552f4df10 is pointing into the stack for thread: 0x00007f354c00a800
RSI=0x00007f354c4eba40 is an unknown value
RDI=0x0000000000000000 is an unknown value
R8 =0x00007f354c4e9ea0 is an unknown value
R9 =0x0000000000000020 is an unknown value
R10=0x0000000000000003 is an unknown value
R11=0x00007f354c000078 is an unknown value
R12=0x0000000000000000 is an unknown value
R13=0x00000000d79ae110 is an oop
{method} 
 - klass: {other class}
R14=0x00007f3552f4e168 is pointing into the stack for thread: 0x00007f354c00a800
R15=0x00007f354c00a800 is a thread


Stack: [0x00007f3552d50000,0x00007f3552f51000],  sp=0x00007f3552f4de90,  free space=2039k
Native frames: (J=compiled Java code, j=interpreted, Vv=VM code, C=native code)
C  [libhalf_edge.so+0xa2c]  he_intersection+0x14
C  [libintersection.so+0x2723]  addIntersections+0x81
C  [libintersection.so+0x28c8]  update_intersections+0xbb
C  [libintersection.so+0x295d]  sweep+0x52
C  [libintersection.so+0x2a20]  find_intersections+0x82

Java frames: (J=compiled Java code, j=interpreted, Vv=VM code)
j  com.kenai.jffi.Foreign.invokeL1(JJJ)J+0
j  com.kenai.jffi.Invoker.invokeL1(Lcom/kenai/jffi/CallContext;JJ)J+7
j  org.jruby.ext.ffi.jffi.NativeInvoker$ffi$6.call(Lorg/jruby/runtime/ThreadContext;Lorg/jruby/runtime/builtin/IRubyObject;Lorg/jruby/RubyModule;Ljava/lang/String;Lorg/jruby/runtime/builtin/IRubyObject;)Lorg/jruby/runtime/builtin/IRubyObject;+76
j  org.jruby.runtime.callsite.CachingCallSite.cacheAndCall(Lorg/jruby/runtime/builtin/IRubyObject;Lorg/jruby/RubyClass;Lorg/jruby/runtime/ThreadContext;Lorg/jruby/runtime/builtin/IRubyObject;Lorg/jruby/runtime/builtin/IRubyObject;)Lorg/jruby/runtime/builtin/IRubyObject;+57
J  org.jruby.runtime.callsite.CachingCallSite.call(Lorg/jruby/runtime/ThreadContext;Lorg/jruby/runtime/builtin/IRubyObject;Lorg/jruby/runtime/builtin/IRubyObject;Lorg/jruby/runtime/builtin/IRubyObject;)Lorg/jruby/runtime/builtin/IRubyObject;
J  org.jruby.ast.CallOneArgNode.interpret(Lorg/jruby/Ruby;Lorg/jruby/runtime/ThreadContext;Lorg/jruby/runtime/builtin/IRubyObject;Lorg/jruby/runtime/Block;)Lorg/jruby/runtime/builtin/IRubyObject;
j  org.jruby.ast.LocalAsgnNode.interpret(Lorg/jruby/Ruby;Lorg/jruby/runtime/ThreadContext;Lorg/jruby/runtime/builtin/IRubyObject;Lorg/jruby/runtime/Block;)Lorg/jruby/runtime/builtin/IRubyObject;+30
J  org.jruby.ast.BlockNode.interpret(Lorg/jruby/Ruby;Lorg/jruby/runtime/ThreadContext;Lorg/jruby/runtime/builtin/IRubyObject;Lorg/jruby/runtime/Block;)Lorg/jruby/runtime/builtin/IRubyObject;
j  org.jruby.evaluator.ASTInterpreter.INTERPRET_METHOD(Lorg/jruby/Ruby;Lorg/jruby/runtime/ThreadContext;Ljava/lang/String;ILorg/jruby/RubyModule;Lorg/jruby/ast/Node;Ljava/lang/String;Lorg/jruby/runtime/builtin/IRubyObject;Lorg/jruby/runtime/Block;Z)Lorg/jruby/runtime/builtin/IRubyObject;+30
j  org.jruby.internal.runtime.methods.InterpretedMethod.call(Lorg/jruby/runtime/ThreadContext;Lorg/jruby/runtime/builtin/IRubyObject;Lorg/jruby/RubyModule;Ljava/lang/String;)Lorg/jruby/runtime/builtin/IRubyObject;+80
j  org.jruby.internal.runtime.methods.DefaultMethod.call(Lorg/jruby/runtime/ThreadContext;Lorg/jruby/runtime/builtin/IRubyObject;Lorg/jruby/RubyModule;Ljava/lang/String;)Lorg/jruby/runtime/builtin/IRubyObject;+20
J  org.jruby.ast.CallNoArgNode.interpret(Lorg/jruby/Ruby;Lorg/jruby/runtime/ThreadContext;Lorg/jruby/runtime/builtin/IRubyObject;Lorg/jruby/runtime/Block;)Lorg/jruby/runtime/builtin/IRubyObject;
j  org.jruby.ast.FCallTwoArgNode.interpret(Lorg/jruby/Ruby;Lorg/jruby/runtime/ThreadContext;Lorg/jruby/runtime/builtin/IRubyObject;Lorg/jruby/runtime/Block;)Lorg/jruby/runtime/builtin/IRubyObject;+28
J  org.jruby.ast.BlockNode.interpret(Lorg/jruby/Ruby;Lorg/jruby/runtime/ThreadContext;Lorg/jruby/runtime/builtin/IRubyObject;Lorg/jruby/runtime/Block;)Lorg/jruby/runtime/builtin/IRubyObject;
j  org.jruby.evaluator.ASTInterpreter.INTERPRET_METHOD(Lorg/jruby/Ruby;Lorg/jruby/runtime/ThreadContext;Ljava/lang/String;ILorg/jruby/RubyModule;Lorg/jruby/ast/Node;Ljava/lang/String;Lorg/jruby/runtime/builtin/IRubyObject;Lorg/jruby/runtime/Block;Z)Lorg/jruby/runtime/builtin/IRubyObject;+30
j  org.jruby.internal.runtime.methods.InterpretedMethod.call(Lorg/jruby/runtime/ThreadContext;Lorg/jruby/runtime/builtin/IRubyObject;Lorg/jruby/RubyModule;Ljava/lang/String;)Lorg/jruby/runtime/builtin/IRubyObject;+80
j  org.jruby.internal.runtime.methods.DefaultMethod.call(Lorg/jruby/runtime/ThreadContext;Lorg/jruby/runtime/builtin/IRubyObject;Lorg/jruby/RubyModule;Ljava/lang/String;)Lorg/jruby/runtime/builtin/IRubyObject;+20
j  org.jruby.runtime.callsite.CachingCallSite.cacheAndCall(Lorg/jruby/runtime/builtin/IRubyObject;Lorg/jruby/RubyClass;Lorg/jruby/runtime/ThreadContext;Lorg/jruby/runtime/builtin/IRubyObject;)Lorg/jruby/runtime/builtin/IRubyObject;+53
j  org.jruby.runtime.callsite.CachingCallSite.call(Lorg/jruby/runtime/ThreadContext;Lorg/jruby/runtime/builtin/IRubyObject;Lorg/jruby/runtime/builtin/IRubyObject;)Lorg/jruby/runtime/builtin/IRubyObject;+46
j  Makefile.method__3$RUBY$test(LMakefile;Lorg/jruby/runtime/ThreadContext;Lorg/jruby/runtime/builtin/IRubyObject;Lorg/jruby/runtime/Block;)Lorg/jruby/runtime/builtin/IRubyObject;+130
j  Makefile$method__3$RUBY$test.call(Lorg/jruby/runtime/ThreadContext;Lorg/jruby/runtime/builtin/IRubyObject;Lorg/jruby/RubyModule;Ljava/lang/String;Lorg/jruby/runtime/Block;)Lorg/jruby/runtime/builtin/IRubyObject;+17
j  org.jruby.RubyClass.finvoke(Lorg/jruby/runtime/ThreadContext;Lorg/jruby/runtime/builtin/IRubyObject;Ljava/lang/String;Lorg/jruby/runtime/Block;)Lorg/jruby/runtime/builtin/IRubyObject;+41
j  org.jruby.RubyBasicObject.send19(Lorg/jruby/runtime/ThreadContext;Lorg/jruby/runtime/builtin/IRubyObject;Lorg/jruby/runtime/Block;)Lorg/jruby/runtime/builtin/IRubyObject;+15
j  org.jruby.RubyKernel.send19(Lorg/jruby/runtime/ThreadContext;Lorg/jruby/runtime/builtin/IRubyObject;Lorg/jruby/runtime/builtin/IRubyObject;Lorg/jruby/runtime/Block;)Lorg/jruby/runtime/builtin/IRubyObject;+7
j  org.jruby.RubyKernel$INVOKER$s$send19.call(Lorg/jruby/runtime/ThreadContext;Lorg/jruby/runtime/builtin/IRubyObject;Lorg/jruby/RubyModule;Ljava/lang/String;Lorg/jruby/runtime/builtin/IRubyObject;Lorg/jruby/runtime/Block;)Lorg/jruby/runtime/builtin/IRubyObject;+6
j  org.jruby.internal.runtime.methods.JavaMethod$JavaMethodOneOrNBlock.call(Lorg/jruby/runtime/ThreadContext;Lorg/jruby/runtime/builtin/IRubyObject;Lorg/jruby/RubyModule;Ljava/lang/String;Lorg/jruby/runtime/builtin/IRubyObject;)Lorg/jruby/runtime/builtin/IRubyObject;+11
j  org.jruby.runtime.callsite.CachingCallSite.call(Lorg/jruby/runtime/ThreadContext;Lorg/jruby/runtime/builtin/IRubyObject;Lorg/jruby/runtime/builtin/IRubyObject;Lorg/jruby/runtime/builtin/IRubyObject;)Lorg/jruby/runtime/builtin/IRubyObject;+38
j  Makefile.block_7$RUBY$__file__(LMakefile;Lorg/jruby/runtime/ThreadContext;Lorg/jruby/runtime/builtin/IRubyObject;[Lorg/jruby/runtime/builtin/IRubyObject;Lorg/jruby/runtime/Block;)Lorg/jruby/runtime/builtin/IRubyObject;+46
j  Makefile$block_7$RUBY$__file__.call(Lorg/jruby/runtime/ThreadContext;Lorg/jruby/runtime/builtin/IRubyObject;[Lorg/jruby/runtime/builtin/IRubyObject;Lorg/jruby/runtime/Block;)Lorg/jruby/runtime/builtin/IRubyObject;+9
j  org.jruby.runtime.CompiledBlock19.yield(Lorg/jruby/runtime/ThreadContext;Lorg/jruby/runtime/builtin/IRubyObject;Lorg/jruby/runtime/Binding;Lorg/jruby/runtime/Block$Type;)Lorg/jruby/runtime/builtin/IRubyObject;+52
j  org.jruby.runtime.Block.yield(Lorg/jruby/runtime/ThreadContext;Lorg/jruby/runtime/builtin/IRubyObject;)Lorg/jruby/runtime/builtin/IRubyObject;+14
j  org.jruby.RubyArray.eachCommon(Lorg/jruby/runtime/ThreadContext;Lorg/jruby/runtime/Block;)Lorg/jruby/runtime/builtin/IRubyObject;+41
j  org.jruby.RubyArray.each(Lorg/jruby/runtime/ThreadContext;Lorg/jruby/runtime/Block;)Lorg/jruby/runtime/builtin/IRubyObject;+10
j  org.jruby.RubyArray$INVOKER$i$0$0$each.call(Lorg/jruby/runtime/ThreadContext;Lorg/jruby/runtime/builtin/IRubyObject;Lorg/jruby/RubyModule;Ljava/lang/String;Lorg/jruby/runtime/Block;)Lorg/jruby/runtime/builtin/IRubyObject;+7
j  org.jruby.runtime.callsite.CachingCallSite.cacheAndCall(Lorg/jruby/runtime/builtin/IRubyObject;Lorg/jruby/RubyClass;Lorg/jruby/runtime/Block;Lorg/jruby/runtime/ThreadContext;Lorg/jruby/runtime/builtin/IRubyObject;)Lorg/jruby/runtime/builtin/IRubyObject;+57
j  org.jruby.runtime.callsite.CachingCallSite.callBlock(Lorg/jruby/runtime/ThreadContext;Lorg/jruby/runtime/builtin/IRubyObject;Lorg/jruby/runtime/builtin/IRubyObject;Lorg/jruby/runtime/Block;)Lorg/jruby/runtime/builtin/IRubyObject;+50
j  org.jruby.runtime.callsite.CachingCallSite.callIter(Lorg/jruby/runtime/ThreadContext;Lorg/jruby/runtime/builtin/IRubyObject;Lorg/jruby/runtime/builtin/IRubyObject;Lorg/jruby/runtime/Block;)Lorg/jruby/runtime/builtin/IRubyObject;+6
j  Makefile.__file__(LMakefile;Lorg/jruby/runtime/ThreadContext;Lorg/jruby/runtime/builtin/IRubyObject;[Lorg/jruby/runtime/builtin/IRubyObject;Lorg/jruby/runtime/Block;)Lorg/jruby/runtime/builtin/IRubyObject;+938
j  Makefile.load(Lorg/jruby/runtime/ThreadContext;Lorg/jruby/runtime/builtin/IRubyObject;Z)Lorg/jruby/runtime/builtin/IRubyObject;+22
j  org.jruby.Ruby.runScript(Lorg/jruby/ast/executable/Script;Z)Lorg/jruby/runtime/builtin/IRubyObject;+12
j  org.jruby.Ruby.runScript(Lorg/jruby/ast/executable/Script;)Lorg/jruby/runtime/builtin/IRubyObject;+3
j  org.jruby.Ruby.runNormally(Lorg/jruby/ast/Node;)Lorg/jruby/runtime/builtin/IRubyObject;+73
j  org.jruby.Ruby.runFromMain(Ljava/io/InputStream;Ljava/lang/String;)V+320
j  org.jruby.Main.doRunFromMain(Lorg/jruby/Ruby;Ljava/io/InputStream;Ljava/lang/String;)Lorg/jruby/Main$Status;+12
j  org.jruby.Main.internalRun()Lorg/jruby/Main$Status;+234
j  org.jruby.Main.run([Ljava/lang/String;)Lorg/jruby/Main$Status;+9
j  org.jruby.Main.main([Ljava/lang/String;)V+35
v  ~StubRoutines::call_stub

---------------  P R O C E S S  ---------------

Java Threads: ( => current thread )
  0x00007f354c49f800 JavaThread "JRubyJIT-2" daemon [_thread_blocked, id=9254, stack(0x00007f3540f82000,0x00007f3541183000)]
  0x00007f354c491800 JavaThread "process reaper" daemon [_thread_blocked, id=9134, stack(0x00007f3548070000,0x00007f35480a9000)]
  0x00007f354c481000 JavaThread "JRubyJIT-1" daemon [_thread_blocked, id=9131, stack(0x00007f3541183000,0x00007f3541384000)]
  0x00007f354c0ae000 JavaThread "Service Thread" daemon [_thread_blocked, id=9129, stack(0x00007f3542dfc000,0x00007f3542ffd000)]
  0x00007f354c0ab800 JavaThread "C2 CompilerThread1" daemon [_thread_in_vm, id=9128, stack(0x00007f3542ffd000,0x00007f35430fe000)]
  0x00007f354c0a8800 JavaThread "C2 CompilerThread0" daemon [_thread_in_native, id=9127, stack(0x00007f35430fe000,0x00007f35431ff000)]
  0x00007f354c0a6800 JavaThread "Signal Dispatcher" daemon [_thread_blocked, id=9126, stack(0x00007f35431ff000,0x00007f3543400000)]
  0x00007f354c082800 JavaThread "Finalizer" daemon [_thread_blocked, id=9125, stack(0x00007f35437fa000,0x00007f35439fb000)]
  0x00007f354c080800 JavaThread "Reference Handler" daemon [_thread_blocked, id=9124, stack(0x00007f35439fb000,0x00007f3543bfc000)]
=>0x00007f354c00a800 JavaThread "main" [_thread_in_native, id=9118, stack(0x00007f3552d50000,0x00007f3552f51000)]

Other Threads:
  0x00007f354c07c800 VMThread [stack: 0x00007f3543bfc000,0x00007f3543cfd000] [id=9123]
  0x00007f354c0b8800 WatcherThread [stack: 0x00007f3542cfb000,0x00007f3542dfc000] [id=9130]

VM state:not at safepoint (normal execution)

VM Mutex/Monitor currently owned by a thread: None

Heap
 PSYoungGen      total 32768K, used 5624K [0x00000000f5900000, 0x00000000f9900000, 0x0000000100000000)
  eden space 30720K, 11% used [0x00000000f5900000,0x00000000f5c84d30,0x00000000f7700000)
  from space 2048K, 98% used [0x00000000f7700000,0x00000000f78f9518,0x00000000f7900000)
  to   space 2048K, 0% used [0x00000000f9700000,0x00000000f9700000,0x00000000f9900000)
 ParOldGen       total 38400K, used 8761K [0x00000000e0c00000, 0x00000000e3180000, 0x00000000f5900000)
  object space 38400K, 22% used [0x00000000e0c00000,0x00000000e148e5f8,0x00000000e3180000)
 PSPermGen       total 25600K, used 25469K [0x00000000d6600000, 0x00000000d7f00000, 0x00000000e0c00000)
  object space 25600K, 99% used [0x00000000d6600000,0x00000000d7edf608,0x00000000d7f00000)

Card table byte_map: [0x00007f3551b76000,0x00007f3551cc4000] byte_map_base: 0x00007f35514c3000

Polling page: 0x00007f355535e000

Code Cache  [0x00007f3549000000, 0x00007f3549270000, 0x00007f354c000000)
 total_blobs=961 nmethods=482 adapters=433 free_code_cache=47564Kb largest_free_block=48548864

Compilation events (10 events):
Event: 4,100 Thread 0x00007f354c0ab800 nmethod 495 0x00007f354908b790 code [0x00007f354908b8e0, 0x00007f354908b9d8]
Event: 4,100 Thread 0x00007f354c0ab800  496             org.jruby.ext.ffi.AbstractMemory::<init> (25 bytes)
Event: 4,102 Thread 0x00007f354c0ab800 nmethod 496 0x00007f354909a310 code [0x00007f354909a460, 0x00007f354909a558]
Event: 4,102 Thread 0x00007f354c0ab800  497             org.jruby.ext.ffi.Pointer::<init> (11 bytes)
Event: 4,103 Thread 0x00007f354c0ab800 nmethod 497 0x00007f3549099e50 code [0x00007f3549099fa0, 0x00007f354909a098]
Event: 4,103 Thread 0x00007f354c0ab800  498             org.jruby.ext.ffi.Pointer::<init> (11 bytes)
Event: 4,105 Thread 0x00007f354c0ab800 nmethod 498 0x00007f35491b1750 code [0x00007f35491b18a0, 0x00007f35491b1998]
Event: 4,105 Thread 0x00007f354c0ab800  499             org.jruby.ext.ffi.Pointer::getPointerClass (8 bytes)
Event: 4,106 Thread 0x00007f354c0ab800 nmethod 499 0x00007f35491b1510 code [0x00007f35491b1640, 0x00007f35491b16b8]
Event: 4,106 Thread 0x00007f354c0ab800  500             org.jruby.RubyClass::allocate (81 bytes)

GC Heap History (6 events):
Event: 1,384 GC heap before
{Heap before GC invocations=1 (full 0):
 PSYoungGen      total 17408K, used 15360K [0x00000000f5900000, 0x00000000f6c00000, 0x0000000100000000)
  eden space 15360K, 100% used [0x00000000f5900000,0x00000000f6800000,0x00000000f6800000)
  from space 2048K, 0% used [0x00000000f6a00000,0x00000000f6a00000,0x00000000f6c00000)
  to   space 2048K, 0% used [0x00000000f6800000,0x00000000f6800000,0x00000000f6a00000)
 ParOldGen       total 38400K, used 0K [0x00000000e0c00000, 0x00000000e3180000, 0x00000000f5900000)
  object space 38400K, 0% used [0x00000000e0c00000,0x00000000e0c00000,0x00000000e3180000)
 PSPermGen       total 21504K, used 18949K [0x00000000d6600000, 0x00000000d7b00000, 0x00000000e0c00000)
  object space 21504K, 88% used [0x00000000d6600000,0x00000000d78816e8,0x00000000d7b00000)
Event: 1,401 GC heap after
Heap after GC invocations=1 (full 0):
 PSYoungGen      total 17408K, used 2021K [0x00000000f5900000, 0x00000000f7b00000, 0x0000000100000000)
  eden space 15360K, 0% used [0x00000000f5900000,0x00000000f5900000,0x00000000f6800000)
  from space 2048K, 98% used [0x00000000f6800000,0x00000000f69f94c8,0x00000000f6a00000)
  to   space 2048K, 0% used [0x00000000f7900000,0x00000000f7900000,0x00000000f7b00000)
 ParOldGen       total 38400K, used 3791K [0x00000000e0c00000, 0x00000000e3180000, 0x00000000f5900000)
  object space 38400K, 9% used [0x00000000e0c00000,0x00000000e0fb3fd0,0x00000000e3180000)
 PSPermGen       total 21504K, used 18949K [0x00000000d6600000, 0x00000000d7b00000, 0x00000000e0c00000)
  object space 21504K, 88% used [0x00000000d6600000,0x00000000d78816e8,0x00000000d7b00000)
}
Event: 2,388 GC heap before
{Heap before GC invocations=2 (full 0):
 PSYoungGen      total 17408K, used 17381K [0x00000000f5900000, 0x00000000f7b00000, 0x0000000100000000)
  eden space 15360K, 100% used [0x00000000f5900000,0x00000000f6800000,0x00000000f6800000)
  from space 2048K, 98% used [0x00000000f6800000,0x00000000f69f94c8,0x00000000f6a00000)
  to   space 2048K, 0% used [0x00000000f7900000,0x00000000f7900000,0x00000000f7b00000)
 ParOldGen       total 38400K, used 3791K [0x00000000e0c00000, 0x00000000e3180000, 0x00000000f5900000)
  object space 38400K, 9% used [0x00000000e0c00000,0x00000000e0fb3fd0,0x00000000e3180000)
 PSPermGen       total 23552K, used 23439K [0x00000000d6600000, 0x00000000d7d00000, 0x00000000e0c00000)
  object space 23552K, 99% used [0x00000000d6600000,0x00000000d7ce3db8,0x00000000d7d00000)
Event: 2,406 GC heap after
Heap after GC invocations=2 (full 0):
 PSYoungGen      total 32768K, used 2037K [0x00000000f5900000, 0x00000000f7b00000, 0x0000000100000000)
  eden space 30720K, 0% used [0x00000000f5900000,0x00000000f5900000,0x00000000f7700000)
  from space 2048K, 99% used [0x00000000f7900000,0x00000000f7afd528,0x00000000f7b00000)
  to   space 2048K, 0% used [0x00000000f7700000,0x00000000f7700000,0x00000000f7900000)
 ParOldGen       total 38400K, used 5784K [0x00000000e0c00000, 0x00000000e3180000, 0x00000000f5900000)
  object space 38400K, 15% used [0x00000000e0c00000,0x00000000e11a6338,0x00000000e3180000)
 PSPermGen       total 23552K, used 23439K [0x00000000d6600000, 0x00000000d7d00000, 0x00000000e0c00000)
  object space 23552K, 99% used [0x00000000d6600000,0x00000000d7ce3db8,0x00000000d7d00000)
}
Event: 4,021 GC heap before
{Heap before GC invocations=3 (full 0):
 PSYoungGen      total 32768K, used 32757K [0x00000000f5900000, 0x00000000f7b00000, 0x0000000100000000)
  eden space 30720K, 100% used [0x00000000f5900000,0x00000000f7700000,0x00000000f7700000)
  from space 2048K, 99% used [0x00000000f7900000,0x00000000f7afd528,0x00000000f7b00000)
  to   space 2048K, 0% used [0x00000000f7700000,0x00000000f7700000,0x00000000f7900000)
 ParOldGen       total 38400K, used 5784K [0x00000000e0c00000, 0x00000000e3180000, 0x00000000f5900000)
  object space 38400K, 15% used [0x00000000e0c00000,0x00000000e11a6338,0x00000000e3180000)
 PSPermGen       total 25600K, used 25461K [0x00000000d6600000, 0x00000000d7f00000, 0x00000000e0c00000)
  object space 25600K, 99% used [0x00000000d6600000,0x00000000d7edd748,0x00000000d7f00000)
Event: 4,042 GC heap after
Heap after GC invocations=3 (full 0):
 PSYoungGen      total 32768K, used 2021K [0x00000000f5900000, 0x00000000f9900000, 0x0000000100000000)
  eden space 30720K, 0% used [0x00000000f5900000,0x00000000f5900000,0x00000000f7700000)
  from space 2048K, 98% used [0x00000000f7700000,0x00000000f78f9518,0x00000000f7900000)
  to   space 2048K, 0% used [0x00000000f9700000,0x00000000f9700000,0x00000000f9900000)
 ParOldGen       total 38400K, used 8761K [0x00000000e0c00000, 0x00000000e3180000, 0x00000000f5900000)
  object space 38400K, 22% used [0x00000000e0c00000,0x00000000e148e5f8,0x00000000e3180000)
 PSPermGen       total 25600K, used 25461K [0x00000000d6600000, 0x00000000d7f00000, 0x00000000e0c00000)
  object space 25600K, 99% used [0x00000000d6600000,0x00000000d7edd748,0x00000000d7f00000)
}

Deoptimization events (10 events):
Event: 4,082 Thread 0x00007f354c00a800 Uncommon trap: reason=array_check action=maybe_recompile pc=0x00007f35491b0460 method=org.jruby.util.Qsort.swap([Ljava/lang/Object;II)V @ 9
Event: 4,082 Thread 0x00007f354c00a800 Uncommon trap: reason=array_check action=maybe_recompile pc=0x00007f35491b0460 method=org.jruby.util.Qsort.swap([Ljava/lang/Object;II)V @ 9
Event: 4,083 Thread 0x00007f354c00a800 Uncommon trap: reason=array_check action=maybe_recompile pc=0x00007f35491b0460 method=org.jruby.util.Qsort.swap([Ljava/lang/Object;II)V @ 9
Event: 4,083 Thread 0x00007f354c00a800 Uncommon trap: reason=array_check action=maybe_recompile pc=0x00007f35491b05cc method=org.jruby.util.Qsort.swap([Ljava/lang/Object;II)V @ 9
Event: 4,105 Thread 0x00007f354c00a800 Uncommon trap: reason=class_check action=maybe_recompile pc=0x00007f354915f038 method=org.jruby.RubyArray.compare(Lorg/jruby/runtime/ThreadContext;Lorg/jruby/runtime/invokedynamic/MethodNames;Lorg/jruby/runtime/builtin/IRubyObject;)Lorg/jruby/RubyBoolean;
Event: 4,108 Thread 0x00007f354c00a800 Uncommon trap: reason=class_check action=maybe_recompile pc=0x00007f3549164584 method=org.jruby.ext.ffi.StructByReference.to_native(Lorg/jruby/runtime/ThreadContext;Lorg/jruby/runtime/builtin/IRubyObject;Lorg/jruby/runtime/builtin/IRubyObject;)Lorg/jruby/
Event: 4,109 Thread 0x00007f354c00a800 Uncommon trap: reason=class_check action=maybe_recompile pc=0x00007f3549084ce4 method=org.jruby.runtime.ivars.VariableAccessor.get(Ljava/lang/Object;)Ljava/lang/Object; @ 1
Event: 4,109 Thread 0x00007f354c00a800 Uncommon trap: reason=class_check action=maybe_recompile pc=0x00007f3549084ce4 method=org.jruby.runtime.ivars.VariableAccessor.get(Ljava/lang/Object;)Ljava/lang/Object; @ 1
Event: 4,109 Thread 0x00007f354c00a800 Uncommon trap: reason=class_check action=maybe_recompile pc=0x00007f3549084ce4 method=org.jruby.runtime.ivars.VariableAccessor.get(Ljava/lang/Object;)Ljava/lang/Object; @ 1
Event: 4,109 Thread 0x00007f354c00a800 Uncommon trap: reason=class_check action=maybe_recompile pc=0x00007f3549084ce4 method=org.jruby.runtime.ivars.VariableAccessor.get(Ljava/lang/Object;)Ljava/lang/Object; @ 1

Internal exceptions (10 events):
Event: 3,665 Thread 0x00007f354c00a800 Threw 0x00000000f71569f0 at /build/buildd/openjdk-7-7u51-2.4.4/build/openjdk/hotspot/src/share/vm/prims/jvm.cpp:1244
Event: 3,665 Thread 0x00007f354c00a800 Threw 0x00000000f71574a0 at /build/buildd/openjdk-7-7u51-2.4.4/build/openjdk/hotspot/src/share/vm/prims/jvm.cpp:1244
Event: 3,666 Thread 0x00007f354c00a800 Threw 0x00000000f7163010 at /build/buildd/openjdk-7-7u51-2.4.4/build/openjdk/hotspot/src/share/vm/prims/jvm.cpp:1244
Event: 3,666 Thread 0x00007f354c00a800 Threw 0x00000000f71650d0 at /build/buildd/openjdk-7-7u51-2.4.4/build/openjdk/hotspot/src/share/vm/prims/jvm.cpp:1244
Event: 3,666 Thread 0x00007f354c00a800 Threw 0x00000000f7165b80 at /build/buildd/openjdk-7-7u51-2.4.4/build/openjdk/hotspot/src/share/vm/prims/jvm.cpp:1244
Event: 3,666 Thread 0x00007f354c00a800 Threw 0x00000000f7167a20 at /build/buildd/openjdk-7-7u51-2.4.4/build/openjdk/hotspot/src/share/vm/prims/jvm.cpp:1244
Event: 3,666 Thread 0x00007f354c00a800 Threw 0x00000000f7169ae0 at /build/buildd/openjdk-7-7u51-2.4.4/build/openjdk/hotspot/src/share/vm/prims/jvm.cpp:1244
Event: 3,666 Thread 0x00007f354c00a800 Threw 0x00000000f716a590 at /build/buildd/openjdk-7-7u51-2.4.4/build/openjdk/hotspot/src/share/vm/prims/jvm.cpp:1244
Event: 4,113 Thread 0x00007f354c481000 Threw 0x00000000f5c520c0 at /build/buildd/openjdk-7-7u51-2.4.4/build/openjdk/hotspot/src/share/vm/prims/jvm.cpp:1244
Event: 4,114 Thread 0x00007f354c481000 Threw 0x00000000f5c53ad8 at /build/buildd/openjdk-7-7u51-2.4.4/build/openjdk/hotspot/src/share/vm/prims/jvm.cpp:1244

Events (10 events):
Event: 4,109 Thread 0x00007f354c00a800 DEOPT PACKING pc=0x00007f3549084ce4 sp=0x00007f3552f4d290
Event: 4,109 Thread 0x00007f354c00a800 DEOPT UNPACKING pc=0x00007f3549039045 sp=0x00007f3552f4d258 mode 2
Event: 4,109 Thread 0x00007f354c00a800 Uncommon trap: trap_request=0xffffffde fr.pc=0x00007f3549084ce4
Event: 4,109 Thread 0x00007f354c00a800 DEOPT PACKING pc=0x00007f3549084ce4 sp=0x00007f3552f4d2e0
Event: 4,109 Thread 0x00007f354c00a800 DEOPT UNPACKING pc=0x00007f3549039045 sp=0x00007f3552f4d2a8 mode 2
Event: 4,109 Thread 0x00007f354c00a800 Uncommon trap: trap_request=0xffffffde fr.pc=0x00007f3549084ce4
Event: 4,109 Thread 0x00007f354c00a800 DEOPT PACKING pc=0x00007f3549084ce4 sp=0x00007f3552f4d2e0
Event: 4,109 Thread 0x00007f354c00a800 DEOPT UNPACKING pc=0x00007f3549039045 sp=0x00007f3552f4d2a8 mode 2
Event: 4,113 loading class 0x00007f350c00b180
Event: 4,113 loading class 0x00007f350c00b180 done


Dynamic libraries:
00400000-00401000 r-xp 00000000 08:01 15861394                           /usr/lib/jvm/java-7-openjdk-amd64/jre/bin/java
00600000-00601000 r--p 00000000 08:01 15861394                           /usr/lib/jvm/java-7-openjdk-amd64/jre/bin/java
00601000-00602000 rw-p 00001000 08:01 15861394                           /usr/lib/jvm/java-7-openjdk-amd64/jre/bin/java
0177f000-017a0000 rw-p 00000000 00:00 0                                  [heap]
d6600000-d7f00000 rw-p 00000000 00:00 0 
d7f00000-e0c00000 rw-p 00000000 00:00 0 
e0c00000-e3180000 rw-p 00000000 00:00 0 
e3180000-f5900000 rw-p 00000000 00:00 0 
f5900000-f9900000 rw-p 00000000 00:00 0 
f9900000-100000000 rw-p 00000000 00:00 0 
7f34fc000000-7f34fc021000 rw-p 00000000 00:00 0 
7f34fc021000-7f3500000000 ---p 00000000 00:00 0 
7f3504000000-7f3504021000 rw-p 00000000 00:00 0 
7f3504021000-7f3508000000 ---p 00000000 00:00 0 
7f3508000000-7f3508021000 rw-p 00000000 00:00 0 
7f3508021000-7f350c000000 ---p 00000000 00:00 0 
7f350c000000-7f350c027000 rw-p 00000000 00:00 0 
7f350c027000-7f3510000000 ---p 00000000 00:00 0 
7f3510000000-7f3510021000 rw-p 00000000 00:00 0 
7f3510021000-7f3514000000 ---p 00000000 00:00 0 
7f3514000000-7f3514021000 rw-p 00000000 00:00 0 
7f3514021000-7f3518000000 ---p 00000000 00:00 0 
7f3518000000-7f3518021000 rw-p 00000000 00:00 0 
7f3518021000-7f351c000000 ---p 00000000 00:00 0 
7f351c000000-7f351cacd000 rw-p 00000000 00:00 0 
7f351cacd000-7f3520000000 ---p 00000000 00:00 0 
7f3520000000-7f3520ec2000 rw-p 00000000 00:00 0 
7f3520ec2000-7f3524000000 ---p 00000000 00:00 0 
7f3524000000-7f3524021000 rw-p 00000000 00:00 0 
7f3524021000-7f3528000000 ---p 00000000 00:00 0 
7f3528000000-7f3528021000 rw-p 00000000 00:00 0 
7f3528021000-7f352c000000 ---p 00000000 00:00 0 
7f352c000000-7f352c021000 rw-p 00000000 00:00 0 
7f352c021000-7f3530000000 ---p 00000000 00:00 0 
7f3530000000-7f3530021000 rw-p 00000000 00:00 0 
7f3530021000-7f3534000000 ---p 00000000 00:00 0 
7f3534000000-7f3534021000 rw-p 00000000 00:00 0 
7f3534021000-7f3538000000 ---p 00000000 00:00 0 
7f3538000000-7f3538021000 rw-p 00000000 00:00 0 
7f3538021000-7f353c000000 ---p 00000000 00:00 0 
7f353c000000-7f353c021000 rw-p 00000000 00:00 0 
7f353c021000-7f3540000000 ---p 00000000 00:00 0 
7f354016f000-7f3540173000 r-xp 00000000 08:01 13894671                   /home/alex/Documents/8vo_Semestre/Geometría Computacional/Lab/practica02p1/src/lib/libintersection.so
7f3540173000-7f3540372000 ---p 00004000 08:01 13894671                   /home/alex/Documents/8vo_Semestre/Geometría Computacional/Lab/practica02p1/src/lib/libintersection.so
7f3540372000-7f3540373000 r--p 00003000 08:01 13894671                   /home/alex/Documents/8vo_Semestre/Geometría Computacional/Lab/practica02p1/src/lib/libintersection.so
7f3540373000-7f3540374000 rw-p 00004000 08:01 13894671                   /home/alex/Documents/8vo_Semestre/Geometría Computacional/Lab/practica02p1/src/lib/libintersection.so
7f3540374000-7f3540377000 r-xp 00000000 08:01 13894670                   /home/alex/Documents/8vo_Semestre/Geometría Computacional/Lab/practica02p1/src/lib/librb_tree.so
7f3540377000-7f3540576000 ---p 00003000 08:01 13894670                   /home/alex/Documents/8vo_Semestre/Geometría Computacional/Lab/practica02p1/src/lib/librb_tree.so
7f3540576000-7f3540577000 r--p 00002000 08:01 13894670                   /home/alex/Documents/8vo_Semestre/Geometría Computacional/Lab/practica02p1/src/lib/librb_tree.so
7f3540577000-7f3540578000 rw-p 00003000 08:01 13894670                   /home/alex/Documents/8vo_Semestre/Geometría Computacional/Lab/practica02p1/src/lib/librb_tree.so
7f3540578000-7f354057a000 r-xp 00000000 08:01 13894669                   /home/alex/Documents/8vo_Semestre/Geometría Computacional/Lab/practica02p1/src/lib/libdouble_linked_list.so
7f354057a000-7f3540779000 ---p 00002000 08:01 13894669                   /home/alex/Documents/8vo_Semestre/Geometría Computacional/Lab/practica02p1/src/lib/libdouble_linked_list.so
7f3540779000-7f354077a000 r--p 00001000 08:01 13894669                   /home/alex/Documents/8vo_Semestre/Geometría Computacional/Lab/practica02p1/src/lib/libdouble_linked_list.so
7f354077a000-7f354077b000 rw-p 00002000 08:01 13894669                   /home/alex/Documents/8vo_Semestre/Geometría Computacional/Lab/practica02p1/src/lib/libdouble_linked_list.so
7f354077b000-7f354077c000 r-xp 00000000 08:01 13893852                   /home/alex/Documents/8vo_Semestre/Geometría Computacional/Lab/practica02p1/src/lib/libhalf_edge.so
7f354077c000-7f354097c000 ---p 00001000 08:01 13893852                   /home/alex/Documents/8vo_Semestre/Geometría Computacional/Lab/practica02p1/src/lib/libhalf_edge.so
7f354097c000-7f354097d000 r--p 00001000 08:01 13893852                   /home/alex/Documents/8vo_Semestre/Geometría Computacional/Lab/practica02p1/src/lib/libhalf_edge.so
7f354097d000-7f354097e000 rw-p 00002000 08:01 13893852                   /home/alex/Documents/8vo_Semestre/Geometría Computacional/Lab/practica02p1/src/lib/libhalf_edge.so
7f354097e000-7f354097f000 r-xp 00000000 08:01 13893851                   /home/alex/Documents/8vo_Semestre/Geometría Computacional/Lab/practica02p1/src/lib/lib2d_points.so
7f354097f000-7f3540b7e000 ---p 00001000 08:01 13893851                   /home/alex/Documents/8vo_Semestre/Geometría Computacional/Lab/practica02p1/src/lib/lib2d_points.so
7f3540b7e000-7f3540b7f000 r--p 00000000 08:01 13893851                   /home/alex/Documents/8vo_Semestre/Geometría Computacional/Lab/practica02p1/src/lib/lib2d_points.so
7f3540b7f000-7f3540b80000 rw-p 00001000 08:01 13893851                   /home/alex/Documents/8vo_Semestre/Geometría Computacional/Lab/practica02p1/src/lib/lib2d_points.so
7f3540b80000-7f3540b83000 ---p 00000000 00:00 0 
7f3540b83000-7f3540d81000 rw-p 00000000 00:00 0 
7f3540d81000-7f3540d84000 ---p 00000000 00:00 0 
7f3540d84000-7f3540f82000 rw-p 00000000 00:00 0 
7f3540f82000-7f3540f85000 ---p 00000000 00:00 0 
7f3540f85000-7f3541183000 rw-p 00000000 00:00 0                          [stack:9254]
7f3541183000-7f3541186000 ---p 00000000 00:00 0 
7f3541186000-7f3541384000 rw-p 00000000 00:00 0                          [stack:9131]
7f3541384000-7f3541396000 r-xp 00000000 08:01 12059135                   /home/alex/.rbenv/versions/jruby-1.7.10/lib/jni/x86_64-Linux/libjffi-1.2.so
7f3541396000-7f3541595000 ---p 00012000 08:01 12059135                   /home/alex/.rbenv/versions/jruby-1.7.10/lib/jni/x86_64-Linux/libjffi-1.2.so
7f3541595000-7f3541596000 rw-p 00011000 08:01 12059135                   /home/alex/.rbenv/versions/jruby-1.7.10/lib/jni/x86_64-Linux/libjffi-1.2.so
7f3541596000-7f35415a6000 r-xp 00000000 08:01 15861288                   /usr/lib/jvm/java-7-openjdk-amd64/jre/lib/amd64/libnio.so
7f35415a6000-7f35417a6000 ---p 00010000 08:01 15861288                   /usr/lib/jvm/java-7-openjdk-amd64/jre/lib/amd64/libnio.so
7f35417a6000-7f35417a7000 r--p 00010000 08:01 15861288                   /usr/lib/jvm/java-7-openjdk-amd64/jre/lib/amd64/libnio.so
7f35417a7000-7f35417a8000 rw-p 00011000 08:01 15861288                   /usr/lib/jvm/java-7-openjdk-amd64/jre/lib/amd64/libnio.so
7f35417a8000-7f35417e5000 r-xp 00000000 08:01 8130434                    /lib/x86_64-linux-gnu/libpcre.so.3.13.1
7f35417e5000-7f35419e5000 ---p 0003d000 08:01 8130434                    /lib/x86_64-linux-gnu/libpcre.so.3.13.1
7f35419e5000-7f35419e6000 r--p 0003d000 08:01 8130434                    /lib/x86_64-linux-gnu/libpcre.so.3.13.1
7f35419e6000-7f35419e7000 rw-p 0003e000 08:01 8130434                    /lib/x86_64-linux-gnu/libpcre.so.3.13.1
7f35419e7000-7f35419ee000 r-xp 00000000 08:01 15735894                   /usr/lib/x86_64-linux-gnu/libffi.so.6.0.1
7f35419ee000-7f3541bed000 ---p 00007000 08:01 15735894                   /usr/lib/x86_64-linux-gnu/libffi.so.6.0.1
7f3541bed000-7f3541bee000 r--p 00006000 08:01 15735894                   /usr/lib/x86_64-linux-gnu/libffi.so.6.0.1
7f3541bee000-7f3541bef000 rw-p 00007000 08:01 15735894                   /usr/lib/x86_64-linux-gnu/libffi.so.6.0.1
7f3541bef000-7f3541c05000 r-xp 00000000 08:01 8130457                    /lib/x86_64-linux-gnu/libresolv-2.17.so
7f3541c05000-7f3541e05000 ---p 00016000 08:01 8130457                    /lib/x86_64-linux-gnu/libresolv-2.17.so
7f3541e05000-7f3541e06000 r--p 00016000 08:01 8130457                    /lib/x86_64-linux-gnu/libresolv-2.17.so
7f3541e06000-7f3541e07000 rw-p 00017000 08:01 8130457                    /lib/x86_64-linux-gnu/libresolv-2.17.so
7f3541e07000-7f3541e09000 rw-p 00000000 00:00 0 
7f3541e09000-7f3541e28000 r-xp 00000000 08:01 8130461                    /lib/x86_64-linux-gnu/libselinux.so.1
7f3541e28000-7f3542028000 ---p 0001f000 08:01 8130461                    /lib/x86_64-linux-gnu/libselinux.so.1
7f3542028000-7f3542029000 r--p 0001f000 08:01 8130461                    /lib/x86_64-linux-gnu/libselinux.so.1
7f3542029000-7f354202a000 rw-p 00020000 08:01 8130461                    /lib/x86_64-linux-gnu/libselinux.so.1
7f354202a000-7f354202b000 rw-p 00000000 00:00 0 
7f354202b000-7f354202e000 r-xp 00000000 08:01 15729078                   /usr/lib/x86_64-linux-gnu/libgmodule-2.0.so.0.3800.1
7f354202e000-7f354222d000 ---p 00003000 08:01 15729078                   /usr/lib/x86_64-linux-gnu/libgmodule-2.0.so.0.3800.1
7f354222d000-7f354222e000 r--p 00002000 08:01 15729078                   /usr/lib/x86_64-linux-gnu/libgmodule-2.0.so.0.3800.1
7f354222e000-7f354222f000 rw-p 00003000 08:01 15729078                   /usr/lib/x86_64-linux-gnu/libgmodule-2.0.so.0.3800.1
7f354222f000-7f354232d000 r-xp 00000000 08:01 8130449                    /lib/x86_64-linux-gnu/libglib-2.0.so.0.3800.1
7f354232d000-7f354252d000 ---p 000fe000 08:01 8130449                    /lib/x86_64-linux-gnu/libglib-2.0.so.0.3800.1
7f354252d000-7f354252e000 r--p 000fe000 08:01 8130449                    /lib/x86_64-linux-gnu/libglib-2.0.so.0.3800.1
7f354252e000-7f354252f000 rw-p 000ff000 08:01 8130449                    /lib/x86_64-linux-gnu/libglib-2.0.so.0.3800.1
7f354252f000-7f3542530000 rw-p 00000000 00:00 0 
7f3542530000-7f354257f000 r-xp 00000000 08:01 15729069                   /usr/lib/x86_64-linux-gnu/libgobject-2.0.so.0.3800.1
7f354257f000-7f354277f000 ---p 0004f000 08:01 15729069                   /usr/lib/x86_64-linux-gnu/libgobject-2.0.so.0.3800.1
7f354277f000-7f3542780000 r--p 0004f000 08:01 15729069                   /usr/lib/x86_64-linux-gnu/libgobject-2.0.so.0.3800.1
7f3542780000-7f3542781000 rw-p 00050000 08:01 15729069                   /usr/lib/x86_64-linux-gnu/libgobject-2.0.so.0.3800.1
7f3542781000-7f35428dd000 r-xp 00000000 08:01 15729043                   /usr/lib/x86_64-linux-gnu/libgio-2.0.so.0.3800.1
7f35428dd000-7f3542adc000 ---p 0015c000 08:01 15729043                   /usr/lib/x86_64-linux-gnu/libgio-2.0.so.0.3800.1
7f3542adc000-7f3542ae0000 r--p 0015b000 08:01 15729043                   /usr/lib/x86_64-linux-gnu/libgio-2.0.so.0.3800.1
7f3542ae0000-7f3542ae2000 rw-p 0015f000 08:01 15729043                   /usr/lib/x86_64-linux-gnu/libgio-2.0.so.0.3800.1
7f3542ae2000-7f3542ae4000 rw-p 00000000 00:00 0 
7f3542ae4000-7f3542afa000 r-xp 00000000 08:01 15861076                   /usr/lib/jvm/java-7-openjdk-amd64/jre/lib/amd64/libnet.so
7f3542afa000-7f3542cf9000 ---p 00016000 08:01 15861076                   /usr/lib/jvm/java-7-openjdk-amd64/jre/lib/amd64/libnet.so
7f3542cf9000-7f3542cfa000 r--p 00015000 08:01 15861076                   /usr/lib/jvm/java-7-openjdk-amd64/jre/lib/amd64/libnet.so
7f3542cfa000-7f3542cfb000 rw-p 00016000 08:01 15861076                   /usr/lib/jvm/java-7-openjdk-amd64/jre/lib/amd64/libnet.so
7f3542cfb000-7f3542cfc000 ---p 00000000 00:00 0 
7f3542cfc000-7f3542dfc000 rw-p 00000000 00:00 0                          [stack:9130]
7f3542dfc000-7f3542dff000 ---p 00000000 00:00 0 
7f3542dff000-7f3542ffd000 rw-p 00000000 00:00 0                          [stack:9129]
7f3542ffd000-7f3543000000 ---p 00000000 00:00 0 
7f3543000000-7f35430fe000 rw-p 00000000 00:00 0                          [stack:9128]
7f35430fe000-7f3543101000 ---p 00000000 00:00 0 
7f3543101000-7f35431ff000 rw-p 00000000 00:00 0                          [stack:9127]
7f35431ff000-7f3543202000 ---p 00000000 00:00 0 
7f3543202000-7f3543400000 rw-p 00000000 00:00 0                          [stack:9126]
7f3543400000-7f35437fa000 r--p 00000000 08:01 15734328                   /usr/lib/locale/locale-archive
7f35437fa000-7f35437fd000 ---p 00000000 00:00 0 
7f35437fd000-7f35439fb000 rw-p 00000000 00:00 0                          [stack:9125]
7f35439fb000-7f35439fe000 ---p 00000000 00:00 0 
7f35439fe000-7f3543bfc000 rw-p 00000000 00:00 0                          [stack:9124]
7f3543bfc000-7f3543bfd000 ---p 00000000 00:00 0 
7f3543bfd000-7f3544000000 rw-p 00000000 00:00 0                          [stack:9123]
7f3544000000-7f3544021000 rw-p 00000000 00:00 0 
7f3544021000-7f3548000000 ---p 00000000 00:00 0 
7f354806f000-7f3548070000 rw-p 00000000 00:00 0 
7f3548070000-7f3548073000 ---p 00000000 00:00 0 
7f3548073000-7f35480a9000 rw-p 00000000 00:00 0                          [stack:9134]
7f35480a9000-7f35480b0000 r--s 00000000 08:01 16127910                   /usr/lib/x86_64-linux-gnu/gconv/gconv-modules.cache
7f35480b0000-7f3548d69000 rw-p 00000000 00:00 0 
7f3548d69000-7f3548e52000 r--s 00bb9000 08:01 12059138                   /home/alex/.rbenv/versions/jruby-1.7.10/lib/jruby.jar
7f3548e52000-7f3549000000 r--s 01cf4000 08:01 15861374                   /usr/lib/jvm/java-7-openjdk-amd64/jre/lib/rt.jar
7f3549000000-7f3549270000 rwxp 00000000 00:00 0 
7f3549270000-7f354c507000 rw-p 00000000 00:00 0 
7f354c507000-7f3550000000 ---p 00000000 00:00 0 
7f3550000000-7f3550001000 r-xp 00000000 00:00 0 
7f3550001000-7f3550003000 r--s 00012000 08:01 15861308                   /usr/lib/jvm/java-7-openjdk-amd64/jre/lib/ext/zipfs.jar
7f3550003000-7f3550006000 r--s 00032000 08:01 15861310                   /usr/lib/jvm/java-7-openjdk-amd64/jre/lib/ext/sunjce_provider.jar
7f3550006000-7f355000a000 r--s 00085000 08:01 15861304                   /usr/lib/jvm/java-7-openjdk-amd64/jre/lib/ext/localedata.jar
7f355000a000-7f355000c000 r--s 00006000 08:01 16256853                   /usr/share/java/java-atk-wrapper.jar
7f355000c000-7f355000d000 r--s 00002000 08:01 15861314                   /usr/lib/jvm/java-7-openjdk-amd64/jre/lib/ext/dnsns.jar
7f355000d000-7f3550010000 r--s 0000f000 08:01 15861306                   /usr/lib/jvm/java-7-openjdk-amd64/jre/lib/ext/pulse-java.jar
7f3550010000-7f3550014000 r--s 0003b000 08:01 15861316                   /usr/lib/jvm/java-7-openjdk-amd64/jre/lib/ext/sunpkcs11.jar
7f3550014000-7f3551772000 rw-p 00000000 00:00 0 
7f3551772000-7f3551773000 ---p 00000000 00:00 0 
7f3551773000-7f3551873000 rw-p 00000000 00:00 0                          [stack:9122]
7f3551873000-7f3551874000 ---p 00000000 00:00 0 
7f3551874000-7f3551974000 rw-p 00000000 00:00 0                          [stack:9121]
7f3551974000-7f3551975000 ---p 00000000 00:00 0 
7f3551975000-7f3551a75000 rw-p 00000000 00:00 0                          [stack:9120]
7f3551a75000-7f3551a76000 ---p 00000000 00:00 0 
7f3551a76000-7f3551b83000 rw-p 00000000 00:00 0                          [stack:9119]
7f3551b83000-7f3551bc9000 rw-p 00000000 00:00 0 
7f3551bc9000-7f3551bdc000 rw-p 00000000 00:00 0 
7f3551bdc000-7f3551c6f000 rw-p 00000000 00:00 0 
7f3551c6f000-7f3551c90000 rw-p 00000000 00:00 0 
7f3551c90000-7f3551cc3000 rw-p 00000000 00:00 0 
7f3551cc3000-7f3551cc4000 rw-p 00000000 00:00 0 
7f3551cc4000-7f3551ccc000 r-xp 00000000 08:01 15861025                   /usr/lib/jvm/java-7-openjdk-amd64/jre/lib/amd64/libzip.so
7f3551ccc000-7f3551ecb000 ---p 00008000 08:01 15861025                   /usr/lib/jvm/java-7-openjdk-amd64/jre/lib/amd64/libzip.so
7f3551ecb000-7f3551ecc000 r--p 00007000 08:01 15861025                   /usr/lib/jvm/java-7-openjdk-amd64/jre/lib/amd64/libzip.so
7f3551ecc000-7f3551ecd000 rw-p 00008000 08:01 15861025                   /usr/lib/jvm/java-7-openjdk-amd64/jre/lib/amd64/libzip.so
7f3551ecd000-7f3551ed9000 r-xp 00000000 08:01 8130412                    /lib/x86_64-linux-gnu/libnss_files-2.17.so
7f3551ed9000-7f35520d8000 ---p 0000c000 08:01 8130412                    /lib/x86_64-linux-gnu/libnss_files-2.17.so
7f35520d8000-7f35520d9000 r--p 0000b000 08:01 8130412                    /lib/x86_64-linux-gnu/libnss_files-2.17.so
7f35520d9000-7f35520da000 rw-p 0000c000 08:01 8130412                    /lib/x86_64-linux-gnu/libnss_files-2.17.so
7f35520da000-7f35520e5000 r-xp 00000000 08:01 8130416                    /lib/x86_64-linux-gnu/libnss_nis-2.17.so
7f35520e5000-7f35522e4000 ---p 0000b000 08:01 8130416                    /lib/x86_64-linux-gnu/libnss_nis-2.17.so
7f35522e4000-7f35522e5000 r--p 0000a000 08:01 8130416                    /lib/x86_64-linux-gnu/libnss_nis-2.17.so
7f35522e5000-7f35522e6000 rw-p 0000b000 08:01 8130416                    /lib/x86_64-linux-gnu/libnss_nis-2.17.so
7f35522e6000-7f35522fd000 r-xp 00000000 08:01 8130406                    /lib/x86_64-linux-gnu/libnsl-2.17.so
7f35522fd000-7f35524fc000 ---p 00017000 08:01 8130406                    /lib/x86_64-linux-gnu/libnsl-2.17.so
7f35524fc000-7f35524fd000 r--p 00016000 08:01 8130406                    /lib/x86_64-linux-gnu/libnsl-2.17.so
7f35524fd000-7f35524fe000 rw-p 00017000 08:01 8130406                    /lib/x86_64-linux-gnu/libnsl-2.17.so
7f35524fe000-7f3552500000 rw-p 00000000 00:00 0 
7f3552500000-7f3552508000 r-xp 00000000 08:01 8130408                    /lib/x86_64-linux-gnu/libnss_compat-2.17.so
7f3552508000-7f3552707000 ---p 00008000 08:01 8130408                    /lib/x86_64-linux-gnu/libnss_compat-2.17.so
7f3552707000-7f3552708000 r--p 00007000 08:01 8130408                    /lib/x86_64-linux-gnu/libnss_compat-2.17.so
7f3552708000-7f3552709000 rw-p 00008000 08:01 8130408                    /lib/x86_64-linux-gnu/libnss_compat-2.17.so
7f3552709000-7f3552734000 r-xp 00000000 08:01 15860951                   /usr/lib/jvm/java-7-openjdk-amd64/jre/lib/amd64/libjava.so
7f3552734000-7f3552933000 ---p 0002b000 08:01 15860951                   /usr/lib/jvm/java-7-openjdk-amd64/jre/lib/amd64/libjava.so
7f3552933000-7f3552934000 r--p 0002a000 08:01 15860951                   /usr/lib/jvm/java-7-openjdk-amd64/jre/lib/amd64/libjava.so
7f3552934000-7f3552936000 rw-p 0002b000 08:01 15860951                   /usr/lib/jvm/java-7-openjdk-amd64/jre/lib/amd64/libjava.so
7f3552936000-7f3552946000 r-xp 00000000 08:01 15861265                   /usr/lib/jvm/java-7-openjdk-amd64/jre/lib/amd64/libverify.so
7f3552946000-7f3552b45000 ---p 00010000 08:01 15861265                   /usr/lib/jvm/java-7-openjdk-amd64/jre/lib/amd64/libverify.so
7f3552b45000-7f3552b47000 r--p 0000f000 08:01 15861265                   /usr/lib/jvm/java-7-openjdk-amd64/jre/lib/amd64/libverify.so
7f3552b47000-7f3552b48000 rw-p 00011000 08:01 15861265                   /usr/lib/jvm/java-7-openjdk-amd64/jre/lib/amd64/libverify.so
7f3552b48000-7f3552b4f000 r-xp 00000000 08:01 8130459                    /lib/x86_64-linux-gnu/librt-2.17.so
7f3552b4f000-7f3552d4e000 ---p 00007000 08:01 8130459                    /lib/x86_64-linux-gnu/librt-2.17.so
7f3552d4e000-7f3552d4f000 r--p 00006000 08:01 8130459                    /lib/x86_64-linux-gnu/librt-2.17.so
7f3552d4f000-7f3552d50000 rw-p 00007000 08:01 8130459                    /lib/x86_64-linux-gnu/librt-2.17.so
7f3552d50000-7f3552d53000 ---p 00000000 00:00 0 
7f3552d53000-7f3552f51000 rw-p 00000000 00:00 0                          [stack:9118]
7f3552f51000-7f3552f66000 r-xp 00000000 08:01 8126477                    /lib/x86_64-linux-gnu/libgcc_s.so.1
7f3552f66000-7f3553165000 ---p 00015000 08:01 8126477                    /lib/x86_64-linux-gnu/libgcc_s.so.1
7f3553165000-7f3553166000 r--p 00014000 08:01 8126477                    /lib/x86_64-linux-gnu/libgcc_s.so.1
7f3553166000-7f3553167000 rw-p 00015000 08:01 8126477                    /lib/x86_64-linux-gnu/libgcc_s.so.1
7f3553167000-7f355326a000 r-xp 00000000 08:01 8130387                    /lib/x86_64-linux-gnu/libm-2.17.so
7f355326a000-7f3553469000 ---p 00103000 08:01 8130387                    /lib/x86_64-linux-gnu/libm-2.17.so
7f3553469000-7f355346a000 r--p 00102000 08:01 8130387                    /lib/x86_64-linux-gnu/libm-2.17.so
7f355346a000-7f355346b000 rw-p 00103000 08:01 8130387                    /lib/x86_64-linux-gnu/libm-2.17.so
7f355346b000-7f3553551000 r-xp 00000000 08:01 15729831                   /usr/lib/x86_64-linux-gnu/libstdc++.so.6.0.18
7f3553551000-7f3553750000 ---p 000e6000 08:01 15729831                   /usr/lib/x86_64-linux-gnu/libstdc++.so.6.0.18
7f3553750000-7f3553758000 r--p 000e5000 08:01 15729831                   /usr/lib/x86_64-linux-gnu/libstdc++.so.6.0.18
7f3553758000-7f355375a000 rw-p 000ed000 08:01 15729831                   /usr/lib/x86_64-linux-gnu/libstdc++.so.6.0.18
7f355375a000-7f355376f000 rw-p 00000000 00:00 0 
7f355376f000-7f355424e000 r-xp 00000000 08:01 15861284                   /usr/lib/jvm/java-7-openjdk-amd64/jre/lib/amd64/server/libjvm.so
7f355424e000-7f355444d000 ---p 00adf000 08:01 15861284                   /usr/lib/jvm/java-7-openjdk-amd64/jre/lib/amd64/server/libjvm.so
7f355444d000-7f35544df000 r--p 00ade000 08:01 15861284                   /usr/lib/jvm/java-7-openjdk-amd64/jre/lib/amd64/server/libjvm.so
7f35544df000-7f3554502000 rw-p 00b70000 08:01 15861284                   /usr/lib/jvm/java-7-openjdk-amd64/jre/lib/amd64/server/libjvm.so
7f3554502000-7f355452f000 rw-p 00000000 00:00 0 
7f355452f000-7f3554547000 r-xp 00000000 08:01 8130494                    /lib/x86_64-linux-gnu/libz.so.1.2.8
7f3554547000-7f3554746000 ---p 00018000 08:01 8130494                    /lib/x86_64-linux-gnu/libz.so.1.2.8
7f3554746000-7f3554747000 r--p 00017000 08:01 8130494                    /lib/x86_64-linux-gnu/libz.so.1.2.8
7f3554747000-7f3554748000 rw-p 00018000 08:01 8130494                    /lib/x86_64-linux-gnu/libz.so.1.2.8
7f3554748000-7f355475f000 r-xp 00000000 08:01 8130451                    /lib/x86_64-linux-gnu/libpthread-2.17.so
7f355475f000-7f355495f000 ---p 00017000 08:01 8130451                    /lib/x86_64-linux-gnu/libpthread-2.17.so
7f355495f000-7f3554960000 r--p 00017000 08:01 8130451                    /lib/x86_64-linux-gnu/libpthread-2.17.so
7f3554960000-7f3554961000 rw-p 00018000 08:01 8130451                    /lib/x86_64-linux-gnu/libpthread-2.17.so
7f3554961000-7f3554965000 rw-p 00000000 00:00 0 
7f3554965000-7f3554968000 r-xp 00000000 08:01 8130351                    /lib/x86_64-linux-gnu/libdl-2.17.so
7f3554968000-7f3554b67000 ---p 00003000 08:01 8130351                    /lib/x86_64-linux-gnu/libdl-2.17.so
7f3554b67000-7f3554b68000 r--p 00002000 08:01 8130351                    /lib/x86_64-linux-gnu/libdl-2.17.so
7f3554b68000-7f3554b69000 rw-p 00003000 08:01 8130351                    /lib/x86_64-linux-gnu/libdl-2.17.so
7f3554b69000-7f3554d26000 r-xp 00000000 08:01 8130336                    /lib/x86_64-linux-gnu/libc-2.17.so
7f3554d26000-7f3554f26000 ---p 001bd000 08:01 8130336                    /lib/x86_64-linux-gnu/libc-2.17.so
7f3554f26000-7f3554f2a000 r--p 001bd000 08:01 8130336                    /lib/x86_64-linux-gnu/libc-2.17.so
7f3554f2a000-7f3554f2c000 rw-p 001c1000 08:01 8130336                    /lib/x86_64-linux-gnu/libc-2.17.so
7f3554f2c000-7f3554f31000 rw-p 00000000 00:00 0 
7f3554f31000-7f3554f3e000 r-xp 00000000 08:01 15861291                   /usr/lib/jvm/java-7-openjdk-amd64/jre/lib/amd64/jli/libjli.so
7f3554f3e000-7f355513d000 ---p 0000d000 08:01 15861291                   /usr/lib/jvm/java-7-openjdk-amd64/jre/lib/amd64/jli/libjli.so
7f355513d000-7f355513e000 r--p 0000c000 08:01 15861291                   /usr/lib/jvm/java-7-openjdk-amd64/jre/lib/amd64/jli/libjli.so
7f355513e000-7f355513f000 rw-p 0000d000 08:01 15861291                   /usr/lib/jvm/java-7-openjdk-amd64/jre/lib/amd64/jli/libjli.so
7f355513f000-7f3555162000 r-xp 00000000 08:01 8130312                    /lib/x86_64-linux-gnu/ld-2.17.so
7f3555162000-7f3555167000 r--s 0004c000 08:01 15861296                   /usr/lib/jvm/java-7-openjdk-amd64/jre/lib/jsse.jar
7f3555167000-7f3555195000 rw-p 00000000 00:00 0 
7f3555195000-7f35551db000 rw-p 00000000 00:00 0 
7f35551db000-7f35551ee000 rw-p 00000000 00:00 0 
7f35551ee000-7f3555282000 rw-p 00000000 00:00 0 
7f3555282000-7f355528c000 rw-p 00000000 00:00 0 
7f355528c000-7f3555342000 rw-p 00000000 00:00 0 
7f3555342000-7f3555355000 rw-p 00000000 00:00 0 
7f3555355000-7f355535d000 rw-s 00000000 08:01 5767186                    /tmp/hsperfdata_alex/9093
7f355535d000-7f355535e000 rw-p 00000000 00:00 0 
7f355535e000-7f355535f000 r--p 00000000 00:00 0 
7f355535f000-7f3555361000 rw-p 00000000 00:00 0 
7f3555361000-7f3555362000 r--p 00022000 08:01 8130312                    /lib/x86_64-linux-gnu/ld-2.17.so
7f3555362000-7f3555364000 rw-p 00023000 08:01 8130312                    /lib/x86_64-linux-gnu/ld-2.17.so
7fffa42e0000-7fffa4301000 rw-p 00000000 00:00 0                          [stack]
7fffa4319000-7fffa431b000 r-xp 00000000 00:00 0                          [vdso]
ffffffffff600000-ffffffffff601000 r-xp 00000000 00:00 0                  [vsyscall]

VM Arguments:
jvm_args: -Djdk.home= -Djruby.home=/home/alex/.rbenv/versions/jruby-1.7.10 -Djruby.script=jruby -Djruby.shell=/bin/sh -Djffi.boot.library.path=/home/alex/.rbenv/versions/jruby-1.7.10/lib/jni:/home/alex/.rbenv/versions/jruby-1.7.10/lib/jni/i386-Linux:/home/alex/.rbenv/versions/jruby-1.7.10/lib/jni/arm-Linux:/home/alex/.rbenv/versions/jruby-1.7.10/lib/jni/x86_64-Linux -Xmx500m -Xss2048k -Xbootclasspath/a:/home/alex/.rbenv/versions/jruby-1.7.10/lib/jruby.jar 
java_command: org/jruby/Main Makefile.rb clean compile test clean
Launcher Type: SUN_STANDARD

Environment Variables:
PATH=/home/alex/.rbenv/versions/jruby-1.7.10/bin:/home/alex/.rbenv/libexec:/home/alex/.rbenv/plugins/ruby-build/bin:/home/alex/.rbenv/shims:~/.rbenv/bin:~/.rbenv/bin:/usr/local/sbin:/usr/local/bin:/usr/sbin:/usr/bin:/sbin:/bin:/usr/games:/usr/local/games
USERNAME=alex
SHELL=/bin/bash
DISPLAY=:0

Signal Handlers:
SIGSEGV: [libjvm.so+0x916ea0], sa_mask[0]=0x7ffbfeff, sa_flags=0x10000004
SIGBUS: [libjvm.so+0x916ea0], sa_mask[0]=0x7ffbfeff, sa_flags=0x10000004
SIGFPE: [libjvm.so+0x794800], sa_mask[0]=0x7ffbfeff, sa_flags=0x10000004
SIGPIPE: [libjvm.so+0x794800], sa_mask[0]=0x7ffbfeff, sa_flags=0x10000004
SIGXFSZ: [libjvm.so+0x794800], sa_mask[0]=0x7ffbfeff, sa_flags=0x10000004
SIGILL: [libjvm.so+0x794800], sa_mask[0]=0x7ffbfeff, sa_flags=0x10000004
SIGUSR1: SIG_DFL, sa_mask[0]=0x00000000, sa_flags=0x00000000
SIGUSR2: [libjvm.so+0x7946a0], sa_mask[0]=0x00000000, sa_flags=0x10000004
SIGHUP: [libjvm.so+0x794880], sa_mask[0]=0x7ffbfeff, sa_flags=0x10000004
SIGINT: [libjvm.so+0x794880], sa_mask[0]=0x7ffbfeff, sa_flags=0x10000004
SIGTERM: [libjvm.so+0x794880], sa_mask[0]=0x7ffbfeff, sa_flags=0x10000004
SIGQUIT: [libjvm.so+0x794880], sa_mask[0]=0x7ffbfeff, sa_flags=0x10000004


---------------  S Y S T E M  ---------------

OS:LinuxMint 16 (petra)
uname:Linux 3.11.0-12-generic #19-Ubuntu SMP Wed Oct 9 16:20:46 UTC 2013 x86_64
libc:glibc 2.17 NPTL 2.17 
rlimit: STACK 8192k, CORE 0k, NPROC 28798, NOFILE 4096, AS infinity
load average:0,23 0,13 0,13

/proc/meminfo:
MemTotal:        3715476 kB
MemFree:         2329256 kB
Buffers:          115252 kB
Cached:           770588 kB
SwapCached:            0 kB
Active:           696748 kB
Inactive:         523680 kB
Active(anon):     335568 kB
Inactive(anon):   116112 kB
Active(file):     361180 kB
Inactive(file):   407568 kB
Unevictable:          28 kB
Mlocked:              28 kB
SwapTotal:       3856380 kB
SwapFree:        3856380 kB
Dirty:               236 kB
Writeback:             0 kB
AnonPages:        334844 kB
Mapped:           141960 kB
Shmem:            117096 kB
Slab:             103548 kB
SReclaimable:      81412 kB
SUnreclaim:        22136 kB
KernelStack:        2808 kB
PageTables:        16100 kB
NFS_Unstable:          0 kB
Bounce:                0 kB
WritebackTmp:          0 kB
CommitLimit:     5714116 kB
Committed_AS:    1620384 kB
VmallocTotal:   34359738367 kB
VmallocUsed:      414316 kB
VmallocChunk:   34359319164 kB
HardwareCorrupted:     0 kB
AnonHugePages:         0 kB
HugePages_Total:       0
HugePages_Free:        0
HugePages_Rsvd:        0
HugePages_Surp:        0
Hugepagesize:       2048 kB
DirectMap4k:       62672 kB
DirectMap2M:     3794944 kB


CPU:total 4 (2 cores per cpu, 2 threads per core) family 6 model 37 stepping 5, cmov, cx8, fxsr, mmx, sse, sse2, sse3, ssse3, sse4.1, sse4.2, popcnt, ht, tsc, tscinvbit

/proc/cpuinfo:
processor	: 0
vendor_id	: GenuineIntel
cpu family	: 6
model		: 37
model name	: Intel(R) Core(TM) i3 CPU       M 380  @ 2.53GHz
stepping	: 5
microcode	: 0x2
cpu MHz		: 2533.000
cache size	: 3072 KB
physical id	: 0
siblings	: 4
core id		: 0
cpu cores	: 2
apicid		: 0
initial apicid	: 0
fpu		: yes
fpu_exception	: yes
cpuid level	: 11
wp		: yes
flags		: fpu vme de pse tsc msr pae mce cx8 apic sep mtrr pge mca cmov pat pse36 clflush dts acpi mmx fxsr sse sse2 ss ht tm pbe syscall nx rdtscp lm constant_tsc arch_perfmon pebs bts rep_good nopl xtopology nonstop_tsc aperfmperf pni dtes64 monitor ds_cpl vmx est tm2 ssse3 cx16 xtpr pdcm pcid sse4_1 sse4_2 popcnt lahf_lm arat dtherm tpr_shadow vnmi flexpriority ept vpid
bogomips	: 5054.09
clflush size	: 64
cache_alignment	: 64
address sizes	: 36 bits physical, 48 bits virtual
power management:

processor	: 1
vendor_id	: GenuineIntel
cpu family	: 6
model		: 37
model name	: Intel(R) Core(TM) i3 CPU       M 380  @ 2.53GHz
stepping	: 5
microcode	: 0x2
cpu MHz		: 933.000
cache size	: 3072 KB
physical id	: 0
siblings	: 4
core id		: 0
cpu cores	: 2
apicid		: 1
initial apicid	: 1
fpu		: yes
fpu_exception	: yes
cpuid level	: 11
wp		: yes
flags		: fpu vme de pse tsc msr pae mce cx8 apic sep mtrr pge mca cmov pat pse36 clflush dts acpi mmx fxsr sse sse2 ss ht tm pbe syscall nx rdtscp lm constant_tsc arch_perfmon pebs bts rep_good nopl xtopology nonstop_tsc aperfmperf pni dtes64 monitor ds_cpl vmx est tm2 ssse3 cx16 xtpr pdcm pcid sse4_1 sse4_2 popcnt lahf_lm arat dtherm tpr_shadow vnmi flexpriority ept vpid
bogomips	: 5054.09
clflush size	: 64
cache_alignment	: 64
address sizes	: 36 bits physical, 48 bits virtual
power management:

processor	: 2
vendor_id	: GenuineIntel
cpu family	: 6
model		: 37
model name	: Intel(R) Core(TM) i3 CPU       M 380  @ 2.53GHz
stepping	: 5
microcode	: 0x2
cpu MHz		: 2533.000
cache size	: 3072 KB
physical id	: 0
siblings	: 4
core id		: 2
cpu cores	: 2
apicid		: 4
initial apicid	: 4
fpu		: yes
fpu_exception	: yes
cpuid level	: 11
wp		: yes
flags		: fpu vme de pse tsc msr pae mce cx8 apic sep mtrr pge mca cmov pat pse36 clflush dts acpi mmx fxsr sse sse2 ss ht tm pbe syscall nx rdtscp lm constant_tsc arch_perfmon pebs bts rep_good nopl xtopology nonstop_tsc aperfmperf pni dtes64 monitor ds_cpl vmx est tm2 ssse3 cx16 xtpr pdcm pcid sse4_1 sse4_2 popcnt lahf_lm arat dtherm tpr_shadow vnmi flexpriority ept vpid
bogomips	: 5054.09
clflush size	: 64
cache_alignment	: 64
address sizes	: 36 bits physical, 48 bits virtual
power management:

processor	: 3
vendor_id	: GenuineIntel
cpu family	: 6
model		: 37
model name	: Intel(R) Core(TM) i3 CPU       M 380  @ 2.53GHz
stepping	: 5
microcode	: 0x2
cpu MHz		: 2533.000
cache size	: 3072 KB
physical id	: 0
siblings	: 4
core id		: 2
cpu cores	: 2
apicid		: 5
initial apicid	: 5
fpu		: yes
fpu_exception	: yes
cpuid level	: 11
wp		: yes
flags		: fpu vme de pse tsc msr pae mce cx8 apic sep mtrr pge mca cmov pat pse36 clflush dts acpi mmx fxsr sse sse2 ss ht tm pbe syscall nx rdtscp lm constant_tsc arch_perfmon pebs bts rep_good nopl xtopology nonstop_tsc aperfmperf pni dtes64 monitor ds_cpl vmx est tm2 ssse3 cx16 xtpr pdcm pcid sse4_1 sse4_2 popcnt lahf_lm arat dtherm tpr_shadow vnmi flexpriority ept vpid
bogomips	: 5054.09
clflush size	: 64
cache_alignment	: 64
address sizes	: 36 bits physical, 48 bits virtual
power management:



Memory: 4k page, physical 3715476k(2329256k free), swap 3856380k(3856380k free)

vm_info: OpenJDK 64-Bit Server VM (24.45-b08) for linux-amd64 JRE (1.7.0_51-b00), built on Jan 15 2014 22:02:57 by "buildd" with gcc 4.8.1

time: Fri Apr 25 12:34:34 2014
elapsed time: 4 seconds

