#
# A fatal error has been detected by the Java Runtime Environment:
#
#  SIGSEGV (0xb) at pc=0x00007f23b4173d57, pid=24343, tid=139791770588928
#
# JRE version: OpenJDK Runtime Environment (7.0_51) (build 1.7.0_51-b00)
# Java VM: OpenJDK 64-Bit Server VM (24.45-b08 mixed mode linux-amd64 compressed oops)
# Problematic frame:
# C  [librb_tree.so+0x1d57]  getPrev+0x24
#
# Failed to write core dump. Core dumps have been disabled. To enable core dumping, try "ulimit -c unlimited" before starting Java again
#
# If you would like to submit a bug report, please include
# instructions on how to reproduce the bug and visit:
#   http://icedtea.classpath.org/bugzilla
# The crash happened outside the Java Virtual Machine in native code.
# See problematic frame for where to report the bug.
#

---------------  T H R E A D  ---------------

Current thread (0x00007f23c800a800):  JavaThread "main" [_thread_in_native, id=24368, stack(0x00007f23ceb41000,0x00007f23ced42000)]

siginfo:si_signo=SIGSEGV: si_errno=0, si_code=1 (SEGV_MAPERR), si_addr=0x0000000000000000

Registers:
RAX=0x0000000000000000, RBX=0x00000000d79ae078, RCX=0xffffffffffffffff, RDX=0x00007f23d0d1d9f0
RSP=0x00007f23ced3f010, RBP=0x00007f23ced3f030, RSI=0x00007f23c4062000, RDI=0x00000000ffffffff
R8 =0x7665725074656720, R9 =0x0000000000000020, R10=0x00007f23ced3edb0, R11=0x0000000000000000
R12=0x0000000000000000, R13=0x00000000d79ae078, R14=0x00007f23ced3f168, R15=0x00007f23c800a800
RIP=0x00007f23b4173d57, EFLAGS=0x0000000000010246, CSGSFS=0x0000000000000033, ERR=0x0000000000000004
  TRAPNO=0x000000000000000e

Top of Stack: (sp=0x00007f23ced3f010)
0x00007f23ced3f010:   0000000000000000 0000000000000000
0x00007f23ced3f020:   0000000000000020 0000000000000000
0x00007f23ced3f030:   00007f23ced3f080 00007f237fdfdd98
0x00007f23ced3f040:   4008000000000000 00007f23c817f930
0x00007f23ced3f050:   00007f23c817fcb0 00007f23c817fa50
0x00007f23ced3f060:   00007f23c817fc50 0000000000000000
0x00007f23ced3f070:   00007f23ced3f070 00000000d69ffdfd
0x00007f23ced3f080:   00007f23c83f9a40 00007f23b5189cd9
0x00007f23ced3f090:   00000000d7d33430 00000000d79ae078
0x00007f23ced3f0a0:   00007f23ced3f120 00007f23c5012738
0x00007f23ced3f0b0:   00007f23ced3f110 00007f23c5006233
0x00007f23ced3f0c0:   00000000f6b70ba8 00000000f6b9f878
0x00007f23ced3f0d0:   00007f23ced3f0d0 00000000d69ff00f
0x00007f23ced3f0e0:   00007f23ced3f0e0 0000000000000000
0x00007f23ced3f0f0:   00007f23ced3f168 00000000d79b65a0
0x00007f23ced3f100:   0000000000000000 00000000d79ae078
0x00007f23ced3f110:   0000000000000000 00007f23ced3f140
0x00007f23ced3f120:   00007f23ced3f1b0 00007f23c5006175
0x00007f23ced3f130:   00000000e116ff10 00007f23c500ecd7
0x00007f23ced3f140:   00007f23c817f930 00007f23c50da32c
0x00007f23ced3f150:   00007f237fdfdbc5 00000000f6a919c0
0x00007f23ced3f160:   00007f23c83f9a40 00000000d69fba80
0x00007f23ced3f170:   00007f23ced3f170 00000000d7aaaedf
0x00007f23ced3f180:   00007f23ced3f1e8 00000000d7ab7138
0x00007f23ced3f190:   00000000d7ed6538 00000000d7aaaf20
0x00007f23ced3f1a0:   00007f23ced3f140 00007f23ced3f1c0
0x00007f23ced3f1b0:   00007f23ced3f238 00007f23c5006175
0x00007f23ced3f1c0:   00007f23c817f930 00000000f757fd30
0x00007f23ced3f1d0:   00007f237fdfdbc5 0000000000000000
0x00007f23ced3f1e0:   00000000e0ff8358 00000000e11728b8
0x00007f23ced3f1f0:   00000000f7ac4d08 00007f23ced3f1f8
0x00007f23ced3f200:   00000000d7edecbc 00007f23ced3f280 

Instructions: (pc=0x00007f23b4173d57)
0x00007f23b4173d37:   48 83 ec 20 48 89 7d e8 48 8d 3d 17 01 00 00 e8
0x00007f23b4173d47:   05 ef ff ff 48 8b 45 e8 48 89 45 f8 48 8b 45 f8
0x00007f23b4173d57:   48 8b 00 48 85 c0 74 3d 48 8d 3d 10 01 00 00 b8
0x00007f23b4173d67:   00 00 00 00 e8 10 ef ff ff 48 8b 45 f8 48 8b 00 

Register to memory mapping:

RAX=0x0000000000000000 is an unknown value
RBX=0x00000000d79ae078 is an oop
{method} 
 - klass: {other class}
RCX=0xffffffffffffffff is an unknown value
RDX=0x00007f23d0d1d9f0: <offset 0x3c39f0> in /lib/x86_64-linux-gnu/libc.so.6 at 0x00007f23d095a000
RSP=0x00007f23ced3f010 is pointing into the stack for thread: 0x00007f23c800a800
RBP=0x00007f23ced3f030 is pointing into the stack for thread: 0x00007f23c800a800
RSI=0x00007f23c4062000 is an unknown value
RDI=0x00000000ffffffff is an unallocated location in the heap
R8 =0x7665725074656720 is an unknown value
R9 =0x0000000000000020 is an unknown value
R10=0x00007f23ced3edb0 is pointing into the stack for thread: 0x00007f23c800a800
R11=0x0000000000000000 is an unknown value
R12=0x0000000000000000 is an unknown value
R13=0x00000000d79ae078 is an oop
{method} 
 - klass: {other class}
R14=0x00007f23ced3f168 is pointing into the stack for thread: 0x00007f23c800a800
R15=0x00007f23c800a800 is a thread


Stack: [0x00007f23ceb41000,0x00007f23ced42000],  sp=0x00007f23ced3f010,  free space=2040k
Native frames: (J=compiled Java code, j=interpreted, Vv=VM code, C=native code)
C  [librb_tree.so+0x1d57]  getPrev+0x24
C  [libintersection.so+0xd98]  find_intersections+0x1d3

Java frames: (J=compiled Java code, j=interpreted, Vv=VM code)
j  com.kenai.jffi.Foreign.invokeL1(JJJ)J+0
j  com.kenai.jffi.Invoker.invokeL1(Lcom/kenai/jffi/CallContext;JJ)J+7
j  org.jruby.ext.ffi.jffi.NativeInvoker$ffi$8.call(Lorg/jruby/runtime/ThreadContext;Lorg/jruby/runtime/builtin/IRubyObject;Lorg/jruby/RubyModule;Ljava/lang/String;Lorg/jruby/runtime/builtin/IRubyObject;)Lorg/jruby/runtime/builtin/IRubyObject;+76
j  org.jruby.runtime.callsite.CachingCallSite.cacheAndCall(Lorg/jruby/runtime/builtin/IRubyObject;Lorg/jruby/RubyClass;Lorg/jruby/runtime/ThreadContext;Lorg/jruby/runtime/builtin/IRubyObject;Lorg/jruby/runtime/builtin/IRubyObject;)Lorg/jruby/runtime/builtin/IRubyObject;+57
J  org.jruby.runtime.callsite.CachingCallSite.call(Lorg/jruby/runtime/ThreadContext;Lorg/jruby/runtime/builtin/IRubyObject;Lorg/jruby/runtime/builtin/IRubyObject;Lorg/jruby/runtime/builtin/IRubyObject;)Lorg/jruby/runtime/builtin/IRubyObject;
J  org.jruby.ast.CallOneArgNode.interpret(Lorg/jruby/Ruby;Lorg/jruby/runtime/ThreadContext;Lorg/jruby/runtime/builtin/IRubyObject;Lorg/jruby/runtime/Block;)Lorg/jruby/runtime/builtin/IRubyObject;
j  org.jruby.ast.LocalAsgnNode.interpret(Lorg/jruby/Ruby;Lorg/jruby/runtime/ThreadContext;Lorg/jruby/runtime/builtin/IRubyObject;Lorg/jruby/runtime/Block;)Lorg/jruby/runtime/builtin/IRubyObject;+30
J  org.jruby.ast.BlockNode.interpret(Lorg/jruby/Ruby;Lorg/jruby/runtime/ThreadContext;Lorg/jruby/runtime/builtin/IRubyObject;Lorg/jruby/runtime/Block;)Lorg/jruby/runtime/builtin/IRubyObject;
j  org.jruby.evaluator.ASTInterpreter.INTERPRET_METHOD(Lorg/jruby/Ruby;Lorg/jruby/runtime/ThreadContext;Ljava/lang/String;ILorg/jruby/RubyModule;Lorg/jruby/ast/Node;Ljava/lang/String;Lorg/jruby/runtime/builtin/IRubyObject;Lorg/jruby/runtime/Block;Z)Lorg/jruby/runtime/builtin/IRubyObject;+30
j  org.jruby.internal.runtime.methods.InterpretedMethod.call(Lorg/jruby/runtime/ThreadContext;Lorg/jruby/runtime/builtin/IRubyObject;Lorg/jruby/RubyModule;Ljava/lang/String;)Lorg/jruby/runtime/builtin/IRubyObject;+80
j  org.jruby.internal.runtime.methods.DefaultMethod.call(Lorg/jruby/runtime/ThreadContext;Lorg/jruby/runtime/builtin/IRubyObject;Lorg/jruby/RubyModule;Ljava/lang/String;)Lorg/jruby/runtime/builtin/IRubyObject;+20
J  org.jruby.ast.CallNoArgNode.interpret(Lorg/jruby/Ruby;Lorg/jruby/runtime/ThreadContext;Lorg/jruby/runtime/builtin/IRubyObject;Lorg/jruby/runtime/Block;)Lorg/jruby/runtime/builtin/IRubyObject;
j  org.jruby.ast.FCallTwoArgNode.interpret(Lorg/jruby/Ruby;Lorg/jruby/runtime/ThreadContext;Lorg/jruby/runtime/builtin/IRubyObject;Lorg/jruby/runtime/Block;)Lorg/jruby/runtime/builtin/IRubyObject;+28
J  org.jruby.ast.BlockNode.interpret(Lorg/jruby/Ruby;Lorg/jruby/runtime/ThreadContext;Lorg/jruby/runtime/builtin/IRubyObject;Lorg/jruby/runtime/Block;)Lorg/jruby/runtime/builtin/IRubyObject;
j  org.jruby.evaluator.ASTInterpreter.INTERPRET_METHOD(Lorg/jruby/Ruby;Lorg/jruby/runtime/ThreadContext;Ljava/lang/String;ILorg/jruby/RubyModule;Lorg/jruby/ast/Node;Ljava/lang/String;Lorg/jruby/runtime/builtin/IRubyObject;Lorg/jruby/runtime/Block;Z)Lorg/jruby/runtime/builtin/IRubyObject;+30
j  org.jruby.internal.runtime.methods.InterpretedMethod.call(Lorg/jruby/runtime/ThreadContext;Lorg/jruby/runtime/builtin/IRubyObject;Lorg/jruby/RubyModule;Ljava/lang/String;)Lorg/jruby/runtime/builtin/IRubyObject;+80
j  org.jruby.internal.runtime.methods.DefaultMethod.call(Lorg/jruby/runtime/ThreadContext;Lorg/jruby/runtime/builtin/IRubyObject;Lorg/jruby/RubyModule;Ljava/lang/String;)Lorg/jruby/runtime/builtin/IRubyObject;+20
j  org.jruby.runtime.callsite.CachingCallSite.cacheAndCall(Lorg/jruby/runtime/builtin/IRubyObject;Lorg/jruby/RubyClass;Lorg/jruby/runtime/ThreadContext;Lorg/jruby/runtime/builtin/IRubyObject;)Lorg/jruby/runtime/builtin/IRubyObject;+53
j  org.jruby.runtime.callsite.CachingCallSite.call(Lorg/jruby/runtime/ThreadContext;Lorg/jruby/runtime/builtin/IRubyObject;Lorg/jruby/runtime/builtin/IRubyObject;)Lorg/jruby/runtime/builtin/IRubyObject;+46
j  Makefile.method__3$RUBY$test(LMakefile;Lorg/jruby/runtime/ThreadContext;Lorg/jruby/runtime/builtin/IRubyObject;Lorg/jruby/runtime/Block;)Lorg/jruby/runtime/builtin/IRubyObject;+130
j  Makefile$method__3$RUBY$test.call(Lorg/jruby/runtime/ThreadContext;Lorg/jruby/runtime/builtin/IRubyObject;Lorg/jruby/RubyModule;Ljava/lang/String;Lorg/jruby/runtime/Block;)Lorg/jruby/runtime/builtin/IRubyObject;+17
j  org.jruby.RubyClass.finvoke(Lorg/jruby/runtime/ThreadContext;Lorg/jruby/runtime/builtin/IRubyObject;Ljava/lang/String;Lorg/jruby/runtime/Block;)Lorg/jruby/runtime/builtin/IRubyObject;+41
j  org.jruby.RubyBasicObject.send19(Lorg/jruby/runtime/ThreadContext;Lorg/jruby/runtime/builtin/IRubyObject;Lorg/jruby/runtime/Block;)Lorg/jruby/runtime/builtin/IRubyObject;+15
j  org.jruby.RubyKernel.send19(Lorg/jruby/runtime/ThreadContext;Lorg/jruby/runtime/builtin/IRubyObject;Lorg/jruby/runtime/builtin/IRubyObject;Lorg/jruby/runtime/Block;)Lorg/jruby/runtime/builtin/IRubyObject;+7
j  org.jruby.RubyKernel$INVOKER$s$send19.call(Lorg/jruby/runtime/ThreadContext;Lorg/jruby/runtime/builtin/IRubyObject;Lorg/jruby/RubyModule;Ljava/lang/String;Lorg/jruby/runtime/builtin/IRubyObject;Lorg/jruby/runtime/Block;)Lorg/jruby/runtime/builtin/IRubyObject;+6
j  org.jruby.internal.runtime.methods.JavaMethod$JavaMethodOneOrNBlock.call(Lorg/jruby/runtime/ThreadContext;Lorg/jruby/runtime/builtin/IRubyObject;Lorg/jruby/RubyModule;Ljava/lang/String;Lorg/jruby/runtime/builtin/IRubyObject;)Lorg/jruby/runtime/builtin/IRubyObject;+11
j  org.jruby.runtime.callsite.CachingCallSite.call(Lorg/jruby/runtime/ThreadContext;Lorg/jruby/runtime/builtin/IRubyObject;Lorg/jruby/runtime/builtin/IRubyObject;Lorg/jruby/runtime/builtin/IRubyObject;)Lorg/jruby/runtime/builtin/IRubyObject;+38
j  Makefile.block_7$RUBY$__file__(LMakefile;Lorg/jruby/runtime/ThreadContext;Lorg/jruby/runtime/builtin/IRubyObject;[Lorg/jruby/runtime/builtin/IRubyObject;Lorg/jruby/runtime/Block;)Lorg/jruby/runtime/builtin/IRubyObject;+46
j  Makefile$block_7$RUBY$__file__.call(Lorg/jruby/runtime/ThreadContext;Lorg/jruby/runtime/builtin/IRubyObject;[Lorg/jruby/runtime/builtin/IRubyObject;Lorg/jruby/runtime/Block;)Lorg/jruby/runtime/builtin/IRubyObject;+9
j  org.jruby.runtime.CompiledBlock19.yield(Lorg/jruby/runtime/ThreadContext;Lorg/jruby/runtime/builtin/IRubyObject;Lorg/jruby/runtime/Binding;Lorg/jruby/runtime/Block$Type;)Lorg/jruby/runtime/builtin/IRubyObject;+52
j  org.jruby.runtime.Block.yield(Lorg/jruby/runtime/ThreadContext;Lorg/jruby/runtime/builtin/IRubyObject;)Lorg/jruby/runtime/builtin/IRubyObject;+14
j  org.jruby.RubyArray.eachCommon(Lorg/jruby/runtime/ThreadContext;Lorg/jruby/runtime/Block;)Lorg/jruby/runtime/builtin/IRubyObject;+41
j  org.jruby.RubyArray.each(Lorg/jruby/runtime/ThreadContext;Lorg/jruby/runtime/Block;)Lorg/jruby/runtime/builtin/IRubyObject;+10
j  org.jruby.RubyArray$INVOKER$i$0$0$each.call(Lorg/jruby/runtime/ThreadContext;Lorg/jruby/runtime/builtin/IRubyObject;Lorg/jruby/RubyModule;Ljava/lang/String;Lorg/jruby/runtime/Block;)Lorg/jruby/runtime/builtin/IRubyObject;+7
j  org.jruby.runtime.callsite.CachingCallSite.cacheAndCall(Lorg/jruby/runtime/builtin/IRubyObject;Lorg/jruby/RubyClass;Lorg/jruby/runtime/Block;Lorg/jruby/runtime/ThreadContext;Lorg/jruby/runtime/builtin/IRubyObject;)Lorg/jruby/runtime/builtin/IRubyObject;+57
j  org.jruby.runtime.callsite.CachingCallSite.callBlock(Lorg/jruby/runtime/ThreadContext;Lorg/jruby/runtime/builtin/IRubyObject;Lorg/jruby/runtime/builtin/IRubyObject;Lorg/jruby/runtime/Block;)Lorg/jruby/runtime/builtin/IRubyObject;+50
j  org.jruby.runtime.callsite.CachingCallSite.callIter(Lorg/jruby/runtime/ThreadContext;Lorg/jruby/runtime/builtin/IRubyObject;Lorg/jruby/runtime/builtin/IRubyObject;Lorg/jruby/runtime/Block;)Lorg/jruby/runtime/builtin/IRubyObject;+6
j  Makefile.__file__(LMakefile;Lorg/jruby/runtime/ThreadContext;Lorg/jruby/runtime/builtin/IRubyObject;[Lorg/jruby/runtime/builtin/IRubyObject;Lorg/jruby/runtime/Block;)Lorg/jruby/runtime/builtin/IRubyObject;+938
j  Makefile.load(Lorg/jruby/runtime/ThreadContext;Lorg/jruby/runtime/builtin/IRubyObject;Z)Lorg/jruby/runtime/builtin/IRubyObject;+22
j  org.jruby.Ruby.runScript(Lorg/jruby/ast/executable/Script;Z)Lorg/jruby/runtime/builtin/IRubyObject;+12
j  org.jruby.Ruby.runScript(Lorg/jruby/ast/executable/Script;)Lorg/jruby/runtime/builtin/IRubyObject;+3
j  org.jruby.Ruby.runNormally(Lorg/jruby/ast/Node;)Lorg/jruby/runtime/builtin/IRubyObject;+73
j  org.jruby.Ruby.runFromMain(Ljava/io/InputStream;Ljava/lang/String;)V+320
j  org.jruby.Main.doRunFromMain(Lorg/jruby/Ruby;Ljava/io/InputStream;Ljava/lang/String;)Lorg/jruby/Main$Status;+12
j  org.jruby.Main.internalRun()Lorg/jruby/Main$Status;+234
j  org.jruby.Main.run([Ljava/lang/String;)Lorg/jruby/Main$Status;+9
j  org.jruby.Main.main([Ljava/lang/String;)V+35
v  ~StubRoutines::call_stub

---------------  P R O C E S S  ---------------

Java Threads: ( => current thread )
  0x00007f23c825b000 JavaThread "JRubyJIT-2" daemon [_thread_blocked, id=24504, stack(0x00007f23b497e000,0x00007f23b4b7f000)]
  0x00007f23c836c800 JavaThread "process reaper" daemon [_thread_blocked, id=24384, stack(0x00007f23c4063000,0x00007f23c409c000)]
  0x00007f23c8410800 JavaThread "JRubyJIT-1" daemon [_thread_blocked, id=24381, stack(0x00007f23b4f81000,0x00007f23b5182000)]
  0x00007f23c80ae000 JavaThread "Service Thread" daemon [_thread_blocked, id=24379, stack(0x00007f23b6bfa000,0x00007f23b6dfb000)]
  0x00007f23c80ab800 JavaThread "C2 CompilerThread1" daemon [_thread_in_native, id=24378, stack(0x00007f23b6dfb000,0x00007f23b6efc000)]
  0x00007f23c80a8800 JavaThread "C2 CompilerThread0" daemon [_thread_in_native, id=24377, stack(0x00007f23b6efc000,0x00007f23b6ffd000)]
  0x00007f23c80a6800 JavaThread "Signal Dispatcher" daemon [_thread_blocked, id=24376, stack(0x00007f23b6ffd000,0x00007f23b71fe000)]
  0x00007f23c8082800 JavaThread "Finalizer" daemon [_thread_blocked, id=24375, stack(0x00007f23b75f8000,0x00007f23b77f9000)]
  0x00007f23c8080800 JavaThread "Reference Handler" daemon [_thread_blocked, id=24374, stack(0x00007f23b77f9000,0x00007f23b79fa000)]
=>0x00007f23c800a800 JavaThread "main" [_thread_in_native, id=24368, stack(0x00007f23ceb41000,0x00007f23ced42000)]

Other Threads:
  0x00007f23c807c800 VMThread [stack: 0x00007f23b79fa000,0x00007f23b7afb000] [id=24373]
  0x00007f23c80b8800 WatcherThread [stack: 0x00007f23b6af9000,0x00007f23b6bfa000] [id=24380]

VM state:not at safepoint (normal execution)

VM Mutex/Monitor currently owned by a thread: None

Heap
 PSYoungGen      total 32768K, used 31535K [0x00000000f5900000, 0x00000000f7b00000, 0x0000000100000000)
  eden space 30720K, 96% used [0x00000000f5900000,0x00000000f75d28f8,0x00000000f7700000)
  from space 2048K, 98% used [0x00000000f7900000,0x00000000f7af9538,0x00000000f7b00000)
  to   space 2048K, 0% used [0x00000000f7700000,0x00000000f7700000,0x00000000f7900000)
 ParOldGen       total 38400K, used 5888K [0x00000000e0c00000, 0x00000000e3180000, 0x00000000f5900000)
  object space 38400K, 15% used [0x00000000e0c00000,0x00000000e11c0390,0x00000000e3180000)
 PSPermGen       total 25600K, used 25478K [0x00000000d6600000, 0x00000000d7f00000, 0x00000000e0c00000)
  object space 25600K, 99% used [0x00000000d6600000,0x00000000d7ee1ab8,0x00000000d7f00000)

Card table byte_map: [0x00007f23cd967000,0x00007f23cdab5000] byte_map_base: 0x00007f23cd2b4000

Polling page: 0x00007f23d114f000

Code Cache  [0x00007f23c5000000, 0x00007f23c5270000, 0x00007f23c8000000)
 total_blobs=951 nmethods=472 adapters=433 free_code_cache=47605Kb largest_free_block=48708160

Compilation events (10 events):
Event: 10,585 Thread 0x00007f23c80a8800  505             org.jruby.RubyArray::append (113 bytes)
Event: 10,587 Thread 0x00007f23c80ab800  506             org.jruby.runtime.callsite.CachingCallSite::callBlock (58 bytes)
Event: 10,610 Thread 0x00007f23c80ab800 nmethod 506 0x00007f23c5186f50 code [0x00007f23c51870e0, 0x00007f23c51874c8]
Event: 10,610 Thread 0x00007f23c80ab800  507             org.jruby.runtime.callsite.CachingCallSite::call (12 bytes)
Event: 10,612 Thread 0x00007f23c80a8800 nmethod 505 0x00007f23c5187dd0 code [0x00007f23c5187fe0, 0x00007f23c5188920]
Event: 10,613 Thread 0x00007f23c80a8800  508             org.jruby.RubyClass::newInstance (26 bytes)
Event: 10,631 Thread 0x00007f23c80ab800 nmethod 507 0x00007f23c518b790 code [0x00007f23c518b920, 0x00007f23c518bd08]
Event: 10,631 Thread 0x00007f23c80ab800  509             org.jruby.ext.ffi.Type::getNativeSize (5 bytes)
Event: 10,632 Thread 0x00007f23c80ab800 nmethod 509 0x00007f23c50dd7d0 code [0x00007f23c50dd900, 0x00007f23c50dd958]
Event: 10,632 Thread 0x00007f23c80ab800  510             org.jruby.ext.ffi.MappedType::fromNative (22 bytes)

GC Heap History (4 events):
Event: 3,363 GC heap before
{Heap before GC invocations=1 (full 0):
 PSYoungGen      total 17408K, used 15360K [0x00000000f5900000, 0x00000000f6c00000, 0x0000000100000000)
  eden space 15360K, 100% used [0x00000000f5900000,0x00000000f6800000,0x00000000f6800000)
  from space 2048K, 0% used [0x00000000f6a00000,0x00000000f6a00000,0x00000000f6c00000)
  to   space 2048K, 0% used [0x00000000f6800000,0x00000000f6800000,0x00000000f6a00000)
 ParOldGen       total 38400K, used 0K [0x00000000e0c00000, 0x00000000e3180000, 0x00000000f5900000)
  object space 38400K, 0% used [0x00000000e0c00000,0x00000000e0c00000,0x00000000e3180000)
 PSPermGen       total 21504K, used 18949K [0x00000000d6600000, 0x00000000d7b00000, 0x00000000e0c00000)
  object space 21504K, 88% used [0x00000000d6600000,0x00000000d78816c8,0x00000000d7b00000)
Event: 3,416 GC heap after
Heap after GC invocations=1 (full 0):
 PSYoungGen      total 17408K, used 2023K [0x00000000f5900000, 0x00000000f7b00000, 0x0000000100000000)
  eden space 15360K, 0% used [0x00000000f5900000,0x00000000f5900000,0x00000000f6800000)
  from space 2048K, 98% used [0x00000000f6800000,0x00000000f69f9f98,0x00000000f6a00000)
  to   space 2048K, 0% used [0x00000000f7900000,0x00000000f7900000,0x00000000f7b00000)
 ParOldGen       total 38400K, used 3810K [0x00000000e0c00000, 0x00000000e3180000, 0x00000000f5900000)
  object space 38400K, 9% used [0x00000000e0c00000,0x00000000e0fb8ab8,0x00000000e3180000)
 PSPermGen       total 21504K, used 18949K [0x00000000d6600000, 0x00000000d7b00000, 0x00000000e0c00000)
  object space 21504K, 88% used [0x00000000d6600000,0x00000000d78816c8,0x00000000d7b00000)
}
Event: 6,174 GC heap before
{Heap before GC invocations=2 (full 0):
 PSYoungGen      total 17408K, used 17383K [0x00000000f5900000, 0x00000000f7b00000, 0x0000000100000000)
  eden space 15360K, 100% used [0x00000000f5900000,0x00000000f6800000,0x00000000f6800000)
  from space 2048K, 98% used [0x00000000f6800000,0x00000000f69f9f98,0x00000000f6a00000)
  to   space 2048K, 0% used [0x00000000f7900000,0x00000000f7900000,0x00000000f7b00000)
 ParOldGen       total 38400K, used 3810K [0x00000000e0c00000, 0x00000000e3180000, 0x00000000f5900000)
  object space 38400K, 9% used [0x00000000e0c00000,0x00000000e0fb8ab8,0x00000000e3180000)
 PSPermGen       total 23552K, used 23439K [0x00000000d6600000, 0x00000000d7d00000, 0x00000000e0c00000)
  object space 23552K, 99% used [0x00000000d6600000,0x00000000d7ce3d08,0x00000000d7d00000)
Event: 6,233 GC heap after
Heap after GC invocations=2 (full 0):
 PSYoungGen      total 32768K, used 2021K [0x00000000f5900000, 0x00000000f7b00000, 0x0000000100000000)
  eden space 30720K, 0% used [0x00000000f5900000,0x00000000f5900000,0x00000000f7700000)
  from space 2048K, 98% used [0x00000000f7900000,0x00000000f7af9538,0x00000000f7b00000)
  to   space 2048K, 0% used [0x00000000f7700000,0x00000000f7700000,0x00000000f7900000)
 ParOldGen       total 38400K, used 5888K [0x00000000e0c00000, 0x00000000e3180000, 0x00000000f5900000)
  object space 38400K, 15% used [0x00000000e0c00000,0x00000000e11c0390,0x00000000e3180000)
 PSPermGen       total 23552K, used 23439K [0x00000000d6600000, 0x00000000d7d00000, 0x00000000e0c00000)
  object space 23552K, 99% used [0x00000000d6600000,0x00000000d7ce3d08,0x00000000d7d00000)
}

Deoptimization events (10 events):
Event: 10,600 Thread 0x00007f23c800a800 Uncommon trap: reason=class_check action=maybe_recompile pc=0x00007f23c50db904 method=org.jruby.ext.ffi.StructByReference.to_native(Lorg/jruby/runtime/ThreadContext;Lorg/jruby/runtime/builtin/IRubyObject;Lorg/jruby/runtime/builtin/IRubyObject;)Lorg/jruby/
Event: 10,602 Thread 0x00007f23c800a800 Uncommon trap: reason=unreached action=reinterpret pc=0x00007f23c51711b0 method=org.jruby.runtime.Helpers.restructureBlockArgs19(Lorg/jruby/runtime/builtin/IRubyObject;Lorg/jruby/runtime/Arity;Lorg/jruby/runtime/Block$Type;ZZ)[Lorg/jruby/runtime/builtin/I
Event: 10,603 Thread 0x00007f23c800a800 Uncommon trap: reason=bimorphic action=maybe_recompile pc=0x00007f23c50dde48 method=org.jruby.RubyClass.allocate()Lorg/jruby/runtime/builtin/IRubyObject; @ 54
Event: 10,604 Thread 0x00007f23c800a800 Uncommon trap: reason=bimorphic action=maybe_recompile pc=0x00007f23c50dde48 method=org.jruby.RubyClass.allocate()Lorg/jruby/runtime/builtin/IRubyObject; @ 54
Event: 10,604 Thread 0x00007f23c800a800 Uncommon trap: reason=class_check action=maybe_recompile pc=0x00007f23c517a4e4 method=org.jruby.runtime.ivars.VariableAccessor.get(Ljava/lang/Object;)Ljava/lang/Object; @ 1
Event: 10,604 Thread 0x00007f23c800a800 Uncommon trap: reason=class_check action=maybe_recompile pc=0x00007f23c517a4e4 method=org.jruby.runtime.ivars.VariableAccessor.get(Ljava/lang/Object;)Ljava/lang/Object; @ 1
Event: 10,604 Thread 0x00007f23c800a800 Uncommon trap: reason=class_check action=maybe_recompile pc=0x00007f23c517a4e4 method=org.jruby.runtime.ivars.VariableAccessor.get(Ljava/lang/Object;)Ljava/lang/Object; @ 1
Event: 10,604 Thread 0x00007f23c800a800 Uncommon trap: reason=class_check action=maybe_recompile pc=0x00007f23c517a4e4 method=org.jruby.runtime.ivars.VariableAccessor.get(Ljava/lang/Object;)Ljava/lang/Object; @ 1
Event: 10,605 Thread 0x00007f23c800a800 Uncommon trap: reason=bimorphic action=maybe_recompile pc=0x00007f23c50dde48 method=org.jruby.RubyClass.allocate()Lorg/jruby/runtime/builtin/IRubyObject; @ 54
Event: 10,605 Thread 0x00007f23c800a800 Uncommon trap: reason=bimorphic action=maybe_recompile pc=0x00007f23c50dde48 method=org.jruby.RubyClass.allocate()Lorg/jruby/runtime/builtin/IRubyObject; @ 54

Internal exceptions (10 events):
Event: 9,266 Thread 0x00007f23c800a800 Threw 0x00000000f6d6c6d8 at /build/buildd/openjdk-7-7u51-2.4.4/build/openjdk/hotspot/src/share/vm/prims/jvm.cpp:1244
Event: 9,267 Thread 0x00007f23c800a800 Threw 0x00000000f6d6d188 at /build/buildd/openjdk-7-7u51-2.4.4/build/openjdk/hotspot/src/share/vm/prims/jvm.cpp:1244
Event: 9,270 Thread 0x00007f23c800a800 Threw 0x00000000f6d78cf8 at /build/buildd/openjdk-7-7u51-2.4.4/build/openjdk/hotspot/src/share/vm/prims/jvm.cpp:1244
Event: 9,271 Thread 0x00007f23c800a800 Threw 0x00000000f6d7adb8 at /build/buildd/openjdk-7-7u51-2.4.4/build/openjdk/hotspot/src/share/vm/prims/jvm.cpp:1244
Event: 9,271 Thread 0x00007f23c800a800 Threw 0x00000000f6d7b868 at /build/buildd/openjdk-7-7u51-2.4.4/build/openjdk/hotspot/src/share/vm/prims/jvm.cpp:1244
Event: 9,271 Thread 0x00007f23c800a800 Threw 0x00000000f6d7d708 at /build/buildd/openjdk-7-7u51-2.4.4/build/openjdk/hotspot/src/share/vm/prims/jvm.cpp:1244
Event: 9,272 Thread 0x00007f23c800a800 Threw 0x00000000f6d7f7c8 at /build/buildd/openjdk-7-7u51-2.4.4/build/openjdk/hotspot/src/share/vm/prims/jvm.cpp:1244
Event: 9,272 Thread 0x00007f23c800a800 Threw 0x00000000f6d80278 at /build/buildd/openjdk-7-7u51-2.4.4/build/openjdk/hotspot/src/share/vm/prims/jvm.cpp:1244
Event: 10,621 Thread 0x00007f23c825b000 Threw 0x00000000f6b40958 at /build/buildd/openjdk-7-7u51-2.4.4/build/openjdk/hotspot/src/share/vm/prims/jvm.cpp:1244
Event: 10,621 Thread 0x00007f23c825b000 Threw 0x00000000f759fea0 at /build/buildd/openjdk-7-7u51-2.4.4/build/openjdk/hotspot/src/share/vm/prims/jvm.cpp:1244

Events (10 events):
Event: 10,604 Thread 0x00007f23c800a800 DEOPT PACKING pc=0x00007f23c517a4e4 sp=0x00007f23ced3e2b0
Event: 10,604 Thread 0x00007f23c800a800 DEOPT UNPACKING pc=0x00007f23c5039045 sp=0x00007f23ced3e278 mode 2
Event: 10,605 Thread 0x00007f23c800a800 Uncommon trap: trap_request=0xffffffc6 fr.pc=0x00007f23c50dde48
Event: 10,605 Thread 0x00007f23c800a800 DEOPT PACKING pc=0x00007f23c50dde48 sp=0x00007f23ced3e6a0
Event: 10,605 Thread 0x00007f23c800a800 DEOPT UNPACKING pc=0x00007f23c5039045 sp=0x00007f23ced3e690 mode 2
Event: 10,605 Thread 0x00007f23c800a800 Uncommon trap: trap_request=0xffffffc6 fr.pc=0x00007f23c50dde48
Event: 10,605 Thread 0x00007f23c800a800 DEOPT PACKING pc=0x00007f23c50dde48 sp=0x00007f23ced3e6a0
Event: 10,605 Thread 0x00007f23c800a800 DEOPT UNPACKING pc=0x00007f23c5039045 sp=0x00007f23ced3e690 mode 2
Event: 10,621 loading class 0x00007f2378000d70
Event: 10,621 loading class 0x00007f2378000d70 done


Dynamic libraries:
00400000-00401000 r-xp 00000000 08:01 15861394                           /usr/lib/jvm/java-7-openjdk-amd64/jre/bin/java
00600000-00601000 r--p 00000000 08:01 15861394                           /usr/lib/jvm/java-7-openjdk-amd64/jre/bin/java
00601000-00602000 rw-p 00001000 08:01 15861394                           /usr/lib/jvm/java-7-openjdk-amd64/jre/bin/java
011c7000-011e8000 rw-p 00000000 00:00 0                                  [heap]
d6600000-d7f00000 rw-p 00000000 00:00 0 
d7f00000-e0c00000 rw-p 00000000 00:00 0 
e0c00000-e3180000 rw-p 00000000 00:00 0 
e3180000-f5900000 rw-p 00000000 00:00 0 
f5900000-f7b00000 rw-p 00000000 00:00 0 
f7b00000-100000000 rw-p 00000000 00:00 0 
7f2378000000-7f2378021000 rw-p 00000000 00:00 0 
7f2378021000-7f237c000000 ---p 00000000 00:00 0 
7f237fdfd000-7f237fdff000 r-xp 00000000 08:01 13893852                   /home/alex/Documents/8vo_Semestre/Geometría Computacional/Lab/practica02p1/src/lib/libintersection.so
7f237fdff000-7f237fffe000 ---p 00002000 08:01 13893852                   /home/alex/Documents/8vo_Semestre/Geometría Computacional/Lab/practica02p1/src/lib/libintersection.so
7f237fffe000-7f237ffff000 r--p 00001000 08:01 13893852                   /home/alex/Documents/8vo_Semestre/Geometría Computacional/Lab/practica02p1/src/lib/libintersection.so
7f237ffff000-7f2380000000 rw-p 00002000 08:01 13893852                   /home/alex/Documents/8vo_Semestre/Geometría Computacional/Lab/practica02p1/src/lib/libintersection.so
7f2380000000-7f2380021000 rw-p 00000000 00:00 0 
7f2380021000-7f2384000000 ---p 00000000 00:00 0 
7f2384000000-7f2384021000 rw-p 00000000 00:00 0 
7f2384021000-7f2388000000 ---p 00000000 00:00 0 
7f2388000000-7f2388037000 rw-p 00000000 00:00 0 
7f2388037000-7f238c000000 ---p 00000000 00:00 0 
7f238c000000-7f238c021000 rw-p 00000000 00:00 0 
7f238c021000-7f2390000000 ---p 00000000 00:00 0 
7f2390000000-7f2390021000 rw-p 00000000 00:00 0 
7f2390021000-7f2394000000 ---p 00000000 00:00 0 
7f2394000000-7f2394021000 rw-p 00000000 00:00 0 
7f2394021000-7f2398000000 ---p 00000000 00:00 0 
7f2398000000-7f2398cbc000 rw-p 00000000 00:00 0 
7f2398cbc000-7f239c000000 ---p 00000000 00:00 0 
7f239c000000-7f239cd20000 rw-p 00000000 00:00 0 
7f239cd20000-7f23a0000000 ---p 00000000 00:00 0 
7f23a0000000-7f23a0021000 rw-p 00000000 00:00 0 
7f23a0021000-7f23a4000000 ---p 00000000 00:00 0 
7f23a4000000-7f23a4021000 rw-p 00000000 00:00 0 
7f23a4021000-7f23a8000000 ---p 00000000 00:00 0 
7f23a8000000-7f23a8021000 rw-p 00000000 00:00 0 
7f23a8021000-7f23ac000000 ---p 00000000 00:00 0 
7f23ac000000-7f23ac021000 rw-p 00000000 00:00 0 
7f23ac021000-7f23b0000000 ---p 00000000 00:00 0 
7f23b0000000-7f23b0021000 rw-p 00000000 00:00 0 
7f23b0021000-7f23b4000000 ---p 00000000 00:00 0 
7f23b4172000-7f23b4175000 r-xp 00000000 08:01 13893851                   /home/alex/Documents/8vo_Semestre/Geometría Computacional/Lab/practica02p1/src/lib/librb_tree.so
7f23b4175000-7f23b4374000 ---p 00003000 08:01 13893851                   /home/alex/Documents/8vo_Semestre/Geometría Computacional/Lab/practica02p1/src/lib/librb_tree.so
7f23b4374000-7f23b4375000 r--p 00002000 08:01 13893851                   /home/alex/Documents/8vo_Semestre/Geometría Computacional/Lab/practica02p1/src/lib/librb_tree.so
7f23b4375000-7f23b4376000 rw-p 00003000 08:01 13893851                   /home/alex/Documents/8vo_Semestre/Geometría Computacional/Lab/practica02p1/src/lib/librb_tree.so
7f23b4376000-7f23b4378000 r-xp 00000000 08:01 13893850                   /home/alex/Documents/8vo_Semestre/Geometría Computacional/Lab/practica02p1/src/lib/libdouble_linked_list.so
7f23b4378000-7f23b4577000 ---p 00002000 08:01 13893850                   /home/alex/Documents/8vo_Semestre/Geometría Computacional/Lab/practica02p1/src/lib/libdouble_linked_list.so
7f23b4577000-7f23b4578000 r--p 00001000 08:01 13893850                   /home/alex/Documents/8vo_Semestre/Geometría Computacional/Lab/practica02p1/src/lib/libdouble_linked_list.so
7f23b4578000-7f23b4579000 rw-p 00002000 08:01 13893850                   /home/alex/Documents/8vo_Semestre/Geometría Computacional/Lab/practica02p1/src/lib/libdouble_linked_list.so
7f23b4579000-7f23b457a000 r-xp 00000000 08:01 13893835                   /home/alex/Documents/8vo_Semestre/Geometría Computacional/Lab/practica02p1/src/lib/libhalf_edge.so
7f23b457a000-7f23b477a000 ---p 00001000 08:01 13893835                   /home/alex/Documents/8vo_Semestre/Geometría Computacional/Lab/practica02p1/src/lib/libhalf_edge.so
7f23b477a000-7f23b477b000 r--p 00001000 08:01 13893835                   /home/alex/Documents/8vo_Semestre/Geometría Computacional/Lab/practica02p1/src/lib/libhalf_edge.so
7f23b477b000-7f23b477c000 rw-p 00002000 08:01 13893835                   /home/alex/Documents/8vo_Semestre/Geometría Computacional/Lab/practica02p1/src/lib/libhalf_edge.so
7f23b477c000-7f23b477d000 r-xp 00000000 08:01 13893834                   /home/alex/Documents/8vo_Semestre/Geometría Computacional/Lab/practica02p1/src/lib/lib2d_points.so
7f23b477d000-7f23b497c000 ---p 00001000 08:01 13893834                   /home/alex/Documents/8vo_Semestre/Geometría Computacional/Lab/practica02p1/src/lib/lib2d_points.so
7f23b497c000-7f23b497d000 r--p 00000000 08:01 13893834                   /home/alex/Documents/8vo_Semestre/Geometría Computacional/Lab/practica02p1/src/lib/lib2d_points.so
7f23b497d000-7f23b497e000 rw-p 00001000 08:01 13893834                   /home/alex/Documents/8vo_Semestre/Geometría Computacional/Lab/practica02p1/src/lib/lib2d_points.so
7f23b497e000-7f23b4981000 ---p 00000000 00:00 0 
7f23b4981000-7f23b4b7f000 rw-p 00000000 00:00 0                          [stack:24504]
7f23b4b7f000-7f23b4b82000 ---p 00000000 00:00 0 
7f23b4b82000-7f23b4d80000 rw-p 00000000 00:00 0 
7f23b4d80000-7f23b4d83000 ---p 00000000 00:00 0 
7f23b4d83000-7f23b4f81000 rw-p 00000000 00:00 0 
7f23b4f81000-7f23b4f84000 ---p 00000000 00:00 0 
7f23b4f84000-7f23b5182000 rw-p 00000000 00:00 0                          [stack:24381]
7f23b5182000-7f23b5194000 r-xp 00000000 08:01 12059135                   /home/alex/.rbenv/versions/jruby-1.7.10/lib/jni/x86_64-Linux/libjffi-1.2.so
7f23b5194000-7f23b5393000 ---p 00012000 08:01 12059135                   /home/alex/.rbenv/versions/jruby-1.7.10/lib/jni/x86_64-Linux/libjffi-1.2.so
7f23b5393000-7f23b5394000 rw-p 00011000 08:01 12059135                   /home/alex/.rbenv/versions/jruby-1.7.10/lib/jni/x86_64-Linux/libjffi-1.2.so
7f23b5394000-7f23b53a4000 r-xp 00000000 08:01 15861288                   /usr/lib/jvm/java-7-openjdk-amd64/jre/lib/amd64/libnio.so
7f23b53a4000-7f23b55a4000 ---p 00010000 08:01 15861288                   /usr/lib/jvm/java-7-openjdk-amd64/jre/lib/amd64/libnio.so
7f23b55a4000-7f23b55a5000 r--p 00010000 08:01 15861288                   /usr/lib/jvm/java-7-openjdk-amd64/jre/lib/amd64/libnio.so
7f23b55a5000-7f23b55a6000 rw-p 00011000 08:01 15861288                   /usr/lib/jvm/java-7-openjdk-amd64/jre/lib/amd64/libnio.so
7f23b55a6000-7f23b55e3000 r-xp 00000000 08:01 8130434                    /lib/x86_64-linux-gnu/libpcre.so.3.13.1
7f23b55e3000-7f23b57e3000 ---p 0003d000 08:01 8130434                    /lib/x86_64-linux-gnu/libpcre.so.3.13.1
7f23b57e3000-7f23b57e4000 r--p 0003d000 08:01 8130434                    /lib/x86_64-linux-gnu/libpcre.so.3.13.1
7f23b57e4000-7f23b57e5000 rw-p 0003e000 08:01 8130434                    /lib/x86_64-linux-gnu/libpcre.so.3.13.1
7f23b57e5000-7f23b57ec000 r-xp 00000000 08:01 15735894                   /usr/lib/x86_64-linux-gnu/libffi.so.6.0.1
7f23b57ec000-7f23b59eb000 ---p 00007000 08:01 15735894                   /usr/lib/x86_64-linux-gnu/libffi.so.6.0.1
7f23b59eb000-7f23b59ec000 r--p 00006000 08:01 15735894                   /usr/lib/x86_64-linux-gnu/libffi.so.6.0.1
7f23b59ec000-7f23b59ed000 rw-p 00007000 08:01 15735894                   /usr/lib/x86_64-linux-gnu/libffi.so.6.0.1
7f23b59ed000-7f23b5a03000 r-xp 00000000 08:01 8130457                    /lib/x86_64-linux-gnu/libresolv-2.17.so
7f23b5a03000-7f23b5c03000 ---p 00016000 08:01 8130457                    /lib/x86_64-linux-gnu/libresolv-2.17.so
7f23b5c03000-7f23b5c04000 r--p 00016000 08:01 8130457                    /lib/x86_64-linux-gnu/libresolv-2.17.so
7f23b5c04000-7f23b5c05000 rw-p 00017000 08:01 8130457                    /lib/x86_64-linux-gnu/libresolv-2.17.so
7f23b5c05000-7f23b5c07000 rw-p 00000000 00:00 0 
7f23b5c07000-7f23b5c26000 r-xp 00000000 08:01 8130461                    /lib/x86_64-linux-gnu/libselinux.so.1
7f23b5c26000-7f23b5e26000 ---p 0001f000 08:01 8130461                    /lib/x86_64-linux-gnu/libselinux.so.1
7f23b5e26000-7f23b5e27000 r--p 0001f000 08:01 8130461                    /lib/x86_64-linux-gnu/libselinux.so.1
7f23b5e27000-7f23b5e28000 rw-p 00020000 08:01 8130461                    /lib/x86_64-linux-gnu/libselinux.so.1
7f23b5e28000-7f23b5e29000 rw-p 00000000 00:00 0 
7f23b5e29000-7f23b5e2c000 r-xp 00000000 08:01 15729078                   /usr/lib/x86_64-linux-gnu/libgmodule-2.0.so.0.3800.1
7f23b5e2c000-7f23b602b000 ---p 00003000 08:01 15729078                   /usr/lib/x86_64-linux-gnu/libgmodule-2.0.so.0.3800.1
7f23b602b000-7f23b602c000 r--p 00002000 08:01 15729078                   /usr/lib/x86_64-linux-gnu/libgmodule-2.0.so.0.3800.1
7f23b602c000-7f23b602d000 rw-p 00003000 08:01 15729078                   /usr/lib/x86_64-linux-gnu/libgmodule-2.0.so.0.3800.1
7f23b602d000-7f23b612b000 r-xp 00000000 08:01 8130449                    /lib/x86_64-linux-gnu/libglib-2.0.so.0.3800.1
7f23b612b000-7f23b632b000 ---p 000fe000 08:01 8130449                    /lib/x86_64-linux-gnu/libglib-2.0.so.0.3800.1
7f23b632b000-7f23b632c000 r--p 000fe000 08:01 8130449                    /lib/x86_64-linux-gnu/libglib-2.0.so.0.3800.1
7f23b632c000-7f23b632d000 rw-p 000ff000 08:01 8130449                    /lib/x86_64-linux-gnu/libglib-2.0.so.0.3800.1
7f23b632d000-7f23b632e000 rw-p 00000000 00:00 0 
7f23b632e000-7f23b637d000 r-xp 00000000 08:01 15729069                   /usr/lib/x86_64-linux-gnu/libgobject-2.0.so.0.3800.1
7f23b637d000-7f23b657d000 ---p 0004f000 08:01 15729069                   /usr/lib/x86_64-linux-gnu/libgobject-2.0.so.0.3800.1
7f23b657d000-7f23b657e000 r--p 0004f000 08:01 15729069                   /usr/lib/x86_64-linux-gnu/libgobject-2.0.so.0.3800.1
7f23b657e000-7f23b657f000 rw-p 00050000 08:01 15729069                   /usr/lib/x86_64-linux-gnu/libgobject-2.0.so.0.3800.1
7f23b657f000-7f23b66db000 r-xp 00000000 08:01 15729043                   /usr/lib/x86_64-linux-gnu/libgio-2.0.so.0.3800.1
7f23b66db000-7f23b68da000 ---p 0015c000 08:01 15729043                   /usr/lib/x86_64-linux-gnu/libgio-2.0.so.0.3800.1
7f23b68da000-7f23b68de000 r--p 0015b000 08:01 15729043                   /usr/lib/x86_64-linux-gnu/libgio-2.0.so.0.3800.1
7f23b68de000-7f23b68e0000 rw-p 0015f000 08:01 15729043                   /usr/lib/x86_64-linux-gnu/libgio-2.0.so.0.3800.1
7f23b68e0000-7f23b68e2000 rw-p 00000000 00:00 0 
7f23b68e2000-7f23b68f8000 r-xp 00000000 08:01 15861076                   /usr/lib/jvm/java-7-openjdk-amd64/jre/lib/amd64/libnet.so
7f23b68f8000-7f23b6af7000 ---p 00016000 08:01 15861076                   /usr/lib/jvm/java-7-openjdk-amd64/jre/lib/amd64/libnet.so
7f23b6af7000-7f23b6af8000 r--p 00015000 08:01 15861076                   /usr/lib/jvm/java-7-openjdk-amd64/jre/lib/amd64/libnet.so
7f23b6af8000-7f23b6af9000 rw-p 00016000 08:01 15861076                   /usr/lib/jvm/java-7-openjdk-amd64/jre/lib/amd64/libnet.so
7f23b6af9000-7f23b6afa000 ---p 00000000 00:00 0 
7f23b6afa000-7f23b6bfa000 rw-p 00000000 00:00 0                          [stack:24380]
7f23b6bfa000-7f23b6bfd000 ---p 00000000 00:00 0 
7f23b6bfd000-7f23b6dfb000 rw-p 00000000 00:00 0                          [stack:24379]
7f23b6dfb000-7f23b6dfe000 ---p 00000000 00:00 0 
7f23b6dfe000-7f23b6efc000 rw-p 00000000 00:00 0                          [stack:24378]
7f23b6efc000-7f23b6eff000 ---p 00000000 00:00 0 
7f23b6eff000-7f23b6ffd000 rw-p 00000000 00:00 0                          [stack:24377]
7f23b6ffd000-7f23b7000000 ---p 00000000 00:00 0 
7f23b7000000-7f23b71fe000 rw-p 00000000 00:00 0                          [stack:24376]
7f23b71fe000-7f23b75f8000 r--p 00000000 08:01 15734328                   /usr/lib/locale/locale-archive
7f23b75f8000-7f23b75fb000 ---p 00000000 00:00 0 
7f23b75fb000-7f23b77f9000 rw-p 00000000 00:00 0                          [stack:24375]
7f23b77f9000-7f23b77fc000 ---p 00000000 00:00 0 
7f23b77fc000-7f23b79fa000 rw-p 00000000 00:00 0                          [stack:24374]
7f23b79fa000-7f23b79fb000 ---p 00000000 00:00 0 
7f23b79fb000-7f23b8000000 rw-p 00000000 00:00 0                          [stack:24373]
7f23b8000000-7f23b8021000 rw-p 00000000 00:00 0 
7f23b8021000-7f23bc000000 ---p 00000000 00:00 0 
7f23bc000000-7f23bc021000 rw-p 00000000 00:00 0 
7f23bc021000-7f23c0000000 ---p 00000000 00:00 0 
7f23c0000000-7f23c0021000 rw-p 00000000 00:00 0 
7f23c0021000-7f23c4000000 ---p 00000000 00:00 0 
7f23c4062000-7f23c4063000 rw-p 00000000 00:00 0 
7f23c4063000-7f23c4066000 ---p 00000000 00:00 0 
7f23c4066000-7f23c409c000 rw-p 00000000 00:00 0                          [stack:24384]
7f23c409c000-7f23c409d000 r-xp 00000000 00:00 0 
7f23c409d000-7f23c40a4000 r--s 00000000 08:01 16127910                   /usr/lib/x86_64-linux-gnu/gconv/gconv-modules.cache
7f23c40a4000-7f23c40a7000 r--s 00032000 08:01 15861310                   /usr/lib/jvm/java-7-openjdk-amd64/jre/lib/ext/sunjce_provider.jar
7f23c40a7000-7f23c4b5e000 rw-p 00000000 00:00 0 
7f23c4b5e000-7f23c4c47000 r--s 00bb9000 08:01 12059138                   /home/alex/.rbenv/versions/jruby-1.7.10/lib/jruby.jar
7f23c4c47000-7f23c4c8f000 rw-p 00000000 00:00 0 
7f23c4c8f000-7f23c4e3d000 r--s 01cf4000 08:01 15861374                   /usr/lib/jvm/java-7-openjdk-amd64/jre/lib/rt.jar
7f23c4e3d000-7f23c5000000 rw-p 00000000 00:00 0 
7f23c5000000-7f23c5270000 rwxp 00000000 00:00 0 
7f23c5270000-7f23c8456000 rw-p 00000000 00:00 0 
7f23c8456000-7f23cc000000 ---p 00000000 00:00 0 
7f23cc000000-7f23cc002000 r--s 00012000 08:01 15861308                   /usr/lib/jvm/java-7-openjdk-amd64/jre/lib/ext/zipfs.jar
7f23cc002000-7f23cc006000 r--s 00085000 08:01 15861304                   /usr/lib/jvm/java-7-openjdk-amd64/jre/lib/ext/localedata.jar
7f23cc006000-7f23cc008000 r--s 00006000 08:01 16256853                   /usr/share/java/java-atk-wrapper.jar
7f23cc008000-7f23cc009000 r--s 00002000 08:01 15861314                   /usr/lib/jvm/java-7-openjdk-amd64/jre/lib/ext/dnsns.jar
7f23cc009000-7f23cc00c000 r--s 0000f000 08:01 15861306                   /usr/lib/jvm/java-7-openjdk-amd64/jre/lib/ext/pulse-java.jar
7f23cc00c000-7f23cc010000 r--s 0003b000 08:01 15861316                   /usr/lib/jvm/java-7-openjdk-amd64/jre/lib/ext/sunpkcs11.jar
7f23cc010000-7f23cd563000 rw-p 00000000 00:00 0 
7f23cd563000-7f23cd564000 ---p 00000000 00:00 0 
7f23cd564000-7f23cd664000 rw-p 00000000 00:00 0                          [stack:24372]
7f23cd664000-7f23cd665000 ---p 00000000 00:00 0 
7f23cd665000-7f23cd765000 rw-p 00000000 00:00 0                          [stack:24371]
7f23cd765000-7f23cd766000 ---p 00000000 00:00 0 
7f23cd766000-7f23cd866000 rw-p 00000000 00:00 0                          [stack:24370]
7f23cd866000-7f23cd867000 ---p 00000000 00:00 0 
7f23cd867000-7f23cd974000 rw-p 00000000 00:00 0                          [stack:24369]
7f23cd974000-7f23cd9ba000 rw-p 00000000 00:00 0 
7f23cd9ba000-7f23cd9cd000 rw-p 00000000 00:00 0 
7f23cd9cd000-7f23cda60000 rw-p 00000000 00:00 0 
7f23cda60000-7f23cda72000 rw-p 00000000 00:00 0 
7f23cda72000-7f23cdab4000 rw-p 00000000 00:00 0 
7f23cdab4000-7f23cdab5000 rw-p 00000000 00:00 0 
7f23cdab5000-7f23cdabd000 r-xp 00000000 08:01 15861025                   /usr/lib/jvm/java-7-openjdk-amd64/jre/lib/amd64/libzip.so
7f23cdabd000-7f23cdcbc000 ---p 00008000 08:01 15861025                   /usr/lib/jvm/java-7-openjdk-amd64/jre/lib/amd64/libzip.so
7f23cdcbc000-7f23cdcbd000 r--p 00007000 08:01 15861025                   /usr/lib/jvm/java-7-openjdk-amd64/jre/lib/amd64/libzip.so
7f23cdcbd000-7f23cdcbe000 rw-p 00008000 08:01 15861025                   /usr/lib/jvm/java-7-openjdk-amd64/jre/lib/amd64/libzip.so
7f23cdcbe000-7f23cdcca000 r-xp 00000000 08:01 8130412                    /lib/x86_64-linux-gnu/libnss_files-2.17.so
7f23cdcca000-7f23cdec9000 ---p 0000c000 08:01 8130412                    /lib/x86_64-linux-gnu/libnss_files-2.17.so
7f23cdec9000-7f23cdeca000 r--p 0000b000 08:01 8130412                    /lib/x86_64-linux-gnu/libnss_files-2.17.so
7f23cdeca000-7f23cdecb000 rw-p 0000c000 08:01 8130412                    /lib/x86_64-linux-gnu/libnss_files-2.17.so
7f23cdecb000-7f23cded6000 r-xp 00000000 08:01 8130416                    /lib/x86_64-linux-gnu/libnss_nis-2.17.so
7f23cded6000-7f23ce0d5000 ---p 0000b000 08:01 8130416                    /lib/x86_64-linux-gnu/libnss_nis-2.17.so
7f23ce0d5000-7f23ce0d6000 r--p 0000a000 08:01 8130416                    /lib/x86_64-linux-gnu/libnss_nis-2.17.so
7f23ce0d6000-7f23ce0d7000 rw-p 0000b000 08:01 8130416                    /lib/x86_64-linux-gnu/libnss_nis-2.17.so
7f23ce0d7000-7f23ce0ee000 r-xp 00000000 08:01 8130406                    /lib/x86_64-linux-gnu/libnsl-2.17.so
7f23ce0ee000-7f23ce2ed000 ---p 00017000 08:01 8130406                    /lib/x86_64-linux-gnu/libnsl-2.17.so
7f23ce2ed000-7f23ce2ee000 r--p 00016000 08:01 8130406                    /lib/x86_64-linux-gnu/libnsl-2.17.so
7f23ce2ee000-7f23ce2ef000 rw-p 00017000 08:01 8130406                    /lib/x86_64-linux-gnu/libnsl-2.17.so
7f23ce2ef000-7f23ce2f1000 rw-p 00000000 00:00 0 
7f23ce2f1000-7f23ce2f9000 r-xp 00000000 08:01 8130408                    /lib/x86_64-linux-gnu/libnss_compat-2.17.so
7f23ce2f9000-7f23ce4f8000 ---p 00008000 08:01 8130408                    /lib/x86_64-linux-gnu/libnss_compat-2.17.so
7f23ce4f8000-7f23ce4f9000 r--p 00007000 08:01 8130408                    /lib/x86_64-linux-gnu/libnss_compat-2.17.so
7f23ce4f9000-7f23ce4fa000 rw-p 00008000 08:01 8130408                    /lib/x86_64-linux-gnu/libnss_compat-2.17.so
7f23ce4fa000-7f23ce525000 r-xp 00000000 08:01 15860951                   /usr/lib/jvm/java-7-openjdk-amd64/jre/lib/amd64/libjava.so
7f23ce525000-7f23ce724000 ---p 0002b000 08:01 15860951                   /usr/lib/jvm/java-7-openjdk-amd64/jre/lib/amd64/libjava.so
7f23ce724000-7f23ce725000 r--p 0002a000 08:01 15860951                   /usr/lib/jvm/java-7-openjdk-amd64/jre/lib/amd64/libjava.so
7f23ce725000-7f23ce727000 rw-p 0002b000 08:01 15860951                   /usr/lib/jvm/java-7-openjdk-amd64/jre/lib/amd64/libjava.so
7f23ce727000-7f23ce737000 r-xp 00000000 08:01 15861265                   /usr/lib/jvm/java-7-openjdk-amd64/jre/lib/amd64/libverify.so
7f23ce737000-7f23ce936000 ---p 00010000 08:01 15861265                   /usr/lib/jvm/java-7-openjdk-amd64/jre/lib/amd64/libverify.so
7f23ce936000-7f23ce938000 r--p 0000f000 08:01 15861265                   /usr/lib/jvm/java-7-openjdk-amd64/jre/lib/amd64/libverify.so
7f23ce938000-7f23ce939000 rw-p 00011000 08:01 15861265                   /usr/lib/jvm/java-7-openjdk-amd64/jre/lib/amd64/libverify.so
7f23ce939000-7f23ce940000 r-xp 00000000 08:01 8130459                    /lib/x86_64-linux-gnu/librt-2.17.so
7f23ce940000-7f23ceb3f000 ---p 00007000 08:01 8130459                    /lib/x86_64-linux-gnu/librt-2.17.so
7f23ceb3f000-7f23ceb40000 r--p 00006000 08:01 8130459                    /lib/x86_64-linux-gnu/librt-2.17.so
7f23ceb40000-7f23ceb41000 rw-p 00007000 08:01 8130459                    /lib/x86_64-linux-gnu/librt-2.17.so
7f23ceb41000-7f23ceb44000 ---p 00000000 00:00 0 
7f23ceb44000-7f23ced42000 rw-p 00000000 00:00 0                          [stack:24368]
7f23ced42000-7f23ced57000 r-xp 00000000 08:01 8126477                    /lib/x86_64-linux-gnu/libgcc_s.so.1
7f23ced57000-7f23cef56000 ---p 00015000 08:01 8126477                    /lib/x86_64-linux-gnu/libgcc_s.so.1
7f23cef56000-7f23cef57000 r--p 00014000 08:01 8126477                    /lib/x86_64-linux-gnu/libgcc_s.so.1
7f23cef57000-7f23cef58000 rw-p 00015000 08:01 8126477                    /lib/x86_64-linux-gnu/libgcc_s.so.1
7f23cef58000-7f23cf05b000 r-xp 00000000 08:01 8130387                    /lib/x86_64-linux-gnu/libm-2.17.so
7f23cf05b000-7f23cf25a000 ---p 00103000 08:01 8130387                    /lib/x86_64-linux-gnu/libm-2.17.so
7f23cf25a000-7f23cf25b000 r--p 00102000 08:01 8130387                    /lib/x86_64-linux-gnu/libm-2.17.so
7f23cf25b000-7f23cf25c000 rw-p 00103000 08:01 8130387                    /lib/x86_64-linux-gnu/libm-2.17.so
7f23cf25c000-7f23cf342000 r-xp 00000000 08:01 15729831                   /usr/lib/x86_64-linux-gnu/libstdc++.so.6.0.18
7f23cf342000-7f23cf541000 ---p 000e6000 08:01 15729831                   /usr/lib/x86_64-linux-gnu/libstdc++.so.6.0.18
7f23cf541000-7f23cf549000 r--p 000e5000 08:01 15729831                   /usr/lib/x86_64-linux-gnu/libstdc++.so.6.0.18
7f23cf549000-7f23cf54b000 rw-p 000ed000 08:01 15729831                   /usr/lib/x86_64-linux-gnu/libstdc++.so.6.0.18
7f23cf54b000-7f23cf560000 rw-p 00000000 00:00 0 
7f23cf560000-7f23d003f000 r-xp 00000000 08:01 15861284                   /usr/lib/jvm/java-7-openjdk-amd64/jre/lib/amd64/server/libjvm.so
7f23d003f000-7f23d023e000 ---p 00adf000 08:01 15861284                   /usr/lib/jvm/java-7-openjdk-amd64/jre/lib/amd64/server/libjvm.so
7f23d023e000-7f23d02d0000 r--p 00ade000 08:01 15861284                   /usr/lib/jvm/java-7-openjdk-amd64/jre/lib/amd64/server/libjvm.so
7f23d02d0000-7f23d02f3000 rw-p 00b70000 08:01 15861284                   /usr/lib/jvm/java-7-openjdk-amd64/jre/lib/amd64/server/libjvm.so
7f23d02f3000-7f23d0320000 rw-p 00000000 00:00 0 
7f23d0320000-7f23d0338000 r-xp 00000000 08:01 8130494                    /lib/x86_64-linux-gnu/libz.so.1.2.8
7f23d0338000-7f23d0537000 ---p 00018000 08:01 8130494                    /lib/x86_64-linux-gnu/libz.so.1.2.8
7f23d0537000-7f23d0538000 r--p 00017000 08:01 8130494                    /lib/x86_64-linux-gnu/libz.so.1.2.8
7f23d0538000-7f23d0539000 rw-p 00018000 08:01 8130494                    /lib/x86_64-linux-gnu/libz.so.1.2.8
7f23d0539000-7f23d0550000 r-xp 00000000 08:01 8130451                    /lib/x86_64-linux-gnu/libpthread-2.17.so
7f23d0550000-7f23d0750000 ---p 00017000 08:01 8130451                    /lib/x86_64-linux-gnu/libpthread-2.17.so
7f23d0750000-7f23d0751000 r--p 00017000 08:01 8130451                    /lib/x86_64-linux-gnu/libpthread-2.17.so
7f23d0751000-7f23d0752000 rw-p 00018000 08:01 8130451                    /lib/x86_64-linux-gnu/libpthread-2.17.so
7f23d0752000-7f23d0756000 rw-p 00000000 00:00 0 
7f23d0756000-7f23d0759000 r-xp 00000000 08:01 8130351                    /lib/x86_64-linux-gnu/libdl-2.17.so
7f23d0759000-7f23d0958000 ---p 00003000 08:01 8130351                    /lib/x86_64-linux-gnu/libdl-2.17.so
7f23d0958000-7f23d0959000 r--p 00002000 08:01 8130351                    /lib/x86_64-linux-gnu/libdl-2.17.so
7f23d0959000-7f23d095a000 rw-p 00003000 08:01 8130351                    /lib/x86_64-linux-gnu/libdl-2.17.so
7f23d095a000-7f23d0b17000 r-xp 00000000 08:01 8130336                    /lib/x86_64-linux-gnu/libc-2.17.so
7f23d0b17000-7f23d0d17000 ---p 001bd000 08:01 8130336                    /lib/x86_64-linux-gnu/libc-2.17.so
7f23d0d17000-7f23d0d1b000 r--p 001bd000 08:01 8130336                    /lib/x86_64-linux-gnu/libc-2.17.so
7f23d0d1b000-7f23d0d1d000 rw-p 001c1000 08:01 8130336                    /lib/x86_64-linux-gnu/libc-2.17.so
7f23d0d1d000-7f23d0d22000 rw-p 00000000 00:00 0 
7f23d0d22000-7f23d0d2f000 r-xp 00000000 08:01 15861291                   /usr/lib/jvm/java-7-openjdk-amd64/jre/lib/amd64/jli/libjli.so
7f23d0d2f000-7f23d0f2e000 ---p 0000d000 08:01 15861291                   /usr/lib/jvm/java-7-openjdk-amd64/jre/lib/amd64/jli/libjli.so
7f23d0f2e000-7f23d0f2f000 r--p 0000c000 08:01 15861291                   /usr/lib/jvm/java-7-openjdk-amd64/jre/lib/amd64/jli/libjli.so
7f23d0f2f000-7f23d0f30000 rw-p 0000d000 08:01 15861291                   /usr/lib/jvm/java-7-openjdk-amd64/jre/lib/amd64/jli/libjli.so
7f23d0f30000-7f23d0f53000 r-xp 00000000 08:01 8130312                    /lib/x86_64-linux-gnu/ld-2.17.so
7f23d0f53000-7f23d0f58000 r--s 0004c000 08:01 15861296                   /usr/lib/jvm/java-7-openjdk-amd64/jre/lib/jsse.jar
7f23d0f58000-7f23d0f86000 rw-p 00000000 00:00 0 
7f23d0f86000-7f23d0fcc000 rw-p 00000000 00:00 0 
7f23d0fcc000-7f23d0fdf000 rw-p 00000000 00:00 0 
7f23d0fdf000-7f23d1073000 rw-p 00000000 00:00 0 
7f23d1073000-7f23d107d000 rw-p 00000000 00:00 0 
7f23d107d000-7f23d1133000 rw-p 00000000 00:00 0 
7f23d1133000-7f23d1146000 rw-p 00000000 00:00 0 
7f23d1146000-7f23d114e000 rw-s 00000000 08:01 5767366                    /tmp/hsperfdata_alex/24343
7f23d114e000-7f23d114f000 rw-p 00000000 00:00 0 
7f23d114f000-7f23d1150000 r--p 00000000 00:00 0 
7f23d1150000-7f23d1152000 rw-p 00000000 00:00 0 
7f23d1152000-7f23d1153000 r--p 00022000 08:01 8130312                    /lib/x86_64-linux-gnu/ld-2.17.so
7f23d1153000-7f23d1155000 rw-p 00023000 08:01 8130312                    /lib/x86_64-linux-gnu/ld-2.17.so
7fffb4b96000-7fffb4bb7000 rw-p 00000000 00:00 0                          [stack]
7fffb4bfe000-7fffb4c00000 r-xp 00000000 00:00 0                          [vdso]
ffffffffff600000-ffffffffff601000 r-xp 00000000 00:00 0                  [vsyscall]

VM Arguments:
jvm_args: -Djdk.home= -Djruby.home=/home/alex/.rbenv/versions/jruby-1.7.10 -Djruby.script=jruby -Djruby.shell=/bin/sh -Djffi.boot.library.path=/home/alex/.rbenv/versions/jruby-1.7.10/lib/jni:/home/alex/.rbenv/versions/jruby-1.7.10/lib/jni/i386-Linux:/home/alex/.rbenv/versions/jruby-1.7.10/lib/jni/arm-Linux:/home/alex/.rbenv/versions/jruby-1.7.10/lib/jni/x86_64-Linux -Xmx500m -Xss2048k -Xbootclasspath/a:/home/alex/.rbenv/versions/jruby-1.7.10/lib/jruby.jar 
java_command: org/jruby/Main Makefile.rb clean compile test clean
Launcher Type: SUN_STANDARD

Environment Variables:
PATH=/home/alex/.rbenv/versions/jruby-1.7.10/bin:/home/alex/.rbenv/libexec:/home/alex/.rbenv/plugins/ruby-build/bin:/home/alex/.rbenv/shims:~/.rbenv/bin:~/.rbenv/bin:/usr/local/sbin:/usr/local/bin:/usr/sbin:/usr/bin:/sbin:/bin:/usr/games:/usr/local/games
USERNAME=alex
SHELL=/bin/bash
DISPLAY=:0

Signal Handlers:
SIGSEGV: [libjvm.so+0x916ea0], sa_mask[0]=0x7ffbfeff, sa_flags=0x10000004
SIGBUS: [libjvm.so+0x916ea0], sa_mask[0]=0x7ffbfeff, sa_flags=0x10000004
SIGFPE: [libjvm.so+0x794800], sa_mask[0]=0x7ffbfeff, sa_flags=0x10000004
SIGPIPE: [libjvm.so+0x794800], sa_mask[0]=0x7ffbfeff, sa_flags=0x10000004
SIGXFSZ: [libjvm.so+0x794800], sa_mask[0]=0x7ffbfeff, sa_flags=0x10000004
SIGILL: [libjvm.so+0x794800], sa_mask[0]=0x7ffbfeff, sa_flags=0x10000004
SIGUSR1: SIG_DFL, sa_mask[0]=0x00000000, sa_flags=0x00000000
SIGUSR2: [libjvm.so+0x7946a0], sa_mask[0]=0x00000000, sa_flags=0x10000004
SIGHUP: [libjvm.so+0x794880], sa_mask[0]=0x7ffbfeff, sa_flags=0x10000004
SIGINT: [libjvm.so+0x794880], sa_mask[0]=0x7ffbfeff, sa_flags=0x10000004
SIGTERM: [libjvm.so+0x794880], sa_mask[0]=0x7ffbfeff, sa_flags=0x10000004
SIGQUIT: [libjvm.so+0x794880], sa_mask[0]=0x7ffbfeff, sa_flags=0x10000004


---------------  S Y S T E M  ---------------

OS:LinuxMint 16 (petra)
uname:Linux 3.11.0-12-generic #19-Ubuntu SMP Wed Oct 9 16:20:46 UTC 2013 x86_64
libc:glibc 2.17 NPTL 2.17 
rlimit: STACK 8192k, CORE 0k, NPROC 28798, NOFILE 4096, AS infinity
load average:0,67 0,74 0,78

/proc/meminfo:
MemTotal:        3715476 kB
MemFree:         1354652 kB
Buffers:           87868 kB
Cached:          1198228 kB
SwapCached:           28 kB
Active:          1343580 kB
Inactive:         823844 kB
Active(anon):     771320 kB
Inactive(anon):   358756 kB
Active(file):     572260 kB
Inactive(file):   465088 kB
Unevictable:          44 kB
Mlocked:              44 kB
SwapTotal:       3856380 kB
SwapFree:        3855740 kB
Dirty:               772 kB
Writeback:             0 kB
AnonPages:        881468 kB
Mapped:           196336 kB
Shmem:            248748 kB
Slab:             113152 kB
SReclaimable:      84816 kB
SUnreclaim:        28336 kB
KernelStack:        3840 kB
PageTables:        28144 kB
NFS_Unstable:          0 kB
Bounce:                0 kB
WritebackTmp:          0 kB
CommitLimit:     5714116 kB
Committed_AS:    3575308 kB
VmallocTotal:   34359738367 kB
VmallocUsed:      414940 kB
VmallocChunk:   34359311484 kB
HardwareCorrupted:     0 kB
AnonHugePages:         0 kB
HugePages_Total:       0
HugePages_Free:        0
HugePages_Rsvd:        0
HugePages_Surp:        0
Hugepagesize:       2048 kB
DirectMap4k:       56528 kB
DirectMap2M:     3801088 kB


CPU:total 4 (2 cores per cpu, 2 threads per core) family 6 model 37 stepping 5, cmov, cx8, fxsr, mmx, sse, sse2, sse3, ssse3, sse4.1, sse4.2, popcnt, ht, tsc, tscinvbit

/proc/cpuinfo:
processor	: 0
vendor_id	: GenuineIntel
cpu family	: 6
model		: 37
model name	: Intel(R) Core(TM) i3 CPU       M 380  @ 2.53GHz
stepping	: 5
microcode	: 0x2
cpu MHz		: 933.000
cache size	: 3072 KB
physical id	: 0
siblings	: 4
core id		: 0
cpu cores	: 2
apicid		: 0
initial apicid	: 0
fpu		: yes
fpu_exception	: yes
cpuid level	: 11
wp		: yes
flags		: fpu vme de pse tsc msr pae mce cx8 apic sep mtrr pge mca cmov pat pse36 clflush dts acpi mmx fxsr sse sse2 ss ht tm pbe syscall nx rdtscp lm constant_tsc arch_perfmon pebs bts rep_good nopl xtopology nonstop_tsc aperfmperf pni dtes64 monitor ds_cpl vmx est tm2 ssse3 cx16 xtpr pdcm pcid sse4_1 sse4_2 popcnt lahf_lm arat dtherm tpr_shadow vnmi flexpriority ept vpid
bogomips	: 5054.41
clflush size	: 64
cache_alignment	: 64
address sizes	: 36 bits physical, 48 bits virtual
power management:

processor	: 1
vendor_id	: GenuineIntel
cpu family	: 6
model		: 37
model name	: Intel(R) Core(TM) i3 CPU       M 380  @ 2.53GHz
stepping	: 5
microcode	: 0x2
cpu MHz		: 933.000
cache size	: 3072 KB
physical id	: 0
siblings	: 4
core id		: 0
cpu cores	: 2
apicid		: 1
initial apicid	: 1
fpu		: yes
fpu_exception	: yes
cpuid level	: 11
wp		: yes
flags		: fpu vme de pse tsc msr pae mce cx8 apic sep mtrr pge mca cmov pat pse36 clflush dts acpi mmx fxsr sse sse2 ss ht tm pbe syscall nx rdtscp lm constant_tsc arch_perfmon pebs bts rep_good nopl xtopology nonstop_tsc aperfmperf pni dtes64 monitor ds_cpl vmx est tm2 ssse3 cx16 xtpr pdcm pcid sse4_1 sse4_2 popcnt lahf_lm arat dtherm tpr_shadow vnmi flexpriority ept vpid
bogomips	: 5054.41
clflush size	: 64
cache_alignment	: 64
address sizes	: 36 bits physical, 48 bits virtual
power management:

processor	: 2
vendor_id	: GenuineIntel
cpu family	: 6
model		: 37
model name	: Intel(R) Core(TM) i3 CPU       M 380  @ 2.53GHz
stepping	: 5
microcode	: 0x2
cpu MHz		: 933.000
cache size	: 3072 KB
physical id	: 0
siblings	: 4
core id		: 2
cpu cores	: 2
apicid		: 4
initial apicid	: 4
fpu		: yes
fpu_exception	: yes
cpuid level	: 11
wp		: yes
flags		: fpu vme de pse tsc msr pae mce cx8 apic sep mtrr pge mca cmov pat pse36 clflush dts acpi mmx fxsr sse sse2 ss ht tm pbe syscall nx rdtscp lm constant_tsc arch_perfmon pebs bts rep_good nopl xtopology nonstop_tsc aperfmperf pni dtes64 monitor ds_cpl vmx est tm2 ssse3 cx16 xtpr pdcm pcid sse4_1 sse4_2 popcnt lahf_lm arat dtherm tpr_shadow vnmi flexpriority ept vpid
bogomips	: 5054.41
clflush size	: 64
cache_alignment	: 64
address sizes	: 36 bits physical, 48 bits virtual
power management:

processor	: 3
vendor_id	: GenuineIntel
cpu family	: 6
model		: 37
model name	: Intel(R) Core(TM) i3 CPU       M 380  @ 2.53GHz
stepping	: 5
microcode	: 0x2
cpu MHz		: 933.000
cache size	: 3072 KB
physical id	: 0
siblings	: 4
core id		: 2
cpu cores	: 2
apicid		: 5
initial apicid	: 5
fpu		: yes
fpu_exception	: yes
cpuid level	: 11
wp		: yes
flags		: fpu vme de pse tsc msr pae mce cx8 apic sep mtrr pge mca cmov pat pse36 clflush dts acpi mmx fxsr sse sse2 ss ht tm pbe syscall nx rdtscp lm constant_tsc arch_perfmon pebs bts rep_good nopl xtopology nonstop_tsc aperfmperf pni dtes64 monitor ds_cpl vmx est tm2 ssse3 cx16 xtpr pdcm pcid sse4_1 sse4_2 popcnt lahf_lm arat dtherm tpr_shadow vnmi flexpriority ept vpid
bogomips	: 5054.41
clflush size	: 64
cache_alignment	: 64
address sizes	: 36 bits physical, 48 bits virtual
power management:



Memory: 4k page, physical 3715476k(1354652k free), swap 3856380k(3855740k free)

vm_info: OpenJDK 64-Bit Server VM (24.45-b08) for linux-amd64 JRE (1.7.0_51-b00), built on Jan 15 2014 22:02:57 by "buildd" with gcc 4.8.1

time: Mon Apr 21 22:10:23 2014
elapsed time: 10 seconds

