#
# A fatal error has been detected by the Java Runtime Environment:
#
#  SIGSEGV (0xb) at pc=0x00007fb9d9477b51, pid=18222, tid=140436508202752
#
# JRE version: OpenJDK Runtime Environment (7.0_51) (build 1.7.0_51-b00)
# Java VM: OpenJDK 64-Bit Server VM (24.45-b08 mixed mode linux-amd64 compressed oops)
# Problematic frame:
# C  [libintersection.so+0xb51]  find_intersections+0x18c
#
# Failed to write core dump. Core dumps have been disabled. To enable core dumping, try "ulimit -c unlimited" before starting Java again
#
# If you would like to submit a bug report, please include
# instructions on how to reproduce the bug and visit:
#   http://icedtea.classpath.org/bugzilla
# The crash happened outside the Java Virtual Machine in native code.
# See problematic frame for where to report the bug.
#

---------------  T H R E A D  ---------------

Current thread (0x00007fb9e800a800):  JavaThread "main" [_thread_in_native, id=18247, stack(0x00007fb9ec0f5000,0x00007fb9ec2f6000)]

siginfo:si_signo=SIGSEGV: si_errno=0, si_code=1 (SEGV_MAPERR), si_addr=0xffffffffe8529948

Registers:
RAX=0xffffffffe8529940, RBX=0x00000000d79ae250, RCX=0xffffffffffffffff, RDX=0x00007fb9d987c0e0
RSP=0x00007fb9ec2f3050, RBP=0x00007fb9ec2f3080, RSI=0x00007fb9e010f000, RDI=0x00007fb9e850d7b0
R8 =0x00000000ffffffff, R9 =0x0000000000000000, R10=0x00007fb9ec2f2df0, R11=0x00007fb9d967a6d2
R12=0x0000000000000000, R13=0x00000000d79ae250, R14=0x00007fb9ec2f3168, R15=0x00007fb9e800a800
RIP=0x00007fb9d9477b51, EFLAGS=0x0000000000010246, CSGSFS=0x0000000000000033, ERR=0x0000000000000005
  TRAPNO=0x000000000000000e

Top of Stack: (sp=0x00007fb9ec2f3050)
0x00007fb9ec2f3050:   4000000000000000 00007fb9e850d710
0x00007fb9ec2f3060:   00000000e1304f48 00007fb9e850d7b0
0x00007fb9ec2f3070:   00007fb9e85299d0 ffffffffe8529940
0x00007fb9ec2f3080:   00007fb9e841b1a0 00007fb9da690cd9
0x00007fb9ec2f3090:   00000000d7d332b8 00000000d79ae250
0x00007fb9ec2f30a0:   00007fb9ec2f3120 00007fb9e3f86738
0x00007fb9ec2f30b0:   00007fb9e800a9d8 00007fb9ec2f4a40
0x00007fb9ec2f30c0:   00007fb9ec2f3100 00007fb9ed3ffd24
0x00007fb9ec2f30d0:   00000000e131c918 00000000d66fc038
0x00007fb9ec2f30e0:   00007fb9ec2f30e0 0000000000000000
0x00007fb9ec2f30f0:   00007fb9ec2f3168 00000000d79b6778
0x00007fb9ec2f3100:   0000000000000000 00000000d79ae250
0x00007fb9ec2f3110:   0000000000000000 00007fb9ec2f3140
0x00007fb9ec2f3120:   00007fb9ec2f31b0 00007fb9e3f7a175
0x00007fb9ec2f3130:   00000000e114abe8 00007fb9e3f82cd7
0x00007fb9ec2f3140:   00007fb9e850d710 00007fb9e407596c
0x00007fb9ec2f3150:   00007fb9d94779c5 00000000e12b7d70
0x00007fb9ec2f3160:   00007fb9e841b1a0 0000000000000000
0x00007fb9ec2f3170:   00007fb9ec2f3170 00000000d7aab0b7
0x00007fb9ec2f3180:   00007fb9ec2f31e8 00000000d7ab7310
0x00007fb9ec2f3190:   00000000d7ed77f8 00000000d7aab0f8
0x00007fb9ec2f31a0:   00007fb9ec2f3140 00007fb9ec2f31c0
0x00007fb9ec2f31b0:   00007fb9ec2f3238 00007fb9e3f7a175
0x00007fb9ec2f31c0:   00007fb9e850d710 00000000f5e2e9e0
0x00007fb9ec2f31d0:   00007fb9d94779c5 0000000000000000
0x00007fb9ec2f31e0:   00000000e1062950 00000000e114d400
0x00007fb9ec2f31f0:   00000000e1305bc0 00007fb9ec2f31f8
0x00007fb9ec2f3200:   00000000d7ee075c 00007fb9ec2f3280
0x00007fb9ec2f3210:   00000000d7ee0bb8 0000000000000000
0x00007fb9ec2f3220:   00000000d7ee0780 00007fb9ec2f31c0
0x00007fb9ec2f3230:   00007fb9ec2f3258 00007fb9ec2f32c8
0x00007fb9ec2f3240:   00007fb9e3f7a233 00000000f5e2e9e0 

Instructions: (pc=0x00007fb9d9477b51)
0x00007fb9d9477b31:   fc ff ff eb 5c 48 8b 45 e8 48 89 c7 b8 00 00 00
0x00007fb9d9477b41:   00 e8 39 fd ff ff 48 98 48 89 45 f8 48 8b 45 f8
0x00007fb9d9477b51:   48 8b 50 08 48 8b 45 f8 48 8b 00 48 89 55 d0 f2
0x00007fb9d9477b61:   0f 10 4d d0 48 89 45 d0 f2 0f 10 45 d0 48 8d 3d 

Register to memory mapping:

RAX=0xffffffffe8529940 is an unknown value
RBX=0x00000000d79ae250 is an oop
{method} 
 - klass: {other class}
RCX=0xffffffffffffffff is an unknown value
RDX=0x00007fb9d987c0e0: sentinel+0 in lib/librb_tree.so at 0x00007fb9d9679000
RSP=0x00007fb9ec2f3050 is pointing into the stack for thread: 0x00007fb9e800a800
RBP=0x00007fb9ec2f3080 is pointing into the stack for thread: 0x00007fb9e800a800
RSI=0x00007fb9e010f000 is an unknown value
RDI=0x00007fb9e850d7b0 is an unknown value
R8 =0x00000000ffffffff is an unallocated location in the heap
R9 =0x0000000000000000 is an unknown value
R10=0x00007fb9ec2f2df0 is pointing into the stack for thread: 0x00007fb9e800a800
R11=0x00007fb9d967a6d2: rb_min_node+0 in lib/librb_tree.so at 0x00007fb9d9679000
R12=0x0000000000000000 is an unknown value
R13=0x00000000d79ae250 is an oop
{method} 
 - klass: {other class}
R14=0x00007fb9ec2f3168 is pointing into the stack for thread: 0x00007fb9e800a800
R15=0x00007fb9e800a800 is a thread


Stack: [0x00007fb9ec0f5000,0x00007fb9ec2f6000],  sp=0x00007fb9ec2f3050,  free space=2040k
Native frames: (J=compiled Java code, j=interpreted, Vv=VM code, C=native code)
C  [libintersection.so+0xb51]  find_intersections+0x18c

Java frames: (J=compiled Java code, j=interpreted, Vv=VM code)
j  com.kenai.jffi.Foreign.invokeL1(JJJ)J+0
j  com.kenai.jffi.Invoker.invokeL1(Lcom/kenai/jffi/CallContext;JJ)J+7
j  org.jruby.ext.ffi.jffi.NativeInvoker$ffi$8.call(Lorg/jruby/runtime/ThreadContext;Lorg/jruby/runtime/builtin/IRubyObject;Lorg/jruby/RubyModule;Ljava/lang/String;Lorg/jruby/runtime/builtin/IRubyObject;)Lorg/jruby/runtime/builtin/IRubyObject;+76
j  org.jruby.runtime.callsite.CachingCallSite.cacheAndCall(Lorg/jruby/runtime/builtin/IRubyObject;Lorg/jruby/RubyClass;Lorg/jruby/runtime/ThreadContext;Lorg/jruby/runtime/builtin/IRubyObject;Lorg/jruby/runtime/builtin/IRubyObject;)Lorg/jruby/runtime/builtin/IRubyObject;+57
J  org.jruby.runtime.callsite.CachingCallSite.call(Lorg/jruby/runtime/ThreadContext;Lorg/jruby/runtime/builtin/IRubyObject;Lorg/jruby/runtime/builtin/IRubyObject;Lorg/jruby/runtime/builtin/IRubyObject;)Lorg/jruby/runtime/builtin/IRubyObject;
J  org.jruby.ast.CallOneArgNode.interpret(Lorg/jruby/Ruby;Lorg/jruby/runtime/ThreadContext;Lorg/jruby/runtime/builtin/IRubyObject;Lorg/jruby/runtime/Block;)Lorg/jruby/runtime/builtin/IRubyObject;
j  org.jruby.ast.LocalAsgnNode.interpret(Lorg/jruby/Ruby;Lorg/jruby/runtime/ThreadContext;Lorg/jruby/runtime/builtin/IRubyObject;Lorg/jruby/runtime/Block;)Lorg/jruby/runtime/builtin/IRubyObject;+30
J  org.jruby.ast.BlockNode.interpret(Lorg/jruby/Ruby;Lorg/jruby/runtime/ThreadContext;Lorg/jruby/runtime/builtin/IRubyObject;Lorg/jruby/runtime/Block;)Lorg/jruby/runtime/builtin/IRubyObject;
j  org.jruby.evaluator.ASTInterpreter.INTERPRET_METHOD(Lorg/jruby/Ruby;Lorg/jruby/runtime/ThreadContext;Ljava/lang/String;ILorg/jruby/RubyModule;Lorg/jruby/ast/Node;Ljava/lang/String;Lorg/jruby/runtime/builtin/IRubyObject;Lorg/jruby/runtime/Block;Z)Lorg/jruby/runtime/builtin/IRubyObject;+30
j  org.jruby.internal.runtime.methods.InterpretedMethod.call(Lorg/jruby/runtime/ThreadContext;Lorg/jruby/runtime/builtin/IRubyObject;Lorg/jruby/RubyModule;Ljava/lang/String;)Lorg/jruby/runtime/builtin/IRubyObject;+80
j  org.jruby.internal.runtime.methods.DefaultMethod.call(Lorg/jruby/runtime/ThreadContext;Lorg/jruby/runtime/builtin/IRubyObject;Lorg/jruby/RubyModule;Ljava/lang/String;)Lorg/jruby/runtime/builtin/IRubyObject;+20
J  org.jruby.ast.CallNoArgNode.interpret(Lorg/jruby/Ruby;Lorg/jruby/runtime/ThreadContext;Lorg/jruby/runtime/builtin/IRubyObject;Lorg/jruby/runtime/Block;)Lorg/jruby/runtime/builtin/IRubyObject;
j  org.jruby.ast.FCallTwoArgNode.interpret(Lorg/jruby/Ruby;Lorg/jruby/runtime/ThreadContext;Lorg/jruby/runtime/builtin/IRubyObject;Lorg/jruby/runtime/Block;)Lorg/jruby/runtime/builtin/IRubyObject;+28
J  org.jruby.ast.BlockNode.interpret(Lorg/jruby/Ruby;Lorg/jruby/runtime/ThreadContext;Lorg/jruby/runtime/builtin/IRubyObject;Lorg/jruby/runtime/Block;)Lorg/jruby/runtime/builtin/IRubyObject;
j  org.jruby.evaluator.ASTInterpreter.INTERPRET_METHOD(Lorg/jruby/Ruby;Lorg/jruby/runtime/ThreadContext;Ljava/lang/String;ILorg/jruby/RubyModule;Lorg/jruby/ast/Node;Ljava/lang/String;Lorg/jruby/runtime/builtin/IRubyObject;Lorg/jruby/runtime/Block;Z)Lorg/jruby/runtime/builtin/IRubyObject;+30
j  org.jruby.internal.runtime.methods.InterpretedMethod.call(Lorg/jruby/runtime/ThreadContext;Lorg/jruby/runtime/builtin/IRubyObject;Lorg/jruby/RubyModule;Ljava/lang/String;)Lorg/jruby/runtime/builtin/IRubyObject;+80
j  org.jruby.internal.runtime.methods.DefaultMethod.call(Lorg/jruby/runtime/ThreadContext;Lorg/jruby/runtime/builtin/IRubyObject;Lorg/jruby/RubyModule;Ljava/lang/String;)Lorg/jruby/runtime/builtin/IRubyObject;+20
j  org.jruby.runtime.callsite.CachingCallSite.cacheAndCall(Lorg/jruby/runtime/builtin/IRubyObject;Lorg/jruby/RubyClass;Lorg/jruby/runtime/ThreadContext;Lorg/jruby/runtime/builtin/IRubyObject;)Lorg/jruby/runtime/builtin/IRubyObject;+53
j  org.jruby.runtime.callsite.CachingCallSite.call(Lorg/jruby/runtime/ThreadContext;Lorg/jruby/runtime/builtin/IRubyObject;Lorg/jruby/runtime/builtin/IRubyObject;)Lorg/jruby/runtime/builtin/IRubyObject;+46
j  Makefile.method__3$RUBY$test(LMakefile;Lorg/jruby/runtime/ThreadContext;Lorg/jruby/runtime/builtin/IRubyObject;Lorg/jruby/runtime/Block;)Lorg/jruby/runtime/builtin/IRubyObject;+130
j  Makefile$method__3$RUBY$test.call(Lorg/jruby/runtime/ThreadContext;Lorg/jruby/runtime/builtin/IRubyObject;Lorg/jruby/RubyModule;Ljava/lang/String;Lorg/jruby/runtime/Block;)Lorg/jruby/runtime/builtin/IRubyObject;+17
j  org.jruby.RubyClass.finvoke(Lorg/jruby/runtime/ThreadContext;Lorg/jruby/runtime/builtin/IRubyObject;Ljava/lang/String;Lorg/jruby/runtime/Block;)Lorg/jruby/runtime/builtin/IRubyObject;+41
j  org.jruby.RubyBasicObject.send19(Lorg/jruby/runtime/ThreadContext;Lorg/jruby/runtime/builtin/IRubyObject;Lorg/jruby/runtime/Block;)Lorg/jruby/runtime/builtin/IRubyObject;+15
j  org.jruby.RubyKernel.send19(Lorg/jruby/runtime/ThreadContext;Lorg/jruby/runtime/builtin/IRubyObject;Lorg/jruby/runtime/builtin/IRubyObject;Lorg/jruby/runtime/Block;)Lorg/jruby/runtime/builtin/IRubyObject;+7
j  org.jruby.RubyKernel$INVOKER$s$send19.call(Lorg/jruby/runtime/ThreadContext;Lorg/jruby/runtime/builtin/IRubyObject;Lorg/jruby/RubyModule;Ljava/lang/String;Lorg/jruby/runtime/builtin/IRubyObject;Lorg/jruby/runtime/Block;)Lorg/jruby/runtime/builtin/IRubyObject;+6
j  org.jruby.internal.runtime.methods.JavaMethod$JavaMethodOneOrNBlock.call(Lorg/jruby/runtime/ThreadContext;Lorg/jruby/runtime/builtin/IRubyObject;Lorg/jruby/RubyModule;Ljava/lang/String;Lorg/jruby/runtime/builtin/IRubyObject;)Lorg/jruby/runtime/builtin/IRubyObject;+11
j  org.jruby.runtime.callsite.CachingCallSite.call(Lorg/jruby/runtime/ThreadContext;Lorg/jruby/runtime/builtin/IRubyObject;Lorg/jruby/runtime/builtin/IRubyObject;Lorg/jruby/runtime/builtin/IRubyObject;)Lorg/jruby/runtime/builtin/IRubyObject;+38
j  Makefile.block_7$RUBY$__file__(LMakefile;Lorg/jruby/runtime/ThreadContext;Lorg/jruby/runtime/builtin/IRubyObject;[Lorg/jruby/runtime/builtin/IRubyObject;Lorg/jruby/runtime/Block;)Lorg/jruby/runtime/builtin/IRubyObject;+46
j  Makefile$block_7$RUBY$__file__.call(Lorg/jruby/runtime/ThreadContext;Lorg/jruby/runtime/builtin/IRubyObject;[Lorg/jruby/runtime/builtin/IRubyObject;Lorg/jruby/runtime/Block;)Lorg/jruby/runtime/builtin/IRubyObject;+9
j  org.jruby.runtime.CompiledBlock19.yield(Lorg/jruby/runtime/ThreadContext;Lorg/jruby/runtime/builtin/IRubyObject;Lorg/jruby/runtime/Binding;Lorg/jruby/runtime/Block$Type;)Lorg/jruby/runtime/builtin/IRubyObject;+52
j  org.jruby.runtime.Block.yield(Lorg/jruby/runtime/ThreadContext;Lorg/jruby/runtime/builtin/IRubyObject;)Lorg/jruby/runtime/builtin/IRubyObject;+14
j  org.jruby.RubyArray.eachCommon(Lorg/jruby/runtime/ThreadContext;Lorg/jruby/runtime/Block;)Lorg/jruby/runtime/builtin/IRubyObject;+41
j  org.jruby.RubyArray.each(Lorg/jruby/runtime/ThreadContext;Lorg/jruby/runtime/Block;)Lorg/jruby/runtime/builtin/IRubyObject;+10
j  org.jruby.RubyArray$INVOKER$i$0$0$each.call(Lorg/jruby/runtime/ThreadContext;Lorg/jruby/runtime/builtin/IRubyObject;Lorg/jruby/RubyModule;Ljava/lang/String;Lorg/jruby/runtime/Block;)Lorg/jruby/runtime/builtin/IRubyObject;+7
j  org.jruby.runtime.callsite.CachingCallSite.cacheAndCall(Lorg/jruby/runtime/builtin/IRubyObject;Lorg/jruby/RubyClass;Lorg/jruby/runtime/Block;Lorg/jruby/runtime/ThreadContext;Lorg/jruby/runtime/builtin/IRubyObject;)Lorg/jruby/runtime/builtin/IRubyObject;+57
j  org.jruby.runtime.callsite.CachingCallSite.callBlock(Lorg/jruby/runtime/ThreadContext;Lorg/jruby/runtime/builtin/IRubyObject;Lorg/jruby/runtime/builtin/IRubyObject;Lorg/jruby/runtime/Block;)Lorg/jruby/runtime/builtin/IRubyObject;+50
j  org.jruby.runtime.callsite.CachingCallSite.callIter(Lorg/jruby/runtime/ThreadContext;Lorg/jruby/runtime/builtin/IRubyObject;Lorg/jruby/runtime/builtin/IRubyObject;Lorg/jruby/runtime/Block;)Lorg/jruby/runtime/builtin/IRubyObject;+6
j  Makefile.__file__(LMakefile;Lorg/jruby/runtime/ThreadContext;Lorg/jruby/runtime/builtin/IRubyObject;[Lorg/jruby/runtime/builtin/IRubyObject;Lorg/jruby/runtime/Block;)Lorg/jruby/runtime/builtin/IRubyObject;+938
j  Makefile.load(Lorg/jruby/runtime/ThreadContext;Lorg/jruby/runtime/builtin/IRubyObject;Z)Lorg/jruby/runtime/builtin/IRubyObject;+22
j  org.jruby.Ruby.runScript(Lorg/jruby/ast/executable/Script;Z)Lorg/jruby/runtime/builtin/IRubyObject;+12
j  org.jruby.Ruby.runScript(Lorg/jruby/ast/executable/Script;)Lorg/jruby/runtime/builtin/IRubyObject;+3
j  org.jruby.Ruby.runNormally(Lorg/jruby/ast/Node;)Lorg/jruby/runtime/builtin/IRubyObject;+73
j  org.jruby.Ruby.runFromMain(Ljava/io/InputStream;Ljava/lang/String;)V+320
j  org.jruby.Main.doRunFromMain(Lorg/jruby/Ruby;Ljava/io/InputStream;Ljava/lang/String;)Lorg/jruby/Main$Status;+12
j  org.jruby.Main.internalRun()Lorg/jruby/Main$Status;+234
j  org.jruby.Main.run([Ljava/lang/String;)Lorg/jruby/Main$Status;+9
j  org.jruby.Main.main([Ljava/lang/String;)V+35
v  ~StubRoutines::call_stub

---------------  P R O C E S S  ---------------

Java Threads: ( => current thread )
  0x00007fb9e84a8000 JavaThread "JRubyJIT-2" daemon [_thread_blocked, id=18383, stack(0x00007fb9d9e85000,0x00007fb9da086000)]
  0x00007fb9e837f800 JavaThread "process reaper" daemon [_thread_blocked, id=18263, stack(0x00007fb9e0110000,0x00007fb9e0149000)]
  0x00007fb9e8468000 JavaThread "JRubyJIT-1" daemon [_thread_blocked, id=18260, stack(0x00007fb9da488000,0x00007fb9da689000)]
  0x00007fb9e80ae000 JavaThread "Service Thread" daemon [_thread_blocked, id=18258, stack(0x00007fb9e0264000,0x00007fb9e0465000)]
  0x00007fb9e80ab800 JavaThread "C2 CompilerThread1" daemon [_thread_in_native, id=18257, stack(0x00007fb9e0465000,0x00007fb9e0566000)]
  0x00007fb9e80a8800 JavaThread "C2 CompilerThread0" daemon [_thread_in_native, id=18256, stack(0x00007fb9e0566000,0x00007fb9e0667000)]
  0x00007fb9e80a6800 JavaThread "Signal Dispatcher" daemon [_thread_blocked, id=18255, stack(0x00007fb9e0667000,0x00007fb9e0868000)]
  0x00007fb9e8082800 JavaThread "Finalizer" daemon [_thread_blocked, id=18254, stack(0x00007fb9e0c62000,0x00007fb9e0e63000)]
  0x00007fb9e8080800 JavaThread "Reference Handler" daemon [_thread_blocked, id=18253, stack(0x00007fb9e0e63000,0x00007fb9e1064000)]
=>0x00007fb9e800a800 JavaThread "main" [_thread_in_native, id=18247, stack(0x00007fb9ec0f5000,0x00007fb9ec2f6000)]

Other Threads:
  0x00007fb9e807c800 VMThread [stack: 0x00007fb9e1064000,0x00007fb9e1165000] [id=18252]
  0x00007fb9e80b8800 WatcherThread [stack: 0x00007fb9e0163000,0x00007fb9e0264000] [id=18259]

VM state:not at safepoint (normal execution)

VM Mutex/Monitor currently owned by a thread: None

Heap
 PSYoungGen      total 32768K, used 7775K [0x00000000f5900000, 0x00000000f9900000, 0x0000000100000000)
  eden space 30720K, 18% used [0x00000000f5900000,0x00000000f5e9e830,0x00000000f7700000)
  from space 2048K, 98% used [0x00000000f7700000,0x00000000f78f9538,0x00000000f7900000)
  to   space 2048K, 0% used [0x00000000f9700000,0x00000000f9700000,0x00000000f9900000)
 ParOldGen       total 38400K, used 8882K [0x00000000e0c00000, 0x00000000e3180000, 0x00000000f5900000)
  object space 38400K, 23% used [0x00000000e0c00000,0x00000000e14acbd8,0x00000000e3180000)
 PSPermGen       total 25600K, used 25478K [0x00000000d6600000, 0x00000000d7f00000, 0x00000000e0c00000)
  object space 25600K, 99% used [0x00000000d6600000,0x00000000d7ee1b40,0x00000000d7f00000)

Card table byte_map: [0x00007fb9e3e26000,0x00007fb9e3f74000] byte_map_base: 0x00007fb9e3773000

Polling page: 0x00007fb9ee703000

Code Cache  [0x00007fb9e3f74000, 0x00007fb9e41e4000, 0x00007fb9e6f74000)
 total_blobs=991 nmethods=510 adapters=433 free_code_cache=47537Kb largest_free_block=48655680

Compilation events (10 events):
Event: 9,864 Thread 0x00007fb9e80a8800 nmethod 541 0x00007fb9e4108690 code [0x00007fb9e41088a0, 0x00007fb9e4108f10]
Event: 9,864 Thread 0x00007fb9e80a8800  543             org.jruby.internal.runtime.methods.DynamicMethod::call (15 bytes)
Event: 9,873 Thread 0x00007fb9e80ab800 nmethod 542 0x00007fb9e41067d0 code [0x00007fb9e4106960, 0x00007fb9e4106c98]
Event: 9,873 Thread 0x00007fb9e80ab800  544             org.jruby.ext.ffi.jffi.JITRuntime::f64Value64 (23 bytes)
Event: 9,876 Thread 0x00007fb9e80ab800 nmethod 544 0x00007fb9e41053d0 code [0x00007fb9e4105520, 0x00007fb9e41055c8]
Event: 9,876 Thread 0x00007fb9e80ab800  545             org.jruby.ast.DAsgnNode::interpret (28 bytes)
Event: 9,881 Thread 0x00007fb9e80ab800 nmethod 545 0x00007fb9e4109890 code [0x00007fb9e41099e0, 0x00007fb9e4109af8]
Event: 9,881 Thread 0x00007fb9e80ab800  546             org.jruby.RubyArray$INVOKER$i$1$0$append::call (10 bytes)
Event: 9,883 Thread 0x00007fb9e80ab800 nmethod 546 0x00007fb9e4101010 code [0x00007fb9e4101160, 0x00007fb9e4101208]
Event: 9,883 Thread 0x00007fb9e80ab800  547             org.jruby.util.Qsort::partition (273 bytes)

GC Heap History (6 events):
Event: 3,248 GC heap before
{Heap before GC invocations=1 (full 0):
 PSYoungGen      total 17408K, used 15360K [0x00000000f5900000, 0x00000000f6c00000, 0x0000000100000000)
  eden space 15360K, 100% used [0x00000000f5900000,0x00000000f6800000,0x00000000f6800000)
  from space 2048K, 0% used [0x00000000f6a00000,0x00000000f6a00000,0x00000000f6c00000)
  to   space 2048K, 0% used [0x00000000f6800000,0x00000000f6800000,0x00000000f6a00000)
 ParOldGen       total 38400K, used 0K [0x00000000e0c00000, 0x00000000e3180000, 0x00000000f5900000)
  object space 38400K, 0% used [0x00000000e0c00000,0x00000000e0c00000,0x00000000e3180000)
 PSPermGen       total 21504K, used 18949K [0x00000000d6600000, 0x00000000d7b00000, 0x00000000e0c00000)
  object space 21504K, 88% used [0x00000000d6600000,0x00000000d7881770,0x00000000d7b00000)
Event: 3,282 GC heap after
Heap after GC invocations=1 (full 0):
 PSYoungGen      total 17408K, used 2021K [0x00000000f5900000, 0x00000000f7b00000, 0x0000000100000000)
  eden space 15360K, 0% used [0x00000000f5900000,0x00000000f5900000,0x00000000f6800000)
  from space 2048K, 98% used [0x00000000f6800000,0x00000000f69f94c8,0x00000000f6a00000)
  to   space 2048K, 0% used [0x00000000f7900000,0x00000000f7900000,0x00000000f7b00000)
 ParOldGen       total 38400K, used 3792K [0x00000000e0c00000, 0x00000000e3180000, 0x00000000f5900000)
  object space 38400K, 9% used [0x00000000e0c00000,0x00000000e0fb4038,0x00000000e3180000)
 PSPermGen       total 21504K, used 18949K [0x00000000d6600000, 0x00000000d7b00000, 0x00000000e0c00000)
  object space 21504K, 88% used [0x00000000d6600000,0x00000000d7881770,0x00000000d7b00000)
}
Event: 5,613 GC heap before
{Heap before GC invocations=2 (full 0):
 PSYoungGen      total 17408K, used 17381K [0x00000000f5900000, 0x00000000f7b00000, 0x0000000100000000)
  eden space 15360K, 100% used [0x00000000f5900000,0x00000000f6800000,0x00000000f6800000)
  from space 2048K, 98% used [0x00000000f6800000,0x00000000f69f94c8,0x00000000f6a00000)
  to   space 2048K, 0% used [0x00000000f7900000,0x00000000f7900000,0x00000000f7b00000)
 ParOldGen       total 38400K, used 3792K [0x00000000e0c00000, 0x00000000e3180000, 0x00000000f5900000)
  object space 38400K, 9% used [0x00000000e0c00000,0x00000000e0fb4038,0x00000000e3180000)
 PSPermGen       total 23552K, used 23438K [0x00000000d6600000, 0x00000000d7d00000, 0x00000000e0c00000)
  object space 23552K, 99% used [0x00000000d6600000,0x00000000d7ce3ba8,0x00000000d7d00000)
Event: 5,647 GC heap after
Heap after GC invocations=2 (full 0):
 PSYoungGen      total 32768K, used 2037K [0x00000000f5900000, 0x00000000f7b00000, 0x0000000100000000)
  eden space 30720K, 0% used [0x00000000f5900000,0x00000000f5900000,0x00000000f7700000)
  from space 2048K, 99% used [0x00000000f7900000,0x00000000f7afd528,0x00000000f7b00000)
  to   space 2048K, 0% used [0x00000000f7700000,0x00000000f7700000,0x00000000f7900000)
 ParOldGen       total 38400K, used 5792K [0x00000000e0c00000, 0x00000000e3180000, 0x00000000f5900000)
  object space 38400K, 15% used [0x00000000e0c00000,0x00000000e11a83b0,0x00000000e3180000)
 PSPermGen       total 23552K, used 23438K [0x00000000d6600000, 0x00000000d7d00000, 0x00000000e0c00000)
  object space 23552K, 99% used [0x00000000d6600000,0x00000000d7ce3ba8,0x00000000d7d00000)
}
Event: 9,443 GC heap before
{Heap before GC invocations=3 (full 0):
 PSYoungGen      total 32768K, used 32757K [0x00000000f5900000, 0x00000000f7b00000, 0x0000000100000000)
  eden space 30720K, 100% used [0x00000000f5900000,0x00000000f7700000,0x00000000f7700000)
  from space 2048K, 99% used [0x00000000f7900000,0x00000000f7afd528,0x00000000f7b00000)
  to   space 2048K, 0% used [0x00000000f7700000,0x00000000f7700000,0x00000000f7900000)
 ParOldGen       total 38400K, used 5792K [0x00000000e0c00000, 0x00000000e3180000, 0x00000000f5900000)
  object space 38400K, 15% used [0x00000000e0c00000,0x00000000e11a83b0,0x00000000e3180000)
 PSPermGen       total 25600K, used 25467K [0x00000000d6600000, 0x00000000d7f00000, 0x00000000e0c00000)
  object space 25600K, 99% used [0x00000000d6600000,0x00000000d7edef38,0x00000000d7f00000)
Event: 9,476 GC heap after
Heap after GC invocations=3 (full 0):
 PSYoungGen      total 32768K, used 2021K [0x00000000f5900000, 0x00000000f9900000, 0x0000000100000000)
  eden space 30720K, 0% used [0x00000000f5900000,0x00000000f5900000,0x00000000f7700000)
  from space 2048K, 98% used [0x00000000f7700000,0x00000000f78f9538,0x00000000f7900000)
  to   space 2048K, 0% used [0x00000000f9700000,0x00000000f9700000,0x00000000f9900000)
 ParOldGen       total 38400K, used 8882K [0x00000000e0c00000, 0x00000000e3180000, 0x00000000f5900000)
  object space 38400K, 23% used [0x00000000e0c00000,0x00000000e14acbd8,0x00000000e3180000)
 PSPermGen       total 25600K, used 25467K [0x00000000d6600000, 0x00000000d7f00000, 0x00000000e0c00000)
  object space 25600K, 99% used [0x00000000d6600000,0x00000000d7edef38,0x00000000d7f00000)
}

Deoptimization events (10 events):
Event: 9,675 Thread 0x00007fb9e800a800 Uncommon trap: reason=bimorphic action=maybe_recompile pc=0x00007fb9e40f7d30 method=org.jruby.ast.DAsgnNode.interpret(Lorg/jruby/Ruby;Lorg/jruby/runtime/ThreadContext;Lorg/jruby/runtime/builtin/IRubyObject;Lorg/jruby/runtime/Block;)Lorg/jruby/runtime/buil
Event: 9,675 Thread 0x00007fb9e800a800 Uncommon trap: reason=bimorphic action=maybe_recompile pc=0x00007fb9e40f7d30 method=org.jruby.ast.DAsgnNode.interpret(Lorg/jruby/Ruby;Lorg/jruby/runtime/ThreadContext;Lorg/jruby/runtime/builtin/IRubyObject;Lorg/jruby/runtime/Block;)Lorg/jruby/runtime/buil
Event: 9,710 Thread 0x00007fb9e800a800 Uncommon trap: reason=class_check action=maybe_recompile pc=0x00007fb9e404fb38 method=org.jruby.RubyArray.compare(Lorg/jruby/runtime/ThreadContext;Lorg/jruby/runtime/invokedynamic/MethodNames;Lorg/jruby/runtime/builtin/IRubyObject;)Lorg/jruby/RubyBoolean;
Event: 9,779 Thread 0x00007fb9e800a800 Uncommon trap: reason=class_check action=maybe_recompile pc=0x00007fb9e404fb38 method=org.jruby.RubyArray.compare(Lorg/jruby/runtime/ThreadContext;Lorg/jruby/runtime/invokedynamic/MethodNames;Lorg/jruby/runtime/builtin/IRubyObject;)Lorg/jruby/RubyBoolean;
Event: 9,823 Thread 0x00007fb9e800a800 Uncommon trap: reason=array_check action=maybe_recompile pc=0x00007fb9e40fe8e4 method=org.jruby.util.Qsort.swap([Ljava/lang/Object;II)V @ 9
Event: 9,824 Thread 0x00007fb9e800a800 Uncommon trap: reason=array_check action=maybe_recompile pc=0x00007fb9e40fe8e4 method=org.jruby.util.Qsort.swap([Ljava/lang/Object;II)V @ 9
Event: 9,825 Thread 0x00007fb9e800a800 Uncommon trap: reason=array_check action=maybe_recompile pc=0x00007fb9e40fe8e4 method=org.jruby.util.Qsort.swap([Ljava/lang/Object;II)V @ 9
Event: 9,825 Thread 0x00007fb9e800a800 Uncommon trap: reason=array_check action=maybe_recompile pc=0x00007fb9e40fe8e4 method=org.jruby.util.Qsort.swap([Ljava/lang/Object;II)V @ 9
Event: 9,878 Thread 0x00007fb9e800a800 Uncommon trap: reason=class_check action=maybe_recompile pc=0x00007fb9e404fb38 method=org.jruby.RubyArray.compare(Lorg/jruby/runtime/ThreadContext;Lorg/jruby/runtime/invokedynamic/MethodNames;Lorg/jruby/runtime/builtin/IRubyObject;)Lorg/jruby/RubyBoolean;
Event: 9,885 Thread 0x00007fb9e800a800 Uncommon trap: reason=class_check action=maybe_recompile pc=0x00007fb9e40e0944 method=org.jruby.ext.ffi.StructByReference.to_native(Lorg/jruby/runtime/ThreadContext;Lorg/jruby/runtime/builtin/IRubyObject;Lorg/jruby/runtime/builtin/IRubyObject;)Lorg/jruby/

Internal exceptions (10 events):
Event: 8,413 Thread 0x00007fb9e800a800 Threw 0x00000000f719a4c8 at /build/buildd/openjdk-7-7u51-2.4.4/build/openjdk/hotspot/src/share/vm/prims/jvm.cpp:1244
Event: 8,414 Thread 0x00007fb9e800a800 Threw 0x00000000f719c368 at /build/buildd/openjdk-7-7u51-2.4.4/build/openjdk/hotspot/src/share/vm/prims/jvm.cpp:1244
Event: 8,414 Thread 0x00007fb9e800a800 Threw 0x00000000f719e428 at /build/buildd/openjdk-7-7u51-2.4.4/build/openjdk/hotspot/src/share/vm/prims/jvm.cpp:1244
Event: 8,414 Thread 0x00007fb9e800a800 Threw 0x00000000f719eed8 at /build/buildd/openjdk-7-7u51-2.4.4/build/openjdk/hotspot/src/share/vm/prims/jvm.cpp:1244
Event: 8,416 Thread 0x00007fb9e800a800 Threw 0x00000000f71aaa48 at /build/buildd/openjdk-7-7u51-2.4.4/build/openjdk/hotspot/src/share/vm/prims/jvm.cpp:1244
Event: 8,417 Thread 0x00007fb9e800a800 Threw 0x00000000f71acb08 at /build/buildd/openjdk-7-7u51-2.4.4/build/openjdk/hotspot/src/share/vm/prims/jvm.cpp:1244
Event: 8,417 Thread 0x00007fb9e800a800 Threw 0x00000000f71ad5b8 at /build/buildd/openjdk-7-7u51-2.4.4/build/openjdk/hotspot/src/share/vm/prims/jvm.cpp:1244
Event: 8,417 Thread 0x00007fb9e800a800 Threw 0x00000000f71af458 at /build/buildd/openjdk-7-7u51-2.4.4/build/openjdk/hotspot/src/share/vm/prims/jvm.cpp:1244
Event: 8,417 Thread 0x00007fb9e800a800 Threw 0x00000000f71b1518 at /build/buildd/openjdk-7-7u51-2.4.4/build/openjdk/hotspot/src/share/vm/prims/jvm.cpp:1244
Event: 8,417 Thread 0x00007fb9e800a800 Threw 0x00000000f71b1fc8 at /build/buildd/openjdk-7-7u51-2.4.4/build/openjdk/hotspot/src/share/vm/prims/jvm.cpp:1244

Events (10 events):
Event: 9,825 Thread 0x00007fb9e800a800 DEOPT UNPACKING pc=0x00007fb9e3fad045 sp=0x00007fb9ec2f2e98 mode 2
Event: 9,825 Thread 0x00007fb9e800a800 Uncommon trap: trap_request=0xffffffd6 fr.pc=0x00007fb9e40fe8e4
Event: 9,825 Thread 0x00007fb9e800a800 DEOPT PACKING pc=0x00007fb9e40fe8e4 sp=0x00007fb9ec2f2f20
Event: 9,825 Thread 0x00007fb9e800a800 DEOPT UNPACKING pc=0x00007fb9e3fad045 sp=0x00007fb9ec2f2e98 mode 2
Event: 9,878 Thread 0x00007fb9e800a800 Uncommon trap: trap_request=0xffffffde fr.pc=0x00007fb9e404fb38
Event: 9,878 Thread 0x00007fb9e800a800 DEOPT PACKING pc=0x00007fb9e404fb38 sp=0x00007fb9ec2f2fc0
Event: 9,879 Thread 0x00007fb9e800a800 DEOPT UNPACKING pc=0x00007fb9e3fad045 sp=0x00007fb9ec2f2f98 mode 2
Event: 9,885 Thread 0x00007fb9e800a800 Uncommon trap: trap_request=0xffffffde fr.pc=0x00007fb9e40e0944
Event: 9,886 Thread 0x00007fb9e800a800 DEOPT PACKING pc=0x00007fb9e40e0944 sp=0x00007fb9ec2f2e50
Event: 9,886 Thread 0x00007fb9e800a800 DEOPT UNPACKING pc=0x00007fb9e3fad045 sp=0x00007fb9ec2f2d80 mode 2


Dynamic libraries:
00400000-00401000 r-xp 00000000 08:01 15861394                           /usr/lib/jvm/java-7-openjdk-amd64/jre/bin/java
00600000-00601000 r--p 00000000 08:01 15861394                           /usr/lib/jvm/java-7-openjdk-amd64/jre/bin/java
00601000-00602000 rw-p 00001000 08:01 15861394                           /usr/lib/jvm/java-7-openjdk-amd64/jre/bin/java
01055000-01076000 rw-p 00000000 00:00 0                                  [heap]
d6600000-d7f00000 rw-p 00000000 00:00 0 
d7f00000-e0c00000 rw-p 00000000 00:00 0 
e0c00000-e3180000 rw-p 00000000 00:00 0 
e3180000-f5900000 rw-p 00000000 00:00 0 
f5900000-f9900000 rw-p 00000000 00:00 0 
f9900000-100000000 rw-p 00000000 00:00 0 
7fb98c000000-7fb98c021000 rw-p 00000000 00:00 0 
7fb98c021000-7fb990000000 ---p 00000000 00:00 0 
7fb994000000-7fb994021000 rw-p 00000000 00:00 0 
7fb994021000-7fb998000000 ---p 00000000 00:00 0 
7fb998000000-7fb998021000 rw-p 00000000 00:00 0 
7fb998021000-7fb99c000000 ---p 00000000 00:00 0 
7fb99c000000-7fb99c027000 rw-p 00000000 00:00 0 
7fb99c027000-7fb9a0000000 ---p 00000000 00:00 0 
7fb9a0000000-7fb9a0021000 rw-p 00000000 00:00 0 
7fb9a0021000-7fb9a4000000 ---p 00000000 00:00 0 
7fb9a4000000-7fb9a4021000 rw-p 00000000 00:00 0 
7fb9a4021000-7fb9a8000000 ---p 00000000 00:00 0 
7fb9a8000000-7fb9a8021000 rw-p 00000000 00:00 0 
7fb9a8021000-7fb9ac000000 ---p 00000000 00:00 0 
7fb9ac000000-7fb9acdcd000 rw-p 00000000 00:00 0 
7fb9acdcd000-7fb9b0000000 ---p 00000000 00:00 0 
7fb9b0000000-7fb9b0c77000 rw-p 00000000 00:00 0 
7fb9b0c77000-7fb9b4000000 ---p 00000000 00:00 0 
7fb9b4000000-7fb9b4021000 rw-p 00000000 00:00 0 
7fb9b4021000-7fb9b8000000 ---p 00000000 00:00 0 
7fb9b8000000-7fb9b8021000 rw-p 00000000 00:00 0 
7fb9b8021000-7fb9bc000000 ---p 00000000 00:00 0 
7fb9bc000000-7fb9bc051000 rw-p 00000000 00:00 0 
7fb9bc051000-7fb9c0000000 ---p 00000000 00:00 0 
7fb9c0000000-7fb9c0021000 rw-p 00000000 00:00 0 
7fb9c0021000-7fb9c4000000 ---p 00000000 00:00 0 
7fb9c4000000-7fb9c4021000 rw-p 00000000 00:00 0 
7fb9c4021000-7fb9c8000000 ---p 00000000 00:00 0 
7fb9cc000000-7fb9cc021000 rw-p 00000000 00:00 0 
7fb9cc021000-7fb9d0000000 ---p 00000000 00:00 0 
7fb9d4000000-7fb9d4021000 rw-p 00000000 00:00 0 
7fb9d4021000-7fb9d8000000 ---p 00000000 00:00 0 
7fb9d9477000-7fb9d9478000 r-xp 00000000 08:01 13893852                   /home/alex/Documents/8vo_Semestre/Geometría Computacional/Lab/practica02p1/src/lib/libintersection.so
7fb9d9478000-7fb9d9677000 ---p 00001000 08:01 13893852                   /home/alex/Documents/8vo_Semestre/Geometría Computacional/Lab/practica02p1/src/lib/libintersection.so
7fb9d9677000-7fb9d9678000 r--p 00000000 08:01 13893852                   /home/alex/Documents/8vo_Semestre/Geometría Computacional/Lab/practica02p1/src/lib/libintersection.so
7fb9d9678000-7fb9d9679000 rw-p 00001000 08:01 13893852                   /home/alex/Documents/8vo_Semestre/Geometría Computacional/Lab/practica02p1/src/lib/libintersection.so
7fb9d9679000-7fb9d967c000 r-xp 00000000 08:01 13893851                   /home/alex/Documents/8vo_Semestre/Geometría Computacional/Lab/practica02p1/src/lib/librb_tree.so
7fb9d967c000-7fb9d987b000 ---p 00003000 08:01 13893851                   /home/alex/Documents/8vo_Semestre/Geometría Computacional/Lab/practica02p1/src/lib/librb_tree.so
7fb9d987b000-7fb9d987c000 r--p 00002000 08:01 13893851                   /home/alex/Documents/8vo_Semestre/Geometría Computacional/Lab/practica02p1/src/lib/librb_tree.so
7fb9d987c000-7fb9d987d000 rw-p 00003000 08:01 13893851                   /home/alex/Documents/8vo_Semestre/Geometría Computacional/Lab/practica02p1/src/lib/librb_tree.so
7fb9d987d000-7fb9d987f000 r-xp 00000000 08:01 13893850                   /home/alex/Documents/8vo_Semestre/Geometría Computacional/Lab/practica02p1/src/lib/libdouble_linked_list.so
7fb9d987f000-7fb9d9a7e000 ---p 00002000 08:01 13893850                   /home/alex/Documents/8vo_Semestre/Geometría Computacional/Lab/practica02p1/src/lib/libdouble_linked_list.so
7fb9d9a7e000-7fb9d9a7f000 r--p 00001000 08:01 13893850                   /home/alex/Documents/8vo_Semestre/Geometría Computacional/Lab/practica02p1/src/lib/libdouble_linked_list.so
7fb9d9a7f000-7fb9d9a80000 rw-p 00002000 08:01 13893850                   /home/alex/Documents/8vo_Semestre/Geometría Computacional/Lab/practica02p1/src/lib/libdouble_linked_list.so
7fb9d9a80000-7fb9d9a81000 r-xp 00000000 08:01 13893835                   /home/alex/Documents/8vo_Semestre/Geometría Computacional/Lab/practica02p1/src/lib/libhalf_edge.so
7fb9d9a81000-7fb9d9c81000 ---p 00001000 08:01 13893835                   /home/alex/Documents/8vo_Semestre/Geometría Computacional/Lab/practica02p1/src/lib/libhalf_edge.so
7fb9d9c81000-7fb9d9c82000 r--p 00001000 08:01 13893835                   /home/alex/Documents/8vo_Semestre/Geometría Computacional/Lab/practica02p1/src/lib/libhalf_edge.so
7fb9d9c82000-7fb9d9c83000 rw-p 00002000 08:01 13893835                   /home/alex/Documents/8vo_Semestre/Geometría Computacional/Lab/practica02p1/src/lib/libhalf_edge.so
7fb9d9c83000-7fb9d9c84000 r-xp 00000000 08:01 13893834                   /home/alex/Documents/8vo_Semestre/Geometría Computacional/Lab/practica02p1/src/lib/lib2d_points.so
7fb9d9c84000-7fb9d9e83000 ---p 00001000 08:01 13893834                   /home/alex/Documents/8vo_Semestre/Geometría Computacional/Lab/practica02p1/src/lib/lib2d_points.so
7fb9d9e83000-7fb9d9e84000 r--p 00000000 08:01 13893834                   /home/alex/Documents/8vo_Semestre/Geometría Computacional/Lab/practica02p1/src/lib/lib2d_points.so
7fb9d9e84000-7fb9d9e85000 rw-p 00001000 08:01 13893834                   /home/alex/Documents/8vo_Semestre/Geometría Computacional/Lab/practica02p1/src/lib/lib2d_points.so
7fb9d9e85000-7fb9d9e88000 ---p 00000000 00:00 0 
7fb9d9e88000-7fb9da086000 rw-p 00000000 00:00 0                          [stack:18383]
7fb9da086000-7fb9da089000 ---p 00000000 00:00 0 
7fb9da089000-7fb9da287000 rw-p 00000000 00:00 0 
7fb9da287000-7fb9da28a000 ---p 00000000 00:00 0 
7fb9da28a000-7fb9da488000 rw-p 00000000 00:00 0 
7fb9da488000-7fb9da48b000 ---p 00000000 00:00 0 
7fb9da48b000-7fb9da689000 rw-p 00000000 00:00 0                          [stack:18260]
7fb9da689000-7fb9da69b000 r-xp 00000000 08:01 12059135                   /home/alex/.rbenv/versions/jruby-1.7.10/lib/jni/x86_64-Linux/libjffi-1.2.so
7fb9da69b000-7fb9da89a000 ---p 00012000 08:01 12059135                   /home/alex/.rbenv/versions/jruby-1.7.10/lib/jni/x86_64-Linux/libjffi-1.2.so
7fb9da89a000-7fb9da89b000 rw-p 00011000 08:01 12059135                   /home/alex/.rbenv/versions/jruby-1.7.10/lib/jni/x86_64-Linux/libjffi-1.2.so
7fb9da89b000-7fb9da8ab000 r-xp 00000000 08:01 15861288                   /usr/lib/jvm/java-7-openjdk-amd64/jre/lib/amd64/libnio.so
7fb9da8ab000-7fb9daaab000 ---p 00010000 08:01 15861288                   /usr/lib/jvm/java-7-openjdk-amd64/jre/lib/amd64/libnio.so
7fb9daaab000-7fb9daaac000 r--p 00010000 08:01 15861288                   /usr/lib/jvm/java-7-openjdk-amd64/jre/lib/amd64/libnio.so
7fb9daaac000-7fb9daaad000 rw-p 00011000 08:01 15861288                   /usr/lib/jvm/java-7-openjdk-amd64/jre/lib/amd64/libnio.so
7fb9daaad000-7fb9daaea000 r-xp 00000000 08:01 8130434                    /lib/x86_64-linux-gnu/libpcre.so.3.13.1
7fb9daaea000-7fb9dacea000 ---p 0003d000 08:01 8130434                    /lib/x86_64-linux-gnu/libpcre.so.3.13.1
7fb9dacea000-7fb9daceb000 r--p 0003d000 08:01 8130434                    /lib/x86_64-linux-gnu/libpcre.so.3.13.1
7fb9daceb000-7fb9dacec000 rw-p 0003e000 08:01 8130434                    /lib/x86_64-linux-gnu/libpcre.so.3.13.1
7fb9dacec000-7fb9dacf3000 r-xp 00000000 08:01 15735894                   /usr/lib/x86_64-linux-gnu/libffi.so.6.0.1
7fb9dacf3000-7fb9daef2000 ---p 00007000 08:01 15735894                   /usr/lib/x86_64-linux-gnu/libffi.so.6.0.1
7fb9daef2000-7fb9daef3000 r--p 00006000 08:01 15735894                   /usr/lib/x86_64-linux-gnu/libffi.so.6.0.1
7fb9daef3000-7fb9daef4000 rw-p 00007000 08:01 15735894                   /usr/lib/x86_64-linux-gnu/libffi.so.6.0.1
7fb9daef4000-7fb9daf0a000 r-xp 00000000 08:01 8130457                    /lib/x86_64-linux-gnu/libresolv-2.17.so
7fb9daf0a000-7fb9db10a000 ---p 00016000 08:01 8130457                    /lib/x86_64-linux-gnu/libresolv-2.17.so
7fb9db10a000-7fb9db10b000 r--p 00016000 08:01 8130457                    /lib/x86_64-linux-gnu/libresolv-2.17.so
7fb9db10b000-7fb9db10c000 rw-p 00017000 08:01 8130457                    /lib/x86_64-linux-gnu/libresolv-2.17.so
7fb9db10c000-7fb9db10e000 rw-p 00000000 00:00 0 
7fb9db10e000-7fb9db12d000 r-xp 00000000 08:01 8130461                    /lib/x86_64-linux-gnu/libselinux.so.1
7fb9db12d000-7fb9db32d000 ---p 0001f000 08:01 8130461                    /lib/x86_64-linux-gnu/libselinux.so.1
7fb9db32d000-7fb9db32e000 r--p 0001f000 08:01 8130461                    /lib/x86_64-linux-gnu/libselinux.so.1
7fb9db32e000-7fb9db32f000 rw-p 00020000 08:01 8130461                    /lib/x86_64-linux-gnu/libselinux.so.1
7fb9db32f000-7fb9db330000 rw-p 00000000 00:00 0 
7fb9db330000-7fb9db333000 r-xp 00000000 08:01 15729078                   /usr/lib/x86_64-linux-gnu/libgmodule-2.0.so.0.3800.1
7fb9db333000-7fb9db532000 ---p 00003000 08:01 15729078                   /usr/lib/x86_64-linux-gnu/libgmodule-2.0.so.0.3800.1
7fb9db532000-7fb9db533000 r--p 00002000 08:01 15729078                   /usr/lib/x86_64-linux-gnu/libgmodule-2.0.so.0.3800.1
7fb9db533000-7fb9db534000 rw-p 00003000 08:01 15729078                   /usr/lib/x86_64-linux-gnu/libgmodule-2.0.so.0.3800.1
7fb9db534000-7fb9db632000 r-xp 00000000 08:01 8130449                    /lib/x86_64-linux-gnu/libglib-2.0.so.0.3800.1
7fb9db632000-7fb9db832000 ---p 000fe000 08:01 8130449                    /lib/x86_64-linux-gnu/libglib-2.0.so.0.3800.1
7fb9db832000-7fb9db833000 r--p 000fe000 08:01 8130449                    /lib/x86_64-linux-gnu/libglib-2.0.so.0.3800.1
7fb9db833000-7fb9db834000 rw-p 000ff000 08:01 8130449                    /lib/x86_64-linux-gnu/libglib-2.0.so.0.3800.1
7fb9db834000-7fb9db835000 rw-p 00000000 00:00 0 
7fb9db835000-7fb9db884000 r-xp 00000000 08:01 15729069                   /usr/lib/x86_64-linux-gnu/libgobject-2.0.so.0.3800.1
7fb9db884000-7fb9dba84000 ---p 0004f000 08:01 15729069                   /usr/lib/x86_64-linux-gnu/libgobject-2.0.so.0.3800.1
7fb9dba84000-7fb9dba85000 r--p 0004f000 08:01 15729069                   /usr/lib/x86_64-linux-gnu/libgobject-2.0.so.0.3800.1
7fb9dba85000-7fb9dba86000 rw-p 00050000 08:01 15729069                   /usr/lib/x86_64-linux-gnu/libgobject-2.0.so.0.3800.1
7fb9dba86000-7fb9dbbe2000 r-xp 00000000 08:01 15729043                   /usr/lib/x86_64-linux-gnu/libgio-2.0.so.0.3800.1
7fb9dbbe2000-7fb9dbde1000 ---p 0015c000 08:01 15729043                   /usr/lib/x86_64-linux-gnu/libgio-2.0.so.0.3800.1
7fb9dbde1000-7fb9dbde5000 r--p 0015b000 08:01 15729043                   /usr/lib/x86_64-linux-gnu/libgio-2.0.so.0.3800.1
7fb9dbde5000-7fb9dbde7000 rw-p 0015f000 08:01 15729043                   /usr/lib/x86_64-linux-gnu/libgio-2.0.so.0.3800.1
7fb9dbde7000-7fb9dbde9000 rw-p 00000000 00:00 0 
7fb9dbde9000-7fb9dbdff000 r-xp 00000000 08:01 15861076                   /usr/lib/jvm/java-7-openjdk-amd64/jre/lib/amd64/libnet.so
7fb9dbdff000-7fb9dbffe000 ---p 00016000 08:01 15861076                   /usr/lib/jvm/java-7-openjdk-amd64/jre/lib/amd64/libnet.so
7fb9dbffe000-7fb9dbfff000 r--p 00015000 08:01 15861076                   /usr/lib/jvm/java-7-openjdk-amd64/jre/lib/amd64/libnet.so
7fb9dbfff000-7fb9dc000000 rw-p 00016000 08:01 15861076                   /usr/lib/jvm/java-7-openjdk-amd64/jre/lib/amd64/libnet.so
7fb9dc000000-7fb9dc021000 rw-p 00000000 00:00 0 
7fb9dc021000-7fb9e0000000 ---p 00000000 00:00 0 
7fb9e010f000-7fb9e0110000 rw-p 00000000 00:00 0 
7fb9e0110000-7fb9e0113000 ---p 00000000 00:00 0 
7fb9e0113000-7fb9e0149000 rw-p 00000000 00:00 0                          [stack:18263]
7fb9e0149000-7fb9e014a000 r-xp 00000000 00:00 0 
7fb9e014a000-7fb9e0151000 r--s 00000000 08:01 16127910                   /usr/lib/x86_64-linux-gnu/gconv/gconv-modules.cache
7fb9e0151000-7fb9e0153000 r--s 00012000 08:01 15861308                   /usr/lib/jvm/java-7-openjdk-amd64/jre/lib/ext/zipfs.jar
7fb9e0153000-7fb9e0156000 r--s 00032000 08:01 15861310                   /usr/lib/jvm/java-7-openjdk-amd64/jre/lib/ext/sunjce_provider.jar
7fb9e0156000-7fb9e015a000 r--s 00085000 08:01 15861304                   /usr/lib/jvm/java-7-openjdk-amd64/jre/lib/ext/localedata.jar
7fb9e015a000-7fb9e015c000 r--s 00006000 08:01 16256853                   /usr/share/java/java-atk-wrapper.jar
7fb9e015c000-7fb9e015f000 r--s 0000f000 08:01 15861306                   /usr/lib/jvm/java-7-openjdk-amd64/jre/lib/ext/pulse-java.jar
7fb9e015f000-7fb9e0163000 r--s 0003b000 08:01 15861316                   /usr/lib/jvm/java-7-openjdk-amd64/jre/lib/ext/sunpkcs11.jar
7fb9e0163000-7fb9e0164000 ---p 00000000 00:00 0 
7fb9e0164000-7fb9e0264000 rw-p 00000000 00:00 0                          [stack:18259]
7fb9e0264000-7fb9e0267000 ---p 00000000 00:00 0 
7fb9e0267000-7fb9e0465000 rw-p 00000000 00:00 0                          [stack:18258]
7fb9e0465000-7fb9e0468000 ---p 00000000 00:00 0 
7fb9e0468000-7fb9e0566000 rw-p 00000000 00:00 0                          [stack:18257]
7fb9e0566000-7fb9e0569000 ---p 00000000 00:00 0 
7fb9e0569000-7fb9e0667000 rw-p 00000000 00:00 0                          [stack:18256]
7fb9e0667000-7fb9e066a000 ---p 00000000 00:00 0 
7fb9e066a000-7fb9e0868000 rw-p 00000000 00:00 0                          [stack:18255]
7fb9e0868000-7fb9e0c62000 r--p 00000000 08:01 15734328                   /usr/lib/locale/locale-archive
7fb9e0c62000-7fb9e0c65000 ---p 00000000 00:00 0 
7fb9e0c65000-7fb9e0e63000 rw-p 00000000 00:00 0                          [stack:18254]
7fb9e0e63000-7fb9e0e66000 ---p 00000000 00:00 0 
7fb9e0e66000-7fb9e1064000 rw-p 00000000 00:00 0                          [stack:18253]
7fb9e1064000-7fb9e1065000 ---p 00000000 00:00 0 
7fb9e1065000-7fb9e20f8000 rw-p 00000000 00:00 0                          [stack:18252]
7fb9e20f8000-7fb9e21e1000 r--s 00bb9000 08:01 12059138                   /home/alex/.rbenv/versions/jruby-1.7.10/lib/jruby.jar
7fb9e21e1000-7fb9e238f000 r--s 01cf4000 08:01 15861374                   /usr/lib/jvm/java-7-openjdk-amd64/jre/lib/rt.jar
7fb9e238f000-7fb9e3a22000 rw-p 00000000 00:00 0 
7fb9e3a22000-7fb9e3a23000 ---p 00000000 00:00 0 
7fb9e3a23000-7fb9e3b23000 rw-p 00000000 00:00 0                          [stack:18251]
7fb9e3b23000-7fb9e3b24000 ---p 00000000 00:00 0 
7fb9e3b24000-7fb9e3c24000 rw-p 00000000 00:00 0                          [stack:18250]
7fb9e3c24000-7fb9e3c25000 ---p 00000000 00:00 0 
7fb9e3c25000-7fb9e3d25000 rw-p 00000000 00:00 0                          [stack:18249]
7fb9e3d25000-7fb9e3d26000 ---p 00000000 00:00 0 
7fb9e3d26000-7fb9e3e33000 rw-p 00000000 00:00 0                          [stack:18248]
7fb9e3e33000-7fb9e3e79000 rw-p 00000000 00:00 0 
7fb9e3e79000-7fb9e3e8c000 rw-p 00000000 00:00 0 
7fb9e3e8c000-7fb9e3f1f000 rw-p 00000000 00:00 0 
7fb9e3f1f000-7fb9e3f40000 rw-p 00000000 00:00 0 
7fb9e3f40000-7fb9e3f73000 rw-p 00000000 00:00 0 
7fb9e3f73000-7fb9e3f74000 rw-p 00000000 00:00 0 
7fb9e3f74000-7fb9e41e4000 rwxp 00000000 00:00 0 
7fb9e41e4000-7fb9e6f74000 rw-p 00000000 00:00 0 
7fb9e6f74000-7fb9e6f7c000 r-xp 00000000 08:01 15861025                   /usr/lib/jvm/java-7-openjdk-amd64/jre/lib/amd64/libzip.so
7fb9e6f7c000-7fb9e717b000 ---p 00008000 08:01 15861025                   /usr/lib/jvm/java-7-openjdk-amd64/jre/lib/amd64/libzip.so
7fb9e717b000-7fb9e717c000 r--p 00007000 08:01 15861025                   /usr/lib/jvm/java-7-openjdk-amd64/jre/lib/amd64/libzip.so
7fb9e717c000-7fb9e717d000 rw-p 00008000 08:01 15861025                   /usr/lib/jvm/java-7-openjdk-amd64/jre/lib/amd64/libzip.so
7fb9e717d000-7fb9e7189000 r-xp 00000000 08:01 8130412                    /lib/x86_64-linux-gnu/libnss_files-2.17.so
7fb9e7189000-7fb9e7388000 ---p 0000c000 08:01 8130412                    /lib/x86_64-linux-gnu/libnss_files-2.17.so
7fb9e7388000-7fb9e7389000 r--p 0000b000 08:01 8130412                    /lib/x86_64-linux-gnu/libnss_files-2.17.so
7fb9e7389000-7fb9e738a000 rw-p 0000c000 08:01 8130412                    /lib/x86_64-linux-gnu/libnss_files-2.17.so
7fb9e738a000-7fb9e7395000 r-xp 00000000 08:01 8130416                    /lib/x86_64-linux-gnu/libnss_nis-2.17.so
7fb9e7395000-7fb9e7594000 ---p 0000b000 08:01 8130416                    /lib/x86_64-linux-gnu/libnss_nis-2.17.so
7fb9e7594000-7fb9e7595000 r--p 0000a000 08:01 8130416                    /lib/x86_64-linux-gnu/libnss_nis-2.17.so
7fb9e7595000-7fb9e7596000 rw-p 0000b000 08:01 8130416                    /lib/x86_64-linux-gnu/libnss_nis-2.17.so
7fb9e7596000-7fb9e75ad000 r-xp 00000000 08:01 8130406                    /lib/x86_64-linux-gnu/libnsl-2.17.so
7fb9e75ad000-7fb9e77ac000 ---p 00017000 08:01 8130406                    /lib/x86_64-linux-gnu/libnsl-2.17.so
7fb9e77ac000-7fb9e77ad000 r--p 00016000 08:01 8130406                    /lib/x86_64-linux-gnu/libnsl-2.17.so
7fb9e77ad000-7fb9e77ae000 rw-p 00017000 08:01 8130406                    /lib/x86_64-linux-gnu/libnsl-2.17.so
7fb9e77ae000-7fb9e77b0000 rw-p 00000000 00:00 0 
7fb9e77b0000-7fb9e77b8000 r-xp 00000000 08:01 8130408                    /lib/x86_64-linux-gnu/libnss_compat-2.17.so
7fb9e77b8000-7fb9e79b7000 ---p 00008000 08:01 8130408                    /lib/x86_64-linux-gnu/libnss_compat-2.17.so
7fb9e79b7000-7fb9e79b8000 r--p 00007000 08:01 8130408                    /lib/x86_64-linux-gnu/libnss_compat-2.17.so
7fb9e79b8000-7fb9e79b9000 rw-p 00008000 08:01 8130408                    /lib/x86_64-linux-gnu/libnss_compat-2.17.so
7fb9e79b9000-7fb9e79e4000 r-xp 00000000 08:01 15860951                   /usr/lib/jvm/java-7-openjdk-amd64/jre/lib/amd64/libjava.so
7fb9e79e4000-7fb9e7be3000 ---p 0002b000 08:01 15860951                   /usr/lib/jvm/java-7-openjdk-amd64/jre/lib/amd64/libjava.so
7fb9e7be3000-7fb9e7be4000 r--p 0002a000 08:01 15860951                   /usr/lib/jvm/java-7-openjdk-amd64/jre/lib/amd64/libjava.so
7fb9e7be4000-7fb9e7be6000 rw-p 0002b000 08:01 15860951                   /usr/lib/jvm/java-7-openjdk-amd64/jre/lib/amd64/libjava.so
7fb9e7be6000-7fb9e7bf6000 r-xp 00000000 08:01 15861265                   /usr/lib/jvm/java-7-openjdk-amd64/jre/lib/amd64/libverify.so
7fb9e7bf6000-7fb9e7df5000 ---p 00010000 08:01 15861265                   /usr/lib/jvm/java-7-openjdk-amd64/jre/lib/amd64/libverify.so
7fb9e7df5000-7fb9e7df7000 r--p 0000f000 08:01 15861265                   /usr/lib/jvm/java-7-openjdk-amd64/jre/lib/amd64/libverify.so
7fb9e7df7000-7fb9e7df8000 rw-p 00011000 08:01 15861265                   /usr/lib/jvm/java-7-openjdk-amd64/jre/lib/amd64/libverify.so
7fb9e7df8000-7fb9e7dff000 r-xp 00000000 08:01 8130459                    /lib/x86_64-linux-gnu/librt-2.17.so
7fb9e7dff000-7fb9e7ffe000 ---p 00007000 08:01 8130459                    /lib/x86_64-linux-gnu/librt-2.17.so
7fb9e7ffe000-7fb9e7fff000 r--p 00006000 08:01 8130459                    /lib/x86_64-linux-gnu/librt-2.17.so
7fb9e7fff000-7fb9e8000000 rw-p 00007000 08:01 8130459                    /lib/x86_64-linux-gnu/librt-2.17.so
7fb9e8000000-7fb9e854c000 rw-p 00000000 00:00 0 
7fb9e854c000-7fb9ec000000 ---p 00000000 00:00 0 
7fb9ec000000-7fb9ec001000 r--s 00002000 08:01 15861314                   /usr/lib/jvm/java-7-openjdk-amd64/jre/lib/ext/dnsns.jar
7fb9ec001000-7fb9ec0f5000 rw-p 00000000 00:00 0 
7fb9ec0f5000-7fb9ec0f8000 ---p 00000000 00:00 0 
7fb9ec0f8000-7fb9ec2f6000 rw-p 00000000 00:00 0                          [stack:18247]
7fb9ec2f6000-7fb9ec30b000 r-xp 00000000 08:01 8126477                    /lib/x86_64-linux-gnu/libgcc_s.so.1
7fb9ec30b000-7fb9ec50a000 ---p 00015000 08:01 8126477                    /lib/x86_64-linux-gnu/libgcc_s.so.1
7fb9ec50a000-7fb9ec50b000 r--p 00014000 08:01 8126477                    /lib/x86_64-linux-gnu/libgcc_s.so.1
7fb9ec50b000-7fb9ec50c000 rw-p 00015000 08:01 8126477                    /lib/x86_64-linux-gnu/libgcc_s.so.1
7fb9ec50c000-7fb9ec60f000 r-xp 00000000 08:01 8130387                    /lib/x86_64-linux-gnu/libm-2.17.so
7fb9ec60f000-7fb9ec80e000 ---p 00103000 08:01 8130387                    /lib/x86_64-linux-gnu/libm-2.17.so
7fb9ec80e000-7fb9ec80f000 r--p 00102000 08:01 8130387                    /lib/x86_64-linux-gnu/libm-2.17.so
7fb9ec80f000-7fb9ec810000 rw-p 00103000 08:01 8130387                    /lib/x86_64-linux-gnu/libm-2.17.so
7fb9ec810000-7fb9ec8f6000 r-xp 00000000 08:01 15729831                   /usr/lib/x86_64-linux-gnu/libstdc++.so.6.0.18
7fb9ec8f6000-7fb9ecaf5000 ---p 000e6000 08:01 15729831                   /usr/lib/x86_64-linux-gnu/libstdc++.so.6.0.18
7fb9ecaf5000-7fb9ecafd000 r--p 000e5000 08:01 15729831                   /usr/lib/x86_64-linux-gnu/libstdc++.so.6.0.18
7fb9ecafd000-7fb9ecaff000 rw-p 000ed000 08:01 15729831                   /usr/lib/x86_64-linux-gnu/libstdc++.so.6.0.18
7fb9ecaff000-7fb9ecb14000 rw-p 00000000 00:00 0 
7fb9ecb14000-7fb9ed5f3000 r-xp 00000000 08:01 15861284                   /usr/lib/jvm/java-7-openjdk-amd64/jre/lib/amd64/server/libjvm.so
7fb9ed5f3000-7fb9ed7f2000 ---p 00adf000 08:01 15861284                   /usr/lib/jvm/java-7-openjdk-amd64/jre/lib/amd64/server/libjvm.so
7fb9ed7f2000-7fb9ed884000 r--p 00ade000 08:01 15861284                   /usr/lib/jvm/java-7-openjdk-amd64/jre/lib/amd64/server/libjvm.so
7fb9ed884000-7fb9ed8a7000 rw-p 00b70000 08:01 15861284                   /usr/lib/jvm/java-7-openjdk-amd64/jre/lib/amd64/server/libjvm.so
7fb9ed8a7000-7fb9ed8d4000 rw-p 00000000 00:00 0 
7fb9ed8d4000-7fb9ed8ec000 r-xp 00000000 08:01 8130494                    /lib/x86_64-linux-gnu/libz.so.1.2.8
7fb9ed8ec000-7fb9edaeb000 ---p 00018000 08:01 8130494                    /lib/x86_64-linux-gnu/libz.so.1.2.8
7fb9edaeb000-7fb9edaec000 r--p 00017000 08:01 8130494                    /lib/x86_64-linux-gnu/libz.so.1.2.8
7fb9edaec000-7fb9edaed000 rw-p 00018000 08:01 8130494                    /lib/x86_64-linux-gnu/libz.so.1.2.8
7fb9edaed000-7fb9edb04000 r-xp 00000000 08:01 8130451                    /lib/x86_64-linux-gnu/libpthread-2.17.so
7fb9edb04000-7fb9edd04000 ---p 00017000 08:01 8130451                    /lib/x86_64-linux-gnu/libpthread-2.17.so
7fb9edd04000-7fb9edd05000 r--p 00017000 08:01 8130451                    /lib/x86_64-linux-gnu/libpthread-2.17.so
7fb9edd05000-7fb9edd06000 rw-p 00018000 08:01 8130451                    /lib/x86_64-linux-gnu/libpthread-2.17.so
7fb9edd06000-7fb9edd0a000 rw-p 00000000 00:00 0 
7fb9edd0a000-7fb9edd0d000 r-xp 00000000 08:01 8130351                    /lib/x86_64-linux-gnu/libdl-2.17.so
7fb9edd0d000-7fb9edf0c000 ---p 00003000 08:01 8130351                    /lib/x86_64-linux-gnu/libdl-2.17.so
7fb9edf0c000-7fb9edf0d000 r--p 00002000 08:01 8130351                    /lib/x86_64-linux-gnu/libdl-2.17.so
7fb9edf0d000-7fb9edf0e000 rw-p 00003000 08:01 8130351                    /lib/x86_64-linux-gnu/libdl-2.17.so
7fb9edf0e000-7fb9ee0cb000 r-xp 00000000 08:01 8130336                    /lib/x86_64-linux-gnu/libc-2.17.so
7fb9ee0cb000-7fb9ee2cb000 ---p 001bd000 08:01 8130336                    /lib/x86_64-linux-gnu/libc-2.17.so
7fb9ee2cb000-7fb9ee2cf000 r--p 001bd000 08:01 8130336                    /lib/x86_64-linux-gnu/libc-2.17.so
7fb9ee2cf000-7fb9ee2d1000 rw-p 001c1000 08:01 8130336                    /lib/x86_64-linux-gnu/libc-2.17.so
7fb9ee2d1000-7fb9ee2d6000 rw-p 00000000 00:00 0 
7fb9ee2d6000-7fb9ee2e3000 r-xp 00000000 08:01 15861291                   /usr/lib/jvm/java-7-openjdk-amd64/jre/lib/amd64/jli/libjli.so
7fb9ee2e3000-7fb9ee4e2000 ---p 0000d000 08:01 15861291                   /usr/lib/jvm/java-7-openjdk-amd64/jre/lib/amd64/jli/libjli.so
7fb9ee4e2000-7fb9ee4e3000 r--p 0000c000 08:01 15861291                   /usr/lib/jvm/java-7-openjdk-amd64/jre/lib/amd64/jli/libjli.so
7fb9ee4e3000-7fb9ee4e4000 rw-p 0000d000 08:01 15861291                   /usr/lib/jvm/java-7-openjdk-amd64/jre/lib/amd64/jli/libjli.so
7fb9ee4e4000-7fb9ee507000 r-xp 00000000 08:01 8130312                    /lib/x86_64-linux-gnu/ld-2.17.so
7fb9ee507000-7fb9ee50c000 r--s 0004c000 08:01 15861296                   /usr/lib/jvm/java-7-openjdk-amd64/jre/lib/jsse.jar
7fb9ee50c000-7fb9ee53a000 rw-p 00000000 00:00 0 
7fb9ee53a000-7fb9ee580000 rw-p 00000000 00:00 0 
7fb9ee580000-7fb9ee593000 rw-p 00000000 00:00 0 
7fb9ee593000-7fb9ee627000 rw-p 00000000 00:00 0 
7fb9ee627000-7fb9ee631000 rw-p 00000000 00:00 0 
7fb9ee631000-7fb9ee6e7000 rw-p 00000000 00:00 0 
7fb9ee6e7000-7fb9ee6fa000 rw-p 00000000 00:00 0 
7fb9ee6fa000-7fb9ee702000 rw-s 00000000 08:01 5767459                    /tmp/hsperfdata_alex/18222
7fb9ee702000-7fb9ee703000 rw-p 00000000 00:00 0 
7fb9ee703000-7fb9ee704000 r--p 00000000 00:00 0 
7fb9ee704000-7fb9ee706000 rw-p 00000000 00:00 0 
7fb9ee706000-7fb9ee707000 r--p 00022000 08:01 8130312                    /lib/x86_64-linux-gnu/ld-2.17.so
7fb9ee707000-7fb9ee709000 rw-p 00023000 08:01 8130312                    /lib/x86_64-linux-gnu/ld-2.17.so
7fff3f2c3000-7fff3f2e4000 rw-p 00000000 00:00 0                          [stack]
7fff3f3fe000-7fff3f400000 r-xp 00000000 00:00 0                          [vdso]
ffffffffff600000-ffffffffff601000 r-xp 00000000 00:00 0                  [vsyscall]

VM Arguments:
jvm_args: -Djdk.home= -Djruby.home=/home/alex/.rbenv/versions/jruby-1.7.10 -Djruby.script=jruby -Djruby.shell=/bin/sh -Djffi.boot.library.path=/home/alex/.rbenv/versions/jruby-1.7.10/lib/jni:/home/alex/.rbenv/versions/jruby-1.7.10/lib/jni/i386-Linux:/home/alex/.rbenv/versions/jruby-1.7.10/lib/jni/arm-Linux:/home/alex/.rbenv/versions/jruby-1.7.10/lib/jni/x86_64-Linux -Xmx500m -Xss2048k -Xbootclasspath/a:/home/alex/.rbenv/versions/jruby-1.7.10/lib/jruby.jar 
java_command: org/jruby/Main Makefile.rb clean compile test clean
Launcher Type: SUN_STANDARD

Environment Variables:
PATH=/home/alex/.rbenv/versions/jruby-1.7.10/bin:/home/alex/.rbenv/libexec:/home/alex/.rbenv/plugins/ruby-build/bin:/home/alex/.rbenv/shims:~/.rbenv/bin:~/.rbenv/bin:/usr/local/sbin:/usr/local/bin:/usr/sbin:/usr/bin:/sbin:/bin:/usr/games:/usr/local/games
USERNAME=alex
SHELL=/bin/bash
DISPLAY=:0

Signal Handlers:
SIGSEGV: [libjvm.so+0x916ea0], sa_mask[0]=0x7ffbfeff, sa_flags=0x10000004
SIGBUS: [libjvm.so+0x916ea0], sa_mask[0]=0x7ffbfeff, sa_flags=0x10000004
SIGFPE: [libjvm.so+0x794800], sa_mask[0]=0x7ffbfeff, sa_flags=0x10000004
SIGPIPE: [libjvm.so+0x794800], sa_mask[0]=0x7ffbfeff, sa_flags=0x10000004
SIGXFSZ: [libjvm.so+0x794800], sa_mask[0]=0x7ffbfeff, sa_flags=0x10000004
SIGILL: [libjvm.so+0x794800], sa_mask[0]=0x7ffbfeff, sa_flags=0x10000004
SIGUSR1: SIG_DFL, sa_mask[0]=0x00000000, sa_flags=0x00000000
SIGUSR2: [libjvm.so+0x7946a0], sa_mask[0]=0x00000000, sa_flags=0x10000004
SIGHUP: [libjvm.so+0x794880], sa_mask[0]=0x7ffbfeff, sa_flags=0x10000004
SIGINT: [libjvm.so+0x794880], sa_mask[0]=0x7ffbfeff, sa_flags=0x10000004
SIGTERM: [libjvm.so+0x794880], sa_mask[0]=0x7ffbfeff, sa_flags=0x10000004
SIGQUIT: [libjvm.so+0x794880], sa_mask[0]=0x7ffbfeff, sa_flags=0x10000004


---------------  S Y S T E M  ---------------

OS:LinuxMint 16 (petra)
uname:Linux 3.11.0-12-generic #19-Ubuntu SMP Wed Oct 9 16:20:46 UTC 2013 x86_64
libc:glibc 2.17 NPTL 2.17 
rlimit: STACK 8192k, CORE 0k, NPROC 28798, NOFILE 4096, AS infinity
load average:0,52 0,44 0,50

/proc/meminfo:
MemTotal:        3715476 kB
MemFree:         1608856 kB
Buffers:           72684 kB
Cached:          1122652 kB
SwapCached:           28 kB
Active:          1166092 kB
Inactive:         756480 kB
Active(anon):     617168 kB
Inactive(anon):   323784 kB
Active(file):     548924 kB
Inactive(file):   432696 kB
Unevictable:          44 kB
Mlocked:              44 kB
SwapTotal:       3856380 kB
SwapFree:        3855740 kB
Dirty:               312 kB
Writeback:             0 kB
AnonPages:        727476 kB
Mapped:           184468 kB
Shmem:            213716 kB
Slab:             109144 kB
SReclaimable:      81692 kB
SUnreclaim:        27452 kB
KernelStack:        3616 kB
PageTables:        25568 kB
NFS_Unstable:          0 kB
Bounce:                0 kB
WritebackTmp:          0 kB
CommitLimit:     5714116 kB
Committed_AS:    3094340 kB
VmallocTotal:   34359738367 kB
VmallocUsed:      414940 kB
VmallocChunk:   34359311484 kB
HardwareCorrupted:     0 kB
AnonHugePages:         0 kB
HugePages_Total:       0
HugePages_Free:        0
HugePages_Rsvd:        0
HugePages_Surp:        0
Hugepagesize:       2048 kB
DirectMap4k:       56528 kB
DirectMap2M:     3801088 kB


CPU:total 4 (2 cores per cpu, 2 threads per core) family 6 model 37 stepping 5, cmov, cx8, fxsr, mmx, sse, sse2, sse3, ssse3, sse4.1, sse4.2, popcnt, ht, tsc, tscinvbit

/proc/cpuinfo:
processor	: 0
vendor_id	: GenuineIntel
cpu family	: 6
model		: 37
model name	: Intel(R) Core(TM) i3 CPU       M 380  @ 2.53GHz
stepping	: 5
microcode	: 0x2
cpu MHz		: 933.000
cache size	: 3072 KB
physical id	: 0
siblings	: 4
core id		: 0
cpu cores	: 2
apicid		: 0
initial apicid	: 0
fpu		: yes
fpu_exception	: yes
cpuid level	: 11
wp		: yes
flags		: fpu vme de pse tsc msr pae mce cx8 apic sep mtrr pge mca cmov pat pse36 clflush dts acpi mmx fxsr sse sse2 ss ht tm pbe syscall nx rdtscp lm constant_tsc arch_perfmon pebs bts rep_good nopl xtopology nonstop_tsc aperfmperf pni dtes64 monitor ds_cpl vmx est tm2 ssse3 cx16 xtpr pdcm pcid sse4_1 sse4_2 popcnt lahf_lm arat dtherm tpr_shadow vnmi flexpriority ept vpid
bogomips	: 5054.41
clflush size	: 64
cache_alignment	: 64
address sizes	: 36 bits physical, 48 bits virtual
power management:

processor	: 1
vendor_id	: GenuineIntel
cpu family	: 6
model		: 37
model name	: Intel(R) Core(TM) i3 CPU       M 380  @ 2.53GHz
stepping	: 5
microcode	: 0x2
cpu MHz		: 933.000
cache size	: 3072 KB
physical id	: 0
siblings	: 4
core id		: 0
cpu cores	: 2
apicid		: 1
initial apicid	: 1
fpu		: yes
fpu_exception	: yes
cpuid level	: 11
wp		: yes
flags		: fpu vme de pse tsc msr pae mce cx8 apic sep mtrr pge mca cmov pat pse36 clflush dts acpi mmx fxsr sse sse2 ss ht tm pbe syscall nx rdtscp lm constant_tsc arch_perfmon pebs bts rep_good nopl xtopology nonstop_tsc aperfmperf pni dtes64 monitor ds_cpl vmx est tm2 ssse3 cx16 xtpr pdcm pcid sse4_1 sse4_2 popcnt lahf_lm arat dtherm tpr_shadow vnmi flexpriority ept vpid
bogomips	: 5054.41
clflush size	: 64
cache_alignment	: 64
address sizes	: 36 bits physical, 48 bits virtual
power management:

processor	: 2
vendor_id	: GenuineIntel
cpu family	: 6
model		: 37
model name	: Intel(R) Core(TM) i3 CPU       M 380  @ 2.53GHz
stepping	: 5
microcode	: 0x2
cpu MHz		: 933.000
cache size	: 3072 KB
physical id	: 0
siblings	: 4
core id		: 2
cpu cores	: 2
apicid		: 4
initial apicid	: 4
fpu		: yes
fpu_exception	: yes
cpuid level	: 11
wp		: yes
flags		: fpu vme de pse tsc msr pae mce cx8 apic sep mtrr pge mca cmov pat pse36 clflush dts acpi mmx fxsr sse sse2 ss ht tm pbe syscall nx rdtscp lm constant_tsc arch_perfmon pebs bts rep_good nopl xtopology nonstop_tsc aperfmperf pni dtes64 monitor ds_cpl vmx est tm2 ssse3 cx16 xtpr pdcm pcid sse4_1 sse4_2 popcnt lahf_lm arat dtherm tpr_shadow vnmi flexpriority ept vpid
bogomips	: 5054.41
clflush size	: 64
cache_alignment	: 64
address sizes	: 36 bits physical, 48 bits virtual
power management:

processor	: 3
vendor_id	: GenuineIntel
cpu family	: 6
model		: 37
model name	: Intel(R) Core(TM) i3 CPU       M 380  @ 2.53GHz
stepping	: 5
microcode	: 0x2
cpu MHz		: 933.000
cache size	: 3072 KB
physical id	: 0
siblings	: 4
core id		: 2
cpu cores	: 2
apicid		: 5
initial apicid	: 5
fpu		: yes
fpu_exception	: yes
cpuid level	: 11
wp		: yes
flags		: fpu vme de pse tsc msr pae mce cx8 apic sep mtrr pge mca cmov pat pse36 clflush dts acpi mmx fxsr sse sse2 ss ht tm pbe syscall nx rdtscp lm constant_tsc arch_perfmon pebs bts rep_good nopl xtopology nonstop_tsc aperfmperf pni dtes64 monitor ds_cpl vmx est tm2 ssse3 cx16 xtpr pdcm pcid sse4_1 sse4_2 popcnt lahf_lm arat dtherm tpr_shadow vnmi flexpriority ept vpid
bogomips	: 5054.41
clflush size	: 64
cache_alignment	: 64
address sizes	: 36 bits physical, 48 bits virtual
power management:



Memory: 4k page, physical 3715476k(1608856k free), swap 3856380k(3855740k free)

vm_info: OpenJDK 64-Bit Server VM (24.45-b08) for linux-amd64 JRE (1.7.0_51-b00), built on Jan 15 2014 22:02:57 by "buildd" with gcc 4.8.1

time: Mon Apr 21 20:50:27 2014
elapsed time: 9 seconds

