#
# A fatal error has been detected by the Java Runtime Environment:
#
#  SIGSEGV (0xb) at pc=0x00007fcd4fdfeaef, pid=30299, tid=140520169764608
#
# JRE version: OpenJDK Runtime Environment (7.0_51) (build 1.7.0_51-b00)
# Java VM: OpenJDK 64-Bit Server VM (24.45-b08 mixed mode linux-amd64 compressed oops)
# Problematic frame:
# C  [libintersection.so+0xaef]  find_intersections+0x19a
#
# Failed to write core dump. Core dumps have been disabled. To enable core dumping, try "ulimit -c unlimited" before starting Java again
#
# If you would like to submit a bug report, please include
# instructions on how to reproduce the bug and visit:
#   http://icedtea.classpath.org/bugzilla
# The crash happened outside the Java Virtual Machine in native code.
# See problematic frame for where to report the bug.
#

---------------  T H R E A D  ---------------

Current thread (0x00007fcd6000a800):  JavaThread "main" [_thread_in_native, id=30324, stack(0x00007fcd66ad7000,0x00007fcd66cd8000)]

siginfo:si_signo=SIGSEGV: si_errno=0, si_code=1 (SEGV_MAPERR), si_addr=0x0000000000000020

Registers:
RAX=0x0000000000000000, RBX=0x00000000d79ae170, RCX=0x00007fcd60394cb0, RDX=0x00007fcd66cd5070
RSP=0x00007fcd66cd5050, RBP=0x00007fcd66cd5080, RSI=0x00007fcd60394cb0, RDI=0x0000000000000001
R8 =0x00000000ffffffff, R9 =0x0000000000000000, R10=0x00007fcd66cd4df0, R11=0x00007fcd5413a36e
R12=0x0000000000000000, R13=0x00000000d79ae170, R14=0x00007fcd66cd5168, R15=0x00007fcd6000a800
RIP=0x00007fcd4fdfeaef, EFLAGS=0x0000000000010246, CSGSFS=0x0000000000000033, ERR=0x0000000000000004
  TRAPNO=0x000000000000000e

Top of Stack: (sp=0x00007fcd66cd5050)
0x00007fcd66cd5050:   4000000000000000 00007fcd6036cdc0
0x00007fcd66cd5060:   00007fcd60394b70 00007fcd60394d70
0x00007fcd66cd5070:   00007fcd66cd5070 0000000000000000
0x00007fcd66cd5080:   00007fcd6035cb80 00007fcd55189cd9
0x00007fcd66cd5090:   00000000d7d331d8 00000000d79ae170
0x00007fcd66cd50a0:   00007fcd66cd5120 00007fcd5d012738
0x00007fcd66cd50b0:   00007fcd66cd5110 00007fcd5d006233
0x00007fcd66cd50c0:   00000000f6b245b8 00000000f6b53288
0x00007fcd66cd50d0:   00007fcd66cd50d0 00000000d69ff00f
0x00007fcd66cd50e0:   00007fcd66cd50e0 0000000000000000
0x00007fcd66cd50f0:   00007fcd66cd5168 00000000d79b6698
0x00007fcd66cd5100:   0000000000000000 00000000d79ae170
0x00007fcd66cd5110:   0000000000000000 00007fcd66cd5140
0x00007fcd66cd5120:   00007fcd66cd51b0 00007fcd5d006175
0x00007fcd66cd5130:   00000000e116bb48 00007fcd5d00ecd7
0x00007fcd66cd5140:   00007fcd6036cdc0 00007fcd5d16d1ec
0x00007fcd66cd5150:   00007fcd4fdfe955 00000000f6a28048
0x00007fcd66cd5160:   00007fcd6035cb80 00000000d69fba80
0x00007fcd66cd5170:   00007fcd66cd5170 00000000d7aaafd7
0x00007fcd66cd5180:   00007fcd66cd51e8 00000000d7ab7230
0x00007fcd66cd5190:   00000000d7edc588 00000000d7aab018
0x00007fcd66cd51a0:   00007fcd66cd5140 00007fcd66cd51c0
0x00007fcd66cd51b0:   00007fcd66cd5238 00007fcd5d006175
0x00007fcd66cd51c0:   00007fcd6036cdc0 00000000f7471978
0x00007fcd66cd51d0:   00007fcd4fdfe955 0000000000000000
0x00007fcd66cd51e0:   00000000e109d160 00000000e116e338
0x00007fcd66cd51f0:   00000000f7a74090 00007fcd66cd51f8
0x00007fcd66cd5200:   00000000d7edd584 00007fcd66cd5280
0x00007fcd66cd5210:   00000000d7edd9e0 0000000000000000
0x00007fcd66cd5220:   00000000d7edd5a8 00007fcd66cd51c0
0x00007fcd66cd5230:   00007fcd66cd5258 00007fcd66cd52c8
0x00007fcd66cd5240:   00007fcd5d006233 00000000f7471978 

Instructions: (pc=0x00007fcd4fdfeaef)
0x00007fcd4fdfeacf:   55 f0 48 8b 45 e0 48 89 d6 48 89 c7 b8 00 00 00
0x00007fcd4fdfeadf:   00 e8 5b fd ff ff 48 98 48 89 45 f8 48 8b 45 f8
0x00007fcd4fdfeaef:   48 8b 40 20 48 89 45 f0 48 8b 45 f0 48 8b 50 08
0x00007fcd4fdfeaff:   48 8b 45 f0 48 8b 00 48 89 55 d0 f2 0f 10 4d d0 

Register to memory mapping:

RAX=0x0000000000000000 is an unknown value
RBX=0x00000000d79ae170 is an oop
{method} 
 - klass: {other class}
RCX=0x00007fcd60394cb0 is an unknown value
RDX=0x00007fcd66cd5070 is pointing into the stack for thread: 0x00007fcd6000a800
RSP=0x00007fcd66cd5050 is pointing into the stack for thread: 0x00007fcd6000a800
RBP=0x00007fcd66cd5080 is pointing into the stack for thread: 0x00007fcd6000a800
RSI=0x00007fcd60394cb0 is an unknown value
RDI=0x0000000000000001 is an unknown value
R8 =0x00000000ffffffff is an unallocated location in the heap
R9 =0x0000000000000000 is an unknown value
R10=0x00007fcd66cd4df0 is pointing into the stack for thread: 0x00007fcd6000a800
R11=0x00007fcd5413a36e: rb_node_search+0 in lib/librb_tree.so at 0x00007fcd54139000
R12=0x0000000000000000 is an unknown value
R13=0x00000000d79ae170 is an oop
{method} 
 - klass: {other class}
R14=0x00007fcd66cd5168 is pointing into the stack for thread: 0x00007fcd6000a800
R15=0x00007fcd6000a800 is a thread


Stack: [0x00007fcd66ad7000,0x00007fcd66cd8000],  sp=0x00007fcd66cd5050,  free space=2040k
Native frames: (J=compiled Java code, j=interpreted, Vv=VM code, C=native code)
C  [libintersection.so+0xaef]  find_intersections+0x19a

Java frames: (J=compiled Java code, j=interpreted, Vv=VM code)
j  com.kenai.jffi.Foreign.invokeL1(JJJ)J+0
j  com.kenai.jffi.Invoker.invokeL1(Lcom/kenai/jffi/CallContext;JJ)J+7
j  org.jruby.ext.ffi.jffi.NativeInvoker$ffi$8.call(Lorg/jruby/runtime/ThreadContext;Lorg/jruby/runtime/builtin/IRubyObject;Lorg/jruby/RubyModule;Ljava/lang/String;Lorg/jruby/runtime/builtin/IRubyObject;)Lorg/jruby/runtime/builtin/IRubyObject;+76
j  org.jruby.runtime.callsite.CachingCallSite.cacheAndCall(Lorg/jruby/runtime/builtin/IRubyObject;Lorg/jruby/RubyClass;Lorg/jruby/runtime/ThreadContext;Lorg/jruby/runtime/builtin/IRubyObject;Lorg/jruby/runtime/builtin/IRubyObject;)Lorg/jruby/runtime/builtin/IRubyObject;+57
J  org.jruby.runtime.callsite.CachingCallSite.call(Lorg/jruby/runtime/ThreadContext;Lorg/jruby/runtime/builtin/IRubyObject;Lorg/jruby/runtime/builtin/IRubyObject;Lorg/jruby/runtime/builtin/IRubyObject;)Lorg/jruby/runtime/builtin/IRubyObject;
J  org.jruby.ast.CallOneArgNode.interpret(Lorg/jruby/Ruby;Lorg/jruby/runtime/ThreadContext;Lorg/jruby/runtime/builtin/IRubyObject;Lorg/jruby/runtime/Block;)Lorg/jruby/runtime/builtin/IRubyObject;
j  org.jruby.ast.LocalAsgnNode.interpret(Lorg/jruby/Ruby;Lorg/jruby/runtime/ThreadContext;Lorg/jruby/runtime/builtin/IRubyObject;Lorg/jruby/runtime/Block;)Lorg/jruby/runtime/builtin/IRubyObject;+30
J  org.jruby.ast.BlockNode.interpret(Lorg/jruby/Ruby;Lorg/jruby/runtime/ThreadContext;Lorg/jruby/runtime/builtin/IRubyObject;Lorg/jruby/runtime/Block;)Lorg/jruby/runtime/builtin/IRubyObject;
j  org.jruby.evaluator.ASTInterpreter.INTERPRET_METHOD(Lorg/jruby/Ruby;Lorg/jruby/runtime/ThreadContext;Ljava/lang/String;ILorg/jruby/RubyModule;Lorg/jruby/ast/Node;Ljava/lang/String;Lorg/jruby/runtime/builtin/IRubyObject;Lorg/jruby/runtime/Block;Z)Lorg/jruby/runtime/builtin/IRubyObject;+30
j  org.jruby.internal.runtime.methods.InterpretedMethod.call(Lorg/jruby/runtime/ThreadContext;Lorg/jruby/runtime/builtin/IRubyObject;Lorg/jruby/RubyModule;Ljava/lang/String;)Lorg/jruby/runtime/builtin/IRubyObject;+80
j  org.jruby.internal.runtime.methods.DefaultMethod.call(Lorg/jruby/runtime/ThreadContext;Lorg/jruby/runtime/builtin/IRubyObject;Lorg/jruby/RubyModule;Ljava/lang/String;)Lorg/jruby/runtime/builtin/IRubyObject;+20
J  org.jruby.ast.CallNoArgNode.interpret(Lorg/jruby/Ruby;Lorg/jruby/runtime/ThreadContext;Lorg/jruby/runtime/builtin/IRubyObject;Lorg/jruby/runtime/Block;)Lorg/jruby/runtime/builtin/IRubyObject;
j  org.jruby.ast.FCallTwoArgNode.interpret(Lorg/jruby/Ruby;Lorg/jruby/runtime/ThreadContext;Lorg/jruby/runtime/builtin/IRubyObject;Lorg/jruby/runtime/Block;)Lorg/jruby/runtime/builtin/IRubyObject;+28
J  org.jruby.ast.BlockNode.interpret(Lorg/jruby/Ruby;Lorg/jruby/runtime/ThreadContext;Lorg/jruby/runtime/builtin/IRubyObject;Lorg/jruby/runtime/Block;)Lorg/jruby/runtime/builtin/IRubyObject;
j  org.jruby.evaluator.ASTInterpreter.INTERPRET_METHOD(Lorg/jruby/Ruby;Lorg/jruby/runtime/ThreadContext;Ljava/lang/String;ILorg/jruby/RubyModule;Lorg/jruby/ast/Node;Ljava/lang/String;Lorg/jruby/runtime/builtin/IRubyObject;Lorg/jruby/runtime/Block;Z)Lorg/jruby/runtime/builtin/IRubyObject;+30
j  org.jruby.internal.runtime.methods.InterpretedMethod.call(Lorg/jruby/runtime/ThreadContext;Lorg/jruby/runtime/builtin/IRubyObject;Lorg/jruby/RubyModule;Ljava/lang/String;)Lorg/jruby/runtime/builtin/IRubyObject;+80
j  org.jruby.internal.runtime.methods.DefaultMethod.call(Lorg/jruby/runtime/ThreadContext;Lorg/jruby/runtime/builtin/IRubyObject;Lorg/jruby/RubyModule;Ljava/lang/String;)Lorg/jruby/runtime/builtin/IRubyObject;+20
j  org.jruby.runtime.callsite.CachingCallSite.cacheAndCall(Lorg/jruby/runtime/builtin/IRubyObject;Lorg/jruby/RubyClass;Lorg/jruby/runtime/ThreadContext;Lorg/jruby/runtime/builtin/IRubyObject;)Lorg/jruby/runtime/builtin/IRubyObject;+53
j  org.jruby.runtime.callsite.CachingCallSite.call(Lorg/jruby/runtime/ThreadContext;Lorg/jruby/runtime/builtin/IRubyObject;Lorg/jruby/runtime/builtin/IRubyObject;)Lorg/jruby/runtime/builtin/IRubyObject;+46
j  Makefile.method__3$RUBY$test(LMakefile;Lorg/jruby/runtime/ThreadContext;Lorg/jruby/runtime/builtin/IRubyObject;Lorg/jruby/runtime/Block;)Lorg/jruby/runtime/builtin/IRubyObject;+130
j  Makefile$method__3$RUBY$test.call(Lorg/jruby/runtime/ThreadContext;Lorg/jruby/runtime/builtin/IRubyObject;Lorg/jruby/RubyModule;Ljava/lang/String;Lorg/jruby/runtime/Block;)Lorg/jruby/runtime/builtin/IRubyObject;+17
j  org.jruby.RubyClass.finvoke(Lorg/jruby/runtime/ThreadContext;Lorg/jruby/runtime/builtin/IRubyObject;Ljava/lang/String;Lorg/jruby/runtime/Block;)Lorg/jruby/runtime/builtin/IRubyObject;+41
j  org.jruby.RubyBasicObject.send19(Lorg/jruby/runtime/ThreadContext;Lorg/jruby/runtime/builtin/IRubyObject;Lorg/jruby/runtime/Block;)Lorg/jruby/runtime/builtin/IRubyObject;+15
j  org.jruby.RubyKernel.send19(Lorg/jruby/runtime/ThreadContext;Lorg/jruby/runtime/builtin/IRubyObject;Lorg/jruby/runtime/builtin/IRubyObject;Lorg/jruby/runtime/Block;)Lorg/jruby/runtime/builtin/IRubyObject;+7
j  org.jruby.RubyKernel$INVOKER$s$send19.call(Lorg/jruby/runtime/ThreadContext;Lorg/jruby/runtime/builtin/IRubyObject;Lorg/jruby/RubyModule;Ljava/lang/String;Lorg/jruby/runtime/builtin/IRubyObject;Lorg/jruby/runtime/Block;)Lorg/jruby/runtime/builtin/IRubyObject;+6
j  org.jruby.internal.runtime.methods.JavaMethod$JavaMethodOneOrNBlock.call(Lorg/jruby/runtime/ThreadContext;Lorg/jruby/runtime/builtin/IRubyObject;Lorg/jruby/RubyModule;Ljava/lang/String;Lorg/jruby/runtime/builtin/IRubyObject;)Lorg/jruby/runtime/builtin/IRubyObject;+11
j  org.jruby.runtime.callsite.CachingCallSite.call(Lorg/jruby/runtime/ThreadContext;Lorg/jruby/runtime/builtin/IRubyObject;Lorg/jruby/runtime/builtin/IRubyObject;Lorg/jruby/runtime/builtin/IRubyObject;)Lorg/jruby/runtime/builtin/IRubyObject;+38
j  Makefile.block_7$RUBY$__file__(LMakefile;Lorg/jruby/runtime/ThreadContext;Lorg/jruby/runtime/builtin/IRubyObject;[Lorg/jruby/runtime/builtin/IRubyObject;Lorg/jruby/runtime/Block;)Lorg/jruby/runtime/builtin/IRubyObject;+46
j  Makefile$block_7$RUBY$__file__.call(Lorg/jruby/runtime/ThreadContext;Lorg/jruby/runtime/builtin/IRubyObject;[Lorg/jruby/runtime/builtin/IRubyObject;Lorg/jruby/runtime/Block;)Lorg/jruby/runtime/builtin/IRubyObject;+9
j  org.jruby.runtime.CompiledBlock19.yield(Lorg/jruby/runtime/ThreadContext;Lorg/jruby/runtime/builtin/IRubyObject;Lorg/jruby/runtime/Binding;Lorg/jruby/runtime/Block$Type;)Lorg/jruby/runtime/builtin/IRubyObject;+52
j  org.jruby.runtime.Block.yield(Lorg/jruby/runtime/ThreadContext;Lorg/jruby/runtime/builtin/IRubyObject;)Lorg/jruby/runtime/builtin/IRubyObject;+14
j  org.jruby.RubyArray.eachCommon(Lorg/jruby/runtime/ThreadContext;Lorg/jruby/runtime/Block;)Lorg/jruby/runtime/builtin/IRubyObject;+41
j  org.jruby.RubyArray.each(Lorg/jruby/runtime/ThreadContext;Lorg/jruby/runtime/Block;)Lorg/jruby/runtime/builtin/IRubyObject;+10
j  org.jruby.RubyArray$INVOKER$i$0$0$each.call(Lorg/jruby/runtime/ThreadContext;Lorg/jruby/runtime/builtin/IRubyObject;Lorg/jruby/RubyModule;Ljava/lang/String;Lorg/jruby/runtime/Block;)Lorg/jruby/runtime/builtin/IRubyObject;+7
j  org.jruby.runtime.callsite.CachingCallSite.cacheAndCall(Lorg/jruby/runtime/builtin/IRubyObject;Lorg/jruby/RubyClass;Lorg/jruby/runtime/Block;Lorg/jruby/runtime/ThreadContext;Lorg/jruby/runtime/builtin/IRubyObject;)Lorg/jruby/runtime/builtin/IRubyObject;+57
j  org.jruby.runtime.callsite.CachingCallSite.callBlock(Lorg/jruby/runtime/ThreadContext;Lorg/jruby/runtime/builtin/IRubyObject;Lorg/jruby/runtime/builtin/IRubyObject;Lorg/jruby/runtime/Block;)Lorg/jruby/runtime/builtin/IRubyObject;+50
j  org.jruby.runtime.callsite.CachingCallSite.callIter(Lorg/jruby/runtime/ThreadContext;Lorg/jruby/runtime/builtin/IRubyObject;Lorg/jruby/runtime/builtin/IRubyObject;Lorg/jruby/runtime/Block;)Lorg/jruby/runtime/builtin/IRubyObject;+6
j  Makefile.__file__(LMakefile;Lorg/jruby/runtime/ThreadContext;Lorg/jruby/runtime/builtin/IRubyObject;[Lorg/jruby/runtime/builtin/IRubyObject;Lorg/jruby/runtime/Block;)Lorg/jruby/runtime/builtin/IRubyObject;+938
j  Makefile.load(Lorg/jruby/runtime/ThreadContext;Lorg/jruby/runtime/builtin/IRubyObject;Z)Lorg/jruby/runtime/builtin/IRubyObject;+22
j  org.jruby.Ruby.runScript(Lorg/jruby/ast/executable/Script;Z)Lorg/jruby/runtime/builtin/IRubyObject;+12
j  org.jruby.Ruby.runScript(Lorg/jruby/ast/executable/Script;)Lorg/jruby/runtime/builtin/IRubyObject;+3
j  org.jruby.Ruby.runNormally(Lorg/jruby/ast/Node;)Lorg/jruby/runtime/builtin/IRubyObject;+73
j  org.jruby.Ruby.runFromMain(Ljava/io/InputStream;Ljava/lang/String;)V+320
j  org.jruby.Main.doRunFromMain(Lorg/jruby/Ruby;Ljava/io/InputStream;Ljava/lang/String;)Lorg/jruby/Main$Status;+12
j  org.jruby.Main.internalRun()Lorg/jruby/Main$Status;+234
j  org.jruby.Main.run([Ljava/lang/String;)Lorg/jruby/Main$Status;+9
j  org.jruby.Main.main([Ljava/lang/String;)V+35
v  ~StubRoutines::call_stub

---------------  P R O C E S S  ---------------

Java Threads: ( => current thread )
  0x00007fcd6043c000 JavaThread "JRubyJIT-2" daemon [_thread_blocked, id=30483, stack(0x00007fcd54945000,0x00007fcd54b46000)]
  0x00007fcd60434000 JavaThread "process reaper" daemon [_thread_blocked, id=30363, stack(0x00007fcd54f48000,0x00007fcd54f81000)]
  0x00007fcd604a1800 JavaThread "JRubyJIT-1" daemon [_thread_blocked, id=30360, stack(0x00007fcd54f81000,0x00007fcd55182000)]
  0x00007fcd600ae000 JavaThread "Service Thread" daemon [_thread_blocked, id=30335, stack(0x00007fcd56bfa000,0x00007fcd56dfb000)]
  0x00007fcd600ab800 JavaThread "C2 CompilerThread1" daemon [_thread_blocked, id=30334, stack(0x00007fcd56dfb000,0x00007fcd56efc000)]
  0x00007fcd600a8800 JavaThread "C2 CompilerThread0" daemon [_thread_blocked, id=30333, stack(0x00007fcd56efc000,0x00007fcd56ffd000)]
  0x00007fcd600a6800 JavaThread "Signal Dispatcher" daemon [_thread_blocked, id=30332, stack(0x00007fcd56ffd000,0x00007fcd571fe000)]
  0x00007fcd60082800 JavaThread "Finalizer" daemon [_thread_blocked, id=30331, stack(0x00007fcd575f8000,0x00007fcd577f9000)]
  0x00007fcd60080800 JavaThread "Reference Handler" daemon [_thread_blocked, id=30330, stack(0x00007fcd577f9000,0x00007fcd579fa000)]
=>0x00007fcd6000a800 JavaThread "main" [_thread_in_native, id=30324, stack(0x00007fcd66ad7000,0x00007fcd66cd8000)]

Other Threads:
  0x00007fcd6007c800 VMThread [stack: 0x00007fcd579fa000,0x00007fcd57afb000] [id=30329]
  0x00007fcd600b8800 WatcherThread [stack: 0x00007fcd56af9000,0x00007fcd56bfa000] [id=30336]

VM state:not at safepoint (normal execution)

VM Mutex/Monitor currently owned by a thread: None

Heap
 PSYoungGen      total 32768K, used 30458K [0x00000000f5900000, 0x00000000f7b00000, 0x0000000100000000)
  eden space 30720K, 92% used [0x00000000f5900000,0x00000000f74c6bb8,0x00000000f7700000)
  from space 2048K, 98% used [0x00000000f7900000,0x00000000f7af8020,0x00000000f7b00000)
  to   space 2048K, 0% used [0x00000000f7700000,0x00000000f7700000,0x00000000f7900000)
 ParOldGen       total 38400K, used 5884K [0x00000000e0c00000, 0x00000000e3180000, 0x00000000f5900000)
  object space 38400K, 15% used [0x00000000e0c00000,0x00000000e11bf3f0,0x00000000e3180000)
 PSPermGen       total 25600K, used 25470K [0x00000000d6600000, 0x00000000d7f00000, 0x00000000e0c00000)
  object space 25600K, 99% used [0x00000000d6600000,0x00000000d7edf968,0x00000000d7f00000)

Card table byte_map: [0x00007fcd658fd000,0x00007fcd65a4b000] byte_map_base: 0x00007fcd6524a000

Polling page: 0x00007fcd690e5000

Code Cache  [0x00007fcd5d000000, 0x00007fcd5d270000, 0x00007fcd60000000)
 total_blobs=938 nmethods=459 adapters=433 free_code_cache=47644Kb largest_free_block=48753856

Compilation events (10 events):
Event: 12,076 Thread 0x00007fcd600a8800  490             org.jruby.util.Qsort::partition (273 bytes)
Event: 12,139 Thread 0x00007fcd600ab800  491             org.jruby.runtime.callsite.ShiftLeftCallSite::call (37 bytes)
Event: 12,140 Thread 0x00007fcd600a8800 nmethod 490 0x00007fcd5d17df10 code [0x00007fcd5d17e100, 0x00007fcd5d17ede8]
Event: 12,140 Thread 0x00007fcd600a8800  492             org.jruby.RubyArray::eachCommon (53 bytes)
Event: 12,149 Thread 0x00007fcd600a8800 nmethod 492 0x00007fcd5d179910 code [0x00007fcd5d179a60, 0x00007fcd5d179bf8]
Event: 12,149 Thread 0x00007fcd600a8800  493             org.jruby.Ruby::getFFI (5 bytes)
Event: 12,150 Thread 0x00007fcd600a8800 nmethod 493 0x00007fcd5d174f90 code [0x00007fcd5d1750c0, 0x00007fcd5d175118]
Event: 12,151 Thread 0x00007fcd600a8800  494             org.jruby.RubyArray::append (113 bytes)
Event: 12,167 Thread 0x00007fcd600ab800 nmethod 491 0x00007fcd5d17bc50 code [0x00007fcd5d17bdc0, 0x00007fcd5d17c068]
Event: 12,179 Thread 0x00007fcd600a8800 nmethod 494 0x00007fcd5d17ce50 code [0x00007fcd5d17d040, 0x00007fcd5d17d660]

GC Heap History (4 events):
Event: 3,513 GC heap before
{Heap before GC invocations=1 (full 0):
 PSYoungGen      total 17408K, used 15360K [0x00000000f5900000, 0x00000000f6c00000, 0x0000000100000000)
  eden space 15360K, 100% used [0x00000000f5900000,0x00000000f6800000,0x00000000f6800000)
  from space 2048K, 0% used [0x00000000f6a00000,0x00000000f6a00000,0x00000000f6c00000)
  to   space 2048K, 0% used [0x00000000f6800000,0x00000000f6800000,0x00000000f6a00000)
 ParOldGen       total 38400K, used 0K [0x00000000e0c00000, 0x00000000e3180000, 0x00000000f5900000)
  object space 38400K, 0% used [0x00000000e0c00000,0x00000000e0c00000,0x00000000e3180000)
 PSPermGen       total 21504K, used 18949K [0x00000000d6600000, 0x00000000d7b00000, 0x00000000e0c00000)
  object space 21504K, 88% used [0x00000000d6600000,0x00000000d78816c8,0x00000000d7b00000)
Event: 3,584 GC heap after
Heap after GC invocations=1 (full 0):
 PSYoungGen      total 17408K, used 2018K [0x00000000f5900000, 0x00000000f7b00000, 0x0000000100000000)
  eden space 15360K, 0% used [0x00000000f5900000,0x00000000f5900000,0x00000000f6800000)
  from space 2048K, 98% used [0x00000000f6800000,0x00000000f69f8aa0,0x00000000f6a00000)
  to   space 2048K, 0% used [0x00000000f7900000,0x00000000f7900000,0x00000000f7b00000)
 ParOldGen       total 38400K, used 3782K [0x00000000e0c00000, 0x00000000e3180000, 0x00000000f5900000)
  object space 38400K, 9% used [0x00000000e0c00000,0x00000000e0fb1b58,0x00000000e3180000)
 PSPermGen       total 21504K, used 18949K [0x00000000d6600000, 0x00000000d7b00000, 0x00000000e0c00000)
  object space 21504K, 88% used [0x00000000d6600000,0x00000000d78816c8,0x00000000d7b00000)
}
Event: 7,165 GC heap before
{Heap before GC invocations=2 (full 0):
 PSYoungGen      total 17408K, used 17378K [0x00000000f5900000, 0x00000000f7b00000, 0x0000000100000000)
  eden space 15360K, 100% used [0x00000000f5900000,0x00000000f6800000,0x00000000f6800000)
  from space 2048K, 98% used [0x00000000f6800000,0x00000000f69f8aa0,0x00000000f6a00000)
  to   space 2048K, 0% used [0x00000000f7900000,0x00000000f7900000,0x00000000f7b00000)
 ParOldGen       total 38400K, used 3782K [0x00000000e0c00000, 0x00000000e3180000, 0x00000000f5900000)
  object space 38400K, 9% used [0x00000000e0c00000,0x00000000e0fb1b58,0x00000000e3180000)
 PSPermGen       total 23552K, used 23439K [0x00000000d6600000, 0x00000000d7d00000, 0x00000000e0c00000)
  object space 23552K, 99% used [0x00000000d6600000,0x00000000d7ce3cf8,0x00000000d7d00000)
Event: 7,251 GC heap after
Heap after GC invocations=2 (full 0):
 PSYoungGen      total 32768K, used 2016K [0x00000000f5900000, 0x00000000f7b00000, 0x0000000100000000)
  eden space 30720K, 0% used [0x00000000f5900000,0x00000000f5900000,0x00000000f7700000)
  from space 2048K, 98% used [0x00000000f7900000,0x00000000f7af8020,0x00000000f7b00000)
  to   space 2048K, 0% used [0x00000000f7700000,0x00000000f7700000,0x00000000f7900000)
 ParOldGen       total 38400K, used 5884K [0x00000000e0c00000, 0x00000000e3180000, 0x00000000f5900000)
  object space 38400K, 15% used [0x00000000e0c00000,0x00000000e11bf3f0,0x00000000e3180000)
 PSPermGen       total 23552K, used 23439K [0x00000000d6600000, 0x00000000d7d00000, 0x00000000e0c00000)
  object space 23552K, 99% used [0x00000000d6600000,0x00000000d7ce3cf8,0x00000000d7d00000)
}

Deoptimization events (10 events):
Event: 12,149 Thread 0x00007fcd6000a800 Uncommon trap: reason=array_check action=maybe_recompile pc=0x00007fcd5d17ea04 method=org.jruby.util.Qsort.swap([Ljava/lang/Object;II)V @ 9
Event: 12,149 Thread 0x00007fcd6000a800 Uncommon trap: reason=array_check action=maybe_recompile pc=0x00007fcd5d17ea04 method=org.jruby.util.Qsort.swap([Ljava/lang/Object;II)V @ 9
Event: 12,149 Thread 0x00007fcd6000a800 Uncommon trap: reason=array_check action=maybe_recompile pc=0x00007fcd5d17ea04 method=org.jruby.util.Qsort.swap([Ljava/lang/Object;II)V @ 9
Event: 12,150 Thread 0x00007fcd6000a800 Uncommon trap: reason=array_check action=maybe_recompile pc=0x00007fcd5d17ea04 method=org.jruby.util.Qsort.swap([Ljava/lang/Object;II)V @ 9
Event: 12,172 Thread 0x00007fcd6000a800 Uncommon trap: reason=class_check action=maybe_recompile pc=0x00007fcd5d0a18b8 method=org.jruby.RubyArray.compare(Lorg/jruby/runtime/ThreadContext;Lorg/jruby/runtime/invokedynamic/MethodNames;Lorg/jruby/runtime/builtin/IRubyObject;)Lorg/jruby/RubyBoolean;
Event: 12,174 Thread 0x00007fcd6000a800 Uncommon trap: reason=class_check action=maybe_recompile pc=0x00007fcd5d169904 method=org.jruby.ext.ffi.StructByReference.to_native(Lorg/jruby/runtime/ThreadContext;Lorg/jruby/runtime/builtin/IRubyObject;Lorg/jruby/runtime/builtin/IRubyObject;)Lorg/jruby/
Event: 12,177 Thread 0x00007fcd6000a800 Uncommon trap: reason=class_check action=maybe_recompile pc=0x00007fcd5d179fe4 method=org.jruby.runtime.ivars.VariableAccessor.get(Ljava/lang/Object;)Ljava/lang/Object; @ 1
Event: 12,177 Thread 0x00007fcd6000a800 Uncommon trap: reason=class_check action=maybe_recompile pc=0x00007fcd5d179fe4 method=org.jruby.runtime.ivars.VariableAccessor.get(Ljava/lang/Object;)Ljava/lang/Object; @ 1
Event: 12,177 Thread 0x00007fcd6000a800 Uncommon trap: reason=class_check action=maybe_recompile pc=0x00007fcd5d179fe4 method=org.jruby.runtime.ivars.VariableAccessor.get(Ljava/lang/Object;)Ljava/lang/Object; @ 1
Event: 12,177 Thread 0x00007fcd6000a800 Uncommon trap: reason=class_check action=maybe_recompile pc=0x00007fcd5d179fe4 method=org.jruby.runtime.ivars.VariableAccessor.get(Ljava/lang/Object;)Ljava/lang/Object; @ 1

Internal exceptions (10 events):
Event: 10,747 Thread 0x00007fcd6000a800 Threw 0x00000000f6cf7138 at /build/buildd/openjdk-7-7u51-2.4.4/build/openjdk/hotspot/src/share/vm/prims/jvm.cpp:1244
Event: 10,747 Thread 0x00007fcd6000a800 Threw 0x00000000f6cf7be8 at /build/buildd/openjdk-7-7u51-2.4.4/build/openjdk/hotspot/src/share/vm/prims/jvm.cpp:1244
Event: 10,751 Thread 0x00007fcd6000a800 Threw 0x00000000f6d03758 at /build/buildd/openjdk-7-7u51-2.4.4/build/openjdk/hotspot/src/share/vm/prims/jvm.cpp:1244
Event: 10,752 Thread 0x00007fcd6000a800 Threw 0x00000000f6d05818 at /build/buildd/openjdk-7-7u51-2.4.4/build/openjdk/hotspot/src/share/vm/prims/jvm.cpp:1244
Event: 10,752 Thread 0x00007fcd6000a800 Threw 0x00000000f6d062c8 at /build/buildd/openjdk-7-7u51-2.4.4/build/openjdk/hotspot/src/share/vm/prims/jvm.cpp:1244
Event: 10,752 Thread 0x00007fcd6000a800 Threw 0x00000000f6d08168 at /build/buildd/openjdk-7-7u51-2.4.4/build/openjdk/hotspot/src/share/vm/prims/jvm.cpp:1244
Event: 10,753 Thread 0x00007fcd6000a800 Threw 0x00000000f6d0a228 at /build/buildd/openjdk-7-7u51-2.4.4/build/openjdk/hotspot/src/share/vm/prims/jvm.cpp:1244
Event: 10,753 Thread 0x00007fcd6000a800 Threw 0x00000000f6d0acd8 at /build/buildd/openjdk-7-7u51-2.4.4/build/openjdk/hotspot/src/share/vm/prims/jvm.cpp:1244
Event: 12,189 Thread 0x00007fcd604a1800 Threw 0x00000000f749f688 at /build/buildd/openjdk-7-7u51-2.4.4/build/openjdk/hotspot/src/share/vm/prims/jvm.cpp:1244
Event: 12,189 Thread 0x00007fcd604a1800 Threw 0x00000000f74a10a0 at /build/buildd/openjdk-7-7u51-2.4.4/build/openjdk/hotspot/src/share/vm/prims/jvm.cpp:1244

Events (10 events):
Event: 12,177 Thread 0x00007fcd6000a800 DEOPT PACKING pc=0x00007fcd5d179fe4 sp=0x00007fcd66cd4280
Event: 12,177 Thread 0x00007fcd6000a800 DEOPT UNPACKING pc=0x00007fcd5d039045 sp=0x00007fcd66cd4248 mode 2
Event: 12,177 Thread 0x00007fcd6000a800 Uncommon trap: trap_request=0xffffffde fr.pc=0x00007fcd5d179fe4
Event: 12,177 Thread 0x00007fcd6000a800 DEOPT PACKING pc=0x00007fcd5d179fe4 sp=0x00007fcd66cd4310
Event: 12,177 Thread 0x00007fcd6000a800 DEOPT UNPACKING pc=0x00007fcd5d039045 sp=0x00007fcd66cd42d8 mode 2
Event: 12,177 Thread 0x00007fcd6000a800 Uncommon trap: trap_request=0xffffffde fr.pc=0x00007fcd5d179fe4
Event: 12,177 Thread 0x00007fcd6000a800 DEOPT PACKING pc=0x00007fcd5d179fe4 sp=0x00007fcd66cd4310
Event: 12,177 Thread 0x00007fcd6000a800 DEOPT UNPACKING pc=0x00007fcd5d039045 sp=0x00007fcd66cd42d8 mode 2
Event: 12,188 loading class 0x00007fcd2400b120
Event: 12,188 loading class 0x00007fcd2400b120 done


Dynamic libraries:
00400000-00401000 r-xp 00000000 08:01 15861394                           /usr/lib/jvm/java-7-openjdk-amd64/jre/bin/java
00600000-00601000 r--p 00000000 08:01 15861394                           /usr/lib/jvm/java-7-openjdk-amd64/jre/bin/java
00601000-00602000 rw-p 00001000 08:01 15861394                           /usr/lib/jvm/java-7-openjdk-amd64/jre/bin/java
01097000-010b8000 rw-p 00000000 00:00 0                                  [heap]
d6600000-d7f00000 rw-p 00000000 00:00 0 
d7f00000-e0c00000 rw-p 00000000 00:00 0 
e0c00000-e3180000 rw-p 00000000 00:00 0 
e3180000-f5900000 rw-p 00000000 00:00 0 
f5900000-f7b00000 rw-p 00000000 00:00 0 
f7b00000-100000000 rw-p 00000000 00:00 0 
7fcd10000000-7fcd10021000 rw-p 00000000 00:00 0 
7fcd10021000-7fcd14000000 ---p 00000000 00:00 0 
7fcd14000000-7fcd14021000 rw-p 00000000 00:00 0 
7fcd14021000-7fcd18000000 ---p 00000000 00:00 0 
7fcd18000000-7fcd18021000 rw-p 00000000 00:00 0 
7fcd18021000-7fcd1c000000 ---p 00000000 00:00 0 
7fcd1c000000-7fcd1c021000 rw-p 00000000 00:00 0 
7fcd1c021000-7fcd20000000 ---p 00000000 00:00 0 
7fcd20000000-7fcd20021000 rw-p 00000000 00:00 0 
7fcd20021000-7fcd24000000 ---p 00000000 00:00 0 
7fcd24000000-7fcd24027000 rw-p 00000000 00:00 0 
7fcd24027000-7fcd28000000 ---p 00000000 00:00 0 
7fcd28000000-7fcd289cd000 rw-p 00000000 00:00 0 
7fcd289cd000-7fcd2c000000 ---p 00000000 00:00 0 
7fcd2c000000-7fcd2c021000 rw-p 00000000 00:00 0 
7fcd2c021000-7fcd30000000 ---p 00000000 00:00 0 
7fcd30000000-7fcd30021000 rw-p 00000000 00:00 0 
7fcd30021000-7fcd34000000 ---p 00000000 00:00 0 
7fcd34000000-7fcd34e42000 rw-p 00000000 00:00 0 
7fcd34e42000-7fcd38000000 ---p 00000000 00:00 0 
7fcd38000000-7fcd38021000 rw-p 00000000 00:00 0 
7fcd38021000-7fcd3c000000 ---p 00000000 00:00 0 
7fcd3c000000-7fcd3c021000 rw-p 00000000 00:00 0 
7fcd3c021000-7fcd40000000 ---p 00000000 00:00 0 
7fcd40000000-7fcd40021000 rw-p 00000000 00:00 0 
7fcd40021000-7fcd44000000 ---p 00000000 00:00 0 
7fcd44000000-7fcd44021000 rw-p 00000000 00:00 0 
7fcd44021000-7fcd48000000 ---p 00000000 00:00 0 
7fcd48000000-7fcd48021000 rw-p 00000000 00:00 0 
7fcd48021000-7fcd4c000000 ---p 00000000 00:00 0 
7fcd4fdfe000-7fcd4fdff000 r-xp 00000000 08:01 13894210                   /home/alex/Documents/8vo_Semestre/Geometría Computacional/Lab/practica02p1/src/lib/libintersection.so
7fcd4fdff000-7fcd4fffe000 ---p 00001000 08:01 13894210                   /home/alex/Documents/8vo_Semestre/Geometría Computacional/Lab/practica02p1/src/lib/libintersection.so
7fcd4fffe000-7fcd4ffff000 r--p 00000000 08:01 13894210                   /home/alex/Documents/8vo_Semestre/Geometría Computacional/Lab/practica02p1/src/lib/libintersection.so
7fcd4ffff000-7fcd50000000 rw-p 00001000 08:01 13894210                   /home/alex/Documents/8vo_Semestre/Geometría Computacional/Lab/practica02p1/src/lib/libintersection.so
7fcd50000000-7fcd50021000 rw-p 00000000 00:00 0 
7fcd50021000-7fcd54000000 ---p 00000000 00:00 0 
7fcd54139000-7fcd5413c000 r-xp 00000000 08:01 13893852                   /home/alex/Documents/8vo_Semestre/Geometría Computacional/Lab/practica02p1/src/lib/librb_tree.so
7fcd5413c000-7fcd5433b000 ---p 00003000 08:01 13893852                   /home/alex/Documents/8vo_Semestre/Geometría Computacional/Lab/practica02p1/src/lib/librb_tree.so
7fcd5433b000-7fcd5433c000 r--p 00002000 08:01 13893852                   /home/alex/Documents/8vo_Semestre/Geometría Computacional/Lab/practica02p1/src/lib/librb_tree.so
7fcd5433c000-7fcd5433d000 rw-p 00003000 08:01 13893852                   /home/alex/Documents/8vo_Semestre/Geometría Computacional/Lab/practica02p1/src/lib/librb_tree.so
7fcd5433d000-7fcd5433f000 r-xp 00000000 08:01 13893851                   /home/alex/Documents/8vo_Semestre/Geometría Computacional/Lab/practica02p1/src/lib/libdouble_linked_list.so
7fcd5433f000-7fcd5453e000 ---p 00002000 08:01 13893851                   /home/alex/Documents/8vo_Semestre/Geometría Computacional/Lab/practica02p1/src/lib/libdouble_linked_list.so
7fcd5453e000-7fcd5453f000 r--p 00001000 08:01 13893851                   /home/alex/Documents/8vo_Semestre/Geometría Computacional/Lab/practica02p1/src/lib/libdouble_linked_list.so
7fcd5453f000-7fcd54540000 rw-p 00002000 08:01 13893851                   /home/alex/Documents/8vo_Semestre/Geometría Computacional/Lab/practica02p1/src/lib/libdouble_linked_list.so
7fcd54540000-7fcd54541000 r-xp 00000000 08:01 13893849                   /home/alex/Documents/8vo_Semestre/Geometría Computacional/Lab/practica02p1/src/lib/libhalf_edge.so
7fcd54541000-7fcd54741000 ---p 00001000 08:01 13893849                   /home/alex/Documents/8vo_Semestre/Geometría Computacional/Lab/practica02p1/src/lib/libhalf_edge.so
7fcd54741000-7fcd54742000 r--p 00001000 08:01 13893849                   /home/alex/Documents/8vo_Semestre/Geometría Computacional/Lab/practica02p1/src/lib/libhalf_edge.so
7fcd54742000-7fcd54743000 rw-p 00002000 08:01 13893849                   /home/alex/Documents/8vo_Semestre/Geometría Computacional/Lab/practica02p1/src/lib/libhalf_edge.so
7fcd54743000-7fcd54744000 r-xp 00000000 08:01 13893835                   /home/alex/Documents/8vo_Semestre/Geometría Computacional/Lab/practica02p1/src/lib/lib2d_points.so
7fcd54744000-7fcd54943000 ---p 00001000 08:01 13893835                   /home/alex/Documents/8vo_Semestre/Geometría Computacional/Lab/practica02p1/src/lib/lib2d_points.so
7fcd54943000-7fcd54944000 r--p 00000000 08:01 13893835                   /home/alex/Documents/8vo_Semestre/Geometría Computacional/Lab/practica02p1/src/lib/lib2d_points.so
7fcd54944000-7fcd54945000 rw-p 00001000 08:01 13893835                   /home/alex/Documents/8vo_Semestre/Geometría Computacional/Lab/practica02p1/src/lib/lib2d_points.so
7fcd54945000-7fcd54948000 ---p 00000000 00:00 0 
7fcd54948000-7fcd54b46000 rw-p 00000000 00:00 0                          [stack:30483]
7fcd54b46000-7fcd54b49000 ---p 00000000 00:00 0 
7fcd54b49000-7fcd54d47000 rw-p 00000000 00:00 0 
7fcd54d47000-7fcd54d4a000 ---p 00000000 00:00 0 
7fcd54d4a000-7fcd54f48000 rw-p 00000000 00:00 0 
7fcd54f48000-7fcd54f4b000 ---p 00000000 00:00 0 
7fcd54f4b000-7fcd54f81000 rw-p 00000000 00:00 0                          [stack:30363]
7fcd54f81000-7fcd54f84000 ---p 00000000 00:00 0 
7fcd54f84000-7fcd55182000 rw-p 00000000 00:00 0                          [stack:30360]
7fcd55182000-7fcd55194000 r-xp 00000000 08:01 12059135                   /home/alex/.rbenv/versions/jruby-1.7.10/lib/jni/x86_64-Linux/libjffi-1.2.so
7fcd55194000-7fcd55393000 ---p 00012000 08:01 12059135                   /home/alex/.rbenv/versions/jruby-1.7.10/lib/jni/x86_64-Linux/libjffi-1.2.so
7fcd55393000-7fcd55394000 rw-p 00011000 08:01 12059135                   /home/alex/.rbenv/versions/jruby-1.7.10/lib/jni/x86_64-Linux/libjffi-1.2.so
7fcd55394000-7fcd553a4000 r-xp 00000000 08:01 15861288                   /usr/lib/jvm/java-7-openjdk-amd64/jre/lib/amd64/libnio.so
7fcd553a4000-7fcd555a4000 ---p 00010000 08:01 15861288                   /usr/lib/jvm/java-7-openjdk-amd64/jre/lib/amd64/libnio.so
7fcd555a4000-7fcd555a5000 r--p 00010000 08:01 15861288                   /usr/lib/jvm/java-7-openjdk-amd64/jre/lib/amd64/libnio.so
7fcd555a5000-7fcd555a6000 rw-p 00011000 08:01 15861288                   /usr/lib/jvm/java-7-openjdk-amd64/jre/lib/amd64/libnio.so
7fcd555a6000-7fcd555e3000 r-xp 00000000 08:01 8130434                    /lib/x86_64-linux-gnu/libpcre.so.3.13.1
7fcd555e3000-7fcd557e3000 ---p 0003d000 08:01 8130434                    /lib/x86_64-linux-gnu/libpcre.so.3.13.1
7fcd557e3000-7fcd557e4000 r--p 0003d000 08:01 8130434                    /lib/x86_64-linux-gnu/libpcre.so.3.13.1
7fcd557e4000-7fcd557e5000 rw-p 0003e000 08:01 8130434                    /lib/x86_64-linux-gnu/libpcre.so.3.13.1
7fcd557e5000-7fcd557ec000 r-xp 00000000 08:01 15735894                   /usr/lib/x86_64-linux-gnu/libffi.so.6.0.1
7fcd557ec000-7fcd559eb000 ---p 00007000 08:01 15735894                   /usr/lib/x86_64-linux-gnu/libffi.so.6.0.1
7fcd559eb000-7fcd559ec000 r--p 00006000 08:01 15735894                   /usr/lib/x86_64-linux-gnu/libffi.so.6.0.1
7fcd559ec000-7fcd559ed000 rw-p 00007000 08:01 15735894                   /usr/lib/x86_64-linux-gnu/libffi.so.6.0.1
7fcd559ed000-7fcd55a03000 r-xp 00000000 08:01 8130457                    /lib/x86_64-linux-gnu/libresolv-2.17.so
7fcd55a03000-7fcd55c03000 ---p 00016000 08:01 8130457                    /lib/x86_64-linux-gnu/libresolv-2.17.so
7fcd55c03000-7fcd55c04000 r--p 00016000 08:01 8130457                    /lib/x86_64-linux-gnu/libresolv-2.17.so
7fcd55c04000-7fcd55c05000 rw-p 00017000 08:01 8130457                    /lib/x86_64-linux-gnu/libresolv-2.17.so
7fcd55c05000-7fcd55c07000 rw-p 00000000 00:00 0 
7fcd55c07000-7fcd55c26000 r-xp 00000000 08:01 8130461                    /lib/x86_64-linux-gnu/libselinux.so.1
7fcd55c26000-7fcd55e26000 ---p 0001f000 08:01 8130461                    /lib/x86_64-linux-gnu/libselinux.so.1
7fcd55e26000-7fcd55e27000 r--p 0001f000 08:01 8130461                    /lib/x86_64-linux-gnu/libselinux.so.1
7fcd55e27000-7fcd55e28000 rw-p 00020000 08:01 8130461                    /lib/x86_64-linux-gnu/libselinux.so.1
7fcd55e28000-7fcd55e29000 rw-p 00000000 00:00 0 
7fcd55e29000-7fcd55e2c000 r-xp 00000000 08:01 15729078                   /usr/lib/x86_64-linux-gnu/libgmodule-2.0.so.0.3800.1
7fcd55e2c000-7fcd5602b000 ---p 00003000 08:01 15729078                   /usr/lib/x86_64-linux-gnu/libgmodule-2.0.so.0.3800.1
7fcd5602b000-7fcd5602c000 r--p 00002000 08:01 15729078                   /usr/lib/x86_64-linux-gnu/libgmodule-2.0.so.0.3800.1
7fcd5602c000-7fcd5602d000 rw-p 00003000 08:01 15729078                   /usr/lib/x86_64-linux-gnu/libgmodule-2.0.so.0.3800.1
7fcd5602d000-7fcd5612b000 r-xp 00000000 08:01 8130449                    /lib/x86_64-linux-gnu/libglib-2.0.so.0.3800.1
7fcd5612b000-7fcd5632b000 ---p 000fe000 08:01 8130449                    /lib/x86_64-linux-gnu/libglib-2.0.so.0.3800.1
7fcd5632b000-7fcd5632c000 r--p 000fe000 08:01 8130449                    /lib/x86_64-linux-gnu/libglib-2.0.so.0.3800.1
7fcd5632c000-7fcd5632d000 rw-p 000ff000 08:01 8130449                    /lib/x86_64-linux-gnu/libglib-2.0.so.0.3800.1
7fcd5632d000-7fcd5632e000 rw-p 00000000 00:00 0 
7fcd5632e000-7fcd5637d000 r-xp 00000000 08:01 15729069                   /usr/lib/x86_64-linux-gnu/libgobject-2.0.so.0.3800.1
7fcd5637d000-7fcd5657d000 ---p 0004f000 08:01 15729069                   /usr/lib/x86_64-linux-gnu/libgobject-2.0.so.0.3800.1
7fcd5657d000-7fcd5657e000 r--p 0004f000 08:01 15729069                   /usr/lib/x86_64-linux-gnu/libgobject-2.0.so.0.3800.1
7fcd5657e000-7fcd5657f000 rw-p 00050000 08:01 15729069                   /usr/lib/x86_64-linux-gnu/libgobject-2.0.so.0.3800.1
7fcd5657f000-7fcd566db000 r-xp 00000000 08:01 15729043                   /usr/lib/x86_64-linux-gnu/libgio-2.0.so.0.3800.1
7fcd566db000-7fcd568da000 ---p 0015c000 08:01 15729043                   /usr/lib/x86_64-linux-gnu/libgio-2.0.so.0.3800.1
7fcd568da000-7fcd568de000 r--p 0015b000 08:01 15729043                   /usr/lib/x86_64-linux-gnu/libgio-2.0.so.0.3800.1
7fcd568de000-7fcd568e0000 rw-p 0015f000 08:01 15729043                   /usr/lib/x86_64-linux-gnu/libgio-2.0.so.0.3800.1
7fcd568e0000-7fcd568e2000 rw-p 00000000 00:00 0 
7fcd568e2000-7fcd568f8000 r-xp 00000000 08:01 15861076                   /usr/lib/jvm/java-7-openjdk-amd64/jre/lib/amd64/libnet.so
7fcd568f8000-7fcd56af7000 ---p 00016000 08:01 15861076                   /usr/lib/jvm/java-7-openjdk-amd64/jre/lib/amd64/libnet.so
7fcd56af7000-7fcd56af8000 r--p 00015000 08:01 15861076                   /usr/lib/jvm/java-7-openjdk-amd64/jre/lib/amd64/libnet.so
7fcd56af8000-7fcd56af9000 rw-p 00016000 08:01 15861076                   /usr/lib/jvm/java-7-openjdk-amd64/jre/lib/amd64/libnet.so
7fcd56af9000-7fcd56afa000 ---p 00000000 00:00 0 
7fcd56afa000-7fcd56bfa000 rw-p 00000000 00:00 0                          [stack:30336]
7fcd56bfa000-7fcd56bfd000 ---p 00000000 00:00 0 
7fcd56bfd000-7fcd56dfb000 rw-p 00000000 00:00 0                          [stack:30335]
7fcd56dfb000-7fcd56dfe000 ---p 00000000 00:00 0 
7fcd56dfe000-7fcd56efc000 rw-p 00000000 00:00 0                          [stack:30334]
7fcd56efc000-7fcd56eff000 ---p 00000000 00:00 0 
7fcd56eff000-7fcd56ffd000 rw-p 00000000 00:00 0                          [stack:30333]
7fcd56ffd000-7fcd57000000 ---p 00000000 00:00 0 
7fcd57000000-7fcd571fe000 rw-p 00000000 00:00 0                          [stack:30332]
7fcd571fe000-7fcd575f8000 r--p 00000000 08:01 15734328                   /usr/lib/locale/locale-archive
7fcd575f8000-7fcd575fb000 ---p 00000000 00:00 0 
7fcd575fb000-7fcd577f9000 rw-p 00000000 00:00 0                          [stack:30331]
7fcd577f9000-7fcd577fc000 ---p 00000000 00:00 0 
7fcd577fc000-7fcd579fa000 rw-p 00000000 00:00 0                          [stack:30330]
7fcd579fa000-7fcd579fb000 ---p 00000000 00:00 0 
7fcd579fb000-7fcd58000000 rw-p 00000000 00:00 0                          [stack:30329]
7fcd58000000-7fcd58021000 rw-p 00000000 00:00 0 
7fcd58021000-7fcd5c000000 ---p 00000000 00:00 0 
7fcd5c031000-7fcd5c032000 rw-p 00000000 00:00 0 
7fcd5c032000-7fcd5c033000 r-xp 00000000 00:00 0 
7fcd5c033000-7fcd5c03a000 r--s 00000000 08:01 16127910                   /usr/lib/x86_64-linux-gnu/gconv/gconv-modules.cache
7fcd5c03a000-7fcd5c03c000 r--s 00012000 08:01 15861308                   /usr/lib/jvm/java-7-openjdk-amd64/jre/lib/ext/zipfs.jar
7fcd5c03c000-7fcd5c03f000 r--s 00032000 08:01 15861310                   /usr/lib/jvm/java-7-openjdk-amd64/jre/lib/ext/sunjce_provider.jar
7fcd5c03f000-7fcd5c043000 r--s 00085000 08:01 15861304                   /usr/lib/jvm/java-7-openjdk-amd64/jre/lib/ext/localedata.jar
7fcd5c043000-7fcd5c045000 r--s 00006000 08:01 16256853                   /usr/share/java/java-atk-wrapper.jar
7fcd5c045000-7fcd5c048000 r--s 0000f000 08:01 15861306                   /usr/lib/jvm/java-7-openjdk-amd64/jre/lib/ext/pulse-java.jar
7fcd5c048000-7fcd5c04c000 r--s 0003b000 08:01 15861316                   /usr/lib/jvm/java-7-openjdk-amd64/jre/lib/ext/sunpkcs11.jar
7fcd5c04c000-7fcd5cb03000 rw-p 00000000 00:00 0 
7fcd5cb03000-7fcd5cbec000 r--s 00bb9000 08:01 12059138                   /home/alex/.rbenv/versions/jruby-1.7.10/lib/jruby.jar
7fcd5cbec000-7fcd5cc34000 rw-p 00000000 00:00 0 
7fcd5cc34000-7fcd5cde2000 r--s 01cf4000 08:01 15861374                   /usr/lib/jvm/java-7-openjdk-amd64/jre/lib/rt.jar
7fcd5cde2000-7fcd5d000000 rw-p 00000000 00:00 0 
7fcd5d000000-7fcd5d270000 rwxp 00000000 00:00 0 
7fcd5d270000-7fcd604f2000 rw-p 00000000 00:00 0 
7fcd604f2000-7fcd64000000 ---p 00000000 00:00 0 
7fcd64000000-7fcd64001000 r--s 00002000 08:01 15861314                   /usr/lib/jvm/java-7-openjdk-amd64/jre/lib/ext/dnsns.jar
7fcd64001000-7fcd654f9000 rw-p 00000000 00:00 0 
7fcd654f9000-7fcd654fa000 ---p 00000000 00:00 0 
7fcd654fa000-7fcd655fa000 rw-p 00000000 00:00 0                          [stack:30328]
7fcd655fa000-7fcd655fb000 ---p 00000000 00:00 0 
7fcd655fb000-7fcd656fb000 rw-p 00000000 00:00 0                          [stack:30327]
7fcd656fb000-7fcd656fc000 ---p 00000000 00:00 0 
7fcd656fc000-7fcd657fc000 rw-p 00000000 00:00 0                          [stack:30326]
7fcd657fc000-7fcd657fd000 ---p 00000000 00:00 0 
7fcd657fd000-7fcd6590a000 rw-p 00000000 00:00 0                          [stack:30325]
7fcd6590a000-7fcd65950000 rw-p 00000000 00:00 0 
7fcd65950000-7fcd65963000 rw-p 00000000 00:00 0 
7fcd65963000-7fcd659f6000 rw-p 00000000 00:00 0 
7fcd659f6000-7fcd65a08000 rw-p 00000000 00:00 0 
7fcd65a08000-7fcd65a4a000 rw-p 00000000 00:00 0 
7fcd65a4a000-7fcd65a4b000 rw-p 00000000 00:00 0 
7fcd65a4b000-7fcd65a53000 r-xp 00000000 08:01 15861025                   /usr/lib/jvm/java-7-openjdk-amd64/jre/lib/amd64/libzip.so
7fcd65a53000-7fcd65c52000 ---p 00008000 08:01 15861025                   /usr/lib/jvm/java-7-openjdk-amd64/jre/lib/amd64/libzip.so
7fcd65c52000-7fcd65c53000 r--p 00007000 08:01 15861025                   /usr/lib/jvm/java-7-openjdk-amd64/jre/lib/amd64/libzip.so
7fcd65c53000-7fcd65c54000 rw-p 00008000 08:01 15861025                   /usr/lib/jvm/java-7-openjdk-amd64/jre/lib/amd64/libzip.so
7fcd65c54000-7fcd65c60000 r-xp 00000000 08:01 8130412                    /lib/x86_64-linux-gnu/libnss_files-2.17.so
7fcd65c60000-7fcd65e5f000 ---p 0000c000 08:01 8130412                    /lib/x86_64-linux-gnu/libnss_files-2.17.so
7fcd65e5f000-7fcd65e60000 r--p 0000b000 08:01 8130412                    /lib/x86_64-linux-gnu/libnss_files-2.17.so
7fcd65e60000-7fcd65e61000 rw-p 0000c000 08:01 8130412                    /lib/x86_64-linux-gnu/libnss_files-2.17.so
7fcd65e61000-7fcd65e6c000 r-xp 00000000 08:01 8130416                    /lib/x86_64-linux-gnu/libnss_nis-2.17.so
7fcd65e6c000-7fcd6606b000 ---p 0000b000 08:01 8130416                    /lib/x86_64-linux-gnu/libnss_nis-2.17.so
7fcd6606b000-7fcd6606c000 r--p 0000a000 08:01 8130416                    /lib/x86_64-linux-gnu/libnss_nis-2.17.so
7fcd6606c000-7fcd6606d000 rw-p 0000b000 08:01 8130416                    /lib/x86_64-linux-gnu/libnss_nis-2.17.so
7fcd6606d000-7fcd66084000 r-xp 00000000 08:01 8130406                    /lib/x86_64-linux-gnu/libnsl-2.17.so
7fcd66084000-7fcd66283000 ---p 00017000 08:01 8130406                    /lib/x86_64-linux-gnu/libnsl-2.17.so
7fcd66283000-7fcd66284000 r--p 00016000 08:01 8130406                    /lib/x86_64-linux-gnu/libnsl-2.17.so
7fcd66284000-7fcd66285000 rw-p 00017000 08:01 8130406                    /lib/x86_64-linux-gnu/libnsl-2.17.so
7fcd66285000-7fcd66287000 rw-p 00000000 00:00 0 
7fcd66287000-7fcd6628f000 r-xp 00000000 08:01 8130408                    /lib/x86_64-linux-gnu/libnss_compat-2.17.so
7fcd6628f000-7fcd6648e000 ---p 00008000 08:01 8130408                    /lib/x86_64-linux-gnu/libnss_compat-2.17.so
7fcd6648e000-7fcd6648f000 r--p 00007000 08:01 8130408                    /lib/x86_64-linux-gnu/libnss_compat-2.17.so
7fcd6648f000-7fcd66490000 rw-p 00008000 08:01 8130408                    /lib/x86_64-linux-gnu/libnss_compat-2.17.so
7fcd66490000-7fcd664bb000 r-xp 00000000 08:01 15860951                   /usr/lib/jvm/java-7-openjdk-amd64/jre/lib/amd64/libjava.so
7fcd664bb000-7fcd666ba000 ---p 0002b000 08:01 15860951                   /usr/lib/jvm/java-7-openjdk-amd64/jre/lib/amd64/libjava.so
7fcd666ba000-7fcd666bb000 r--p 0002a000 08:01 15860951                   /usr/lib/jvm/java-7-openjdk-amd64/jre/lib/amd64/libjava.so
7fcd666bb000-7fcd666bd000 rw-p 0002b000 08:01 15860951                   /usr/lib/jvm/java-7-openjdk-amd64/jre/lib/amd64/libjava.so
7fcd666bd000-7fcd666cd000 r-xp 00000000 08:01 15861265                   /usr/lib/jvm/java-7-openjdk-amd64/jre/lib/amd64/libverify.so
7fcd666cd000-7fcd668cc000 ---p 00010000 08:01 15861265                   /usr/lib/jvm/java-7-openjdk-amd64/jre/lib/amd64/libverify.so
7fcd668cc000-7fcd668ce000 r--p 0000f000 08:01 15861265                   /usr/lib/jvm/java-7-openjdk-amd64/jre/lib/amd64/libverify.so
7fcd668ce000-7fcd668cf000 rw-p 00011000 08:01 15861265                   /usr/lib/jvm/java-7-openjdk-amd64/jre/lib/amd64/libverify.so
7fcd668cf000-7fcd668d6000 r-xp 00000000 08:01 8130459                    /lib/x86_64-linux-gnu/librt-2.17.so
7fcd668d6000-7fcd66ad5000 ---p 00007000 08:01 8130459                    /lib/x86_64-linux-gnu/librt-2.17.so
7fcd66ad5000-7fcd66ad6000 r--p 00006000 08:01 8130459                    /lib/x86_64-linux-gnu/librt-2.17.so
7fcd66ad6000-7fcd66ad7000 rw-p 00007000 08:01 8130459                    /lib/x86_64-linux-gnu/librt-2.17.so
7fcd66ad7000-7fcd66ada000 ---p 00000000 00:00 0 
7fcd66ada000-7fcd66cd8000 rw-p 00000000 00:00 0                          [stack:30324]
7fcd66cd8000-7fcd66ced000 r-xp 00000000 08:01 8126477                    /lib/x86_64-linux-gnu/libgcc_s.so.1
7fcd66ced000-7fcd66eec000 ---p 00015000 08:01 8126477                    /lib/x86_64-linux-gnu/libgcc_s.so.1
7fcd66eec000-7fcd66eed000 r--p 00014000 08:01 8126477                    /lib/x86_64-linux-gnu/libgcc_s.so.1
7fcd66eed000-7fcd66eee000 rw-p 00015000 08:01 8126477                    /lib/x86_64-linux-gnu/libgcc_s.so.1
7fcd66eee000-7fcd66ff1000 r-xp 00000000 08:01 8130387                    /lib/x86_64-linux-gnu/libm-2.17.so
7fcd66ff1000-7fcd671f0000 ---p 00103000 08:01 8130387                    /lib/x86_64-linux-gnu/libm-2.17.so
7fcd671f0000-7fcd671f1000 r--p 00102000 08:01 8130387                    /lib/x86_64-linux-gnu/libm-2.17.so
7fcd671f1000-7fcd671f2000 rw-p 00103000 08:01 8130387                    /lib/x86_64-linux-gnu/libm-2.17.so
7fcd671f2000-7fcd672d8000 r-xp 00000000 08:01 15729831                   /usr/lib/x86_64-linux-gnu/libstdc++.so.6.0.18
7fcd672d8000-7fcd674d7000 ---p 000e6000 08:01 15729831                   /usr/lib/x86_64-linux-gnu/libstdc++.so.6.0.18
7fcd674d7000-7fcd674df000 r--p 000e5000 08:01 15729831                   /usr/lib/x86_64-linux-gnu/libstdc++.so.6.0.18
7fcd674df000-7fcd674e1000 rw-p 000ed000 08:01 15729831                   /usr/lib/x86_64-linux-gnu/libstdc++.so.6.0.18
7fcd674e1000-7fcd674f6000 rw-p 00000000 00:00 0 
7fcd674f6000-7fcd67fd5000 r-xp 00000000 08:01 15861284                   /usr/lib/jvm/java-7-openjdk-amd64/jre/lib/amd64/server/libjvm.so
7fcd67fd5000-7fcd681d4000 ---p 00adf000 08:01 15861284                   /usr/lib/jvm/java-7-openjdk-amd64/jre/lib/amd64/server/libjvm.so
7fcd681d4000-7fcd68266000 r--p 00ade000 08:01 15861284                   /usr/lib/jvm/java-7-openjdk-amd64/jre/lib/amd64/server/libjvm.so
7fcd68266000-7fcd68289000 rw-p 00b70000 08:01 15861284                   /usr/lib/jvm/java-7-openjdk-amd64/jre/lib/amd64/server/libjvm.so
7fcd68289000-7fcd682b6000 rw-p 00000000 00:00 0 
7fcd682b6000-7fcd682ce000 r-xp 00000000 08:01 8130494                    /lib/x86_64-linux-gnu/libz.so.1.2.8
7fcd682ce000-7fcd684cd000 ---p 00018000 08:01 8130494                    /lib/x86_64-linux-gnu/libz.so.1.2.8
7fcd684cd000-7fcd684ce000 r--p 00017000 08:01 8130494                    /lib/x86_64-linux-gnu/libz.so.1.2.8
7fcd684ce000-7fcd684cf000 rw-p 00018000 08:01 8130494                    /lib/x86_64-linux-gnu/libz.so.1.2.8
7fcd684cf000-7fcd684e6000 r-xp 00000000 08:01 8130451                    /lib/x86_64-linux-gnu/libpthread-2.17.so
7fcd684e6000-7fcd686e6000 ---p 00017000 08:01 8130451                    /lib/x86_64-linux-gnu/libpthread-2.17.so
7fcd686e6000-7fcd686e7000 r--p 00017000 08:01 8130451                    /lib/x86_64-linux-gnu/libpthread-2.17.so
7fcd686e7000-7fcd686e8000 rw-p 00018000 08:01 8130451                    /lib/x86_64-linux-gnu/libpthread-2.17.so
7fcd686e8000-7fcd686ec000 rw-p 00000000 00:00 0 
7fcd686ec000-7fcd686ef000 r-xp 00000000 08:01 8130351                    /lib/x86_64-linux-gnu/libdl-2.17.so
7fcd686ef000-7fcd688ee000 ---p 00003000 08:01 8130351                    /lib/x86_64-linux-gnu/libdl-2.17.so
7fcd688ee000-7fcd688ef000 r--p 00002000 08:01 8130351                    /lib/x86_64-linux-gnu/libdl-2.17.so
7fcd688ef000-7fcd688f0000 rw-p 00003000 08:01 8130351                    /lib/x86_64-linux-gnu/libdl-2.17.so
7fcd688f0000-7fcd68aad000 r-xp 00000000 08:01 8130336                    /lib/x86_64-linux-gnu/libc-2.17.so
7fcd68aad000-7fcd68cad000 ---p 001bd000 08:01 8130336                    /lib/x86_64-linux-gnu/libc-2.17.so
7fcd68cad000-7fcd68cb1000 r--p 001bd000 08:01 8130336                    /lib/x86_64-linux-gnu/libc-2.17.so
7fcd68cb1000-7fcd68cb3000 rw-p 001c1000 08:01 8130336                    /lib/x86_64-linux-gnu/libc-2.17.so
7fcd68cb3000-7fcd68cb8000 rw-p 00000000 00:00 0 
7fcd68cb8000-7fcd68cc5000 r-xp 00000000 08:01 15861291                   /usr/lib/jvm/java-7-openjdk-amd64/jre/lib/amd64/jli/libjli.so
7fcd68cc5000-7fcd68ec4000 ---p 0000d000 08:01 15861291                   /usr/lib/jvm/java-7-openjdk-amd64/jre/lib/amd64/jli/libjli.so
7fcd68ec4000-7fcd68ec5000 r--p 0000c000 08:01 15861291                   /usr/lib/jvm/java-7-openjdk-amd64/jre/lib/amd64/jli/libjli.so
7fcd68ec5000-7fcd68ec6000 rw-p 0000d000 08:01 15861291                   /usr/lib/jvm/java-7-openjdk-amd64/jre/lib/amd64/jli/libjli.so
7fcd68ec6000-7fcd68ee9000 r-xp 00000000 08:01 8130312                    /lib/x86_64-linux-gnu/ld-2.17.so
7fcd68ee9000-7fcd68eee000 r--s 0004c000 08:01 15861296                   /usr/lib/jvm/java-7-openjdk-amd64/jre/lib/jsse.jar
7fcd68eee000-7fcd68f1c000 rw-p 00000000 00:00 0 
7fcd68f1c000-7fcd68f62000 rw-p 00000000 00:00 0 
7fcd68f62000-7fcd68f75000 rw-p 00000000 00:00 0 
7fcd68f75000-7fcd69009000 rw-p 00000000 00:00 0 
7fcd69009000-7fcd69013000 rw-p 00000000 00:00 0 
7fcd69013000-7fcd690c9000 rw-p 00000000 00:00 0 
7fcd690c9000-7fcd690dc000 rw-p 00000000 00:00 0 
7fcd690dc000-7fcd690e4000 rw-s 00000000 08:01 5767366                    /tmp/hsperfdata_alex/30299
7fcd690e4000-7fcd690e5000 rw-p 00000000 00:00 0 
7fcd690e5000-7fcd690e6000 r--p 00000000 00:00 0 
7fcd690e6000-7fcd690e8000 rw-p 00000000 00:00 0 
7fcd690e8000-7fcd690e9000 r--p 00022000 08:01 8130312                    /lib/x86_64-linux-gnu/ld-2.17.so
7fcd690e9000-7fcd690eb000 rw-p 00023000 08:01 8130312                    /lib/x86_64-linux-gnu/ld-2.17.so
7fff6e93c000-7fff6e95d000 rw-p 00000000 00:00 0                          [stack]
7fff6e9fe000-7fff6ea00000 r-xp 00000000 00:00 0                          [vdso]
ffffffffff600000-ffffffffff601000 r-xp 00000000 00:00 0                  [vsyscall]

VM Arguments:
jvm_args: -Djdk.home= -Djruby.home=/home/alex/.rbenv/versions/jruby-1.7.10 -Djruby.script=jruby -Djruby.shell=/bin/sh -Djffi.boot.library.path=/home/alex/.rbenv/versions/jruby-1.7.10/lib/jni:/home/alex/.rbenv/versions/jruby-1.7.10/lib/jni/i386-Linux:/home/alex/.rbenv/versions/jruby-1.7.10/lib/jni/arm-Linux:/home/alex/.rbenv/versions/jruby-1.7.10/lib/jni/x86_64-Linux -Xmx500m -Xss2048k -Xbootclasspath/a:/home/alex/.rbenv/versions/jruby-1.7.10/lib/jruby.jar 
java_command: org/jruby/Main Makefile.rb clean compile test clean
Launcher Type: SUN_STANDARD

Environment Variables:
PATH=/home/alex/.rbenv/versions/jruby-1.7.10/bin:/home/alex/.rbenv/libexec:/home/alex/.rbenv/plugins/ruby-build/bin:/home/alex/.rbenv/shims:~/.rbenv/bin:~/.rbenv/bin:/usr/local/sbin:/usr/local/bin:/usr/sbin:/usr/bin:/sbin:/bin:/usr/games:/usr/local/games
USERNAME=alex
SHELL=/bin/bash
DISPLAY=:0

Signal Handlers:
SIGSEGV: [libjvm.so+0x916ea0], sa_mask[0]=0x7ffbfeff, sa_flags=0x10000004
SIGBUS: [libjvm.so+0x916ea0], sa_mask[0]=0x7ffbfeff, sa_flags=0x10000004
SIGFPE: [libjvm.so+0x794800], sa_mask[0]=0x7ffbfeff, sa_flags=0x10000004
SIGPIPE: [libjvm.so+0x794800], sa_mask[0]=0x7ffbfeff, sa_flags=0x10000004
SIGXFSZ: [libjvm.so+0x794800], sa_mask[0]=0x7ffbfeff, sa_flags=0x10000004
SIGILL: [libjvm.so+0x794800], sa_mask[0]=0x7ffbfeff, sa_flags=0x10000004
SIGUSR1: SIG_DFL, sa_mask[0]=0x00000000, sa_flags=0x00000000
SIGUSR2: [libjvm.so+0x7946a0], sa_mask[0]=0x00000000, sa_flags=0x10000004
SIGHUP: [libjvm.so+0x794880], sa_mask[0]=0x7ffbfeff, sa_flags=0x10000004
SIGINT: [libjvm.so+0x794880], sa_mask[0]=0x7ffbfeff, sa_flags=0x10000004
SIGTERM: [libjvm.so+0x794880], sa_mask[0]=0x7ffbfeff, sa_flags=0x10000004
SIGQUIT: [libjvm.so+0x794880], sa_mask[0]=0x7ffbfeff, sa_flags=0x10000004


---------------  S Y S T E M  ---------------

OS:LinuxMint 16 (petra)
uname:Linux 3.11.0-12-generic #19-Ubuntu SMP Wed Oct 9 16:20:46 UTC 2013 x86_64
libc:glibc 2.17 NPTL 2.17 
rlimit: STACK 8192k, CORE 0k, NPROC 28798, NOFILE 4096, AS infinity
load average:1,67 0,90 0,73

/proc/meminfo:
MemTotal:        3715476 kB
MemFree:         1080072 kB
Buffers:          103452 kB
Cached:          1268572 kB
SwapCached:           28 kB
Active:          1562132 kB
Inactive:         875916 kB
Active(anon):     957096 kB
Inactive(anon):   353376 kB
Active(file):     605036 kB
Inactive(file):   522540 kB
Unevictable:          44 kB
Mlocked:              44 kB
SwapTotal:       3856380 kB
SwapFree:        3855740 kB
Dirty:              1520 kB
Writeback:             0 kB
AnonPages:       1066164 kB
Mapped:           188924 kB
Shmem:            244448 kB
Slab:             116216 kB
SReclaimable:      87416 kB
SUnreclaim:        28800 kB
KernelStack:        3936 kB
PageTables:        29836 kB
NFS_Unstable:          0 kB
Bounce:                0 kB
WritebackTmp:          0 kB
CommitLimit:     5714116 kB
Committed_AS:    3931004 kB
VmallocTotal:   34359738367 kB
VmallocUsed:      414940 kB
VmallocChunk:   34359311484 kB
HardwareCorrupted:     0 kB
AnonHugePages:         0 kB
HugePages_Total:       0
HugePages_Free:        0
HugePages_Rsvd:        0
HugePages_Surp:        0
Hugepagesize:       2048 kB
DirectMap4k:       56528 kB
DirectMap2M:     3801088 kB


CPU:total 4 (2 cores per cpu, 2 threads per core) family 6 model 37 stepping 5, cmov, cx8, fxsr, mmx, sse, sse2, sse3, ssse3, sse4.1, sse4.2, popcnt, ht, tsc, tscinvbit

/proc/cpuinfo:
processor	: 0
vendor_id	: GenuineIntel
cpu family	: 6
model		: 37
model name	: Intel(R) Core(TM) i3 CPU       M 380  @ 2.53GHz
stepping	: 5
microcode	: 0x2
cpu MHz		: 933.000
cache size	: 3072 KB
physical id	: 0
siblings	: 4
core id		: 0
cpu cores	: 2
apicid		: 0
initial apicid	: 0
fpu		: yes
fpu_exception	: yes
cpuid level	: 11
wp		: yes
flags		: fpu vme de pse tsc msr pae mce cx8 apic sep mtrr pge mca cmov pat pse36 clflush dts acpi mmx fxsr sse sse2 ss ht tm pbe syscall nx rdtscp lm constant_tsc arch_perfmon pebs bts rep_good nopl xtopology nonstop_tsc aperfmperf pni dtes64 monitor ds_cpl vmx est tm2 ssse3 cx16 xtpr pdcm pcid sse4_1 sse4_2 popcnt lahf_lm arat dtherm tpr_shadow vnmi flexpriority ept vpid
bogomips	: 5054.41
clflush size	: 64
cache_alignment	: 64
address sizes	: 36 bits physical, 48 bits virtual
power management:

processor	: 1
vendor_id	: GenuineIntel
cpu family	: 6
model		: 37
model name	: Intel(R) Core(TM) i3 CPU       M 380  @ 2.53GHz
stepping	: 5
microcode	: 0x2
cpu MHz		: 933.000
cache size	: 3072 KB
physical id	: 0
siblings	: 4
core id		: 0
cpu cores	: 2
apicid		: 1
initial apicid	: 1
fpu		: yes
fpu_exception	: yes
cpuid level	: 11
wp		: yes
flags		: fpu vme de pse tsc msr pae mce cx8 apic sep mtrr pge mca cmov pat pse36 clflush dts acpi mmx fxsr sse sse2 ss ht tm pbe syscall nx rdtscp lm constant_tsc arch_perfmon pebs bts rep_good nopl xtopology nonstop_tsc aperfmperf pni dtes64 monitor ds_cpl vmx est tm2 ssse3 cx16 xtpr pdcm pcid sse4_1 sse4_2 popcnt lahf_lm arat dtherm tpr_shadow vnmi flexpriority ept vpid
bogomips	: 5054.41
clflush size	: 64
cache_alignment	: 64
address sizes	: 36 bits physical, 48 bits virtual
power management:

processor	: 2
vendor_id	: GenuineIntel
cpu family	: 6
model		: 37
model name	: Intel(R) Core(TM) i3 CPU       M 380  @ 2.53GHz
stepping	: 5
microcode	: 0x2
cpu MHz		: 933.000
cache size	: 3072 KB
physical id	: 0
siblings	: 4
core id		: 2
cpu cores	: 2
apicid		: 4
initial apicid	: 4
fpu		: yes
fpu_exception	: yes
cpuid level	: 11
wp		: yes
flags		: fpu vme de pse tsc msr pae mce cx8 apic sep mtrr pge mca cmov pat pse36 clflush dts acpi mmx fxsr sse sse2 ss ht tm pbe syscall nx rdtscp lm constant_tsc arch_perfmon pebs bts rep_good nopl xtopology nonstop_tsc aperfmperf pni dtes64 monitor ds_cpl vmx est tm2 ssse3 cx16 xtpr pdcm pcid sse4_1 sse4_2 popcnt lahf_lm arat dtherm tpr_shadow vnmi flexpriority ept vpid
bogomips	: 5054.41
clflush size	: 64
cache_alignment	: 64
address sizes	: 36 bits physical, 48 bits virtual
power management:

processor	: 3
vendor_id	: GenuineIntel
cpu family	: 6
model		: 37
model name	: Intel(R) Core(TM) i3 CPU       M 380  @ 2.53GHz
stepping	: 5
microcode	: 0x2
cpu MHz		: 933.000
cache size	: 3072 KB
physical id	: 0
siblings	: 4
core id		: 2
cpu cores	: 2
apicid		: 5
initial apicid	: 5
fpu		: yes
fpu_exception	: yes
cpuid level	: 11
wp		: yes
flags		: fpu vme de pse tsc msr pae mce cx8 apic sep mtrr pge mca cmov pat pse36 clflush dts acpi mmx fxsr sse sse2 ss ht tm pbe syscall nx rdtscp lm constant_tsc arch_perfmon pebs bts rep_good nopl xtopology nonstop_tsc aperfmperf pni dtes64 monitor ds_cpl vmx est tm2 ssse3 cx16 xtpr pdcm pcid sse4_1 sse4_2 popcnt lahf_lm arat dtherm tpr_shadow vnmi flexpriority ept vpid
bogomips	: 5054.41
clflush size	: 64
cache_alignment	: 64
address sizes	: 36 bits physical, 48 bits virtual
power management:



Memory: 4k page, physical 3715476k(1080072k free), swap 3856380k(3855740k free)

vm_info: OpenJDK 64-Bit Server VM (24.45-b08) for linux-amd64 JRE (1.7.0_51-b00), built on Jan 15 2014 22:02:57 by "buildd" with gcc 4.8.1

time: Mon Apr 21 23:58:53 2014
elapsed time: 12 seconds

