#
# A fatal error has been detected by the Java Runtime Environment:
#
#  SIGSEGV (0xb) at pc=0x00007fd3cbbf9dab, pid=26896, tid=140548019640064
#
# JRE version: OpenJDK Runtime Environment (7.0_51) (build 1.7.0_51-b00)
# Java VM: OpenJDK 64-Bit Server VM (24.45-b08 mixed mode linux-amd64 compressed oops)
# Problematic frame:
# C  [libintersection.so+0xdab]  find_intersections+0x1f6
#
# Failed to write core dump. Core dumps have been disabled. To enable core dumping, try "ulimit -c unlimited" before starting Java again
#
# If you would like to submit a bug report, please include
# instructions on how to reproduce the bug and visit:
#   http://icedtea.classpath.org/bugzilla
# The crash happened outside the Java Virtual Machine in native code.
# See problematic frame for where to report the bug.
#

---------------  T H R E A D  ---------------

Current thread (0x00007fd3dc00a800):  JavaThread "main" [_thread_in_native, id=26921, stack(0x00007fd3e2a8d000,0x00007fd3e2c8e000)]

siginfo:si_signo=SIGSEGV: si_errno=0, si_code=1 (SEGV_MAPERR), si_addr=0xffffffffdc4eb9d0

Registers:
RAX=0xffffffffdc4eb9b0, RBX=0x00000000d79ae250, RCX=0x65646f6e20627220, RDX=0x00007fd3cbfff0e0
RSP=0x00007fd3e2c8b040, RBP=0x00007fd3e2c8b080, RSI=0x0000000000000000, RDI=0x00007fd3dc4eb960
R8 =0x00007fd3e2c8d700, R9 =0x0000000000000020, R10=0x00007fd3e2c8ade0, R11=0x00007fd3cbdfd6d2
R12=0x0000000000000000, R13=0x00000000d79ae250, R14=0x00007fd3e2c8b168, R15=0x00007fd3dc00a800
RIP=0x00007fd3cbbf9dab, EFLAGS=0x0000000000010246, CSGSFS=0x0000000000000033, ERR=0x0000000000000005
  TRAPNO=0x000000000000000e

Top of Stack: (sp=0x00007fd3e2c8b040)
0x00007fd3e2c8b040:   4000000000000000 00007fd3dc4eadd0
0x00007fd3e2c8b050:   ffffffffdc4eb9b0 00007fd3dc4eb960
0x00007fd3e2c8b060:   00007fd3dc4ebb60 00007fd3dc4ebbc0
0x00007fd3e2c8b070:   00007fd3e2c8b070 00000000d69ffdfd
0x00007fd3e2c8b080:   00007fd3dc453440 00007fd3d0fbfcd9
0x00007fd3e2c8b090:   00000000d7d33318 00000000d79ae250
0x00007fd3e2c8b0a0:   00007fd3e2c8b120 00007fd3d9012738
0x00007fd3e2c8b0b0:   00007fd3e2c8b110 00007fd3d9006233
0x00007fd3e2c8b0c0:   00000000f5a85fa0 00000000f5ab4c70
0x00007fd3e2c8b0d0:   00007fd3e2c8b0d0 00000000d69ff00f
0x00007fd3e2c8b0e0:   00007fd3e2c8b0e0 0000000000000000
0x00007fd3e2c8b0f0:   00007fd3e2c8b168 00000000d79b6778
0x00007fd3e2c8b100:   0000000000000000 00000000d79ae250
0x00007fd3e2c8b110:   0000000000000000 00007fd3e2c8b140
0x00007fd3e2c8b120:   00007fd3e2c8b1b0 00007fd3d9006175
0x00007fd3e2c8b130:   00000000e1168030 00007fd3d900ecd7
0x00007fd3e2c8b140:   00007fd3dc4eadd0 00007fd3d91095ec
0x00007fd3e2c8b150:   00007fd3cbbf9bb5 00000000f592da50
0x00007fd3e2c8b160:   00007fd3dc453440 00000000d69fba80
0x00007fd3e2c8b170:   00007fd3e2c8b170 00000000d7aab0b7
0x00007fd3e2c8b180:   00007fd3e2c8b1e8 00000000d7ab7310
0x00007fd3e2c8b190:   00000000d7edd758 00000000d7aab0f8
0x00007fd3e2c8b1a0:   00007fd3e2c8b140 00007fd3e2c8b1c0
0x00007fd3e2c8b1b0:   00007fd3e2c8b238 00007fd3d9006175
0x00007fd3e2c8b1c0:   00007fd3dc4eadd0 00000000f64f3ff8
0x00007fd3e2c8b1d0:   00007fd3cbbf9bb5 0000000000000000
0x00007fd3e2c8b1e0:   00000000e126c5d8 00000000e116aa78
0x00007fd3e2c8b1f0:   00000000f6857298 00007fd3e2c8b1f8
0x00007fd3e2c8b200:   00000000d7edf704 00007fd3e2c8b280
0x00007fd3e2c8b210:   00000000d7edfb60 0000000000000000
0x00007fd3e2c8b220:   00000000d7edf728 00007fd3e2c8b1c0
0x00007fd3e2c8b230:   00007fd3e2c8b258 00007fd3e2c8b2c8 

Instructions: (pc=0x00007fd3cbbf9dab)
0x00007fd3cbbf9d8b:   e8 60 fc ff ff 48 8b 45 d8 48 89 c7 b8 00 00 00
0x00007fd3cbbf9d9b:   00 e8 8f fc ff ff 48 98 48 89 45 d0 48 8b 45 d0
0x00007fd3cbbf9dab:   48 8b 40 20 48 8b 50 08 48 8b 45 d0 48 8b 40 20
0x00007fd3cbbf9dbb:   48 8b 00 48 89 55 c0 f2 0f 10 4d c0 48 89 45 c0 

Register to memory mapping:

RAX=0xffffffffdc4eb9b0 is an unknown value
RBX=0x00000000d79ae250 is an oop
{method} 
 - klass: {other class}
RCX=0x65646f6e20627220 is an unknown value
RDX=0x00007fd3cbfff0e0: sentinel+0 in lib/librb_tree.so at 0x00007fd3cbdfc000
RSP=0x00007fd3e2c8b040 is pointing into the stack for thread: 0x00007fd3dc00a800
RBP=0x00007fd3e2c8b080 is pointing into the stack for thread: 0x00007fd3dc00a800
RSI=0x0000000000000000 is an unknown value
RDI=0x00007fd3dc4eb960 is an unknown value
R8 =0x00007fd3e2c8d700 is pointing into the stack for thread: 0x00007fd3dc00a800
R9 =0x0000000000000020 is an unknown value
R10=0x00007fd3e2c8ade0 is pointing into the stack for thread: 0x00007fd3dc00a800
R11=0x00007fd3cbdfd6d2: rb_min_node+0 in lib/librb_tree.so at 0x00007fd3cbdfc000
R12=0x0000000000000000 is an unknown value
R13=0x00000000d79ae250 is an oop
{method} 
 - klass: {other class}
R14=0x00007fd3e2c8b168 is pointing into the stack for thread: 0x00007fd3dc00a800
R15=0x00007fd3dc00a800 is a thread


Stack: [0x00007fd3e2a8d000,0x00007fd3e2c8e000],  sp=0x00007fd3e2c8b040,  free space=2040k
Native frames: (J=compiled Java code, j=interpreted, Vv=VM code, C=native code)
C  [libintersection.so+0xdab]  find_intersections+0x1f6

Java frames: (J=compiled Java code, j=interpreted, Vv=VM code)
j  com.kenai.jffi.Foreign.invokeL1(JJJ)J+0
j  com.kenai.jffi.Invoker.invokeL1(Lcom/kenai/jffi/CallContext;JJ)J+7
j  org.jruby.ext.ffi.jffi.NativeInvoker$ffi$8.call(Lorg/jruby/runtime/ThreadContext;Lorg/jruby/runtime/builtin/IRubyObject;Lorg/jruby/RubyModule;Ljava/lang/String;Lorg/jruby/runtime/builtin/IRubyObject;)Lorg/jruby/runtime/builtin/IRubyObject;+76
j  org.jruby.runtime.callsite.CachingCallSite.cacheAndCall(Lorg/jruby/runtime/builtin/IRubyObject;Lorg/jruby/RubyClass;Lorg/jruby/runtime/ThreadContext;Lorg/jruby/runtime/builtin/IRubyObject;Lorg/jruby/runtime/builtin/IRubyObject;)Lorg/jruby/runtime/builtin/IRubyObject;+57
J  org.jruby.runtime.callsite.CachingCallSite.call(Lorg/jruby/runtime/ThreadContext;Lorg/jruby/runtime/builtin/IRubyObject;Lorg/jruby/runtime/builtin/IRubyObject;Lorg/jruby/runtime/builtin/IRubyObject;)Lorg/jruby/runtime/builtin/IRubyObject;
J  org.jruby.ast.CallOneArgNode.interpret(Lorg/jruby/Ruby;Lorg/jruby/runtime/ThreadContext;Lorg/jruby/runtime/builtin/IRubyObject;Lorg/jruby/runtime/Block;)Lorg/jruby/runtime/builtin/IRubyObject;
j  org.jruby.ast.LocalAsgnNode.interpret(Lorg/jruby/Ruby;Lorg/jruby/runtime/ThreadContext;Lorg/jruby/runtime/builtin/IRubyObject;Lorg/jruby/runtime/Block;)Lorg/jruby/runtime/builtin/IRubyObject;+30
J  org.jruby.ast.BlockNode.interpret(Lorg/jruby/Ruby;Lorg/jruby/runtime/ThreadContext;Lorg/jruby/runtime/builtin/IRubyObject;Lorg/jruby/runtime/Block;)Lorg/jruby/runtime/builtin/IRubyObject;
j  org.jruby.evaluator.ASTInterpreter.INTERPRET_METHOD(Lorg/jruby/Ruby;Lorg/jruby/runtime/ThreadContext;Ljava/lang/String;ILorg/jruby/RubyModule;Lorg/jruby/ast/Node;Ljava/lang/String;Lorg/jruby/runtime/builtin/IRubyObject;Lorg/jruby/runtime/Block;Z)Lorg/jruby/runtime/builtin/IRubyObject;+30
j  org.jruby.internal.runtime.methods.InterpretedMethod.call(Lorg/jruby/runtime/ThreadContext;Lorg/jruby/runtime/builtin/IRubyObject;Lorg/jruby/RubyModule;Ljava/lang/String;)Lorg/jruby/runtime/builtin/IRubyObject;+80
j  org.jruby.internal.runtime.methods.DefaultMethod.call(Lorg/jruby/runtime/ThreadContext;Lorg/jruby/runtime/builtin/IRubyObject;Lorg/jruby/RubyModule;Ljava/lang/String;)Lorg/jruby/runtime/builtin/IRubyObject;+20
J  org.jruby.ast.CallNoArgNode.interpret(Lorg/jruby/Ruby;Lorg/jruby/runtime/ThreadContext;Lorg/jruby/runtime/builtin/IRubyObject;Lorg/jruby/runtime/Block;)Lorg/jruby/runtime/builtin/IRubyObject;
j  org.jruby.ast.FCallTwoArgNode.interpret(Lorg/jruby/Ruby;Lorg/jruby/runtime/ThreadContext;Lorg/jruby/runtime/builtin/IRubyObject;Lorg/jruby/runtime/Block;)Lorg/jruby/runtime/builtin/IRubyObject;+28
J  org.jruby.ast.BlockNode.interpret(Lorg/jruby/Ruby;Lorg/jruby/runtime/ThreadContext;Lorg/jruby/runtime/builtin/IRubyObject;Lorg/jruby/runtime/Block;)Lorg/jruby/runtime/builtin/IRubyObject;
j  org.jruby.evaluator.ASTInterpreter.INTERPRET_METHOD(Lorg/jruby/Ruby;Lorg/jruby/runtime/ThreadContext;Ljava/lang/String;ILorg/jruby/RubyModule;Lorg/jruby/ast/Node;Ljava/lang/String;Lorg/jruby/runtime/builtin/IRubyObject;Lorg/jruby/runtime/Block;Z)Lorg/jruby/runtime/builtin/IRubyObject;+30
j  org.jruby.internal.runtime.methods.InterpretedMethod.call(Lorg/jruby/runtime/ThreadContext;Lorg/jruby/runtime/builtin/IRubyObject;Lorg/jruby/RubyModule;Ljava/lang/String;)Lorg/jruby/runtime/builtin/IRubyObject;+80
j  org.jruby.internal.runtime.methods.DefaultMethod.call(Lorg/jruby/runtime/ThreadContext;Lorg/jruby/runtime/builtin/IRubyObject;Lorg/jruby/RubyModule;Ljava/lang/String;)Lorg/jruby/runtime/builtin/IRubyObject;+20
j  org.jruby.runtime.callsite.CachingCallSite.cacheAndCall(Lorg/jruby/runtime/builtin/IRubyObject;Lorg/jruby/RubyClass;Lorg/jruby/runtime/ThreadContext;Lorg/jruby/runtime/builtin/IRubyObject;)Lorg/jruby/runtime/builtin/IRubyObject;+53
j  org.jruby.runtime.callsite.CachingCallSite.call(Lorg/jruby/runtime/ThreadContext;Lorg/jruby/runtime/builtin/IRubyObject;Lorg/jruby/runtime/builtin/IRubyObject;)Lorg/jruby/runtime/builtin/IRubyObject;+46
j  Makefile.method__3$RUBY$test(LMakefile;Lorg/jruby/runtime/ThreadContext;Lorg/jruby/runtime/builtin/IRubyObject;Lorg/jruby/runtime/Block;)Lorg/jruby/runtime/builtin/IRubyObject;+130
j  Makefile$method__3$RUBY$test.call(Lorg/jruby/runtime/ThreadContext;Lorg/jruby/runtime/builtin/IRubyObject;Lorg/jruby/RubyModule;Ljava/lang/String;Lorg/jruby/runtime/Block;)Lorg/jruby/runtime/builtin/IRubyObject;+17
j  org.jruby.RubyClass.finvoke(Lorg/jruby/runtime/ThreadContext;Lorg/jruby/runtime/builtin/IRubyObject;Ljava/lang/String;Lorg/jruby/runtime/Block;)Lorg/jruby/runtime/builtin/IRubyObject;+41
j  org.jruby.RubyBasicObject.send19(Lorg/jruby/runtime/ThreadContext;Lorg/jruby/runtime/builtin/IRubyObject;Lorg/jruby/runtime/Block;)Lorg/jruby/runtime/builtin/IRubyObject;+15
j  org.jruby.RubyKernel.send19(Lorg/jruby/runtime/ThreadContext;Lorg/jruby/runtime/builtin/IRubyObject;Lorg/jruby/runtime/builtin/IRubyObject;Lorg/jruby/runtime/Block;)Lorg/jruby/runtime/builtin/IRubyObject;+7
j  org.jruby.RubyKernel$INVOKER$s$send19.call(Lorg/jruby/runtime/ThreadContext;Lorg/jruby/runtime/builtin/IRubyObject;Lorg/jruby/RubyModule;Ljava/lang/String;Lorg/jruby/runtime/builtin/IRubyObject;Lorg/jruby/runtime/Block;)Lorg/jruby/runtime/builtin/IRubyObject;+6
j  org.jruby.internal.runtime.methods.JavaMethod$JavaMethodOneOrNBlock.call(Lorg/jruby/runtime/ThreadContext;Lorg/jruby/runtime/builtin/IRubyObject;Lorg/jruby/RubyModule;Ljava/lang/String;Lorg/jruby/runtime/builtin/IRubyObject;)Lorg/jruby/runtime/builtin/IRubyObject;+11
j  org.jruby.runtime.callsite.CachingCallSite.call(Lorg/jruby/runtime/ThreadContext;Lorg/jruby/runtime/builtin/IRubyObject;Lorg/jruby/runtime/builtin/IRubyObject;Lorg/jruby/runtime/builtin/IRubyObject;)Lorg/jruby/runtime/builtin/IRubyObject;+38
j  Makefile.block_7$RUBY$__file__(LMakefile;Lorg/jruby/runtime/ThreadContext;Lorg/jruby/runtime/builtin/IRubyObject;[Lorg/jruby/runtime/builtin/IRubyObject;Lorg/jruby/runtime/Block;)Lorg/jruby/runtime/builtin/IRubyObject;+46
j  Makefile$block_7$RUBY$__file__.call(Lorg/jruby/runtime/ThreadContext;Lorg/jruby/runtime/builtin/IRubyObject;[Lorg/jruby/runtime/builtin/IRubyObject;Lorg/jruby/runtime/Block;)Lorg/jruby/runtime/builtin/IRubyObject;+9
j  org.jruby.runtime.CompiledBlock19.yield(Lorg/jruby/runtime/ThreadContext;Lorg/jruby/runtime/builtin/IRubyObject;Lorg/jruby/runtime/Binding;Lorg/jruby/runtime/Block$Type;)Lorg/jruby/runtime/builtin/IRubyObject;+52
j  org.jruby.runtime.Block.yield(Lorg/jruby/runtime/ThreadContext;Lorg/jruby/runtime/builtin/IRubyObject;)Lorg/jruby/runtime/builtin/IRubyObject;+14
j  org.jruby.RubyArray.eachCommon(Lorg/jruby/runtime/ThreadContext;Lorg/jruby/runtime/Block;)Lorg/jruby/runtime/builtin/IRubyObject;+41
j  org.jruby.RubyArray.each(Lorg/jruby/runtime/ThreadContext;Lorg/jruby/runtime/Block;)Lorg/jruby/runtime/builtin/IRubyObject;+10
j  org.jruby.RubyArray$INVOKER$i$0$0$each.call(Lorg/jruby/runtime/ThreadContext;Lorg/jruby/runtime/builtin/IRubyObject;Lorg/jruby/RubyModule;Ljava/lang/String;Lorg/jruby/runtime/Block;)Lorg/jruby/runtime/builtin/IRubyObject;+7
j  org.jruby.runtime.callsite.CachingCallSite.cacheAndCall(Lorg/jruby/runtime/builtin/IRubyObject;Lorg/jruby/RubyClass;Lorg/jruby/runtime/Block;Lorg/jruby/runtime/ThreadContext;Lorg/jruby/runtime/builtin/IRubyObject;)Lorg/jruby/runtime/builtin/IRubyObject;+57
j  org.jruby.runtime.callsite.CachingCallSite.callBlock(Lorg/jruby/runtime/ThreadContext;Lorg/jruby/runtime/builtin/IRubyObject;Lorg/jruby/runtime/builtin/IRubyObject;Lorg/jruby/runtime/Block;)Lorg/jruby/runtime/builtin/IRubyObject;+50
j  org.jruby.runtime.callsite.CachingCallSite.callIter(Lorg/jruby/runtime/ThreadContext;Lorg/jruby/runtime/builtin/IRubyObject;Lorg/jruby/runtime/builtin/IRubyObject;Lorg/jruby/runtime/Block;)Lorg/jruby/runtime/builtin/IRubyObject;+6
j  Makefile.__file__(LMakefile;Lorg/jruby/runtime/ThreadContext;Lorg/jruby/runtime/builtin/IRubyObject;[Lorg/jruby/runtime/builtin/IRubyObject;Lorg/jruby/runtime/Block;)Lorg/jruby/runtime/builtin/IRubyObject;+938
j  Makefile.load(Lorg/jruby/runtime/ThreadContext;Lorg/jruby/runtime/builtin/IRubyObject;Z)Lorg/jruby/runtime/builtin/IRubyObject;+22
j  org.jruby.Ruby.runScript(Lorg/jruby/ast/executable/Script;Z)Lorg/jruby/runtime/builtin/IRubyObject;+12
j  org.jruby.Ruby.runScript(Lorg/jruby/ast/executable/Script;)Lorg/jruby/runtime/builtin/IRubyObject;+3
j  org.jruby.Ruby.runNormally(Lorg/jruby/ast/Node;)Lorg/jruby/runtime/builtin/IRubyObject;+73
j  org.jruby.Ruby.runFromMain(Ljava/io/InputStream;Ljava/lang/String;)V+320
j  org.jruby.Main.doRunFromMain(Lorg/jruby/Ruby;Ljava/io/InputStream;Ljava/lang/String;)Lorg/jruby/Main$Status;+12
j  org.jruby.Main.internalRun()Lorg/jruby/Main$Status;+234
j  org.jruby.Main.run([Ljava/lang/String;)Lorg/jruby/Main$Status;+9
j  org.jruby.Main.main([Ljava/lang/String;)V+35
v  ~StubRoutines::call_stub

---------------  P R O C E S S  ---------------

Java Threads: ( => current thread )
  0x00007fd3dc3c1800 JavaThread "JRubyJIT-2" daemon [_thread_blocked, id=27057, stack(0x00007fd3d07b4000,0x00007fd3d09b5000)]
  0x00007fd3dc422000 JavaThread "process reaper" daemon [_thread_blocked, id=26937, stack(0x00007fd3e007b000,0x00007fd3e00b4000)]
  0x00007fd3dc4a0800 JavaThread "JRubyJIT-1" daemon [_thread_blocked, id=26934, stack(0x00007fd3d0db7000,0x00007fd3d0fb8000)]
  0x00007fd3dc0ae000 JavaThread "Service Thread" daemon [_thread_blocked, id=26932, stack(0x00007fd3d292f000,0x00007fd3d2b30000)]
  0x00007fd3dc0ab800 JavaThread "C2 CompilerThread1" daemon [_thread_in_native, id=26931, stack(0x00007fd3d81ff000,0x00007fd3d8300000)]
  0x00007fd3dc0a8800 JavaThread "C2 CompilerThread0" daemon [_thread_in_native, id=26930, stack(0x00007fd3d8300000,0x00007fd3d8401000)]
  0x00007fd3dc0a6800 JavaThread "Signal Dispatcher" daemon [_thread_blocked, id=26929, stack(0x00007fd3d8401000,0x00007fd3d8602000)]
  0x00007fd3dc082800 JavaThread "Finalizer" daemon [_thread_blocked, id=26928, stack(0x00007fd3d89fc000,0x00007fd3d8bfd000)]
  0x00007fd3dc080800 JavaThread "Reference Handler" daemon [_thread_blocked, id=26927, stack(0x00007fd3d8bfd000,0x00007fd3d8dfe000)]
=>0x00007fd3dc00a800 JavaThread "main" [_thread_in_native, id=26921, stack(0x00007fd3e2a8d000,0x00007fd3e2c8e000)]

Other Threads:
  0x00007fd3dc07c800 VMThread [stack: 0x00007fd3d8dfe000,0x00007fd3d8eff000] [id=26926]
  0x00007fd3dc0b8800 WatcherThread [stack: 0x00007fd3d80fe000,0x00007fd3d81ff000] [id=26933]

VM state:not at safepoint (normal execution)

VM Mutex/Monitor currently owned by a thread: None

Heap
 PSYoungGen      total 17408K, used 14487K [0x00000000f5900000, 0x00000000f7b00000, 0x0000000100000000)
  eden space 15360K, 81% used [0x00000000f5900000,0x00000000f652c830,0x00000000f6800000)
  from space 2048K, 98% used [0x00000000f6800000,0x00000000f69f9518,0x00000000f6a00000)
  to   space 2048K, 0% used [0x00000000f7900000,0x00000000f7900000,0x00000000f7b00000)
 ParOldGen       total 38400K, used 8585K [0x00000000e0c00000, 0x00000000e3180000, 0x00000000f5900000)
  object space 38400K, 22% used [0x00000000e0c00000,0x00000000e14626f8,0x00000000e3180000)
 PSPermGen       total 25600K, used 25479K [0x00000000d6600000, 0x00000000d7f00000, 0x00000000e0c00000)
  object space 25600K, 99% used [0x00000000d6600000,0x00000000d7ee1d00,0x00000000d7f00000)

Card table byte_map: [0x00007fd3e18b3000,0x00007fd3e1a01000] byte_map_base: 0x00007fd3e1200000

Polling page: 0x00007fd3e509b000

Code Cache  [0x00007fd3d9000000, 0x00007fd3d9270000, 0x00007fd3dc000000)
 total_blobs=947 nmethods=468 adapters=433 free_code_cache=47620Kb largest_free_block=48731520

Compilation events (10 events):
Event: 10,291 Thread 0x00007fd3dc0ab800 nmethod 496 0x00007fd3d91799d0 code [0x00007fd3d9179c80, 0x00007fd3d917a220]
Event: 10,291 Thread 0x00007fd3dc0ab800  497             org.jruby.RubyNumeric::dbl_cmp (50 bytes)
Event: 10,296 Thread 0x00007fd3dc0ab800 nmethod 497 0x00007fd3d9178210 code [0x00007fd3d9178360, 0x00007fd3d91784d8]
Event: 10,296 Thread 0x00007fd3dc0ab800  498             org.jruby.runtime.scope.OneVarDynamicScope::setArgValues (13 bytes)
Event: 10,299 Thread 0x00007fd3dc0ab800 nmethod 498 0x00007fd3d9103ad0 code [0x00007fd3d9103c20, 0x00007fd3d9103cb8]
Event: 10,299 Thread 0x00007fd3dc0ab800  499             org.jruby.RubyArray::modify (53 bytes)
Event: 10,309 Thread 0x00007fd3dc0ab800 nmethod 499 0x00007fd3d9179310 code [0x00007fd3d91794a0, 0x00007fd3d9179740]
Event: 10,309 Thread 0x00007fd3dc0ab800  500             org.jruby.RubyArray::safeArraySet (11 bytes)
Event: 10,314 Thread 0x00007fd3dc0ab800 nmethod 500 0x00007fd3d9184d50 code [0x00007fd3d9184ea0, 0x00007fd3d9185018]
Event: 10,314 Thread 0x00007fd3dc0ab800  501   !         org.jruby.RubyArray::safeArraySet (14 bytes)

GC Heap History (6 events):
Event: 3,396 GC heap before
{Heap before GC invocations=1 (full 0):
 PSYoungGen      total 17408K, used 15360K [0x00000000f5900000, 0x00000000f6c00000, 0x0000000100000000)
  eden space 15360K, 100% used [0x00000000f5900000,0x00000000f6800000,0x00000000f6800000)
  from space 2048K, 0% used [0x00000000f6a00000,0x00000000f6a00000,0x00000000f6c00000)
  to   space 2048K, 0% used [0x00000000f6800000,0x00000000f6800000,0x00000000f6a00000)
 ParOldGen       total 38400K, used 0K [0x00000000e0c00000, 0x00000000e3180000, 0x00000000f5900000)
  object space 38400K, 0% used [0x00000000e0c00000,0x00000000e0c00000,0x00000000e3180000)
 PSPermGen       total 21504K, used 18949K [0x00000000d6600000, 0x00000000d7b00000, 0x00000000e0c00000)
  object space 21504K, 88% used [0x00000000d6600000,0x00000000d78816c8,0x00000000d7b00000)
Event: 3,429 GC heap after
Heap after GC invocations=1 (full 0):
 PSYoungGen      total 17408K, used 2023K [0x00000000f5900000, 0x00000000f6c00000, 0x0000000100000000)
  eden space 15360K, 0% used [0x00000000f5900000,0x00000000f5900000,0x00000000f6800000)
  from space 2048K, 98% used [0x00000000f6800000,0x00000000f69f9f98,0x00000000f6a00000)
  to   space 2048K, 0% used [0x00000000f6a00000,0x00000000f6a00000,0x00000000f6c00000)
 ParOldGen       total 38400K, used 3793K [0x00000000e0c00000, 0x00000000e3180000, 0x00000000f5900000)
  object space 38400K, 9% used [0x00000000e0c00000,0x00000000e0fb4608,0x00000000e3180000)
 PSPermGen       total 21504K, used 18949K [0x00000000d6600000, 0x00000000d7b00000, 0x00000000e0c00000)
  object space 21504K, 88% used [0x00000000d6600000,0x00000000d78816c8,0x00000000d7b00000)
}
Event: 5,968 GC heap before
{Heap before GC invocations=2 (full 0):
 PSYoungGen      total 17408K, used 17383K [0x00000000f5900000, 0x00000000f6c00000, 0x0000000100000000)
  eden space 15360K, 100% used [0x00000000f5900000,0x00000000f6800000,0x00000000f6800000)
  from space 2048K, 98% used [0x00000000f6800000,0x00000000f69f9f98,0x00000000f6a00000)
  to   space 2048K, 0% used [0x00000000f6a00000,0x00000000f6a00000,0x00000000f6c00000)
 ParOldGen       total 38400K, used 3793K [0x00000000e0c00000, 0x00000000e3180000, 0x00000000f5900000)
  object space 38400K, 9% used [0x00000000e0c00000,0x00000000e0fb4608,0x00000000e3180000)
 PSPermGen       total 23552K, used 23438K [0x00000000d6600000, 0x00000000d7d00000, 0x00000000e0c00000)
  object space 23552K, 99% used [0x00000000d6600000,0x00000000d7ce3b88,0x00000000d7d00000)
Event: 6,053 GC heap after
Heap after GC invocations=2 (full 0):
 PSYoungGen      total 17408K, used 2037K [0x00000000f5900000, 0x00000000f7b00000, 0x0000000100000000)
  eden space 15360K, 0% used [0x00000000f5900000,0x00000000f5900000,0x00000000f6800000)
  from space 2048K, 99% used [0x00000000f6a00000,0x00000000f6bfd528,0x00000000f6c00000)
  to   space 2048K, 0% used [0x00000000f6800000,0x00000000f6800000,0x00000000f6a00000)
 ParOldGen       total 38400K, used 5855K [0x00000000e0c00000, 0x00000000e3180000, 0x00000000f5900000)
  object space 38400K, 15% used [0x00000000e0c00000,0x00000000e11b7ee0,0x00000000e3180000)
 PSPermGen       total 23552K, used 23438K [0x00000000d6600000, 0x00000000d7d00000, 0x00000000e0c00000)
  object space 23552K, 99% used [0x00000000d6600000,0x00000000d7ce3b88,0x00000000d7d00000)
}
Event: 8,398 GC heap before
{Heap before GC invocations=3 (full 0):
 PSYoungGen      total 17408K, used 17397K [0x00000000f5900000, 0x00000000f7b00000, 0x0000000100000000)
  eden space 15360K, 100% used [0x00000000f5900000,0x00000000f6800000,0x00000000f6800000)
  from space 2048K, 99% used [0x00000000f6a00000,0x00000000f6bfd528,0x00000000f6c00000)
  to   space 2048K, 0% used [0x00000000f6800000,0x00000000f6800000,0x00000000f6a00000)
 ParOldGen       total 38400K, used 5855K [0x00000000e0c00000, 0x00000000e3180000, 0x00000000f5900000)
  object space 38400K, 15% used [0x00000000e0c00000,0x00000000e11b7ee0,0x00000000e3180000)
 PSPermGen       total 25600K, used 25150K [0x00000000d6600000, 0x00000000d7f00000, 0x00000000e0c00000)
  object space 25600K, 98% used [0x00000000d6600000,0x00000000d7e8faa8,0x00000000d7f00000)
Event: 8,432 GC heap after
Heap after GC invocations=3 (full 0):
 PSYoungGen      total 17408K, used 2021K [0x00000000f5900000, 0x00000000f7b00000, 0x0000000100000000)
  eden space 15360K, 0% used [0x00000000f5900000,0x00000000f5900000,0x00000000f6800000)
  from space 2048K, 98% used [0x00000000f6800000,0x00000000f69f9518,0x00000000f6a00000)
  to   space 2048K, 0% used [0x00000000f7900000,0x00000000f7900000,0x00000000f7b00000)
 ParOldGen       total 38400K, used 8585K [0x00000000e0c00000, 0x00000000e3180000, 0x00000000f5900000)
  object space 38400K, 22% used [0x00000000e0c00000,0x00000000e14626f8,0x00000000e3180000)
 PSPermGen       total 25600K, used 25150K [0x00000000d6600000, 0x00000000d7f00000, 0x00000000e0c00000)
  object space 25600K, 98% used [0x00000000d6600000,0x00000000d7e8faa8,0x00000000d7f00000)
}

Deoptimization events (10 events):
Event: 9,981 Thread 0x00007fd3dc00a800 Uncommon trap: reason=bimorphic action=maybe_recompile pc=0x00007fd3d9173d68 method=org.jruby.ast.DAsgnNode.interpret(Lorg/jruby/Ruby;Lorg/jruby/runtime/ThreadContext;Lorg/jruby/runtime/builtin/IRubyObject;Lorg/jruby/runtime/Block;)Lorg/jruby/runtime/buil
Event: 9,981 Thread 0x00007fd3dc00a800 Uncommon trap: reason=bimorphic action=maybe_recompile pc=0x00007fd3d9173d68 method=org.jruby.ast.DAsgnNode.interpret(Lorg/jruby/Ruby;Lorg/jruby/runtime/ThreadContext;Lorg/jruby/runtime/builtin/IRubyObject;Lorg/jruby/runtime/Block;)Lorg/jruby/runtime/buil
Event: 10,008 Thread 0x00007fd3dc00a800 Uncommon trap: reason=class_check action=maybe_recompile pc=0x00007fd3d90d6df8 method=org.jruby.RubyArray.compare(Lorg/jruby/runtime/ThreadContext;Lorg/jruby/runtime/invokedynamic/MethodNames;Lorg/jruby/runtime/builtin/IRubyObject;)Lorg/jruby/RubyBoolean;
Event: 10,148 Thread 0x00007fd3dc00a800 Uncommon trap: reason=class_check action=maybe_recompile pc=0x00007fd3d90d6df8 method=org.jruby.RubyArray.compare(Lorg/jruby/runtime/ThreadContext;Lorg/jruby/runtime/invokedynamic/MethodNames;Lorg/jruby/runtime/builtin/IRubyObject;)Lorg/jruby/RubyBoolean;
Event: 10,291 Thread 0x00007fd3dc00a800 Uncommon trap: reason=class_check action=maybe_recompile pc=0x00007fd3d90d6df8 method=org.jruby.RubyArray.compare(Lorg/jruby/runtime/ThreadContext;Lorg/jruby/runtime/invokedynamic/MethodNames;Lorg/jruby/runtime/builtin/IRubyObject;)Lorg/jruby/RubyBoolean;
Event: 10,296 Thread 0x00007fd3dc00a800 Uncommon trap: reason=class_check action=maybe_recompile pc=0x00007fd3d9120384 method=org.jruby.ext.ffi.StructByReference.to_native(Lorg/jruby/runtime/ThreadContext;Lorg/jruby/runtime/builtin/IRubyObject;Lorg/jruby/runtime/builtin/IRubyObject;)Lorg/jruby/
Event: 10,299 Thread 0x00007fd3dc00a800 Uncommon trap: reason=class_check action=maybe_recompile pc=0x00007fd3d9172924 method=org.jruby.runtime.ivars.VariableAccessor.get(Ljava/lang/Object;)Ljava/lang/Object; @ 1
Event: 10,299 Thread 0x00007fd3dc00a800 Uncommon trap: reason=class_check action=maybe_recompile pc=0x00007fd3d9172924 method=org.jruby.runtime.ivars.VariableAccessor.get(Ljava/lang/Object;)Ljava/lang/Object; @ 1
Event: 10,299 Thread 0x00007fd3dc00a800 Uncommon trap: reason=class_check action=maybe_recompile pc=0x00007fd3d9172924 method=org.jruby.runtime.ivars.VariableAccessor.get(Ljava/lang/Object;)Ljava/lang/Object; @ 1
Event: 10,299 Thread 0x00007fd3dc00a800 Uncommon trap: reason=class_check action=maybe_recompile pc=0x00007fd3d9172924 method=org.jruby.runtime.ivars.VariableAccessor.get(Ljava/lang/Object;)Ljava/lang/Object; @ 1

Internal exceptions (10 events):
Event: 8,804 Thread 0x00007fd3dc00a800 Threw 0x00000000f5c6af70 at /build/buildd/openjdk-7-7u51-2.4.4/build/openjdk/hotspot/src/share/vm/prims/jvm.cpp:1244
Event: 8,804 Thread 0x00007fd3dc00a800 Threw 0x00000000f5c6ba20 at /build/buildd/openjdk-7-7u51-2.4.4/build/openjdk/hotspot/src/share/vm/prims/jvm.cpp:1244
Event: 8,808 Thread 0x00007fd3dc00a800 Threw 0x00000000f5c77590 at /build/buildd/openjdk-7-7u51-2.4.4/build/openjdk/hotspot/src/share/vm/prims/jvm.cpp:1244
Event: 8,808 Thread 0x00007fd3dc00a800 Threw 0x00000000f5c79650 at /build/buildd/openjdk-7-7u51-2.4.4/build/openjdk/hotspot/src/share/vm/prims/jvm.cpp:1244
Event: 8,809 Thread 0x00007fd3dc00a800 Threw 0x00000000f5c7a100 at /build/buildd/openjdk-7-7u51-2.4.4/build/openjdk/hotspot/src/share/vm/prims/jvm.cpp:1244
Event: 8,809 Thread 0x00007fd3dc00a800 Threw 0x00000000f5c7bfa0 at /build/buildd/openjdk-7-7u51-2.4.4/build/openjdk/hotspot/src/share/vm/prims/jvm.cpp:1244
Event: 8,809 Thread 0x00007fd3dc00a800 Threw 0x00000000f5c7e060 at /build/buildd/openjdk-7-7u51-2.4.4/build/openjdk/hotspot/src/share/vm/prims/jvm.cpp:1244
Event: 8,809 Thread 0x00007fd3dc00a800 Threw 0x00000000f5c7eb10 at /build/buildd/openjdk-7-7u51-2.4.4/build/openjdk/hotspot/src/share/vm/prims/jvm.cpp:1244
Event: 10,315 Thread 0x00007fd3dc3c1800 Threw 0x00000000f59ef198 at /build/buildd/openjdk-7-7u51-2.4.4/build/openjdk/hotspot/src/share/vm/prims/jvm.cpp:1244
Event: 10,316 Thread 0x00007fd3dc3c1800 Threw 0x00000000f59f0bb0 at /build/buildd/openjdk-7-7u51-2.4.4/build/openjdk/hotspot/src/share/vm/prims/jvm.cpp:1244

Events (10 events):
Event: 10,299 Thread 0x00007fd3dc00a800 DEOPT PACKING pc=0x00007fd3d9172924 sp=0x00007fd3e2c8a1d0
Event: 10,299 Thread 0x00007fd3dc00a800 DEOPT UNPACKING pc=0x00007fd3d9039045 sp=0x00007fd3e2c8a198 mode 2
Event: 10,299 Thread 0x00007fd3dc00a800 Uncommon trap: trap_request=0xffffffde fr.pc=0x00007fd3d9172924
Event: 10,299 Thread 0x00007fd3dc00a800 DEOPT PACKING pc=0x00007fd3d9172924 sp=0x00007fd3e2c8a260
Event: 10,299 Thread 0x00007fd3dc00a800 DEOPT UNPACKING pc=0x00007fd3d9039045 sp=0x00007fd3e2c8a228 mode 2
Event: 10,299 Thread 0x00007fd3dc00a800 Uncommon trap: trap_request=0xffffffde fr.pc=0x00007fd3d9172924
Event: 10,299 Thread 0x00007fd3dc00a800 DEOPT PACKING pc=0x00007fd3d9172924 sp=0x00007fd3e2c8a260
Event: 10,299 Thread 0x00007fd3dc00a800 DEOPT UNPACKING pc=0x00007fd3d9039045 sp=0x00007fd3e2c8a228 mode 2
Event: 10,315 loading class 0x00007fd390006580
Event: 10,315 loading class 0x00007fd390006580 done


Dynamic libraries:
00400000-00401000 r-xp 00000000 08:01 15861394                           /usr/lib/jvm/java-7-openjdk-amd64/jre/bin/java
00600000-00601000 r--p 00000000 08:01 15861394                           /usr/lib/jvm/java-7-openjdk-amd64/jre/bin/java
00601000-00602000 rw-p 00001000 08:01 15861394                           /usr/lib/jvm/java-7-openjdk-amd64/jre/bin/java
021c8000-021e9000 rw-p 00000000 00:00 0                                  [heap]
d6600000-d7f00000 rw-p 00000000 00:00 0 
d7f00000-e0c00000 rw-p 00000000 00:00 0 
e0c00000-e3180000 rw-p 00000000 00:00 0 
e3180000-f5900000 rw-p 00000000 00:00 0 
f5900000-f7b00000 rw-p 00000000 00:00 0 
f7b00000-100000000 rw-p 00000000 00:00 0 
7fd38c000000-7fd38c021000 rw-p 00000000 00:00 0 
7fd38c021000-7fd390000000 ---p 00000000 00:00 0 
7fd390000000-7fd390021000 rw-p 00000000 00:00 0 
7fd390021000-7fd394000000 ---p 00000000 00:00 0 
7fd394000000-7fd394021000 rw-p 00000000 00:00 0 
7fd394021000-7fd398000000 ---p 00000000 00:00 0 
7fd398000000-7fd398021000 rw-p 00000000 00:00 0 
7fd398021000-7fd39c000000 ---p 00000000 00:00 0 
7fd39c000000-7fd39c021000 rw-p 00000000 00:00 0 
7fd39c021000-7fd3a0000000 ---p 00000000 00:00 0 
7fd3a0000000-7fd3a0027000 rw-p 00000000 00:00 0 
7fd3a0027000-7fd3a4000000 ---p 00000000 00:00 0 
7fd3a4000000-7fd3a4ddc000 rw-p 00000000 00:00 0 
7fd3a4ddc000-7fd3a8000000 ---p 00000000 00:00 0 
7fd3a8000000-7fd3a8021000 rw-p 00000000 00:00 0 
7fd3a8021000-7fd3ac000000 ---p 00000000 00:00 0 
7fd3ac000000-7fd3ac021000 rw-p 00000000 00:00 0 
7fd3ac021000-7fd3b0000000 ---p 00000000 00:00 0 
7fd3b0000000-7fd3b0ca2000 rw-p 00000000 00:00 0 
7fd3b0ca2000-7fd3b4000000 ---p 00000000 00:00 0 
7fd3b4000000-7fd3b4021000 rw-p 00000000 00:00 0 
7fd3b4021000-7fd3b8000000 ---p 00000000 00:00 0 
7fd3b8000000-7fd3b8021000 rw-p 00000000 00:00 0 
7fd3b8021000-7fd3bc000000 ---p 00000000 00:00 0 
7fd3bc000000-7fd3bc021000 rw-p 00000000 00:00 0 
7fd3bc021000-7fd3c0000000 ---p 00000000 00:00 0 
7fd3c0000000-7fd3c0039000 rw-p 00000000 00:00 0 
7fd3c0039000-7fd3c4000000 ---p 00000000 00:00 0 
7fd3c4000000-7fd3c4021000 rw-p 00000000 00:00 0 
7fd3c4021000-7fd3c8000000 ---p 00000000 00:00 0 
7fd3cbbf9000-7fd3cbbfb000 r-xp 00000000 08:01 13893852                   /home/alex/Documents/8vo_Semestre/Geometría Computacional/Lab/practica02p1/src/lib/libintersection.so
7fd3cbbfb000-7fd3cbdfa000 ---p 00002000 08:01 13893852                   /home/alex/Documents/8vo_Semestre/Geometría Computacional/Lab/practica02p1/src/lib/libintersection.so
7fd3cbdfa000-7fd3cbdfb000 r--p 00001000 08:01 13893852                   /home/alex/Documents/8vo_Semestre/Geometría Computacional/Lab/practica02p1/src/lib/libintersection.so
7fd3cbdfb000-7fd3cbdfc000 rw-p 00002000 08:01 13893852                   /home/alex/Documents/8vo_Semestre/Geometría Computacional/Lab/practica02p1/src/lib/libintersection.so
7fd3cbdfc000-7fd3cbdff000 r-xp 00000000 08:01 13893851                   /home/alex/Documents/8vo_Semestre/Geometría Computacional/Lab/practica02p1/src/lib/librb_tree.so
7fd3cbdff000-7fd3cbffe000 ---p 00003000 08:01 13893851                   /home/alex/Documents/8vo_Semestre/Geometría Computacional/Lab/practica02p1/src/lib/librb_tree.so
7fd3cbffe000-7fd3cbfff000 r--p 00002000 08:01 13893851                   /home/alex/Documents/8vo_Semestre/Geometría Computacional/Lab/practica02p1/src/lib/librb_tree.so
7fd3cbfff000-7fd3cc000000 rw-p 00003000 08:01 13893851                   /home/alex/Documents/8vo_Semestre/Geometría Computacional/Lab/practica02p1/src/lib/librb_tree.so
7fd3cc000000-7fd3cc021000 rw-p 00000000 00:00 0 
7fd3cc021000-7fd3d0000000 ---p 00000000 00:00 0 
7fd3d01ac000-7fd3d01ae000 r-xp 00000000 08:01 13893850                   /home/alex/Documents/8vo_Semestre/Geometría Computacional/Lab/practica02p1/src/lib/libdouble_linked_list.so
7fd3d01ae000-7fd3d03ad000 ---p 00002000 08:01 13893850                   /home/alex/Documents/8vo_Semestre/Geometría Computacional/Lab/practica02p1/src/lib/libdouble_linked_list.so
7fd3d03ad000-7fd3d03ae000 r--p 00001000 08:01 13893850                   /home/alex/Documents/8vo_Semestre/Geometría Computacional/Lab/practica02p1/src/lib/libdouble_linked_list.so
7fd3d03ae000-7fd3d03af000 rw-p 00002000 08:01 13893850                   /home/alex/Documents/8vo_Semestre/Geometría Computacional/Lab/practica02p1/src/lib/libdouble_linked_list.so
7fd3d03af000-7fd3d03b0000 r-xp 00000000 08:01 13893835                   /home/alex/Documents/8vo_Semestre/Geometría Computacional/Lab/practica02p1/src/lib/libhalf_edge.so
7fd3d03b0000-7fd3d05b0000 ---p 00001000 08:01 13893835                   /home/alex/Documents/8vo_Semestre/Geometría Computacional/Lab/practica02p1/src/lib/libhalf_edge.so
7fd3d05b0000-7fd3d05b1000 r--p 00001000 08:01 13893835                   /home/alex/Documents/8vo_Semestre/Geometría Computacional/Lab/practica02p1/src/lib/libhalf_edge.so
7fd3d05b1000-7fd3d05b2000 rw-p 00002000 08:01 13893835                   /home/alex/Documents/8vo_Semestre/Geometría Computacional/Lab/practica02p1/src/lib/libhalf_edge.so
7fd3d05b2000-7fd3d05b3000 r-xp 00000000 08:01 13893834                   /home/alex/Documents/8vo_Semestre/Geometría Computacional/Lab/practica02p1/src/lib/lib2d_points.so
7fd3d05b3000-7fd3d07b2000 ---p 00001000 08:01 13893834                   /home/alex/Documents/8vo_Semestre/Geometría Computacional/Lab/practica02p1/src/lib/lib2d_points.so
7fd3d07b2000-7fd3d07b3000 r--p 00000000 08:01 13893834                   /home/alex/Documents/8vo_Semestre/Geometría Computacional/Lab/practica02p1/src/lib/lib2d_points.so
7fd3d07b3000-7fd3d07b4000 rw-p 00001000 08:01 13893834                   /home/alex/Documents/8vo_Semestre/Geometría Computacional/Lab/practica02p1/src/lib/lib2d_points.so
7fd3d07b4000-7fd3d07b7000 ---p 00000000 00:00 0 
7fd3d07b7000-7fd3d09b5000 rw-p 00000000 00:00 0                          [stack:27057]
7fd3d09b5000-7fd3d09b8000 ---p 00000000 00:00 0 
7fd3d09b8000-7fd3d0bb6000 rw-p 00000000 00:00 0 
7fd3d0bb6000-7fd3d0bb9000 ---p 00000000 00:00 0 
7fd3d0bb9000-7fd3d0db7000 rw-p 00000000 00:00 0 
7fd3d0db7000-7fd3d0dba000 ---p 00000000 00:00 0 
7fd3d0dba000-7fd3d0fb8000 rw-p 00000000 00:00 0                          [stack:26934]
7fd3d0fb8000-7fd3d0fca000 r-xp 00000000 08:01 12059135                   /home/alex/.rbenv/versions/jruby-1.7.10/lib/jni/x86_64-Linux/libjffi-1.2.so
7fd3d0fca000-7fd3d11c9000 ---p 00012000 08:01 12059135                   /home/alex/.rbenv/versions/jruby-1.7.10/lib/jni/x86_64-Linux/libjffi-1.2.so
7fd3d11c9000-7fd3d11ca000 rw-p 00011000 08:01 12059135                   /home/alex/.rbenv/versions/jruby-1.7.10/lib/jni/x86_64-Linux/libjffi-1.2.so
7fd3d11ca000-7fd3d11da000 r-xp 00000000 08:01 15861288                   /usr/lib/jvm/java-7-openjdk-amd64/jre/lib/amd64/libnio.so
7fd3d11da000-7fd3d13da000 ---p 00010000 08:01 15861288                   /usr/lib/jvm/java-7-openjdk-amd64/jre/lib/amd64/libnio.so
7fd3d13da000-7fd3d13db000 r--p 00010000 08:01 15861288                   /usr/lib/jvm/java-7-openjdk-amd64/jre/lib/amd64/libnio.so
7fd3d13db000-7fd3d13dc000 rw-p 00011000 08:01 15861288                   /usr/lib/jvm/java-7-openjdk-amd64/jre/lib/amd64/libnio.so
7fd3d13dc000-7fd3d1419000 r-xp 00000000 08:01 8130434                    /lib/x86_64-linux-gnu/libpcre.so.3.13.1
7fd3d1419000-7fd3d1619000 ---p 0003d000 08:01 8130434                    /lib/x86_64-linux-gnu/libpcre.so.3.13.1
7fd3d1619000-7fd3d161a000 r--p 0003d000 08:01 8130434                    /lib/x86_64-linux-gnu/libpcre.so.3.13.1
7fd3d161a000-7fd3d161b000 rw-p 0003e000 08:01 8130434                    /lib/x86_64-linux-gnu/libpcre.so.3.13.1
7fd3d161b000-7fd3d1622000 r-xp 00000000 08:01 15735894                   /usr/lib/x86_64-linux-gnu/libffi.so.6.0.1
7fd3d1622000-7fd3d1821000 ---p 00007000 08:01 15735894                   /usr/lib/x86_64-linux-gnu/libffi.so.6.0.1
7fd3d1821000-7fd3d1822000 r--p 00006000 08:01 15735894                   /usr/lib/x86_64-linux-gnu/libffi.so.6.0.1
7fd3d1822000-7fd3d1823000 rw-p 00007000 08:01 15735894                   /usr/lib/x86_64-linux-gnu/libffi.so.6.0.1
7fd3d1823000-7fd3d1839000 r-xp 00000000 08:01 8130457                    /lib/x86_64-linux-gnu/libresolv-2.17.so
7fd3d1839000-7fd3d1a39000 ---p 00016000 08:01 8130457                    /lib/x86_64-linux-gnu/libresolv-2.17.so
7fd3d1a39000-7fd3d1a3a000 r--p 00016000 08:01 8130457                    /lib/x86_64-linux-gnu/libresolv-2.17.so
7fd3d1a3a000-7fd3d1a3b000 rw-p 00017000 08:01 8130457                    /lib/x86_64-linux-gnu/libresolv-2.17.so
7fd3d1a3b000-7fd3d1a3d000 rw-p 00000000 00:00 0 
7fd3d1a3d000-7fd3d1a5c000 r-xp 00000000 08:01 8130461                    /lib/x86_64-linux-gnu/libselinux.so.1
7fd3d1a5c000-7fd3d1c5c000 ---p 0001f000 08:01 8130461                    /lib/x86_64-linux-gnu/libselinux.so.1
7fd3d1c5c000-7fd3d1c5d000 r--p 0001f000 08:01 8130461                    /lib/x86_64-linux-gnu/libselinux.so.1
7fd3d1c5d000-7fd3d1c5e000 rw-p 00020000 08:01 8130461                    /lib/x86_64-linux-gnu/libselinux.so.1
7fd3d1c5e000-7fd3d1c5f000 rw-p 00000000 00:00 0 
7fd3d1c5f000-7fd3d1c62000 r-xp 00000000 08:01 15729078                   /usr/lib/x86_64-linux-gnu/libgmodule-2.0.so.0.3800.1
7fd3d1c62000-7fd3d1e61000 ---p 00003000 08:01 15729078                   /usr/lib/x86_64-linux-gnu/libgmodule-2.0.so.0.3800.1
7fd3d1e61000-7fd3d1e62000 r--p 00002000 08:01 15729078                   /usr/lib/x86_64-linux-gnu/libgmodule-2.0.so.0.3800.1
7fd3d1e62000-7fd3d1e63000 rw-p 00003000 08:01 15729078                   /usr/lib/x86_64-linux-gnu/libgmodule-2.0.so.0.3800.1
7fd3d1e63000-7fd3d1f61000 r-xp 00000000 08:01 8130449                    /lib/x86_64-linux-gnu/libglib-2.0.so.0.3800.1
7fd3d1f61000-7fd3d2161000 ---p 000fe000 08:01 8130449                    /lib/x86_64-linux-gnu/libglib-2.0.so.0.3800.1
7fd3d2161000-7fd3d2162000 r--p 000fe000 08:01 8130449                    /lib/x86_64-linux-gnu/libglib-2.0.so.0.3800.1
7fd3d2162000-7fd3d2163000 rw-p 000ff000 08:01 8130449                    /lib/x86_64-linux-gnu/libglib-2.0.so.0.3800.1
7fd3d2163000-7fd3d2164000 rw-p 00000000 00:00 0 
7fd3d2164000-7fd3d21b3000 r-xp 00000000 08:01 15729069                   /usr/lib/x86_64-linux-gnu/libgobject-2.0.so.0.3800.1
7fd3d21b3000-7fd3d23b3000 ---p 0004f000 08:01 15729069                   /usr/lib/x86_64-linux-gnu/libgobject-2.0.so.0.3800.1
7fd3d23b3000-7fd3d23b4000 r--p 0004f000 08:01 15729069                   /usr/lib/x86_64-linux-gnu/libgobject-2.0.so.0.3800.1
7fd3d23b4000-7fd3d23b5000 rw-p 00050000 08:01 15729069                   /usr/lib/x86_64-linux-gnu/libgobject-2.0.so.0.3800.1
7fd3d23b5000-7fd3d2511000 r-xp 00000000 08:01 15729043                   /usr/lib/x86_64-linux-gnu/libgio-2.0.so.0.3800.1
7fd3d2511000-7fd3d2710000 ---p 0015c000 08:01 15729043                   /usr/lib/x86_64-linux-gnu/libgio-2.0.so.0.3800.1
7fd3d2710000-7fd3d2714000 r--p 0015b000 08:01 15729043                   /usr/lib/x86_64-linux-gnu/libgio-2.0.so.0.3800.1
7fd3d2714000-7fd3d2716000 rw-p 0015f000 08:01 15729043                   /usr/lib/x86_64-linux-gnu/libgio-2.0.so.0.3800.1
7fd3d2716000-7fd3d2718000 rw-p 00000000 00:00 0 
7fd3d2718000-7fd3d272e000 r-xp 00000000 08:01 15861076                   /usr/lib/jvm/java-7-openjdk-amd64/jre/lib/amd64/libnet.so
7fd3d272e000-7fd3d292d000 ---p 00016000 08:01 15861076                   /usr/lib/jvm/java-7-openjdk-amd64/jre/lib/amd64/libnet.so
7fd3d292d000-7fd3d292e000 r--p 00015000 08:01 15861076                   /usr/lib/jvm/java-7-openjdk-amd64/jre/lib/amd64/libnet.so
7fd3d292e000-7fd3d292f000 rw-p 00016000 08:01 15861076                   /usr/lib/jvm/java-7-openjdk-amd64/jre/lib/amd64/libnet.so
7fd3d292f000-7fd3d2932000 ---p 00000000 00:00 0 
7fd3d2932000-7fd3d4000000 rw-p 00000000 00:00 0                          [stack:26932]
7fd3d4000000-7fd3d4021000 rw-p 00000000 00:00 0 
7fd3d4021000-7fd3d8000000 ---p 00000000 00:00 0 
7fd3d80fe000-7fd3d80ff000 ---p 00000000 00:00 0 
7fd3d80ff000-7fd3d81ff000 rw-p 00000000 00:00 0                          [stack:26933]
7fd3d81ff000-7fd3d8202000 ---p 00000000 00:00 0 
7fd3d8202000-7fd3d8300000 rw-p 00000000 00:00 0                          [stack:26931]
7fd3d8300000-7fd3d8303000 ---p 00000000 00:00 0 
7fd3d8303000-7fd3d8401000 rw-p 00000000 00:00 0                          [stack:26930]
7fd3d8401000-7fd3d8404000 ---p 00000000 00:00 0 
7fd3d8404000-7fd3d8602000 rw-p 00000000 00:00 0                          [stack:26929]
7fd3d8602000-7fd3d89fc000 r--p 00000000 08:01 15734328                   /usr/lib/locale/locale-archive
7fd3d89fc000-7fd3d89ff000 ---p 00000000 00:00 0 
7fd3d89ff000-7fd3d8bfd000 rw-p 00000000 00:00 0                          [stack:26928]
7fd3d8bfd000-7fd3d8c00000 ---p 00000000 00:00 0 
7fd3d8c00000-7fd3d8dfe000 rw-p 00000000 00:00 0                          [stack:26927]
7fd3d8dfe000-7fd3d8dff000 ---p 00000000 00:00 0 
7fd3d8dff000-7fd3d9000000 rw-p 00000000 00:00 0                          [stack:26926]
7fd3d9000000-7fd3d9270000 rwxp 00000000 00:00 0 
7fd3d9270000-7fd3dc4fa000 rw-p 00000000 00:00 0 
7fd3dc4fa000-7fd3e0000000 ---p 00000000 00:00 0 
7fd3e007a000-7fd3e007b000 rw-p 00000000 00:00 0 
7fd3e007b000-7fd3e007e000 ---p 00000000 00:00 0 
7fd3e007e000-7fd3e00b4000 rw-p 00000000 00:00 0                          [stack:26937]
7fd3e00b4000-7fd3e00b5000 r-xp 00000000 00:00 0 
7fd3e00b5000-7fd3e00bc000 r--s 00000000 08:01 16127910                   /usr/lib/x86_64-linux-gnu/gconv/gconv-modules.cache
7fd3e00bc000-7fd3e00be000 r--s 00012000 08:01 15861308                   /usr/lib/jvm/java-7-openjdk-amd64/jre/lib/ext/zipfs.jar
7fd3e00be000-7fd3e00c1000 r--s 00032000 08:01 15861310                   /usr/lib/jvm/java-7-openjdk-amd64/jre/lib/ext/sunjce_provider.jar
7fd3e00c1000-7fd3e00c5000 r--s 00085000 08:01 15861304                   /usr/lib/jvm/java-7-openjdk-amd64/jre/lib/ext/localedata.jar
7fd3e00c5000-7fd3e00c7000 r--s 00006000 08:01 16256853                   /usr/share/java/java-atk-wrapper.jar
7fd3e00c7000-7fd3e00c8000 r--s 00002000 08:01 15861314                   /usr/lib/jvm/java-7-openjdk-amd64/jre/lib/ext/dnsns.jar
7fd3e00c8000-7fd3e00cb000 r--s 0000f000 08:01 15861306                   /usr/lib/jvm/java-7-openjdk-amd64/jre/lib/ext/pulse-java.jar
7fd3e00cb000-7fd3e00cf000 r--s 0003b000 08:01 15861316                   /usr/lib/jvm/java-7-openjdk-amd64/jre/lib/ext/sunpkcs11.jar
7fd3e00cf000-7fd3e0f8a000 rw-p 00000000 00:00 0 
7fd3e0f8a000-7fd3e1073000 r--s 00bb9000 08:01 12059138                   /home/alex/.rbenv/versions/jruby-1.7.10/lib/jruby.jar
7fd3e1073000-7fd3e10bb000 rw-p 00000000 00:00 0 
7fd3e10bb000-7fd3e1269000 r--s 01cf4000 08:01 15861374                   /usr/lib/jvm/java-7-openjdk-amd64/jre/lib/rt.jar
7fd3e1269000-7fd3e14af000 rw-p 00000000 00:00 0 
7fd3e14af000-7fd3e14b0000 ---p 00000000 00:00 0 
7fd3e14b0000-7fd3e15b0000 rw-p 00000000 00:00 0                          [stack:26925]
7fd3e15b0000-7fd3e15b1000 ---p 00000000 00:00 0 
7fd3e15b1000-7fd3e16b1000 rw-p 00000000 00:00 0                          [stack:26924]
7fd3e16b1000-7fd3e16b2000 ---p 00000000 00:00 0 
7fd3e16b2000-7fd3e17b2000 rw-p 00000000 00:00 0                          [stack:26923]
7fd3e17b2000-7fd3e17b3000 ---p 00000000 00:00 0 
7fd3e17b3000-7fd3e18c0000 rw-p 00000000 00:00 0                          [stack:26922]
7fd3e18c0000-7fd3e1906000 rw-p 00000000 00:00 0 
7fd3e1906000-7fd3e1919000 rw-p 00000000 00:00 0 
7fd3e1919000-7fd3e19ac000 rw-p 00000000 00:00 0 
7fd3e19ac000-7fd3e19be000 rw-p 00000000 00:00 0 
7fd3e19be000-7fd3e1a00000 rw-p 00000000 00:00 0 
7fd3e1a00000-7fd3e1a01000 rw-p 00000000 00:00 0 
7fd3e1a01000-7fd3e1a09000 r-xp 00000000 08:01 15861025                   /usr/lib/jvm/java-7-openjdk-amd64/jre/lib/amd64/libzip.so
7fd3e1a09000-7fd3e1c08000 ---p 00008000 08:01 15861025                   /usr/lib/jvm/java-7-openjdk-amd64/jre/lib/amd64/libzip.so
7fd3e1c08000-7fd3e1c09000 r--p 00007000 08:01 15861025                   /usr/lib/jvm/java-7-openjdk-amd64/jre/lib/amd64/libzip.so
7fd3e1c09000-7fd3e1c0a000 rw-p 00008000 08:01 15861025                   /usr/lib/jvm/java-7-openjdk-amd64/jre/lib/amd64/libzip.so
7fd3e1c0a000-7fd3e1c16000 r-xp 00000000 08:01 8130412                    /lib/x86_64-linux-gnu/libnss_files-2.17.so
7fd3e1c16000-7fd3e1e15000 ---p 0000c000 08:01 8130412                    /lib/x86_64-linux-gnu/libnss_files-2.17.so
7fd3e1e15000-7fd3e1e16000 r--p 0000b000 08:01 8130412                    /lib/x86_64-linux-gnu/libnss_files-2.17.so
7fd3e1e16000-7fd3e1e17000 rw-p 0000c000 08:01 8130412                    /lib/x86_64-linux-gnu/libnss_files-2.17.so
7fd3e1e17000-7fd3e1e22000 r-xp 00000000 08:01 8130416                    /lib/x86_64-linux-gnu/libnss_nis-2.17.so
7fd3e1e22000-7fd3e2021000 ---p 0000b000 08:01 8130416                    /lib/x86_64-linux-gnu/libnss_nis-2.17.so
7fd3e2021000-7fd3e2022000 r--p 0000a000 08:01 8130416                    /lib/x86_64-linux-gnu/libnss_nis-2.17.so
7fd3e2022000-7fd3e2023000 rw-p 0000b000 08:01 8130416                    /lib/x86_64-linux-gnu/libnss_nis-2.17.so
7fd3e2023000-7fd3e203a000 r-xp 00000000 08:01 8130406                    /lib/x86_64-linux-gnu/libnsl-2.17.so
7fd3e203a000-7fd3e2239000 ---p 00017000 08:01 8130406                    /lib/x86_64-linux-gnu/libnsl-2.17.so
7fd3e2239000-7fd3e223a000 r--p 00016000 08:01 8130406                    /lib/x86_64-linux-gnu/libnsl-2.17.so
7fd3e223a000-7fd3e223b000 rw-p 00017000 08:01 8130406                    /lib/x86_64-linux-gnu/libnsl-2.17.so
7fd3e223b000-7fd3e223d000 rw-p 00000000 00:00 0 
7fd3e223d000-7fd3e2245000 r-xp 00000000 08:01 8130408                    /lib/x86_64-linux-gnu/libnss_compat-2.17.so
7fd3e2245000-7fd3e2444000 ---p 00008000 08:01 8130408                    /lib/x86_64-linux-gnu/libnss_compat-2.17.so
7fd3e2444000-7fd3e2445000 r--p 00007000 08:01 8130408                    /lib/x86_64-linux-gnu/libnss_compat-2.17.so
7fd3e2445000-7fd3e2446000 rw-p 00008000 08:01 8130408                    /lib/x86_64-linux-gnu/libnss_compat-2.17.so
7fd3e2446000-7fd3e2471000 r-xp 00000000 08:01 15860951                   /usr/lib/jvm/java-7-openjdk-amd64/jre/lib/amd64/libjava.so
7fd3e2471000-7fd3e2670000 ---p 0002b000 08:01 15860951                   /usr/lib/jvm/java-7-openjdk-amd64/jre/lib/amd64/libjava.so
7fd3e2670000-7fd3e2671000 r--p 0002a000 08:01 15860951                   /usr/lib/jvm/java-7-openjdk-amd64/jre/lib/amd64/libjava.so
7fd3e2671000-7fd3e2673000 rw-p 0002b000 08:01 15860951                   /usr/lib/jvm/java-7-openjdk-amd64/jre/lib/amd64/libjava.so
7fd3e2673000-7fd3e2683000 r-xp 00000000 08:01 15861265                   /usr/lib/jvm/java-7-openjdk-amd64/jre/lib/amd64/libverify.so
7fd3e2683000-7fd3e2882000 ---p 00010000 08:01 15861265                   /usr/lib/jvm/java-7-openjdk-amd64/jre/lib/amd64/libverify.so
7fd3e2882000-7fd3e2884000 r--p 0000f000 08:01 15861265                   /usr/lib/jvm/java-7-openjdk-amd64/jre/lib/amd64/libverify.so
7fd3e2884000-7fd3e2885000 rw-p 00011000 08:01 15861265                   /usr/lib/jvm/java-7-openjdk-amd64/jre/lib/amd64/libverify.so
7fd3e2885000-7fd3e288c000 r-xp 00000000 08:01 8130459                    /lib/x86_64-linux-gnu/librt-2.17.so
7fd3e288c000-7fd3e2a8b000 ---p 00007000 08:01 8130459                    /lib/x86_64-linux-gnu/librt-2.17.so
7fd3e2a8b000-7fd3e2a8c000 r--p 00006000 08:01 8130459                    /lib/x86_64-linux-gnu/librt-2.17.so
7fd3e2a8c000-7fd3e2a8d000 rw-p 00007000 08:01 8130459                    /lib/x86_64-linux-gnu/librt-2.17.so
7fd3e2a8d000-7fd3e2a90000 ---p 00000000 00:00 0 
7fd3e2a90000-7fd3e2c8e000 rw-p 00000000 00:00 0                          [stack:26921]
7fd3e2c8e000-7fd3e2ca3000 r-xp 00000000 08:01 8126477                    /lib/x86_64-linux-gnu/libgcc_s.so.1
7fd3e2ca3000-7fd3e2ea2000 ---p 00015000 08:01 8126477                    /lib/x86_64-linux-gnu/libgcc_s.so.1
7fd3e2ea2000-7fd3e2ea3000 r--p 00014000 08:01 8126477                    /lib/x86_64-linux-gnu/libgcc_s.so.1
7fd3e2ea3000-7fd3e2ea4000 rw-p 00015000 08:01 8126477                    /lib/x86_64-linux-gnu/libgcc_s.so.1
7fd3e2ea4000-7fd3e2fa7000 r-xp 00000000 08:01 8130387                    /lib/x86_64-linux-gnu/libm-2.17.so
7fd3e2fa7000-7fd3e31a6000 ---p 00103000 08:01 8130387                    /lib/x86_64-linux-gnu/libm-2.17.so
7fd3e31a6000-7fd3e31a7000 r--p 00102000 08:01 8130387                    /lib/x86_64-linux-gnu/libm-2.17.so
7fd3e31a7000-7fd3e31a8000 rw-p 00103000 08:01 8130387                    /lib/x86_64-linux-gnu/libm-2.17.so
7fd3e31a8000-7fd3e328e000 r-xp 00000000 08:01 15729831                   /usr/lib/x86_64-linux-gnu/libstdc++.so.6.0.18
7fd3e328e000-7fd3e348d000 ---p 000e6000 08:01 15729831                   /usr/lib/x86_64-linux-gnu/libstdc++.so.6.0.18
7fd3e348d000-7fd3e3495000 r--p 000e5000 08:01 15729831                   /usr/lib/x86_64-linux-gnu/libstdc++.so.6.0.18
7fd3e3495000-7fd3e3497000 rw-p 000ed000 08:01 15729831                   /usr/lib/x86_64-linux-gnu/libstdc++.so.6.0.18
7fd3e3497000-7fd3e34ac000 rw-p 00000000 00:00 0 
7fd3e34ac000-7fd3e3f8b000 r-xp 00000000 08:01 15861284                   /usr/lib/jvm/java-7-openjdk-amd64/jre/lib/amd64/server/libjvm.so
7fd3e3f8b000-7fd3e418a000 ---p 00adf000 08:01 15861284                   /usr/lib/jvm/java-7-openjdk-amd64/jre/lib/amd64/server/libjvm.so
7fd3e418a000-7fd3e421c000 r--p 00ade000 08:01 15861284                   /usr/lib/jvm/java-7-openjdk-amd64/jre/lib/amd64/server/libjvm.so
7fd3e421c000-7fd3e423f000 rw-p 00b70000 08:01 15861284                   /usr/lib/jvm/java-7-openjdk-amd64/jre/lib/amd64/server/libjvm.so
7fd3e423f000-7fd3e426c000 rw-p 00000000 00:00 0 
7fd3e426c000-7fd3e4284000 r-xp 00000000 08:01 8130494                    /lib/x86_64-linux-gnu/libz.so.1.2.8
7fd3e4284000-7fd3e4483000 ---p 00018000 08:01 8130494                    /lib/x86_64-linux-gnu/libz.so.1.2.8
7fd3e4483000-7fd3e4484000 r--p 00017000 08:01 8130494                    /lib/x86_64-linux-gnu/libz.so.1.2.8
7fd3e4484000-7fd3e4485000 rw-p 00018000 08:01 8130494                    /lib/x86_64-linux-gnu/libz.so.1.2.8
7fd3e4485000-7fd3e449c000 r-xp 00000000 08:01 8130451                    /lib/x86_64-linux-gnu/libpthread-2.17.so
7fd3e449c000-7fd3e469c000 ---p 00017000 08:01 8130451                    /lib/x86_64-linux-gnu/libpthread-2.17.so
7fd3e469c000-7fd3e469d000 r--p 00017000 08:01 8130451                    /lib/x86_64-linux-gnu/libpthread-2.17.so
7fd3e469d000-7fd3e469e000 rw-p 00018000 08:01 8130451                    /lib/x86_64-linux-gnu/libpthread-2.17.so
7fd3e469e000-7fd3e46a2000 rw-p 00000000 00:00 0 
7fd3e46a2000-7fd3e46a5000 r-xp 00000000 08:01 8130351                    /lib/x86_64-linux-gnu/libdl-2.17.so
7fd3e46a5000-7fd3e48a4000 ---p 00003000 08:01 8130351                    /lib/x86_64-linux-gnu/libdl-2.17.so
7fd3e48a4000-7fd3e48a5000 r--p 00002000 08:01 8130351                    /lib/x86_64-linux-gnu/libdl-2.17.so
7fd3e48a5000-7fd3e48a6000 rw-p 00003000 08:01 8130351                    /lib/x86_64-linux-gnu/libdl-2.17.so
7fd3e48a6000-7fd3e4a63000 r-xp 00000000 08:01 8130336                    /lib/x86_64-linux-gnu/libc-2.17.so
7fd3e4a63000-7fd3e4c63000 ---p 001bd000 08:01 8130336                    /lib/x86_64-linux-gnu/libc-2.17.so
7fd3e4c63000-7fd3e4c67000 r--p 001bd000 08:01 8130336                    /lib/x86_64-linux-gnu/libc-2.17.so
7fd3e4c67000-7fd3e4c69000 rw-p 001c1000 08:01 8130336                    /lib/x86_64-linux-gnu/libc-2.17.so
7fd3e4c69000-7fd3e4c6e000 rw-p 00000000 00:00 0 
7fd3e4c6e000-7fd3e4c7b000 r-xp 00000000 08:01 15861291                   /usr/lib/jvm/java-7-openjdk-amd64/jre/lib/amd64/jli/libjli.so
7fd3e4c7b000-7fd3e4e7a000 ---p 0000d000 08:01 15861291                   /usr/lib/jvm/java-7-openjdk-amd64/jre/lib/amd64/jli/libjli.so
7fd3e4e7a000-7fd3e4e7b000 r--p 0000c000 08:01 15861291                   /usr/lib/jvm/java-7-openjdk-amd64/jre/lib/amd64/jli/libjli.so
7fd3e4e7b000-7fd3e4e7c000 rw-p 0000d000 08:01 15861291                   /usr/lib/jvm/java-7-openjdk-amd64/jre/lib/amd64/jli/libjli.so
7fd3e4e7c000-7fd3e4e9f000 r-xp 00000000 08:01 8130312                    /lib/x86_64-linux-gnu/ld-2.17.so
7fd3e4e9f000-7fd3e4ea4000 r--s 0004c000 08:01 15861296                   /usr/lib/jvm/java-7-openjdk-amd64/jre/lib/jsse.jar
7fd3e4ea4000-7fd3e4ed2000 rw-p 00000000 00:00 0 
7fd3e4ed2000-7fd3e4f18000 rw-p 00000000 00:00 0 
7fd3e4f18000-7fd3e4f2b000 rw-p 00000000 00:00 0 
7fd3e4f2b000-7fd3e4fbf000 rw-p 00000000 00:00 0 
7fd3e4fbf000-7fd3e4fc9000 rw-p 00000000 00:00 0 
7fd3e4fc9000-7fd3e507f000 rw-p 00000000 00:00 0 
7fd3e507f000-7fd3e5092000 rw-p 00000000 00:00 0 
7fd3e5092000-7fd3e509a000 rw-s 00000000 08:01 5767366                    /tmp/hsperfdata_alex/26896
7fd3e509a000-7fd3e509b000 rw-p 00000000 00:00 0 
7fd3e509b000-7fd3e509c000 r--p 00000000 00:00 0 
7fd3e509c000-7fd3e509e000 rw-p 00000000 00:00 0 
7fd3e509e000-7fd3e509f000 r--p 00022000 08:01 8130312                    /lib/x86_64-linux-gnu/ld-2.17.so
7fd3e509f000-7fd3e50a1000 rw-p 00023000 08:01 8130312                    /lib/x86_64-linux-gnu/ld-2.17.so
7fff530d1000-7fff530f2000 rw-p 00000000 00:00 0                          [stack]
7fff5313e000-7fff53140000 r-xp 00000000 00:00 0                          [vdso]
ffffffffff600000-ffffffffff601000 r-xp 00000000 00:00 0                  [vsyscall]

VM Arguments:
jvm_args: -Djdk.home= -Djruby.home=/home/alex/.rbenv/versions/jruby-1.7.10 -Djruby.script=jruby -Djruby.shell=/bin/sh -Djffi.boot.library.path=/home/alex/.rbenv/versions/jruby-1.7.10/lib/jni:/home/alex/.rbenv/versions/jruby-1.7.10/lib/jni/i386-Linux:/home/alex/.rbenv/versions/jruby-1.7.10/lib/jni/arm-Linux:/home/alex/.rbenv/versions/jruby-1.7.10/lib/jni/x86_64-Linux -Xmx500m -Xss2048k -Xbootclasspath/a:/home/alex/.rbenv/versions/jruby-1.7.10/lib/jruby.jar 
java_command: org/jruby/Main Makefile.rb clean compile test clean
Launcher Type: SUN_STANDARD

Environment Variables:
PATH=/home/alex/.rbenv/versions/jruby-1.7.10/bin:/home/alex/.rbenv/libexec:/home/alex/.rbenv/plugins/ruby-build/bin:/home/alex/.rbenv/shims:~/.rbenv/bin:~/.rbenv/bin:/usr/local/sbin:/usr/local/bin:/usr/sbin:/usr/bin:/sbin:/bin:/usr/games:/usr/local/games
USERNAME=alex
SHELL=/bin/bash
DISPLAY=:0

Signal Handlers:
SIGSEGV: [libjvm.so+0x916ea0], sa_mask[0]=0x7ffbfeff, sa_flags=0x10000004
SIGBUS: [libjvm.so+0x916ea0], sa_mask[0]=0x7ffbfeff, sa_flags=0x10000004
SIGFPE: [libjvm.so+0x794800], sa_mask[0]=0x7ffbfeff, sa_flags=0x10000004
SIGPIPE: [libjvm.so+0x794800], sa_mask[0]=0x7ffbfeff, sa_flags=0x10000004
SIGXFSZ: [libjvm.so+0x794800], sa_mask[0]=0x7ffbfeff, sa_flags=0x10000004
SIGILL: [libjvm.so+0x794800], sa_mask[0]=0x7ffbfeff, sa_flags=0x10000004
SIGUSR1: SIG_DFL, sa_mask[0]=0x00000000, sa_flags=0x00000000
SIGUSR2: [libjvm.so+0x7946a0], sa_mask[0]=0x00000000, sa_flags=0x10000004
SIGHUP: [libjvm.so+0x794880], sa_mask[0]=0x7ffbfeff, sa_flags=0x10000004
SIGINT: [libjvm.so+0x794880], sa_mask[0]=0x7ffbfeff, sa_flags=0x10000004
SIGTERM: [libjvm.so+0x794880], sa_mask[0]=0x7ffbfeff, sa_flags=0x10000004
SIGQUIT: [libjvm.so+0x794880], sa_mask[0]=0x7ffbfeff, sa_flags=0x10000004


---------------  S Y S T E M  ---------------

OS:LinuxMint 16 (petra)
uname:Linux 3.11.0-12-generic #19-Ubuntu SMP Wed Oct 9 16:20:46 UTC 2013 x86_64
libc:glibc 2.17 NPTL 2.17 
rlimit: STACK 8192k, CORE 0k, NPROC 28798, NOFILE 4096, AS infinity
load average:0,89 0,69 0,58

/proc/meminfo:
MemTotal:        3715476 kB
MemFree:         1132700 kB
Buffers:          101516 kB
Cached:          1255856 kB
SwapCached:           28 kB
Active:          1521316 kB
Inactive:         864636 kB
Active(anon):     919496 kB
Inactive(anon):   347516 kB
Active(file):     601820 kB
Inactive(file):   517120 kB
Unevictable:          44 kB
Mlocked:              44 kB
SwapTotal:       3856380 kB
SwapFree:        3855740 kB
Dirty:               640 kB
Writeback:             0 kB
AnonPages:       1028408 kB
Mapped:           192752 kB
Shmem:            238428 kB
Slab:             115372 kB
SReclaimable:      86916 kB
SUnreclaim:        28456 kB
KernelStack:        3824 kB
PageTables:        29204 kB
NFS_Unstable:          0 kB
Bounce:                0 kB
WritebackTmp:          0 kB
CommitLimit:     5714116 kB
Committed_AS:    3821612 kB
VmallocTotal:   34359738367 kB
VmallocUsed:      414940 kB
VmallocChunk:   34359311484 kB
HardwareCorrupted:     0 kB
AnonHugePages:         0 kB
HugePages_Total:       0
HugePages_Free:        0
HugePages_Rsvd:        0
HugePages_Surp:        0
Hugepagesize:       2048 kB
DirectMap4k:       56528 kB
DirectMap2M:     3801088 kB


CPU:total 4 (2 cores per cpu, 2 threads per core) family 6 model 37 stepping 5, cmov, cx8, fxsr, mmx, sse, sse2, sse3, ssse3, sse4.1, sse4.2, popcnt, ht, tsc, tscinvbit

/proc/cpuinfo:
processor	: 0
vendor_id	: GenuineIntel
cpu family	: 6
model		: 37
model name	: Intel(R) Core(TM) i3 CPU       M 380  @ 2.53GHz
stepping	: 5
microcode	: 0x2
cpu MHz		: 933.000
cache size	: 3072 KB
physical id	: 0
siblings	: 4
core id		: 0
cpu cores	: 2
apicid		: 0
initial apicid	: 0
fpu		: yes
fpu_exception	: yes
cpuid level	: 11
wp		: yes
flags		: fpu vme de pse tsc msr pae mce cx8 apic sep mtrr pge mca cmov pat pse36 clflush dts acpi mmx fxsr sse sse2 ss ht tm pbe syscall nx rdtscp lm constant_tsc arch_perfmon pebs bts rep_good nopl xtopology nonstop_tsc aperfmperf pni dtes64 monitor ds_cpl vmx est tm2 ssse3 cx16 xtpr pdcm pcid sse4_1 sse4_2 popcnt lahf_lm arat dtherm tpr_shadow vnmi flexpriority ept vpid
bogomips	: 5054.41
clflush size	: 64
cache_alignment	: 64
address sizes	: 36 bits physical, 48 bits virtual
power management:

processor	: 1
vendor_id	: GenuineIntel
cpu family	: 6
model		: 37
model name	: Intel(R) Core(TM) i3 CPU       M 380  @ 2.53GHz
stepping	: 5
microcode	: 0x2
cpu MHz		: 933.000
cache size	: 3072 KB
physical id	: 0
siblings	: 4
core id		: 0
cpu cores	: 2
apicid		: 1
initial apicid	: 1
fpu		: yes
fpu_exception	: yes
cpuid level	: 11
wp		: yes
flags		: fpu vme de pse tsc msr pae mce cx8 apic sep mtrr pge mca cmov pat pse36 clflush dts acpi mmx fxsr sse sse2 ss ht tm pbe syscall nx rdtscp lm constant_tsc arch_perfmon pebs bts rep_good nopl xtopology nonstop_tsc aperfmperf pni dtes64 monitor ds_cpl vmx est tm2 ssse3 cx16 xtpr pdcm pcid sse4_1 sse4_2 popcnt lahf_lm arat dtherm tpr_shadow vnmi flexpriority ept vpid
bogomips	: 5054.41
clflush size	: 64
cache_alignment	: 64
address sizes	: 36 bits physical, 48 bits virtual
power management:

processor	: 2
vendor_id	: GenuineIntel
cpu family	: 6
model		: 37
model name	: Intel(R) Core(TM) i3 CPU       M 380  @ 2.53GHz
stepping	: 5
microcode	: 0x2
cpu MHz		: 933.000
cache size	: 3072 KB
physical id	: 0
siblings	: 4
core id		: 2
cpu cores	: 2
apicid		: 4
initial apicid	: 4
fpu		: yes
fpu_exception	: yes
cpuid level	: 11
wp		: yes
flags		: fpu vme de pse tsc msr pae mce cx8 apic sep mtrr pge mca cmov pat pse36 clflush dts acpi mmx fxsr sse sse2 ss ht tm pbe syscall nx rdtscp lm constant_tsc arch_perfmon pebs bts rep_good nopl xtopology nonstop_tsc aperfmperf pni dtes64 monitor ds_cpl vmx est tm2 ssse3 cx16 xtpr pdcm pcid sse4_1 sse4_2 popcnt lahf_lm arat dtherm tpr_shadow vnmi flexpriority ept vpid
bogomips	: 5054.41
clflush size	: 64
cache_alignment	: 64
address sizes	: 36 bits physical, 48 bits virtual
power management:

processor	: 3
vendor_id	: GenuineIntel
cpu family	: 6
model		: 37
model name	: Intel(R) Core(TM) i3 CPU       M 380  @ 2.53GHz
stepping	: 5
microcode	: 0x2
cpu MHz		: 933.000
cache size	: 3072 KB
physical id	: 0
siblings	: 4
core id		: 2
cpu cores	: 2
apicid		: 5
initial apicid	: 5
fpu		: yes
fpu_exception	: yes
cpuid level	: 11
wp		: yes
flags		: fpu vme de pse tsc msr pae mce cx8 apic sep mtrr pge mca cmov pat pse36 clflush dts acpi mmx fxsr sse sse2 ss ht tm pbe syscall nx rdtscp lm constant_tsc arch_perfmon pebs bts rep_good nopl xtopology nonstop_tsc aperfmperf pni dtes64 monitor ds_cpl vmx est tm2 ssse3 cx16 xtpr pdcm pcid sse4_1 sse4_2 popcnt lahf_lm arat dtherm tpr_shadow vnmi flexpriority ept vpid
bogomips	: 5054.41
clflush size	: 64
cache_alignment	: 64
address sizes	: 36 bits physical, 48 bits virtual
power management:



Memory: 4k page, physical 3715476k(1132700k free), swap 3856380k(3855740k free)

vm_info: OpenJDK 64-Bit Server VM (24.45-b08) for linux-amd64 JRE (1.7.0_51-b00), built on Jan 15 2014 22:02:57 by "buildd" with gcc 4.8.1

time: Mon Apr 21 23:41:48 2014
elapsed time: 10 seconds

