#
# A fatal error has been detected by the Java Runtime Environment:
#
#  SIGSEGV (0xb) at pc=0x00007f4ffb1eec8c, pid=14415, tid=139981877995264
#
# JRE version: OpenJDK Runtime Environment (7.0_51) (build 1.7.0_51-b00)
# Java VM: OpenJDK 64-Bit Server VM (24.45-b08 mixed mode linux-amd64 compressed oops)
# Problematic frame:
# C  [libintersection.so+0x1c8c]  rb_min_node+0x42
#
# Failed to write core dump. Core dumps have been disabled. To enable core dumping, try "ulimit -c unlimited" before starting Java again
#
# If you would like to submit a bug report, please include
# instructions on how to reproduce the bug and visit:
#   http://icedtea.classpath.org/bugzilla
# The crash happened outside the Java Virtual Machine in native code.
# See problematic frame for where to report the bug.
#

---------------  T H R E A D  ---------------

Current thread (0x00007f500c00a800):  JavaThread "main" [_thread_in_native, id=14440, stack(0x00007f5011fce000,0x00007f50121cf000)]

siginfo:si_signo=SIGSEGV: si_errno=0, si_code=1 (SEGV_MAPERR), si_addr=0x0000000000000001

Registers:
RAX=0x0000000000000001, RBX=0x00000000d79ae250, RCX=0x00007f500c000020, RDX=0x0000000000000001
RSP=0x00007f50121cbfe0, RBP=0x00007f50121cbfe0, RSI=0x00007f500c4924b0, RDI=0x00000000e0ee9248
R8 =0x0000000000000000, R9 =0x00000000d7dc0128, R10=0x00007f50121cbd90, R11=0x00007f4ffb1eec4a
R12=0x0000000000000000, R13=0x00000000d79ae250, R14=0x00007f50121cc168, R15=0x00007f500c00a800
RIP=0x00007f4ffb1eec8c, EFLAGS=0x0000000000010283, CSGSFS=0x0000000000000033, ERR=0x0000000000000004
  TRAPNO=0x000000000000000e

Top of Stack: (sp=0x00007f50121cbfe0)
0x00007f50121cbfe0:   00007f50121cc010 00007f4ffb1ef16d
0x00007f50121cbff0:   00007f50121cc068 00007f50121cc068
0x00007f50121cc000:   00000000d7dc0128 00007f500c481b30
0x00007f50121cc010:   00007f50121cc030 00007f4ffb1eed71
0x00007f50121cc020:   00000000d7dc0128 00007f50121cc068
0x00007f50121cc030:   00007f50121cc080 00007f4ffb1efa62
0x00007f50121cc040:   00007f50121cc0b0 00007f500c487840
0x00007f50121cc050:   00007f50121cc068 00007f500c4924c0
0x00007f50121cc060:   00000000e1252d20 00000000e0ee9248
0x00007f50121cc070:   00007f50121cc070 00000000d69ffdfd
0x00007f50121cc080:   00007f500c422870 00007f50005c1cd9
0x00007f50121cc090:   00000000d7d32b18 00000000d79ae250
0x00007f50121cc0a0:   00007f50121cc120 00007f5009012738
0x00007f50121cc0b0:   00007f50121cc110 00007f5009006233
0x00007f50121cc0c0:   00000000e1252d20 00000000e14a7ba0
0x00007f50121cc0d0:   00007f50121cc0d0 00000000d69ff00f
0x00007f50121cc0e0:   00007f50121cc0e0 0000000000000000
0x00007f50121cc0f0:   00007f50121cc168 00000000d79b6778
0x00007f50121cc100:   0000000000000000 00000000d79ae250
0x00007f50121cc110:   0000000000000000 00007f50121cc140
0x00007f50121cc120:   00007f50121cc1b0 00007f5009006175
0x00007f50121cc130:   00000000e11698f0 00007f500900ecd7
0x00007f50121cc140:   00007f500c487840 00007f50090bd1ec
0x00007f50121cc150:   00007f4ffb1ef953 00000000e1225898
0x00007f50121cc160:   00007f500c422870 0000000000000000
0x00007f50121cc170:   00007f50121cc170 00000000d7aab0b7
0x00007f50121cc180:   00007f50121cc1e8 00000000d7ab7310
0x00007f50121cc190:   00000000d7ede2b0 00000000d7aab0f8
0x00007f50121cc1a0:   00007f50121cc140 00007f50121cc1c0
0x00007f50121cc1b0:   00007f50121cc238 00007f5009006175
0x00007f50121cc1c0:   00007f500c487840 00000000f594c6f0
0x00007f50121cc1d0:   00007f4ffb1ef953 0000000000000000 

Instructions: (pc=0x00007f4ffb1eec8c)
0x00007f4ffb1eec6c:   23 20 00 48 39 45 f8 75 06 48 8b 45 f8 eb 24 eb
0x00007f4ffb1eec7c:   0b 48 8b 45 f8 48 8b 00 48 89 45 f8 48 8b 45 f8
0x00007f4ffb1eec8c:   48 8b 10 48 8b 05 4a 23 20 00 48 39 c2 75 e2 48
0x00007f4ffb1eec9c:   8b 45 f8 5d c3 55 48 89 e5 48 89 7d e8 48 8b 45 

Register to memory mapping:

RAX=0x0000000000000001 is an unknown value
RBX=0x00000000d79ae250 is an oop
{method} 
 - klass: {other class}
RCX=0x00007f500c000020 is an unknown value
RDX=0x0000000000000001 is an unknown value
RSP=0x00007f50121cbfe0 is pointing into the stack for thread: 0x00007f500c00a800
RBP=0x00007f50121cbfe0 is pointing into the stack for thread: 0x00007f500c00a800
RSI=0x00007f500c4924b0 is an unknown value
RDI=0x00000000e0ee9248 is an oop
java.util.concurrent.ConcurrentHashMap 
 - klass: 'java/util/concurrent/ConcurrentHashMap'
R8 =0x0000000000000000 is an unknown value
R9 =0x00000000d7dc0128 is an oop
{instance class} 
 - klass: {other class}
R10=0x00007f50121cbd90 is pointing into the stack for thread: 0x00007f500c00a800
R11=0x00007f4ffb1eec4a: rb_min_node+0 in lib/libintersection.so at 0x00007f4ffb1ed000
R12=0x0000000000000000 is an unknown value
R13=0x00000000d79ae250 is an oop
{method} 
 - klass: {other class}
R14=0x00007f50121cc168 is pointing into the stack for thread: 0x00007f500c00a800
R15=0x00007f500c00a800 is a thread


Stack: [0x00007f5011fce000,0x00007f50121cf000],  sp=0x00007f50121cbfe0,  free space=2039k
Native frames: (J=compiled Java code, j=interpreted, Vv=VM code, C=native code)
C  [libintersection.so+0x1c8c]  rb_min_node+0x42
C  [libintersection.so+0x216d]  rb_min+0x32
C  [libintersection.so+0x1d71]  destroy_rb_tree+0x23
C  [libintersection.so+0x2a62]  find_intersections+0x10f

Java frames: (J=compiled Java code, j=interpreted, Vv=VM code)
j  com.kenai.jffi.Foreign.invokeL1(JJJ)J+0
j  com.kenai.jffi.Invoker.invokeL1(Lcom/kenai/jffi/CallContext;JJ)J+7
j  org.jruby.ext.ffi.jffi.NativeInvoker$ffi$6.call(Lorg/jruby/runtime/ThreadContext;Lorg/jruby/runtime/builtin/IRubyObject;Lorg/jruby/RubyModule;Ljava/lang/String;Lorg/jruby/runtime/builtin/IRubyObject;)Lorg/jruby/runtime/builtin/IRubyObject;+76
j  org.jruby.runtime.callsite.CachingCallSite.cacheAndCall(Lorg/jruby/runtime/builtin/IRubyObject;Lorg/jruby/RubyClass;Lorg/jruby/runtime/ThreadContext;Lorg/jruby/runtime/builtin/IRubyObject;Lorg/jruby/runtime/builtin/IRubyObject;)Lorg/jruby/runtime/builtin/IRubyObject;+57
J  org.jruby.runtime.callsite.CachingCallSite.call(Lorg/jruby/runtime/ThreadContext;Lorg/jruby/runtime/builtin/IRubyObject;Lorg/jruby/runtime/builtin/IRubyObject;Lorg/jruby/runtime/builtin/IRubyObject;)Lorg/jruby/runtime/builtin/IRubyObject;
J  org.jruby.ast.CallOneArgNode.interpret(Lorg/jruby/Ruby;Lorg/jruby/runtime/ThreadContext;Lorg/jruby/runtime/builtin/IRubyObject;Lorg/jruby/runtime/Block;)Lorg/jruby/runtime/builtin/IRubyObject;
j  org.jruby.ast.LocalAsgnNode.interpret(Lorg/jruby/Ruby;Lorg/jruby/runtime/ThreadContext;Lorg/jruby/runtime/builtin/IRubyObject;Lorg/jruby/runtime/Block;)Lorg/jruby/runtime/builtin/IRubyObject;+30
J  org.jruby.ast.BlockNode.interpret(Lorg/jruby/Ruby;Lorg/jruby/runtime/ThreadContext;Lorg/jruby/runtime/builtin/IRubyObject;Lorg/jruby/runtime/Block;)Lorg/jruby/runtime/builtin/IRubyObject;
j  org.jruby.evaluator.ASTInterpreter.INTERPRET_METHOD(Lorg/jruby/Ruby;Lorg/jruby/runtime/ThreadContext;Ljava/lang/String;ILorg/jruby/RubyModule;Lorg/jruby/ast/Node;Ljava/lang/String;Lorg/jruby/runtime/builtin/IRubyObject;Lorg/jruby/runtime/Block;Z)Lorg/jruby/runtime/builtin/IRubyObject;+30
j  org.jruby.internal.runtime.methods.InterpretedMethod.call(Lorg/jruby/runtime/ThreadContext;Lorg/jruby/runtime/builtin/IRubyObject;Lorg/jruby/RubyModule;Ljava/lang/String;)Lorg/jruby/runtime/builtin/IRubyObject;+80
j  org.jruby.internal.runtime.methods.DefaultMethod.call(Lorg/jruby/runtime/ThreadContext;Lorg/jruby/runtime/builtin/IRubyObject;Lorg/jruby/RubyModule;Ljava/lang/String;)Lorg/jruby/runtime/builtin/IRubyObject;+20
J  org.jruby.ast.CallNoArgNode.interpret(Lorg/jruby/Ruby;Lorg/jruby/runtime/ThreadContext;Lorg/jruby/runtime/builtin/IRubyObject;Lorg/jruby/runtime/Block;)Lorg/jruby/runtime/builtin/IRubyObject;
j  org.jruby.ast.FCallTwoArgNode.interpret(Lorg/jruby/Ruby;Lorg/jruby/runtime/ThreadContext;Lorg/jruby/runtime/builtin/IRubyObject;Lorg/jruby/runtime/Block;)Lorg/jruby/runtime/builtin/IRubyObject;+28
J  org.jruby.ast.BlockNode.interpret(Lorg/jruby/Ruby;Lorg/jruby/runtime/ThreadContext;Lorg/jruby/runtime/builtin/IRubyObject;Lorg/jruby/runtime/Block;)Lorg/jruby/runtime/builtin/IRubyObject;
j  org.jruby.evaluator.ASTInterpreter.INTERPRET_METHOD(Lorg/jruby/Ruby;Lorg/jruby/runtime/ThreadContext;Ljava/lang/String;ILorg/jruby/RubyModule;Lorg/jruby/ast/Node;Ljava/lang/String;Lorg/jruby/runtime/builtin/IRubyObject;Lorg/jruby/runtime/Block;Z)Lorg/jruby/runtime/builtin/IRubyObject;+30
j  org.jruby.internal.runtime.methods.InterpretedMethod.call(Lorg/jruby/runtime/ThreadContext;Lorg/jruby/runtime/builtin/IRubyObject;Lorg/jruby/RubyModule;Ljava/lang/String;)Lorg/jruby/runtime/builtin/IRubyObject;+80
j  org.jruby.internal.runtime.methods.DefaultMethod.call(Lorg/jruby/runtime/ThreadContext;Lorg/jruby/runtime/builtin/IRubyObject;Lorg/jruby/RubyModule;Ljava/lang/String;)Lorg/jruby/runtime/builtin/IRubyObject;+20
j  org.jruby.runtime.callsite.CachingCallSite.cacheAndCall(Lorg/jruby/runtime/builtin/IRubyObject;Lorg/jruby/RubyClass;Lorg/jruby/runtime/ThreadContext;Lorg/jruby/runtime/builtin/IRubyObject;)Lorg/jruby/runtime/builtin/IRubyObject;+53
j  org.jruby.runtime.callsite.CachingCallSite.call(Lorg/jruby/runtime/ThreadContext;Lorg/jruby/runtime/builtin/IRubyObject;Lorg/jruby/runtime/builtin/IRubyObject;)Lorg/jruby/runtime/builtin/IRubyObject;+46
j  Makefile.method__3$RUBY$test(LMakefile;Lorg/jruby/runtime/ThreadContext;Lorg/jruby/runtime/builtin/IRubyObject;Lorg/jruby/runtime/Block;)Lorg/jruby/runtime/builtin/IRubyObject;+130
j  Makefile$method__3$RUBY$test.call(Lorg/jruby/runtime/ThreadContext;Lorg/jruby/runtime/builtin/IRubyObject;Lorg/jruby/RubyModule;Ljava/lang/String;Lorg/jruby/runtime/Block;)Lorg/jruby/runtime/builtin/IRubyObject;+17
j  org.jruby.RubyClass.finvoke(Lorg/jruby/runtime/ThreadContext;Lorg/jruby/runtime/builtin/IRubyObject;Ljava/lang/String;Lorg/jruby/runtime/Block;)Lorg/jruby/runtime/builtin/IRubyObject;+41
j  org.jruby.RubyBasicObject.send19(Lorg/jruby/runtime/ThreadContext;Lorg/jruby/runtime/builtin/IRubyObject;Lorg/jruby/runtime/Block;)Lorg/jruby/runtime/builtin/IRubyObject;+15
j  org.jruby.RubyKernel.send19(Lorg/jruby/runtime/ThreadContext;Lorg/jruby/runtime/builtin/IRubyObject;Lorg/jruby/runtime/builtin/IRubyObject;Lorg/jruby/runtime/Block;)Lorg/jruby/runtime/builtin/IRubyObject;+7
j  org.jruby.RubyKernel$INVOKER$s$send19.call(Lorg/jruby/runtime/ThreadContext;Lorg/jruby/runtime/builtin/IRubyObject;Lorg/jruby/RubyModule;Ljava/lang/String;Lorg/jruby/runtime/builtin/IRubyObject;Lorg/jruby/runtime/Block;)Lorg/jruby/runtime/builtin/IRubyObject;+6
j  org.jruby.internal.runtime.methods.JavaMethod$JavaMethodOneOrNBlock.call(Lorg/jruby/runtime/ThreadContext;Lorg/jruby/runtime/builtin/IRubyObject;Lorg/jruby/RubyModule;Ljava/lang/String;Lorg/jruby/runtime/builtin/IRubyObject;)Lorg/jruby/runtime/builtin/IRubyObject;+11
j  org.jruby.runtime.callsite.CachingCallSite.call(Lorg/jruby/runtime/ThreadContext;Lorg/jruby/runtime/builtin/IRubyObject;Lorg/jruby/runtime/builtin/IRubyObject;Lorg/jruby/runtime/builtin/IRubyObject;)Lorg/jruby/runtime/builtin/IRubyObject;+38
j  Makefile.block_7$RUBY$__file__(LMakefile;Lorg/jruby/runtime/ThreadContext;Lorg/jruby/runtime/builtin/IRubyObject;[Lorg/jruby/runtime/builtin/IRubyObject;Lorg/jruby/runtime/Block;)Lorg/jruby/runtime/builtin/IRubyObject;+46
j  Makefile$block_7$RUBY$__file__.call(Lorg/jruby/runtime/ThreadContext;Lorg/jruby/runtime/builtin/IRubyObject;[Lorg/jruby/runtime/builtin/IRubyObject;Lorg/jruby/runtime/Block;)Lorg/jruby/runtime/builtin/IRubyObject;+9
j  org.jruby.runtime.CompiledBlock19.yield(Lorg/jruby/runtime/ThreadContext;Lorg/jruby/runtime/builtin/IRubyObject;Lorg/jruby/runtime/Binding;Lorg/jruby/runtime/Block$Type;)Lorg/jruby/runtime/builtin/IRubyObject;+52
j  org.jruby.runtime.Block.yield(Lorg/jruby/runtime/ThreadContext;Lorg/jruby/runtime/builtin/IRubyObject;)Lorg/jruby/runtime/builtin/IRubyObject;+14
j  org.jruby.RubyArray.eachCommon(Lorg/jruby/runtime/ThreadContext;Lorg/jruby/runtime/Block;)Lorg/jruby/runtime/builtin/IRubyObject;+41
j  org.jruby.RubyArray.each(Lorg/jruby/runtime/ThreadContext;Lorg/jruby/runtime/Block;)Lorg/jruby/runtime/builtin/IRubyObject;+10
j  org.jruby.RubyArray$INVOKER$i$0$0$each.call(Lorg/jruby/runtime/ThreadContext;Lorg/jruby/runtime/builtin/IRubyObject;Lorg/jruby/RubyModule;Ljava/lang/String;Lorg/jruby/runtime/Block;)Lorg/jruby/runtime/builtin/IRubyObject;+7
j  org.jruby.runtime.callsite.CachingCallSite.cacheAndCall(Lorg/jruby/runtime/builtin/IRubyObject;Lorg/jruby/RubyClass;Lorg/jruby/runtime/Block;Lorg/jruby/runtime/ThreadContext;Lorg/jruby/runtime/builtin/IRubyObject;)Lorg/jruby/runtime/builtin/IRubyObject;+57
j  org.jruby.runtime.callsite.CachingCallSite.callBlock(Lorg/jruby/runtime/ThreadContext;Lorg/jruby/runtime/builtin/IRubyObject;Lorg/jruby/runtime/builtin/IRubyObject;Lorg/jruby/runtime/Block;)Lorg/jruby/runtime/builtin/IRubyObject;+50
j  org.jruby.runtime.callsite.CachingCallSite.callIter(Lorg/jruby/runtime/ThreadContext;Lorg/jruby/runtime/builtin/IRubyObject;Lorg/jruby/runtime/builtin/IRubyObject;Lorg/jruby/runtime/Block;)Lorg/jruby/runtime/builtin/IRubyObject;+6
j  Makefile.__file__(LMakefile;Lorg/jruby/runtime/ThreadContext;Lorg/jruby/runtime/builtin/IRubyObject;[Lorg/jruby/runtime/builtin/IRubyObject;Lorg/jruby/runtime/Block;)Lorg/jruby/runtime/builtin/IRubyObject;+938
j  Makefile.load(Lorg/jruby/runtime/ThreadContext;Lorg/jruby/runtime/builtin/IRubyObject;Z)Lorg/jruby/runtime/builtin/IRubyObject;+22
j  org.jruby.Ruby.runScript(Lorg/jruby/ast/executable/Script;Z)Lorg/jruby/runtime/builtin/IRubyObject;+12
j  org.jruby.Ruby.runScript(Lorg/jruby/ast/executable/Script;)Lorg/jruby/runtime/builtin/IRubyObject;+3
j  org.jruby.Ruby.runNormally(Lorg/jruby/ast/Node;)Lorg/jruby/runtime/builtin/IRubyObject;+73
j  org.jruby.Ruby.runFromMain(Ljava/io/InputStream;Ljava/lang/String;)V+320
j  org.jruby.Main.doRunFromMain(Lorg/jruby/Ruby;Ljava/io/InputStream;Ljava/lang/String;)Lorg/jruby/Main$Status;+12
j  org.jruby.Main.internalRun()Lorg/jruby/Main$Status;+234
j  org.jruby.Main.run([Ljava/lang/String;)Lorg/jruby/Main$Status;+9
j  org.jruby.Main.main([Ljava/lang/String;)V+35
v  ~StubRoutines::call_stub

---------------  P R O C E S S  ---------------

Java Threads: ( => current thread )
  0x00007f500c44e000 JavaThread "JRubyJIT-2" daemon [_thread_blocked, id=14576, stack(0x00007f4ffbdff000,0x00007f4ffc000000)]
  0x00007f500c438000 JavaThread "process reaper" daemon [_thread_blocked, id=14456, stack(0x00007f50080b8000,0x00007f50080f1000)]
  0x00007f500c42b800 JavaThread "JRubyJIT-1" daemon [_thread_blocked, id=14453, stack(0x00007f50003b9000,0x00007f50005ba000)]
  0x00007f500c0ae000 JavaThread "Service Thread" daemon [_thread_blocked, id=14451, stack(0x00007f5002032000,0x00007f5002233000)]
  0x00007f500c0ab800 JavaThread "C2 CompilerThread1" daemon [_thread_in_native, id=14450, stack(0x00007f5002233000,0x00007f5002334000)]
  0x00007f500c0a8800 JavaThread "C2 CompilerThread0" daemon [_thread_in_native, id=14449, stack(0x00007f50080f2000,0x00007f50081f3000)]
  0x00007f500c0a6800 JavaThread "Signal Dispatcher" daemon [_thread_blocked, id=14448, stack(0x00007f5002334000,0x00007f5002535000)]
  0x00007f500c082800 JavaThread "Finalizer" daemon [_thread_blocked, id=14447, stack(0x00007f500292f000,0x00007f5002b30000)]
  0x00007f500c080800 JavaThread "Reference Handler" daemon [_thread_blocked, id=14446, stack(0x00007f50081f3000,0x00007f50083f4000)]
=>0x00007f500c00a800 JavaThread "main" [_thread_in_native, id=14440, stack(0x00007f5011fce000,0x00007f50121cf000)]

Other Threads:
  0x00007f500c07c800 VMThread [stack: 0x00007f50083f4000,0x00007f50084f5000] [id=14445]
  0x00007f500c0b8800 WatcherThread [stack: 0x00007f5001f31000,0x00007f5002032000] [id=14452]

VM state:not at safepoint (normal execution)

VM Mutex/Monitor currently owned by a thread: None

Heap
 PSYoungGen      total 32768K, used 2528K [0x00000000f5900000, 0x00000000f9900000, 0x0000000100000000)
  eden space 30720K, 1% used [0x00000000f5900000,0x00000000f597adb8,0x00000000f7700000)
  from space 2048K, 99% used [0x00000000f7700000,0x00000000f78fd528,0x00000000f7900000)
  to   space 2048K, 0% used [0x00000000f9700000,0x00000000f9700000,0x00000000f9900000)
 ParOldGen       total 38400K, used 8976K [0x00000000e0c00000, 0x00000000e3180000, 0x00000000f5900000)
  object space 38400K, 23% used [0x00000000e0c00000,0x00000000e14c4140,0x00000000e3180000)
 PSPermGen       total 25600K, used 25464K [0x00000000d6600000, 0x00000000d7f00000, 0x00000000e0c00000)
  object space 25600K, 99% used [0x00000000d6600000,0x00000000d7ede2f8,0x00000000d7f00000)

Card table byte_map: [0x00007f5010df4000,0x00007f5010f42000] byte_map_base: 0x00007f5010741000

Polling page: 0x00007f50145dc000

Code Cache  [0x00007f5009000000, 0x00007f5009270000, 0x00007f500c000000)
 total_blobs=938 nmethods=459 adapters=433 free_code_cache=47699Kb largest_free_block=48654528

Compilation events (10 events):
Event: 4,308 Thread 0x00007f500c0ab800 nmethod 489 0x00007f5009081490 code [0x00007f50090815e0, 0x00007f5009081758]
Event: 4,308 Thread 0x00007f500c0ab800  490   !         org.jruby.RubyArray::safeArraySet (14 bytes)
Event: 4,310 Thread 0x00007f500c0ab800 nmethod 490 0x00007f50090741d0 code [0x00007f5009074320, 0x00007f5009074478]
Event: 4,310 Thread 0x00007f500c0ab800  491             org.jruby.ext.ffi.jffi.NativeMemoryIO::wrap (26 bytes)
Event: 4,312 Thread 0x00007f500c0ab800 nmethod 491 0x00007f5009087d50 code [0x00007f5009087ea0, 0x00007f5009087f98]
Event: 4,312 Thread 0x00007f500c0ab800  492             org.jruby.ext.ffi.AbstractMemory::<init> (11 bytes)
Event: 4,313 Thread 0x00007f500c0ab800 nmethod 492 0x00007f50090a3710 code [0x00007f50090a3860, 0x00007f50090a3958]
Event: 4,314 Thread 0x00007f500c0ab800  493             org.jruby.ext.ffi.AbstractMemory::<init> (25 bytes)
Event: 4,316 Thread 0x00007f500c0ab800 nmethod 493 0x00007f50090a9350 code [0x00007f50090a94a0, 0x00007f50090a9598]
Event: 4,316 Thread 0x00007f500c0ab800  494             org.jruby.ext.ffi.Pointer::<init> (11 bytes)

GC Heap History (6 events):
Event: 1,339 GC heap before
{Heap before GC invocations=1 (full 0):
 PSYoungGen      total 17408K, used 15360K [0x00000000f5900000, 0x00000000f6c00000, 0x0000000100000000)
  eden space 15360K, 100% used [0x00000000f5900000,0x00000000f6800000,0x00000000f6800000)
  from space 2048K, 0% used [0x00000000f6a00000,0x00000000f6a00000,0x00000000f6c00000)
  to   space 2048K, 0% used [0x00000000f6800000,0x00000000f6800000,0x00000000f6a00000)
 ParOldGen       total 38400K, used 0K [0x00000000e0c00000, 0x00000000e3180000, 0x00000000f5900000)
  object space 38400K, 0% used [0x00000000e0c00000,0x00000000e0c00000,0x00000000e3180000)
 PSPermGen       total 21504K, used 18949K [0x00000000d6600000, 0x00000000d7b00000, 0x00000000e0c00000)
  object space 21504K, 88% used [0x00000000d6600000,0x00000000d7881770,0x00000000d7b00000)
Event: 1,355 GC heap after
Heap after GC invocations=1 (full 0):
 PSYoungGen      total 17408K, used 2037K [0x00000000f5900000, 0x00000000f7b00000, 0x0000000100000000)
  eden space 15360K, 0% used [0x00000000f5900000,0x00000000f5900000,0x00000000f6800000)
  from space 2048K, 99% used [0x00000000f6800000,0x00000000f69fd4d8,0x00000000f6a00000)
  to   space 2048K, 0% used [0x00000000f7900000,0x00000000f7900000,0x00000000f7b00000)
 ParOldGen       total 38400K, used 3780K [0x00000000e0c00000, 0x00000000e3180000, 0x00000000f5900000)
  object space 38400K, 9% used [0x00000000e0c00000,0x00000000e0fb10e8,0x00000000e3180000)
 PSPermGen       total 21504K, used 18949K [0x00000000d6600000, 0x00000000d7b00000, 0x00000000e0c00000)
  object space 21504K, 88% used [0x00000000d6600000,0x00000000d7881770,0x00000000d7b00000)
}
Event: 2,403 GC heap before
{Heap before GC invocations=2 (full 0):
 PSYoungGen      total 17408K, used 17397K [0x00000000f5900000, 0x00000000f7b00000, 0x0000000100000000)
  eden space 15360K, 100% used [0x00000000f5900000,0x00000000f6800000,0x00000000f6800000)
  from space 2048K, 99% used [0x00000000f6800000,0x00000000f69fd4d8,0x00000000f6a00000)
  to   space 2048K, 0% used [0x00000000f7900000,0x00000000f7900000,0x00000000f7b00000)
 ParOldGen       total 38400K, used 3780K [0x00000000e0c00000, 0x00000000e3180000, 0x00000000f5900000)
  object space 38400K, 9% used [0x00000000e0c00000,0x00000000e0fb10e8,0x00000000e3180000)
 PSPermGen       total 23552K, used 23443K [0x00000000d6600000, 0x00000000d7d00000, 0x00000000e0c00000)
  object space 23552K, 99% used [0x00000000d6600000,0x00000000d7ce4ed8,0x00000000d7d00000)
Event: 2,420 GC heap after
Heap after GC invocations=2 (full 0):
 PSYoungGen      total 32768K, used 2037K [0x00000000f5900000, 0x00000000f7b00000, 0x0000000100000000)
  eden space 30720K, 0% used [0x00000000f5900000,0x00000000f5900000,0x00000000f7700000)
  from space 2048K, 99% used [0x00000000f7900000,0x00000000f7afd528,0x00000000f7b00000)
  to   space 2048K, 0% used [0x00000000f7700000,0x00000000f7700000,0x00000000f7900000)
 ParOldGen       total 38400K, used 5903K [0x00000000e0c00000, 0x00000000e3180000, 0x00000000f5900000)
  object space 38400K, 15% used [0x00000000e0c00000,0x00000000e11c3ef0,0x00000000e3180000)
 PSPermGen       total 23552K, used 23443K [0x00000000d6600000, 0x00000000d7d00000, 0x00000000e0c00000)
  object space 23552K, 99% used [0x00000000d6600000,0x00000000d7ce4ed8,0x00000000d7d00000)
}
Event: 4,284 GC heap before
{Heap before GC invocations=3 (full 0):
 PSYoungGen      total 32768K, used 32757K [0x00000000f5900000, 0x00000000f7b00000, 0x0000000100000000)
  eden space 30720K, 100% used [0x00000000f5900000,0x00000000f7700000,0x00000000f7700000)
  from space 2048K, 99% used [0x00000000f7900000,0x00000000f7afd528,0x00000000f7b00000)
  to   space 2048K, 0% used [0x00000000f7700000,0x00000000f7700000,0x00000000f7900000)
 ParOldGen       total 38400K, used 5903K [0x00000000e0c00000, 0x00000000e3180000, 0x00000000f5900000)
  object space 38400K, 15% used [0x00000000e0c00000,0x00000000e11c3ef0,0x00000000e3180000)
 PSPermGen       total 25600K, used 25464K [0x00000000d6600000, 0x00000000d7f00000, 0x00000000e0c00000)
  object space 25600K, 99% used [0x00000000d6600000,0x00000000d7ede058,0x00000000d7f00000)
Event: 4,301 GC heap after
Heap after GC invocations=3 (full 0):
 PSYoungGen      total 32768K, used 2037K [0x00000000f5900000, 0x00000000f9900000, 0x0000000100000000)
  eden space 30720K, 0% used [0x00000000f5900000,0x00000000f5900000,0x00000000f7700000)
  from space 2048K, 99% used [0x00000000f7700000,0x00000000f78fd528,0x00000000f7900000)
  to   space 2048K, 0% used [0x00000000f9700000,0x00000000f9700000,0x00000000f9900000)
 ParOldGen       total 38400K, used 8976K [0x00000000e0c00000, 0x00000000e3180000, 0x00000000f5900000)
  object space 38400K, 23% used [0x00000000e0c00000,0x00000000e14c4140,0x00000000e3180000)
 PSPermGen       total 25600K, used 25464K [0x00000000d6600000, 0x00000000d7f00000, 0x00000000e0c00000)
  object space 25600K, 99% used [0x00000000d6600000,0x00000000d7ede058,0x00000000d7f00000)
}

Deoptimization events (10 events):
Event: 4,091 Thread 0x00007f500c00a800 Uncommon trap: reason=class_check action=maybe_recompile pc=0x00007f500906eb1c method=org.jruby.RubyHash.internalKeyExist(Lorg/jruby/RubyHash$RubyHashEntry;ILorg/jruby/runtime/builtin/IRubyObject;)Z @ 28
Event: 4,091 Thread 0x00007f500c00a800 Uncommon trap: reason=class_check action=maybe_recompile pc=0x00007f500906eb1c method=org.jruby.RubyHash.internalKeyExist(Lorg/jruby/RubyHash$RubyHashEntry;ILorg/jruby/runtime/builtin/IRubyObject;)Z @ 28
Event: 4,238 Thread 0x00007f500c00a800 Uncommon trap: reason=bimorphic action=maybe_recompile pc=0x00007f50090ecf30 method=org.jruby.ast.DAsgnNode.interpret(Lorg/jruby/Ruby;Lorg/jruby/runtime/ThreadContext;Lorg/jruby/runtime/builtin/IRubyObject;Lorg/jruby/runtime/Block;)Lorg/jruby/runtime/buil
Event: 4,239 Thread 0x00007f500c00a800 Uncommon trap: reason=bimorphic action=maybe_recompile pc=0x00007f50090ecf30 method=org.jruby.ast.DAsgnNode.interpret(Lorg/jruby/Ruby;Lorg/jruby/runtime/ThreadContext;Lorg/jruby/runtime/builtin/IRubyObject;Lorg/jruby/runtime/Block;)Lorg/jruby/runtime/buil
Event: 4,239 Thread 0x00007f500c00a800 Uncommon trap: reason=bimorphic action=maybe_recompile pc=0x00007f50090ecf30 method=org.jruby.ast.DAsgnNode.interpret(Lorg/jruby/Ruby;Lorg/jruby/runtime/ThreadContext;Lorg/jruby/runtime/builtin/IRubyObject;Lorg/jruby/runtime/Block;)Lorg/jruby/runtime/buil
Event: 4,239 Thread 0x00007f500c00a800 Uncommon trap: reason=bimorphic action=maybe_recompile pc=0x00007f50090ecf30 method=org.jruby.ast.DAsgnNode.interpret(Lorg/jruby/Ruby;Lorg/jruby/runtime/ThreadContext;Lorg/jruby/runtime/builtin/IRubyObject;Lorg/jruby/runtime/Block;)Lorg/jruby/runtime/buil
Event: 4,262 Thread 0x00007f500c00a800 Uncommon trap: reason=class_check action=maybe_recompile pc=0x00007f500916bdf8 method=org.jruby.RubyArray.compare(Lorg/jruby/runtime/ThreadContext;Lorg/jruby/runtime/invokedynamic/MethodNames;Lorg/jruby/runtime/builtin/IRubyObject;)Lorg/jruby/RubyBoolean;
Event: 4,269 Thread 0x00007f500c00a800 Uncommon trap: reason=class_check action=maybe_recompile pc=0x00007f500916bdf8 method=org.jruby.RubyArray.compare(Lorg/jruby/runtime/ThreadContext;Lorg/jruby/runtime/invokedynamic/MethodNames;Lorg/jruby/runtime/builtin/IRubyObject;)Lorg/jruby/RubyBoolean;
Event: 4,315 Thread 0x00007f500c00a800 Uncommon trap: reason=class_check action=maybe_recompile pc=0x00007f500916bdf8 method=org.jruby.RubyArray.compare(Lorg/jruby/runtime/ThreadContext;Lorg/jruby/runtime/invokedynamic/MethodNames;Lorg/jruby/runtime/builtin/IRubyObject;)Lorg/jruby/RubyBoolean;
Event: 4,317 Thread 0x00007f500c00a800 Uncommon trap: reason=class_check action=maybe_recompile pc=0x00007f50090eb004 method=org.jruby.ext.ffi.StructByReference.to_native(Lorg/jruby/runtime/ThreadContext;Lorg/jruby/runtime/builtin/IRubyObject;Lorg/jruby/runtime/builtin/IRubyObject;)Lorg/jruby/

Internal exceptions (10 events):
Event: 3,851 Thread 0x00007f500c00a800 Threw 0x00000000f6f67398 at /build/buildd/openjdk-7-7u51-2.4.4/build/openjdk/hotspot/src/share/vm/prims/jvm.cpp:1244
Event: 3,851 Thread 0x00007f500c00a800 Threw 0x00000000f6f69238 at /build/buildd/openjdk-7-7u51-2.4.4/build/openjdk/hotspot/src/share/vm/prims/jvm.cpp:1244
Event: 3,851 Thread 0x00007f500c00a800 Threw 0x00000000f6f6b2f8 at /build/buildd/openjdk-7-7u51-2.4.4/build/openjdk/hotspot/src/share/vm/prims/jvm.cpp:1244
Event: 3,851 Thread 0x00007f500c00a800 Threw 0x00000000f6f6bda8 at /build/buildd/openjdk-7-7u51-2.4.4/build/openjdk/hotspot/src/share/vm/prims/jvm.cpp:1244
Event: 3,852 Thread 0x00007f500c00a800 Threw 0x00000000f6f77918 at /build/buildd/openjdk-7-7u51-2.4.4/build/openjdk/hotspot/src/share/vm/prims/jvm.cpp:1244
Event: 3,853 Thread 0x00007f500c00a800 Threw 0x00000000f70134c8 at /build/buildd/openjdk-7-7u51-2.4.4/build/openjdk/hotspot/src/share/vm/prims/jvm.cpp:1244
Event: 3,853 Thread 0x00007f500c00a800 Threw 0x00000000f7013f78 at /build/buildd/openjdk-7-7u51-2.4.4/build/openjdk/hotspot/src/share/vm/prims/jvm.cpp:1244
Event: 3,853 Thread 0x00007f500c00a800 Threw 0x00000000f7015e18 at /build/buildd/openjdk-7-7u51-2.4.4/build/openjdk/hotspot/src/share/vm/prims/jvm.cpp:1244
Event: 3,853 Thread 0x00007f500c00a800 Threw 0x00000000f7017ed8 at /build/buildd/openjdk-7-7u51-2.4.4/build/openjdk/hotspot/src/share/vm/prims/jvm.cpp:1244
Event: 3,853 Thread 0x00007f500c00a800 Threw 0x00000000f7018988 at /build/buildd/openjdk-7-7u51-2.4.4/build/openjdk/hotspot/src/share/vm/prims/jvm.cpp:1244

Events (10 events):
Event: 4,310 Thread 0x00007f500c0ab800 flushing nmethod 0x00007f500909e410
Event: 4,313 Thread 0x00007f500c0ab800 flushing nmethod 0x00007f50090b00d0
Event: 4,313 Thread 0x00007f500c0ab800 flushing nmethod 0x00007f50090bf750
Event: 4,315 Thread 0x00007f500c00a800 Uncommon trap: trap_request=0xffffffde fr.pc=0x00007f500916bdf8
Event: 4,315 Thread 0x00007f500c00a800 DEOPT PACKING pc=0x00007f500916bdf8 sp=0x00007f50121cbfc0
Event: 4,316 Thread 0x00007f500c00a800 DEOPT UNPACKING pc=0x00007f5009039045 sp=0x00007f50121cbf98 mode 2
Event: 4,316 Thread 0x00007f500c0ab800 flushing nmethod 0x00007f50090f1c90
Event: 4,317 Thread 0x00007f500c00a800 Uncommon trap: trap_request=0xffffffde fr.pc=0x00007f50090eb004
Event: 4,317 Thread 0x00007f500c00a800 DEOPT PACKING pc=0x00007f50090eb004 sp=0x00007f50121cbe50
Event: 4,317 Thread 0x00007f500c00a800 DEOPT UNPACKING pc=0x00007f5009039045 sp=0x00007f50121cbd80 mode 2


Dynamic libraries:
00400000-00401000 r-xp 00000000 08:01 15861394                           /usr/lib/jvm/java-7-openjdk-amd64/jre/bin/java
00600000-00601000 r--p 00000000 08:01 15861394                           /usr/lib/jvm/java-7-openjdk-amd64/jre/bin/java
00601000-00602000 rw-p 00001000 08:01 15861394                           /usr/lib/jvm/java-7-openjdk-amd64/jre/bin/java
010c9000-010ea000 rw-p 00000000 00:00 0                                  [heap]
d6600000-d7f00000 rw-p 00000000 00:00 0 
d7f00000-e0c00000 rw-p 00000000 00:00 0 
e0c00000-e3180000 rw-p 00000000 00:00 0 
e3180000-f5900000 rw-p 00000000 00:00 0 
f5900000-f9900000 rw-p 00000000 00:00 0 
f9900000-100000000 rw-p 00000000 00:00 0 
7f4fbc000000-7f4fbc021000 rw-p 00000000 00:00 0 
7f4fbc021000-7f4fc0000000 ---p 00000000 00:00 0 
7f4fc0000000-7f4fc0021000 rw-p 00000000 00:00 0 
7f4fc0021000-7f4fc4000000 ---p 00000000 00:00 0 
7f4fc4000000-7f4fc4021000 rw-p 00000000 00:00 0 
7f4fc4021000-7f4fc8000000 ---p 00000000 00:00 0 
7f4fc8000000-7f4fc8021000 rw-p 00000000 00:00 0 
7f4fc8021000-7f4fcc000000 ---p 00000000 00:00 0 
7f4fcc000000-7f4fcc021000 rw-p 00000000 00:00 0 
7f4fcc021000-7f4fd0000000 ---p 00000000 00:00 0 
7f4fd0000000-7f4fd0027000 rw-p 00000000 00:00 0 
7f4fd0027000-7f4fd4000000 ---p 00000000 00:00 0 
7f4fd4000000-7f4fd4c0a000 rw-p 00000000 00:00 0 
7f4fd4c0a000-7f4fd8000000 ---p 00000000 00:00 0 
7f4fd8000000-7f4fd8021000 rw-p 00000000 00:00 0 
7f4fd8021000-7f4fdc000000 ---p 00000000 00:00 0 
7f4fdc000000-7f4fdc021000 rw-p 00000000 00:00 0 
7f4fdc021000-7f4fe0000000 ---p 00000000 00:00 0 
7f4fe0000000-7f4fe0cfc000 rw-p 00000000 00:00 0 
7f4fe0cfc000-7f4fe4000000 ---p 00000000 00:00 0 
7f4fe4000000-7f4fe4021000 rw-p 00000000 00:00 0 
7f4fe4021000-7f4fe8000000 ---p 00000000 00:00 0 
7f4fe8000000-7f4fe8021000 rw-p 00000000 00:00 0 
7f4fe8021000-7f4fec000000 ---p 00000000 00:00 0 
7f4fec000000-7f4fec021000 rw-p 00000000 00:00 0 
7f4fec021000-7f4ff0000000 ---p 00000000 00:00 0 
7f4ff0000000-7f4ff0021000 rw-p 00000000 00:00 0 
7f4ff0021000-7f4ff4000000 ---p 00000000 00:00 0 
7f4ff4000000-7f4ff4021000 rw-p 00000000 00:00 0 
7f4ff4021000-7f4ff8000000 ---p 00000000 00:00 0 
7f4ffb1ed000-7f4ffb1f1000 r-xp 00000000 08:01 13894671                   /home/alex/Documents/8vo_Semestre/Geometría Computacional/Lab/practica02p1/src/lib/libintersection.so
7f4ffb1f1000-7f4ffb3f0000 ---p 00004000 08:01 13894671                   /home/alex/Documents/8vo_Semestre/Geometría Computacional/Lab/practica02p1/src/lib/libintersection.so
7f4ffb3f0000-7f4ffb3f1000 r--p 00003000 08:01 13894671                   /home/alex/Documents/8vo_Semestre/Geometría Computacional/Lab/practica02p1/src/lib/libintersection.so
7f4ffb3f1000-7f4ffb3f2000 rw-p 00004000 08:01 13894671                   /home/alex/Documents/8vo_Semestre/Geometría Computacional/Lab/practica02p1/src/lib/libintersection.so
7f4ffb3f2000-7f4ffb3f5000 r-xp 00000000 08:01 13894670                   /home/alex/Documents/8vo_Semestre/Geometría Computacional/Lab/practica02p1/src/lib/librb_tree.so
7f4ffb3f5000-7f4ffb5f4000 ---p 00003000 08:01 13894670                   /home/alex/Documents/8vo_Semestre/Geometría Computacional/Lab/practica02p1/src/lib/librb_tree.so
7f4ffb5f4000-7f4ffb5f5000 r--p 00002000 08:01 13894670                   /home/alex/Documents/8vo_Semestre/Geometría Computacional/Lab/practica02p1/src/lib/librb_tree.so
7f4ffb5f5000-7f4ffb5f6000 rw-p 00003000 08:01 13894670                   /home/alex/Documents/8vo_Semestre/Geometría Computacional/Lab/practica02p1/src/lib/librb_tree.so
7f4ffb5f6000-7f4ffb5f8000 r-xp 00000000 08:01 13894669                   /home/alex/Documents/8vo_Semestre/Geometría Computacional/Lab/practica02p1/src/lib/libdouble_linked_list.so
7f4ffb5f8000-7f4ffb7f7000 ---p 00002000 08:01 13894669                   /home/alex/Documents/8vo_Semestre/Geometría Computacional/Lab/practica02p1/src/lib/libdouble_linked_list.so
7f4ffb7f7000-7f4ffb7f8000 r--p 00001000 08:01 13894669                   /home/alex/Documents/8vo_Semestre/Geometría Computacional/Lab/practica02p1/src/lib/libdouble_linked_list.so
7f4ffb7f8000-7f4ffb7f9000 rw-p 00002000 08:01 13894669                   /home/alex/Documents/8vo_Semestre/Geometría Computacional/Lab/practica02p1/src/lib/libdouble_linked_list.so
7f4ffb7f9000-7f4ffb7fa000 r-xp 00000000 08:01 13893852                   /home/alex/Documents/8vo_Semestre/Geometría Computacional/Lab/practica02p1/src/lib/libhalf_edge.so
7f4ffb7fa000-7f4ffb9fa000 ---p 00001000 08:01 13893852                   /home/alex/Documents/8vo_Semestre/Geometría Computacional/Lab/practica02p1/src/lib/libhalf_edge.so
7f4ffb9fa000-7f4ffb9fb000 r--p 00001000 08:01 13893852                   /home/alex/Documents/8vo_Semestre/Geometría Computacional/Lab/practica02p1/src/lib/libhalf_edge.so
7f4ffb9fb000-7f4ffb9fc000 rw-p 00002000 08:01 13893852                   /home/alex/Documents/8vo_Semestre/Geometría Computacional/Lab/practica02p1/src/lib/libhalf_edge.so
7f4ffb9fc000-7f4ffb9fd000 r-xp 00000000 08:01 13893851                   /home/alex/Documents/8vo_Semestre/Geometría Computacional/Lab/practica02p1/src/lib/lib2d_points.so
7f4ffb9fd000-7f4ffbbfc000 ---p 00001000 08:01 13893851                   /home/alex/Documents/8vo_Semestre/Geometría Computacional/Lab/practica02p1/src/lib/lib2d_points.so
7f4ffbbfc000-7f4ffbbfd000 r--p 00000000 08:01 13893851                   /home/alex/Documents/8vo_Semestre/Geometría Computacional/Lab/practica02p1/src/lib/lib2d_points.so
7f4ffbbfd000-7f4ffbbfe000 rw-p 00001000 08:01 13893851                   /home/alex/Documents/8vo_Semestre/Geometría Computacional/Lab/practica02p1/src/lib/lib2d_points.so
7f4ffbbfe000-7f4ffbc01000 ---p 00000000 00:00 0 
7f4ffbc01000-7f4ffbdff000 rw-p 00000000 00:00 0 
7f4ffbdff000-7f4ffbe02000 ---p 00000000 00:00 0 
7f4ffbe02000-7f4ffc000000 rw-p 00000000 00:00 0                          [stack:14576]
7f4ffc000000-7f4ffc021000 rw-p 00000000 00:00 0 
7f4ffc021000-7f5000000000 ---p 00000000 00:00 0 
7f50001b8000-7f50001bb000 ---p 00000000 00:00 0 
7f50001bb000-7f50003b9000 rw-p 00000000 00:00 0 
7f50003b9000-7f50003bc000 ---p 00000000 00:00 0 
7f50003bc000-7f50005ba000 rw-p 00000000 00:00 0                          [stack:14453]
7f50005ba000-7f50005cc000 r-xp 00000000 08:01 12059135                   /home/alex/.rbenv/versions/jruby-1.7.10/lib/jni/x86_64-Linux/libjffi-1.2.so
7f50005cc000-7f50007cb000 ---p 00012000 08:01 12059135                   /home/alex/.rbenv/versions/jruby-1.7.10/lib/jni/x86_64-Linux/libjffi-1.2.so
7f50007cb000-7f50007cc000 rw-p 00011000 08:01 12059135                   /home/alex/.rbenv/versions/jruby-1.7.10/lib/jni/x86_64-Linux/libjffi-1.2.so
7f50007cc000-7f50007dc000 r-xp 00000000 08:01 15861288                   /usr/lib/jvm/java-7-openjdk-amd64/jre/lib/amd64/libnio.so
7f50007dc000-7f50009dc000 ---p 00010000 08:01 15861288                   /usr/lib/jvm/java-7-openjdk-amd64/jre/lib/amd64/libnio.so
7f50009dc000-7f50009dd000 r--p 00010000 08:01 15861288                   /usr/lib/jvm/java-7-openjdk-amd64/jre/lib/amd64/libnio.so
7f50009dd000-7f50009de000 rw-p 00011000 08:01 15861288                   /usr/lib/jvm/java-7-openjdk-amd64/jre/lib/amd64/libnio.so
7f50009de000-7f5000a1b000 r-xp 00000000 08:01 8130434                    /lib/x86_64-linux-gnu/libpcre.so.3.13.1
7f5000a1b000-7f5000c1b000 ---p 0003d000 08:01 8130434                    /lib/x86_64-linux-gnu/libpcre.so.3.13.1
7f5000c1b000-7f5000c1c000 r--p 0003d000 08:01 8130434                    /lib/x86_64-linux-gnu/libpcre.so.3.13.1
7f5000c1c000-7f5000c1d000 rw-p 0003e000 08:01 8130434                    /lib/x86_64-linux-gnu/libpcre.so.3.13.1
7f5000c1d000-7f5000c24000 r-xp 00000000 08:01 15735894                   /usr/lib/x86_64-linux-gnu/libffi.so.6.0.1
7f5000c24000-7f5000e23000 ---p 00007000 08:01 15735894                   /usr/lib/x86_64-linux-gnu/libffi.so.6.0.1
7f5000e23000-7f5000e24000 r--p 00006000 08:01 15735894                   /usr/lib/x86_64-linux-gnu/libffi.so.6.0.1
7f5000e24000-7f5000e25000 rw-p 00007000 08:01 15735894                   /usr/lib/x86_64-linux-gnu/libffi.so.6.0.1
7f5000e25000-7f5000e3b000 r-xp 00000000 08:01 8130457                    /lib/x86_64-linux-gnu/libresolv-2.17.so
7f5000e3b000-7f500103b000 ---p 00016000 08:01 8130457                    /lib/x86_64-linux-gnu/libresolv-2.17.so
7f500103b000-7f500103c000 r--p 00016000 08:01 8130457                    /lib/x86_64-linux-gnu/libresolv-2.17.so
7f500103c000-7f500103d000 rw-p 00017000 08:01 8130457                    /lib/x86_64-linux-gnu/libresolv-2.17.so
7f500103d000-7f500103f000 rw-p 00000000 00:00 0 
7f500103f000-7f500105e000 r-xp 00000000 08:01 8130461                    /lib/x86_64-linux-gnu/libselinux.so.1
7f500105e000-7f500125e000 ---p 0001f000 08:01 8130461                    /lib/x86_64-linux-gnu/libselinux.so.1
7f500125e000-7f500125f000 r--p 0001f000 08:01 8130461                    /lib/x86_64-linux-gnu/libselinux.so.1
7f500125f000-7f5001260000 rw-p 00020000 08:01 8130461                    /lib/x86_64-linux-gnu/libselinux.so.1
7f5001260000-7f5001261000 rw-p 00000000 00:00 0 
7f5001261000-7f5001264000 r-xp 00000000 08:01 15729078                   /usr/lib/x86_64-linux-gnu/libgmodule-2.0.so.0.3800.1
7f5001264000-7f5001463000 ---p 00003000 08:01 15729078                   /usr/lib/x86_64-linux-gnu/libgmodule-2.0.so.0.3800.1
7f5001463000-7f5001464000 r--p 00002000 08:01 15729078                   /usr/lib/x86_64-linux-gnu/libgmodule-2.0.so.0.3800.1
7f5001464000-7f5001465000 rw-p 00003000 08:01 15729078                   /usr/lib/x86_64-linux-gnu/libgmodule-2.0.so.0.3800.1
7f5001465000-7f5001563000 r-xp 00000000 08:01 8130449                    /lib/x86_64-linux-gnu/libglib-2.0.so.0.3800.1
7f5001563000-7f5001763000 ---p 000fe000 08:01 8130449                    /lib/x86_64-linux-gnu/libglib-2.0.so.0.3800.1
7f5001763000-7f5001764000 r--p 000fe000 08:01 8130449                    /lib/x86_64-linux-gnu/libglib-2.0.so.0.3800.1
7f5001764000-7f5001765000 rw-p 000ff000 08:01 8130449                    /lib/x86_64-linux-gnu/libglib-2.0.so.0.3800.1
7f5001765000-7f5001766000 rw-p 00000000 00:00 0 
7f5001766000-7f50017b5000 r-xp 00000000 08:01 15729069                   /usr/lib/x86_64-linux-gnu/libgobject-2.0.so.0.3800.1
7f50017b5000-7f50019b5000 ---p 0004f000 08:01 15729069                   /usr/lib/x86_64-linux-gnu/libgobject-2.0.so.0.3800.1
7f50019b5000-7f50019b6000 r--p 0004f000 08:01 15729069                   /usr/lib/x86_64-linux-gnu/libgobject-2.0.so.0.3800.1
7f50019b6000-7f50019b7000 rw-p 00050000 08:01 15729069                   /usr/lib/x86_64-linux-gnu/libgobject-2.0.so.0.3800.1
7f50019b7000-7f5001b13000 r-xp 00000000 08:01 15729043                   /usr/lib/x86_64-linux-gnu/libgio-2.0.so.0.3800.1
7f5001b13000-7f5001d12000 ---p 0015c000 08:01 15729043                   /usr/lib/x86_64-linux-gnu/libgio-2.0.so.0.3800.1
7f5001d12000-7f5001d16000 r--p 0015b000 08:01 15729043                   /usr/lib/x86_64-linux-gnu/libgio-2.0.so.0.3800.1
7f5001d16000-7f5001d18000 rw-p 0015f000 08:01 15729043                   /usr/lib/x86_64-linux-gnu/libgio-2.0.so.0.3800.1
7f5001d18000-7f5001d1a000 rw-p 00000000 00:00 0 
7f5001d1a000-7f5001d30000 r-xp 00000000 08:01 15861076                   /usr/lib/jvm/java-7-openjdk-amd64/jre/lib/amd64/libnet.so
7f5001d30000-7f5001f2f000 ---p 00016000 08:01 15861076                   /usr/lib/jvm/java-7-openjdk-amd64/jre/lib/amd64/libnet.so
7f5001f2f000-7f5001f30000 r--p 00015000 08:01 15861076                   /usr/lib/jvm/java-7-openjdk-amd64/jre/lib/amd64/libnet.so
7f5001f30000-7f5001f31000 rw-p 00016000 08:01 15861076                   /usr/lib/jvm/java-7-openjdk-amd64/jre/lib/amd64/libnet.so
7f5001f31000-7f5001f32000 ---p 00000000 00:00 0 
7f5001f32000-7f5002032000 rw-p 00000000 00:00 0                          [stack:14452]
7f5002032000-7f5002035000 ---p 00000000 00:00 0 
7f5002035000-7f5002233000 rw-p 00000000 00:00 0                          [stack:14451]
7f5002233000-7f5002236000 ---p 00000000 00:00 0 
7f5002236000-7f5002334000 rw-p 00000000 00:00 0                          [stack:14450]
7f5002334000-7f5002337000 ---p 00000000 00:00 0 
7f5002337000-7f5002535000 rw-p 00000000 00:00 0                          [stack:14448]
7f5002535000-7f500292f000 r--p 00000000 08:01 15734328                   /usr/lib/locale/locale-archive
7f500292f000-7f5002932000 ---p 00000000 00:00 0 
7f5002932000-7f5004000000 rw-p 00000000 00:00 0                          [stack:14447]
7f5004000000-7f5004021000 rw-p 00000000 00:00 0 
7f5004021000-7f5008000000 ---p 00000000 00:00 0 
7f50080b8000-7f50080bb000 ---p 00000000 00:00 0 
7f50080bb000-7f50080f1000 rw-p 00000000 00:00 0                          [stack:14456]
7f50080f1000-7f50080f2000 r-xp 00000000 00:00 0 
7f50080f2000-7f50080f5000 ---p 00000000 00:00 0 
7f50080f5000-7f50081f3000 rw-p 00000000 00:00 0                          [stack:14449]
7f50081f3000-7f50081f6000 ---p 00000000 00:00 0 
7f50081f6000-7f50083f4000 rw-p 00000000 00:00 0                          [stack:14446]
7f50083f4000-7f50083f5000 ---p 00000000 00:00 0 
7f50083f5000-7f5009000000 rw-p 00000000 00:00 0                          [stack:14445]
7f5009000000-7f5009270000 rwxp 00000000 00:00 0 
7f5009270000-7f500c4b4000 rw-p 00000000 00:00 0 
7f500c4b4000-7f5010000000 ---p 00000000 00:00 0 
7f5010000000-7f5010007000 r--s 00000000 08:01 16127910                   /usr/lib/x86_64-linux-gnu/gconv/gconv-modules.cache
7f5010007000-7f5010009000 r--s 00012000 08:01 15861308                   /usr/lib/jvm/java-7-openjdk-amd64/jre/lib/ext/zipfs.jar
7f5010009000-7f501000c000 r--s 00032000 08:01 15861310                   /usr/lib/jvm/java-7-openjdk-amd64/jre/lib/ext/sunjce_provider.jar
7f501000c000-7f5010010000 r--s 00085000 08:01 15861304                   /usr/lib/jvm/java-7-openjdk-amd64/jre/lib/ext/localedata.jar
7f5010010000-7f5010012000 r--s 00006000 08:01 16256853                   /usr/share/java/java-atk-wrapper.jar
7f5010012000-7f5010013000 r--s 00002000 08:01 15861314                   /usr/lib/jvm/java-7-openjdk-amd64/jre/lib/ext/dnsns.jar
7f5010013000-7f5010016000 r--s 0000f000 08:01 15861306                   /usr/lib/jvm/java-7-openjdk-amd64/jre/lib/ext/pulse-java.jar
7f5010016000-7f501001a000 r--s 0003b000 08:01 15861316                   /usr/lib/jvm/java-7-openjdk-amd64/jre/lib/ext/sunpkcs11.jar
7f501001a000-7f50104cb000 rw-p 00000000 00:00 0 
7f50104cb000-7f50105b4000 r--s 00bb9000 08:01 12059138                   /home/alex/.rbenv/versions/jruby-1.7.10/lib/jruby.jar
7f50105b4000-7f50105fc000 rw-p 00000000 00:00 0 
7f50105fc000-7f50107aa000 r--s 01cf4000 08:01 15861374                   /usr/lib/jvm/java-7-openjdk-amd64/jre/lib/rt.jar
7f50107aa000-7f50109f0000 rw-p 00000000 00:00 0 
7f50109f0000-7f50109f1000 ---p 00000000 00:00 0 
7f50109f1000-7f5010af1000 rw-p 00000000 00:00 0                          [stack:14444]
7f5010af1000-7f5010af2000 ---p 00000000 00:00 0 
7f5010af2000-7f5010bf2000 rw-p 00000000 00:00 0                          [stack:14443]
7f5010bf2000-7f5010bf3000 ---p 00000000 00:00 0 
7f5010bf3000-7f5010cf3000 rw-p 00000000 00:00 0                          [stack:14442]
7f5010cf3000-7f5010cf4000 ---p 00000000 00:00 0 
7f5010cf4000-7f5010e01000 rw-p 00000000 00:00 0                          [stack:14441]
7f5010e01000-7f5010e47000 rw-p 00000000 00:00 0 
7f5010e47000-7f5010e5a000 rw-p 00000000 00:00 0 
7f5010e5a000-7f5010eed000 rw-p 00000000 00:00 0 
7f5010eed000-7f5010f0e000 rw-p 00000000 00:00 0 
7f5010f0e000-7f5010f41000 rw-p 00000000 00:00 0 
7f5010f41000-7f5010f42000 rw-p 00000000 00:00 0 
7f5010f42000-7f5010f4a000 r-xp 00000000 08:01 15861025                   /usr/lib/jvm/java-7-openjdk-amd64/jre/lib/amd64/libzip.so
7f5010f4a000-7f5011149000 ---p 00008000 08:01 15861025                   /usr/lib/jvm/java-7-openjdk-amd64/jre/lib/amd64/libzip.so
7f5011149000-7f501114a000 r--p 00007000 08:01 15861025                   /usr/lib/jvm/java-7-openjdk-amd64/jre/lib/amd64/libzip.so
7f501114a000-7f501114b000 rw-p 00008000 08:01 15861025                   /usr/lib/jvm/java-7-openjdk-amd64/jre/lib/amd64/libzip.so
7f501114b000-7f5011157000 r-xp 00000000 08:01 8130412                    /lib/x86_64-linux-gnu/libnss_files-2.17.so
7f5011157000-7f5011356000 ---p 0000c000 08:01 8130412                    /lib/x86_64-linux-gnu/libnss_files-2.17.so
7f5011356000-7f5011357000 r--p 0000b000 08:01 8130412                    /lib/x86_64-linux-gnu/libnss_files-2.17.so
7f5011357000-7f5011358000 rw-p 0000c000 08:01 8130412                    /lib/x86_64-linux-gnu/libnss_files-2.17.so
7f5011358000-7f5011363000 r-xp 00000000 08:01 8130416                    /lib/x86_64-linux-gnu/libnss_nis-2.17.so
7f5011363000-7f5011562000 ---p 0000b000 08:01 8130416                    /lib/x86_64-linux-gnu/libnss_nis-2.17.so
7f5011562000-7f5011563000 r--p 0000a000 08:01 8130416                    /lib/x86_64-linux-gnu/libnss_nis-2.17.so
7f5011563000-7f5011564000 rw-p 0000b000 08:01 8130416                    /lib/x86_64-linux-gnu/libnss_nis-2.17.so
7f5011564000-7f501157b000 r-xp 00000000 08:01 8130406                    /lib/x86_64-linux-gnu/libnsl-2.17.so
7f501157b000-7f501177a000 ---p 00017000 08:01 8130406                    /lib/x86_64-linux-gnu/libnsl-2.17.so
7f501177a000-7f501177b000 r--p 00016000 08:01 8130406                    /lib/x86_64-linux-gnu/libnsl-2.17.so
7f501177b000-7f501177c000 rw-p 00017000 08:01 8130406                    /lib/x86_64-linux-gnu/libnsl-2.17.so
7f501177c000-7f501177e000 rw-p 00000000 00:00 0 
7f501177e000-7f5011786000 r-xp 00000000 08:01 8130408                    /lib/x86_64-linux-gnu/libnss_compat-2.17.so
7f5011786000-7f5011985000 ---p 00008000 08:01 8130408                    /lib/x86_64-linux-gnu/libnss_compat-2.17.so
7f5011985000-7f5011986000 r--p 00007000 08:01 8130408                    /lib/x86_64-linux-gnu/libnss_compat-2.17.so
7f5011986000-7f5011987000 rw-p 00008000 08:01 8130408                    /lib/x86_64-linux-gnu/libnss_compat-2.17.so
7f5011987000-7f50119b2000 r-xp 00000000 08:01 15860951                   /usr/lib/jvm/java-7-openjdk-amd64/jre/lib/amd64/libjava.so
7f50119b2000-7f5011bb1000 ---p 0002b000 08:01 15860951                   /usr/lib/jvm/java-7-openjdk-amd64/jre/lib/amd64/libjava.so
7f5011bb1000-7f5011bb2000 r--p 0002a000 08:01 15860951                   /usr/lib/jvm/java-7-openjdk-amd64/jre/lib/amd64/libjava.so
7f5011bb2000-7f5011bb4000 rw-p 0002b000 08:01 15860951                   /usr/lib/jvm/java-7-openjdk-amd64/jre/lib/amd64/libjava.so
7f5011bb4000-7f5011bc4000 r-xp 00000000 08:01 15861265                   /usr/lib/jvm/java-7-openjdk-amd64/jre/lib/amd64/libverify.so
7f5011bc4000-7f5011dc3000 ---p 00010000 08:01 15861265                   /usr/lib/jvm/java-7-openjdk-amd64/jre/lib/amd64/libverify.so
7f5011dc3000-7f5011dc5000 r--p 0000f000 08:01 15861265                   /usr/lib/jvm/java-7-openjdk-amd64/jre/lib/amd64/libverify.so
7f5011dc5000-7f5011dc6000 rw-p 00011000 08:01 15861265                   /usr/lib/jvm/java-7-openjdk-amd64/jre/lib/amd64/libverify.so
7f5011dc6000-7f5011dcd000 r-xp 00000000 08:01 8130459                    /lib/x86_64-linux-gnu/librt-2.17.so
7f5011dcd000-7f5011fcc000 ---p 00007000 08:01 8130459                    /lib/x86_64-linux-gnu/librt-2.17.so
7f5011fcc000-7f5011fcd000 r--p 00006000 08:01 8130459                    /lib/x86_64-linux-gnu/librt-2.17.so
7f5011fcd000-7f5011fce000 rw-p 00007000 08:01 8130459                    /lib/x86_64-linux-gnu/librt-2.17.so
7f5011fce000-7f5011fd1000 ---p 00000000 00:00 0 
7f5011fd1000-7f50121cf000 rw-p 00000000 00:00 0                          [stack:14440]
7f50121cf000-7f50121e4000 r-xp 00000000 08:01 8126477                    /lib/x86_64-linux-gnu/libgcc_s.so.1
7f50121e4000-7f50123e3000 ---p 00015000 08:01 8126477                    /lib/x86_64-linux-gnu/libgcc_s.so.1
7f50123e3000-7f50123e4000 r--p 00014000 08:01 8126477                    /lib/x86_64-linux-gnu/libgcc_s.so.1
7f50123e4000-7f50123e5000 rw-p 00015000 08:01 8126477                    /lib/x86_64-linux-gnu/libgcc_s.so.1
7f50123e5000-7f50124e8000 r-xp 00000000 08:01 8130387                    /lib/x86_64-linux-gnu/libm-2.17.so
7f50124e8000-7f50126e7000 ---p 00103000 08:01 8130387                    /lib/x86_64-linux-gnu/libm-2.17.so
7f50126e7000-7f50126e8000 r--p 00102000 08:01 8130387                    /lib/x86_64-linux-gnu/libm-2.17.so
7f50126e8000-7f50126e9000 rw-p 00103000 08:01 8130387                    /lib/x86_64-linux-gnu/libm-2.17.so
7f50126e9000-7f50127cf000 r-xp 00000000 08:01 15729831                   /usr/lib/x86_64-linux-gnu/libstdc++.so.6.0.18
7f50127cf000-7f50129ce000 ---p 000e6000 08:01 15729831                   /usr/lib/x86_64-linux-gnu/libstdc++.so.6.0.18
7f50129ce000-7f50129d6000 r--p 000e5000 08:01 15729831                   /usr/lib/x86_64-linux-gnu/libstdc++.so.6.0.18
7f50129d6000-7f50129d8000 rw-p 000ed000 08:01 15729831                   /usr/lib/x86_64-linux-gnu/libstdc++.so.6.0.18
7f50129d8000-7f50129ed000 rw-p 00000000 00:00 0 
7f50129ed000-7f50134cc000 r-xp 00000000 08:01 15861284                   /usr/lib/jvm/java-7-openjdk-amd64/jre/lib/amd64/server/libjvm.so
7f50134cc000-7f50136cb000 ---p 00adf000 08:01 15861284                   /usr/lib/jvm/java-7-openjdk-amd64/jre/lib/amd64/server/libjvm.so
7f50136cb000-7f501375d000 r--p 00ade000 08:01 15861284                   /usr/lib/jvm/java-7-openjdk-amd64/jre/lib/amd64/server/libjvm.so
7f501375d000-7f5013780000 rw-p 00b70000 08:01 15861284                   /usr/lib/jvm/java-7-openjdk-amd64/jre/lib/amd64/server/libjvm.so
7f5013780000-7f50137ad000 rw-p 00000000 00:00 0 
7f50137ad000-7f50137c5000 r-xp 00000000 08:01 8130494                    /lib/x86_64-linux-gnu/libz.so.1.2.8
7f50137c5000-7f50139c4000 ---p 00018000 08:01 8130494                    /lib/x86_64-linux-gnu/libz.so.1.2.8
7f50139c4000-7f50139c5000 r--p 00017000 08:01 8130494                    /lib/x86_64-linux-gnu/libz.so.1.2.8
7f50139c5000-7f50139c6000 rw-p 00018000 08:01 8130494                    /lib/x86_64-linux-gnu/libz.so.1.2.8
7f50139c6000-7f50139dd000 r-xp 00000000 08:01 8130451                    /lib/x86_64-linux-gnu/libpthread-2.17.so
7f50139dd000-7f5013bdd000 ---p 00017000 08:01 8130451                    /lib/x86_64-linux-gnu/libpthread-2.17.so
7f5013bdd000-7f5013bde000 r--p 00017000 08:01 8130451                    /lib/x86_64-linux-gnu/libpthread-2.17.so
7f5013bde000-7f5013bdf000 rw-p 00018000 08:01 8130451                    /lib/x86_64-linux-gnu/libpthread-2.17.so
7f5013bdf000-7f5013be3000 rw-p 00000000 00:00 0 
7f5013be3000-7f5013be6000 r-xp 00000000 08:01 8130351                    /lib/x86_64-linux-gnu/libdl-2.17.so
7f5013be6000-7f5013de5000 ---p 00003000 08:01 8130351                    /lib/x86_64-linux-gnu/libdl-2.17.so
7f5013de5000-7f5013de6000 r--p 00002000 08:01 8130351                    /lib/x86_64-linux-gnu/libdl-2.17.so
7f5013de6000-7f5013de7000 rw-p 00003000 08:01 8130351                    /lib/x86_64-linux-gnu/libdl-2.17.so
7f5013de7000-7f5013fa4000 r-xp 00000000 08:01 8130336                    /lib/x86_64-linux-gnu/libc-2.17.so
7f5013fa4000-7f50141a4000 ---p 001bd000 08:01 8130336                    /lib/x86_64-linux-gnu/libc-2.17.so
7f50141a4000-7f50141a8000 r--p 001bd000 08:01 8130336                    /lib/x86_64-linux-gnu/libc-2.17.so
7f50141a8000-7f50141aa000 rw-p 001c1000 08:01 8130336                    /lib/x86_64-linux-gnu/libc-2.17.so
7f50141aa000-7f50141af000 rw-p 00000000 00:00 0 
7f50141af000-7f50141bc000 r-xp 00000000 08:01 15861291                   /usr/lib/jvm/java-7-openjdk-amd64/jre/lib/amd64/jli/libjli.so
7f50141bc000-7f50143bb000 ---p 0000d000 08:01 15861291                   /usr/lib/jvm/java-7-openjdk-amd64/jre/lib/amd64/jli/libjli.so
7f50143bb000-7f50143bc000 r--p 0000c000 08:01 15861291                   /usr/lib/jvm/java-7-openjdk-amd64/jre/lib/amd64/jli/libjli.so
7f50143bc000-7f50143bd000 rw-p 0000d000 08:01 15861291                   /usr/lib/jvm/java-7-openjdk-amd64/jre/lib/amd64/jli/libjli.so
7f50143bd000-7f50143e0000 r-xp 00000000 08:01 8130312                    /lib/x86_64-linux-gnu/ld-2.17.so
7f50143e0000-7f50143e5000 r--s 0004c000 08:01 15861296                   /usr/lib/jvm/java-7-openjdk-amd64/jre/lib/jsse.jar
7f50143e5000-7f5014413000 rw-p 00000000 00:00 0 
7f5014413000-7f5014459000 rw-p 00000000 00:00 0 
7f5014459000-7f501446c000 rw-p 00000000 00:00 0 
7f501446c000-7f5014500000 rw-p 00000000 00:00 0 
7f5014500000-7f501450a000 rw-p 00000000 00:00 0 
7f501450a000-7f50145c0000 rw-p 00000000 00:00 0 
7f50145c0000-7f50145d3000 rw-p 00000000 00:00 0 
7f50145d3000-7f50145db000 rw-s 00000000 08:01 5767186                    /tmp/hsperfdata_alex/14415
7f50145db000-7f50145dc000 rw-p 00000000 00:00 0 
7f50145dc000-7f50145dd000 r--p 00000000 00:00 0 
7f50145dd000-7f50145df000 rw-p 00000000 00:00 0 
7f50145df000-7f50145e0000 r--p 00022000 08:01 8130312                    /lib/x86_64-linux-gnu/ld-2.17.so
7f50145e0000-7f50145e2000 rw-p 00023000 08:01 8130312                    /lib/x86_64-linux-gnu/ld-2.17.so
7fffa6709000-7fffa672a000 rw-p 00000000 00:00 0                          [stack]
7fffa67fe000-7fffa6800000 r-xp 00000000 00:00 0                          [vdso]
ffffffffff600000-ffffffffff601000 r-xp 00000000 00:00 0                  [vsyscall]

VM Arguments:
jvm_args: -Djdk.home= -Djruby.home=/home/alex/.rbenv/versions/jruby-1.7.10 -Djruby.script=jruby -Djruby.shell=/bin/sh -Djffi.boot.library.path=/home/alex/.rbenv/versions/jruby-1.7.10/lib/jni:/home/alex/.rbenv/versions/jruby-1.7.10/lib/jni/i386-Linux:/home/alex/.rbenv/versions/jruby-1.7.10/lib/jni/arm-Linux:/home/alex/.rbenv/versions/jruby-1.7.10/lib/jni/x86_64-Linux -Xmx500m -Xss2048k -Xbootclasspath/a:/home/alex/.rbenv/versions/jruby-1.7.10/lib/jruby.jar 
java_command: org/jruby/Main Makefile.rb clean compile test clean
Launcher Type: SUN_STANDARD

Environment Variables:
PATH=/home/alex/.rbenv/versions/jruby-1.7.10/bin:/home/alex/.rbenv/libexec:/home/alex/.rbenv/plugins/ruby-build/bin:/home/alex/.rbenv/shims:~/.rbenv/bin:~/.rbenv/bin:/usr/local/sbin:/usr/local/bin:/usr/sbin:/usr/bin:/sbin:/bin:/usr/games:/usr/local/games
USERNAME=alex
SHELL=/bin/bash
DISPLAY=:0

Signal Handlers:
SIGSEGV: [libjvm.so+0x916ea0], sa_mask[0]=0x7ffbfeff, sa_flags=0x10000004
SIGBUS: [libjvm.so+0x916ea0], sa_mask[0]=0x7ffbfeff, sa_flags=0x10000004
SIGFPE: [libjvm.so+0x794800], sa_mask[0]=0x7ffbfeff, sa_flags=0x10000004
SIGPIPE: [libjvm.so+0x794800], sa_mask[0]=0x7ffbfeff, sa_flags=0x10000004
SIGXFSZ: [libjvm.so+0x794800], sa_mask[0]=0x7ffbfeff, sa_flags=0x10000004
SIGILL: [libjvm.so+0x794800], sa_mask[0]=0x7ffbfeff, sa_flags=0x10000004
SIGUSR1: SIG_DFL, sa_mask[0]=0x00000000, sa_flags=0x00000000
SIGUSR2: [libjvm.so+0x7946a0], sa_mask[0]=0x00000000, sa_flags=0x10000004
SIGHUP: [libjvm.so+0x794880], sa_mask[0]=0x7ffbfeff, sa_flags=0x10000004
SIGINT: [libjvm.so+0x794880], sa_mask[0]=0x7ffbfeff, sa_flags=0x10000004
SIGTERM: [libjvm.so+0x794880], sa_mask[0]=0x7ffbfeff, sa_flags=0x10000004
SIGQUIT: [libjvm.so+0x794880], sa_mask[0]=0x7ffbfeff, sa_flags=0x10000004


---------------  S Y S T E M  ---------------

OS:LinuxMint 16 (petra)
uname:Linux 3.11.0-12-generic #19-Ubuntu SMP Wed Oct 9 16:20:46 UTC 2013 x86_64
libc:glibc 2.17 NPTL 2.17 
rlimit: STACK 8192k, CORE 0k, NPROC 28798, NOFILE 4096, AS infinity
load average:0,47 0,18 0,12

/proc/meminfo:
MemTotal:        3715476 kB
MemFree:         2315144 kB
Buffers:          117140 kB
Cached:           782440 kB
SwapCached:            0 kB
Active:           697096 kB
Inactive:         536608 kB
Active(anon):     335164 kB
Inactive(anon):   126452 kB
Active(file):     361932 kB
Inactive(file):   410156 kB
Unevictable:          28 kB
Mlocked:              28 kB
SwapTotal:       3856380 kB
SwapFree:        3856380 kB
Dirty:               264 kB
Writeback:             0 kB
AnonPages:        334428 kB
Mapped:           144044 kB
Shmem:            127496 kB
Slab:             103460 kB
SReclaimable:      81572 kB
SUnreclaim:        21888 kB
KernelStack:        2808 kB
PageTables:        16092 kB
NFS_Unstable:          0 kB
Bounce:                0 kB
WritebackTmp:          0 kB
CommitLimit:     5714116 kB
Committed_AS:    1636120 kB
VmallocTotal:   34359738367 kB
VmallocUsed:      414316 kB
VmallocChunk:   34359318140 kB
HardwareCorrupted:     0 kB
AnonHugePages:         0 kB
HugePages_Total:       0
HugePages_Free:        0
HugePages_Rsvd:        0
HugePages_Surp:        0
Hugepagesize:       2048 kB
DirectMap4k:       62672 kB
DirectMap2M:     3794944 kB


CPU:total 4 (2 cores per cpu, 2 threads per core) family 6 model 37 stepping 5, cmov, cx8, fxsr, mmx, sse, sse2, sse3, ssse3, sse4.1, sse4.2, popcnt, ht, tsc, tscinvbit

/proc/cpuinfo:
processor	: 0
vendor_id	: GenuineIntel
cpu family	: 6
model		: 37
model name	: Intel(R) Core(TM) i3 CPU       M 380  @ 2.53GHz
stepping	: 5
microcode	: 0x2
cpu MHz		: 2533.000
cache size	: 3072 KB
physical id	: 0
siblings	: 4
core id		: 0
cpu cores	: 2
apicid		: 0
initial apicid	: 0
fpu		: yes
fpu_exception	: yes
cpuid level	: 11
wp		: yes
flags		: fpu vme de pse tsc msr pae mce cx8 apic sep mtrr pge mca cmov pat pse36 clflush dts acpi mmx fxsr sse sse2 ss ht tm pbe syscall nx rdtscp lm constant_tsc arch_perfmon pebs bts rep_good nopl xtopology nonstop_tsc aperfmperf pni dtes64 monitor ds_cpl vmx est tm2 ssse3 cx16 xtpr pdcm pcid sse4_1 sse4_2 popcnt lahf_lm arat dtherm tpr_shadow vnmi flexpriority ept vpid
bogomips	: 5054.09
clflush size	: 64
cache_alignment	: 64
address sizes	: 36 bits physical, 48 bits virtual
power management:

processor	: 1
vendor_id	: GenuineIntel
cpu family	: 6
model		: 37
model name	: Intel(R) Core(TM) i3 CPU       M 380  @ 2.53GHz
stepping	: 5
microcode	: 0x2
cpu MHz		: 2533.000
cache size	: 3072 KB
physical id	: 0
siblings	: 4
core id		: 0
cpu cores	: 2
apicid		: 1
initial apicid	: 1
fpu		: yes
fpu_exception	: yes
cpuid level	: 11
wp		: yes
flags		: fpu vme de pse tsc msr pae mce cx8 apic sep mtrr pge mca cmov pat pse36 clflush dts acpi mmx fxsr sse sse2 ss ht tm pbe syscall nx rdtscp lm constant_tsc arch_perfmon pebs bts rep_good nopl xtopology nonstop_tsc aperfmperf pni dtes64 monitor ds_cpl vmx est tm2 ssse3 cx16 xtpr pdcm pcid sse4_1 sse4_2 popcnt lahf_lm arat dtherm tpr_shadow vnmi flexpriority ept vpid
bogomips	: 5054.09
clflush size	: 64
cache_alignment	: 64
address sizes	: 36 bits physical, 48 bits virtual
power management:

processor	: 2
vendor_id	: GenuineIntel
cpu family	: 6
model		: 37
model name	: Intel(R) Core(TM) i3 CPU       M 380  @ 2.53GHz
stepping	: 5
microcode	: 0x2
cpu MHz		: 2533.000
cache size	: 3072 KB
physical id	: 0
siblings	: 4
core id		: 2
cpu cores	: 2
apicid		: 4
initial apicid	: 4
fpu		: yes
fpu_exception	: yes
cpuid level	: 11
wp		: yes
flags		: fpu vme de pse tsc msr pae mce cx8 apic sep mtrr pge mca cmov pat pse36 clflush dts acpi mmx fxsr sse sse2 ss ht tm pbe syscall nx rdtscp lm constant_tsc arch_perfmon pebs bts rep_good nopl xtopology nonstop_tsc aperfmperf pni dtes64 monitor ds_cpl vmx est tm2 ssse3 cx16 xtpr pdcm pcid sse4_1 sse4_2 popcnt lahf_lm arat dtherm tpr_shadow vnmi flexpriority ept vpid
bogomips	: 5054.09
clflush size	: 64
cache_alignment	: 64
address sizes	: 36 bits physical, 48 bits virtual
power management:

processor	: 3
vendor_id	: GenuineIntel
cpu family	: 6
model		: 37
model name	: Intel(R) Core(TM) i3 CPU       M 380  @ 2.53GHz
stepping	: 5
microcode	: 0x2
cpu MHz		: 2533.000
cache size	: 3072 KB
physical id	: 0
siblings	: 4
core id		: 2
cpu cores	: 2
apicid		: 5
initial apicid	: 5
fpu		: yes
fpu_exception	: yes
cpuid level	: 11
wp		: yes
flags		: fpu vme de pse tsc msr pae mce cx8 apic sep mtrr pge mca cmov pat pse36 clflush dts acpi mmx fxsr sse sse2 ss ht tm pbe syscall nx rdtscp lm constant_tsc arch_perfmon pebs bts rep_good nopl xtopology nonstop_tsc aperfmperf pni dtes64 monitor ds_cpl vmx est tm2 ssse3 cx16 xtpr pdcm pcid sse4_1 sse4_2 popcnt lahf_lm arat dtherm tpr_shadow vnmi flexpriority ept vpid
bogomips	: 5054.09
clflush size	: 64
cache_alignment	: 64
address sizes	: 36 bits physical, 48 bits virtual
power management:



Memory: 4k page, physical 3715476k(2315144k free), swap 3856380k(3856380k free)

vm_info: OpenJDK 64-Bit Server VM (24.45-b08) for linux-amd64 JRE (1.7.0_51-b00), built on Jan 15 2014 22:02:57 by "buildd" with gcc 4.8.1

time: Fri Apr 25 14:45:19 2014
elapsed time: 4 seconds

