#
# A fatal error has been detected by the Java Runtime Environment:
#
#  SIGSEGV (0xb) at pc=0x00007f1d7add0dc1, pid=7130, tid=139764971939584
#
# JRE version: OpenJDK Runtime Environment (7.0_51) (build 1.7.0_51-b00)
# Java VM: OpenJDK 64-Bit Server VM (24.45-b08 mixed mode linux-amd64 compressed oops)
# Problematic frame:
# C  [libdouble_linked_list.so+0xdc1]  empty_list+0x1a
#
# Failed to write core dump. Core dumps have been disabled. To enable core dumping, try "ulimit -c unlimited" before starting Java again
#
# If you would like to submit a bug report, please include
# instructions on how to reproduce the bug and visit:
#   http://icedtea.classpath.org/bugzilla
# The crash happened outside the Java Virtual Machine in native code.
# See problematic frame for where to report the bug.
#

---------------  T H R E A D  ---------------

Current thread (0x00007f1d8c00a800):  JavaThread "main" [_thread_in_native, id=7155, stack(0x00007f1d91612000,0x00007f1d91813000)]

siginfo:si_signo=SIGSEGV: si_errno=0, si_code=1 (SEGV_MAPERR), si_addr=0x0000000000000011

Registers:
RAX=0x0000000000000001, RBX=0x00000000d79ae110, RCX=0x00007f1d7add10a1, RDX=0x00007f1d8c4915d0
RSP=0x00007f1d91810040, RBP=0x00007f1d91810040, RSI=0x00007f1d91810130, RDI=0x0000000000000001
R8 =0x0000000000000001, R9 =0x00000000d7dc0390, R10=0x00007f1d8901270c, R11=0x00007f1d9285c340
R12=0x0000000000000000, R13=0x00000000d79ae110, R14=0x00007f1d91810168, R15=0x00007f1d8c00a800
RIP=0x00007f1d7add0dc1, EFLAGS=0x0000000000010202, CSGSFS=0x0000000000000033, ERR=0x0000000000000004
  TRAPNO=0x000000000000000e

Top of Stack: (sp=0x00007f1d91810040)
0x00007f1d91810040:   00007f1d91810080 00007f1d7add10b9
0x00007f1d91810050:   00000000d69fb970 0000000000000001
0x00007f1d91810060:   00007f1d91810078 00007f1d918100c8
0x00007f1d91810070:   00007f1d89006233 00000000f778d118
0x00007f1d91810080:   00007f1d8c4915d0 00007f1d7bbe3cd9
0x00007f1d91810090:   00000000d69fc4a3 00000000d79ae110
0x00007f1d918100a0:   00007f1d91810120 00007f1d89012738
0x00007f1d918100b0:   00000000d69fc528 0000000000000000
0x00007f1d918100c0:   00007f1d918100e8 00007f1d91810148
0x00007f1d918100d0:   00007f1d89006233 00000000e120b708
0x00007f1d918100e0:   00007f1d918100e0 0000000000000000
0x00007f1d918100f0:   00007f1d91810168 00000000d79b6638
0x00007f1d91810100:   0000000000000000 00000000d79ae110
0x00007f1d91810110:   0000000000000000 00007f1d91810140
0x00007f1d91810120:   00007f1d918101b0 00007f1d89006175
0x00007f1d91810130:   00000000e116d498 00007f1d8900ecd7
0x00007f1d91810140:   0000000000000001 00007f1d8917b4ec
0x00007f1d91810150:   00007f1d7add10a1 00000000f78fd188
0x00007f1d91810160:   00007f1d8c4915d0 0000000000000000
0x00007f1d91810170:   00007f1d91810170 00000000d7aaaf77
0x00007f1d91810180:   00007f1d918101e8 00000000d7ab71d0
0x00007f1d91810190:   00000000d7ed8498 00000000d7aaafb8
0x00007f1d918101a0:   00007f1d91810140 00007f1d918101c0
0x00007f1d918101b0:   00007f1d91810238 00007f1d89006175
0x00007f1d918101c0:   0000000000000001 00000000f5a93e60
0x00007f1d918101d0:   00007f1d7add10a1 0000000000000000
0x00007f1d918101e0:   00000000e107b480 00000000e116f340
0x00007f1d918101f0:   00000000f78051b0 00007f1d918101f8
0x00007f1d91810200:   00000000d7ed6184 00007f1d91810280
0x00007f1d91810210:   00000000d7ed65d8 0000000000000000
0x00007f1d91810220:   00000000d7ed61a0 00007f1d918101c0
0x00007f1d91810230:   00007f1d91810258 00007f1d918102c8 

Instructions: (pc=0x00007f1d7add0dc1)
0x00007f1d7add0da1:   1b fd ff ff c9 c3 55 48 89 e5 48 89 7d f8 48 83
0x00007f1d7add0db1:   7d f8 00 75 07 b8 01 00 00 00 eb 17 48 8b 45 f8
0x00007f1d7add0dc1:   8b 40 10 85 c0 75 07 b8 01 00 00 00 eb 05 b8 00
0x00007f1d7add0dd1:   00 00 00 5d c3 55 48 89 e5 48 83 ec 10 bf 18 00 

Register to memory mapping:

RAX=0x0000000000000001 is an unknown value
RBX=0x00000000d79ae110 is an oop
{method} 
 - klass: {other class}
RCX=0x00007f1d7add10a1: pop_front+0 in lib/libdouble_linked_list.so at 0x00007f1d7add0000
RDX=0x00007f1d8c4915d0 is an unknown value
RSP=0x00007f1d91810040 is pointing into the stack for thread: 0x00007f1d8c00a800
RBP=0x00007f1d91810040 is pointing into the stack for thread: 0x00007f1d8c00a800
RSI=0x00007f1d91810130 is pointing into the stack for thread: 0x00007f1d8c00a800
RDI=0x0000000000000001 is an unknown value
R8 =0x0000000000000001 is an unknown value
R9 =0x00000000d7dc0390 is an oop
{instance class} 
 - klass: {other class}
R10=0x00007f1d8901270c is at code_begin+620 in an Interpreter codelet
method entry point (kind = native)  [0x00007f1d890124a0, 0x00007f1d89012d00]  2144 bytes
R11=0x00007f1d9285c340: <offset 0x82b340> in /usr/lib/jvm/java-7-openjdk-amd64/jre/lib/amd64/server/libjvm.so at 0x00007f1d92031000
R12=0x0000000000000000 is an unknown value
R13=0x00000000d79ae110 is an oop
{method} 
 - klass: {other class}
R14=0x00007f1d91810168 is pointing into the stack for thread: 0x00007f1d8c00a800
R15=0x00007f1d8c00a800 is a thread


Stack: [0x00007f1d91612000,0x00007f1d91813000],  sp=0x00007f1d91810040,  free space=2040k
Native frames: (J=compiled Java code, j=interpreted, Vv=VM code, C=native code)
C  [libdouble_linked_list.so+0xdc1]  empty_list+0x1a
C  [libdouble_linked_list.so+0x10b9]  pop_front+0x18

Java frames: (J=compiled Java code, j=interpreted, Vv=VM code)
j  com.kenai.jffi.Foreign.invokeL1(JJJ)J+0
j  com.kenai.jffi.Invoker.invokeL1(Lcom/kenai/jffi/CallContext;JJ)J+7
j  org.jruby.ext.ffi.jffi.NativeInvoker$ffi$4.call(Lorg/jruby/runtime/ThreadContext;Lorg/jruby/runtime/builtin/IRubyObject;Lorg/jruby/RubyModule;Ljava/lang/String;Lorg/jruby/runtime/builtin/IRubyObject;)Lorg/jruby/runtime/builtin/IRubyObject;+76
j  org.jruby.runtime.callsite.CachingCallSite.cacheAndCall(Lorg/jruby/runtime/builtin/IRubyObject;Lorg/jruby/RubyClass;Lorg/jruby/runtime/ThreadContext;Lorg/jruby/runtime/builtin/IRubyObject;Lorg/jruby/runtime/builtin/IRubyObject;)Lorg/jruby/runtime/builtin/IRubyObject;+57
J  org.jruby.runtime.callsite.CachingCallSite.call(Lorg/jruby/runtime/ThreadContext;Lorg/jruby/runtime/builtin/IRubyObject;Lorg/jruby/runtime/builtin/IRubyObject;Lorg/jruby/runtime/builtin/IRubyObject;)Lorg/jruby/runtime/builtin/IRubyObject;
J  org.jruby.ast.CallOneArgNode.interpret(Lorg/jruby/Ruby;Lorg/jruby/runtime/ThreadContext;Lorg/jruby/runtime/builtin/IRubyObject;Lorg/jruby/runtime/Block;)Lorg/jruby/runtime/builtin/IRubyObject;
j  org.jruby.ast.LocalAsgnNode.interpret(Lorg/jruby/Ruby;Lorg/jruby/runtime/ThreadContext;Lorg/jruby/runtime/builtin/IRubyObject;Lorg/jruby/runtime/Block;)Lorg/jruby/runtime/builtin/IRubyObject;+30
J  org.jruby.ast.BlockNode.interpret(Lorg/jruby/Ruby;Lorg/jruby/runtime/ThreadContext;Lorg/jruby/runtime/builtin/IRubyObject;Lorg/jruby/runtime/Block;)Lorg/jruby/runtime/builtin/IRubyObject;
j  org.jruby.evaluator.ASTInterpreter.INTERPRET_METHOD(Lorg/jruby/Ruby;Lorg/jruby/runtime/ThreadContext;Ljava/lang/String;ILorg/jruby/RubyModule;Lorg/jruby/ast/Node;Ljava/lang/String;Lorg/jruby/runtime/builtin/IRubyObject;Lorg/jruby/runtime/Block;Z)Lorg/jruby/runtime/builtin/IRubyObject;+30
j  org.jruby.internal.runtime.methods.InterpretedMethod.call(Lorg/jruby/runtime/ThreadContext;Lorg/jruby/runtime/builtin/IRubyObject;Lorg/jruby/RubyModule;Ljava/lang/String;)Lorg/jruby/runtime/builtin/IRubyObject;+80
j  org.jruby.internal.runtime.methods.DefaultMethod.call(Lorg/jruby/runtime/ThreadContext;Lorg/jruby/runtime/builtin/IRubyObject;Lorg/jruby/RubyModule;Ljava/lang/String;)Lorg/jruby/runtime/builtin/IRubyObject;+20
J  org.jruby.ast.CallNoArgNode.interpret(Lorg/jruby/Ruby;Lorg/jruby/runtime/ThreadContext;Lorg/jruby/runtime/builtin/IRubyObject;Lorg/jruby/runtime/Block;)Lorg/jruby/runtime/builtin/IRubyObject;
j  org.jruby.ast.FCallTwoArgNode.interpret(Lorg/jruby/Ruby;Lorg/jruby/runtime/ThreadContext;Lorg/jruby/runtime/builtin/IRubyObject;Lorg/jruby/runtime/Block;)Lorg/jruby/runtime/builtin/IRubyObject;+28
J  org.jruby.ast.BlockNode.interpret(Lorg/jruby/Ruby;Lorg/jruby/runtime/ThreadContext;Lorg/jruby/runtime/builtin/IRubyObject;Lorg/jruby/runtime/Block;)Lorg/jruby/runtime/builtin/IRubyObject;
j  org.jruby.evaluator.ASTInterpreter.INTERPRET_METHOD(Lorg/jruby/Ruby;Lorg/jruby/runtime/ThreadContext;Ljava/lang/String;ILorg/jruby/RubyModule;Lorg/jruby/ast/Node;Ljava/lang/String;Lorg/jruby/runtime/builtin/IRubyObject;Lorg/jruby/runtime/Block;Z)Lorg/jruby/runtime/builtin/IRubyObject;+30
j  org.jruby.internal.runtime.methods.InterpretedMethod.call(Lorg/jruby/runtime/ThreadContext;Lorg/jruby/runtime/builtin/IRubyObject;Lorg/jruby/RubyModule;Ljava/lang/String;)Lorg/jruby/runtime/builtin/IRubyObject;+80
j  org.jruby.internal.runtime.methods.DefaultMethod.call(Lorg/jruby/runtime/ThreadContext;Lorg/jruby/runtime/builtin/IRubyObject;Lorg/jruby/RubyModule;Ljava/lang/String;)Lorg/jruby/runtime/builtin/IRubyObject;+20
j  org.jruby.runtime.callsite.CachingCallSite.cacheAndCall(Lorg/jruby/runtime/builtin/IRubyObject;Lorg/jruby/RubyClass;Lorg/jruby/runtime/ThreadContext;Lorg/jruby/runtime/builtin/IRubyObject;)Lorg/jruby/runtime/builtin/IRubyObject;+53
j  org.jruby.runtime.callsite.CachingCallSite.call(Lorg/jruby/runtime/ThreadContext;Lorg/jruby/runtime/builtin/IRubyObject;Lorg/jruby/runtime/builtin/IRubyObject;)Lorg/jruby/runtime/builtin/IRubyObject;+46
j  Makefile.method__3$RUBY$test(LMakefile;Lorg/jruby/runtime/ThreadContext;Lorg/jruby/runtime/builtin/IRubyObject;Lorg/jruby/runtime/Block;)Lorg/jruby/runtime/builtin/IRubyObject;+130
j  Makefile$method__3$RUBY$test.call(Lorg/jruby/runtime/ThreadContext;Lorg/jruby/runtime/builtin/IRubyObject;Lorg/jruby/RubyModule;Ljava/lang/String;Lorg/jruby/runtime/Block;)Lorg/jruby/runtime/builtin/IRubyObject;+17
j  org.jruby.RubyClass.finvoke(Lorg/jruby/runtime/ThreadContext;Lorg/jruby/runtime/builtin/IRubyObject;Ljava/lang/String;Lorg/jruby/runtime/Block;)Lorg/jruby/runtime/builtin/IRubyObject;+41
j  org.jruby.RubyBasicObject.send19(Lorg/jruby/runtime/ThreadContext;Lorg/jruby/runtime/builtin/IRubyObject;Lorg/jruby/runtime/Block;)Lorg/jruby/runtime/builtin/IRubyObject;+15
j  org.jruby.RubyKernel.send19(Lorg/jruby/runtime/ThreadContext;Lorg/jruby/runtime/builtin/IRubyObject;Lorg/jruby/runtime/builtin/IRubyObject;Lorg/jruby/runtime/Block;)Lorg/jruby/runtime/builtin/IRubyObject;+7
j  org.jruby.RubyKernel$INVOKER$s$send19.call(Lorg/jruby/runtime/ThreadContext;Lorg/jruby/runtime/builtin/IRubyObject;Lorg/jruby/RubyModule;Ljava/lang/String;Lorg/jruby/runtime/builtin/IRubyObject;Lorg/jruby/runtime/Block;)Lorg/jruby/runtime/builtin/IRubyObject;+6
j  org.jruby.internal.runtime.methods.JavaMethod$JavaMethodOneOrNBlock.call(Lorg/jruby/runtime/ThreadContext;Lorg/jruby/runtime/builtin/IRubyObject;Lorg/jruby/RubyModule;Ljava/lang/String;Lorg/jruby/runtime/builtin/IRubyObject;)Lorg/jruby/runtime/builtin/IRubyObject;+11
j  org.jruby.runtime.callsite.CachingCallSite.call(Lorg/jruby/runtime/ThreadContext;Lorg/jruby/runtime/builtin/IRubyObject;Lorg/jruby/runtime/builtin/IRubyObject;Lorg/jruby/runtime/builtin/IRubyObject;)Lorg/jruby/runtime/builtin/IRubyObject;+38
j  Makefile.block_7$RUBY$__file__(LMakefile;Lorg/jruby/runtime/ThreadContext;Lorg/jruby/runtime/builtin/IRubyObject;[Lorg/jruby/runtime/builtin/IRubyObject;Lorg/jruby/runtime/Block;)Lorg/jruby/runtime/builtin/IRubyObject;+46
j  Makefile$block_7$RUBY$__file__.call(Lorg/jruby/runtime/ThreadContext;Lorg/jruby/runtime/builtin/IRubyObject;[Lorg/jruby/runtime/builtin/IRubyObject;Lorg/jruby/runtime/Block;)Lorg/jruby/runtime/builtin/IRubyObject;+9
j  org.jruby.runtime.CompiledBlock19.yield(Lorg/jruby/runtime/ThreadContext;Lorg/jruby/runtime/builtin/IRubyObject;Lorg/jruby/runtime/Binding;Lorg/jruby/runtime/Block$Type;)Lorg/jruby/runtime/builtin/IRubyObject;+52
j  org.jruby.runtime.Block.yield(Lorg/jruby/runtime/ThreadContext;Lorg/jruby/runtime/builtin/IRubyObject;)Lorg/jruby/runtime/builtin/IRubyObject;+14
j  org.jruby.RubyArray.eachCommon(Lorg/jruby/runtime/ThreadContext;Lorg/jruby/runtime/Block;)Lorg/jruby/runtime/builtin/IRubyObject;+41
j  org.jruby.RubyArray.each(Lorg/jruby/runtime/ThreadContext;Lorg/jruby/runtime/Block;)Lorg/jruby/runtime/builtin/IRubyObject;+10
j  org.jruby.RubyArray$INVOKER$i$0$0$each.call(Lorg/jruby/runtime/ThreadContext;Lorg/jruby/runtime/builtin/IRubyObject;Lorg/jruby/RubyModule;Ljava/lang/String;Lorg/jruby/runtime/Block;)Lorg/jruby/runtime/builtin/IRubyObject;+7
j  org.jruby.runtime.callsite.CachingCallSite.cacheAndCall(Lorg/jruby/runtime/builtin/IRubyObject;Lorg/jruby/RubyClass;Lorg/jruby/runtime/Block;Lorg/jruby/runtime/ThreadContext;Lorg/jruby/runtime/builtin/IRubyObject;)Lorg/jruby/runtime/builtin/IRubyObject;+57
j  org.jruby.runtime.callsite.CachingCallSite.callBlock(Lorg/jruby/runtime/ThreadContext;Lorg/jruby/runtime/builtin/IRubyObject;Lorg/jruby/runtime/builtin/IRubyObject;Lorg/jruby/runtime/Block;)Lorg/jruby/runtime/builtin/IRubyObject;+50
j  org.jruby.runtime.callsite.CachingCallSite.callIter(Lorg/jruby/runtime/ThreadContext;Lorg/jruby/runtime/builtin/IRubyObject;Lorg/jruby/runtime/builtin/IRubyObject;Lorg/jruby/runtime/Block;)Lorg/jruby/runtime/builtin/IRubyObject;+6
j  Makefile.__file__(LMakefile;Lorg/jruby/runtime/ThreadContext;Lorg/jruby/runtime/builtin/IRubyObject;[Lorg/jruby/runtime/builtin/IRubyObject;Lorg/jruby/runtime/Block;)Lorg/jruby/runtime/builtin/IRubyObject;+938
j  Makefile.load(Lorg/jruby/runtime/ThreadContext;Lorg/jruby/runtime/builtin/IRubyObject;Z)Lorg/jruby/runtime/builtin/IRubyObject;+22
j  org.jruby.Ruby.runScript(Lorg/jruby/ast/executable/Script;Z)Lorg/jruby/runtime/builtin/IRubyObject;+12
j  org.jruby.Ruby.runScript(Lorg/jruby/ast/executable/Script;)Lorg/jruby/runtime/builtin/IRubyObject;+3
j  org.jruby.Ruby.runNormally(Lorg/jruby/ast/Node;)Lorg/jruby/runtime/builtin/IRubyObject;+73
j  org.jruby.Ruby.runFromMain(Ljava/io/InputStream;Ljava/lang/String;)V+320
j  org.jruby.Main.doRunFromMain(Lorg/jruby/Ruby;Ljava/io/InputStream;Ljava/lang/String;)Lorg/jruby/Main$Status;+12
j  org.jruby.Main.internalRun()Lorg/jruby/Main$Status;+234
j  org.jruby.Main.run([Ljava/lang/String;)Lorg/jruby/Main$Status;+9
j  org.jruby.Main.main([Ljava/lang/String;)V+35
v  ~StubRoutines::call_stub

---------------  P R O C E S S  ---------------

Java Threads: ( => current thread )
  0x00007f1d8c4b9800 JavaThread "JRubyJIT-2" daemon [_thread_blocked, id=7291, stack(0x00007f1d7b3d8000,0x00007f1d7b5d9000)]
  0x00007f1d8c4a9800 JavaThread "process reaper" daemon [_thread_blocked, id=7171, stack(0x00007f1d88004000,0x00007f1d8803d000)]
  0x00007f1d8c499000 JavaThread "JRubyJIT-1" daemon [_thread_blocked, id=7168, stack(0x00007f1d7b9db000,0x00007f1d7bbdc000)]
  0x00007f1d8c0ae000 JavaThread "Service Thread" daemon [_thread_blocked, id=7166, stack(0x00007f1d8172a000,0x00007f1d8192b000)]
  0x00007f1d8c0ab800 JavaThread "C2 CompilerThread1" daemon [_thread_in_vm, id=7165, stack(0x00007f1d8192b000,0x00007f1d81a2c000)]
  0x00007f1d8c0a8800 JavaThread "C2 CompilerThread0" daemon [_thread_in_native, id=7164, stack(0x00007f1d81a2c000,0x00007f1d81b2d000)]
  0x00007f1d8c0a6800 JavaThread "Signal Dispatcher" daemon [_thread_blocked, id=7163, stack(0x00007f1d81b2d000,0x00007f1d81d2e000)]
  0x00007f1d8c082800 JavaThread "Finalizer" daemon [_thread_blocked, id=7162, stack(0x00007f1d82128000,0x00007f1d82329000)]
  0x00007f1d8c080800 JavaThread "Reference Handler" daemon [_thread_blocked, id=7161, stack(0x00007f1d82329000,0x00007f1d8252a000)]
=>0x00007f1d8c00a800 JavaThread "main" [_thread_in_native, id=7155, stack(0x00007f1d91612000,0x00007f1d91813000)]

Other Threads:
  0x00007f1d8c07c800 VMThread [stack: 0x00007f1d8252a000,0x00007f1d8262b000] [id=7160]
  0x00007f1d8c0b8800 WatcherThread [stack: 0x00007f1d81629000,0x00007f1d8172a000] [id=7167]

VM state:not at safepoint (normal execution)

VM Mutex/Monitor currently owned by a thread: None

Heap
 PSYoungGen      total 32768K, used 4082K [0x00000000f5900000, 0x00000000f9900000, 0x0000000100000000)
  eden space 30720K, 6% used [0x00000000f5900000,0x00000000f5aff420,0x00000000f7700000)
  from space 2048K, 99% used [0x00000000f7700000,0x00000000f78fd528,0x00000000f7900000)
  to   space 2048K, 0% used [0x00000000f9700000,0x00000000f9700000,0x00000000f9900000)
 ParOldGen       total 38400K, used 9019K [0x00000000e0c00000, 0x00000000e3180000, 0x00000000f5900000)
  object space 38400K, 23% used [0x00000000e0c00000,0x00000000e14cec00,0x00000000e3180000)
 PSPermGen       total 25600K, used 25478K [0x00000000d6600000, 0x00000000d7f00000, 0x00000000e0c00000)
  object space 25600K, 99% used [0x00000000d6600000,0x00000000d7ee1b80,0x00000000d7f00000)

Card table byte_map: [0x00007f1d90438000,0x00007f1d90586000] byte_map_base: 0x00007f1d8fd85000

Polling page: 0x00007f1d93c20000

Code Cache  [0x00007f1d89000000, 0x00007f1d89270000, 0x00007f1d8c000000)
 total_blobs=1010 nmethods=531 adapters=433 free_code_cache=47549Kb largest_free_block=48647168

Compilation events (10 events):
Event: 4,228 Thread 0x00007f1d8c0ab800 nmethod 558 0x00007f1d8910b210 code [0x00007f1d8910b380, 0x00007f1d8910b538]
Event: 4,228 Thread 0x00007f1d8c0ab800  560             org.jruby.ext.ffi.Struct::initialize (136 bytes)
Event: 4,229 Thread 0x00007f1d8c0a8800 nmethod 559 0x00007f1d89105550 code [0x00007f1d891056c0, 0x00007f1d89105838]
Event: 4,229 Thread 0x00007f1d8c0a8800  561             org.jruby.ext.ffi.AbstractMemory::getSize (5 bytes)
Event: 4,229 Thread 0x00007f1d8c0a8800 nmethod 561 0x00007f1d8910b010 code [0x00007f1d8910b140, 0x00007f1d8910b198]
Event: 4,230 Thread 0x00007f1d8c0ab800 nmethod 560 0x00007f1d89105150 code [0x00007f1d891052a0, 0x00007f1d891053d8]
Event: 4,230 Thread 0x00007f1d8c0a8800  562             org.jruby.ext.ffi.StructLayout::getSize (5 bytes)
Event: 4,230 Thread 0x00007f1d8c0ab800  563             org.jruby.ext.ffi.jffi.DataConverters$MappedDataConverter::fromNative (10 bytes)
Event: 4,230 Thread 0x00007f1d8c0a8800 nmethod 562 0x00007f1d89106590 code [0x00007f1d891066c0, 0x00007f1d89106718]
Event: 4,230 Thread 0x00007f1d8c0a8800  564             org.jruby.ast.DAsgnNode::interpret (28 bytes)

GC Heap History (6 events):
Event: 1,403 GC heap before
{Heap before GC invocations=1 (full 0):
 PSYoungGen      total 17408K, used 15360K [0x00000000f5900000, 0x00000000f6c00000, 0x0000000100000000)
  eden space 15360K, 100% used [0x00000000f5900000,0x00000000f6800000,0x00000000f6800000)
  from space 2048K, 0% used [0x00000000f6a00000,0x00000000f6a00000,0x00000000f6c00000)
  to   space 2048K, 0% used [0x00000000f6800000,0x00000000f6800000,0x00000000f6a00000)
 ParOldGen       total 38400K, used 0K [0x00000000e0c00000, 0x00000000e3180000, 0x00000000f5900000)
  object space 38400K, 0% used [0x00000000e0c00000,0x00000000e0c00000,0x00000000e3180000)
 PSPermGen       total 21504K, used 18949K [0x00000000d6600000, 0x00000000d7b00000, 0x00000000e0c00000)
  object space 21504K, 88% used [0x00000000d6600000,0x00000000d78816e8,0x00000000d7b00000)
Event: 1,417 GC heap after
Heap after GC invocations=1 (full 0):
 PSYoungGen      total 17408K, used 2021K [0x00000000f5900000, 0x00000000f7b00000, 0x0000000100000000)
  eden space 15360K, 0% used [0x00000000f5900000,0x00000000f5900000,0x00000000f6800000)
  from space 2048K, 98% used [0x00000000f6800000,0x00000000f69f94c8,0x00000000f6a00000)
  to   space 2048K, 0% used [0x00000000f7900000,0x00000000f7900000,0x00000000f7b00000)
 ParOldGen       total 38400K, used 3797K [0x00000000e0c00000, 0x00000000e3180000, 0x00000000f5900000)
  object space 38400K, 9% used [0x00000000e0c00000,0x00000000e0fb5600,0x00000000e3180000)
 PSPermGen       total 21504K, used 18949K [0x00000000d6600000, 0x00000000d7b00000, 0x00000000e0c00000)
  object space 21504K, 88% used [0x00000000d6600000,0x00000000d78816e8,0x00000000d7b00000)
}
Event: 2,314 GC heap before
{Heap before GC invocations=2 (full 0):
 PSYoungGen      total 17408K, used 17381K [0x00000000f5900000, 0x00000000f7b00000, 0x0000000100000000)
  eden space 15360K, 100% used [0x00000000f5900000,0x00000000f6800000,0x00000000f6800000)
  from space 2048K, 98% used [0x00000000f6800000,0x00000000f69f94c8,0x00000000f6a00000)
  to   space 2048K, 0% used [0x00000000f7900000,0x00000000f7900000,0x00000000f7b00000)
 ParOldGen       total 38400K, used 3797K [0x00000000e0c00000, 0x00000000e3180000, 0x00000000f5900000)
  object space 38400K, 9% used [0x00000000e0c00000,0x00000000e0fb5600,0x00000000e3180000)
 PSPermGen       total 23552K, used 23439K [0x00000000d6600000, 0x00000000d7d00000, 0x00000000e0c00000)
  object space 23552K, 99% used [0x00000000d6600000,0x00000000d7ce3d98,0x00000000d7d00000)
Event: 2,332 GC heap after
Heap after GC invocations=2 (full 0):
 PSYoungGen      total 32768K, used 2037K [0x00000000f5900000, 0x00000000f7b00000, 0x0000000100000000)
  eden space 30720K, 0% used [0x00000000f5900000,0x00000000f5900000,0x00000000f7700000)
  from space 2048K, 99% used [0x00000000f7900000,0x00000000f7afd528,0x00000000f7b00000)
  to   space 2048K, 0% used [0x00000000f7700000,0x00000000f7700000,0x00000000f7900000)
 ParOldGen       total 38400K, used 5888K [0x00000000e0c00000, 0x00000000e3180000, 0x00000000f5900000)
  object space 38400K, 15% used [0x00000000e0c00000,0x00000000e11c03f8,0x00000000e3180000)
 PSPermGen       total 23552K, used 23439K [0x00000000d6600000, 0x00000000d7d00000, 0x00000000e0c00000)
  object space 23552K, 99% used [0x00000000d6600000,0x00000000d7ce3d98,0x00000000d7d00000)
}
Event: 4,184 GC heap before
{Heap before GC invocations=3 (full 0):
 PSYoungGen      total 32768K, used 32757K [0x00000000f5900000, 0x00000000f7b00000, 0x0000000100000000)
  eden space 30720K, 100% used [0x00000000f5900000,0x00000000f7700000,0x00000000f7700000)
  from space 2048K, 99% used [0x00000000f7900000,0x00000000f7afd528,0x00000000f7b00000)
  to   space 2048K, 0% used [0x00000000f7700000,0x00000000f7700000,0x00000000f7900000)
 ParOldGen       total 38400K, used 5888K [0x00000000e0c00000, 0x00000000e3180000, 0x00000000f5900000)
  object space 38400K, 15% used [0x00000000e0c00000,0x00000000e11c03f8,0x00000000e3180000)
 PSPermGen       total 25600K, used 25477K [0x00000000d6600000, 0x00000000d7f00000, 0x00000000e0c00000)
  object space 25600K, 99% used [0x00000000d6600000,0x00000000d7ee16b0,0x00000000d7f00000)
Event: 4,205 GC heap after
Heap after GC invocations=3 (full 0):
 PSYoungGen      total 32768K, used 2037K [0x00000000f5900000, 0x00000000f9900000, 0x0000000100000000)
  eden space 30720K, 0% used [0x00000000f5900000,0x00000000f5900000,0x00000000f7700000)
  from space 2048K, 99% used [0x00000000f7700000,0x00000000f78fd528,0x00000000f7900000)
  to   space 2048K, 0% used [0x00000000f9700000,0x00000000f9700000,0x00000000f9900000)
 ParOldGen       total 38400K, used 9019K [0x00000000e0c00000, 0x00000000e3180000, 0x00000000f5900000)
  object space 38400K, 23% used [0x00000000e0c00000,0x00000000e14cec00,0x00000000e3180000)
 PSPermGen       total 25600K, used 25477K [0x00000000d6600000, 0x00000000d7f00000, 0x00000000e0c00000)
  object space 25600K, 99% used [0x00000000d6600000,0x00000000d7ee16b0,0x00000000d7f00000)
}

Deoptimization events (10 events):
Event: 4,086 Thread 0x00007f1d8c00a800 Uncommon trap: reason=class_check action=maybe_recompile pc=0x00007f1d89181fbc method=org.jruby.runtime.scope.TwoVarDynamicScope.getValue(II)Lorg/jruby/runtime/builtin/IRubyObject; @ 12
Event: 4,086 Thread 0x00007f1d8c00a800 Uncommon trap: reason=class_check action=maybe_recompile pc=0x00007f1d89181fbc method=org.jruby.runtime.scope.TwoVarDynamicScope.getValue(II)Lorg/jruby/runtime/builtin/IRubyObject; @ 12
Event: 4,120 Thread 0x00007f1d8c00a800 Uncommon trap: reason=class_check action=maybe_recompile pc=0x00007f1d890bf938 method=org.jruby.RubyArray.compare(Lorg/jruby/runtime/ThreadContext;Lorg/jruby/runtime/invokedynamic/MethodNames;Lorg/jruby/runtime/builtin/IRubyObject;)Lorg/jruby/RubyBoolean;
Event: 4,172 Thread 0x00007f1d8c00a800 Uncommon trap: reason=class_check action=maybe_recompile pc=0x00007f1d890bf938 method=org.jruby.RubyArray.compare(Lorg/jruby/runtime/ThreadContext;Lorg/jruby/runtime/invokedynamic/MethodNames;Lorg/jruby/runtime/builtin/IRubyObject;)Lorg/jruby/RubyBoolean;
Event: 4,206 Thread 0x00007f1d8c00a800 Uncommon trap: reason=array_check action=maybe_recompile pc=0x00007f1d8910d0e4 method=org.jruby.util.Qsort.swap([Ljava/lang/Object;II)V @ 9
Event: 4,206 Thread 0x00007f1d8c00a800 Uncommon trap: reason=array_check action=maybe_recompile pc=0x00007f1d8910d0e4 method=org.jruby.util.Qsort.swap([Ljava/lang/Object;II)V @ 9
Event: 4,207 Thread 0x00007f1d8c00a800 Uncommon trap: reason=array_check action=maybe_recompile pc=0x00007f1d8910d0e4 method=org.jruby.util.Qsort.swap([Ljava/lang/Object;II)V @ 9
Event: 4,207 Thread 0x00007f1d8c00a800 Uncommon trap: reason=array_check action=maybe_recompile pc=0x00007f1d8910d0e4 method=org.jruby.util.Qsort.swap([Ljava/lang/Object;II)V @ 9
Event: 4,227 Thread 0x00007f1d8c00a800 Uncommon trap: reason=class_check action=maybe_recompile pc=0x00007f1d890bf938 method=org.jruby.RubyArray.compare(Lorg/jruby/runtime/ThreadContext;Lorg/jruby/runtime/invokedynamic/MethodNames;Lorg/jruby/runtime/builtin/IRubyObject;)Lorg/jruby/RubyBoolean;
Event: 4,229 Thread 0x00007f1d8c00a800 Uncommon trap: reason=class_check action=maybe_recompile pc=0x00007f1d891772c4 method=org.jruby.ext.ffi.StructByReference.to_native(Lorg/jruby/runtime/ThreadContext;Lorg/jruby/runtime/builtin/IRubyObject;Lorg/jruby/runtime/builtin/IRubyObject;)Lorg/jruby/

Internal exceptions (10 events):
Event: 3,589 Thread 0x00007f1d8c00a800 Threw 0x00000000f6d55338 at /build/buildd/openjdk-7-7u51-2.4.4/build/openjdk/hotspot/src/share/vm/prims/jvm.cpp:1244
Event: 3,589 Thread 0x00007f1d8c00a800 Threw 0x00000000f6d571d8 at /build/buildd/openjdk-7-7u51-2.4.4/build/openjdk/hotspot/src/share/vm/prims/jvm.cpp:1244
Event: 3,589 Thread 0x00007f1d8c00a800 Threw 0x00000000f6d59298 at /build/buildd/openjdk-7-7u51-2.4.4/build/openjdk/hotspot/src/share/vm/prims/jvm.cpp:1244
Event: 3,590 Thread 0x00007f1d8c00a800 Threw 0x00000000f6d59d48 at /build/buildd/openjdk-7-7u51-2.4.4/build/openjdk/hotspot/src/share/vm/prims/jvm.cpp:1244
Event: 3,591 Thread 0x00007f1d8c00a800 Threw 0x00000000f6d658b8 at /build/buildd/openjdk-7-7u51-2.4.4/build/openjdk/hotspot/src/share/vm/prims/jvm.cpp:1244
Event: 3,591 Thread 0x00007f1d8c00a800 Threw 0x00000000f6d67978 at /build/buildd/openjdk-7-7u51-2.4.4/build/openjdk/hotspot/src/share/vm/prims/jvm.cpp:1244
Event: 3,591 Thread 0x00007f1d8c00a800 Threw 0x00000000f6d68428 at /build/buildd/openjdk-7-7u51-2.4.4/build/openjdk/hotspot/src/share/vm/prims/jvm.cpp:1244
Event: 3,591 Thread 0x00007f1d8c00a800 Threw 0x00000000f6d6a2c8 at /build/buildd/openjdk-7-7u51-2.4.4/build/openjdk/hotspot/src/share/vm/prims/jvm.cpp:1244
Event: 3,591 Thread 0x00007f1d8c00a800 Threw 0x00000000f6d6c388 at /build/buildd/openjdk-7-7u51-2.4.4/build/openjdk/hotspot/src/share/vm/prims/jvm.cpp:1244
Event: 3,591 Thread 0x00007f1d8c00a800 Threw 0x00000000f6d6ce38 at /build/buildd/openjdk-7-7u51-2.4.4/build/openjdk/hotspot/src/share/vm/prims/jvm.cpp:1244

Events (10 events):
Event: 4,207 Thread 0x00007f1d8c00a800 DEOPT UNPACKING pc=0x00007f1d89039045 sp=0x00007f1d9180fe98 mode 2
Event: 4,207 Thread 0x00007f1d8c00a800 Uncommon trap: trap_request=0xffffffd6 fr.pc=0x00007f1d8910d0e4
Event: 4,207 Thread 0x00007f1d8c00a800 DEOPT PACKING pc=0x00007f1d8910d0e4 sp=0x00007f1d9180ff20
Event: 4,207 Thread 0x00007f1d8c00a800 DEOPT UNPACKING pc=0x00007f1d89039045 sp=0x00007f1d9180fe98 mode 2
Event: 4,227 Thread 0x00007f1d8c00a800 Uncommon trap: trap_request=0xffffffde fr.pc=0x00007f1d890bf938
Event: 4,227 Thread 0x00007f1d8c00a800 DEOPT PACKING pc=0x00007f1d890bf938 sp=0x00007f1d9180ffc0
Event: 4,227 Thread 0x00007f1d8c00a800 DEOPT UNPACKING pc=0x00007f1d89039045 sp=0x00007f1d9180ff98 mode 2
Event: 4,229 Thread 0x00007f1d8c00a800 Uncommon trap: trap_request=0xffffffde fr.pc=0x00007f1d891772c4
Event: 4,229 Thread 0x00007f1d8c00a800 DEOPT PACKING pc=0x00007f1d891772c4 sp=0x00007f1d9180ff50
Event: 4,229 Thread 0x00007f1d8c00a800 DEOPT UNPACKING pc=0x00007f1d89039045 sp=0x00007f1d9180fe80 mode 2


Dynamic libraries:
00400000-00401000 r-xp 00000000 08:01 15861394                           /usr/lib/jvm/java-7-openjdk-amd64/jre/bin/java
00600000-00601000 r--p 00000000 08:01 15861394                           /usr/lib/jvm/java-7-openjdk-amd64/jre/bin/java
00601000-00602000 rw-p 00001000 08:01 15861394                           /usr/lib/jvm/java-7-openjdk-amd64/jre/bin/java
011b3000-011d4000 rw-p 00000000 00:00 0                                  [heap]
d6600000-d7f00000 rw-p 00000000 00:00 0 
d7f00000-e0c00000 rw-p 00000000 00:00 0 
e0c00000-e3180000 rw-p 00000000 00:00 0 
e3180000-f5900000 rw-p 00000000 00:00 0 
f5900000-f9900000 rw-p 00000000 00:00 0 
f9900000-100000000 rw-p 00000000 00:00 0 
7f1d3c000000-7f1d3c021000 rw-p 00000000 00:00 0 
7f1d3c021000-7f1d40000000 ---p 00000000 00:00 0 
7f1d40000000-7f1d40021000 rw-p 00000000 00:00 0 
7f1d40021000-7f1d44000000 ---p 00000000 00:00 0 
7f1d44000000-7f1d44021000 rw-p 00000000 00:00 0 
7f1d44021000-7f1d48000000 ---p 00000000 00:00 0 
7f1d48000000-7f1d48021000 rw-p 00000000 00:00 0 
7f1d48021000-7f1d4c000000 ---p 00000000 00:00 0 
7f1d4c000000-7f1d4c021000 rw-p 00000000 00:00 0 
7f1d4c021000-7f1d50000000 ---p 00000000 00:00 0 
7f1d50000000-7f1d50027000 rw-p 00000000 00:00 0 
7f1d50027000-7f1d54000000 ---p 00000000 00:00 0 
7f1d54000000-7f1d54b34000 rw-p 00000000 00:00 0 
7f1d54b34000-7f1d58000000 ---p 00000000 00:00 0 
7f1d58000000-7f1d58021000 rw-p 00000000 00:00 0 
7f1d58021000-7f1d5c000000 ---p 00000000 00:00 0 
7f1d5c000000-7f1d5c021000 rw-p 00000000 00:00 0 
7f1d5c021000-7f1d60000000 ---p 00000000 00:00 0 
7f1d60000000-7f1d60d43000 rw-p 00000000 00:00 0 
7f1d60d43000-7f1d64000000 ---p 00000000 00:00 0 
7f1d64000000-7f1d64021000 rw-p 00000000 00:00 0 
7f1d64021000-7f1d68000000 ---p 00000000 00:00 0 
7f1d68000000-7f1d68021000 rw-p 00000000 00:00 0 
7f1d68021000-7f1d6c000000 ---p 00000000 00:00 0 
7f1d6c000000-7f1d6c021000 rw-p 00000000 00:00 0 
7f1d6c021000-7f1d70000000 ---p 00000000 00:00 0 
7f1d70000000-7f1d70021000 rw-p 00000000 00:00 0 
7f1d70021000-7f1d74000000 ---p 00000000 00:00 0 
7f1d74000000-7f1d74021000 rw-p 00000000 00:00 0 
7f1d74021000-7f1d78000000 ---p 00000000 00:00 0 
7f1d7a9ca000-7f1d7a9cb000 r-xp 00000000 08:01 13893853                   /home/alex/Documents/8vo_Semestre/Geometría Computacional/Lab/practica02p1/src/lib/libintersection.so
7f1d7a9cb000-7f1d7abca000 ---p 00001000 08:01 13893853                   /home/alex/Documents/8vo_Semestre/Geometría Computacional/Lab/practica02p1/src/lib/libintersection.so
7f1d7abca000-7f1d7abcb000 r--p 00000000 08:01 13893853                   /home/alex/Documents/8vo_Semestre/Geometría Computacional/Lab/practica02p1/src/lib/libintersection.so
7f1d7abcb000-7f1d7abcc000 rw-p 00001000 08:01 13893853                   /home/alex/Documents/8vo_Semestre/Geometría Computacional/Lab/practica02p1/src/lib/libintersection.so
7f1d7abcc000-7f1d7abce000 r-xp 00000000 08:01 13893852                   /home/alex/Documents/8vo_Semestre/Geometría Computacional/Lab/practica02p1/src/lib/librb_tree.so
7f1d7abce000-7f1d7adce000 ---p 00002000 08:01 13893852                   /home/alex/Documents/8vo_Semestre/Geometría Computacional/Lab/practica02p1/src/lib/librb_tree.so
7f1d7adce000-7f1d7adcf000 r--p 00002000 08:01 13893852                   /home/alex/Documents/8vo_Semestre/Geometría Computacional/Lab/practica02p1/src/lib/librb_tree.so
7f1d7adcf000-7f1d7add0000 rw-p 00003000 08:01 13893852                   /home/alex/Documents/8vo_Semestre/Geometría Computacional/Lab/practica02p1/src/lib/librb_tree.so
7f1d7add0000-7f1d7add2000 r-xp 00000000 08:01 13893851                   /home/alex/Documents/8vo_Semestre/Geometría Computacional/Lab/practica02p1/src/lib/libdouble_linked_list.so
7f1d7add2000-7f1d7afd1000 ---p 00002000 08:01 13893851                   /home/alex/Documents/8vo_Semestre/Geometría Computacional/Lab/practica02p1/src/lib/libdouble_linked_list.so
7f1d7afd1000-7f1d7afd2000 r--p 00001000 08:01 13893851                   /home/alex/Documents/8vo_Semestre/Geometría Computacional/Lab/practica02p1/src/lib/libdouble_linked_list.so
7f1d7afd2000-7f1d7afd3000 rw-p 00002000 08:01 13893851                   /home/alex/Documents/8vo_Semestre/Geometría Computacional/Lab/practica02p1/src/lib/libdouble_linked_list.so
7f1d7afd3000-7f1d7afd4000 r-xp 00000000 08:01 13893849                   /home/alex/Documents/8vo_Semestre/Geometría Computacional/Lab/practica02p1/src/lib/libhalf_edge.so
7f1d7afd4000-7f1d7b1d4000 ---p 00001000 08:01 13893849                   /home/alex/Documents/8vo_Semestre/Geometría Computacional/Lab/practica02p1/src/lib/libhalf_edge.so
7f1d7b1d4000-7f1d7b1d5000 r--p 00001000 08:01 13893849                   /home/alex/Documents/8vo_Semestre/Geometría Computacional/Lab/practica02p1/src/lib/libhalf_edge.so
7f1d7b1d5000-7f1d7b1d6000 rw-p 00002000 08:01 13893849                   /home/alex/Documents/8vo_Semestre/Geometría Computacional/Lab/practica02p1/src/lib/libhalf_edge.so
7f1d7b1d6000-7f1d7b1d7000 r-xp 00000000 08:01 13893835                   /home/alex/Documents/8vo_Semestre/Geometría Computacional/Lab/practica02p1/src/lib/lib2d_points.so
7f1d7b1d7000-7f1d7b3d6000 ---p 00001000 08:01 13893835                   /home/alex/Documents/8vo_Semestre/Geometría Computacional/Lab/practica02p1/src/lib/lib2d_points.so
7f1d7b3d6000-7f1d7b3d7000 r--p 00000000 08:01 13893835                   /home/alex/Documents/8vo_Semestre/Geometría Computacional/Lab/practica02p1/src/lib/lib2d_points.so
7f1d7b3d7000-7f1d7b3d8000 rw-p 00001000 08:01 13893835                   /home/alex/Documents/8vo_Semestre/Geometría Computacional/Lab/practica02p1/src/lib/lib2d_points.so
7f1d7b3d8000-7f1d7b3db000 ---p 00000000 00:00 0 
7f1d7b3db000-7f1d7b5d9000 rw-p 00000000 00:00 0                          [stack:7291]
7f1d7b5d9000-7f1d7b5dc000 ---p 00000000 00:00 0 
7f1d7b5dc000-7f1d7b7da000 rw-p 00000000 00:00 0 
7f1d7b7da000-7f1d7b7dd000 ---p 00000000 00:00 0 
7f1d7b7dd000-7f1d7b9db000 rw-p 00000000 00:00 0 
7f1d7b9db000-7f1d7b9de000 ---p 00000000 00:00 0 
7f1d7b9de000-7f1d7bbdc000 rw-p 00000000 00:00 0                          [stack:7168]
7f1d7bbdc000-7f1d7bbee000 r-xp 00000000 08:01 12059135                   /home/alex/.rbenv/versions/jruby-1.7.10/lib/jni/x86_64-Linux/libjffi-1.2.so
7f1d7bbee000-7f1d7bded000 ---p 00012000 08:01 12059135                   /home/alex/.rbenv/versions/jruby-1.7.10/lib/jni/x86_64-Linux/libjffi-1.2.so
7f1d7bded000-7f1d7bdee000 rw-p 00011000 08:01 12059135                   /home/alex/.rbenv/versions/jruby-1.7.10/lib/jni/x86_64-Linux/libjffi-1.2.so
7f1d7bdee000-7f1d7bdfe000 r-xp 00000000 08:01 15861288                   /usr/lib/jvm/java-7-openjdk-amd64/jre/lib/amd64/libnio.so
7f1d7bdfe000-7f1d7bffe000 ---p 00010000 08:01 15861288                   /usr/lib/jvm/java-7-openjdk-amd64/jre/lib/amd64/libnio.so
7f1d7bffe000-7f1d7bfff000 r--p 00010000 08:01 15861288                   /usr/lib/jvm/java-7-openjdk-amd64/jre/lib/amd64/libnio.so
7f1d7bfff000-7f1d7c000000 rw-p 00011000 08:01 15861288                   /usr/lib/jvm/java-7-openjdk-amd64/jre/lib/amd64/libnio.so
7f1d7c000000-7f1d7c021000 rw-p 00000000 00:00 0 
7f1d7c021000-7f1d80000000 ---p 00000000 00:00 0 
7f1d800d6000-7f1d80113000 r-xp 00000000 08:01 8130434                    /lib/x86_64-linux-gnu/libpcre.so.3.13.1
7f1d80113000-7f1d80313000 ---p 0003d000 08:01 8130434                    /lib/x86_64-linux-gnu/libpcre.so.3.13.1
7f1d80313000-7f1d80314000 r--p 0003d000 08:01 8130434                    /lib/x86_64-linux-gnu/libpcre.so.3.13.1
7f1d80314000-7f1d80315000 rw-p 0003e000 08:01 8130434                    /lib/x86_64-linux-gnu/libpcre.so.3.13.1
7f1d80315000-7f1d8031c000 r-xp 00000000 08:01 15735894                   /usr/lib/x86_64-linux-gnu/libffi.so.6.0.1
7f1d8031c000-7f1d8051b000 ---p 00007000 08:01 15735894                   /usr/lib/x86_64-linux-gnu/libffi.so.6.0.1
7f1d8051b000-7f1d8051c000 r--p 00006000 08:01 15735894                   /usr/lib/x86_64-linux-gnu/libffi.so.6.0.1
7f1d8051c000-7f1d8051d000 rw-p 00007000 08:01 15735894                   /usr/lib/x86_64-linux-gnu/libffi.so.6.0.1
7f1d8051d000-7f1d80533000 r-xp 00000000 08:01 8130457                    /lib/x86_64-linux-gnu/libresolv-2.17.so
7f1d80533000-7f1d80733000 ---p 00016000 08:01 8130457                    /lib/x86_64-linux-gnu/libresolv-2.17.so
7f1d80733000-7f1d80734000 r--p 00016000 08:01 8130457                    /lib/x86_64-linux-gnu/libresolv-2.17.so
7f1d80734000-7f1d80735000 rw-p 00017000 08:01 8130457                    /lib/x86_64-linux-gnu/libresolv-2.17.so
7f1d80735000-7f1d80737000 rw-p 00000000 00:00 0 
7f1d80737000-7f1d80756000 r-xp 00000000 08:01 8130461                    /lib/x86_64-linux-gnu/libselinux.so.1
7f1d80756000-7f1d80956000 ---p 0001f000 08:01 8130461                    /lib/x86_64-linux-gnu/libselinux.so.1
7f1d80956000-7f1d80957000 r--p 0001f000 08:01 8130461                    /lib/x86_64-linux-gnu/libselinux.so.1
7f1d80957000-7f1d80958000 rw-p 00020000 08:01 8130461                    /lib/x86_64-linux-gnu/libselinux.so.1
7f1d80958000-7f1d80959000 rw-p 00000000 00:00 0 
7f1d80959000-7f1d8095c000 r-xp 00000000 08:01 15729078                   /usr/lib/x86_64-linux-gnu/libgmodule-2.0.so.0.3800.1
7f1d8095c000-7f1d80b5b000 ---p 00003000 08:01 15729078                   /usr/lib/x86_64-linux-gnu/libgmodule-2.0.so.0.3800.1
7f1d80b5b000-7f1d80b5c000 r--p 00002000 08:01 15729078                   /usr/lib/x86_64-linux-gnu/libgmodule-2.0.so.0.3800.1
7f1d80b5c000-7f1d80b5d000 rw-p 00003000 08:01 15729078                   /usr/lib/x86_64-linux-gnu/libgmodule-2.0.so.0.3800.1
7f1d80b5d000-7f1d80c5b000 r-xp 00000000 08:01 8130449                    /lib/x86_64-linux-gnu/libglib-2.0.so.0.3800.1
7f1d80c5b000-7f1d80e5b000 ---p 000fe000 08:01 8130449                    /lib/x86_64-linux-gnu/libglib-2.0.so.0.3800.1
7f1d80e5b000-7f1d80e5c000 r--p 000fe000 08:01 8130449                    /lib/x86_64-linux-gnu/libglib-2.0.so.0.3800.1
7f1d80e5c000-7f1d80e5d000 rw-p 000ff000 08:01 8130449                    /lib/x86_64-linux-gnu/libglib-2.0.so.0.3800.1
7f1d80e5d000-7f1d80e5e000 rw-p 00000000 00:00 0 
7f1d80e5e000-7f1d80ead000 r-xp 00000000 08:01 15729069                   /usr/lib/x86_64-linux-gnu/libgobject-2.0.so.0.3800.1
7f1d80ead000-7f1d810ad000 ---p 0004f000 08:01 15729069                   /usr/lib/x86_64-linux-gnu/libgobject-2.0.so.0.3800.1
7f1d810ad000-7f1d810ae000 r--p 0004f000 08:01 15729069                   /usr/lib/x86_64-linux-gnu/libgobject-2.0.so.0.3800.1
7f1d810ae000-7f1d810af000 rw-p 00050000 08:01 15729069                   /usr/lib/x86_64-linux-gnu/libgobject-2.0.so.0.3800.1
7f1d810af000-7f1d8120b000 r-xp 00000000 08:01 15729043                   /usr/lib/x86_64-linux-gnu/libgio-2.0.so.0.3800.1
7f1d8120b000-7f1d8140a000 ---p 0015c000 08:01 15729043                   /usr/lib/x86_64-linux-gnu/libgio-2.0.so.0.3800.1
7f1d8140a000-7f1d8140e000 r--p 0015b000 08:01 15729043                   /usr/lib/x86_64-linux-gnu/libgio-2.0.so.0.3800.1
7f1d8140e000-7f1d81410000 rw-p 0015f000 08:01 15729043                   /usr/lib/x86_64-linux-gnu/libgio-2.0.so.0.3800.1
7f1d81410000-7f1d81412000 rw-p 00000000 00:00 0 
7f1d81412000-7f1d81428000 r-xp 00000000 08:01 15861076                   /usr/lib/jvm/java-7-openjdk-amd64/jre/lib/amd64/libnet.so
7f1d81428000-7f1d81627000 ---p 00016000 08:01 15861076                   /usr/lib/jvm/java-7-openjdk-amd64/jre/lib/amd64/libnet.so
7f1d81627000-7f1d81628000 r--p 00015000 08:01 15861076                   /usr/lib/jvm/java-7-openjdk-amd64/jre/lib/amd64/libnet.so
7f1d81628000-7f1d81629000 rw-p 00016000 08:01 15861076                   /usr/lib/jvm/java-7-openjdk-amd64/jre/lib/amd64/libnet.so
7f1d81629000-7f1d8162a000 ---p 00000000 00:00 0 
7f1d8162a000-7f1d8172a000 rw-p 00000000 00:00 0                          [stack:7167]
7f1d8172a000-7f1d8172d000 ---p 00000000 00:00 0 
7f1d8172d000-7f1d8192b000 rw-p 00000000 00:00 0                          [stack:7166]
7f1d8192b000-7f1d8192e000 ---p 00000000 00:00 0 
7f1d8192e000-7f1d81a2c000 rw-p 00000000 00:00 0                          [stack:7165]
7f1d81a2c000-7f1d81a2f000 ---p 00000000 00:00 0 
7f1d81a2f000-7f1d81b2d000 rw-p 00000000 00:00 0                          [stack:7164]
7f1d81b2d000-7f1d81b30000 ---p 00000000 00:00 0 
7f1d81b30000-7f1d81d2e000 rw-p 00000000 00:00 0                          [stack:7163]
7f1d81d2e000-7f1d82128000 r--p 00000000 08:01 15734328                   /usr/lib/locale/locale-archive
7f1d82128000-7f1d8212b000 ---p 00000000 00:00 0 
7f1d8212b000-7f1d82329000 rw-p 00000000 00:00 0                          [stack:7162]
7f1d82329000-7f1d8232c000 ---p 00000000 00:00 0 
7f1d8232c000-7f1d8252a000 rw-p 00000000 00:00 0                          [stack:7161]
7f1d8252a000-7f1d8252b000 ---p 00000000 00:00 0 
7f1d8252b000-7f1d84000000 rw-p 00000000 00:00 0                          [stack:7160]
7f1d84000000-7f1d84021000 rw-p 00000000 00:00 0 
7f1d84021000-7f1d88000000 ---p 00000000 00:00 0 
7f1d88003000-7f1d88004000 rw-p 00000000 00:00 0 
7f1d88004000-7f1d88007000 ---p 00000000 00:00 0 
7f1d88007000-7f1d8803d000 rw-p 00000000 00:00 0                          [stack:7171]
7f1d8803d000-7f1d8803e000 r-xp 00000000 00:00 0 
7f1d8803e000-7f1d88045000 r--s 00000000 08:01 16127910                   /usr/lib/x86_64-linux-gnu/gconv/gconv-modules.cache
7f1d88045000-7f1d88048000 r--s 00032000 08:01 15861310                   /usr/lib/jvm/java-7-openjdk-amd64/jre/lib/ext/sunjce_provider.jar
7f1d88048000-7f1d8804c000 r--s 00085000 08:01 15861304                   /usr/lib/jvm/java-7-openjdk-amd64/jre/lib/ext/localedata.jar
7f1d8804c000-7f1d88b03000 rw-p 00000000 00:00 0 
7f1d88b03000-7f1d88bec000 r--s 00bb9000 08:01 12059138                   /home/alex/.rbenv/versions/jruby-1.7.10/lib/jruby.jar
7f1d88bec000-7f1d88c34000 rw-p 00000000 00:00 0 
7f1d88c34000-7f1d88de2000 r--s 01cf4000 08:01 15861374                   /usr/lib/jvm/java-7-openjdk-amd64/jre/lib/rt.jar
7f1d88de2000-7f1d89000000 rw-p 00000000 00:00 0 
7f1d89000000-7f1d89270000 rwxp 00000000 00:00 0 
7f1d89270000-7f1d8c526000 rw-p 00000000 00:00 0 
7f1d8c526000-7f1d90000000 ---p 00000000 00:00 0 
7f1d90000000-7f1d90002000 r--s 00012000 08:01 15861308                   /usr/lib/jvm/java-7-openjdk-amd64/jre/lib/ext/zipfs.jar
7f1d90002000-7f1d90004000 r--s 00006000 08:01 16256853                   /usr/share/java/java-atk-wrapper.jar
7f1d90004000-7f1d90005000 r--s 00002000 08:01 15861314                   /usr/lib/jvm/java-7-openjdk-amd64/jre/lib/ext/dnsns.jar
7f1d90005000-7f1d90008000 r--s 0000f000 08:01 15861306                   /usr/lib/jvm/java-7-openjdk-amd64/jre/lib/ext/pulse-java.jar
7f1d90008000-7f1d9000c000 r--s 0003b000 08:01 15861316                   /usr/lib/jvm/java-7-openjdk-amd64/jre/lib/ext/sunpkcs11.jar
7f1d9000c000-7f1d90034000 rw-p 00000000 00:00 0 
7f1d90034000-7f1d90035000 ---p 00000000 00:00 0 
7f1d90035000-7f1d90135000 rw-p 00000000 00:00 0                          [stack:7159]
7f1d90135000-7f1d90136000 ---p 00000000 00:00 0 
7f1d90136000-7f1d90236000 rw-p 00000000 00:00 0                          [stack:7158]
7f1d90236000-7f1d90237000 ---p 00000000 00:00 0 
7f1d90237000-7f1d90337000 rw-p 00000000 00:00 0                          [stack:7157]
7f1d90337000-7f1d90338000 ---p 00000000 00:00 0 
7f1d90338000-7f1d90445000 rw-p 00000000 00:00 0                          [stack:7156]
7f1d90445000-7f1d9048b000 rw-p 00000000 00:00 0 
7f1d9048b000-7f1d9049e000 rw-p 00000000 00:00 0 
7f1d9049e000-7f1d90531000 rw-p 00000000 00:00 0 
7f1d90531000-7f1d90552000 rw-p 00000000 00:00 0 
7f1d90552000-7f1d90585000 rw-p 00000000 00:00 0 
7f1d90585000-7f1d90586000 rw-p 00000000 00:00 0 
7f1d90586000-7f1d9058e000 r-xp 00000000 08:01 15861025                   /usr/lib/jvm/java-7-openjdk-amd64/jre/lib/amd64/libzip.so
7f1d9058e000-7f1d9078d000 ---p 00008000 08:01 15861025                   /usr/lib/jvm/java-7-openjdk-amd64/jre/lib/amd64/libzip.so
7f1d9078d000-7f1d9078e000 r--p 00007000 08:01 15861025                   /usr/lib/jvm/java-7-openjdk-amd64/jre/lib/amd64/libzip.so
7f1d9078e000-7f1d9078f000 rw-p 00008000 08:01 15861025                   /usr/lib/jvm/java-7-openjdk-amd64/jre/lib/amd64/libzip.so
7f1d9078f000-7f1d9079b000 r-xp 00000000 08:01 8130412                    /lib/x86_64-linux-gnu/libnss_files-2.17.so
7f1d9079b000-7f1d9099a000 ---p 0000c000 08:01 8130412                    /lib/x86_64-linux-gnu/libnss_files-2.17.so
7f1d9099a000-7f1d9099b000 r--p 0000b000 08:01 8130412                    /lib/x86_64-linux-gnu/libnss_files-2.17.so
7f1d9099b000-7f1d9099c000 rw-p 0000c000 08:01 8130412                    /lib/x86_64-linux-gnu/libnss_files-2.17.so
7f1d9099c000-7f1d909a7000 r-xp 00000000 08:01 8130416                    /lib/x86_64-linux-gnu/libnss_nis-2.17.so
7f1d909a7000-7f1d90ba6000 ---p 0000b000 08:01 8130416                    /lib/x86_64-linux-gnu/libnss_nis-2.17.so
7f1d90ba6000-7f1d90ba7000 r--p 0000a000 08:01 8130416                    /lib/x86_64-linux-gnu/libnss_nis-2.17.so
7f1d90ba7000-7f1d90ba8000 rw-p 0000b000 08:01 8130416                    /lib/x86_64-linux-gnu/libnss_nis-2.17.so
7f1d90ba8000-7f1d90bbf000 r-xp 00000000 08:01 8130406                    /lib/x86_64-linux-gnu/libnsl-2.17.so
7f1d90bbf000-7f1d90dbe000 ---p 00017000 08:01 8130406                    /lib/x86_64-linux-gnu/libnsl-2.17.so
7f1d90dbe000-7f1d90dbf000 r--p 00016000 08:01 8130406                    /lib/x86_64-linux-gnu/libnsl-2.17.so
7f1d90dbf000-7f1d90dc0000 rw-p 00017000 08:01 8130406                    /lib/x86_64-linux-gnu/libnsl-2.17.so
7f1d90dc0000-7f1d90dc2000 rw-p 00000000 00:00 0 
7f1d90dc2000-7f1d90dca000 r-xp 00000000 08:01 8130408                    /lib/x86_64-linux-gnu/libnss_compat-2.17.so
7f1d90dca000-7f1d90fc9000 ---p 00008000 08:01 8130408                    /lib/x86_64-linux-gnu/libnss_compat-2.17.so
7f1d90fc9000-7f1d90fca000 r--p 00007000 08:01 8130408                    /lib/x86_64-linux-gnu/libnss_compat-2.17.so
7f1d90fca000-7f1d90fcb000 rw-p 00008000 08:01 8130408                    /lib/x86_64-linux-gnu/libnss_compat-2.17.so
7f1d90fcb000-7f1d90ff6000 r-xp 00000000 08:01 15860951                   /usr/lib/jvm/java-7-openjdk-amd64/jre/lib/amd64/libjava.so
7f1d90ff6000-7f1d911f5000 ---p 0002b000 08:01 15860951                   /usr/lib/jvm/java-7-openjdk-amd64/jre/lib/amd64/libjava.so
7f1d911f5000-7f1d911f6000 r--p 0002a000 08:01 15860951                   /usr/lib/jvm/java-7-openjdk-amd64/jre/lib/amd64/libjava.so
7f1d911f6000-7f1d911f8000 rw-p 0002b000 08:01 15860951                   /usr/lib/jvm/java-7-openjdk-amd64/jre/lib/amd64/libjava.so
7f1d911f8000-7f1d91208000 r-xp 00000000 08:01 15861265                   /usr/lib/jvm/java-7-openjdk-amd64/jre/lib/amd64/libverify.so
7f1d91208000-7f1d91407000 ---p 00010000 08:01 15861265                   /usr/lib/jvm/java-7-openjdk-amd64/jre/lib/amd64/libverify.so
7f1d91407000-7f1d91409000 r--p 0000f000 08:01 15861265                   /usr/lib/jvm/java-7-openjdk-amd64/jre/lib/amd64/libverify.so
7f1d91409000-7f1d9140a000 rw-p 00011000 08:01 15861265                   /usr/lib/jvm/java-7-openjdk-amd64/jre/lib/amd64/libverify.so
7f1d9140a000-7f1d91411000 r-xp 00000000 08:01 8130459                    /lib/x86_64-linux-gnu/librt-2.17.so
7f1d91411000-7f1d91610000 ---p 00007000 08:01 8130459                    /lib/x86_64-linux-gnu/librt-2.17.so
7f1d91610000-7f1d91611000 r--p 00006000 08:01 8130459                    /lib/x86_64-linux-gnu/librt-2.17.so
7f1d91611000-7f1d91612000 rw-p 00007000 08:01 8130459                    /lib/x86_64-linux-gnu/librt-2.17.so
7f1d91612000-7f1d91615000 ---p 00000000 00:00 0 
7f1d91615000-7f1d91813000 rw-p 00000000 00:00 0                          [stack:7155]
7f1d91813000-7f1d91828000 r-xp 00000000 08:01 8126477                    /lib/x86_64-linux-gnu/libgcc_s.so.1
7f1d91828000-7f1d91a27000 ---p 00015000 08:01 8126477                    /lib/x86_64-linux-gnu/libgcc_s.so.1
7f1d91a27000-7f1d91a28000 r--p 00014000 08:01 8126477                    /lib/x86_64-linux-gnu/libgcc_s.so.1
7f1d91a28000-7f1d91a29000 rw-p 00015000 08:01 8126477                    /lib/x86_64-linux-gnu/libgcc_s.so.1
7f1d91a29000-7f1d91b2c000 r-xp 00000000 08:01 8130387                    /lib/x86_64-linux-gnu/libm-2.17.so
7f1d91b2c000-7f1d91d2b000 ---p 00103000 08:01 8130387                    /lib/x86_64-linux-gnu/libm-2.17.so
7f1d91d2b000-7f1d91d2c000 r--p 00102000 08:01 8130387                    /lib/x86_64-linux-gnu/libm-2.17.so
7f1d91d2c000-7f1d91d2d000 rw-p 00103000 08:01 8130387                    /lib/x86_64-linux-gnu/libm-2.17.so
7f1d91d2d000-7f1d91e13000 r-xp 00000000 08:01 15729831                   /usr/lib/x86_64-linux-gnu/libstdc++.so.6.0.18
7f1d91e13000-7f1d92012000 ---p 000e6000 08:01 15729831                   /usr/lib/x86_64-linux-gnu/libstdc++.so.6.0.18
7f1d92012000-7f1d9201a000 r--p 000e5000 08:01 15729831                   /usr/lib/x86_64-linux-gnu/libstdc++.so.6.0.18
7f1d9201a000-7f1d9201c000 rw-p 000ed000 08:01 15729831                   /usr/lib/x86_64-linux-gnu/libstdc++.so.6.0.18
7f1d9201c000-7f1d92031000 rw-p 00000000 00:00 0 
7f1d92031000-7f1d92b10000 r-xp 00000000 08:01 15861284                   /usr/lib/jvm/java-7-openjdk-amd64/jre/lib/amd64/server/libjvm.so
7f1d92b10000-7f1d92d0f000 ---p 00adf000 08:01 15861284                   /usr/lib/jvm/java-7-openjdk-amd64/jre/lib/amd64/server/libjvm.so
7f1d92d0f000-7f1d92da1000 r--p 00ade000 08:01 15861284                   /usr/lib/jvm/java-7-openjdk-amd64/jre/lib/amd64/server/libjvm.so
7f1d92da1000-7f1d92dc4000 rw-p 00b70000 08:01 15861284                   /usr/lib/jvm/java-7-openjdk-amd64/jre/lib/amd64/server/libjvm.so
7f1d92dc4000-7f1d92df1000 rw-p 00000000 00:00 0 
7f1d92df1000-7f1d92e09000 r-xp 00000000 08:01 8130494                    /lib/x86_64-linux-gnu/libz.so.1.2.8
7f1d92e09000-7f1d93008000 ---p 00018000 08:01 8130494                    /lib/x86_64-linux-gnu/libz.so.1.2.8
7f1d93008000-7f1d93009000 r--p 00017000 08:01 8130494                    /lib/x86_64-linux-gnu/libz.so.1.2.8
7f1d93009000-7f1d9300a000 rw-p 00018000 08:01 8130494                    /lib/x86_64-linux-gnu/libz.so.1.2.8
7f1d9300a000-7f1d93021000 r-xp 00000000 08:01 8130451                    /lib/x86_64-linux-gnu/libpthread-2.17.so
7f1d93021000-7f1d93221000 ---p 00017000 08:01 8130451                    /lib/x86_64-linux-gnu/libpthread-2.17.so
7f1d93221000-7f1d93222000 r--p 00017000 08:01 8130451                    /lib/x86_64-linux-gnu/libpthread-2.17.so
7f1d93222000-7f1d93223000 rw-p 00018000 08:01 8130451                    /lib/x86_64-linux-gnu/libpthread-2.17.so
7f1d93223000-7f1d93227000 rw-p 00000000 00:00 0 
7f1d93227000-7f1d9322a000 r-xp 00000000 08:01 8130351                    /lib/x86_64-linux-gnu/libdl-2.17.so
7f1d9322a000-7f1d93429000 ---p 00003000 08:01 8130351                    /lib/x86_64-linux-gnu/libdl-2.17.so
7f1d93429000-7f1d9342a000 r--p 00002000 08:01 8130351                    /lib/x86_64-linux-gnu/libdl-2.17.so
7f1d9342a000-7f1d9342b000 rw-p 00003000 08:01 8130351                    /lib/x86_64-linux-gnu/libdl-2.17.so
7f1d9342b000-7f1d935e8000 r-xp 00000000 08:01 8130336                    /lib/x86_64-linux-gnu/libc-2.17.so
7f1d935e8000-7f1d937e8000 ---p 001bd000 08:01 8130336                    /lib/x86_64-linux-gnu/libc-2.17.so
7f1d937e8000-7f1d937ec000 r--p 001bd000 08:01 8130336                    /lib/x86_64-linux-gnu/libc-2.17.so
7f1d937ec000-7f1d937ee000 rw-p 001c1000 08:01 8130336                    /lib/x86_64-linux-gnu/libc-2.17.so
7f1d937ee000-7f1d937f3000 rw-p 00000000 00:00 0 
7f1d937f3000-7f1d93800000 r-xp 00000000 08:01 15861291                   /usr/lib/jvm/java-7-openjdk-amd64/jre/lib/amd64/jli/libjli.so
7f1d93800000-7f1d939ff000 ---p 0000d000 08:01 15861291                   /usr/lib/jvm/java-7-openjdk-amd64/jre/lib/amd64/jli/libjli.so
7f1d939ff000-7f1d93a00000 r--p 0000c000 08:01 15861291                   /usr/lib/jvm/java-7-openjdk-amd64/jre/lib/amd64/jli/libjli.so
7f1d93a00000-7f1d93a01000 rw-p 0000d000 08:01 15861291                   /usr/lib/jvm/java-7-openjdk-amd64/jre/lib/amd64/jli/libjli.so
7f1d93a01000-7f1d93a24000 r-xp 00000000 08:01 8130312                    /lib/x86_64-linux-gnu/ld-2.17.so
7f1d93a24000-7f1d93a29000 r--s 0004c000 08:01 15861296                   /usr/lib/jvm/java-7-openjdk-amd64/jre/lib/jsse.jar
7f1d93a29000-7f1d93a57000 rw-p 00000000 00:00 0 
7f1d93a57000-7f1d93a9d000 rw-p 00000000 00:00 0 
7f1d93a9d000-7f1d93ab0000 rw-p 00000000 00:00 0 
7f1d93ab0000-7f1d93b44000 rw-p 00000000 00:00 0 
7f1d93b44000-7f1d93b4e000 rw-p 00000000 00:00 0 
7f1d93b4e000-7f1d93c04000 rw-p 00000000 00:00 0 
7f1d93c04000-7f1d93c17000 rw-p 00000000 00:00 0 
7f1d93c17000-7f1d93c1f000 rw-s 00000000 08:01 5767370                    /tmp/hsperfdata_alex/7130
7f1d93c1f000-7f1d93c20000 rw-p 00000000 00:00 0 
7f1d93c20000-7f1d93c21000 r--p 00000000 00:00 0 
7f1d93c21000-7f1d93c23000 rw-p 00000000 00:00 0 
7f1d93c23000-7f1d93c24000 r--p 00022000 08:01 8130312                    /lib/x86_64-linux-gnu/ld-2.17.so
7f1d93c24000-7f1d93c26000 rw-p 00023000 08:01 8130312                    /lib/x86_64-linux-gnu/ld-2.17.so
7fff27a00000-7fff27a21000 rw-p 00000000 00:00 0                          [stack]
7fff27b38000-7fff27b3a000 r-xp 00000000 00:00 0                          [vdso]
ffffffffff600000-ffffffffff601000 r-xp 00000000 00:00 0                  [vsyscall]

VM Arguments:
jvm_args: -Djdk.home= -Djruby.home=/home/alex/.rbenv/versions/jruby-1.7.10 -Djruby.script=jruby -Djruby.shell=/bin/sh -Djffi.boot.library.path=/home/alex/.rbenv/versions/jruby-1.7.10/lib/jni:/home/alex/.rbenv/versions/jruby-1.7.10/lib/jni/i386-Linux:/home/alex/.rbenv/versions/jruby-1.7.10/lib/jni/arm-Linux:/home/alex/.rbenv/versions/jruby-1.7.10/lib/jni/x86_64-Linux -Xmx500m -Xss2048k -Xbootclasspath/a:/home/alex/.rbenv/versions/jruby-1.7.10/lib/jruby.jar 
java_command: org/jruby/Main Makefile.rb clean compile test clean
Launcher Type: SUN_STANDARD

Environment Variables:
PATH=/home/alex/.rbenv/versions/jruby-1.7.10/bin:/home/alex/.rbenv/libexec:/home/alex/.rbenv/plugins/ruby-build/bin:/home/alex/.rbenv/shims:~/.rbenv/bin:~/.rbenv/bin:/usr/local/sbin:/usr/local/bin:/usr/sbin:/usr/bin:/sbin:/bin:/usr/games:/usr/local/games
USERNAME=alex
SHELL=/bin/bash
DISPLAY=:0

Signal Handlers:
SIGSEGV: [libjvm.so+0x916ea0], sa_mask[0]=0x7ffbfeff, sa_flags=0x10000004
SIGBUS: [libjvm.so+0x916ea0], sa_mask[0]=0x7ffbfeff, sa_flags=0x10000004
SIGFPE: [libjvm.so+0x794800], sa_mask[0]=0x7ffbfeff, sa_flags=0x10000004
SIGPIPE: [libjvm.so+0x794800], sa_mask[0]=0x7ffbfeff, sa_flags=0x10000004
SIGXFSZ: [libjvm.so+0x794800], sa_mask[0]=0x7ffbfeff, sa_flags=0x10000004
SIGILL: [libjvm.so+0x794800], sa_mask[0]=0x7ffbfeff, sa_flags=0x10000004
SIGUSR1: SIG_DFL, sa_mask[0]=0x00000000, sa_flags=0x00000000
SIGUSR2: [libjvm.so+0x7946a0], sa_mask[0]=0x00000000, sa_flags=0x10000004
SIGHUP: [libjvm.so+0x794880], sa_mask[0]=0x7ffbfeff, sa_flags=0x10000004
SIGINT: [libjvm.so+0x794880], sa_mask[0]=0x7ffbfeff, sa_flags=0x10000004
SIGTERM: [libjvm.so+0x794880], sa_mask[0]=0x7ffbfeff, sa_flags=0x10000004
SIGQUIT: [libjvm.so+0x794880], sa_mask[0]=0x7ffbfeff, sa_flags=0x10000004


---------------  S Y S T E M  ---------------

OS:LinuxMint 16 (petra)
uname:Linux 3.11.0-12-generic #19-Ubuntu SMP Wed Oct 9 16:20:46 UTC 2013 x86_64
libc:glibc 2.17 NPTL 2.17 
rlimit: STACK 8192k, CORE 0k, NPROC 28798, NOFILE 4096, AS infinity
load average:0,45 0,27 0,34

/proc/meminfo:
MemTotal:        3715476 kB
MemFree:         2128416 kB
Buffers:           59580 kB
Cached:           843496 kB
SwapCached:            0 kB
Active:           877896 kB
Inactive:         559716 kB
Active(anon):     535848 kB
Inactive(anon):   143552 kB
Active(file):     342048 kB
Inactive(file):   416164 kB
Unevictable:          16 kB
Mlocked:              16 kB
SwapTotal:       3856380 kB
SwapFree:        3856380 kB
Dirty:               192 kB
Writeback:             0 kB
AnonPages:        534932 kB
Mapped:           159856 kB
Shmem:            144860 kB
Slab:              73248 kB
SReclaimable:      48848 kB
SUnreclaim:        24400 kB
KernelStack:        3360 kB
PageTables:        22908 kB
NFS_Unstable:          0 kB
Bounce:                0 kB
WritebackTmp:          0 kB
CommitLimit:     5714116 kB
Committed_AS:    2589752 kB
VmallocTotal:   34359738367 kB
VmallocUsed:      414316 kB
VmallocChunk:   34359320060 kB
HardwareCorrupted:     0 kB
AnonHugePages:         0 kB
HugePages_Total:       0
HugePages_Free:        0
HugePages_Rsvd:        0
HugePages_Surp:        0
Hugepagesize:       2048 kB
DirectMap4k:       66768 kB
DirectMap2M:     3790848 kB


CPU:total 4 (2 cores per cpu, 2 threads per core) family 6 model 37 stepping 5, cmov, cx8, fxsr, mmx, sse, sse2, sse3, ssse3, sse4.1, sse4.2, popcnt, ht, tsc, tscinvbit

/proc/cpuinfo:
processor	: 0
vendor_id	: GenuineIntel
cpu family	: 6
model		: 37
model name	: Intel(R) Core(TM) i3 CPU       M 380  @ 2.53GHz
stepping	: 5
microcode	: 0x2
cpu MHz		: 2533.000
cache size	: 3072 KB
physical id	: 0
siblings	: 4
core id		: 0
cpu cores	: 2
apicid		: 0
initial apicid	: 0
fpu		: yes
fpu_exception	: yes
cpuid level	: 11
wp		: yes
flags		: fpu vme de pse tsc msr pae mce cx8 apic sep mtrr pge mca cmov pat pse36 clflush dts acpi mmx fxsr sse sse2 ss ht tm pbe syscall nx rdtscp lm constant_tsc arch_perfmon pebs bts rep_good nopl xtopology nonstop_tsc aperfmperf pni dtes64 monitor ds_cpl vmx est tm2 ssse3 cx16 xtpr pdcm pcid sse4_1 sse4_2 popcnt lahf_lm arat dtherm tpr_shadow vnmi flexpriority ept vpid
bogomips	: 5054.08
clflush size	: 64
cache_alignment	: 64
address sizes	: 36 bits physical, 48 bits virtual
power management:

processor	: 1
vendor_id	: GenuineIntel
cpu family	: 6
model		: 37
model name	: Intel(R) Core(TM) i3 CPU       M 380  @ 2.53GHz
stepping	: 5
microcode	: 0x2
cpu MHz		: 2533.000
cache size	: 3072 KB
physical id	: 0
siblings	: 4
core id		: 0
cpu cores	: 2
apicid		: 1
initial apicid	: 1
fpu		: yes
fpu_exception	: yes
cpuid level	: 11
wp		: yes
flags		: fpu vme de pse tsc msr pae mce cx8 apic sep mtrr pge mca cmov pat pse36 clflush dts acpi mmx fxsr sse sse2 ss ht tm pbe syscall nx rdtscp lm constant_tsc arch_perfmon pebs bts rep_good nopl xtopology nonstop_tsc aperfmperf pni dtes64 monitor ds_cpl vmx est tm2 ssse3 cx16 xtpr pdcm pcid sse4_1 sse4_2 popcnt lahf_lm arat dtherm tpr_shadow vnmi flexpriority ept vpid
bogomips	: 5054.08
clflush size	: 64
cache_alignment	: 64
address sizes	: 36 bits physical, 48 bits virtual
power management:

processor	: 2
vendor_id	: GenuineIntel
cpu family	: 6
model		: 37
model name	: Intel(R) Core(TM) i3 CPU       M 380  @ 2.53GHz
stepping	: 5
microcode	: 0x2
cpu MHz		: 2533.000
cache size	: 3072 KB
physical id	: 0
siblings	: 4
core id		: 2
cpu cores	: 2
apicid		: 4
initial apicid	: 4
fpu		: yes
fpu_exception	: yes
cpuid level	: 11
wp		: yes
flags		: fpu vme de pse tsc msr pae mce cx8 apic sep mtrr pge mca cmov pat pse36 clflush dts acpi mmx fxsr sse sse2 ss ht tm pbe syscall nx rdtscp lm constant_tsc arch_perfmon pebs bts rep_good nopl xtopology nonstop_tsc aperfmperf pni dtes64 monitor ds_cpl vmx est tm2 ssse3 cx16 xtpr pdcm pcid sse4_1 sse4_2 popcnt lahf_lm arat dtherm tpr_shadow vnmi flexpriority ept vpid
bogomips	: 5054.08
clflush size	: 64
cache_alignment	: 64
address sizes	: 36 bits physical, 48 bits virtual
power management:

processor	: 3
vendor_id	: GenuineIntel
cpu family	: 6
model		: 37
model name	: Intel(R) Core(TM) i3 CPU       M 380  @ 2.53GHz
stepping	: 5
microcode	: 0x2
cpu MHz		: 2533.000
cache size	: 3072 KB
physical id	: 0
siblings	: 4
core id		: 2
cpu cores	: 2
apicid		: 5
initial apicid	: 5
fpu		: yes
fpu_exception	: yes
cpuid level	: 11
wp		: yes
flags		: fpu vme de pse tsc msr pae mce cx8 apic sep mtrr pge mca cmov pat pse36 clflush dts acpi mmx fxsr sse sse2 ss ht tm pbe syscall nx rdtscp lm constant_tsc arch_perfmon pebs bts rep_good nopl xtopology nonstop_tsc aperfmperf pni dtes64 monitor ds_cpl vmx est tm2 ssse3 cx16 xtpr pdcm pcid sse4_1 sse4_2 popcnt lahf_lm arat dtherm tpr_shadow vnmi flexpriority ept vpid
bogomips	: 5054.08
clflush size	: 64
cache_alignment	: 64
address sizes	: 36 bits physical, 48 bits virtual
power management:



Memory: 4k page, physical 3715476k(2128416k free), swap 3856380k(3856380k free)

vm_info: OpenJDK 64-Bit Server VM (24.45-b08) for linux-amd64 JRE (1.7.0_51-b00), built on Jan 15 2014 22:02:57 by "buildd" with gcc 4.8.1

time: Fri Apr 18 14:07:37 2014
elapsed time: 4 seconds

