#
# A fatal error has been detected by the Java Runtime Environment:
#
#  SIGSEGV (0xb) at pc=0x00007ffac6deeb60, pid=15653, tid=140715438696192
#
# JRE version: OpenJDK Runtime Environment (7.0_51) (build 1.7.0_51-b00)
# Java VM: OpenJDK 64-Bit Server VM (24.45-b08 mixed mode linux-amd64 compressed oops)
# Problematic frame:
# C  [libintersection.so+0xb60]  find_intersections+0x19b
#
# Failed to write core dump. Core dumps have been disabled. To enable core dumping, try "ulimit -c unlimited" before starting Java again
#
# If you would like to submit a bug report, please include
# instructions on how to reproduce the bug and visit:
#   http://icedtea.classpath.org/bugzilla
# The crash happened outside the Java Virtual Machine in native code.
# See problematic frame for where to report the bug.
#

---------------  T H R E A D  ---------------

Current thread (0x00007ffad800a800):  JavaThread "main" [_thread_in_native, id=15678, stack(0x00007ffadd9ce000,0x00007ffaddbcf000)]

siginfo:si_signo=SIGSEGV: si_errno=0, si_code=1 (SEGV_MAPERR), si_addr=0xffffffffd84a1170

Registers:
RAX=0xffffffffd84a1170, RBX=0x00000000d79ae250, RCX=0xffffffffffffffff, RDX=0x00007ffadfbaa9f0
RSP=0x00007ffaddbcc040, RBP=0x00007ffaddbcc080, RSI=0x00007ffacd80a000, RDI=0x00000000ffffffff
R8 =0x6f6c636963206c65, R9 =0x0000000000000000, R10=0x00007ffaddbcbde0, R11=0x0000000000000000
R12=0x0000000000000000, R13=0x00000000d79ae250, R14=0x00007ffaddbcc168, R15=0x00007ffad800a800
RIP=0x00007ffac6deeb60, EFLAGS=0x0000000000010246, CSGSFS=0x0000000000000033, ERR=0x0000000000000005
  TRAPNO=0x000000000000000e

Top of Stack: (sp=0x00007ffaddbcc040)
0x00007ffaddbcc040:   4000000000000000 00007ffad84896b0
0x00007ffaddbcc050:   00000000d69fb970 00007ffad8485b30
0x00007ffaddbcc060:   00007ffad84a1200 ffffffffd84a1170
0x00007ffaddbcc070:   00007ffad5006233 00000000f684aab8
0x00007ffaddbcc080:   00007ffad84f6c20 00007ffacc0a5cd9
0x00007ffaddbcc090:   00000000d69fc4a3 00000000d79ae250
0x00007ffaddbcc0a0:   00007ffaddbcc120 00007ffad5012738
0x00007ffaddbcc0b0:   00007ffad800a9d8 00007ffaddbcda40
0x00007ffaddbcc0c0:   00007ffaddbcc100 00007ffadecd8d24
0x00007ffaddbcc0d0:   00000000f5a82898 00000000d66fc038
0x00007ffaddbcc0e0:   00007ffaddbcc0e0 0000000000000000
0x00007ffaddbcc0f0:   00007ffaddbcc168 00000000d79b6778
0x00007ffaddbcc100:   0000000000000000 00000000d79ae250
0x00007ffaddbcc110:   0000000000000000 00007ffaddbcc140
0x00007ffaddbcc120:   00007ffaddbcc1b0 00007ffad5006175
0x00007ffaddbcc130:   00000000e1170d50 00007ffad500ecd7
0x00007ffaddbcc140:   00007ffad84896b0 00007ffad516cb2c
0x00007ffaddbcc150:   00007ffac6dee9c5 00000000f59256c0
0x00007ffaddbcc160:   00007ffad84f6c20 0000000000000000
0x00007ffaddbcc170:   00007ffaddbcc170 00000000d7aab0b7
0x00007ffaddbcc180:   00007ffaddbcc1e8 00000000d7ab7310
0x00007ffaddbcc190:   00000000d7ee0878 00000000d7aab0f8
0x00007ffaddbcc1a0:   00007ffaddbcc140 00007ffaddbcc1c0
0x00007ffaddbcc1b0:   00007ffaddbcc238 00007ffad5006175
0x00007ffaddbcc1c0:   00007ffad84896b0 00000000f662e840
0x00007ffaddbcc1d0:   00007ffac6dee9c5 0000000000000000
0x00007ffaddbcc1e0:   00000000e104a778 00000000e1173730
0x00007ffaddbcc1f0:   00000000e1002218 00007ffaddbcc1f8
0x00007ffaddbcc200:   00000000d7ee0124 00007ffaddbcc280
0x00007ffaddbcc210:   00000000d7ee0580 0000000000000000
0x00007ffaddbcc220:   00000000d7ee0148 00007ffaddbcc1c0
0x00007ffaddbcc230:   00007ffaddbcc258 00007ffaddbcc2c8 

Instructions: (pc=0x00007ffac6deeb60)
0x00007ffac6deeb40:   b8 00 00 00 00 e8 36 fd ff ff 48 98 48 89 45 e8
0x00007ffac6deeb50:   48 8d 3d c7 00 00 00 e8 c4 fc ff ff 48 8b 45 e8
0x00007ffac6deeb60:   48 8b 00 48 89 45 f0 48 8b 45 f0 48 89 45 c0 f2
0x00007ffac6deeb70:   0f 10 45 c0 48 8d 3d b4 00 00 00 b8 01 00 00 00 

Register to memory mapping:

RAX=0xffffffffd84a1170 is an unknown value
RBX=0x00000000d79ae250 is an oop
{method} 
 - klass: {other class}
RCX=0xffffffffffffffff is an unknown value
RDX=0x00007ffadfbaa9f0: <offset 0x3c39f0> in /lib/x86_64-linux-gnu/libc.so.6 at 0x00007ffadf7e7000
RSP=0x00007ffaddbcc040 is pointing into the stack for thread: 0x00007ffad800a800
RBP=0x00007ffaddbcc080 is pointing into the stack for thread: 0x00007ffad800a800
RSI=0x00007ffacd80a000 is an unknown value
RDI=0x00000000ffffffff is an unallocated location in the heap
R8 =0x6f6c636963206c65 is an unknown value
R9 =0x0000000000000000 is an unknown value
R10=0x00007ffaddbcbde0 is pointing into the stack for thread: 0x00007ffad800a800
R11=0x0000000000000000 is an unknown value
R12=0x0000000000000000 is an unknown value
R13=0x00000000d79ae250 is an oop
{method} 
 - klass: {other class}
R14=0x00007ffaddbcc168 is pointing into the stack for thread: 0x00007ffad800a800
R15=0x00007ffad800a800 is a thread


Stack: [0x00007ffadd9ce000,0x00007ffaddbcf000],  sp=0x00007ffaddbcc040,  free space=2040k
Native frames: (J=compiled Java code, j=interpreted, Vv=VM code, C=native code)
C  [libintersection.so+0xb60]  find_intersections+0x19b

Java frames: (J=compiled Java code, j=interpreted, Vv=VM code)
j  com.kenai.jffi.Foreign.invokeL1(JJJ)J+0
j  com.kenai.jffi.Invoker.invokeL1(Lcom/kenai/jffi/CallContext;JJ)J+7
j  org.jruby.ext.ffi.jffi.NativeInvoker$ffi$8.call(Lorg/jruby/runtime/ThreadContext;Lorg/jruby/runtime/builtin/IRubyObject;Lorg/jruby/RubyModule;Ljava/lang/String;Lorg/jruby/runtime/builtin/IRubyObject;)Lorg/jruby/runtime/builtin/IRubyObject;+76
j  org.jruby.runtime.callsite.CachingCallSite.cacheAndCall(Lorg/jruby/runtime/builtin/IRubyObject;Lorg/jruby/RubyClass;Lorg/jruby/runtime/ThreadContext;Lorg/jruby/runtime/builtin/IRubyObject;Lorg/jruby/runtime/builtin/IRubyObject;)Lorg/jruby/runtime/builtin/IRubyObject;+57
J  org.jruby.runtime.callsite.CachingCallSite.call(Lorg/jruby/runtime/ThreadContext;Lorg/jruby/runtime/builtin/IRubyObject;Lorg/jruby/runtime/builtin/IRubyObject;Lorg/jruby/runtime/builtin/IRubyObject;)Lorg/jruby/runtime/builtin/IRubyObject;
J  org.jruby.ast.CallOneArgNode.interpret(Lorg/jruby/Ruby;Lorg/jruby/runtime/ThreadContext;Lorg/jruby/runtime/builtin/IRubyObject;Lorg/jruby/runtime/Block;)Lorg/jruby/runtime/builtin/IRubyObject;
j  org.jruby.ast.LocalAsgnNode.interpret(Lorg/jruby/Ruby;Lorg/jruby/runtime/ThreadContext;Lorg/jruby/runtime/builtin/IRubyObject;Lorg/jruby/runtime/Block;)Lorg/jruby/runtime/builtin/IRubyObject;+30
J  org.jruby.ast.BlockNode.interpret(Lorg/jruby/Ruby;Lorg/jruby/runtime/ThreadContext;Lorg/jruby/runtime/builtin/IRubyObject;Lorg/jruby/runtime/Block;)Lorg/jruby/runtime/builtin/IRubyObject;
j  org.jruby.evaluator.ASTInterpreter.INTERPRET_METHOD(Lorg/jruby/Ruby;Lorg/jruby/runtime/ThreadContext;Ljava/lang/String;ILorg/jruby/RubyModule;Lorg/jruby/ast/Node;Ljava/lang/String;Lorg/jruby/runtime/builtin/IRubyObject;Lorg/jruby/runtime/Block;Z)Lorg/jruby/runtime/builtin/IRubyObject;+30
j  org.jruby.internal.runtime.methods.InterpretedMethod.call(Lorg/jruby/runtime/ThreadContext;Lorg/jruby/runtime/builtin/IRubyObject;Lorg/jruby/RubyModule;Ljava/lang/String;)Lorg/jruby/runtime/builtin/IRubyObject;+80
j  org.jruby.internal.runtime.methods.DefaultMethod.call(Lorg/jruby/runtime/ThreadContext;Lorg/jruby/runtime/builtin/IRubyObject;Lorg/jruby/RubyModule;Ljava/lang/String;)Lorg/jruby/runtime/builtin/IRubyObject;+20
J  org.jruby.ast.CallNoArgNode.interpret(Lorg/jruby/Ruby;Lorg/jruby/runtime/ThreadContext;Lorg/jruby/runtime/builtin/IRubyObject;Lorg/jruby/runtime/Block;)Lorg/jruby/runtime/builtin/IRubyObject;
j  org.jruby.ast.FCallTwoArgNode.interpret(Lorg/jruby/Ruby;Lorg/jruby/runtime/ThreadContext;Lorg/jruby/runtime/builtin/IRubyObject;Lorg/jruby/runtime/Block;)Lorg/jruby/runtime/builtin/IRubyObject;+28
J  org.jruby.ast.BlockNode.interpret(Lorg/jruby/Ruby;Lorg/jruby/runtime/ThreadContext;Lorg/jruby/runtime/builtin/IRubyObject;Lorg/jruby/runtime/Block;)Lorg/jruby/runtime/builtin/IRubyObject;
j  org.jruby.evaluator.ASTInterpreter.INTERPRET_METHOD(Lorg/jruby/Ruby;Lorg/jruby/runtime/ThreadContext;Ljava/lang/String;ILorg/jruby/RubyModule;Lorg/jruby/ast/Node;Ljava/lang/String;Lorg/jruby/runtime/builtin/IRubyObject;Lorg/jruby/runtime/Block;Z)Lorg/jruby/runtime/builtin/IRubyObject;+30
j  org.jruby.internal.runtime.methods.InterpretedMethod.call(Lorg/jruby/runtime/ThreadContext;Lorg/jruby/runtime/builtin/IRubyObject;Lorg/jruby/RubyModule;Ljava/lang/String;)Lorg/jruby/runtime/builtin/IRubyObject;+80
j  org.jruby.internal.runtime.methods.DefaultMethod.call(Lorg/jruby/runtime/ThreadContext;Lorg/jruby/runtime/builtin/IRubyObject;Lorg/jruby/RubyModule;Ljava/lang/String;)Lorg/jruby/runtime/builtin/IRubyObject;+20
j  org.jruby.runtime.callsite.CachingCallSite.cacheAndCall(Lorg/jruby/runtime/builtin/IRubyObject;Lorg/jruby/RubyClass;Lorg/jruby/runtime/ThreadContext;Lorg/jruby/runtime/builtin/IRubyObject;)Lorg/jruby/runtime/builtin/IRubyObject;+53
j  org.jruby.runtime.callsite.CachingCallSite.call(Lorg/jruby/runtime/ThreadContext;Lorg/jruby/runtime/builtin/IRubyObject;Lorg/jruby/runtime/builtin/IRubyObject;)Lorg/jruby/runtime/builtin/IRubyObject;+46
j  Makefile.method__3$RUBY$test(LMakefile;Lorg/jruby/runtime/ThreadContext;Lorg/jruby/runtime/builtin/IRubyObject;Lorg/jruby/runtime/Block;)Lorg/jruby/runtime/builtin/IRubyObject;+130
j  Makefile$method__3$RUBY$test.call(Lorg/jruby/runtime/ThreadContext;Lorg/jruby/runtime/builtin/IRubyObject;Lorg/jruby/RubyModule;Ljava/lang/String;Lorg/jruby/runtime/Block;)Lorg/jruby/runtime/builtin/IRubyObject;+17
j  org.jruby.RubyClass.finvoke(Lorg/jruby/runtime/ThreadContext;Lorg/jruby/runtime/builtin/IRubyObject;Ljava/lang/String;Lorg/jruby/runtime/Block;)Lorg/jruby/runtime/builtin/IRubyObject;+41
j  org.jruby.RubyBasicObject.send19(Lorg/jruby/runtime/ThreadContext;Lorg/jruby/runtime/builtin/IRubyObject;Lorg/jruby/runtime/Block;)Lorg/jruby/runtime/builtin/IRubyObject;+15
j  org.jruby.RubyKernel.send19(Lorg/jruby/runtime/ThreadContext;Lorg/jruby/runtime/builtin/IRubyObject;Lorg/jruby/runtime/builtin/IRubyObject;Lorg/jruby/runtime/Block;)Lorg/jruby/runtime/builtin/IRubyObject;+7
j  org.jruby.RubyKernel$INVOKER$s$send19.call(Lorg/jruby/runtime/ThreadContext;Lorg/jruby/runtime/builtin/IRubyObject;Lorg/jruby/RubyModule;Ljava/lang/String;Lorg/jruby/runtime/builtin/IRubyObject;Lorg/jruby/runtime/Block;)Lorg/jruby/runtime/builtin/IRubyObject;+6
j  org.jruby.internal.runtime.methods.JavaMethod$JavaMethodOneOrNBlock.call(Lorg/jruby/runtime/ThreadContext;Lorg/jruby/runtime/builtin/IRubyObject;Lorg/jruby/RubyModule;Ljava/lang/String;Lorg/jruby/runtime/builtin/IRubyObject;)Lorg/jruby/runtime/builtin/IRubyObject;+11
j  org.jruby.runtime.callsite.CachingCallSite.call(Lorg/jruby/runtime/ThreadContext;Lorg/jruby/runtime/builtin/IRubyObject;Lorg/jruby/runtime/builtin/IRubyObject;Lorg/jruby/runtime/builtin/IRubyObject;)Lorg/jruby/runtime/builtin/IRubyObject;+38
j  Makefile.block_7$RUBY$__file__(LMakefile;Lorg/jruby/runtime/ThreadContext;Lorg/jruby/runtime/builtin/IRubyObject;[Lorg/jruby/runtime/builtin/IRubyObject;Lorg/jruby/runtime/Block;)Lorg/jruby/runtime/builtin/IRubyObject;+46
j  Makefile$block_7$RUBY$__file__.call(Lorg/jruby/runtime/ThreadContext;Lorg/jruby/runtime/builtin/IRubyObject;[Lorg/jruby/runtime/builtin/IRubyObject;Lorg/jruby/runtime/Block;)Lorg/jruby/runtime/builtin/IRubyObject;+9
j  org.jruby.runtime.CompiledBlock19.yield(Lorg/jruby/runtime/ThreadContext;Lorg/jruby/runtime/builtin/IRubyObject;Lorg/jruby/runtime/Binding;Lorg/jruby/runtime/Block$Type;)Lorg/jruby/runtime/builtin/IRubyObject;+52
j  org.jruby.runtime.Block.yield(Lorg/jruby/runtime/ThreadContext;Lorg/jruby/runtime/builtin/IRubyObject;)Lorg/jruby/runtime/builtin/IRubyObject;+14
j  org.jruby.RubyArray.eachCommon(Lorg/jruby/runtime/ThreadContext;Lorg/jruby/runtime/Block;)Lorg/jruby/runtime/builtin/IRubyObject;+41
j  org.jruby.RubyArray.each(Lorg/jruby/runtime/ThreadContext;Lorg/jruby/runtime/Block;)Lorg/jruby/runtime/builtin/IRubyObject;+10
j  org.jruby.RubyArray$INVOKER$i$0$0$each.call(Lorg/jruby/runtime/ThreadContext;Lorg/jruby/runtime/builtin/IRubyObject;Lorg/jruby/RubyModule;Ljava/lang/String;Lorg/jruby/runtime/Block;)Lorg/jruby/runtime/builtin/IRubyObject;+7
j  org.jruby.runtime.callsite.CachingCallSite.cacheAndCall(Lorg/jruby/runtime/builtin/IRubyObject;Lorg/jruby/RubyClass;Lorg/jruby/runtime/Block;Lorg/jruby/runtime/ThreadContext;Lorg/jruby/runtime/builtin/IRubyObject;)Lorg/jruby/runtime/builtin/IRubyObject;+57
j  org.jruby.runtime.callsite.CachingCallSite.callBlock(Lorg/jruby/runtime/ThreadContext;Lorg/jruby/runtime/builtin/IRubyObject;Lorg/jruby/runtime/builtin/IRubyObject;Lorg/jruby/runtime/Block;)Lorg/jruby/runtime/builtin/IRubyObject;+50
j  org.jruby.runtime.callsite.CachingCallSite.callIter(Lorg/jruby/runtime/ThreadContext;Lorg/jruby/runtime/builtin/IRubyObject;Lorg/jruby/runtime/builtin/IRubyObject;Lorg/jruby/runtime/Block;)Lorg/jruby/runtime/builtin/IRubyObject;+6
j  Makefile.__file__(LMakefile;Lorg/jruby/runtime/ThreadContext;Lorg/jruby/runtime/builtin/IRubyObject;[Lorg/jruby/runtime/builtin/IRubyObject;Lorg/jruby/runtime/Block;)Lorg/jruby/runtime/builtin/IRubyObject;+938
j  Makefile.load(Lorg/jruby/runtime/ThreadContext;Lorg/jruby/runtime/builtin/IRubyObject;Z)Lorg/jruby/runtime/builtin/IRubyObject;+22
j  org.jruby.Ruby.runScript(Lorg/jruby/ast/executable/Script;Z)Lorg/jruby/runtime/builtin/IRubyObject;+12
j  org.jruby.Ruby.runScript(Lorg/jruby/ast/executable/Script;)Lorg/jruby/runtime/builtin/IRubyObject;+3
j  org.jruby.Ruby.runNormally(Lorg/jruby/ast/Node;)Lorg/jruby/runtime/builtin/IRubyObject;+73
j  org.jruby.Ruby.runFromMain(Ljava/io/InputStream;Ljava/lang/String;)V+320
j  org.jruby.Main.doRunFromMain(Lorg/jruby/Ruby;Ljava/io/InputStream;Ljava/lang/String;)Lorg/jruby/Main$Status;+12
j  org.jruby.Main.internalRun()Lorg/jruby/Main$Status;+234
j  org.jruby.Main.run([Ljava/lang/String;)Lorg/jruby/Main$Status;+9
j  org.jruby.Main.main([Ljava/lang/String;)V+35
v  ~StubRoutines::call_stub

---------------  P R O C E S S  ---------------

Java Threads: ( => current thread )
  0x00007ffad83ec000 JavaThread "JRubyJIT-2" daemon [_thread_blocked, id=15814, stack(0x00007ffac7bfe000,0x00007ffac7dff000)]
  0x00007ffad8510800 JavaThread "process reaper" daemon [_thread_blocked, id=15694, stack(0x00007ffacc065000,0x00007ffacc09e000)]
  0x00007ffad8518800 JavaThread "JRubyJIT-1" daemon [_thread_blocked, id=15691, stack(0x00007ffac7dff000,0x00007ffac8000000)]
  0x00007ffad80ae000 JavaThread "Service Thread" daemon [_thread_blocked, id=15689, stack(0x00007ffacdb2e000,0x00007ffacdd2f000)]
  0x00007ffad80ab800 JavaThread "C2 CompilerThread1" daemon [_thread_in_native, id=15688, stack(0x00007ffacdd2f000,0x00007ffacde30000)]
  0x00007ffad80a8800 JavaThread "C2 CompilerThread0" daemon [_thread_in_native, id=15687, stack(0x00007ffacde30000,0x00007ffacdf31000)]
  0x00007ffad80a6800 JavaThread "Signal Dispatcher" daemon [_thread_blocked, id=15686, stack(0x00007ffacdf31000,0x00007fface132000)]
  0x00007ffad8082800 JavaThread "Finalizer" daemon [_thread_blocked, id=15685, stack(0x00007fface52c000,0x00007fface72d000)]
  0x00007ffad8080800 JavaThread "Reference Handler" daemon [_thread_blocked, id=15684, stack(0x00007fface72d000,0x00007fface92e000)]
=>0x00007ffad800a800 JavaThread "main" [_thread_in_native, id=15678, stack(0x00007ffadd9ce000,0x00007ffaddbcf000)]

Other Threads:
  0x00007ffad807c800 VMThread [stack: 0x00007fface92e000,0x00007ffacea2f000] [id=15683]
  0x00007ffad80b8800 WatcherThread [stack: 0x00007ffacda2d000,0x00007ffacdb2e000] [id=15690]

VM state:not at safepoint (normal execution)

VM Mutex/Monitor currently owned by a thread: None

Heap
 PSYoungGen      total 17408K, used 15555K [0x00000000f5900000, 0x00000000f7b00000, 0x0000000100000000)
  eden space 15360K, 88% used [0x00000000f5900000,0x00000000f6637940,0x00000000f6800000)
  from space 2048K, 98% used [0x00000000f6800000,0x00000000f69f9518,0x00000000f6a00000)
  to   space 2048K, 0% used [0x00000000f7900000,0x00000000f7900000,0x00000000f7b00000)
 ParOldGen       total 38400K, used 8605K [0x00000000e0c00000, 0x00000000e3180000, 0x00000000f5900000)
  object space 38400K, 22% used [0x00000000e0c00000,0x00000000e1467760,0x00000000e3180000)
 PSPermGen       total 25600K, used 25480K [0x00000000d6600000, 0x00000000d7f00000, 0x00000000e0c00000)
  object space 25600K, 99% used [0x00000000d6600000,0x00000000d7ee2150,0x00000000d7f00000)

Card table byte_map: [0x00007ffadc7f4000,0x00007ffadc942000] byte_map_base: 0x00007ffadc141000

Polling page: 0x00007ffadffdc000

Code Cache  [0x00007ffad5000000, 0x00007ffad5270000, 0x00007ffad8000000)
 total_blobs=976 nmethods=497 adapters=433 free_code_cache=47625Kb largest_free_block=48742528

Compilation events (10 events):
Event: 9,677 Thread 0x00007ffad80a8800 nmethod 526 0x00007ffad517dd90 code [0x00007ffad517df20, 0x00007ffad517e308]
Event: 9,677 Thread 0x00007ffad80a8800  528             org.jruby.ext.ffi.Type::getNativeSize (5 bytes)
Event: 9,678 Thread 0x00007ffad80a8800 nmethod 528 0x00007ffad517edd0 code [0x00007ffad517ef00, 0x00007ffad517ef58]
Event: 9,678 Thread 0x00007ffad80a8800  529             org.jruby.ext.ffi.MemoryIO::<init> (15 bytes)
Event: 9,678 Thread 0x00007ffad80a8800 nmethod 529 0x00007ffad5180ad0 code [0x00007ffad5180c00, 0x00007ffad5180c58]
Event: 9,678 Thread 0x00007ffad80a8800  530   !         org.jruby.ext.ffi.Struct::getStructLayout (180 bytes)
Event: 9,682 Thread 0x00007ffad80ab800 nmethod 527 0x00007ffad5181290 code [0x00007ffad5181440, 0x00007ffad51818b8]
Event: 9,682 Thread 0x00007ffad80ab800  531             org.jruby.ext.ffi.MappedType::fromNative (22 bytes)
Event: 9,686 Thread 0x00007ffad80a8800 nmethod 530 0x00007ffad517d790 code [0x00007ffad517d900, 0x00007ffad517da98]
Event: 9,686 Thread 0x00007ffad80a8800  532             org.jruby.ext.ffi.StructByReference$INVOKER$i$2$0$from_native::call (13 bytes)

GC Heap History (6 events):
Event: 3,215 GC heap before
{Heap before GC invocations=1 (full 0):
 PSYoungGen      total 17408K, used 15360K [0x00000000f5900000, 0x00000000f6c00000, 0x0000000100000000)
  eden space 15360K, 100% used [0x00000000f5900000,0x00000000f6800000,0x00000000f6800000)
  from space 2048K, 0% used [0x00000000f6a00000,0x00000000f6a00000,0x00000000f6c00000)
  to   space 2048K, 0% used [0x00000000f6800000,0x00000000f6800000,0x00000000f6a00000)
 ParOldGen       total 38400K, used 0K [0x00000000e0c00000, 0x00000000e3180000, 0x00000000f5900000)
  object space 38400K, 0% used [0x00000000e0c00000,0x00000000e0c00000,0x00000000e3180000)
 PSPermGen       total 21504K, used 18949K [0x00000000d6600000, 0x00000000d7b00000, 0x00000000e0c00000)
  object space 21504K, 88% used [0x00000000d6600000,0x00000000d7881770,0x00000000d7b00000)
Event: 3,245 GC heap after
Heap after GC invocations=1 (full 0):
 PSYoungGen      total 17408K, used 2039K [0x00000000f5900000, 0x00000000f6c00000, 0x0000000100000000)
  eden space 15360K, 0% used [0x00000000f5900000,0x00000000f5900000,0x00000000f6800000)
  from space 2048K, 99% used [0x00000000f6800000,0x00000000f69fdfa8,0x00000000f6a00000)
  to   space 2048K, 0% used [0x00000000f6a00000,0x00000000f6a00000,0x00000000f6c00000)
 ParOldGen       total 38400K, used 3777K [0x00000000e0c00000, 0x00000000e3180000, 0x00000000f5900000)
  object space 38400K, 9% used [0x00000000e0c00000,0x00000000e0fb0630,0x00000000e3180000)
 PSPermGen       total 21504K, used 18949K [0x00000000d6600000, 0x00000000d7b00000, 0x00000000e0c00000)
  object space 21504K, 88% used [0x00000000d6600000,0x00000000d7881770,0x00000000d7b00000)
}
Event: 5,604 GC heap before
{Heap before GC invocations=2 (full 0):
 PSYoungGen      total 17408K, used 17399K [0x00000000f5900000, 0x00000000f6c00000, 0x0000000100000000)
  eden space 15360K, 100% used [0x00000000f5900000,0x00000000f6800000,0x00000000f6800000)
  from space 2048K, 99% used [0x00000000f6800000,0x00000000f69fdfa8,0x00000000f6a00000)
  to   space 2048K, 0% used [0x00000000f6a00000,0x00000000f6a00000,0x00000000f6c00000)
 ParOldGen       total 38400K, used 3777K [0x00000000e0c00000, 0x00000000e3180000, 0x00000000f5900000)
  object space 38400K, 9% used [0x00000000e0c00000,0x00000000e0fb0630,0x00000000e3180000)
 PSPermGen       total 23552K, used 23439K [0x00000000d6600000, 0x00000000d7d00000, 0x00000000e0c00000)
  object space 23552K, 99% used [0x00000000d6600000,0x00000000d7ce3c70,0x00000000d7d00000)
Event: 5,643 GC heap after
Heap after GC invocations=2 (full 0):
 PSYoungGen      total 17408K, used 2039K [0x00000000f5900000, 0x00000000f7b00000, 0x0000000100000000)
  eden space 15360K, 0% used [0x00000000f5900000,0x00000000f5900000,0x00000000f6800000)
  from space 2048K, 99% used [0x00000000f6a00000,0x00000000f6bfdfa8,0x00000000f6c00000)
  to   space 2048K, 0% used [0x00000000f6800000,0x00000000f6800000,0x00000000f6a00000)
 ParOldGen       total 38400K, used 5885K [0x00000000e0c00000, 0x00000000e3180000, 0x00000000f5900000)
  object space 38400K, 15% used [0x00000000e0c00000,0x00000000e11bf4f8,0x00000000e3180000)
 PSPermGen       total 23552K, used 23439K [0x00000000d6600000, 0x00000000d7d00000, 0x00000000e0c00000)
  object space 23552K, 99% used [0x00000000d6600000,0x00000000d7ce3c70,0x00000000d7d00000)
}
Event: 7,945 GC heap before
{Heap before GC invocations=3 (full 0):
 PSYoungGen      total 17408K, used 17399K [0x00000000f5900000, 0x00000000f7b00000, 0x0000000100000000)
  eden space 15360K, 100% used [0x00000000f5900000,0x00000000f6800000,0x00000000f6800000)
  from space 2048K, 99% used [0x00000000f6a00000,0x00000000f6bfdfa8,0x00000000f6c00000)
  to   space 2048K, 0% used [0x00000000f6800000,0x00000000f6800000,0x00000000f6a00000)
 ParOldGen       total 38400K, used 5885K [0x00000000e0c00000, 0x00000000e3180000, 0x00000000f5900000)
  object space 38400K, 15% used [0x00000000e0c00000,0x00000000e11bf4f8,0x00000000e3180000)
 PSPermGen       total 25600K, used 25154K [0x00000000d6600000, 0x00000000d7f00000, 0x00000000e0c00000)
  object space 25600K, 98% used [0x00000000d6600000,0x00000000d7e909f0,0x00000000d7f00000)
Event: 7,975 GC heap after
Heap after GC invocations=3 (full 0):
 PSYoungGen      total 17408K, used 2021K [0x00000000f5900000, 0x00000000f7b00000, 0x0000000100000000)
  eden space 15360K, 0% used [0x00000000f5900000,0x00000000f5900000,0x00000000f6800000)
  from space 2048K, 98% used [0x00000000f6800000,0x00000000f69f9518,0x00000000f6a00000)
  to   space 2048K, 0% used [0x00000000f7900000,0x00000000f7900000,0x00000000f7b00000)
 ParOldGen       total 38400K, used 8605K [0x00000000e0c00000, 0x00000000e3180000, 0x00000000f5900000)
  object space 38400K, 22% used [0x00000000e0c00000,0x00000000e1467760,0x00000000e3180000)
 PSPermGen       total 25600K, used 25154K [0x00000000d6600000, 0x00000000d7f00000, 0x00000000e0c00000)
  object space 25600K, 98% used [0x00000000d6600000,0x00000000d7e909f0,0x00000000d7f00000)
}

Deoptimization events (10 events):
Event: 9,015 Thread 0x00007ffad800a800 Uncommon trap: reason=class_check action=maybe_recompile pc=0x00007ffad510552c method=org.jruby.ast.DAsgnNode.interpret(Lorg/jruby/Ruby;Lorg/jruby/runtime/ThreadContext;Lorg/jruby/runtime/builtin/IRubyObject;Lorg/jruby/runtime/Block;)Lorg/jruby/runtime/bu
Event: 9,027 Thread 0x00007ffad800a800 Uncommon trap: reason=unreached action=reinterpret pc=0x00007ffad5164f4c method=org.jruby.ast.FixnumNode.getFixnum(Lorg/jruby/Ruby;)Lorg/jruby/RubyFixnum; @ 4
Event: 9,107 Thread 0x00007ffad800a800 Uncommon trap: reason=class_check action=maybe_recompile pc=0x00007ffad50a2adc method=org.jruby.RubyHash.internalKeyExist(Lorg/jruby/RubyHash$RubyHashEntry;ILorg/jruby/runtime/builtin/IRubyObject;)Z @ 28
Event: 9,108 Thread 0x00007ffad800a800 Uncommon trap: reason=class_check action=maybe_recompile pc=0x00007ffad50a2adc method=org.jruby.RubyHash.internalKeyExist(Lorg/jruby/RubyHash$RubyHashEntry;ILorg/jruby/runtime/builtin/IRubyObject;)Z @ 28
Event: 9,108 Thread 0x00007ffad800a800 Uncommon trap: reason=class_check action=maybe_recompile pc=0x00007ffad50a2adc method=org.jruby.RubyHash.internalKeyExist(Lorg/jruby/RubyHash$RubyHashEntry;ILorg/jruby/runtime/builtin/IRubyObject;)Z @ 28
Event: 9,108 Thread 0x00007ffad800a800 Uncommon trap: reason=class_check action=maybe_recompile pc=0x00007ffad50a2adc method=org.jruby.RubyHash.internalKeyExist(Lorg/jruby/RubyHash$RubyHashEntry;ILorg/jruby/runtime/builtin/IRubyObject;)Z @ 28
Event: 9,463 Thread 0x00007ffad800a800 Uncommon trap: reason=class_check action=maybe_recompile pc=0x00007ffad50d79f8 method=org.jruby.RubyArray.compare(Lorg/jruby/runtime/ThreadContext;Lorg/jruby/runtime/invokedynamic/MethodNames;Lorg/jruby/runtime/builtin/IRubyObject;)Lorg/jruby/RubyBoolean;
Event: 9,596 Thread 0x00007ffad800a800 Uncommon trap: reason=class_check action=maybe_recompile pc=0x00007ffad50d79f8 method=org.jruby.RubyArray.compare(Lorg/jruby/runtime/ThreadContext;Lorg/jruby/runtime/invokedynamic/MethodNames;Lorg/jruby/runtime/builtin/IRubyObject;)Lorg/jruby/RubyBoolean;
Event: 9,681 Thread 0x00007ffad800a800 Uncommon trap: reason=class_check action=maybe_recompile pc=0x00007ffad50d79f8 method=org.jruby.RubyArray.compare(Lorg/jruby/runtime/ThreadContext;Lorg/jruby/runtime/invokedynamic/MethodNames;Lorg/jruby/runtime/builtin/IRubyObject;)Lorg/jruby/RubyBoolean;
Event: 9,686 Thread 0x00007ffad800a800 Uncommon trap: reason=class_check action=maybe_recompile pc=0x00007ffad516e044 method=org.jruby.ext.ffi.StructByReference.to_native(Lorg/jruby/runtime/ThreadContext;Lorg/jruby/runtime/builtin/IRubyObject;Lorg/jruby/runtime/builtin/IRubyObject;)Lorg/jruby/

Internal exceptions (10 events):
Event: 8,312 Thread 0x00007ffad800a800 Threw 0x00000000f5c5d540 at /build/buildd/openjdk-7-7u51-2.4.4/build/openjdk/hotspot/src/share/vm/prims/jvm.cpp:1244
Event: 8,313 Thread 0x00007ffad800a800 Threw 0x00000000f5c5f3e0 at /build/buildd/openjdk-7-7u51-2.4.4/build/openjdk/hotspot/src/share/vm/prims/jvm.cpp:1244
Event: 8,313 Thread 0x00007ffad800a800 Threw 0x00000000f5c61490 at /build/buildd/openjdk-7-7u51-2.4.4/build/openjdk/hotspot/src/share/vm/prims/jvm.cpp:1244
Event: 8,313 Thread 0x00007ffad800a800 Threw 0x00000000f5c61f40 at /build/buildd/openjdk-7-7u51-2.4.4/build/openjdk/hotspot/src/share/vm/prims/jvm.cpp:1244
Event: 8,315 Thread 0x00007ffad800a800 Threw 0x00000000f5c6db70 at /build/buildd/openjdk-7-7u51-2.4.4/build/openjdk/hotspot/src/share/vm/prims/jvm.cpp:1244
Event: 8,316 Thread 0x00007ffad800a800 Threw 0x00000000f5c6fc20 at /build/buildd/openjdk-7-7u51-2.4.4/build/openjdk/hotspot/src/share/vm/prims/jvm.cpp:1244
Event: 8,316 Thread 0x00007ffad800a800 Threw 0x00000000f5c706d0 at /build/buildd/openjdk-7-7u51-2.4.4/build/openjdk/hotspot/src/share/vm/prims/jvm.cpp:1244
Event: 8,316 Thread 0x00007ffad800a800 Threw 0x00000000f5c72570 at /build/buildd/openjdk-7-7u51-2.4.4/build/openjdk/hotspot/src/share/vm/prims/jvm.cpp:1244
Event: 8,316 Thread 0x00007ffad800a800 Threw 0x00000000f5c74620 at /build/buildd/openjdk-7-7u51-2.4.4/build/openjdk/hotspot/src/share/vm/prims/jvm.cpp:1244
Event: 8,316 Thread 0x00007ffad800a800 Threw 0x00000000f5c750f0 at /build/buildd/openjdk-7-7u51-2.4.4/build/openjdk/hotspot/src/share/vm/prims/jvm.cpp:1244

Events (10 events):
Event: 9,463 Thread 0x00007ffad800a800 DEOPT UNPACKING pc=0x00007ffad5039045 sp=0x00007ffaddbcbf98 mode 2
Event: 9,596 Thread 0x00007ffad800a800 Uncommon trap: trap_request=0xffffffde fr.pc=0x00007ffad50d79f8
Event: 9,596 Thread 0x00007ffad800a800 DEOPT PACKING pc=0x00007ffad50d79f8 sp=0x00007ffaddbcbfc0
Event: 9,596 Thread 0x00007ffad800a800 DEOPT UNPACKING pc=0x00007ffad5039045 sp=0x00007ffaddbcbf98 mode 2
Event: 9,681 Thread 0x00007ffad800a800 Uncommon trap: trap_request=0xffffffde fr.pc=0x00007ffad50d79f8
Event: 9,681 Thread 0x00007ffad800a800 DEOPT PACKING pc=0x00007ffad50d79f8 sp=0x00007ffaddbcbfc0
Event: 9,681 Thread 0x00007ffad800a800 DEOPT UNPACKING pc=0x00007ffad5039045 sp=0x00007ffaddbcbf98 mode 2
Event: 9,686 Thread 0x00007ffad800a800 Uncommon trap: trap_request=0xffffffde fr.pc=0x00007ffad516e044
Event: 9,686 Thread 0x00007ffad800a800 DEOPT PACKING pc=0x00007ffad516e044 sp=0x00007ffaddbcbe50
Event: 9,686 Thread 0x00007ffad800a800 DEOPT UNPACKING pc=0x00007ffad5039045 sp=0x00007ffaddbcbd80 mode 2


Dynamic libraries:
00400000-00401000 r-xp 00000000 08:01 15861394                           /usr/lib/jvm/java-7-openjdk-amd64/jre/bin/java
00600000-00601000 r--p 00000000 08:01 15861394                           /usr/lib/jvm/java-7-openjdk-amd64/jre/bin/java
00601000-00602000 rw-p 00001000 08:01 15861394                           /usr/lib/jvm/java-7-openjdk-amd64/jre/bin/java
0141b000-0143c000 rw-p 00000000 00:00 0                                  [heap]
d6600000-d7f00000 rw-p 00000000 00:00 0 
d7f00000-e0c00000 rw-p 00000000 00:00 0 
e0c00000-e3180000 rw-p 00000000 00:00 0 
e3180000-f5900000 rw-p 00000000 00:00 0 
f5900000-f7b00000 rw-p 00000000 00:00 0 
f7b00000-100000000 rw-p 00000000 00:00 0 
7ffa88000000-7ffa88021000 rw-p 00000000 00:00 0 
7ffa88021000-7ffa8c000000 ---p 00000000 00:00 0 
7ffa8c000000-7ffa8c021000 rw-p 00000000 00:00 0 
7ffa8c021000-7ffa90000000 ---p 00000000 00:00 0 
7ffa90000000-7ffa90021000 rw-p 00000000 00:00 0 
7ffa90021000-7ffa94000000 ---p 00000000 00:00 0 
7ffa94000000-7ffa94021000 rw-p 00000000 00:00 0 
7ffa94021000-7ffa98000000 ---p 00000000 00:00 0 
7ffa98000000-7ffa98021000 rw-p 00000000 00:00 0 
7ffa98021000-7ffa9c000000 ---p 00000000 00:00 0 
7ffa9c000000-7ffa9c027000 rw-p 00000000 00:00 0 
7ffa9c027000-7ffaa0000000 ---p 00000000 00:00 0 
7ffaa0000000-7ffaa0dd2000 rw-p 00000000 00:00 0 
7ffaa0dd2000-7ffaa4000000 ---p 00000000 00:00 0 
7ffaa4000000-7ffaa4021000 rw-p 00000000 00:00 0 
7ffaa4021000-7ffaa8000000 ---p 00000000 00:00 0 
7ffaa8000000-7ffaa8021000 rw-p 00000000 00:00 0 
7ffaa8021000-7ffaac000000 ---p 00000000 00:00 0 
7ffaac000000-7ffaace71000 rw-p 00000000 00:00 0 
7ffaace71000-7ffab0000000 ---p 00000000 00:00 0 
7ffab0000000-7ffab0021000 rw-p 00000000 00:00 0 
7ffab0021000-7ffab4000000 ---p 00000000 00:00 0 
7ffab4000000-7ffab4021000 rw-p 00000000 00:00 0 
7ffab4021000-7ffab8000000 ---p 00000000 00:00 0 
7ffab8000000-7ffab8021000 rw-p 00000000 00:00 0 
7ffab8021000-7ffabc000000 ---p 00000000 00:00 0 
7ffabc000000-7ffabc039000 rw-p 00000000 00:00 0 
7ffabc039000-7ffac0000000 ---p 00000000 00:00 0 
7ffac0000000-7ffac0021000 rw-p 00000000 00:00 0 
7ffac0021000-7ffac4000000 ---p 00000000 00:00 0 
7ffac6dee000-7ffac6def000 r-xp 00000000 08:01 13893852                   /home/alex/Documents/8vo_Semestre/Geometría Computacional/Lab/practica02p1/src/lib/libintersection.so
7ffac6def000-7ffac6fee000 ---p 00001000 08:01 13893852                   /home/alex/Documents/8vo_Semestre/Geometría Computacional/Lab/practica02p1/src/lib/libintersection.so
7ffac6fee000-7ffac6fef000 r--p 00000000 08:01 13893852                   /home/alex/Documents/8vo_Semestre/Geometría Computacional/Lab/practica02p1/src/lib/libintersection.so
7ffac6fef000-7ffac6ff0000 rw-p 00001000 08:01 13893852                   /home/alex/Documents/8vo_Semestre/Geometría Computacional/Lab/practica02p1/src/lib/libintersection.so
7ffac6ff0000-7ffac6ff3000 r-xp 00000000 08:01 13893851                   /home/alex/Documents/8vo_Semestre/Geometría Computacional/Lab/practica02p1/src/lib/librb_tree.so
7ffac6ff3000-7ffac71f2000 ---p 00003000 08:01 13893851                   /home/alex/Documents/8vo_Semestre/Geometría Computacional/Lab/practica02p1/src/lib/librb_tree.so
7ffac71f2000-7ffac71f3000 r--p 00002000 08:01 13893851                   /home/alex/Documents/8vo_Semestre/Geometría Computacional/Lab/practica02p1/src/lib/librb_tree.so
7ffac71f3000-7ffac71f4000 rw-p 00003000 08:01 13893851                   /home/alex/Documents/8vo_Semestre/Geometría Computacional/Lab/practica02p1/src/lib/librb_tree.so
7ffac71f4000-7ffac71f6000 r-xp 00000000 08:01 13893850                   /home/alex/Documents/8vo_Semestre/Geometría Computacional/Lab/practica02p1/src/lib/libdouble_linked_list.so
7ffac71f6000-7ffac73f5000 ---p 00002000 08:01 13893850                   /home/alex/Documents/8vo_Semestre/Geometría Computacional/Lab/practica02p1/src/lib/libdouble_linked_list.so
7ffac73f5000-7ffac73f6000 r--p 00001000 08:01 13893850                   /home/alex/Documents/8vo_Semestre/Geometría Computacional/Lab/practica02p1/src/lib/libdouble_linked_list.so
7ffac73f6000-7ffac73f7000 rw-p 00002000 08:01 13893850                   /home/alex/Documents/8vo_Semestre/Geometría Computacional/Lab/practica02p1/src/lib/libdouble_linked_list.so
7ffac73f7000-7ffac73f8000 r-xp 00000000 08:01 13893835                   /home/alex/Documents/8vo_Semestre/Geometría Computacional/Lab/practica02p1/src/lib/libhalf_edge.so
7ffac73f8000-7ffac75f8000 ---p 00001000 08:01 13893835                   /home/alex/Documents/8vo_Semestre/Geometría Computacional/Lab/practica02p1/src/lib/libhalf_edge.so
7ffac75f8000-7ffac75f9000 r--p 00001000 08:01 13893835                   /home/alex/Documents/8vo_Semestre/Geometría Computacional/Lab/practica02p1/src/lib/libhalf_edge.so
7ffac75f9000-7ffac75fa000 rw-p 00002000 08:01 13893835                   /home/alex/Documents/8vo_Semestre/Geometría Computacional/Lab/practica02p1/src/lib/libhalf_edge.so
7ffac75fa000-7ffac75fb000 r-xp 00000000 08:01 13893834                   /home/alex/Documents/8vo_Semestre/Geometría Computacional/Lab/practica02p1/src/lib/lib2d_points.so
7ffac75fb000-7ffac77fa000 ---p 00001000 08:01 13893834                   /home/alex/Documents/8vo_Semestre/Geometría Computacional/Lab/practica02p1/src/lib/lib2d_points.so
7ffac77fa000-7ffac77fb000 r--p 00000000 08:01 13893834                   /home/alex/Documents/8vo_Semestre/Geometría Computacional/Lab/practica02p1/src/lib/lib2d_points.so
7ffac77fb000-7ffac77fc000 rw-p 00001000 08:01 13893834                   /home/alex/Documents/8vo_Semestre/Geometría Computacional/Lab/practica02p1/src/lib/lib2d_points.so
7ffac77fc000-7ffac77ff000 ---p 00000000 00:00 0 
7ffac77ff000-7ffac79fd000 rw-p 00000000 00:00 0 
7ffac79fd000-7ffac7a00000 ---p 00000000 00:00 0 
7ffac7a00000-7ffac7bfe000 rw-p 00000000 00:00 0 
7ffac7bfe000-7ffac7c01000 ---p 00000000 00:00 0 
7ffac7c01000-7ffac7dff000 rw-p 00000000 00:00 0                          [stack:15814]
7ffac7dff000-7ffac7e02000 ---p 00000000 00:00 0 
7ffac7e02000-7ffac8000000 rw-p 00000000 00:00 0                          [stack:15691]
7ffac8000000-7ffac8021000 rw-p 00000000 00:00 0 
7ffac8021000-7ffacc000000 ---p 00000000 00:00 0 
7ffacc065000-7ffacc068000 ---p 00000000 00:00 0 
7ffacc068000-7ffacc09e000 rw-p 00000000 00:00 0                          [stack:15694]
7ffacc09e000-7ffacc0b0000 r-xp 00000000 08:01 12059135                   /home/alex/.rbenv/versions/jruby-1.7.10/lib/jni/x86_64-Linux/libjffi-1.2.so
7ffacc0b0000-7ffacc2af000 ---p 00012000 08:01 12059135                   /home/alex/.rbenv/versions/jruby-1.7.10/lib/jni/x86_64-Linux/libjffi-1.2.so
7ffacc2af000-7ffacc2b0000 rw-p 00011000 08:01 12059135                   /home/alex/.rbenv/versions/jruby-1.7.10/lib/jni/x86_64-Linux/libjffi-1.2.so
7ffacc2b0000-7ffacc2c0000 r-xp 00000000 08:01 15861288                   /usr/lib/jvm/java-7-openjdk-amd64/jre/lib/amd64/libnio.so
7ffacc2c0000-7ffacc4c0000 ---p 00010000 08:01 15861288                   /usr/lib/jvm/java-7-openjdk-amd64/jre/lib/amd64/libnio.so
7ffacc4c0000-7ffacc4c1000 r--p 00010000 08:01 15861288                   /usr/lib/jvm/java-7-openjdk-amd64/jre/lib/amd64/libnio.so
7ffacc4c1000-7ffacc4c2000 rw-p 00011000 08:01 15861288                   /usr/lib/jvm/java-7-openjdk-amd64/jre/lib/amd64/libnio.so
7ffacc4c2000-7ffacc4ff000 r-xp 00000000 08:01 8130434                    /lib/x86_64-linux-gnu/libpcre.so.3.13.1
7ffacc4ff000-7ffacc6ff000 ---p 0003d000 08:01 8130434                    /lib/x86_64-linux-gnu/libpcre.so.3.13.1
7ffacc6ff000-7ffacc700000 r--p 0003d000 08:01 8130434                    /lib/x86_64-linux-gnu/libpcre.so.3.13.1
7ffacc700000-7ffacc701000 rw-p 0003e000 08:01 8130434                    /lib/x86_64-linux-gnu/libpcre.so.3.13.1
7ffacc701000-7ffacc708000 r-xp 00000000 08:01 15735894                   /usr/lib/x86_64-linux-gnu/libffi.so.6.0.1
7ffacc708000-7ffacc907000 ---p 00007000 08:01 15735894                   /usr/lib/x86_64-linux-gnu/libffi.so.6.0.1
7ffacc907000-7ffacc908000 r--p 00006000 08:01 15735894                   /usr/lib/x86_64-linux-gnu/libffi.so.6.0.1
7ffacc908000-7ffacc909000 rw-p 00007000 08:01 15735894                   /usr/lib/x86_64-linux-gnu/libffi.so.6.0.1
7ffacc909000-7ffacc91f000 r-xp 00000000 08:01 8130457                    /lib/x86_64-linux-gnu/libresolv-2.17.so
7ffacc91f000-7ffaccb1f000 ---p 00016000 08:01 8130457                    /lib/x86_64-linux-gnu/libresolv-2.17.so
7ffaccb1f000-7ffaccb20000 r--p 00016000 08:01 8130457                    /lib/x86_64-linux-gnu/libresolv-2.17.so
7ffaccb20000-7ffaccb21000 rw-p 00017000 08:01 8130457                    /lib/x86_64-linux-gnu/libresolv-2.17.so
7ffaccb21000-7ffaccb23000 rw-p 00000000 00:00 0 
7ffaccb23000-7ffaccb42000 r-xp 00000000 08:01 8130461                    /lib/x86_64-linux-gnu/libselinux.so.1
7ffaccb42000-7ffaccd42000 ---p 0001f000 08:01 8130461                    /lib/x86_64-linux-gnu/libselinux.so.1
7ffaccd42000-7ffaccd43000 r--p 0001f000 08:01 8130461                    /lib/x86_64-linux-gnu/libselinux.so.1
7ffaccd43000-7ffaccd44000 rw-p 00020000 08:01 8130461                    /lib/x86_64-linux-gnu/libselinux.so.1
7ffaccd44000-7ffaccd45000 rw-p 00000000 00:00 0 
7ffaccd45000-7ffaccd48000 r-xp 00000000 08:01 15729078                   /usr/lib/x86_64-linux-gnu/libgmodule-2.0.so.0.3800.1
7ffaccd48000-7ffaccf47000 ---p 00003000 08:01 15729078                   /usr/lib/x86_64-linux-gnu/libgmodule-2.0.so.0.3800.1
7ffaccf47000-7ffaccf48000 r--p 00002000 08:01 15729078                   /usr/lib/x86_64-linux-gnu/libgmodule-2.0.so.0.3800.1
7ffaccf48000-7ffaccf49000 rw-p 00003000 08:01 15729078                   /usr/lib/x86_64-linux-gnu/libgmodule-2.0.so.0.3800.1
7ffaccf49000-7ffacd047000 r-xp 00000000 08:01 8130449                    /lib/x86_64-linux-gnu/libglib-2.0.so.0.3800.1
7ffacd047000-7ffacd247000 ---p 000fe000 08:01 8130449                    /lib/x86_64-linux-gnu/libglib-2.0.so.0.3800.1
7ffacd247000-7ffacd248000 r--p 000fe000 08:01 8130449                    /lib/x86_64-linux-gnu/libglib-2.0.so.0.3800.1
7ffacd248000-7ffacd249000 rw-p 000ff000 08:01 8130449                    /lib/x86_64-linux-gnu/libglib-2.0.so.0.3800.1
7ffacd249000-7ffacd24a000 rw-p 00000000 00:00 0 
7ffacd24a000-7ffacd299000 r-xp 00000000 08:01 15729069                   /usr/lib/x86_64-linux-gnu/libgobject-2.0.so.0.3800.1
7ffacd299000-7ffacd499000 ---p 0004f000 08:01 15729069                   /usr/lib/x86_64-linux-gnu/libgobject-2.0.so.0.3800.1
7ffacd499000-7ffacd49a000 r--p 0004f000 08:01 15729069                   /usr/lib/x86_64-linux-gnu/libgobject-2.0.so.0.3800.1
7ffacd49a000-7ffacd49b000 rw-p 00050000 08:01 15729069                   /usr/lib/x86_64-linux-gnu/libgobject-2.0.so.0.3800.1
7ffacd49b000-7ffacd5f7000 r-xp 00000000 08:01 15729043                   /usr/lib/x86_64-linux-gnu/libgio-2.0.so.0.3800.1
7ffacd5f7000-7ffacd7f6000 ---p 0015c000 08:01 15729043                   /usr/lib/x86_64-linux-gnu/libgio-2.0.so.0.3800.1
7ffacd7f6000-7ffacd7fa000 r--p 0015b000 08:01 15729043                   /usr/lib/x86_64-linux-gnu/libgio-2.0.so.0.3800.1
7ffacd7fa000-7ffacd7fc000 rw-p 0015f000 08:01 15729043                   /usr/lib/x86_64-linux-gnu/libgio-2.0.so.0.3800.1
7ffacd7fc000-7ffacd7fe000 rw-p 00000000 00:00 0 
7ffacd80a000-7ffacd80b000 rw-p 00000000 00:00 0 
7ffacd80b000-7ffacd80c000 r-xp 00000000 00:00 0 
7ffacd80c000-7ffacd813000 r--s 00000000 08:01 16127910                   /usr/lib/x86_64-linux-gnu/gconv/gconv-modules.cache
7ffacd813000-7ffacd816000 r--s 00032000 08:01 15861310                   /usr/lib/jvm/java-7-openjdk-amd64/jre/lib/ext/sunjce_provider.jar
7ffacd816000-7ffacd82c000 r-xp 00000000 08:01 15861076                   /usr/lib/jvm/java-7-openjdk-amd64/jre/lib/amd64/libnet.so
7ffacd82c000-7ffacda2b000 ---p 00016000 08:01 15861076                   /usr/lib/jvm/java-7-openjdk-amd64/jre/lib/amd64/libnet.so
7ffacda2b000-7ffacda2c000 r--p 00015000 08:01 15861076                   /usr/lib/jvm/java-7-openjdk-amd64/jre/lib/amd64/libnet.so
7ffacda2c000-7ffacda2d000 rw-p 00016000 08:01 15861076                   /usr/lib/jvm/java-7-openjdk-amd64/jre/lib/amd64/libnet.so
7ffacda2d000-7ffacda2e000 ---p 00000000 00:00 0 
7ffacda2e000-7ffacdb2e000 rw-p 00000000 00:00 0                          [stack:15690]
7ffacdb2e000-7ffacdb31000 ---p 00000000 00:00 0 
7ffacdb31000-7ffacdd2f000 rw-p 00000000 00:00 0                          [stack:15689]
7ffacdd2f000-7ffacdd32000 ---p 00000000 00:00 0 
7ffacdd32000-7ffacde30000 rw-p 00000000 00:00 0                          [stack:15688]
7ffacde30000-7ffacde33000 ---p 00000000 00:00 0 
7ffacde33000-7ffacdf31000 rw-p 00000000 00:00 0                          [stack:15687]
7ffacdf31000-7ffacdf34000 ---p 00000000 00:00 0 
7ffacdf34000-7fface132000 rw-p 00000000 00:00 0                          [stack:15686]
7fface132000-7fface52c000 r--p 00000000 08:01 15734328                   /usr/lib/locale/locale-archive
7fface52c000-7fface52f000 ---p 00000000 00:00 0 
7fface52f000-7fface72d000 rw-p 00000000 00:00 0                          [stack:15685]
7fface72d000-7fface730000 ---p 00000000 00:00 0 
7fface730000-7fface92e000 rw-p 00000000 00:00 0                          [stack:15684]
7fface92e000-7fface92f000 ---p 00000000 00:00 0 
7fface92f000-7ffad0000000 rw-p 00000000 00:00 0                          [stack:15683]
7ffad0000000-7ffad0021000 rw-p 00000000 00:00 0 
7ffad0021000-7ffad4000000 ---p 00000000 00:00 0 
7ffad4000000-7ffad4002000 r--s 00012000 08:01 15861308                   /usr/lib/jvm/java-7-openjdk-amd64/jre/lib/ext/zipfs.jar
7ffad4002000-7ffad4e52000 rw-p 00000000 00:00 0 
7ffad4e52000-7ffad5000000 r--s 01cf4000 08:01 15861374                   /usr/lib/jvm/java-7-openjdk-amd64/jre/lib/rt.jar
7ffad5000000-7ffad5270000 rwxp 00000000 00:00 0 
7ffad5270000-7ffad8527000 rw-p 00000000 00:00 0 
7ffad8527000-7ffadc000000 ---p 00000000 00:00 0 
7ffadc000000-7ffadc004000 r--s 00085000 08:01 15861304                   /usr/lib/jvm/java-7-openjdk-amd64/jre/lib/ext/localedata.jar
7ffadc004000-7ffadc006000 r--s 00006000 08:01 16256853                   /usr/share/java/java-atk-wrapper.jar
7ffadc006000-7ffadc007000 r--s 00002000 08:01 15861314                   /usr/lib/jvm/java-7-openjdk-amd64/jre/lib/ext/dnsns.jar
7ffadc007000-7ffadc00a000 r--s 0000f000 08:01 15861306                   /usr/lib/jvm/java-7-openjdk-amd64/jre/lib/ext/pulse-java.jar
7ffadc00a000-7ffadc00e000 r--s 0003b000 08:01 15861316                   /usr/lib/jvm/java-7-openjdk-amd64/jre/lib/ext/sunpkcs11.jar
7ffadc00e000-7ffadc079000 rw-p 00000000 00:00 0 
7ffadc079000-7ffadc162000 r--s 00bb9000 08:01 12059138                   /home/alex/.rbenv/versions/jruby-1.7.10/lib/jruby.jar
7ffadc162000-7ffadc3f0000 rw-p 00000000 00:00 0 
7ffadc3f0000-7ffadc3f1000 ---p 00000000 00:00 0 
7ffadc3f1000-7ffadc4f1000 rw-p 00000000 00:00 0                          [stack:15682]
7ffadc4f1000-7ffadc4f2000 ---p 00000000 00:00 0 
7ffadc4f2000-7ffadc5f2000 rw-p 00000000 00:00 0                          [stack:15681]
7ffadc5f2000-7ffadc5f3000 ---p 00000000 00:00 0 
7ffadc5f3000-7ffadc6f3000 rw-p 00000000 00:00 0                          [stack:15680]
7ffadc6f3000-7ffadc6f4000 ---p 00000000 00:00 0 
7ffadc6f4000-7ffadc801000 rw-p 00000000 00:00 0                          [stack:15679]
7ffadc801000-7ffadc847000 rw-p 00000000 00:00 0 
7ffadc847000-7ffadc85a000 rw-p 00000000 00:00 0 
7ffadc85a000-7ffadc8ed000 rw-p 00000000 00:00 0 
7ffadc8ed000-7ffadc8ff000 rw-p 00000000 00:00 0 
7ffadc8ff000-7ffadc941000 rw-p 00000000 00:00 0 
7ffadc941000-7ffadc942000 rw-p 00000000 00:00 0 
7ffadc942000-7ffadc94a000 r-xp 00000000 08:01 15861025                   /usr/lib/jvm/java-7-openjdk-amd64/jre/lib/amd64/libzip.so
7ffadc94a000-7ffadcb49000 ---p 00008000 08:01 15861025                   /usr/lib/jvm/java-7-openjdk-amd64/jre/lib/amd64/libzip.so
7ffadcb49000-7ffadcb4a000 r--p 00007000 08:01 15861025                   /usr/lib/jvm/java-7-openjdk-amd64/jre/lib/amd64/libzip.so
7ffadcb4a000-7ffadcb4b000 rw-p 00008000 08:01 15861025                   /usr/lib/jvm/java-7-openjdk-amd64/jre/lib/amd64/libzip.so
7ffadcb4b000-7ffadcb57000 r-xp 00000000 08:01 8130412                    /lib/x86_64-linux-gnu/libnss_files-2.17.so
7ffadcb57000-7ffadcd56000 ---p 0000c000 08:01 8130412                    /lib/x86_64-linux-gnu/libnss_files-2.17.so
7ffadcd56000-7ffadcd57000 r--p 0000b000 08:01 8130412                    /lib/x86_64-linux-gnu/libnss_files-2.17.so
7ffadcd57000-7ffadcd58000 rw-p 0000c000 08:01 8130412                    /lib/x86_64-linux-gnu/libnss_files-2.17.so
7ffadcd58000-7ffadcd63000 r-xp 00000000 08:01 8130416                    /lib/x86_64-linux-gnu/libnss_nis-2.17.so
7ffadcd63000-7ffadcf62000 ---p 0000b000 08:01 8130416                    /lib/x86_64-linux-gnu/libnss_nis-2.17.so
7ffadcf62000-7ffadcf63000 r--p 0000a000 08:01 8130416                    /lib/x86_64-linux-gnu/libnss_nis-2.17.so
7ffadcf63000-7ffadcf64000 rw-p 0000b000 08:01 8130416                    /lib/x86_64-linux-gnu/libnss_nis-2.17.so
7ffadcf64000-7ffadcf7b000 r-xp 00000000 08:01 8130406                    /lib/x86_64-linux-gnu/libnsl-2.17.so
7ffadcf7b000-7ffadd17a000 ---p 00017000 08:01 8130406                    /lib/x86_64-linux-gnu/libnsl-2.17.so
7ffadd17a000-7ffadd17b000 r--p 00016000 08:01 8130406                    /lib/x86_64-linux-gnu/libnsl-2.17.so
7ffadd17b000-7ffadd17c000 rw-p 00017000 08:01 8130406                    /lib/x86_64-linux-gnu/libnsl-2.17.so
7ffadd17c000-7ffadd17e000 rw-p 00000000 00:00 0 
7ffadd17e000-7ffadd186000 r-xp 00000000 08:01 8130408                    /lib/x86_64-linux-gnu/libnss_compat-2.17.so
7ffadd186000-7ffadd385000 ---p 00008000 08:01 8130408                    /lib/x86_64-linux-gnu/libnss_compat-2.17.so
7ffadd385000-7ffadd386000 r--p 00007000 08:01 8130408                    /lib/x86_64-linux-gnu/libnss_compat-2.17.so
7ffadd386000-7ffadd387000 rw-p 00008000 08:01 8130408                    /lib/x86_64-linux-gnu/libnss_compat-2.17.so
7ffadd387000-7ffadd3b2000 r-xp 00000000 08:01 15860951                   /usr/lib/jvm/java-7-openjdk-amd64/jre/lib/amd64/libjava.so
7ffadd3b2000-7ffadd5b1000 ---p 0002b000 08:01 15860951                   /usr/lib/jvm/java-7-openjdk-amd64/jre/lib/amd64/libjava.so
7ffadd5b1000-7ffadd5b2000 r--p 0002a000 08:01 15860951                   /usr/lib/jvm/java-7-openjdk-amd64/jre/lib/amd64/libjava.so
7ffadd5b2000-7ffadd5b4000 rw-p 0002b000 08:01 15860951                   /usr/lib/jvm/java-7-openjdk-amd64/jre/lib/amd64/libjava.so
7ffadd5b4000-7ffadd5c4000 r-xp 00000000 08:01 15861265                   /usr/lib/jvm/java-7-openjdk-amd64/jre/lib/amd64/libverify.so
7ffadd5c4000-7ffadd7c3000 ---p 00010000 08:01 15861265                   /usr/lib/jvm/java-7-openjdk-amd64/jre/lib/amd64/libverify.so
7ffadd7c3000-7ffadd7c5000 r--p 0000f000 08:01 15861265                   /usr/lib/jvm/java-7-openjdk-amd64/jre/lib/amd64/libverify.so
7ffadd7c5000-7ffadd7c6000 rw-p 00011000 08:01 15861265                   /usr/lib/jvm/java-7-openjdk-amd64/jre/lib/amd64/libverify.so
7ffadd7c6000-7ffadd7cd000 r-xp 00000000 08:01 8130459                    /lib/x86_64-linux-gnu/librt-2.17.so
7ffadd7cd000-7ffadd9cc000 ---p 00007000 08:01 8130459                    /lib/x86_64-linux-gnu/librt-2.17.so
7ffadd9cc000-7ffadd9cd000 r--p 00006000 08:01 8130459                    /lib/x86_64-linux-gnu/librt-2.17.so
7ffadd9cd000-7ffadd9ce000 rw-p 00007000 08:01 8130459                    /lib/x86_64-linux-gnu/librt-2.17.so
7ffadd9ce000-7ffadd9d1000 ---p 00000000 00:00 0 
7ffadd9d1000-7ffaddbcf000 rw-p 00000000 00:00 0                          [stack:15678]
7ffaddbcf000-7ffaddbe4000 r-xp 00000000 08:01 8126477                    /lib/x86_64-linux-gnu/libgcc_s.so.1
7ffaddbe4000-7ffaddde3000 ---p 00015000 08:01 8126477                    /lib/x86_64-linux-gnu/libgcc_s.so.1
7ffaddde3000-7ffaddde4000 r--p 00014000 08:01 8126477                    /lib/x86_64-linux-gnu/libgcc_s.so.1
7ffaddde4000-7ffaddde5000 rw-p 00015000 08:01 8126477                    /lib/x86_64-linux-gnu/libgcc_s.so.1
7ffaddde5000-7ffaddee8000 r-xp 00000000 08:01 8130387                    /lib/x86_64-linux-gnu/libm-2.17.so
7ffaddee8000-7ffade0e7000 ---p 00103000 08:01 8130387                    /lib/x86_64-linux-gnu/libm-2.17.so
7ffade0e7000-7ffade0e8000 r--p 00102000 08:01 8130387                    /lib/x86_64-linux-gnu/libm-2.17.so
7ffade0e8000-7ffade0e9000 rw-p 00103000 08:01 8130387                    /lib/x86_64-linux-gnu/libm-2.17.so
7ffade0e9000-7ffade1cf000 r-xp 00000000 08:01 15729831                   /usr/lib/x86_64-linux-gnu/libstdc++.so.6.0.18
7ffade1cf000-7ffade3ce000 ---p 000e6000 08:01 15729831                   /usr/lib/x86_64-linux-gnu/libstdc++.so.6.0.18
7ffade3ce000-7ffade3d6000 r--p 000e5000 08:01 15729831                   /usr/lib/x86_64-linux-gnu/libstdc++.so.6.0.18
7ffade3d6000-7ffade3d8000 rw-p 000ed000 08:01 15729831                   /usr/lib/x86_64-linux-gnu/libstdc++.so.6.0.18
7ffade3d8000-7ffade3ed000 rw-p 00000000 00:00 0 
7ffade3ed000-7ffadeecc000 r-xp 00000000 08:01 15861284                   /usr/lib/jvm/java-7-openjdk-amd64/jre/lib/amd64/server/libjvm.so
7ffadeecc000-7ffadf0cb000 ---p 00adf000 08:01 15861284                   /usr/lib/jvm/java-7-openjdk-amd64/jre/lib/amd64/server/libjvm.so
7ffadf0cb000-7ffadf15d000 r--p 00ade000 08:01 15861284                   /usr/lib/jvm/java-7-openjdk-amd64/jre/lib/amd64/server/libjvm.so
7ffadf15d000-7ffadf180000 rw-p 00b70000 08:01 15861284                   /usr/lib/jvm/java-7-openjdk-amd64/jre/lib/amd64/server/libjvm.so
7ffadf180000-7ffadf1ad000 rw-p 00000000 00:00 0 
7ffadf1ad000-7ffadf1c5000 r-xp 00000000 08:01 8130494                    /lib/x86_64-linux-gnu/libz.so.1.2.8
7ffadf1c5000-7ffadf3c4000 ---p 00018000 08:01 8130494                    /lib/x86_64-linux-gnu/libz.so.1.2.8
7ffadf3c4000-7ffadf3c5000 r--p 00017000 08:01 8130494                    /lib/x86_64-linux-gnu/libz.so.1.2.8
7ffadf3c5000-7ffadf3c6000 rw-p 00018000 08:01 8130494                    /lib/x86_64-linux-gnu/libz.so.1.2.8
7ffadf3c6000-7ffadf3dd000 r-xp 00000000 08:01 8130451                    /lib/x86_64-linux-gnu/libpthread-2.17.so
7ffadf3dd000-7ffadf5dd000 ---p 00017000 08:01 8130451                    /lib/x86_64-linux-gnu/libpthread-2.17.so
7ffadf5dd000-7ffadf5de000 r--p 00017000 08:01 8130451                    /lib/x86_64-linux-gnu/libpthread-2.17.so
7ffadf5de000-7ffadf5df000 rw-p 00018000 08:01 8130451                    /lib/x86_64-linux-gnu/libpthread-2.17.so
7ffadf5df000-7ffadf5e3000 rw-p 00000000 00:00 0 
7ffadf5e3000-7ffadf5e6000 r-xp 00000000 08:01 8130351                    /lib/x86_64-linux-gnu/libdl-2.17.so
7ffadf5e6000-7ffadf7e5000 ---p 00003000 08:01 8130351                    /lib/x86_64-linux-gnu/libdl-2.17.so
7ffadf7e5000-7ffadf7e6000 r--p 00002000 08:01 8130351                    /lib/x86_64-linux-gnu/libdl-2.17.so
7ffadf7e6000-7ffadf7e7000 rw-p 00003000 08:01 8130351                    /lib/x86_64-linux-gnu/libdl-2.17.so
7ffadf7e7000-7ffadf9a4000 r-xp 00000000 08:01 8130336                    /lib/x86_64-linux-gnu/libc-2.17.so
7ffadf9a4000-7ffadfba4000 ---p 001bd000 08:01 8130336                    /lib/x86_64-linux-gnu/libc-2.17.so
7ffadfba4000-7ffadfba8000 r--p 001bd000 08:01 8130336                    /lib/x86_64-linux-gnu/libc-2.17.so
7ffadfba8000-7ffadfbaa000 rw-p 001c1000 08:01 8130336                    /lib/x86_64-linux-gnu/libc-2.17.so
7ffadfbaa000-7ffadfbaf000 rw-p 00000000 00:00 0 
7ffadfbaf000-7ffadfbbc000 r-xp 00000000 08:01 15861291                   /usr/lib/jvm/java-7-openjdk-amd64/jre/lib/amd64/jli/libjli.so
7ffadfbbc000-7ffadfdbb000 ---p 0000d000 08:01 15861291                   /usr/lib/jvm/java-7-openjdk-amd64/jre/lib/amd64/jli/libjli.so
7ffadfdbb000-7ffadfdbc000 r--p 0000c000 08:01 15861291                   /usr/lib/jvm/java-7-openjdk-amd64/jre/lib/amd64/jli/libjli.so
7ffadfdbc000-7ffadfdbd000 rw-p 0000d000 08:01 15861291                   /usr/lib/jvm/java-7-openjdk-amd64/jre/lib/amd64/jli/libjli.so
7ffadfdbd000-7ffadfde0000 r-xp 00000000 08:01 8130312                    /lib/x86_64-linux-gnu/ld-2.17.so
7ffadfde0000-7ffadfde5000 r--s 0004c000 08:01 15861296                   /usr/lib/jvm/java-7-openjdk-amd64/jre/lib/jsse.jar
7ffadfde5000-7ffadfe13000 rw-p 00000000 00:00 0 
7ffadfe13000-7ffadfe59000 rw-p 00000000 00:00 0 
7ffadfe59000-7ffadfe6c000 rw-p 00000000 00:00 0 
7ffadfe6c000-7ffadff00000 rw-p 00000000 00:00 0 
7ffadff00000-7ffadff0a000 rw-p 00000000 00:00 0 
7ffadff0a000-7ffadffc0000 rw-p 00000000 00:00 0 
7ffadffc0000-7ffadffd3000 rw-p 00000000 00:00 0 
7ffadffd3000-7ffadffdb000 rw-s 00000000 08:01 5767459                    /tmp/hsperfdata_alex/15653
7ffadffdb000-7ffadffdc000 rw-p 00000000 00:00 0 
7ffadffdc000-7ffadffdd000 r--p 00000000 00:00 0 
7ffadffdd000-7ffadffdf000 rw-p 00000000 00:00 0 
7ffadffdf000-7ffadffe0000 r--p 00022000 08:01 8130312                    /lib/x86_64-linux-gnu/ld-2.17.so
7ffadffe0000-7ffadffe2000 rw-p 00023000 08:01 8130312                    /lib/x86_64-linux-gnu/ld-2.17.so
7fff0dafd000-7fff0db1e000 rw-p 00000000 00:00 0                          [stack]
7fff0dbfe000-7fff0dc00000 r-xp 00000000 00:00 0                          [vdso]
ffffffffff600000-ffffffffff601000 r-xp 00000000 00:00 0                  [vsyscall]

VM Arguments:
jvm_args: -Djdk.home= -Djruby.home=/home/alex/.rbenv/versions/jruby-1.7.10 -Djruby.script=jruby -Djruby.shell=/bin/sh -Djffi.boot.library.path=/home/alex/.rbenv/versions/jruby-1.7.10/lib/jni:/home/alex/.rbenv/versions/jruby-1.7.10/lib/jni/i386-Linux:/home/alex/.rbenv/versions/jruby-1.7.10/lib/jni/arm-Linux:/home/alex/.rbenv/versions/jruby-1.7.10/lib/jni/x86_64-Linux -Xmx500m -Xss2048k -Xbootclasspath/a:/home/alex/.rbenv/versions/jruby-1.7.10/lib/jruby.jar 
java_command: org/jruby/Main Makefile.rb clean compile test clean
Launcher Type: SUN_STANDARD

Environment Variables:
PATH=/home/alex/.rbenv/versions/jruby-1.7.10/bin:/home/alex/.rbenv/libexec:/home/alex/.rbenv/plugins/ruby-build/bin:/home/alex/.rbenv/shims:~/.rbenv/bin:~/.rbenv/bin:/usr/local/sbin:/usr/local/bin:/usr/sbin:/usr/bin:/sbin:/bin:/usr/games:/usr/local/games
USERNAME=alex
SHELL=/bin/bash
DISPLAY=:0

Signal Handlers:
SIGSEGV: [libjvm.so+0x916ea0], sa_mask[0]=0x7ffbfeff, sa_flags=0x10000004
SIGBUS: [libjvm.so+0x916ea0], sa_mask[0]=0x7ffbfeff, sa_flags=0x10000004
SIGFPE: [libjvm.so+0x794800], sa_mask[0]=0x7ffbfeff, sa_flags=0x10000004
SIGPIPE: [libjvm.so+0x794800], sa_mask[0]=0x7ffbfeff, sa_flags=0x10000004
SIGXFSZ: [libjvm.so+0x794800], sa_mask[0]=0x7ffbfeff, sa_flags=0x10000004
SIGILL: [libjvm.so+0x794800], sa_mask[0]=0x7ffbfeff, sa_flags=0x10000004
SIGUSR1: SIG_DFL, sa_mask[0]=0x00000000, sa_flags=0x00000000
SIGUSR2: [libjvm.so+0x7946a0], sa_mask[0]=0x00000000, sa_flags=0x10000004
SIGHUP: [libjvm.so+0x794880], sa_mask[0]=0x7ffbfeff, sa_flags=0x10000004
SIGINT: [libjvm.so+0x794880], sa_mask[0]=0x7ffbfeff, sa_flags=0x10000004
SIGTERM: [libjvm.so+0x794880], sa_mask[0]=0x7ffbfeff, sa_flags=0x10000004
SIGQUIT: [libjvm.so+0x794880], sa_mask[0]=0x7ffbfeff, sa_flags=0x10000004


---------------  S Y S T E M  ---------------

OS:LinuxMint 16 (petra)
uname:Linux 3.11.0-12-generic #19-Ubuntu SMP Wed Oct 9 16:20:46 UTC 2013 x86_64
libc:glibc 2.17 NPTL 2.17 
rlimit: STACK 8192k, CORE 0k, NPROC 28798, NOFILE 4096, AS infinity
load average:0,69 0,55 0,46

/proc/meminfo:
MemTotal:        3715476 kB
MemFree:         1633224 kB
Buffers:           68620 kB
Cached:          1111444 kB
SwapCached:           28 kB
Active:          1152456 kB
Inactive:         743772 kB
Active(anon):     606068 kB
Inactive(anon):   317492 kB
Active(file):     546388 kB
Inactive(file):   426280 kB
Unevictable:          44 kB
Mlocked:              44 kB
SwapTotal:       3856380 kB
SwapFree:        3855740 kB
Dirty:               428 kB
Writeback:             0 kB
AnonPages:        716012 kB
Mapped:           185540 kB
Shmem:            207396 kB
Slab:             109568 kB
SReclaimable:      82356 kB
SUnreclaim:        27212 kB
KernelStack:        3608 kB
PageTables:        25492 kB
NFS_Unstable:          0 kB
Bounce:                0 kB
WritebackTmp:          0 kB
CommitLimit:     5714116 kB
Committed_AS:    3071300 kB
VmallocTotal:   34359738367 kB
VmallocUsed:      414940 kB
VmallocChunk:   34359311484 kB
HardwareCorrupted:     0 kB
AnonHugePages:         0 kB
HugePages_Total:       0
HugePages_Free:        0
HugePages_Rsvd:        0
HugePages_Surp:        0
Hugepagesize:       2048 kB
DirectMap4k:       56528 kB
DirectMap2M:     3801088 kB


CPU:total 4 (2 cores per cpu, 2 threads per core) family 6 model 37 stepping 5, cmov, cx8, fxsr, mmx, sse, sse2, sse3, ssse3, sse4.1, sse4.2, popcnt, ht, tsc, tscinvbit

/proc/cpuinfo:
processor	: 0
vendor_id	: GenuineIntel
cpu family	: 6
model		: 37
model name	: Intel(R) Core(TM) i3 CPU       M 380  @ 2.53GHz
stepping	: 5
microcode	: 0x2
cpu MHz		: 933.000
cache size	: 3072 KB
physical id	: 0
siblings	: 4
core id		: 0
cpu cores	: 2
apicid		: 0
initial apicid	: 0
fpu		: yes
fpu_exception	: yes
cpuid level	: 11
wp		: yes
flags		: fpu vme de pse tsc msr pae mce cx8 apic sep mtrr pge mca cmov pat pse36 clflush dts acpi mmx fxsr sse sse2 ss ht tm pbe syscall nx rdtscp lm constant_tsc arch_perfmon pebs bts rep_good nopl xtopology nonstop_tsc aperfmperf pni dtes64 monitor ds_cpl vmx est tm2 ssse3 cx16 xtpr pdcm pcid sse4_1 sse4_2 popcnt lahf_lm arat dtherm tpr_shadow vnmi flexpriority ept vpid
bogomips	: 5054.41
clflush size	: 64
cache_alignment	: 64
address sizes	: 36 bits physical, 48 bits virtual
power management:

processor	: 1
vendor_id	: GenuineIntel
cpu family	: 6
model		: 37
model name	: Intel(R) Core(TM) i3 CPU       M 380  @ 2.53GHz
stepping	: 5
microcode	: 0x2
cpu MHz		: 933.000
cache size	: 3072 KB
physical id	: 0
siblings	: 4
core id		: 0
cpu cores	: 2
apicid		: 1
initial apicid	: 1
fpu		: yes
fpu_exception	: yes
cpuid level	: 11
wp		: yes
flags		: fpu vme de pse tsc msr pae mce cx8 apic sep mtrr pge mca cmov pat pse36 clflush dts acpi mmx fxsr sse sse2 ss ht tm pbe syscall nx rdtscp lm constant_tsc arch_perfmon pebs bts rep_good nopl xtopology nonstop_tsc aperfmperf pni dtes64 monitor ds_cpl vmx est tm2 ssse3 cx16 xtpr pdcm pcid sse4_1 sse4_2 popcnt lahf_lm arat dtherm tpr_shadow vnmi flexpriority ept vpid
bogomips	: 5054.41
clflush size	: 64
cache_alignment	: 64
address sizes	: 36 bits physical, 48 bits virtual
power management:

processor	: 2
vendor_id	: GenuineIntel
cpu family	: 6
model		: 37
model name	: Intel(R) Core(TM) i3 CPU       M 380  @ 2.53GHz
stepping	: 5
microcode	: 0x2
cpu MHz		: 933.000
cache size	: 3072 KB
physical id	: 0
siblings	: 4
core id		: 2
cpu cores	: 2
apicid		: 4
initial apicid	: 4
fpu		: yes
fpu_exception	: yes
cpuid level	: 11
wp		: yes
flags		: fpu vme de pse tsc msr pae mce cx8 apic sep mtrr pge mca cmov pat pse36 clflush dts acpi mmx fxsr sse sse2 ss ht tm pbe syscall nx rdtscp lm constant_tsc arch_perfmon pebs bts rep_good nopl xtopology nonstop_tsc aperfmperf pni dtes64 monitor ds_cpl vmx est tm2 ssse3 cx16 xtpr pdcm pcid sse4_1 sse4_2 popcnt lahf_lm arat dtherm tpr_shadow vnmi flexpriority ept vpid
bogomips	: 5054.41
clflush size	: 64
cache_alignment	: 64
address sizes	: 36 bits physical, 48 bits virtual
power management:

processor	: 3
vendor_id	: GenuineIntel
cpu family	: 6
model		: 37
model name	: Intel(R) Core(TM) i3 CPU       M 380  @ 2.53GHz
stepping	: 5
microcode	: 0x2
cpu MHz		: 933.000
cache size	: 3072 KB
physical id	: 0
siblings	: 4
core id		: 2
cpu cores	: 2
apicid		: 5
initial apicid	: 5
fpu		: yes
fpu_exception	: yes
cpuid level	: 11
wp		: yes
flags		: fpu vme de pse tsc msr pae mce cx8 apic sep mtrr pge mca cmov pat pse36 clflush dts acpi mmx fxsr sse sse2 ss ht tm pbe syscall nx rdtscp lm constant_tsc arch_perfmon pebs bts rep_good nopl xtopology nonstop_tsc aperfmperf pni dtes64 monitor ds_cpl vmx est tm2 ssse3 cx16 xtpr pdcm pcid sse4_1 sse4_2 popcnt lahf_lm arat dtherm tpr_shadow vnmi flexpriority ept vpid
bogomips	: 5054.41
clflush size	: 64
cache_alignment	: 64
address sizes	: 36 bits physical, 48 bits virtual
power management:



Memory: 4k page, physical 3715476k(1633224k free), swap 3856380k(3855740k free)

vm_info: OpenJDK 64-Bit Server VM (24.45-b08) for linux-amd64 JRE (1.7.0_51-b00), built on Jan 15 2014 22:02:57 by "buildd" with gcc 4.8.1

time: Mon Apr 21 20:35:37 2014
elapsed time: 9 seconds

